13-18-26

13-19-50

13-20-31

Hits@1: 89.98%
Hits@10: 95.68%
Hits@50: 96.60%
Hits@100: 96.98%
MRR: 0.920592703628
13-22-05

Hits@1: 90.04%
Hits@10: 95.75%
Hits@50: 96.66%
Hits@100: 97.03%
MRR: 0.921185615323
13-22-58

Hits@1: 89.11%
Hits@10: 95.70%
Hits@50: 96.69%
Hits@100: 97.06%
MRR: 0.915534001979
13-23-52

Hits@1: 84.87%
Hits@10: 94.29%
Hits@50: 96.43%
Hits@100: 97.00%
MRR: 0.883343562675
13-24-46

Hits@1: 78.94%
Hits@10: 89.99%
Hits@50: 93.44%
Hits@100: 94.83%
MRR: 0.829289432129
13-25-40

Hits@1: 73.10%
Hits@10: 84.77%
Hits@50: 89.33%
Hits@100: 90.91%
MRR: 0.772503937798
13-27-32

Hits@1: 67.70%
Hits@10: 79.59%
Hits@50: 84.08%
Hits@100: 85.98%
MRR: 0.71881632665
13-28-25

Hits@1: 62.66%
Hits@10: 74.54%
Hits@50: 79.41%
Hits@100: 81.31%
MRR: 0.66853223016
13-29-18

Hits@1: 58.40%
Hits@10: 70.42%
Hits@50: 75.39%
Hits@100: 77.37%
MRR: 0.625980640756
13-30-12

Hits@1: 55.30%
Hits@10: 67.22%
Hits@50: 72.56%
Hits@100: 74.66%
MRR: 0.594680839343
13-31-05

Hits@1: 52.56%
Hits@10: 64.93%
Hits@50: 70.39%
Hits@100: 72.69%
MRR: 0.569395521271
13-32-58

Hits@1: 50.82%
Hits@10: 63.41%
Hits@50: 69.34%
Hits@100: 71.49%
MRR: 0.552583234672
13-33-52

Hits@1: 49.30%
Hits@10: 61.84%
Hits@50: 68.22%
Hits@100: 70.68%
MRR: 0.53698570578
13-34-46

Hits@1: 47.77%
Hits@10: 60.53%
Hits@50: 67.23%
Hits@100: 69.80%
MRR: 0.522909724923
13-35-39

Hits@1: 46.60%
Hits@10: 59.71%
Hits@50: 66.57%
Hits@100: 69.50%
MRR: 0.511395211891
13-36-33

Hits@1: 45.47%
Hits@10: 59.03%
Hits@50: 66.21%
Hits@100: 69.42%
MRR: 0.501638534651
13-38-24

Hits@1: 44.76%
Hits@10: 58.55%
Hits@50: 66.08%
Hits@100: 69.49%
MRR: 0.495394797283
13-39-18

Hits@1: 43.98%
Hits@10: 57.85%
Hits@50: 65.79%
Hits@100: 69.47%
MRR: 0.487778948183
13-40-12

Hits@1: 43.28%
Hits@10: 57.34%
Hits@50: 65.75%
Hits@100: 69.67%
MRR: 0.481111612956
13-41-05

Hits@1: 42.72%
Hits@10: 56.95%
Hits@50: 65.65%
Hits@100: 69.45%
MRR: 0.476535085988
13-41-59

Hits@1: 42.31%
Hits@10: 56.69%
Hits@50: 65.66%
Hits@100: 69.66%
MRR: 0.472560220707
13-43-53

Hits@1: 42.02%
Hits@10: 56.48%
Hits@50: 65.90%
Hits@100: 69.93%
MRR: 0.470084893175
13-44-46

Hits@1: 41.81%
Hits@10: 56.28%
Hits@50: 65.99%
Hits@100: 70.25%
MRR: 0.467794774271
13-45-40

Hits@1: 41.60%
Hits@10: 56.14%
Hits@50: 66.08%
Hits@100: 70.55%
MRR: 0.465877349918
13-46-34

Hits@1: 41.30%
Hits@10: 56.02%
Hits@50: 66.26%
Hits@100: 70.70%
MRR: 0.46348311792
13-47-27

Hits@1: 40.93%
Hits@10: 55.70%
Hits@50: 66.35%
Hits@100: 71.01%
MRR: 0.460601698868
13-49-22

Hits@1: 40.68%
Hits@10: 55.72%
Hits@50: 66.71%
Hits@100: 71.24%
MRR: 0.45900074851
13-50-16

Hits@1: 40.63%
Hits@10: 55.67%
Hits@50: 66.90%
Hits@100: 71.39%
MRR: 0.458407463307
13-51-11

Hits@1: 40.44%
Hits@10: 55.59%
Hits@50: 67.07%
Hits@100: 71.54%
MRR: 0.45684651961
13-52-07

Hits@1: 40.20%
Hits@10: 55.58%
Hits@50: 67.15%
Hits@100: 71.60%
MRR: 0.455389432031
13-53-01

Hits@1: 40.04%
Hits@10: 55.47%
Hits@50: 67.30%
Hits@100: 71.79%
MRR: 0.453866030547
13-54-56

Hits@1: 40.04%
Hits@10: 55.53%
Hits@50: 67.33%
Hits@100: 72.03%
MRR: 0.453786438009
13-55-50

Hits@1: 40.02%
Hits@10: 55.45%
Hits@50: 67.47%
Hits@100: 72.15%
MRR: 0.453649308008
13-56-43

Hits@1: 40.00%
Hits@10: 55.48%
Hits@50: 67.60%
Hits@100: 72.27%
MRR: 0.453379745601
13-57-37

Hits@1: 39.90%
Hits@10: 55.32%
Hits@50: 67.71%
Hits@100: 72.43%
MRR: 0.452594068712
13-58-31

Hits@1: 39.74%
Hits@10: 55.26%
Hits@50: 67.61%
Hits@100: 72.58%
MRR: 0.451580137071
14-00-24

Hits@1: 39.62%
Hits@10: 55.27%
Hits@50: 67.70%
Hits@100: 72.70%
MRR: 0.450630828514
14-01-17

Hits@1: 39.66%
Hits@10: 55.29%
Hits@50: 67.65%
Hits@100: 72.80%
MRR: 0.450749883899
14-02-10

Hits@1: 39.48%
Hits@10: 55.25%
Hits@50: 67.61%
Hits@100: 72.94%
MRR: 0.449415423343
14-03-02

Hits@1: 39.53%
Hits@10: 55.24%
Hits@50: 67.55%
Hits@100: 72.92%
MRR: 0.449386331926
14-03-55

Hits@1: 39.42%
Hits@10: 55.19%
Hits@50: 67.55%
Hits@100: 72.97%
MRR: 0.44884284171
14-05-46

Hits@1: 39.46%
Hits@10: 55.09%
Hits@50: 67.64%
Hits@100: 73.01%
MRR: 0.449139391169
14-06-39

Hits@1: 39.31%
Hits@10: 55.06%
Hits@50: 67.51%
Hits@100: 73.01%
MRR: 0.448136635781
14-07-32

Hits@1: 39.32%
Hits@10: 55.00%
Hits@50: 67.55%
Hits@100: 73.07%
MRR: 0.447748478269
14-08-25

Hits@1: 39.34%
Hits@10: 55.00%
Hits@50: 67.48%
Hits@100: 72.99%
MRR: 0.447775032039
14-09-18

Hits@1: 39.33%
Hits@10: 54.90%
Hits@50: 67.37%
Hits@100: 73.01%
MRR: 0.447590522871
14-11-10

Hits@1: 39.30%
Hits@10: 54.87%
Hits@50: 67.39%
Hits@100: 72.98%
MRR: 0.447226835527
14-12-03

Hits@1: 35.98%
Hits@10: 52.94%
Hits@50: 66.04%
Hits@100: 71.37%
MRR: 0.418460772099
14-13-33

Hits@1: 38.78%
Hits@10: 56.11%
Hits@50: 68.52%
Hits@100: 73.74%
MRR: 0.447814535252
14-14-59

Hits@1: 40.38%
Hits@10: 57.56%
Hits@50: 69.95%
Hits@100: 75.13%
MRR: 0.463063880786
14-16-25

Hits@1: 41.39%
Hits@10: 58.39%
Hits@50: 70.59%
Hits@100: 76.23%
MRR: 0.473110103615
14-19-05

Hits@1: 41.53%
Hits@10: 58.70%
Hits@50: 70.92%
Hits@100: 76.30%
MRR: 0.475783447109
14-20-31

Hits@1: 42.00%
Hits@10: 58.82%
Hits@50: 70.81%
Hits@100: 76.16%
MRR: 0.478756219347
14-21-57

Hits@1: 42.03%
Hits@10: 58.75%
Hits@50: 70.67%
Hits@100: 75.82%
MRR: 0.47832091311
14-23-23

Hits@1: 41.93%
Hits@10: 58.57%
Hits@50: 70.30%
Hits@100: 75.37%
MRR: 0.477009205743
14-24-48

Hits@1: 41.74%
Hits@10: 58.32%
Hits@50: 69.96%
Hits@100: 74.96%
MRR: 0.475015723647
14-27-28

Hits@1: 41.81%
Hits@10: 58.03%
Hits@50: 69.63%
Hits@100: 74.69%
MRR: 0.474222244818
14-28-55

Hits@1: 41.66%
Hits@10: 57.68%
Hits@50: 69.23%
Hits@100: 74.16%
MRR: 0.47229090073
14-30-23

Hits@1: 41.51%
Hits@10: 57.45%
Hits@50: 68.85%
Hits@100: 73.74%
MRR: 0.470388825565
14-31-50

Hits@1: 41.30%
Hits@10: 57.21%
Hits@50: 68.49%
Hits@100: 73.28%
MRR: 0.468174521056
14-33-18

Hits@1: 41.24%
Hits@10: 56.93%
Hits@50: 68.11%
Hits@100: 72.98%
MRR: 0.466737529475
14-35-57

Hits@1: 41.13%
Hits@10: 56.60%
Hits@50: 67.82%
Hits@100: 72.63%
MRR: 0.465179304581
14-37-22

Hits@1: 40.97%
Hits@10: 56.29%
Hits@50: 67.42%
Hits@100: 72.22%
MRR: 0.463255992942
14-38-48

Hits@1: 40.72%
Hits@10: 56.04%
Hits@50: 67.16%
Hits@100: 71.95%
MRR: 0.460660838248
14-40-14

Hits@1: 40.56%
Hits@10: 55.72%
Hits@50: 66.88%
Hits@100: 71.77%
MRR: 0.458760299191
14-41-40

Hits@1: 40.45%
Hits@10: 55.41%
Hits@50: 66.65%
Hits@100: 71.44%
MRR: 0.457182947763
14-44-19

Hits@1: 40.39%
Hits@10: 55.24%
Hits@50: 66.35%
Hits@100: 71.18%
MRR: 0.456221918978
14-45-45

Hits@1: 40.29%
Hits@10: 55.02%
Hits@50: 66.14%
Hits@100: 70.80%
MRR: 0.45457558446
14-47-11

Hits@1: 40.10%
Hits@10: 54.72%
Hits@50: 65.97%
Hits@100: 70.64%
MRR: 0.452917765344
14-48-37

Hits@1: 39.90%
Hits@10: 54.56%
Hits@50: 65.75%
Hits@100: 70.34%
MRR: 0.451174883618
14-50-03

Hits@1: 39.89%
Hits@10: 54.40%
Hits@50: 65.54%
Hits@100: 70.15%
MRR: 0.450622736378
14-52-42

Hits@1: 39.82%
Hits@10: 54.29%
Hits@50: 65.42%
Hits@100: 70.09%
MRR: 0.449814859241
14-54-08

Hits@1: 39.81%
Hits@10: 54.20%
Hits@50: 65.26%
Hits@100: 69.98%
MRR: 0.449470020421
14-55-33

Hits@1: 39.87%
Hits@10: 54.23%
Hits@50: 65.23%
Hits@100: 69.91%
MRR: 0.449515867949
14-57-00

Hits@1: 39.81%
Hits@10: 54.19%
Hits@50: 65.06%
Hits@100: 69.85%
MRR: 0.448769846502
14-58-31

Hits@1: 39.79%
Hits@10: 54.10%
Hits@50: 65.09%
Hits@100: 69.78%
MRR: 0.448740255219
15-01-17

Hits@1: 39.69%
Hits@10: 54.03%
Hits@50: 64.99%
Hits@100: 69.70%
MRR: 0.447898326445
15-02-45

Hits@1: 39.68%
Hits@10: 54.00%
Hits@50: 64.92%
Hits@100: 69.67%
MRR: 0.447784608302
15-04-16

Hits@1: 39.67%
Hits@10: 53.95%
Hits@50: 64.91%
Hits@100: 69.62%
MRR: 0.447531382426
15-05-46

15-06-21

*********************logs/dbp_wd_15k_V1*********************
loading a file...data/dbp_wd_15k_V1/ent_ids_1
loading a file...data/dbp_wd_15k_V1/ent_ids_2
loading a file...data/dbp_wd_15k_V1/ref_ent_ids
loading a file...data/dbp_wd_15k_V1/ref_r_ids
loading a file...data/dbp_wd_15k_V1/triples_1
loading a file...data/dbp_wd_15k_V1/triples_2
adding the primal input layer...
getting a sparse tensor...
calculate preliminary entity representations
adding a diag layer...
adding a diag layer...
calculate relation representations
calculate joint entity representations
getting loss...
getting loss...
initializing...
running...
detect coincidence
For each left:
Hits@1: 82.85%
Hits@10: 90.07%
Hits@50: 92.01%
Hits@100: 92.74%
MRR: 0.853568884768
1/300 epochs...
2/300 epochs...
3/300 epochs...
4/300 epochs...
5/300 epochs...
6/300 epochs...
7/300 epochs...
8/300 epochs...
9/300 epochs...
10/300 epochs...
For each left:
Hits@1: 82.99%
Hits@10: 90.02%
Hits@50: 91.95%
Hits@100: 92.65%
MRR: 0.854384209796
11/300 epochs...
12/300 epochs...
13/300 epochs...
14/300 epochs...
15/300 epochs...
16/300 epochs...
17/300 epochs...
18/300 epochs...
19/300 epochs...
20/300 epochs...
For each left:
Hits@1: 82.98%
Hits@10: 90.03%
Hits@50: 91.93%
Hits@100: 92.63%
MRR: 0.854531274891
21/300 epochs...
22/300 epochs...
23/300 epochs...
24/300 epochs...
25/300 epochs...
26/300 epochs...
27/300 epochs...
28/300 epochs...
29/300 epochs...
30/300 epochs...
For each left:
Hits@1: 83.15%
Hits@10: 90.03%
Hits@50: 91.90%
Hits@100: 92.65%
MRR: 0.855848153305
31/300 epochs...
32/300 epochs...
33/300 epochs...
34/300 epochs...
35/300 epochs...
36/300 epochs...
37/300 epochs...
38/300 epochs...
39/300 epochs...
40/300 epochs...
For each left:
Hits@1: 83.15%
Hits@10: 90.01%
Hits@50: 91.90%
Hits@100: 92.64%
MRR: 0.855736392316
41/300 epochs...
42/300 epochs...
43/300 epochs...
44/300 epochs...
45/300 epochs...
46/300 epochs...
47/300 epochs...
48/300 epochs...
49/300 epochs...
50/300 epochs...
For each left:
Hits@1: 83.24%
Hits@10: 89.99%
Hits@50: 91.89%
Hits@100: 92.62%
MRR: 0.856326543614
51/300 epochs...
52/300 epochs...
53/300 epochs...
54/300 epochs...
55/300 epochs...
56/300 epochs...
57/300 epochs...
58/300 epochs...
59/300 epochs...
60/300 epochs...
For each left:
Hits@1: 83.18%
Hits@10: 90.01%
Hits@50: 91.80%
Hits@100: 92.57%
MRR: 0.856119655082
61/300 epochs...
62/300 epochs...
63/300 epochs...
64/300 epochs...
65/300 epochs...
66/300 epochs...
67/300 epochs...
68/300 epochs...
69/300 epochs...
70/300 epochs...
For each left:
Hits@1: 83.10%
Hits@10: 89.93%
Hits@50: 91.77%
Hits@100: 92.48%
MRR: 0.855653911343
71/300 epochs...
72/300 epochs...
73/300 epochs...
74/300 epochs...
75/300 epochs...
76/300 epochs...
77/300 epochs...
78/300 epochs...
79/300 epochs...
80/300 epochs...
For each left:
Hits@1: 83.10%
Hits@10: 89.91%
Hits@50: 91.72%
Hits@100: 92.41%
MRR: 0.855784974906
81/300 epochs...
82/300 epochs...
83/300 epochs...
84/300 epochs...
85/300 epochs...
86/300 epochs...
87/300 epochs...
88/300 epochs...
89/300 epochs...
90/300 epochs...
For each left:
Hits@1: 83.15%
Hits@10: 89.97%
Hits@50: 91.71%
Hits@100: 92.36%
MRR: 0.856065539884
91/300 epochs...
92/300 epochs...
93/300 epochs...
94/300 epochs...
95/300 epochs...
96/300 epochs...
97/300 epochs...
98/300 epochs...
99/300 epochs...
100/300 epochs...
For each left:
Hits@1: 82.97%
Hits@10: 89.96%
Hits@50: 91.69%
Hits@100: 92.36%
MRR: 0.855031504971
101/300 epochs...
102/300 epochs...
103/300 epochs...
104/300 epochs...
105/300 epochs...
106/300 epochs...
107/300 epochs...
108/300 epochs...
109/300 epochs...
110/300 epochs...
For each left:
Hits@1: 82.87%
Hits@10: 90.00%
Hits@50: 91.67%
Hits@100: 92.34%
MRR: 0.854392060062
111/300 epochs...
112/300 epochs...
113/300 epochs...
114/300 epochs...
115/300 epochs...
116/300 epochs...
117/300 epochs...
118/300 epochs...
119/300 epochs...
120/300 epochs...
For each left:
Hits@1: 82.78%
Hits@10: 89.95%
Hits@50: 91.70%
Hits@100: 92.38%
MRR: 0.853778830726
121/300 epochs...
122/300 epochs...
123/300 epochs...
124/300 epochs...
125/300 epochs...
126/300 epochs...
127/300 epochs...
128/300 epochs...
129/300 epochs...
130/300 epochs...
For each left:
Hits@1: 82.64%
Hits@10: 89.94%
Hits@50: 91.69%
Hits@100: 92.44%
MRR: 0.852711606826
131/300 epochs...
132/300 epochs...
133/300 epochs...
134/300 epochs...
135/300 epochs...
136/300 epochs...
137/300 epochs...
138/300 epochs...
139/300 epochs...
140/300 epochs...
For each left:
Hits@1: 82.61%
Hits@10: 89.93%
Hits@50: 91.70%
Hits@100: 92.49%
MRR: 0.852614038822
141/300 epochs...
142/300 epochs...
143/300 epochs...
144/300 epochs...
145/300 epochs...
146/300 epochs...
147/300 epochs...
148/300 epochs...
149/300 epochs...
150/300 epochs...
For each left:
Hits@1: 68.10%
Hits@10: 79.67%
Hits@50: 84.70%
Hits@100: 86.61%
MRR: 0.722530762948
151/300 epochs...
152/300 epochs...
153/300 epochs...
154/300 epochs...
155/300 epochs...
156/300 epochs...
157/300 epochs...
158/300 epochs...
159/300 epochs...
160/300 epochs...
For each left:
Hits@1: 78.14%
Hits@10: 87.10%
Hits@50: 90.17%
Hits@100: 91.23%
MRR: 0.814212960082
161/300 epochs...
162/300 epochs...
163/300 epochs...
164/300 epochs...
165/300 epochs...
166/300 epochs...
167/300 epochs...
168/300 epochs...
169/300 epochs...
170/300 epochs...
For each left:
Hits@1: 81.10%
Hits@10: 88.42%
Hits@50: 90.89%
Hits@100: 91.72%
MRR: 0.838197252347
171/300 epochs...
172/300 epochs...
173/300 epochs...
174/300 epochs...
175/300 epochs...
176/300 epochs...
177/300 epochs...
178/300 epochs...
179/300 epochs...
180/300 epochs...
For each left:
Hits@1: 81.48%
Hits@10: 88.65%
Hits@50: 90.84%
Hits@100: 91.73%
MRR: 0.84125372677
181/300 epochs...
182/300 epochs...
183/300 epochs...
184/300 epochs...
185/300 epochs...
186/300 epochs...
187/300 epochs...
188/300 epochs...
189/300 epochs...
190/300 epochs...
For each left:
Hits@1: 81.88%
Hits@10: 88.74%
Hits@50: 90.95%
Hits@100: 91.78%
MRR: 0.844279514499
191/300 epochs...
192/300 epochs...
193/300 epochs...
194/300 epochs...
195/300 epochs...
196/300 epochs...
197/300 epochs...
198/300 epochs...
199/300 epochs...
200/300 epochs...
For each left:
Hits@1: 82.09%
Hits@10: 88.87%
Hits@50: 90.94%
Hits@100: 91.89%
MRR: 0.84593038477
201/300 epochs...
202/300 epochs...
203/300 epochs...
204/300 epochs...
205/300 epochs...
206/300 epochs...
207/300 epochs...
208/300 epochs...
209/300 epochs...
210/300 epochs...
For each left:
Hits@1: 82.19%
Hits@10: 88.95%
Hits@50: 90.99%
Hits@100: 91.91%
MRR: 0.847285007364
211/300 epochs...
212/300 epochs...
213/300 epochs...
214/300 epochs...
215/300 epochs...
216/300 epochs...
217/300 epochs...
218/300 epochs...
219/300 epochs...
220/300 epochs...
For each left:
Hits@1: 82.30%
Hits@10: 88.99%
Hits@50: 91.03%
Hits@100: 91.91%
MRR: 0.84786250061
221/300 epochs...
222/300 epochs...
223/300 epochs...
224/300 epochs...
225/300 epochs...
226/300 epochs...
227/300 epochs...
228/300 epochs...
229/300 epochs...
230/300 epochs...
For each left:
Hits@1: 82.38%
Hits@10: 89.02%
Hits@50: 91.00%
Hits@100: 91.86%
MRR: 0.848281715681
231/300 epochs...
232/300 epochs...
233/300 epochs...
234/300 epochs...
235/300 epochs...
236/300 epochs...
237/300 epochs...
238/300 epochs...
239/300 epochs...
240/300 epochs...
For each left:
Hits@1: 82.25%
Hits@10: 88.96%
Hits@50: 90.94%
Hits@100: 91.82%
MRR: 0.847630674007
241/300 epochs...
242/300 epochs...
243/300 epochs...
244/300 epochs...
245/300 epochs...
246/300 epochs...
247/300 epochs...
248/300 epochs...
249/300 epochs...
250/300 epochs...
For each left:
Hits@1: 82.23%
Hits@10: 88.98%
Hits@50: 90.87%
Hits@100: 91.74%
MRR: 0.847193772406
251/300 epochs...
252/300 epochs...
253/300 epochs...
254/300 epochs...
255/300 epochs...
256/300 epochs...
257/300 epochs...
258/300 epochs...
259/300 epochs...
260/300 epochs...
For each left:
Hits@1: 82.34%
Hits@10: 88.92%
Hits@50: 90.81%
Hits@100: 91.65%
MRR: 0.847878916154
261/300 epochs...
262/300 epochs...
263/300 epochs...
264/300 epochs...
265/300 epochs...
266/300 epochs...
267/300 epochs...
268/300 epochs...
269/300 epochs...
270/300 epochs...
For each left:
Hits@1: 82.31%
Hits@10: 88.88%
Hits@50: 90.73%
Hits@100: 91.58%
MRR: 0.847663017391
271/300 epochs...
272/300 epochs...
273/300 epochs...
274/300 epochs...
275/300 epochs...
276/300 epochs...
277/300 epochs...
278/300 epochs...
279/300 epochs...
280/300 epochs...
For each left:
Hits@1: 82.32%
Hits@10: 88.80%
Hits@50: 90.70%
Hits@100: 91.56%
MRR: 0.847466096096
281/300 epochs...
282/300 epochs...
283/300 epochs...
284/300 epochs...
285/300 epochs...
286/300 epochs...
287/300 epochs...
288/300 epochs...
289/300 epochs...
290/300 epochs...
For each left:
Hits@1: 82.33%
Hits@10: 88.71%
Hits@50: 90.67%
Hits@100: 91.47%
MRR: 0.847450793269
291/300 epochs...
292/300 epochs...
293/300 epochs...
294/300 epochs...
295/300 epochs...
296/300 epochs...
297/300 epochs...
298/300 epochs...
299/300 epochs...
300/300 epochs...
loss: [0.62729979, 0.59509647, 0.56383622, 0.53339553, 0.50380361, 0.74605435, 0.71018881, 0.67288959, 0.63662708, 0.6018495, 0.57731277, 0.54836774, 0.52081293, 0.49424511, 0.4684965, 0.61146629, 0.072739646, 0.031699806, 0.026912181, 0.024373647, 0.025510116, 0.02383451, 0.02288135, 0.022180924, 0.021632493, 0.021179635, 0.020795478, 0.020467397, 0.020184023, 0.019931316]
total time elapsed: 2543.4567 s
