*********************logs/dbp_yg_15k_V1*********************
loading a file...data/dbp_yg_15k_V1/ent_ids_1
loading a file...data/dbp_yg_15k_V1/ent_ids_2
loading a file...data/dbp_yg_15k_V1/ref_ent_ids
loading a file...data/dbp_yg_15k_V1/ref_r_ids
loading a file...data/dbp_yg_15k_V1/triples_1
loading a file...data/dbp_yg_15k_V1/triples_2
adding the primal input layer...
getting a sparse tensor...
calculate preliminary entity representations
adding a diag layer...
adding a diag layer...
calculate relation representations
calculate joint entity representations
getting loss...
getting loss...
initializing...
running...
detect coincidence
For each left:
Hits@1: 84.15%
Hits@10: 92.11%
Hits@50: 94.31%
Hits@100: 94.66%
MRR: 0.86973597068
1/300 epochs...
2/300 epochs...
3/300 epochs...
4/300 epochs...
5/300 epochs...
6/300 epochs...
7/300 epochs...
8/300 epochs...
9/300 epochs...
10/300 epochs...
For each left:
Hits@1: 84.39%
Hits@10: 92.14%
Hits@50: 94.31%
Hits@100: 94.69%
MRR: 0.871376369153
11/300 epochs...
12/300 epochs...
13/300 epochs...
14/300 epochs...
15/300 epochs...
16/300 epochs...
17/300 epochs...
18/300 epochs...
19/300 epochs...
20/300 epochs...
For each left:
Hits@1: 84.59%
Hits@10: 92.30%
Hits@50: 94.29%
Hits@100: 94.68%
MRR: 0.872974886961
21/300 epochs...
22/300 epochs...
23/300 epochs...
24/300 epochs...
25/300 epochs...
26/300 epochs...
27/300 epochs...
28/300 epochs...
29/300 epochs...
30/300 epochs...
For each left:
Hits@1: 84.78%
Hits@10: 92.34%
Hits@50: 94.32%
Hits@100: 94.63%
MRR: 0.874378107735
31/300 epochs...
32/300 epochs...
33/300 epochs...
34/300 epochs...
35/300 epochs...
36/300 epochs...
37/300 epochs...
38/300 epochs...
39/300 epochs...
40/300 epochs...
For each left:
Hits@1: 84.89%
Hits@10: 92.38%
Hits@50: 94.30%
Hits@100: 94.63%
MRR: 0.875161361057
41/300 epochs...
42/300 epochs...
43/300 epochs...
44/300 epochs...
45/300 epochs...
46/300 epochs...
47/300 epochs...
48/300 epochs...
49/300 epochs...
50/300 epochs...
For each left:
Hits@1: 84.93%
Hits@10: 92.41%
Hits@50: 94.29%
Hits@100: 94.66%
MRR: 0.87579233869
51/300 epochs...
52/300 epochs...
53/300 epochs...
54/300 epochs...
55/300 epochs...
56/300 epochs...
57/300 epochs...
58/300 epochs...
59/300 epochs...
60/300 epochs...
For each left:
Hits@1: 85.04%
Hits@10: 92.48%
Hits@50: 94.30%
Hits@100: 94.63%
MRR: 0.87661786252
61/300 epochs...
62/300 epochs...
63/300 epochs...
64/300 epochs...
65/300 epochs...
66/300 epochs...
67/300 epochs...
68/300 epochs...
69/300 epochs...
70/300 epochs...
For each left:
Hits@1: 84.88%
Hits@10: 92.58%
Hits@50: 94.30%
Hits@100: 94.63%
MRR: 0.876034163326
71/300 epochs...
72/300 epochs...
73/300 epochs...
74/300 epochs...
75/300 epochs...
76/300 epochs...
77/300 epochs...
78/300 epochs...
79/300 epochs...
80/300 epochs...
For each left:
Hits@1: 85.01%
Hits@10: 92.56%
Hits@50: 94.27%
Hits@100: 94.59%
MRR: 0.876586094686
81/300 epochs...
82/300 epochs...
83/300 epochs...
84/300 epochs...
85/300 epochs...
86/300 epochs...
87/300 epochs...
88/300 epochs...
89/300 epochs...
90/300 epochs...
For each left:
Hits@1: 84.66%
Hits@10: 92.57%
Hits@50: 94.25%
Hits@100: 94.56%
MRR: 0.874839194068
91/300 epochs...
92/300 epochs...
93/300 epochs...
94/300 epochs...
95/300 epochs...
96/300 epochs...
97/300 epochs...
98/300 epochs...
99/300 epochs...
100/300 epochs...
For each left:
Hits@1: 84.63%
Hits@10: 92.59%
Hits@50: 94.30%
Hits@100: 94.57%
MRR: 0.874485503498
101/300 epochs...
102/300 epochs...
103/300 epochs...
104/300 epochs...
105/300 epochs...
106/300 epochs...
107/300 epochs...
108/300 epochs...
109/300 epochs...
110/300 epochs...
For each left:
Hits@1: 84.37%
Hits@10: 92.65%
Hits@50: 94.30%
Hits@100: 94.58%
MRR: 0.873000449457
111/300 epochs...
112/300 epochs...
113/300 epochs...
114/300 epochs...
115/300 epochs...
116/300 epochs...
117/300 epochs...
118/300 epochs...
119/300 epochs...
120/300 epochs...
For each left:
Hits@1: 84.24%
Hits@10: 92.57%
Hits@50: 94.28%
Hits@100: 94.61%
MRR: 0.872095545863
121/300 epochs...
122/300 epochs...
123/300 epochs...
124/300 epochs...
125/300 epochs...
126/300 epochs...
127/300 epochs...
128/300 epochs...
129/300 epochs...
130/300 epochs...
For each left:
Hits@1: 83.97%
Hits@10: 92.54%
Hits@50: 94.28%
Hits@100: 94.66%
MRR: 0.869988587127
131/300 epochs...
132/300 epochs...
133/300 epochs...
134/300 epochs...
135/300 epochs...
136/300 epochs...
137/300 epochs...
138/300 epochs...
139/300 epochs...
140/300 epochs...
For each left:
Hits@1: 83.78%
Hits@10: 92.39%
Hits@50: 94.18%
Hits@100: 94.67%
MRR: 0.868400762677
141/300 epochs...
142/300 epochs...
143/300 epochs...
144/300 epochs...
145/300 epochs...
146/300 epochs...
147/300 epochs...
148/300 epochs...
149/300 epochs...
150/300 epochs...
For each left:
Hits@1: 71.12%
Hits@10: 84.87%
Hits@50: 89.80%
Hits@100: 91.24%
MRR: 0.758750215727
151/300 epochs...
152/300 epochs...
153/300 epochs...
154/300 epochs...
155/300 epochs...
156/300 epochs...
157/300 epochs...
158/300 epochs...
159/300 epochs...
160/300 epochs...
For each left:
Hits@1: 78.45%
Hits@10: 87.93%
Hits@50: 90.02%
Hits@100: 90.79%
MRR: 0.818201797171
161/300 epochs...
162/300 epochs...
163/300 epochs...
164/300 epochs...
165/300 epochs...
166/300 epochs...
167/300 epochs...
168/300 epochs...
169/300 epochs...
170/300 epochs...
For each left:
Hits@1: 79.73%
Hits@10: 87.88%
Hits@50: 89.88%
Hits@100: 90.62%
MRR: 0.826778272687
171/300 epochs...
172/300 epochs...
173/300 epochs...
174/300 epochs...
175/300 epochs...
176/300 epochs...
177/300 epochs...
178/300 epochs...
179/300 epochs...
180/300 epochs...
For each left:
Hits@1: 80.59%
Hits@10: 88.34%
Hits@50: 90.14%
Hits@100: 91.01%
MRR: 0.833517622327
181/300 epochs...
182/300 epochs...
183/300 epochs...
184/300 epochs...
185/300 epochs...
186/300 epochs...
187/300 epochs...
188/300 epochs...
189/300 epochs...
190/300 epochs...
For each left:
Hits@1: 81.28%
Hits@10: 88.50%
Hits@50: 90.51%
Hits@100: 91.18%
MRR: 0.839016264857
191/300 epochs...
192/300 epochs...
193/300 epochs...
194/300 epochs...
195/300 epochs...
196/300 epochs...
197/300 epochs...
198/300 epochs...
199/300 epochs...
200/300 epochs...
For each left:
Hits@1: 81.60%
Hits@10: 88.73%
Hits@50: 90.64%
Hits@100: 91.35%
MRR: 0.841564186963
201/300 epochs...
202/300 epochs...
203/300 epochs...
204/300 epochs...
205/300 epochs...
206/300 epochs...
207/300 epochs...
208/300 epochs...
209/300 epochs...
210/300 epochs...
For each left:
Hits@1: 81.79%
Hits@10: 88.83%
Hits@50: 90.71%
Hits@100: 91.43%
MRR: 0.843099586642
211/300 epochs...
212/300 epochs...
213/300 epochs...
214/300 epochs...
215/300 epochs...
216/300 epochs...
217/300 epochs...
218/300 epochs...
219/300 epochs...
220/300 epochs...
For each left:
Hits@1: 81.81%
Hits@10: 88.89%
Hits@50: 90.81%
Hits@100: 91.45%
MRR: 0.843659714724
221/300 epochs...
222/300 epochs...
223/300 epochs...
224/300 epochs...
225/300 epochs...
226/300 epochs...
227/300 epochs...
228/300 epochs...
229/300 epochs...
230/300 epochs...
For each left:
Hits@1: 81.98%
Hits@10: 88.86%
Hits@50: 90.80%
Hits@100: 91.50%
MRR: 0.84464302347
231/300 epochs...
232/300 epochs...
233/300 epochs...
234/300 epochs...
235/300 epochs...
236/300 epochs...
237/300 epochs...
238/300 epochs...
239/300 epochs...
240/300 epochs...
For each left:
Hits@1: 82.07%
Hits@10: 88.89%
Hits@50: 90.84%
Hits@100: 91.49%
MRR: 0.845307440582
241/300 epochs...
242/300 epochs...
243/300 epochs...
244/300 epochs...
245/300 epochs...
246/300 epochs...
247/300 epochs...
248/300 epochs...
249/300 epochs...
250/300 epochs...
For each left:
Hits@1: 82.05%
Hits@10: 88.79%
Hits@50: 90.76%
Hits@100: 91.46%
MRR: 0.844967345474
251/300 epochs...
252/300 epochs...
253/300 epochs...
254/300 epochs...
255/300 epochs...
256/300 epochs...
257/300 epochs...
258/300 epochs...
259/300 epochs...
260/300 epochs...
For each left:
Hits@1: 82.10%
Hits@10: 88.81%
Hits@50: 90.72%
Hits@100: 91.43%
MRR: 0.845388304695
261/300 epochs...
262/300 epochs...
263/300 epochs...
264/300 epochs...
265/300 epochs...
266/300 epochs...
267/300 epochs...
268/300 epochs...
269/300 epochs...
270/300 epochs...
For each left:
Hits@1: 82.18%
Hits@10: 88.78%
Hits@50: 90.70%
Hits@100: 91.35%
MRR: 0.845673703793
271/300 epochs...
272/300 epochs...
273/300 epochs...
274/300 epochs...
275/300 epochs...
276/300 epochs...
277/300 epochs...
278/300 epochs...
279/300 epochs...
280/300 epochs...
For each left:
Hits@1: 82.18%
Hits@10: 88.76%
Hits@50: 90.68%
Hits@100: 91.33%
MRR: 0.845578663166
281/300 epochs...
282/300 epochs...
283/300 epochs...
284/300 epochs...
285/300 epochs...
286/300 epochs...
287/300 epochs...
288/300 epochs...
289/300 epochs...
290/300 epochs...
For each left:
Hits@1: 82.17%
Hits@10: 88.79%
Hits@50: 90.62%
Hits@100: 91.30%
MRR: 0.845532162846
291/300 epochs...
292/300 epochs...
293/300 epochs...
294/300 epochs...
295/300 epochs...
296/300 epochs...
297/300 epochs...
298/300 epochs...
299/300 epochs...
300/300 epochs...
loss: [0.5590831, 0.52135998, 0.48871878, 0.45834315, 0.43024728, 0.66775459, 0.63294399, 0.59707022, 0.56272858, 0.53007716, 0.50819874, 0.48154974, 0.45619151, 0.43186709, 0.40862033, 0.66636884, 0.07034982, 0.036628395, 0.028084069, 0.024459004, 0.025452739, 0.023482317, 0.0223838, 0.021669602, 0.021148743, 0.020744486, 0.020413911, 0.02013997, 0.019900829, 0.019687802]
total time elapsed: 2515.1999 s
