*********************logs/en_de_15k_V1**********************
loading a file...data/en_de_15k_V1/ent_ids_1
loading a file...data/en_de_15k_V1/ent_ids_2
loading a file...data/en_de_15k_V1/ref_ent_ids
loading a file...data/en_de_15k_V1/ref_r_ids
loading a file...data/en_de_15k_V1/triples_1
loading a file...data/en_de_15k_V1/triples_2
adding the primal input layer...
getting a sparse tensor...
calculate preliminary entity representations
adding a diag layer...
adding a diag layer...
calculate relation representations
calculate joint entity representations
getting loss...
getting loss...
initializing...
running...
detect coincidence
For each left:
Hits@1: 74.51%
Hits@10: 85.60%
Hits@50: 88.79%
Hits@100: 90.03%
MRR: 0.785312081237
1/300 epochs...
2/300 epochs...
3/300 epochs...
4/300 epochs...
5/300 epochs...
6/300 epochs...
7/300 epochs...
8/300 epochs...
9/300 epochs...
10/300 epochs...
For each left:
Hits@1: 75.25%
Hits@10: 85.92%
Hits@50: 89.07%
Hits@100: 90.18%
MRR: 0.790703658801
11/300 epochs...
12/300 epochs...
13/300 epochs...
14/300 epochs...
15/300 epochs...
16/300 epochs...
17/300 epochs...
18/300 epochs...
19/300 epochs...
20/300 epochs...
For each left:
Hits@1: 75.51%
Hits@10: 86.11%
Hits@50: 89.30%
Hits@100: 90.25%
MRR: 0.793526534453
21/300 epochs...
22/300 epochs...
23/300 epochs...
24/300 epochs...
25/300 epochs...
26/300 epochs...
27/300 epochs...
28/300 epochs...
29/300 epochs...
30/300 epochs...
For each left:
Hits@1: 75.80%
Hits@10: 86.29%
Hits@50: 89.45%
Hits@100: 90.33%
MRR: 0.796174437577
31/300 epochs...
32/300 epochs...
33/300 epochs...
34/300 epochs...
35/300 epochs...
36/300 epochs...
37/300 epochs...
38/300 epochs...
39/300 epochs...
40/300 epochs...
For each left:
Hits@1: 75.93%
Hits@10: 86.38%
Hits@50: 89.47%
Hits@100: 90.36%
MRR: 0.797452053386
41/300 epochs...
42/300 epochs...
43/300 epochs...
44/300 epochs...
45/300 epochs...
46/300 epochs...
47/300 epochs...
48/300 epochs...
49/300 epochs...
50/300 epochs...
For each left:
Hits@1: 76.18%
Hits@10: 86.61%
Hits@50: 89.50%
Hits@100: 90.39%
MRR: 0.799248303286
51/300 epochs...
52/300 epochs...
53/300 epochs...
54/300 epochs...
55/300 epochs...
56/300 epochs...
57/300 epochs...
58/300 epochs...
59/300 epochs...
60/300 epochs...
For each left:
Hits@1: 76.42%
Hits@10: 86.77%
Hits@50: 89.60%
Hits@100: 90.44%
MRR: 0.801108774664
61/300 epochs...
62/300 epochs...
63/300 epochs...
64/300 epochs...
65/300 epochs...
66/300 epochs...
67/300 epochs...
68/300 epochs...
69/300 epochs...
70/300 epochs...
For each left:
Hits@1: 76.50%
Hits@10: 86.92%
Hits@50: 89.65%
Hits@100: 90.49%
MRR: 0.802178616643
71/300 epochs...
72/300 epochs...
73/300 epochs...
74/300 epochs...
75/300 epochs...
76/300 epochs...
77/300 epochs...
78/300 epochs...
79/300 epochs...
80/300 epochs...
For each left:
Hits@1: 76.44%
Hits@10: 86.91%
Hits@50: 89.62%
Hits@100: 90.55%
MRR: 0.80241368441
81/300 epochs...
82/300 epochs...
83/300 epochs...
84/300 epochs...
85/300 epochs...
86/300 epochs...
87/300 epochs...
88/300 epochs...
89/300 epochs...
90/300 epochs...
For each left:
Hits@1: 76.50%
Hits@10: 86.89%
Hits@50: 89.61%
Hits@100: 90.44%
MRR: 0.802735780311
91/300 epochs...
92/300 epochs...
93/300 epochs...
94/300 epochs...
95/300 epochs...
96/300 epochs...
97/300 epochs...
98/300 epochs...
99/300 epochs...
100/300 epochs...
For each left:
Hits@1: 76.26%
Hits@10: 86.82%
Hits@50: 89.52%
Hits@100: 90.48%
MRR: 0.801244623742
101/300 epochs...
102/300 epochs...
103/300 epochs...
104/300 epochs...
105/300 epochs...
106/300 epochs...
107/300 epochs...
108/300 epochs...
109/300 epochs...
110/300 epochs...
For each left:
Hits@1: 76.18%
Hits@10: 86.73%
Hits@50: 89.44%
Hits@100: 90.48%
MRR: 0.800441323187
111/300 epochs...
112/300 epochs...
113/300 epochs...
114/300 epochs...
115/300 epochs...
116/300 epochs...
117/300 epochs...
118/300 epochs...
119/300 epochs...
120/300 epochs...
For each left:
Hits@1: 75.92%
Hits@10: 86.70%
Hits@50: 89.37%
Hits@100: 90.41%
MRR: 0.798768657987
121/300 epochs...
122/300 epochs...
123/300 epochs...
124/300 epochs...
125/300 epochs...
126/300 epochs...
127/300 epochs...
128/300 epochs...
129/300 epochs...
130/300 epochs...
For each left:
Hits@1: 75.74%
Hits@10: 86.67%
Hits@50: 89.28%
Hits@100: 90.36%
MRR: 0.797276181186
131/300 epochs...
132/300 epochs...
133/300 epochs...
134/300 epochs...
135/300 epochs...
136/300 epochs...
137/300 epochs...
138/300 epochs...
139/300 epochs...
140/300 epochs...
For each left:
Hits@1: 75.59%
Hits@10: 86.56%
Hits@50: 89.25%
Hits@100: 90.28%
MRR: 0.795955710491
141/300 epochs...
142/300 epochs...
143/300 epochs...
144/300 epochs...
145/300 epochs...
146/300 epochs...
147/300 epochs...
148/300 epochs...
149/300 epochs...
150/300 epochs...
For each left:
Hits@1: 72.26%
Hits@10: 84.87%
Hits@50: 88.94%
Hits@100: 90.46%
MRR: 0.769144811643
151/300 epochs...
152/300 epochs...
153/300 epochs...
154/300 epochs...
155/300 epochs...
156/300 epochs...
157/300 epochs...
158/300 epochs...
159/300 epochs...
160/300 epochs...
For each left:
Hits@1: 74.95%
Hits@10: 86.18%
Hits@50: 89.49%
Hits@100: 90.69%
MRR: 0.79029035894
161/300 epochs...
162/300 epochs...
163/300 epochs...
164/300 epochs...
165/300 epochs...
166/300 epochs...
167/300 epochs...
168/300 epochs...
169/300 epochs...
170/300 epochs...
For each left:
Hits@1: 75.66%
Hits@10: 86.45%
Hits@50: 89.59%
Hits@100: 90.83%
MRR: 0.79572215623
171/300 epochs...
172/300 epochs...
173/300 epochs...
174/300 epochs...
175/300 epochs...
176/300 epochs...
177/300 epochs...
178/300 epochs...
179/300 epochs...
180/300 epochs...
For each left:
Hits@1: 76.19%
Hits@10: 86.61%
Hits@50: 89.79%
Hits@100: 90.98%
MRR: 0.800107737901
181/300 epochs...
182/300 epochs...
183/300 epochs...
184/300 epochs...
185/300 epochs...
186/300 epochs...
187/300 epochs...
188/300 epochs...
189/300 epochs...
190/300 epochs...
For each left:
Hits@1: 76.42%
Hits@10: 86.74%
Hits@50: 89.84%
Hits@100: 91.16%
MRR: 0.802095502753
191/300 epochs...
192/300 epochs...
193/300 epochs...
194/300 epochs...
195/300 epochs...
196/300 epochs...
197/300 epochs...
198/300 epochs...
199/300 epochs...
200/300 epochs...
For each left:
Hits@1: 76.52%
Hits@10: 86.84%
Hits@50: 89.84%
Hits@100: 91.18%
MRR: 0.802602954654
201/300 epochs...
202/300 epochs...
203/300 epochs...
204/300 epochs...
205/300 epochs...
206/300 epochs...
207/300 epochs...
208/300 epochs...
209/300 epochs...
210/300 epochs...
For each left:
Hits@1: 76.43%
Hits@10: 86.79%
Hits@50: 89.92%
Hits@100: 91.19%
MRR: 0.802154256345
211/300 epochs...
212/300 epochs...
213/300 epochs...
214/300 epochs...
215/300 epochs...
216/300 epochs...
217/300 epochs...
218/300 epochs...
219/300 epochs...
220/300 epochs...
For each left:
Hits@1: 76.35%
Hits@10: 86.72%
Hits@50: 89.90%
Hits@100: 91.11%
MRR: 0.801597924941
221/300 epochs...
222/300 epochs...
223/300 epochs...
224/300 epochs...
225/300 epochs...
226/300 epochs...
227/300 epochs...
228/300 epochs...
229/300 epochs...
230/300 epochs...
For each left:
Hits@1: 76.49%
Hits@10: 86.63%
Hits@50: 89.85%
Hits@100: 90.96%
MRR: 0.801948947501
231/300 epochs...
232/300 epochs...
233/300 epochs...
234/300 epochs...
235/300 epochs...
236/300 epochs...
237/300 epochs...
238/300 epochs...
239/300 epochs...
240/300 epochs...
For each left:
Hits@1: 76.48%
Hits@10: 86.62%
Hits@50: 89.74%
Hits@100: 90.89%
MRR: 0.801571873702
241/300 epochs...
242/300 epochs...
243/300 epochs...
244/300 epochs...
245/300 epochs...
246/300 epochs...
247/300 epochs...
248/300 epochs...
249/300 epochs...
250/300 epochs...
For each left:
Hits@1: 76.41%
Hits@10: 86.57%
Hits@50: 89.64%
Hits@100: 90.73%
MRR: 0.801084269686
251/300 epochs...
252/300 epochs...
253/300 epochs...
254/300 epochs...
255/300 epochs...
256/300 epochs...
257/300 epochs...
258/300 epochs...
259/300 epochs...
260/300 epochs...
For each left:
Hits@1: 76.42%
Hits@10: 86.49%
Hits@50: 89.58%
Hits@100: 90.64%
MRR: 0.80071760343
261/300 epochs...
262/300 epochs...
263/300 epochs...
264/300 epochs...
265/300 epochs...
266/300 epochs...
267/300 epochs...
268/300 epochs...
269/300 epochs...
270/300 epochs...
For each left:
Hits@1: 76.39%
Hits@10: 86.49%
Hits@50: 89.45%
Hits@100: 90.55%
MRR: 0.800361219724
271/300 epochs...
272/300 epochs...
273/300 epochs...
274/300 epochs...
275/300 epochs...
276/300 epochs...
277/300 epochs...
278/300 epochs...
279/300 epochs...
280/300 epochs...
For each left:
Hits@1: 76.48%
Hits@10: 86.38%
Hits@50: 89.35%
Hits@100: 90.46%
MRR: 0.800579249149
281/300 epochs...
282/300 epochs...
283/300 epochs...
284/300 epochs...
285/300 epochs...
286/300 epochs...
287/300 epochs...
288/300 epochs...
289/300 epochs...
290/300 epochs...
For each left:
Hits@1: 76.32%
Hits@10: 86.32%
Hits@50: 89.28%
Hits@100: 90.44%
MRR: 0.799592694418
291/300 epochs...
292/300 epochs...
293/300 epochs...
294/300 epochs...
295/300 epochs...
296/300 epochs...
297/300 epochs...
298/300 epochs...
299/300 epochs...
300/300 epochs...
loss: [0.51930314, 0.4648079, 0.41977137, 0.38345155, 0.35339901, 0.49399355, 0.46484357, 0.43796352, 0.41460153, 0.39405218, 0.37907478, 0.36289668, 0.34792802, 0.33384314, 0.32048371, 0.31636, 0.044940561, 0.030536341, 0.026438612, 0.024501113, 0.024932466, 0.023556912, 0.022784175, 0.022190416, 0.021695433, 0.021277916, 0.02091633, 0.020598235, 0.020321246, 0.020072233]
total time elapsed: 2448.2202 s
