*********************logs/en_fr_15k_V1**********************
loading a file...data/en_fr_15k_V1/ent_ids_1
loading a file...data/en_fr_15k_V1/ent_ids_2
loading a file...data/en_fr_15k_V1/ref_ent_ids
loading a file...data/en_fr_15k_V1/ref_r_ids
loading a file...data/en_fr_15k_V1/triples_1
loading a file...data/en_fr_15k_V1/triples_2
adding the primal input layer...
getting a sparse tensor...
calculate preliminary entity representations
adding a diag layer...
adding a diag layer...
calculate relation representations
calculate joint entity representations
getting loss...
getting loss...
initializing...
running...
detect coincidence
For each left:
Hits@1: 64.29%
Hits@10: 73.66%
Hits@50: 78.06%
Hits@100: 79.73%
MRR: 0.677543484608
1/1000 epochs...
2/1000 epochs...
3/1000 epochs...
4/1000 epochs...
5/1000 epochs...
6/1000 epochs...
7/1000 epochs...
8/1000 epochs...
9/1000 epochs...
10/1000 epochs...
For each left:
Hits@1: 64.83%
Hits@10: 73.75%
Hits@50: 78.18%
Hits@100: 79.96%
MRR: 0.68178826776
11/1000 epochs...
12/1000 epochs...
13/1000 epochs...
14/1000 epochs...
15/1000 epochs...
16/1000 epochs...
17/1000 epochs...
18/1000 epochs...
19/1000 epochs...
20/1000 epochs...
For each left:
Hits@1: 65.01%
Hits@10: 73.97%
Hits@50: 78.30%
Hits@100: 80.06%
MRR: 0.683665081959
21/1000 epochs...
22/1000 epochs...
23/1000 epochs...
24/1000 epochs...
25/1000 epochs...
26/1000 epochs...
27/1000 epochs...
28/1000 epochs...
29/1000 epochs...
30/1000 epochs...
For each left:
Hits@1: 65.30%
Hits@10: 74.05%
Hits@50: 78.35%
Hits@100: 80.16%
MRR: 0.685641789206
31/1000 epochs...
32/1000 epochs...
33/1000 epochs...
34/1000 epochs...
35/1000 epochs...
36/1000 epochs...
37/1000 epochs...
38/1000 epochs...
39/1000 epochs...
40/1000 epochs...
For each left:
Hits@1: 65.37%
Hits@10: 74.27%
Hits@50: 78.38%
Hits@100: 80.10%
MRR: 0.686531034364
41/1000 epochs...
42/1000 epochs...
43/1000 epochs...
44/1000 epochs...
45/1000 epochs...
46/1000 epochs...
47/1000 epochs...
48/1000 epochs...
49/1000 epochs...
50/1000 epochs...
For each left:
Hits@1: 65.50%
Hits@10: 74.30%
Hits@50: 78.50%
Hits@100: 80.00%
MRR: 0.687536595332
51/1000 epochs...
52/1000 epochs...
53/1000 epochs...
54/1000 epochs...
55/1000 epochs...
56/1000 epochs...
57/1000 epochs...
58/1000 epochs...
59/1000 epochs...
60/1000 epochs...
For each left:
Hits@1: 65.56%
Hits@10: 74.37%
Hits@50: 78.63%
Hits@100: 80.05%
MRR: 0.688340529168
61/1000 epochs...
62/1000 epochs...
63/1000 epochs...
64/1000 epochs...
65/1000 epochs...
66/1000 epochs...
67/1000 epochs...
68/1000 epochs...
69/1000 epochs...
70/1000 epochs...
For each left:
Hits@1: 65.60%
Hits@10: 74.44%
Hits@50: 78.64%
Hits@100: 80.00%
MRR: 0.688863066766
71/1000 epochs...
72/1000 epochs...
73/1000 epochs...
74/1000 epochs...
75/1000 epochs...
76/1000 epochs...
77/1000 epochs...
78/1000 epochs...
79/1000 epochs...
80/1000 epochs...
For each left:
Hits@1: 65.65%
Hits@10: 74.50%
Hits@50: 78.57%
Hits@100: 79.93%
MRR: 0.689496370215
81/1000 epochs...
82/1000 epochs...
83/1000 epochs...
84/1000 epochs...
85/1000 epochs...
86/1000 epochs...
87/1000 epochs...
88/1000 epochs...
89/1000 epochs...
90/1000 epochs...
For each left:
Hits@1: 65.70%
Hits@10: 74.53%
Hits@50: 78.52%
Hits@100: 79.87%
MRR: 0.689822937012
91/1000 epochs...
92/1000 epochs...
93/1000 epochs...
94/1000 epochs...
95/1000 epochs...
96/1000 epochs...
97/1000 epochs...
98/1000 epochs...
99/1000 epochs...
100/1000 epochs...
For each left:
Hits@1: 65.65%
Hits@10: 74.59%
Hits@50: 78.42%
Hits@100: 79.86%
MRR: 0.689633602092
101/1000 epochs...
102/1000 epochs...
103/1000 epochs...
104/1000 epochs...
105/1000 epochs...
106/1000 epochs...
107/1000 epochs...
108/1000 epochs...
109/1000 epochs...
110/1000 epochs...
For each left:
Hits@1: 65.72%
Hits@10: 74.55%
Hits@50: 78.36%
Hits@100: 79.77%
MRR: 0.690045118841
111/1000 epochs...
112/1000 epochs...
113/1000 epochs...
114/1000 epochs...
115/1000 epochs...
116/1000 epochs...
117/1000 epochs...
118/1000 epochs...
119/1000 epochs...
120/1000 epochs...
For each left:
Hits@1: 65.73%
Hits@10: 74.52%
Hits@50: 78.22%
Hits@100: 79.66%
MRR: 0.690069688052
121/1000 epochs...
122/1000 epochs...
123/1000 epochs...
124/1000 epochs...
125/1000 epochs...
126/1000 epochs...
127/1000 epochs...
128/1000 epochs...
129/1000 epochs...
130/1000 epochs...
For each left:
Hits@1: 65.55%
Hits@10: 74.49%
Hits@50: 78.09%
Hits@100: 79.58%
MRR: 0.688686906738
131/1000 epochs...
132/1000 epochs...
133/1000 epochs...
134/1000 epochs...
135/1000 epochs...
136/1000 epochs...
137/1000 epochs...
138/1000 epochs...
139/1000 epochs...
140/1000 epochs...
For each left:
Hits@1: 65.45%
Hits@10: 74.45%
Hits@50: 78.05%
Hits@100: 79.45%
MRR: 0.687814813466
141/1000 epochs...
142/1000 epochs...
143/1000 epochs...
144/1000 epochs...
145/1000 epochs...
146/1000 epochs...
147/1000 epochs...
148/1000 epochs...
149/1000 epochs...
150/1000 epochs...
For each left:
Hits@1: 65.43%
Hits@10: 74.43%
Hits@50: 78.03%
Hits@100: 79.36%
MRR: 0.687363264878
151/1000 epochs...
152/1000 epochs...
153/1000 epochs...
154/1000 epochs...
155/1000 epochs...
156/1000 epochs...
157/1000 epochs...
158/1000 epochs...
159/1000 epochs...
160/1000 epochs...
For each left:
Hits@1: 65.26%
Hits@10: 74.28%
Hits@50: 78.02%
Hits@100: 79.30%
MRR: 0.685847883821
161/1000 epochs...
162/1000 epochs...
163/1000 epochs...
164/1000 epochs...
165/1000 epochs...
166/1000 epochs...
167/1000 epochs...
168/1000 epochs...
169/1000 epochs...
170/1000 epochs...
For each left:
Hits@1: 65.16%
Hits@10: 74.19%
Hits@50: 77.92%
Hits@100: 79.23%
MRR: 0.684580950373
171/1000 epochs...
172/1000 epochs...
173/1000 epochs...
174/1000 epochs...
175/1000 epochs...
176/1000 epochs...
177/1000 epochs...
178/1000 epochs...
179/1000 epochs...
180/1000 epochs...
For each left:
Hits@1: 65.00%
Hits@10: 74.20%
Hits@50: 77.79%
Hits@100: 79.10%
MRR: 0.683117976479
181/1000 epochs...
182/1000 epochs...
183/1000 epochs...
184/1000 epochs...
185/1000 epochs...
186/1000 epochs...
187/1000 epochs...
188/1000 epochs...
189/1000 epochs...
190/1000 epochs...
For each left:
Hits@1: 64.86%
Hits@10: 74.12%
Hits@50: 77.62%
Hits@100: 78.95%
MRR: 0.681975077907
191/1000 epochs...
192/1000 epochs...
193/1000 epochs...
194/1000 epochs...
195/1000 epochs...
196/1000 epochs...
197/1000 epochs...
198/1000 epochs...
199/1000 epochs...
200/1000 epochs...
For each left:
Hits@1: 64.73%
Hits@10: 74.06%
Hits@50: 77.46%
Hits@100: 78.90%
MRR: 0.680910026036
201/1000 epochs...
202/1000 epochs...
203/1000 epochs...
204/1000 epochs...
205/1000 epochs...
206/1000 epochs...
207/1000 epochs...
208/1000 epochs...
209/1000 epochs...
210/1000 epochs...
For each left:
Hits@1: 64.71%
Hits@10: 73.91%
Hits@50: 77.35%
Hits@100: 78.86%
MRR: 0.67999368106
211/1000 epochs...
212/1000 epochs...
213/1000 epochs...
214/1000 epochs...
215/1000 epochs...
216/1000 epochs...
217/1000 epochs...
218/1000 epochs...
219/1000 epochs...
220/1000 epochs...
For each left:
Hits@1: 64.49%
Hits@10: 73.72%
Hits@50: 77.23%
Hits@100: 78.70%
MRR: 0.678042824179
221/1000 epochs...
222/1000 epochs...
223/1000 epochs...
224/1000 epochs...
225/1000 epochs...
226/1000 epochs...
227/1000 epochs...
228/1000 epochs...
229/1000 epochs...
230/1000 epochs...
For each left:
Hits@1: 64.28%
Hits@10: 73.55%
Hits@50: 77.06%
Hits@100: 78.45%
MRR: 0.676310581707
231/1000 epochs...
232/1000 epochs...
233/1000 epochs...
234/1000 epochs...
235/1000 epochs...
236/1000 epochs...
237/1000 epochs...
238/1000 epochs...
239/1000 epochs...
240/1000 epochs...
For each left:
Hits@1: 64.12%
Hits@10: 73.41%
Hits@50: 77.01%
Hits@100: 78.28%
MRR: 0.675063860255
241/1000 epochs...
242/1000 epochs...
243/1000 epochs...
244/1000 epochs...
245/1000 epochs...
246/1000 epochs...
247/1000 epochs...
248/1000 epochs...
249/1000 epochs...
250/1000 epochs...
For each left:
Hits@1: 64.13%
Hits@10: 73.36%
Hits@50: 76.89%
Hits@100: 78.13%
MRR: 0.674164739778
251/1000 epochs...
252/1000 epochs...
253/1000 epochs...
254/1000 epochs...
255/1000 epochs...
256/1000 epochs...
257/1000 epochs...
258/1000 epochs...
259/1000 epochs...
260/1000 epochs...
For each left:
Hits@1: 63.98%
Hits@10: 73.18%
Hits@50: 76.78%
Hits@100: 78.05%
MRR: 0.672789257334
261/1000 epochs...
262/1000 epochs...
263/1000 epochs...
264/1000 epochs...
265/1000 epochs...
266/1000 epochs...
267/1000 epochs...
268/1000 epochs...
269/1000 epochs...
270/1000 epochs...
For each left:
Hits@1: 63.60%
Hits@10: 73.02%
Hits@50: 76.70%
Hits@100: 78.02%
MRR: 0.670168917145
271/1000 epochs...
272/1000 epochs...
273/1000 epochs...
274/1000 epochs...
275/1000 epochs...
276/1000 epochs...
277/1000 epochs...
278/1000 epochs...
279/1000 epochs...
280/1000 epochs...
For each left:
Hits@1: 63.44%
Hits@10: 72.83%
Hits@50: 76.51%
Hits@100: 78.00%
MRR: 0.668498921967
281/1000 epochs...
282/1000 epochs...
283/1000 epochs...
284/1000 epochs...
285/1000 epochs...
286/1000 epochs...
287/1000 epochs...
288/1000 epochs...
289/1000 epochs...
290/1000 epochs...
For each left:
Hits@1: 63.16%
Hits@10: 72.71%
Hits@50: 76.39%
Hits@100: 77.78%
MRR: 0.6661980488
291/1000 epochs...
292/1000 epochs...
293/1000 epochs...
294/1000 epochs...
295/1000 epochs...
296/1000 epochs...
297/1000 epochs...
298/1000 epochs...
299/1000 epochs...
300/1000 epochs...
For each left:
Hits@1: 63.03%
Hits@10: 72.56%
Hits@50: 76.21%
Hits@100: 77.66%
MRR: 0.664716757446
301/1000 epochs...
302/1000 epochs...
303/1000 epochs...
304/1000 epochs...
305/1000 epochs...
306/1000 epochs...
307/1000 epochs...
308/1000 epochs...
309/1000 epochs...
310/1000 epochs...
For each left:
Hits@1: 62.84%
Hits@10: 72.32%
Hits@50: 76.07%
Hits@100: 77.48%
MRR: 0.662905088825
311/1000 epochs...
312/1000 epochs...
313/1000 epochs...
314/1000 epochs...
315/1000 epochs...
316/1000 epochs...
317/1000 epochs...
318/1000 epochs...
319/1000 epochs...
320/1000 epochs...
For each left:
Hits@1: 62.57%
Hits@10: 72.15%
Hits@50: 75.83%
Hits@100: 77.31%
MRR: 0.660468045088
321/1000 epochs...
322/1000 epochs...
323/1000 epochs...
324/1000 epochs...
325/1000 epochs...
326/1000 epochs...
327/1000 epochs...
328/1000 epochs...
329/1000 epochs...
330/1000 epochs...
For each left:
Hits@1: 62.39%
Hits@10: 71.96%
Hits@50: 75.71%
Hits@100: 77.21%
MRR: 0.658484865734
331/1000 epochs...
332/1000 epochs...
333/1000 epochs...
334/1000 epochs...
335/1000 epochs...
336/1000 epochs...
337/1000 epochs...
338/1000 epochs...
339/1000 epochs...
340/1000 epochs...
For each left:
Hits@1: 62.08%
Hits@10: 71.73%
Hits@50: 75.52%
Hits@100: 76.99%
MRR: 0.655607903333
341/1000 epochs...
342/1000 epochs...
343/1000 epochs...
344/1000 epochs...
345/1000 epochs...
346/1000 epochs...
347/1000 epochs...
348/1000 epochs...
349/1000 epochs...
350/1000 epochs...
For each left:
Hits@1: 61.81%
Hits@10: 71.54%
Hits@50: 75.32%
Hits@100: 76.77%
MRR: 0.653096253838
351/1000 epochs...
352/1000 epochs...
353/1000 epochs...
354/1000 epochs...
355/1000 epochs...
356/1000 epochs...
357/1000 epochs...
358/1000 epochs...
359/1000 epochs...
360/1000 epochs...
For each left:
Hits@1: 61.45%
Hits@10: 71.33%
Hits@50: 75.12%
Hits@100: 76.55%
MRR: 0.650027069475
361/1000 epochs...
362/1000 epochs...
363/1000 epochs...
364/1000 epochs...
365/1000 epochs...
366/1000 epochs...
367/1000 epochs...
368/1000 epochs...
369/1000 epochs...
370/1000 epochs...
For each left:
Hits@1: 61.17%
Hits@10: 71.12%
Hits@50: 74.78%
Hits@100: 76.36%
MRR: 0.647385742716
371/1000 epochs...
372/1000 epochs...
373/1000 epochs...
374/1000 epochs...
375/1000 epochs...
376/1000 epochs...
377/1000 epochs...
378/1000 epochs...
379/1000 epochs...
380/1000 epochs...
For each left:
Hits@1: 61.05%
Hits@10: 70.89%
Hits@50: 74.65%
Hits@100: 76.11%
MRR: 0.645507304675
381/1000 epochs...
382/1000 epochs...
383/1000 epochs...
384/1000 epochs...
385/1000 epochs...
386/1000 epochs...
*********************logs/en_fr_15k_V1**********************
loading a file...data/en_fr_15k_V1/ent_ids_1
loading a file...data/en_fr_15k_V1/ent_ids_2
loading a file...data/en_fr_15k_V1/ref_ent_ids
loading a file...data/en_fr_15k_V1/ref_r_ids
loading a file...data/en_fr_15k_V1/triples_1
loading a file...data/en_fr_15k_V1/triples_2
adding the primal input layer...
getting a sparse tensor...
calculate preliminary entity representations
adding a diag layer...
adding a diag layer...
calculate relation representations
calculate joint entity representations
getting loss...
getting loss...
initializing...
running...
detect coincidence
For each left:
Hits@1: 64.19%
Hits@10: 73.58%
Hits@50: 78.06%
Hits@100: 79.63%
MRR: 0.676861510371
1/300 epochs...
2/300 epochs...
3/300 epochs...
4/300 epochs...
5/300 epochs...
6/300 epochs...
7/300 epochs...
8/300 epochs...
9/300 epochs...
10/300 epochs...
For each left:
Hits@1: 64.68%
Hits@10: 73.78%
Hits@50: 78.08%
Hits@100: 79.76%
MRR: 0.680765545726
11/300 epochs...
12/300 epochs...
13/300 epochs...
14/300 epochs...
15/300 epochs...
16/300 epochs...
17/300 epochs...
18/300 epochs...
19/300 epochs...
20/300 epochs...
For each left:
Hits@1: 65.15%
Hits@10: 73.94%
Hits@50: 78.19%
Hits@100: 79.85%
MRR: 0.684262927458
21/300 epochs...
22/300 epochs...
23/300 epochs...
24/300 epochs...
25/300 epochs...
26/300 epochs...
27/300 epochs...
28/300 epochs...
29/300 epochs...
30/300 epochs...
For each left:
Hits@1: 65.34%
Hits@10: 74.04%
Hits@50: 78.17%
Hits@100: 79.90%
MRR: 0.685707373642
31/300 epochs...
32/300 epochs...
33/300 epochs...
34/300 epochs...
35/300 epochs...
36/300 epochs...
37/300 epochs...
38/300 epochs...
39/300 epochs...
40/300 epochs...
For each left:
Hits@1: 65.50%
Hits@10: 74.23%
Hits@50: 78.26%
Hits@100: 79.86%
MRR: 0.687071624441
41/300 epochs...
42/300 epochs...
43/300 epochs...
44/300 epochs...
45/300 epochs...
46/300 epochs...
47/300 epochs...
48/300 epochs...
49/300 epochs...
50/300 epochs...
For each left:
Hits@1: 65.65%
Hits@10: 74.40%
Hits@50: 78.34%
Hits@100: 79.79%
MRR: 0.688313453647
51/300 epochs...
52/300 epochs...
53/300 epochs...
54/300 epochs...
55/300 epochs...
56/300 epochs...
57/300 epochs...
58/300 epochs...
59/300 epochs...
60/300 epochs...
For each left:
Hits@1: 65.55%
Hits@10: 74.35%
Hits@50: 78.46%
Hits@100: 79.88%
MRR: 0.688030072037
61/300 epochs...
62/300 epochs...
63/300 epochs...
64/300 epochs...
65/300 epochs...
66/300 epochs...
67/300 epochs...
68/300 epochs...
69/300 epochs...
70/300 epochs...
For each left:
Hits@1: 65.70%
Hits@10: 74.45%
Hits@50: 78.51%
Hits@100: 79.88%
MRR: 0.689213385035
71/300 epochs...
72/300 epochs...
73/300 epochs...
74/300 epochs...
75/300 epochs...
76/300 epochs...
77/300 epochs...
78/300 epochs...
79/300 epochs...
80/300 epochs...
For each left:
Hits@1: 65.71%
Hits@10: 74.47%
Hits@50: 78.53%
Hits@100: 79.83%
MRR: 0.689792104184
81/300 epochs...
82/300 epochs...
83/300 epochs...
84/300 epochs...
85/300 epochs...
86/300 epochs...
87/300 epochs...
88/300 epochs...
89/300 epochs...
90/300 epochs...
For each left:
Hits@1: 65.73%
Hits@10: 74.51%
Hits@50: 78.47%
Hits@100: 79.82%
MRR: 0.689859714093
91/300 epochs...
92/300 epochs...
93/300 epochs...
94/300 epochs...
95/300 epochs...
96/300 epochs...
97/300 epochs...
98/300 epochs...
99/300 epochs...
100/300 epochs...
For each left:
Hits@1: 65.67%
Hits@10: 74.63%
Hits@50: 78.46%
Hits@100: 79.75%
MRR: 0.689581531994
101/300 epochs...
102/300 epochs...
103/300 epochs...
104/300 epochs...
105/300 epochs...
106/300 epochs...
107/300 epochs...
108/300 epochs...
109/300 epochs...
110/300 epochs...
For each left:
Hits@1: 65.68%
Hits@10: 74.62%
Hits@50: 78.30%
Hits@100: 79.68%
MRR: 0.689707604021
111/300 epochs...
112/300 epochs...
113/300 epochs...
114/300 epochs...
115/300 epochs...
116/300 epochs...
117/300 epochs...
118/300 epochs...
119/300 epochs...
120/300 epochs...
For each left:
Hits@1: 65.67%
Hits@10: 74.55%
Hits@50: 78.16%
Hits@100: 79.60%
MRR: 0.689568200737
121/300 epochs...
122/300 epochs...
123/300 epochs...
124/300 epochs...
125/300 epochs...
126/300 epochs...
127/300 epochs...
128/300 epochs...
129/300 epochs...
130/300 epochs...
For each left:
Hits@1: 65.65%
Hits@10: 74.50%
Hits@50: 78.07%
Hits@100: 79.48%
MRR: 0.689103676263
131/300 epochs...
132/300 epochs...
133/300 epochs...
134/300 epochs...
135/300 epochs...
136/300 epochs...
137/300 epochs...
138/300 epochs...
139/300 epochs...
140/300 epochs...
For each left:
Hits@1: 65.47%
Hits@10: 74.42%
Hits@50: 78.05%
Hits@100: 79.33%
MRR: 0.687687296688
141/300 epochs...
142/300 epochs...
143/300 epochs...
144/300 epochs...
145/300 epochs...
146/300 epochs...
147/300 epochs...
148/300 epochs...
149/300 epochs...
150/300 epochs...
For each left:
Hits@1: 60.25%
Hits@10: 71.65%
Hits@50: 77.05%
Hits@100: 79.13%
MRR: 0.64352903633
151/300 epochs...
152/300 epochs...
153/300 epochs...
154/300 epochs...
155/300 epochs...
156/300 epochs...
157/300 epochs...
158/300 epochs...
159/300 epochs...
160/300 epochs...
For each left:
Hits@1: 65.01%
Hits@10: 75.05%
Hits@50: 79.27%
Hits@100: 81.50%
MRR: 0.686460401518
161/300 epochs...
162/300 epochs...
163/300 epochs...
164/300 epochs...
165/300 epochs...
166/300 epochs...
167/300 epochs...
168/300 epochs...
169/300 epochs...
170/300 epochs...
For each left:
Hits@1: 66.00%
Hits@10: 76.26%
Hits@50: 80.28%
Hits@100: 82.26%
MRR: 0.696717072608
171/300 epochs...
172/300 epochs...
173/300 epochs...
174/300 epochs...
175/300 epochs...
176/300 epochs...
177/300 epochs...
178/300 epochs...
179/300 epochs...
180/300 epochs...
For each left:
Hits@1: 66.42%
Hits@10: 76.50%
Hits@50: 80.68%
Hits@100: 82.63%
MRR: 0.70078228772
181/300 epochs...
182/300 epochs...
183/300 epochs...
184/300 epochs...
185/300 epochs...
186/300 epochs...
187/300 epochs...
188/300 epochs...
189/300 epochs...
190/300 epochs...
For each left:
Hits@1: 66.62%
Hits@10: 76.75%
Hits@50: 80.95%
Hits@100: 82.92%
MRR: 0.702607321537
191/300 epochs...
192/300 epochs...
193/300 epochs...
194/300 epochs...
195/300 epochs...
196/300 epochs...
197/300 epochs...
198/300 epochs...
199/300 epochs...
200/300 epochs...
For each left:
Hits@1: 66.69%
Hits@10: 76.86%
Hits@50: 81.11%
Hits@100: 82.95%
MRR: 0.703545096747
201/300 epochs...
202/300 epochs...
203/300 epochs...
204/300 epochs...
205/300 epochs...
206/300 epochs...
207/300 epochs...
208/300 epochs...
209/300 epochs...
210/300 epochs...
For each left:
Hits@1: 66.66%
Hits@10: 76.94%
Hits@50: 81.21%
Hits@100: 82.87%
MRR: 0.703812279331
211/300 epochs...
212/300 epochs...
213/300 epochs...
214/300 epochs...
215/300 epochs...
216/300 epochs...
217/300 epochs...
218/300 epochs...
219/300 epochs...
220/300 epochs...
For each left:
Hits@1: 66.71%
Hits@10: 76.97%
Hits@50: 81.13%
Hits@100: 82.86%
MRR: 0.704266695915
221/300 epochs...
222/300 epochs...
223/300 epochs...
224/300 epochs...
225/300 epochs...
226/300 epochs...
227/300 epochs...
228/300 epochs...
229/300 epochs...
230/300 epochs...
For each left:
Hits@1: 66.75%
Hits@10: 77.01%
Hits@50: 81.09%
Hits@100: 82.77%
MRR: 0.704702634636
231/300 epochs...
232/300 epochs...
233/300 epochs...
234/300 epochs...
235/300 epochs...
236/300 epochs...
237/300 epochs...
238/300 epochs...
239/300 epochs...
240/300 epochs...
For each left:
Hits@1: 66.90%
Hits@10: 77.04%
Hits@50: 81.02%
Hits@100: 82.72%
MRR: 0.705447233267
241/300 epochs...
242/300 epochs...
243/300 epochs...
244/300 epochs...
245/300 epochs...
246/300 epochs...
247/300 epochs...
248/300 epochs...
249/300 epochs...
250/300 epochs...
For each left:
Hits@1: 66.90%
Hits@10: 77.03%
Hits@50: 80.89%
Hits@100: 82.65%
MRR: 0.705579428837
251/300 epochs...
252/300 epochs...
253/300 epochs...
254/300 epochs...
255/300 epochs...
256/300 epochs...
257/300 epochs...
258/300 epochs...
259/300 epochs...
260/300 epochs...
For each left:
Hits@1: 66.90%
Hits@10: 77.09%
Hits@50: 80.83%
Hits@100: 82.51%
MRR: 0.705750127472
261/300 epochs...
262/300 epochs...
263/300 epochs...
264/300 epochs...
265/300 epochs...
266/300 epochs...
267/300 epochs...
268/300 epochs...
269/300 epochs...
270/300 epochs...
For each left:
Hits@1: 66.92%
Hits@10: 77.09%
Hits@50: 80.82%
Hits@100: 82.42%
MRR: 0.705519145053
271/300 epochs...
272/300 epochs...
273/300 epochs...
274/300 epochs...
275/300 epochs...
276/300 epochs...
277/300 epochs...
278/300 epochs...
279/300 epochs...
280/300 epochs...
For each left:
Hits@1: 66.94%
Hits@10: 77.11%
Hits@50: 80.78%
Hits@100: 82.35%
MRR: 0.705597335463
281/300 epochs...
282/300 epochs...
283/300 epochs...
284/300 epochs...
285/300 epochs...
286/300 epochs...
287/300 epochs...
288/300 epochs...
289/300 epochs...
290/300 epochs...
For each left:
Hits@1: 66.99%
Hits@10: 77.04%
Hits@50: 80.75%
Hits@100: 82.29%
MRR: 0.70584649903
291/300 epochs...
292/300 epochs...
293/300 epochs...
294/300 epochs...
295/300 epochs...
296/300 epochs...
297/300 epochs...
298/300 epochs...
299/300 epochs...
300/300 epochs...
loss: [1.0794495, 1.0092611, 0.94996649, 0.89782345, 0.85033602, 1.1289281, 1.0682791, 1.0087596, 0.95383716, 0.90368015, 0.86798865, 0.82799268, 0.79076511, 0.75575614, 0.72272676, 0.69358569, 0.07935904, 0.041829314, 0.032498993, 0.028357599, 0.029943736, 0.02700975, 0.025521949, 0.024461998, 0.023672888, 0.023037387, 0.02252211, 0.022093059, 0.021720959, 0.021394646]

total time elapsed: 2508.3421 s
*********************logs/en_fr_15k_V1**********************
loading a file...data/en_fr_15k_V1/ent_ids_1
loading a file...data/en_fr_15k_V1/ent_ids_2
loading a file...data/en_fr_15k_V1/ref_ent_ids
loading a file...data/en_fr_15k_V1/ref_r_ids
loading a file...data/en_fr_15k_V1/triples_1
loading a file...data/en_fr_15k_V1/triples_2
adding the primal input layer...
