***********************dbp_yg_15k_V1************************
loading a file...data/dbp_yg_15k_V1/ent_ids_1
loading a file...data/dbp_yg_15k_V1/ent_ids_2
30000
loading a file...data/dbp_yg_15k_V1/ref_ent_ids
loading a file...data/dbp_yg_15k_V1/train
loading a file...data/dbp_yg_15k_V1/dev
loading a file...data/dbp_yg_15k_V1/test
loading a file...data/dbp_yg_15k_V1/triples_1
loading a file...data/dbp_yg_15k_V1/triples_2
253
running HMAN...
adding the se input layer...
adding a layer...
adding a layer...
getting loss...
initializing...
running...
50/50000 epochs... >> loss: 0.48442
100/50000 epochs... >> loss: 0.380124
150/50000 epochs... >> loss: 0.343604
200/50000 epochs... >> loss: 0.321136
250/50000 epochs... >> loss: 0.30496
300/50000 epochs... >> loss: 0.293197
350/50000 epochs... >> loss: 0.289565
400/50000 epochs... >> loss: 0.275073
450/50000 epochs... >> loss: 0.270453
500/50000 epochs... >> loss: 0.267366
550/50000 epochs... >> loss: 0.262096
600/50000 epochs... >> loss: 0.250999
650/50000 epochs... >> loss: 0.246388
700/50000 epochs... >> loss: 0.244705
750/50000 epochs... >> loss: 0.237766
800/50000 epochs... >> loss: 0.231308
850/50000 epochs... >> loss: 0.220856
900/50000 epochs... >> loss: 0.216326
950/50000 epochs... >> loss: 0.193875
1000/50000 epochs... >> loss: 0.180669
1050/50000 epochs... >> loss: 0.125413
1100/50000 epochs... >> loss: 0.0396122
1150/50000 epochs... >> loss: 0.0183315
1200/50000 epochs... >> loss: 0.0119005
1250/50000 epochs... >> loss: 0.00870579
1300/50000 epochs... >> loss: 0.00706795
1350/50000 epochs... >> loss: 0.00570796
1400/50000 epochs... >> loss: 0.00505135
1450/50000 epochs... >> loss: 0.004047
1500/50000 epochs... >> loss: 0.00422573
1550/50000 epochs... >> loss: 0.00353083
1600/50000 epochs... >> loss: 0.00298555
1650/50000 epochs... >> loss: 0.00307908
1700/50000 epochs... >> loss: 0.00267319
1750/50000 epochs... >> loss: 0.0024083
1800/50000 epochs... >> loss: 0.00208396
1850/50000 epochs... >> loss: 0.00232829
1900/50000 epochs... >> loss: 0.00187489
1950/50000 epochs... >> loss: 0.00205363
2000/50000 epochs... >> loss: 0.00205662
2050/50000 epochs... >> loss: 0.001705
2100/50000 epochs... >> loss: 0.00142512
2150/50000 epochs... >> loss: 0.0015954
2200/50000 epochs... >> loss: 0.00176017
2250/50000 epochs... >> loss: 0.00120201
2300/50000 epochs... >> loss: 0.00119989
2350/50000 epochs... >> loss: 0.00126254
2400/50000 epochs... >> loss: 0.00130929
2450/50000 epochs... >> loss: 0.00136356
2500/50000 epochs... >> loss: 0.00120824
2550/50000 epochs... >> loss: 0.00138064
2600/50000 epochs... >> loss: 0.00104658
2650/50000 epochs... >> loss: 0.00109959
2700/50000 epochs... >> loss: 0.000811645
2750/50000 epochs... >> loss: 0.00122478
2800/50000 epochs... >> loss: 0.00121016
2850/50000 epochs... >> loss: 0.00098401
2900/50000 epochs... >> loss: 0.00104421
2950/50000 epochs... >> loss: 0.00087575
3000/50000 epochs... >> loss: 0.000868914
3050/50000 epochs... >> loss: 0.00085687
3100/50000 epochs... >> loss: 0.000912102
3150/50000 epochs... >> loss: 0.000901048
3200/50000 epochs... >> loss: 0.00072747
3250/50000 epochs... >> loss: 0.000899519
3300/50000 epochs... >> loss: 0.000735666
3350/50000 epochs... >> loss: 0.000638925
3400/50000 epochs... >> loss: 0.000774236
3450/50000 epochs... >> loss: 0.000800158
3500/50000 epochs... >> loss: 0.000818483
3550/50000 epochs... >> loss: 0.000712127
3600/50000 epochs... >> loss: 0.00075359
3650/50000 epochs... >> loss: 0.000480446
3700/50000 epochs... >> loss: 0.000951081
3750/50000 epochs... >> loss: 0.000761595
3800/50000 epochs... >> loss: 0.000686297
3850/50000 epochs... >> loss: 0.00070997
3900/50000 epochs... >> loss: 0.000920426
3950/50000 epochs... >> loss: 0.000624085
4000/50000 epochs... >> loss: 0.000685514
4050/50000 epochs... >> loss: 0.000854699
4100/50000 epochs... >> loss: 0.000723936
4150/50000 epochs... >> loss: 0.000683659
4200/50000 epochs... >> loss: 0.000554491
4250/50000 epochs... >> loss: 0.000423583
4300/50000 epochs... >> loss: 0.000482998
4350/50000 epochs... >> loss: 0.00068683
4400/50000 epochs... >> loss: 0.000493333
4450/50000 epochs... >> loss: 0.000500572
4500/50000 epochs... >> loss: 0.00054983
4550/50000 epochs... >> loss: 0.00050782
4600/50000 epochs... >> loss: 0.000645423
4650/50000 epochs... >> loss: 0.000566914
4700/50000 epochs... >> loss: 0.000532831
4750/50000 epochs... >> loss: 0.000456698
4800/50000 epochs... >> loss: 0.000717548
4850/50000 epochs... >> loss: 0.000549129
4900/50000 epochs... >> loss: 0.000570503
4950/50000 epochs... >> loss: 0.000389923
5000/50000 epochs... >> loss: 0.000585721
Iter@5000
For each left:
Hits@1: 46.03%
Hits@10: 78.43%
Hits@50: 92.01%
Hits@100: 95.00%
Hits@200: 96.90%
MRR: 0.570061243099
For each right:
Hits@1: 45.77%
Hits@10: 78.44%
Hits@50: 92.25%
Hits@100: 94.97%
Hits@200: 96.80%
MRR: 0.569017743713
5050/50000 epochs... >> loss: 0.000555318
5100/50000 epochs... >> loss: 0.000432242
5150/50000 epochs... >> loss: 0.000346912
5200/50000 epochs... >> loss: 0.000536259
5250/50000 epochs... >> loss: 0.000474753
5300/50000 epochs... >> loss: 0.000421895
5350/50000 epochs... >> loss: 0.000445155
5400/50000 epochs... >> loss: 0.000461967
5450/50000 epochs... >> loss: 0.000598869
5500/50000 epochs... >> loss: 0.000470494
5550/50000 epochs... >> loss: 0.00044582
5600/50000 epochs... >> loss: 0.000568448
5650/50000 epochs... >> loss: 0.000297334
5700/50000 epochs... >> loss: 0.000342016
5750/50000 epochs... >> loss: 0.000508705
5800/50000 epochs... >> loss: 0.000461294
5850/50000 epochs... >> loss: 0.000680689
5900/50000 epochs... >> loss: 0.000472615
5950/50000 epochs... >> loss: 0.000433684
6000/50000 epochs... >> loss: 0.000497438
6050/50000 epochs... >> loss: 0.000491593
6100/50000 epochs... >> loss: 0.000579513
6150/50000 epochs... >> loss: 0.000484271
6200/50000 epochs... >> loss: 0.000484246
6250/50000 epochs... >> loss: 0.000489385
6300/50000 epochs... >> loss: 0.000343451
6350/50000 epochs... >> loss: 0.000338102
6400/50000 epochs... >> loss: 0.00048696
6450/50000 epochs... >> loss: 0.000641018
6500/50000 epochs... >> loss: 0.000353227
6550/50000 epochs... >> loss: 0.000430666
6600/50000 epochs... >> loss: 0.000295328
6650/50000 epochs... >> loss: 0.000453888
6700/50000 epochs... >> loss: 0.000462214
6750/50000 epochs... >> loss: 0.000389884
6800/50000 epochs... >> loss: 0.000445125
6850/50000 epochs... >> loss: 0.00056532
6900/50000 epochs... >> loss: 0.000357636
6950/50000 epochs... >> loss: 0.000436981
7000/50000 epochs... >> loss: 0.000456615
7050/50000 epochs... >> loss: 0.000483345
7100/50000 epochs... >> loss: 0.000450873
7150/50000 epochs... >> loss: 0.000376349
7200/50000 epochs... >> loss: 0.000520586
7250/50000 epochs... >> loss: 0.000327248
7300/50000 epochs... >> loss: 0.000352852
7350/50000 epochs... >> loss: 0.000375925
7400/50000 epochs... >> loss: 0.000326149
7450/50000 epochs... >> loss: 0.000341721
7500/50000 epochs... >> loss: 0.000291281
7550/50000 epochs... >> loss: 0.000291203
7600/50000 epochs... >> loss: 0.000389016
7650/50000 epochs... >> loss: 0.00039843
7700/50000 epochs... >> loss: 0.000544236
7750/50000 epochs... >> loss: 0.000474066
7800/50000 epochs... >> loss: 0.000557176
7850/50000 epochs... >> loss: 0.000258375
7900/50000 epochs... >> loss: 0.000209296
7950/50000 epochs... >> loss: 0.000318715
8000/50000 epochs... >> loss: 0.000410956
8050/50000 epochs... >> loss: 0.000353981
8100/50000 epochs... >> loss: 0.000256882
8150/50000 epochs... >> loss: 0.000522959
8200/50000 epochs... >> loss: 0.000513426
8250/50000 epochs... >> loss: 0.00043444
8300/50000 epochs... >> loss: 0.000255238
8350/50000 epochs... >> loss: 0.000236703
8400/50000 epochs... >> loss: 0.000408899
8450/50000 epochs... >> loss: 0.000448984
8500/50000 epochs... >> loss: 0.000409006
8550/50000 epochs... >> loss: 0.000475059
8600/50000 epochs... >> loss: 0.000411341
8650/50000 epochs... >> loss: 0.000377666
8700/50000 epochs... >> loss: 0.000377278
8750/50000 epochs... >> loss: 0.000398185
8800/50000 epochs... >> loss: 0.000519039
8850/50000 epochs... >> loss: 0.000252672
8900/50000 epochs... >> loss: 0.000358204
8950/50000 epochs... >> loss: 0.000381938
9000/50000 epochs... >> loss: 0.000374026
9050/50000 epochs... >> loss: 0.000282581
9100/50000 epochs... >> loss: 0.000301917
9150/50000 epochs... >> loss: 0.000375944
9200/50000 epochs... >> loss: 0.000360479
9250/50000 epochs... >> loss: 0.000427253
9300/50000 epochs... >> loss: 0.000440551
9350/50000 epochs... >> loss: 0.000383024
9400/50000 epochs... >> loss: 0.000370111
9450/50000 epochs... >> loss: 0.000431391
9500/50000 epochs... >> loss: 0.000364667
9550/50000 epochs... >> loss: 0.000292179
9600/50000 epochs... >> loss: 0.000271358
9650/50000 epochs... >> loss: 0.000373152
9700/50000 epochs... >> loss: 0.000321661
9750/50000 epochs... >> loss: 0.000377078
9800/50000 epochs... >> loss: 0.000253709
9850/50000 epochs... >> loss: 0.000244162
9900/50000 epochs... >> loss: 0.000280378
9950/50000 epochs... >> loss: 0.000219616
10000/50000 epochs... >> loss: 0.000384921
Iter@10000
For each left:
Hits@1: 46.12%
Hits@10: 78.03%
Hits@50: 91.70%
Hits@100: 94.61%
Hits@200: 96.45%
MRR: 0.568509659923
For each right:
Hits@1: 46.33%
Hits@10: 78.17%
Hits@50: 91.84%
Hits@100: 94.57%
Hits@200: 96.32%
MRR: 0.571039390928
10050/50000 epochs... >> loss: 0.000385164
10100/50000 epochs... >> loss: 0.000385751
10150/50000 epochs... >> loss: 0.000163194
10200/50000 epochs... >> loss: 0.00034106
10250/50000 epochs... >> loss: 0.000500146
10300/50000 epochs... >> loss: 0.000320044
10350/50000 epochs... >> loss: 0.000387505
10400/50000 epochs... >> loss: 0.000346072
10450/50000 epochs... >> loss: 0.000353458
10500/50000 epochs... >> loss: 0.00039979
10550/50000 epochs... >> loss: 0.000305488
10600/50000 epochs... >> loss: 0.000337487
10650/50000 epochs... >> loss: 0.000345336
10700/50000 epochs... >> loss: 0.000478844
10750/50000 epochs... >> loss: 0.000232615
10800/50000 epochs... >> loss: 0.000360364
10850/50000 epochs... >> loss: 0.000219662
10900/50000 epochs... >> loss: 0.000421655
10950/50000 epochs... >> loss: 0.000293899
11000/50000 epochs... >> loss: 0.000252879
11050/50000 epochs... >> loss: 0.000314359
11100/50000 epochs... >> loss: 0.000269808
11150/50000 epochs... >> loss: 0.000274748
11200/50000 epochs... >> loss: 0.000439431
11250/50000 epochs... >> loss: 0.000336918
11300/50000 epochs... >> loss: 0.000340601
11350/50000 epochs... >> loss: 0.000395897
11400/50000 epochs... >> loss: 0.00031071
11450/50000 epochs... >> loss: 0.000196247
11500/50000 epochs... >> loss: 0.000272785
11550/50000 epochs... >> loss: 0.000351537
11600/50000 epochs... >> loss: 0.000256315
11650/50000 epochs... >> loss: 0.000460676
11700/50000 epochs... >> loss: 0.000210429
11750/50000 epochs... >> loss: 0.000238874
11800/50000 epochs... >> loss: 0.000388217
11850/50000 epochs... >> loss: 0.000269269
11900/50000 epochs... >> loss: 0.000269452
11950/50000 epochs... >> loss: 0.000336697
12000/50000 epochs... >> loss: 0.000355725
12050/50000 epochs... >> loss: 0.000278168
12100/50000 epochs... >> loss: 0.00035273
12150/50000 epochs... >> loss: 0.000306246
12200/50000 epochs... >> loss: 0.000372686
12250/50000 epochs... >> loss: 0.000300266
12300/50000 epochs... >> loss: 0.000239204
12350/50000 epochs... >> loss: 0.00035555
12400/50000 epochs... >> loss: 0.000361075
12450/50000 epochs... >> loss: 0.000287437
12500/50000 epochs... >> loss: 0.000278642
12550/50000 epochs... >> loss: 0.000305874
12600/50000 epochs... >> loss: 0.00026937
12650/50000 epochs... >> loss: 0.000470275
12700/50000 epochs... >> loss: 0.00035017
12750/50000 epochs... >> loss: 0.000193586
12800/50000 epochs... >> loss: 0.000294075
12850/50000 epochs... >> loss: 0.000330187
12900/50000 epochs... >> loss: 0.000322851
12950/50000 epochs... >> loss: 0.000230208
13000/50000 epochs... >> loss: 0.000456043
13050/50000 epochs... >> loss: 0.000379632
13100/50000 epochs... >> loss: 0.000462178
13150/50000 epochs... >> loss: 0.000330663
13200/50000 epochs... >> loss: 0.000425184
13250/50000 epochs... >> loss: 0.000295223
13300/50000 epochs... >> loss: 0.000340717
13350/50000 epochs... >> loss: 0.000289046
13400/50000 epochs... >> loss: 0.000241881
13450/50000 epochs... >> loss: 0.00029957
13500/50000 epochs... >> loss: 0.000228786
13550/50000 epochs... >> loss: 0.000341636
13600/50000 epochs... >> loss: 0.000265071
13650/50000 epochs... >> loss: 0.000418116
13700/50000 epochs... >> loss: 0.000353743
13750/50000 epochs... >> loss: 0.000348749
13800/50000 epochs... >> loss: 0.000430274
13850/50000 epochs... >> loss: 0.000271224
13900/50000 epochs... >> loss: 0.000295945
13950/50000 epochs... >> loss: 0.000292749
14000/50000 epochs... >> loss: 0.000385314
14050/50000 epochs... >> loss: 0.000295009
14100/50000 epochs... >> loss: 0.0002474
14150/50000 epochs... >> loss: 0.00030583
14200/50000 epochs... >> loss: 0.000354314
14250/50000 epochs... >> loss: 0.000218189
14300/50000 epochs... >> loss: 0.000313291
14350/50000 epochs... >> loss: 0.000226843
14400/50000 epochs... >> loss: 0.000325903
14450/50000 epochs... >> loss: 0.00035908
14500/50000 epochs... >> loss: 0.000275227
14550/50000 epochs... >> loss: 0.000352856
14600/50000 epochs... >> loss: 0.000319337
14650/50000 epochs... >> loss: 0.000259852
14700/50000 epochs... >> loss: 0.000333662
14750/50000 epochs... >> loss: 0.000387711
14800/50000 epochs... >> loss: 0.000283456
14850/50000 epochs... >> loss: 0.000318441
14900/50000 epochs... >> loss: 0.000262149
14950/50000 epochs... >> loss: 0.000314158
15000/50000 epochs... >> loss: 0.000334942
Iter@15000
For each left:
Hits@1: 45.82%
Hits@10: 77.34%
Hits@50: 91.14%
Hits@100: 94.21%
Hits@200: 96.04%
MRR: 0.564015085351
For each right:
Hits@1: 45.99%
Hits@10: 77.50%
Hits@50: 91.34%
Hits@100: 94.19%
Hits@200: 96.01%
MRR: 0.566454432803
15050/50000 epochs... >> loss: 0.000387381
15100/50000 epochs... >> loss: 0.000436897
15150/50000 epochs... >> loss: 0.000325792
15200/50000 epochs... >> loss: 0.000329086
15250/50000 epochs... >> loss: 0.000220992
15300/50000 epochs... >> loss: 0.000312555
15350/50000 epochs... >> loss: 0.000334807
15400/50000 epochs... >> loss: 0.000292771
15450/50000 epochs... >> loss: 0.000219187
15500/50000 epochs... >> loss: 0.000194506
15550/50000 epochs... >> loss: 0.000353104
15600/50000 epochs... >> loss: 0.000200904
15650/50000 epochs... >> loss: 0.000329271
15700/50000 epochs... >> loss: 0.000301531
15750/50000 epochs... >> loss: 0.000302999
15800/50000 epochs... >> loss: 0.000331105
15850/50000 epochs... >> loss: 0.000153608
15900/50000 epochs... >> loss: 0.000345172
15950/50000 epochs... >> loss: 0.000377987
16000/50000 epochs... >> loss: 0.000230187
16050/50000 epochs... >> loss: 0.000209292
16100/50000 epochs... >> loss: 0.000373013
16150/50000 epochs... >> loss: 0.000270801
16200/50000 epochs... >> loss: 0.000298859
16250/50000 epochs... >> loss: 0.000355132
16300/50000 epochs... >> loss: 0.000231374
16350/50000 epochs... >> loss: 0.000309642
16400/50000 epochs... >> loss: 0.00034076
16450/50000 epochs... >> loss: 0.000157413
16500/50000 epochs... >> loss: 0.000233025
16550/50000 epochs... >> loss: 0.000257412
16600/50000 epochs... >> loss: 0.000315036
16650/50000 epochs... >> loss: 0.000243479
16700/50000 epochs... >> loss: 0.000278973
16750/50000 epochs... >> loss: 0.000409694
16800/50000 epochs... >> loss: 0.000325625
16850/50000 epochs... >> loss: 0.00034264
16900/50000 epochs... >> loss: 0.00027321
16950/50000 epochs... >> loss: 0.000179672
17000/50000 epochs... >> loss: 0.000231657
17050/50000 epochs... >> loss: 0.000289935
17100/50000 epochs... >> loss: 0.000297307
17150/50000 epochs... >> loss: 0.000330324
17200/50000 epochs... >> loss: 0.000213838
17250/50000 epochs... >> loss: 0.000287944
17300/50000 epochs... >> loss: 0.000433797
17350/50000 epochs... >> loss: 0.000356311
17400/50000 epochs... >> loss: 0.000358183
17450/50000 epochs... >> loss: 0.000288807
17500/50000 epochs... >> loss: 0.000354657
17550/50000 epochs... >> loss: 0.000326146
17600/50000 epochs... >> loss: 0.00033739
17650/50000 epochs... >> loss: 0.000311114
17700/50000 epochs... >> loss: 0.000160854
17750/50000 epochs... >> loss: 0.000253401
17800/50000 epochs... >> loss: 0.000193215
17850/50000 epochs... >> loss: 0.000383824
17900/50000 epochs... >> loss: 0.000237168
17950/50000 epochs... >> loss: 0.000316331
18000/50000 epochs... >> loss: 0.000311767
18050/50000 epochs... >> loss: 0.000263515
18100/50000 epochs... >> loss: 0.000286547
18150/50000 epochs... >> loss: 0.000273969
18200/50000 epochs... >> loss: 0.000306018
18250/50000 epochs... >> loss: 0.000358515
18300/50000 epochs... >> loss: 0.0002152
18350/50000 epochs... >> loss: 0.00026084
18400/50000 epochs... >> loss: 0.000257479
18450/50000 epochs... >> loss: 0.000223669
18500/50000 epochs... >> loss: 0.000194474
18550/50000 epochs... >> loss: 0.000301567
18600/50000 epochs... >> loss: 0.000297406
18650/50000 epochs... >> loss: 0.000379312
18700/50000 epochs... >> loss: 0.00031238
18750/50000 epochs... >> loss: 0.000313977
18800/50000 epochs... >> loss: 0.00024479
18850/50000 epochs... >> loss: 0.000156947
18900/50000 epochs... >> loss: 0.000342552
18950/50000 epochs... >> loss: 0.000214435
19000/50000 epochs... >> loss: 0.000274698
19050/50000 epochs... >> loss: 0.000282245
19100/50000 epochs... >> loss: 0.000191396
19150/50000 epochs... >> loss: 0.000308683
19200/50000 epochs... >> loss: 0.000182504
19250/50000 epochs... >> loss: 0.000389561
19300/50000 epochs... >> loss: 0.000298668
19350/50000 epochs... >> loss: 0.000157336
19400/50000 epochs... >> loss: 0.000322709
19450/50000 epochs... >> loss: 0.000273406
19500/50000 epochs... >> loss: 0.00022885
19550/50000 epochs... >> loss: 0.000272101
19600/50000 epochs... >> loss: 0.000134906
19650/50000 epochs... >> loss: 0.000279343
19700/50000 epochs... >> loss: 0.000216007
19750/50000 epochs... >> loss: 0.000351092
19800/50000 epochs... >> loss: 0.00028873
19850/50000 epochs... >> loss: 0.000255428
19900/50000 epochs... >> loss: 0.000248039
19950/50000 epochs... >> loss: 0.000267443
20000/50000 epochs... >> loss: 0.000359922
Iter@20000
For each left:
Hits@1: 45.80%
Hits@10: 77.07%
Hits@50: 91.03%
Hits@100: 93.90%
Hits@200: 95.89%
MRR: 0.56290288728
For each right:
Hits@1: 45.70%
Hits@10: 77.08%
Hits@50: 91.08%
Hits@100: 94.05%
Hits@200: 95.79%
MRR: 0.564339160794
20050/50000 epochs... >> loss: 0.000318609
20100/50000 epochs... >> loss: 0.000312542
20150/50000 epochs... >> loss: 0.000177169
20200/50000 epochs... >> loss: 0.000264626
20250/50000 epochs... >> loss: 0.000260332
20300/50000 epochs... >> loss: 0.000225059
20350/50000 epochs... >> loss: 0.000312151
20400/50000 epochs... >> loss: 0.000299093
20450/50000 epochs... >> loss: 0.000287747
20500/50000 epochs... >> loss: 0.000223274
20550/50000 epochs... >> loss: 0.000278236
20600/50000 epochs... >> loss: 0.000242222
20650/50000 epochs... >> loss: 0.000222611
20700/50000 epochs... >> loss: 0.000175502
20750/50000 epochs... >> loss: 0.000270838
20800/50000 epochs... >> loss: 0.000353504
20850/50000 epochs... >> loss: 0.000187245
20900/50000 epochs... >> loss: 0.0003871
20950/50000 epochs... >> loss: 0.000180281
21000/50000 epochs... >> loss: 0.000228034
21050/50000 epochs... >> loss: 0.000363814
21100/50000 epochs... >> loss: 0.000196604
21150/50000 epochs... >> loss: 0.000231706
21200/50000 epochs... >> loss: 0.000234389
21250/50000 epochs... >> loss: 0.000119588
21300/50000 epochs... >> loss: 0.00026804
21350/50000 epochs... >> loss: 0.000270579
21400/50000 epochs... >> loss: 0.000343351
21450/50000 epochs... >> loss: 0.000320232
21500/50000 epochs... >> loss: 9.64292e-05
21550/50000 epochs... >> loss: 0.00026759
21600/50000 epochs... >> loss: 0.000424681
21650/50000 epochs... >> loss: 0.000230813
21700/50000 epochs... >> loss: 0.000373467
21750/50000 epochs... >> loss: 0.000360797
21800/50000 epochs... >> loss: 0.000160519
21850/50000 epochs... >> loss: 0.000243816
21900/50000 epochs... >> loss: 0.000268128
21950/50000 epochs... >> loss: 0.000265188
22000/50000 epochs... >> loss: 0.000385187
22050/50000 epochs... >> loss: 0.000330584
22100/50000 epochs... >> loss: 0.000176678
22150/50000 epochs... >> loss: 0.000169615
22200/50000 epochs... >> loss: 0.000224646
22250/50000 epochs... >> loss: 0.000236286
22300/50000 epochs... >> loss: 0.000206243
22350/50000 epochs... >> loss: 0.000274566
22400/50000 epochs... >> loss: 0.000263523
22450/50000 epochs... >> loss: 0.00026019
22500/50000 epochs... >> loss: 0.000325038
22550/50000 epochs... >> loss: 0.000247182
22600/50000 epochs... >> loss: 0.000285704
22650/50000 epochs... >> loss: 0.000192905
22700/50000 epochs... >> loss: 0.000195124
22750/50000 epochs... >> loss: 0.000212925
22800/50000 epochs... >> loss: 0.000280243
22850/50000 epochs... >> loss: 0.000202866
22900/50000 epochs... >> loss: 0.000286822
22950/50000 epochs... >> loss: 0.000243656
23000/50000 epochs... >> loss: 0.00034031
23050/50000 epochs... >> loss: 0.000239055
23100/50000 epochs... >> loss: 0.000264158
23150/50000 epochs... >> loss: 0.000272311
23200/50000 epochs... >> loss: 0.000253027
23250/50000 epochs... >> loss: 0.000299796
23300/50000 epochs... >> loss: 0.000246971
23350/50000 epochs... >> loss: 0.000225847
23400/50000 epochs... >> loss: 0.00032474
23450/50000 epochs... >> loss: 0.000314054
23500/50000 epochs... >> loss: 0.000342178
23550/50000 epochs... >> loss: 0.000379784
23600/50000 epochs... >> loss: 0.000246026
23650/50000 epochs... >> loss: 0.000332532
23700/50000 epochs... >> loss: 0.000404235
23750/50000 epochs... >> loss: 0.000242303
23800/50000 epochs... >> loss: 0.00017674
23850/50000 epochs... >> loss: 0.000389869
23900/50000 epochs... >> loss: 0.000225582
23950/50000 epochs... >> loss: 0.000218072
24000/50000 epochs... >> loss: 0.00019344
24050/50000 epochs... >> loss: 0.000232303
24100/50000 epochs... >> loss: 0.000285395
24150/50000 epochs... >> loss: 0.000242563
24200/50000 epochs... >> loss: 0.000314657
24250/50000 epochs... >> loss: 0.000348311
24300/50000 epochs... >> loss: 0.000164181
24350/50000 epochs... >> loss: 0.000301361
24400/50000 epochs... >> loss: 0.000241949
24450/50000 epochs... >> loss: 0.0003472
24500/50000 epochs... >> loss: 0.000179501
24550/50000 epochs... >> loss: 0.000207907
24600/50000 epochs... >> loss: 0.000280851
24650/50000 epochs... >> loss: 0.000214717
24700/50000 epochs... >> loss: 0.000183195
24750/50000 epochs... >> loss: 0.000217997
24800/50000 epochs... >> loss: 0.000246445
24850/50000 epochs... >> loss: 0.000255413
24900/50000 epochs... >> loss: 0.000263816
24950/50000 epochs... >> loss: 0.000244449
25000/50000 epochs... >> loss: 0.000215295
Iter@25000
For each left:
Hits@1: 45.50%
Hits@10: 76.52%
Hits@50: 90.63%
Hits@100: 93.63%
Hits@200: 95.78%
MRR: 0.559362408362
For each right:
Hits@1: 45.32%
Hits@10: 76.95%
Hits@50: 90.89%
Hits@100: 93.65%
Hits@200: 95.58%
MRR: 0.56094254943
25050/50000 epochs... >> loss: 0.000276262
25100/50000 epochs... >> loss: 0.000146944
25150/50000 epochs... >> loss: 0.000336453
25200/50000 epochs... >> loss: 0.000363765
25250/50000 epochs... >> loss: 0.000301147
25300/50000 epochs... >> loss: 0.000178762
25350/50000 epochs... >> loss: 0.000167903
25400/50000 epochs... >> loss: 0.000231277
25450/50000 epochs... >> loss: 0.000233088
25500/50000 epochs... >> loss: 0.00023281
25550/50000 epochs... >> loss: 0.000251371
25600/50000 epochs... >> loss: 0.000358674
25650/50000 epochs... >> loss: 0.000259397
25700/50000 epochs... >> loss: 0.000211533
25750/50000 epochs... >> loss: 0.000221236
25800/50000 epochs... >> loss: 0.000310385
25850/50000 epochs... >> loss: 0.000325108
25900/50000 epochs... >> loss: 0.000289645
25950/50000 epochs... >> loss: 0.00022613
26000/50000 epochs... >> loss: 0.000208804
26050/50000 epochs... >> loss: 0.000207538
26100/50000 epochs... >> loss: 0.0001797
26150/50000 epochs... >> loss: 0.000301692
26200/50000 epochs... >> loss: 0.000144489
26250/50000 epochs... >> loss: 0.000281686
26300/50000 epochs... >> loss: 0.000253306
26350/50000 epochs... >> loss: 0.000280799
26400/50000 epochs... >> loss: 0.000311388
26450/50000 epochs... >> loss: 0.000178015
26500/50000 epochs... >> loss: 0.000268147
26550/50000 epochs... >> loss: 0.000192519
26600/50000 epochs... >> loss: 0.00024022
26650/50000 epochs... >> loss: 0.000313189
26700/50000 epochs... >> loss: 0.00025494
26750/50000 epochs... >> loss: 0.00026809
26800/50000 epochs... >> loss: 0.000292622
26850/50000 epochs... >> loss: 0.000246731
26900/50000 epochs... >> loss: 0.00016107
26950/50000 epochs... >> loss: 0.000187349
27000/50000 epochs... >> loss: 0.000330705
27050/50000 epochs... >> loss: 0.000281421
27100/50000 epochs... >> loss: 0.000279863
27150/50000 epochs... >> loss: 0.000467056
27200/50000 epochs... >> loss: 0.000341715
27250/50000 epochs... >> loss: 9.70148e-05
27300/50000 epochs... >> loss: 0.000191241
27350/50000 epochs... >> loss: 0.000326009
27400/50000 epochs... >> loss: 0.000291297
27450/50000 epochs... >> loss: 0.000224216
27500/50000 epochs... >> loss: 0.000202756
27550/50000 epochs... >> loss: 0.000198045
27600/50000 epochs... >> loss: 0.000225386
27650/50000 epochs... >> loss: 0.000241157
27700/50000 epochs... >> loss: 0.000179788
27750/50000 epochs... >> loss: 0.00025033
27800/50000 epochs... >> loss: 0.000172294
27850/50000 epochs... >> loss: 0.000195843
27900/50000 epochs... >> loss: 0.000241895
27950/50000 epochs... >> loss: 0.000292629
28000/50000 epochs... >> loss: 0.000120923
28050/50000 epochs... >> loss: 0.000213721
28100/50000 epochs... >> loss: 0.000277382
28150/50000 epochs... >> loss: 0.000295896
28200/50000 epochs... >> loss: 0.000272728
28250/50000 epochs... >> loss: 0.000292598
28300/50000 epochs... >> loss: 0.000308933
28350/50000 epochs... >> loss: 0.000293401
28400/50000 epochs... >> loss: 0.000152202
28450/50000 epochs... >> loss: 0.000185716
28500/50000 epochs... >> loss: 0.000228327
28550/50000 epochs... >> loss: 0.000209193
28600/50000 epochs... >> loss: 0.000172678
28650/50000 epochs... >> loss: 0.000353418
28700/50000 epochs... >> loss: 0.00030719
28750/50000 epochs... >> loss: 0.000307332
28800/50000 epochs... >> loss: 0.000221879
28850/50000 epochs... >> loss: 0.000211321
28900/50000 epochs... >> loss: 0.000341474
28950/50000 epochs... >> loss: 0.000291873
29000/50000 epochs... >> loss: 0.000341543
29050/50000 epochs... >> loss: 0.000172307
29100/50000 epochs... >> loss: 0.000308026
29150/50000 epochs... >> loss: 0.000201927
29200/50000 epochs... >> loss: 0.000228569
29250/50000 epochs... >> loss: 0.000198294
29300/50000 epochs... >> loss: 0.000285127
29350/50000 epochs... >> loss: 0.000230649
29400/50000 epochs... >> loss: 0.000218282
29450/50000 epochs... >> loss: 0.000310148
29500/50000 epochs... >> loss: 0.000306438
29550/50000 epochs... >> loss: 0.00039607
29600/50000 epochs... >> loss: 0.000365949
29650/50000 epochs... >> loss: 0.000344781
29700/50000 epochs... >> loss: 0.000227409
29750/50000 epochs... >> loss: 0.000213841
29800/50000 epochs... >> loss: 0.000449063
29850/50000 epochs... >> loss: 0.000202212
29900/50000 epochs... >> loss: 0.000295497
29950/50000 epochs... >> loss: 0.0003614
30000/50000 epochs... >> loss: 0.000251374
Iter@30000
For each left:
Hits@1: 45.18%
Hits@10: 76.11%
Hits@50: 90.50%
Hits@100: 93.57%
Hits@200: 95.45%
MRR: 0.555242296367
For each right:
Hits@1: 45.29%
Hits@10: 76.64%
Hits@50: 90.61%
Hits@100: 93.58%
Hits@200: 95.45%
MRR: 0.558178091372
30050/50000 epochs... >> loss: 0.000247677
30100/50000 epochs... >> loss: 0.000251424
30150/50000 epochs... >> loss: 0.000236088
30200/50000 epochs... >> loss: 0.000192175
30250/50000 epochs... >> loss: 0.000187728
30300/50000 epochs... >> loss: 0.000169136
30350/50000 epochs... >> loss: 0.000214947
30400/50000 epochs... >> loss: 0.000241785
30450/50000 epochs... >> loss: 0.000317538
30500/50000 epochs... >> loss: 0.000203063
30550/50000 epochs... >> loss: 0.000307579
30600/50000 epochs... >> loss: 0.000269314
30650/50000 epochs... >> loss: 0.000260745
30700/50000 epochs... >> loss: 0.000155528
30750/50000 epochs... >> loss: 0.000258276
30800/50000 epochs... >> loss: 0.000284475
30850/50000 epochs... >> loss: 0.000200044
30900/50000 epochs... >> loss: 0.000245484
30950/50000 epochs... >> loss: 0.000399136
31000/50000 epochs... >> loss: 0.00019531
31050/50000 epochs... >> loss: 0.000254308
31100/50000 epochs... >> loss: 0.000335306
31150/50000 epochs... >> loss: 0.000359147
31200/50000 epochs... >> loss: 0.000220625
31250/50000 epochs... >> loss: 0.000187729
31300/50000 epochs... >> loss: 0.000218226
31350/50000 epochs... >> loss: 0.000274352
31400/50000 epochs... >> loss: 0.000165888
31450/50000 epochs... >> loss: 0.000185514
31500/50000 epochs... >> loss: 0.000139907
31550/50000 epochs... >> loss: 0.000286452
31600/50000 epochs... >> loss: 0.000273076
31650/50000 epochs... >> loss: 0.000343928
31700/50000 epochs... >> loss: 0.00023284
31750/50000 epochs... >> loss: 0.000177781
31800/50000 epochs... >> loss: 0.000302398
31850/50000 epochs... >> loss: 0.000213731
31900/50000 epochs... >> loss: 0.000228216
31950/50000 epochs... >> loss: 0.00028208
32000/50000 epochs... >> loss: 0.000153999
32050/50000 epochs... >> loss: 0.00029001
32100/50000 epochs... >> loss: 0.00026579
32150/50000 epochs... >> loss: 0.000180846
32200/50000 epochs... >> loss: 0.000264126
32250/50000 epochs... >> loss: 0.000260551
32300/50000 epochs... >> loss: 0.000345251
32350/50000 epochs... >> loss: 0.000289163
32400/50000 epochs... >> loss: 0.000259983
32450/50000 epochs... >> loss: 0.000296964
32500/50000 epochs... >> loss: 0.00027133
32550/50000 epochs... >> loss: 0.000278048
32600/50000 epochs... >> loss: 0.000206759
32650/50000 epochs... >> loss: 0.000277327
32700/50000 epochs... >> loss: 0.000137049
32750/50000 epochs... >> loss: 0.000354768
32800/50000 epochs... >> loss: 0.000188618
32850/50000 epochs... >> loss: 0.000138915
32900/50000 epochs... >> loss: 0.000189287
32950/50000 epochs... >> loss: 0.00025116
33000/50000 epochs... >> loss: 0.000242702
33050/50000 epochs... >> loss: 0.000367171
33100/50000 epochs... >> loss: 0.00025167
33150/50000 epochs... >> loss: 0.00033439
33200/50000 epochs... >> loss: 0.000206137
33250/50000 epochs... >> loss: 0.000237911
33300/50000 epochs... >> loss: 0.000345939
33350/50000 epochs... >> loss: 0.000118507
33400/50000 epochs... >> loss: 0.000199462
33450/50000 epochs... >> loss: 0.000202732
33500/50000 epochs... >> loss: 0.000137109
33550/50000 epochs... >> loss: 0.000186879
33600/50000 epochs... >> loss: 0.000304271
33650/50000 epochs... >> loss: 0.000315282
33700/50000 epochs... >> loss: 0.000175314
33750/50000 epochs... >> loss: 0.000303571
33800/50000 epochs... >> loss: 0.000252763
33850/50000 epochs... >> loss: 0.000218285
33900/50000 epochs... >> loss: 0.000275203
33950/50000 epochs... >> loss: 0.000218947
34000/50000 epochs... >> loss: 0.000321132
34050/50000 epochs... >> loss: 0.000309691
34100/50000 epochs... >> loss: 0.0002422
34150/50000 epochs... >> loss: 0.00033712
34200/50000 epochs... >> loss: 0.000307645
34250/50000 epochs... >> loss: 0.000276624
34300/50000 epochs... >> loss: 0.000358591
34350/50000 epochs... >> loss: 0.000297271
34400/50000 epochs... >> loss: 0.00019591
34450/50000 epochs... >> loss: 0.000380186
34500/50000 epochs... >> loss: 0.000252204
34550/50000 epochs... >> loss: 0.00030605
34600/50000 epochs... >> loss: 0.000219491
34650/50000 epochs... >> loss: 0.000230386
34700/50000 epochs... >> loss: 0.000354077
34750/50000 epochs... >> loss: 0.000253768
34800/50000 epochs... >> loss: 0.000248636
34850/50000 epochs... >> loss: 0.000189843
34900/50000 epochs... >> loss: 0.000132979
34950/50000 epochs... >> loss: 0.000276558
35000/50000 epochs... >> loss: 0.000222688
Iter@35000
For each left:
Hits@1: 45.07%
Hits@10: 75.76%
Hits@50: 90.10%
Hits@100: 93.19%
Hits@200: 95.28%
MRR: 0.553482816091
For each right:
Hits@1: 45.27%
Hits@10: 76.27%
Hits@50: 90.28%
Hits@100: 93.45%
Hits@200: 95.35%
MRR: 0.556652832655
35050/50000 epochs... >> loss: 0.000218171
35100/50000 epochs... >> loss: 0.00021944
35150/50000 epochs... >> loss: 0.000251299
35200/50000 epochs... >> loss: 0.000227131
35250/50000 epochs... >> loss: 0.000302055
35300/50000 epochs... >> loss: 0.000311687
35350/50000 epochs... >> loss: 0.000184208
35400/50000 epochs... >> loss: 0.000277753
35450/50000 epochs... >> loss: 0.000342607
35500/50000 epochs... >> loss: 0.000285937
35550/50000 epochs... >> loss: 0.000219109
35600/50000 epochs... >> loss: 0.000319197
35650/50000 epochs... >> loss: 0.000310875
35700/50000 epochs... >> loss: 0.000218741
35750/50000 epochs... >> loss: 0.000223607
35800/50000 epochs... >> loss: 0.0001695
35850/50000 epochs... >> loss: 0.000294308
35900/50000 epochs... >> loss: 0.000194294
35950/50000 epochs... >> loss: 0.000373159
36000/50000 epochs... >> loss: 0.000189647
36050/50000 epochs... >> loss: 0.000207865
36100/50000 epochs... >> loss: 0.000305502
36150/50000 epochs... >> loss: 0.000242068
36200/50000 epochs... >> loss: 0.00029504
36250/50000 epochs... >> loss: 0.000253834
36300/50000 epochs... >> loss: 0.000282153
36350/50000 epochs... >> loss: 0.000350985
36400/50000 epochs... >> loss: 0.000326809
36450/50000 epochs... >> loss: 0.000251885
36500/50000 epochs... >> loss: 0.000219781
36550/50000 epochs... >> loss: 0.000267818
36600/50000 epochs... >> loss: 0.000338336
36650/50000 epochs... >> loss: 0.000171777
36700/50000 epochs... >> loss: 0.000177905
36750/50000 epochs... >> loss: 0.000324796
36800/50000 epochs... >> loss: 0.00022151
36850/50000 epochs... >> loss: 0.000411986
36900/50000 epochs... >> loss: 0.000188725
36950/50000 epochs... >> loss: 0.000362633
37000/50000 epochs... >> loss: 0.000287623
37050/50000 epochs... >> loss: 0.000254595
37100/50000 epochs... >> loss: 0.000260237
37150/50000 epochs... >> loss: 0.000253635
37200/50000 epochs... >> loss: 0.00021608
37250/50000 epochs... >> loss: 0.000197257
37300/50000 epochs... >> loss: 0.000209151
37350/50000 epochs... >> loss: 0.000265051
37400/50000 epochs... >> loss: 0.000236703
37450/50000 epochs... >> loss: 0.000272868
37500/50000 epochs... >> loss: 0.00034411
37550/50000 epochs... >> loss: 0.000271027
37600/50000 epochs... >> loss: 0.000215846
37650/50000 epochs... >> loss: 0.000303925
37700/50000 epochs... >> loss: 0.000308081
37750/50000 epochs... >> loss: 0.000290451
37800/50000 epochs... >> loss: 0.000301841
37850/50000 epochs... >> loss: 0.000159678
37900/50000 epochs... >> loss: 0.000181743
37950/50000 epochs... >> loss: 0.000194577
38000/50000 epochs... >> loss: 0.000224644
38050/50000 epochs... >> loss: 0.000258928
38100/50000 epochs... >> loss: 0.000259224
38150/50000 epochs... >> loss: 0.000142597
38200/50000 epochs... >> loss: 0.000277353
38250/50000 epochs... >> loss: 0.000265954
38300/50000 epochs... >> loss: 0.000257453
38350/50000 epochs... >> loss: 0.000228045
38400/50000 epochs... >> loss: 0.000304914
38450/50000 epochs... >> loss: 0.000219981
38500/50000 epochs... >> loss: 0.000368416
38550/50000 epochs... >> loss: 0.000269697
38600/50000 epochs... >> loss: 0.000173716
38650/50000 epochs... >> loss: 0.000161407
38700/50000 epochs... >> loss: 0.000247292
38750/50000 epochs... >> loss: 0.000286263
38800/50000 epochs... >> loss: 0.000182337
38850/50000 epochs... >> loss: 0.000268968
38900/50000 epochs... >> loss: 0.000190418
38950/50000 epochs... >> loss: 0.000301908
39000/50000 epochs... >> loss: 0.00039215
39050/50000 epochs... >> loss: 0.000142103
39100/50000 epochs... >> loss: 0.000179376
39150/50000 epochs... >> loss: 0.000219723
39200/50000 epochs... >> loss: 0.000239367
39250/50000 epochs... >> loss: 0.000250697
39300/50000 epochs... >> loss: 0.000230087
39350/50000 epochs... >> loss: 0.000191458
39400/50000 epochs... >> loss: 0.000378826
39450/50000 epochs... >> loss: 0.000241785
39500/50000 epochs... >> loss: 0.00020869
39550/50000 epochs... >> loss: 0.000213933
39600/50000 epochs... >> loss: 0.000288312
39650/50000 epochs... >> loss: 0.000358435
39700/50000 epochs... >> loss: 0.000207986
39750/50000 epochs... >> loss: 0.000308084
39800/50000 epochs... >> loss: 0.000260341
39850/50000 epochs... >> loss: 0.000238804
39900/50000 epochs... >> loss: 0.0002487
39950/50000 epochs... >> loss: 0.000292615
40000/50000 epochs... >> loss: 0.00023118
Iter@40000
For each left:
Hits@1: 44.83%
Hits@10: 75.20%
Hits@50: 89.91%
Hits@100: 93.18%
Hits@200: 95.08%
MRR: 0.550413273317
For each right:
Hits@1: 44.93%
Hits@10: 75.76%
Hits@50: 89.90%
Hits@100: 93.28%
Hits@200: 95.23%
MRR: 0.55356941954
40050/50000 epochs... >> loss: 0.000304005
40100/50000 epochs... >> loss: 0.000302564
40150/50000 epochs... >> loss: 0.000248361
40200/50000 epochs... >> loss: 0.000447698
40250/50000 epochs... >> loss: 0.000311147
40300/50000 epochs... >> loss: 0.000203124
40350/50000 epochs... >> loss: 0.000233374
40400/50000 epochs... >> loss: 0.000251151
40450/50000 epochs... >> loss: 0.000185419
40500/50000 epochs... >> loss: 0.000217367
40550/50000 epochs... >> loss: 0.00020224
40600/50000 epochs... >> loss: 0.000163592
40650/50000 epochs... >> loss: 0.000181054
40700/50000 epochs... >> loss: 0.000192436
40750/50000 epochs... >> loss: 0.000232376
40800/50000 epochs... >> loss: 0.000129165
40850/50000 epochs... >> loss: 0.000315487
40900/50000 epochs... >> loss: 0.000264765
40950/50000 epochs... >> loss: 0.000242147
41000/50000 epochs... >> loss: 0.000168739
41050/50000 epochs... >> loss: 0.000277922
41100/50000 epochs... >> loss: 0.000311277
41150/50000 epochs... >> loss: 0.000217324
41200/50000 epochs... >> loss: 0.000156692
41250/50000 epochs... >> loss: 0.000337693
41300/50000 epochs... >> loss: 0.000288205
41350/50000 epochs... >> loss: 0.000241456
41400/50000 epochs... >> loss: 0.000293182
41450/50000 epochs... >> loss: 0.000137013
41500/50000 epochs... >> loss: 0.000299455
41550/50000 epochs... >> loss: 0.000230927
41600/50000 epochs... >> loss: 0.00013232
41650/50000 epochs... >> loss: 0.000292154
41700/50000 epochs... >> loss: 0.000246206
41750/50000 epochs... >> loss: 0.000149257
41800/50000 epochs... >> loss: 0.000121677
41850/50000 epochs... >> loss: 0.000278327
41900/50000 epochs... >> loss: 0.000225006
41950/50000 epochs... >> loss: 0.000182093
42000/50000 epochs... >> loss: 0.000256697
42050/50000 epochs... >> loss: 0.000151604
42100/50000 epochs... >> loss: 0.000260776
42150/50000 epochs... >> loss: 0.000144109
42200/50000 epochs... >> loss: 0.000375652
42250/50000 epochs... >> loss: 0.000155823
42300/50000 epochs... >> loss: 0.000211359
42350/50000 epochs... >> loss: 0.00031767
42400/50000 epochs... >> loss: 0.000237295
42450/50000 epochs... >> loss: 0.000193555
42500/50000 epochs... >> loss: 0.000185827
42550/50000 epochs... >> loss: 0.000302055
42600/50000 epochs... >> loss: 0.000239162
42650/50000 epochs... >> loss: 0.000215146
42700/50000 epochs... >> loss: 0.000218528
42750/50000 epochs... >> loss: 0.000329433
42800/50000 epochs... >> loss: 0.000380881
42850/50000 epochs... >> loss: 0.000324953
42900/50000 epochs... >> loss: 0.000188876
42950/50000 epochs... >> loss: 0.000233436
43000/50000 epochs... >> loss: 0.000197633
43050/50000 epochs... >> loss: 0.000238219
43100/50000 epochs... >> loss: 0.000198461
43150/50000 epochs... >> loss: 0.000308894
43200/50000 epochs... >> loss: 0.000277674
43250/50000 epochs... >> loss: 0.000184251
43300/50000 epochs... >> loss: 0.000188964
43350/50000 epochs... >> loss: 0.000228449
43400/50000 epochs... >> loss: 0.000273488
43450/50000 epochs... >> loss: 0.000227334
43500/50000 epochs... >> loss: 0.000265482
43550/50000 epochs... >> loss: 0.000347095
43600/50000 epochs... >> loss: 0.00026982
43650/50000 epochs... >> loss: 0.00017271
43700/50000 epochs... >> loss: 0.000281533
43750/50000 epochs... >> loss: 0.000245331
43800/50000 epochs... >> loss: 0.000212935
43850/50000 epochs... >> loss: 0.00021831
43900/50000 epochs... >> loss: 0.000192434
43950/50000 epochs... >> loss: 0.000284014
44000/50000 epochs... >> loss: 0.00030801
44050/50000 epochs... >> loss: 0.00028513
44100/50000 epochs... >> loss: 0.000289859
44150/50000 epochs... >> loss: 0.000254313
44200/50000 epochs... >> loss: 0.00028975
44250/50000 epochs... >> loss: 0.000147324
44300/50000 epochs... >> loss: 0.000226357
44350/50000 epochs... >> loss: 0.000173027
44400/50000 epochs... >> loss: 0.00024007
44450/50000 epochs... >> loss: 0.000237376
44500/50000 epochs... >> loss: 0.000237994
44550/50000 epochs... >> loss: 0.000231617
44600/50000 epochs... >> loss: 0.000221351
44650/50000 epochs... >> loss: 0.000301725
44700/50000 epochs... >> loss: 0.000266358
44750/50000 epochs... >> loss: 0.000248994
44800/50000 epochs... >> loss: 0.000208622
44850/50000 epochs... >> loss: 0.000156999
44900/50000 epochs... >> loss: 0.000220341
44950/50000 epochs... >> loss: 0.000244626
45000/50000 epochs... >> loss: 0.000326471
Iter@45000
For each left:
Hits@1: 44.77%
Hits@10: 74.69%
Hits@50: 89.59%
Hits@100: 92.84%
Hits@200: 94.82%
MRR: 0.54852621867
For each right:
Hits@1: 44.90%
Hits@10: 75.36%
Hits@50: 89.66%
Hits@100: 93.07%
Hits@200: 95.13%
MRR: 0.552118992237
45050/50000 epochs... >> loss: 0.000199047
45100/50000 epochs... >> loss: 0.00038808
45150/50000 epochs... >> loss: 0.000230701
45200/50000 epochs... >> loss: 0.000268242
45250/50000 epochs... >> loss: 0.000257687
45300/50000 epochs... >> loss: 0.00018092
45350/50000 epochs... >> loss: 0.000278637
45400/50000 epochs... >> loss: 0.000170852
45450/50000 epochs... >> loss: 0.000288141
45500/50000 epochs... >> loss: 0.000300242
45550/50000 epochs... >> loss: 0.000280301
45600/50000 epochs... >> loss: 0.000199938
45650/50000 epochs... >> loss: 0.000276268
45700/50000 epochs... >> loss: 0.000181788
45750/50000 epochs... >> loss: 0.000240173
45800/50000 epochs... >> loss: 0.000178396
45850/50000 epochs... >> loss: 0.000230093
45900/50000 epochs... >> loss: 0.000223297
45950/50000 epochs... >> loss: 0.000236505
46000/50000 epochs... >> loss: 0.000379205
46050/50000 epochs... >> loss: 0.000185481
46100/50000 epochs... >> loss: 0.000184478
46150/50000 epochs... >> loss: 0.00021718
46200/50000 epochs... >> loss: 0.000310157
46250/50000 epochs... >> loss: 0.000255348
46300/50000 epochs... >> loss: 0.000303139
46350/50000 epochs... >> loss: 0.000168591
46400/50000 epochs... >> loss: 0.000309443
46450/50000 epochs... >> loss: 0.000180188
46500/50000 epochs... >> loss: 0.000270659
46550/50000 epochs... >> loss: 0.000442031
46600/50000 epochs... >> loss: 0.000256214
46650/50000 epochs... >> loss: 0.000235419
46700/50000 epochs... >> loss: 0.000253534
46750/50000 epochs... >> loss: 0.000173158
46800/50000 epochs... >> loss: 0.000299078
46850/50000 epochs... >> loss: 0.000168821
46900/50000 epochs... >> loss: 0.00016626
46950/50000 epochs... >> loss: 0.000233291
47000/50000 epochs... >> loss: 0.000276349
47050/50000 epochs... >> loss: 0.000317284
47100/50000 epochs... >> loss: 0.000267821
47150/50000 epochs... >> loss: 0.000348598
47200/50000 epochs... >> loss: 0.000181551
47250/50000 epochs... >> loss: 0.000306031
47300/50000 epochs... >> loss: 0.000231095
47350/50000 epochs... >> loss: 0.000183372
47400/50000 epochs... >> loss: 0.000271917
47450/50000 epochs... >> loss: 0.000228515
47500/50000 epochs... >> loss: 0.000274239
47550/50000 epochs... >> loss: 0.000184111
47600/50000 epochs... >> loss: 0.000230509
47650/50000 epochs... >> loss: 0.000129953
47700/50000 epochs... >> loss: 0.000280206
47750/50000 epochs... >> loss: 0.000255595
47800/50000 epochs... >> loss: 0.000227665
47850/50000 epochs... >> loss: 0.000291652
47900/50000 epochs... >> loss: 0.000149391
47950/50000 epochs... >> loss: 0.000316576
48000/50000 epochs... >> loss: 0.000208621
48050/50000 epochs... >> loss: 0.000178378
48100/50000 epochs... >> loss: 0.000174345
48150/50000 epochs... >> loss: 0.000260916
48200/50000 epochs... >> loss: 0.00031829
48250/50000 epochs... >> loss: 0.000254564
48300/50000 epochs... >> loss: 0.00024674
48350/50000 epochs... >> loss: 0.000274501
48400/50000 epochs... >> loss: 0.0062452
48450/50000 epochs... >> loss: 0.000846173
48500/50000 epochs... >> loss: 0.000797298
48550/50000 epochs... >> loss: 0.000610322
48600/50000 epochs... >> loss: 0.000491224
48650/50000 epochs... >> loss: 0.000473552
48700/50000 epochs... >> loss: 0.00047444
48750/50000 epochs... >> loss: 0.000359428
48800/50000 epochs... >> loss: 0.000372265
48850/50000 epochs... >> loss: 0.000487236
48900/50000 epochs... >> loss: 0.000227539
48950/50000 epochs... >> loss: 0.000248078
49000/50000 epochs... >> loss: 0.000256602
49050/50000 epochs... >> loss: 0.000449252
49100/50000 epochs... >> loss: 0.000370175
49150/50000 epochs... >> loss: 0.000284184
49200/50000 epochs... >> loss: 0.000290163
49250/50000 epochs... >> loss: 0.000205876
49300/50000 epochs... >> loss: 0.000154424
49350/50000 epochs... >> loss: 0.000236254
49400/50000 epochs... >> loss: 0.000344264
49450/50000 epochs... >> loss: 0.000310367
49500/50000 epochs... >> loss: 0.000354513
49550/50000 epochs... >> loss: 0.000328976
49600/50000 epochs... >> loss: 0.000213427
49650/50000 epochs... >> loss: 0.000332526
49700/50000 epochs... >> loss: 0.000300848
49750/50000 epochs... >> loss: 0.000397536
49800/50000 epochs... >> loss: 0.000218437
49850/50000 epochs... >> loss: 0.000207139
49900/50000 epochs... >> loss: 0.000351553
49950/50000 epochs... >> loss: 0.000411742
50000/50000 epochs... >> loss: 0.000219211
Iter@50000
For each left:
Hits@1: 46.06%
Hits@10: 76.46%
Hits@50: 90.82%
Hits@100: 94.00%
Hits@200: 96.10%
MRR: 0.563350705982
For each right:
Hits@1: 46.15%
Hits@10: 76.93%
Hits@50: 90.94%
Hits@100: 94.12%
Hits@200: 96.02%
MRR: 0.565028941348
For each left:
Hits@1: 46.06%
Hits@10: 76.46%
Hits@50: 90.82%
Hits@100: 94.00%
Hits@200: 96.10%
MRR: 0.563350705979
For each right:
Hits@1: 46.15%
Hits@10: 76.93%
Hits@50: 90.94%
Hits@100: 94.12%
Hits@200: 96.02%
MRR: 0.565028941348
total time elapsed: 4356.3895 s
