***********************dbp_wd_15k_V1************************
loading a file...data/dbp_wd_15k_V1/ent_ids_1
loading a file...data/dbp_wd_15k_V1/ent_ids_2
30000
loading a file...data/dbp_wd_15k_V1/ref_ent_ids
loading a file...data/dbp_wd_15k_V1/train
loading a file...data/dbp_wd_15k_V1/dev
loading a file...data/dbp_wd_15k_V1/test
loading a file...data/dbp_wd_15k_V1/triples_1
loading a file...data/dbp_wd_15k_V1/triples_2
397
running HMAN...
adding the se input layer...
adding a layer...
adding a layer...
getting loss...
initializing...
running...
50/50000 epochs... >> loss: 0.441748
100/50000 epochs... >> loss: 0.296312
150/50000 epochs... >> loss: 0.242453
200/50000 epochs... >> loss: 0.216226
250/50000 epochs... >> loss: 0.185795
300/50000 epochs... >> loss: 0.172249
350/50000 epochs... >> loss: 0.161809
400/50000 epochs... >> loss: 0.149484
450/50000 epochs... >> loss: 0.140646
500/50000 epochs... >> loss: 0.131769
550/50000 epochs... >> loss: 0.126347
600/50000 epochs... >> loss: 0.130361
650/50000 epochs... >> loss: 0.123589
700/50000 epochs... >> loss: 0.115625
750/50000 epochs... >> loss: 0.111219
800/50000 epochs... >> loss: 0.114431
850/50000 epochs... >> loss: 0.106569
900/50000 epochs... >> loss: 0.113953
950/50000 epochs... >> loss: 0.107342
1000/50000 epochs... >> loss: 0.103582
1050/50000 epochs... >> loss: 0.100738
1100/50000 epochs... >> loss: 0.10081
1150/50000 epochs... >> loss: 0.0897804
1200/50000 epochs... >> loss: 0.0968108
1250/50000 epochs... >> loss: 0.090962
1300/50000 epochs... >> loss: 0.0877628
1350/50000 epochs... >> loss: 0.0836938
1400/50000 epochs... >> loss: 0.084104
1450/50000 epochs... >> loss: 0.0841062
1500/50000 epochs... >> loss: 0.0868654
1550/50000 epochs... >> loss: 0.0697882
1600/50000 epochs... >> loss: 0.06275
1650/50000 epochs... >> loss: 0.0674559
1700/50000 epochs... >> loss: 0.062178
1750/50000 epochs... >> loss: 0.0431977
1800/50000 epochs... >> loss: 0.033275
1850/50000 epochs... >> loss: 0.0288599
1900/50000 epochs... >> loss: 0.022371
1950/50000 epochs... >> loss: 0.0170653
2000/50000 epochs... >> loss: 0.0136055
2050/50000 epochs... >> loss: 0.0123453
2100/50000 epochs... >> loss: 0.00881174
2150/50000 epochs... >> loss: 0.00547096
2200/50000 epochs... >> loss: 0.00416379
2250/50000 epochs... >> loss: 0.0032451
2300/50000 epochs... >> loss: 0.00248322
2350/50000 epochs... >> loss: 0.00195597
2400/50000 epochs... >> loss: 0.00192635
2450/50000 epochs... >> loss: 0.00177446
2500/50000 epochs... >> loss: 0.00142392
2550/50000 epochs... >> loss: 0.00170031
2600/50000 epochs... >> loss: 0.00147157
2650/50000 epochs... >> loss: 0.00111297
2700/50000 epochs... >> loss: 0.00122977
2750/50000 epochs... >> loss: 0.00106149
2800/50000 epochs... >> loss: 0.00103614
2850/50000 epochs... >> loss: 0.00116258
2900/50000 epochs... >> loss: 0.000936828
2950/50000 epochs... >> loss: 0.00102488
3000/50000 epochs... >> loss: 0.00077107
3050/50000 epochs... >> loss: 0.00103024
3100/50000 epochs... >> loss: 0.00107672
3150/50000 epochs... >> loss: 0.000814852
3200/50000 epochs... >> loss: 0.000950218
3250/50000 epochs... >> loss: 0.000753448
3300/50000 epochs... >> loss: 0.00107981
3350/50000 epochs... >> loss: 0.000950157
3400/50000 epochs... >> loss: 0.000688964
3450/50000 epochs... >> loss: 0.000610487
3500/50000 epochs... >> loss: 0.000640129
3550/50000 epochs... >> loss: 0.000887456
3600/50000 epochs... >> loss: 0.000951866
3650/50000 epochs... >> loss: 0.000711153
3700/50000 epochs... >> loss: 0.000776808
3750/50000 epochs... >> loss: 0.00062069
3800/50000 epochs... >> loss: 0.000712715
3850/50000 epochs... >> loss: 0.000692331
3900/50000 epochs... >> loss: 0.000544208
3950/50000 epochs... >> loss: 0.000750604
4000/50000 epochs... >> loss: 0.000798116
4050/50000 epochs... >> loss: 0.000579004
4100/50000 epochs... >> loss: 0.00070885
4150/50000 epochs... >> loss: 0.000812966
4200/50000 epochs... >> loss: 0.000621392
4250/50000 epochs... >> loss: 0.00059077
4300/50000 epochs... >> loss: 0.000738017
4350/50000 epochs... >> loss: 0.000521811
4400/50000 epochs... >> loss: 0.000549564
4450/50000 epochs... >> loss: 0.00042124
4500/50000 epochs... >> loss: 0.000519791
4550/50000 epochs... >> loss: 0.000544081
4600/50000 epochs... >> loss: 0.00051539
4650/50000 epochs... >> loss: 0.000693938
4700/50000 epochs... >> loss: 0.000532781
4750/50000 epochs... >> loss: 0.000483483
4800/50000 epochs... >> loss: 0.00066891
4850/50000 epochs... >> loss: 0.000552816
4900/50000 epochs... >> loss: 0.000574115
4950/50000 epochs... >> loss: 0.000460146
5000/50000 epochs... >> loss: 0.000471434
Iter@5000
For each left:
Hits@1: 43.39%
Hits@10: 77.47%
Hits@50: 90.51%
Hits@100: 93.37%
Hits@200: 95.46%
MRR: 0.549533684477
For each right:
Hits@1: 44.24%
Hits@10: 77.35%
Hits@50: 90.34%
Hits@100: 93.41%
Hits@200: 95.46%
MRR: 0.554895036969
5050/50000 epochs... >> loss: 0.000567779
5100/50000 epochs... >> loss: 0.000546226
5150/50000 epochs... >> loss: 0.000668662
5200/50000 epochs... >> loss: 0.000644526
5250/50000 epochs... >> loss: 0.000529911
5300/50000 epochs... >> loss: 0.000486773
5350/50000 epochs... >> loss: 0.000445832
5400/50000 epochs... >> loss: 0.0004815
5450/50000 epochs... >> loss: 0.000534401
5500/50000 epochs... >> loss: 0.00054081
5550/50000 epochs... >> loss: 0.000489231
5600/50000 epochs... >> loss: 0.000514222
5650/50000 epochs... >> loss: 0.000533504
5700/50000 epochs... >> loss: 0.000680442
5750/50000 epochs... >> loss: 0.00054654
5800/50000 epochs... >> loss: 0.000438782
5850/50000 epochs... >> loss: 0.000466344
5900/50000 epochs... >> loss: 0.000495558
5950/50000 epochs... >> loss: 0.000471476
6000/50000 epochs... >> loss: 0.000408017
6050/50000 epochs... >> loss: 0.000416675
6100/50000 epochs... >> loss: 0.000546759
6150/50000 epochs... >> loss: 0.000645564
6200/50000 epochs... >> loss: 0.000390677
6250/50000 epochs... >> loss: 0.000375399
6300/50000 epochs... >> loss: 0.00033678
6350/50000 epochs... >> loss: 0.000473727
6400/50000 epochs... >> loss: 0.000407949
6450/50000 epochs... >> loss: 0.000485165
6500/50000 epochs... >> loss: 0.000519925
6550/50000 epochs... >> loss: 0.000377214
6600/50000 epochs... >> loss: 0.000597936
6650/50000 epochs... >> loss: 0.000366243
6700/50000 epochs... >> loss: 0.000533964
6750/50000 epochs... >> loss: 0.000418559
6800/50000 epochs... >> loss: 0.000403225
6850/50000 epochs... >> loss: 0.000393951
6900/50000 epochs... >> loss: 0.000372434
6950/50000 epochs... >> loss: 0.000380901
7000/50000 epochs... >> loss: 0.000518891
7050/50000 epochs... >> loss: 0.000540891
7100/50000 epochs... >> loss: 0.000391651
7150/50000 epochs... >> loss: 0.00056789
7200/50000 epochs... >> loss: 0.000496133
7250/50000 epochs... >> loss: 0.000503966
7300/50000 epochs... >> loss: 0.000328008
7350/50000 epochs... >> loss: 0.000304558
7400/50000 epochs... >> loss: 0.000267016
7450/50000 epochs... >> loss: 0.000593105
7500/50000 epochs... >> loss: 0.000485484
7550/50000 epochs... >> loss: 0.00053335
7600/50000 epochs... >> loss: 0.000497276
7650/50000 epochs... >> loss: 0.000466423
7700/50000 epochs... >> loss: 0.000495225
7750/50000 epochs... >> loss: 0.00033735
7800/50000 epochs... >> loss: 0.00042692
7850/50000 epochs... >> loss: 0.000456252
7900/50000 epochs... >> loss: 0.000360925
7950/50000 epochs... >> loss: 0.000456535
8000/50000 epochs... >> loss: 0.000514386
8050/50000 epochs... >> loss: 0.000419774
8100/50000 epochs... >> loss: 0.000449489
8150/50000 epochs... >> loss: 0.00048274
8200/50000 epochs... >> loss: 0.000372319
8250/50000 epochs... >> loss: 0.000342903
8300/50000 epochs... >> loss: 0.00036166
8350/50000 epochs... >> loss: 0.00055247
8400/50000 epochs... >> loss: 0.000423262
8450/50000 epochs... >> loss: 0.000288676
8500/50000 epochs... >> loss: 0.000482012
8550/50000 epochs... >> loss: 0.000673373
8600/50000 epochs... >> loss: 0.000456272
8650/50000 epochs... >> loss: 0.000419914
8700/50000 epochs... >> loss: 0.000309047
8750/50000 epochs... >> loss: 0.000327621
8800/50000 epochs... >> loss: 0.000429107
8850/50000 epochs... >> loss: 0.000331171
8900/50000 epochs... >> loss: 0.000301594
8950/50000 epochs... >> loss: 0.000446332
9000/50000 epochs... >> loss: 0.000258221
9050/50000 epochs... >> loss: 0.000264395
9100/50000 epochs... >> loss: 0.00041439
9150/50000 epochs... >> loss: 0.000463584
9200/50000 epochs... >> loss: 0.000248042
9250/50000 epochs... >> loss: 0.000506747
9300/50000 epochs... >> loss: 0.000403013
9350/50000 epochs... >> loss: 0.000404477
9400/50000 epochs... >> loss: 0.00048297
9450/50000 epochs... >> loss: 0.000486985
9500/50000 epochs... >> loss: 0.000390091
9550/50000 epochs... >> loss: 0.000323974
9600/50000 epochs... >> loss: 0.000376121
9650/50000 epochs... >> loss: 0.000296666
9700/50000 epochs... >> loss: 0.000391851
9750/50000 epochs... >> loss: 0.000426971
9800/50000 epochs... >> loss: 0.000231302
9850/50000 epochs... >> loss: 0.000278904
9900/50000 epochs... >> loss: 0.00038972
9950/50000 epochs... >> loss: 0.000282285
10000/50000 epochs... >> loss: 0.000348967
Iter@10000
For each left:
Hits@1: 44.63%
Hits@10: 77.88%
Hits@50: 89.98%
Hits@100: 92.91%
Hits@200: 95.08%
MRR: 0.558921811998
For each right:
Hits@1: 45.52%
Hits@10: 77.47%
Hits@50: 89.85%
Hits@100: 92.87%
Hits@200: 95.27%
MRR: 0.563379712131
10050/50000 epochs... >> loss: 0.000440235
10100/50000 epochs... >> loss: 0.000236823
10150/50000 epochs... >> loss: 0.000547976
10200/50000 epochs... >> loss: 0.000344879
10250/50000 epochs... >> loss: 0.000395858
10300/50000 epochs... >> loss: 0.000416577
10350/50000 epochs... >> loss: 0.000230828
10400/50000 epochs... >> loss: 0.000447434
10450/50000 epochs... >> loss: 0.0005011
10500/50000 epochs... >> loss: 0.000231635
10550/50000 epochs... >> loss: 0.000416791
10600/50000 epochs... >> loss: 0.000390117
10650/50000 epochs... >> loss: 0.000489435
10700/50000 epochs... >> loss: 0.000393574
10750/50000 epochs... >> loss: 0.000389301
10800/50000 epochs... >> loss: 0.00034265
10850/50000 epochs... >> loss: 0.00029837
10900/50000 epochs... >> loss: 0.000467018
10950/50000 epochs... >> loss: 0.000377007
11000/50000 epochs... >> loss: 0.000454103
11050/50000 epochs... >> loss: 0.000397925
11100/50000 epochs... >> loss: 0.000335438
11150/50000 epochs... >> loss: 0.000267973
11200/50000 epochs... >> loss: 0.000400193
11250/50000 epochs... >> loss: 0.000240333
11300/50000 epochs... >> loss: 0.000333926
11350/50000 epochs... >> loss: 0.000547613
11400/50000 epochs... >> loss: 0.000388011
11450/50000 epochs... >> loss: 0.000445467
11500/50000 epochs... >> loss: 0.000384685
11550/50000 epochs... >> loss: 0.000361259
11600/50000 epochs... >> loss: 0.000337252
11650/50000 epochs... >> loss: 0.000366045
11700/50000 epochs... >> loss: 0.000294639
11750/50000 epochs... >> loss: 0.000312923
11800/50000 epochs... >> loss: 0.000427142
11850/50000 epochs... >> loss: 0.00028751
11900/50000 epochs... >> loss: 0.000138365
11950/50000 epochs... >> loss: 0.000299254
12000/50000 epochs... >> loss: 0.00041441
12050/50000 epochs... >> loss: 0.000362707
12100/50000 epochs... >> loss: 0.000377553
12150/50000 epochs... >> loss: 0.000480291
12200/50000 epochs... >> loss: 0.000409183
12250/50000 epochs... >> loss: 0.000239998
12300/50000 epochs... >> loss: 0.000304156
12350/50000 epochs... >> loss: 0.000513448
12400/50000 epochs... >> loss: 0.00026382
12450/50000 epochs... >> loss: 0.000268581
12500/50000 epochs... >> loss: 0.000218536
12550/50000 epochs... >> loss: 0.000450485
12600/50000 epochs... >> loss: 0.000287515
12650/50000 epochs... >> loss: 0.000527707
12700/50000 epochs... >> loss: 0.000434361
12750/50000 epochs... >> loss: 0.000257627
12800/50000 epochs... >> loss: 0.000566284
12850/50000 epochs... >> loss: 0.000599872
12900/50000 epochs... >> loss: 0.000518503
12950/50000 epochs... >> loss: 0.000357378
13000/50000 epochs... >> loss: 0.000305715
13050/50000 epochs... >> loss: 0.000457429
13100/50000 epochs... >> loss: 0.000229298
13150/50000 epochs... >> loss: 0.000397806
13200/50000 epochs... >> loss: 0.000248103
13250/50000 epochs... >> loss: 0.000287381
13300/50000 epochs... >> loss: 0.00043852
13350/50000 epochs... >> loss: 0.000347234
13400/50000 epochs... >> loss: 0.000324195
13450/50000 epochs... >> loss: 0.000255696
13500/50000 epochs... >> loss: 0.000413922
13550/50000 epochs... >> loss: 0.000202839
13600/50000 epochs... >> loss: 0.00030203
13650/50000 epochs... >> loss: 0.000527269
13700/50000 epochs... >> loss: 0.000261984
13750/50000 epochs... >> loss: 0.00020802
13800/50000 epochs... >> loss: 0.000240333
13850/50000 epochs... >> loss: 0.000378855
13900/50000 epochs... >> loss: 0.000237377
13950/50000 epochs... >> loss: 0.000378232
14000/50000 epochs... >> loss: 0.000436611
14050/50000 epochs... >> loss: 0.000274299
14100/50000 epochs... >> loss: 0.000374351
14150/50000 epochs... >> loss: 0.000359537
14200/50000 epochs... >> loss: 0.000378701
14250/50000 epochs... >> loss: 0.000303892
14300/50000 epochs... >> loss: 0.000357886
14350/50000 epochs... >> loss: 0.000425883
14400/50000 epochs... >> loss: 0.000317222
14450/50000 epochs... >> loss: 0.000467575
14500/50000 epochs... >> loss: 0.000350182
14550/50000 epochs... >> loss: 0.000173015
14600/50000 epochs... >> loss: 0.000308949
14650/50000 epochs... >> loss: 0.000400273
14700/50000 epochs... >> loss: 0.000378928
14750/50000 epochs... >> loss: 0.000395066
14800/50000 epochs... >> loss: 0.000360715
14850/50000 epochs... >> loss: 0.000357629
14900/50000 epochs... >> loss: 0.000191493
14950/50000 epochs... >> loss: 0.000478305
15000/50000 epochs... >> loss: 0.000331318
Iter@15000
For each left:
Hits@1: 45.01%
Hits@10: 77.72%
Hits@50: 89.82%
Hits@100: 92.76%
Hits@200: 95.12%
MRR: 0.561139258356
For each right:
Hits@1: 45.55%
Hits@10: 77.27%
Hits@50: 89.81%
Hits@100: 92.80%
Hits@200: 94.99%
MRR: 0.56452112146
15050/50000 epochs... >> loss: 0.0002962
15100/50000 epochs... >> loss: 0.00032403
15150/50000 epochs... >> loss: 0.000206389
15200/50000 epochs... >> loss: 0.00025608
15250/50000 epochs... >> loss: 0.000263019
15300/50000 epochs... >> loss: 0.000331762
15350/50000 epochs... >> loss: 0.000312896
15400/50000 epochs... >> loss: 0.000259491
15450/50000 epochs... >> loss: 0.00029624
15500/50000 epochs... >> loss: 0.000218897
15550/50000 epochs... >> loss: 0.000377156
15600/50000 epochs... >> loss: 0.000452397
15650/50000 epochs... >> loss: 0.000354285
15700/50000 epochs... >> loss: 0.000238063
15750/50000 epochs... >> loss: 0.000479766
15800/50000 epochs... >> loss: 0.000281149
15850/50000 epochs... >> loss: 0.000261883
15900/50000 epochs... >> loss: 0.000182492
15950/50000 epochs... >> loss: 0.000392423
16000/50000 epochs... >> loss: 0.00031105
16050/50000 epochs... >> loss: 0.000349393
16100/50000 epochs... >> loss: 0.000291983
16150/50000 epochs... >> loss: 0.000230395
16200/50000 epochs... >> loss: 0.000255997
16250/50000 epochs... >> loss: 0.000292457
16300/50000 epochs... >> loss: 0.00038808
16350/50000 epochs... >> loss: 0.000353606
16400/50000 epochs... >> loss: 0.000323886
16450/50000 epochs... >> loss: 0.000385908
16500/50000 epochs... >> loss: 0.000288176
16550/50000 epochs... >> loss: 0.000336748
16600/50000 epochs... >> loss: 0.000280943
16650/50000 epochs... >> loss: 0.000414527
16700/50000 epochs... >> loss: 0.000224593
16750/50000 epochs... >> loss: 0.000375946
16800/50000 epochs... >> loss: 0.000236773
16850/50000 epochs... >> loss: 0.000263213
16900/50000 epochs... >> loss: 0.000294389
16950/50000 epochs... >> loss: 0.000337882
17000/50000 epochs... >> loss: 0.000289974
17050/50000 epochs... >> loss: 0.000199234
17100/50000 epochs... >> loss: 0.000285099
17150/50000 epochs... >> loss: 0.000239708
17200/50000 epochs... >> loss: 0.000488348
17250/50000 epochs... >> loss: 0.000309629
17300/50000 epochs... >> loss: 0.000485932
17350/50000 epochs... >> loss: 0.000267747
17400/50000 epochs... >> loss: 0.000387794
17450/50000 epochs... >> loss: 0.000272895
17500/50000 epochs... >> loss: 0.000372142
17550/50000 epochs... >> loss: 0.000350768
17600/50000 epochs... >> loss: 0.000240804
17650/50000 epochs... >> loss: 0.000392651
17700/50000 epochs... >> loss: 0.000216131
17750/50000 epochs... >> loss: 0.000380233
17800/50000 epochs... >> loss: 0.000378539
17850/50000 epochs... >> loss: 0.000365922
17900/50000 epochs... >> loss: 0.000211708
17950/50000 epochs... >> loss: 0.000407845
18000/50000 epochs... >> loss: 0.000313615
18050/50000 epochs... >> loss: 0.000399581
18100/50000 epochs... >> loss: 0.000463336
18150/50000 epochs... >> loss: 0.000263339
18200/50000 epochs... >> loss: 0.000362226
18250/50000 epochs... >> loss: 0.000412316
18300/50000 epochs... >> loss: 0.000385334
18350/50000 epochs... >> loss: 0.000386548
18400/50000 epochs... >> loss: 0.000440587
18450/50000 epochs... >> loss: 0.00032412
18500/50000 epochs... >> loss: 0.000412087
18550/50000 epochs... >> loss: 0.000260452
18600/50000 epochs... >> loss: 0.000172602
18650/50000 epochs... >> loss: 0.000226802
18700/50000 epochs... >> loss: 0.000335705
18750/50000 epochs... >> loss: 0.000332366
18800/50000 epochs... >> loss: 0.000454117
18850/50000 epochs... >> loss: 0.00028002
18900/50000 epochs... >> loss: 0.000372367
18950/50000 epochs... >> loss: 0.000285339
19000/50000 epochs... >> loss: 0.000340913
19050/50000 epochs... >> loss: 0.000309745
19100/50000 epochs... >> loss: 0.000238632
19150/50000 epochs... >> loss: 0.000276978
19200/50000 epochs... >> loss: 0.000367359
19250/50000 epochs... >> loss: 0.000276897
19300/50000 epochs... >> loss: 0.000279267
19350/50000 epochs... >> loss: 0.000394848
19400/50000 epochs... >> loss: 0.000294378
19450/50000 epochs... >> loss: 0.00034295
19500/50000 epochs... >> loss: 0.000374977
19550/50000 epochs... >> loss: 0.000339743
19600/50000 epochs... >> loss: 0.00020168
19650/50000 epochs... >> loss: 0.000322915
19700/50000 epochs... >> loss: 0.000442058
19750/50000 epochs... >> loss: 0.000225275
19800/50000 epochs... >> loss: 0.000291343
19850/50000 epochs... >> loss: 0.000288754
19900/50000 epochs... >> loss: 0.000311251
19950/50000 epochs... >> loss: 0.000221154
20000/50000 epochs... >> loss: 0.000348179
Iter@20000
For each left:
Hits@1: 45.28%
Hits@10: 77.10%
Hits@50: 89.55%
Hits@100: 92.34%
Hits@200: 94.52%
MRR: 0.56098350264
For each right:
Hits@1: 45.27%
Hits@10: 77.07%
Hits@50: 89.31%
Hits@100: 92.46%
Hits@200: 94.52%
MRR: 0.560942218499
20050/50000 epochs... >> loss: 0.000187603
20100/50000 epochs... >> loss: 0.000333208
20150/50000 epochs... >> loss: 0.000396935
20200/50000 epochs... >> loss: 0.000294797
20250/50000 epochs... >> loss: 0.000387318
20300/50000 epochs... >> loss: 0.00023996
20350/50000 epochs... >> loss: 0.000269904
20400/50000 epochs... >> loss: 0.000285537
20450/50000 epochs... >> loss: 0.000188408
20500/50000 epochs... >> loss: 0.000314852
20550/50000 epochs... >> loss: 0.000297366
20600/50000 epochs... >> loss: 0.000379736
20650/50000 epochs... >> loss: 0.000323485
20700/50000 epochs... >> loss: 0.000143388
20750/50000 epochs... >> loss: 0.000303885
20800/50000 epochs... >> loss: 0.000281427
20850/50000 epochs... >> loss: 0.000321356
20900/50000 epochs... >> loss: 0.000342442
20950/50000 epochs... >> loss: 0.000389855
21000/50000 epochs... >> loss: 0.000410495
21050/50000 epochs... >> loss: 0.000376388
21100/50000 epochs... >> loss: 0.00030984
21150/50000 epochs... >> loss: 0.000333442
21200/50000 epochs... >> loss: 0.000234403
21250/50000 epochs... >> loss: 0.000469512
21300/50000 epochs... >> loss: 0.000378693
21350/50000 epochs... >> loss: 0.000280618
21400/50000 epochs... >> loss: 0.000304844
21450/50000 epochs... >> loss: 0.000408966
21500/50000 epochs... >> loss: 0.000240189
21550/50000 epochs... >> loss: 0.000370128
21600/50000 epochs... >> loss: 0.000282413
21650/50000 epochs... >> loss: 0.000226559
21700/50000 epochs... >> loss: 0.000299117
21750/50000 epochs... >> loss: 0.000317671
21800/50000 epochs... >> loss: 0.000297085
21850/50000 epochs... >> loss: 0.0002025
21900/50000 epochs... >> loss: 0.000220137
21950/50000 epochs... >> loss: 0.000424914
22000/50000 epochs... >> loss: 0.000256895
22050/50000 epochs... >> loss: 0.000289664
22100/50000 epochs... >> loss: 0.000345841
22150/50000 epochs... >> loss: 0.000353471
22200/50000 epochs... >> loss: 0.000240601
22250/50000 epochs... >> loss: 0.000243201
22300/50000 epochs... >> loss: 0.000285897
22350/50000 epochs... >> loss: 0.000175123
22400/50000 epochs... >> loss: 0.000464596
22450/50000 epochs... >> loss: 0.00028925
22500/50000 epochs... >> loss: 0.000328128
22550/50000 epochs... >> loss: 0.000369252
22600/50000 epochs... >> loss: 0.000225148
22650/50000 epochs... >> loss: 0.000303356
22700/50000 epochs... >> loss: 0.000260132
22750/50000 epochs... >> loss: 0.000307366
22800/50000 epochs... >> loss: 0.000279685
22850/50000 epochs... >> loss: 0.000342927
22900/50000 epochs... >> loss: 0.000255405
22950/50000 epochs... >> loss: 0.000213941
23000/50000 epochs... >> loss: 0.000221718
23050/50000 epochs... >> loss: 0.000195178
23100/50000 epochs... >> loss: 0.000295521
23150/50000 epochs... >> loss: 0.000184831
23200/50000 epochs... >> loss: 0.00051508
23250/50000 epochs... >> loss: 0.000286565
23300/50000 epochs... >> loss: 0.000260608
23350/50000 epochs... >> loss: 0.000300623
23400/50000 epochs... >> loss: 0.000210792
23450/50000 epochs... >> loss: 0.000287462
23500/50000 epochs... >> loss: 0.000380019
23550/50000 epochs... >> loss: 0.000406017
23600/50000 epochs... >> loss: 0.000283368
23650/50000 epochs... >> loss: 0.000230787
23700/50000 epochs... >> loss: 0.000389151
23750/50000 epochs... >> loss: 0.000215529
23800/50000 epochs... >> loss: 0.000239834
23850/50000 epochs... >> loss: 0.000104441
23900/50000 epochs... >> loss: 0.000304625
23950/50000 epochs... >> loss: 0.000336711
24000/50000 epochs... >> loss: 0.000442008
24050/50000 epochs... >> loss: 0.000239434
24100/50000 epochs... >> loss: 0.000195722
24150/50000 epochs... >> loss: 0.000247057
24200/50000 epochs... >> loss: 0.000274289
24250/50000 epochs... >> loss: 0.000349216
24300/50000 epochs... >> loss: 0.000254603
24350/50000 epochs... >> loss: 0.000303549
24400/50000 epochs... >> loss: 0.000193886
24450/50000 epochs... >> loss: 0.000164189
24500/50000 epochs... >> loss: 0.000321842
24550/50000 epochs... >> loss: 0.000223296
24600/50000 epochs... >> loss: 0.0002661
24650/50000 epochs... >> loss: 0.000371436
24700/50000 epochs... >> loss: 0.000417148
24750/50000 epochs... >> loss: 0.000279634
24800/50000 epochs... >> loss: 0.000273525
24850/50000 epochs... >> loss: 0.000345689
24900/50000 epochs... >> loss: 0.000198976
24950/50000 epochs... >> loss: 0.000348147
25000/50000 epochs... >> loss: 0.00024607
Iter@25000
For each left:
Hits@1: 45.33%
Hits@10: 76.70%
Hits@50: 89.10%
Hits@100: 91.86%
Hits@200: 94.12%
MRR: 0.559033176628
For each right:
Hits@1: 45.45%
Hits@10: 76.47%
Hits@50: 88.99%
Hits@100: 91.92%
Hits@200: 94.26%
MRR: 0.560567694197
25050/50000 epochs... >> loss: 0.000167635
25100/50000 epochs... >> loss: 0.000390067
25150/50000 epochs... >> loss: 0.000257882
25200/50000 epochs... >> loss: 0.000368362
25250/50000 epochs... >> loss: 0.000316007
25300/50000 epochs... >> loss: 0.000259976
25350/50000 epochs... >> loss: 0.00031525
25400/50000 epochs... >> loss: 0.000360808
25450/50000 epochs... >> loss: 0.000214176
25500/50000 epochs... >> loss: 0.000360696
25550/50000 epochs... >> loss: 0.000211662
25600/50000 epochs... >> loss: 0.00025801
25650/50000 epochs... >> loss: 0.000276449
25700/50000 epochs... >> loss: 0.000230768
25750/50000 epochs... >> loss: 0.000400435
25800/50000 epochs... >> loss: 0.000252799
25850/50000 epochs... >> loss: 0.000395599
25900/50000 epochs... >> loss: 0.000191154
25950/50000 epochs... >> loss: 0.000376661
26000/50000 epochs... >> loss: 0.000176711
26050/50000 epochs... >> loss: 0.000234602
26100/50000 epochs... >> loss: 0.000213935
26150/50000 epochs... >> loss: 0.000310084
26200/50000 epochs... >> loss: 0.000223877
26250/50000 epochs... >> loss: 0.000174193
26300/50000 epochs... >> loss: 0.000313674
26350/50000 epochs... >> loss: 0.000303309
26400/50000 epochs... >> loss: 0.000221888
26450/50000 epochs... >> loss: 0.000154069
26500/50000 epochs... >> loss: 0.000339008
26550/50000 epochs... >> loss: 0.000267554
26600/50000 epochs... >> loss: 0.000282409
26650/50000 epochs... >> loss: 0.000204745
26700/50000 epochs... >> loss: 0.000298888
26750/50000 epochs... >> loss: 0.000319942
26800/50000 epochs... >> loss: 0.000344225
26850/50000 epochs... >> loss: 0.000197569
26900/50000 epochs... >> loss: 0.000334652
26950/50000 epochs... >> loss: 0.000293236
27000/50000 epochs... >> loss: 0.000245584
27050/50000 epochs... >> loss: 0.000300457
27100/50000 epochs... >> loss: 0.000212557
27150/50000 epochs... >> loss: 0.000434969
27200/50000 epochs... >> loss: 0.000278596
27250/50000 epochs... >> loss: 0.00030417
27300/50000 epochs... >> loss: 0.000317818
27350/50000 epochs... >> loss: 0.000256554
27400/50000 epochs... >> loss: 0.000396754
27450/50000 epochs... >> loss: 0.00022653
27500/50000 epochs... >> loss: 0.000224996
27550/50000 epochs... >> loss: 0.000318823
27600/50000 epochs... >> loss: 0.000304844
27650/50000 epochs... >> loss: 0.000273324
27700/50000 epochs... >> loss: 0.00033025
27750/50000 epochs... >> loss: 0.000273518
27800/50000 epochs... >> loss: 0.000270221
27850/50000 epochs... >> loss: 0.000286236
27900/50000 epochs... >> loss: 0.000265017
27950/50000 epochs... >> loss: 0.000381347
28000/50000 epochs... >> loss: 0.000365979
28050/50000 epochs... >> loss: 0.000329769
28100/50000 epochs... >> loss: 0.000332451
28150/50000 epochs... >> loss: 0.000516456
28200/50000 epochs... >> loss: 0.000314408
28250/50000 epochs... >> loss: 0.000259243
28300/50000 epochs... >> loss: 0.000368201
28350/50000 epochs... >> loss: 0.000264796
28400/50000 epochs... >> loss: 0.000366872
28450/50000 epochs... >> loss: 0.000306331
28500/50000 epochs... >> loss: 0.000287648
28550/50000 epochs... >> loss: 0.00017885
28600/50000 epochs... >> loss: 0.000239301
28650/50000 epochs... >> loss: 0.000203506
28700/50000 epochs... >> loss: 0.000195132
28750/50000 epochs... >> loss: 0.000230531
28800/50000 epochs... >> loss: 0.000262774
28850/50000 epochs... >> loss: 0.000290141
28900/50000 epochs... >> loss: 0.000164645
28950/50000 epochs... >> loss: 0.000164369
29000/50000 epochs... >> loss: 0.000361699
29050/50000 epochs... >> loss: 0.000370525
29100/50000 epochs... >> loss: 0.000248999
29150/50000 epochs... >> loss: 0.000185041
29200/50000 epochs... >> loss: 0.00024451
29250/50000 epochs... >> loss: 0.00028454
29300/50000 epochs... >> loss: 0.000248614
29350/50000 epochs... >> loss: 0.00023355
29400/50000 epochs... >> loss: 0.000190539
29450/50000 epochs... >> loss: 0.000288113
29500/50000 epochs... >> loss: 0.000339299
29550/50000 epochs... >> loss: 0.0003115
29600/50000 epochs... >> loss: 0.000230187
29650/50000 epochs... >> loss: 0.000134744
29700/50000 epochs... >> loss: 0.000232792
29750/50000 epochs... >> loss: 0.000399591
29800/50000 epochs... >> loss: 0.000248549
29850/50000 epochs... >> loss: 0.000186047
29900/50000 epochs... >> loss: 0.000412692
29950/50000 epochs... >> loss: 0.000311617
30000/50000 epochs... >> loss: 0.000334695
Iter@30000
For each left:
Hits@1: 44.52%
Hits@10: 76.11%
Hits@50: 88.57%
Hits@100: 91.51%
Hits@200: 93.65%
MRR: 0.552119561735
For each right:
Hits@1: 44.73%
Hits@10: 75.70%
Hits@50: 88.31%
Hits@100: 91.39%
Hits@200: 93.95%
MRR: 0.553143155988
30050/50000 epochs... >> loss: 0.000288436
30100/50000 epochs... >> loss: 0.000247461
30150/50000 epochs... >> loss: 0.000245658
30200/50000 epochs... >> loss: 0.000265756
30250/50000 epochs... >> loss: 0.000340219
30300/50000 epochs... >> loss: 0.00029176
30350/50000 epochs... >> loss: 0.000280643
30400/50000 epochs... >> loss: 0.000298606
30450/50000 epochs... >> loss: 0.000258974
30500/50000 epochs... >> loss: 0.000230868
30550/50000 epochs... >> loss: 0.000108868
30600/50000 epochs... >> loss: 0.000270289
30650/50000 epochs... >> loss: 0.000338633
30700/50000 epochs... >> loss: 0.000254541
30750/50000 epochs... >> loss: 0.00031803
30800/50000 epochs... >> loss: 0.00024471
30850/50000 epochs... >> loss: 0.000247281
30900/50000 epochs... >> loss: 0.000198056
30950/50000 epochs... >> loss: 0.000321647
31000/50000 epochs... >> loss: 0.000294183
31050/50000 epochs... >> loss: 0.000263743
31100/50000 epochs... >> loss: 0.0003056
31150/50000 epochs... >> loss: 0.000292531
31200/50000 epochs... >> loss: 0.000219411
31250/50000 epochs... >> loss: 0.000249723
31300/50000 epochs... >> loss: 0.000180169
31350/50000 epochs... >> loss: 0.000307878
31400/50000 epochs... >> loss: 0.000242667
31450/50000 epochs... >> loss: 0.000342275
31500/50000 epochs... >> loss: 0.000242181
31550/50000 epochs... >> loss: 0.000227273
31600/50000 epochs... >> loss: 0.000348003
31650/50000 epochs... >> loss: 0.000427898
31700/50000 epochs... >> loss: 0.000374336
31750/50000 epochs... >> loss: 0.000226141
31800/50000 epochs... >> loss: 0.000316038
31850/50000 epochs... >> loss: 0.000353741
31900/50000 epochs... >> loss: 0.000272117
31950/50000 epochs... >> loss: 0.000314877
32000/50000 epochs... >> loss: 0.000336752
32050/50000 epochs... >> loss: 0.000226777
32100/50000 epochs... >> loss: 0.000423926
32150/50000 epochs... >> loss: 0.000285022
32200/50000 epochs... >> loss: 0.000247094
32250/50000 epochs... >> loss: 0.000312601
32300/50000 epochs... >> loss: 0.000273598
32350/50000 epochs... >> loss: 0.00022555
32400/50000 epochs... >> loss: 0.000306624
32450/50000 epochs... >> loss: 0.00042811
32500/50000 epochs... >> loss: 0.000239391
32550/50000 epochs... >> loss: 0.00041347
32600/50000 epochs... >> loss: 0.000208159
32650/50000 epochs... >> loss: 0.000218801
32700/50000 epochs... >> loss: 0.000212641
32750/50000 epochs... >> loss: 0.000250586
32800/50000 epochs... >> loss: 0.000435952
32850/50000 epochs... >> loss: 0.000161146
32900/50000 epochs... >> loss: 0.000389143
32950/50000 epochs... >> loss: 0.000249851
33000/50000 epochs... >> loss: 0.000407145
33050/50000 epochs... >> loss: 0.000254813
33100/50000 epochs... >> loss: 0.000303996
33150/50000 epochs... >> loss: 0.000338451
33200/50000 epochs... >> loss: 0.000246577
33250/50000 epochs... >> loss: 0.00032619
33300/50000 epochs... >> loss: 0.000325316
33350/50000 epochs... >> loss: 0.000203623
33400/50000 epochs... >> loss: 0.000348257
33450/50000 epochs... >> loss: 0.000277698
33500/50000 epochs... >> loss: 0.000162039
33550/50000 epochs... >> loss: 0.000305311
33600/50000 epochs... >> loss: 0.000314174
33650/50000 epochs... >> loss: 0.000219366
33700/50000 epochs... >> loss: 0.00032907
33750/50000 epochs... >> loss: 0.000251129
33800/50000 epochs... >> loss: 0.0002462
33850/50000 epochs... >> loss: 0.000272147
33900/50000 epochs... >> loss: 0.000210676
33950/50000 epochs... >> loss: 0.000327939
34000/50000 epochs... >> loss: 0.000309402
34050/50000 epochs... >> loss: 0.000243269
34100/50000 epochs... >> loss: 0.000177925
34150/50000 epochs... >> loss: 0.000403613
34200/50000 epochs... >> loss: 0.000294099
34250/50000 epochs... >> loss: 0.000240219
34300/50000 epochs... >> loss: 0.000245674
34350/50000 epochs... >> loss: 0.000166065
34400/50000 epochs... >> loss: 0.00030696
34450/50000 epochs... >> loss: 0.000343691
34500/50000 epochs... >> loss: 0.000230276
34550/50000 epochs... >> loss: 0.000325268
34600/50000 epochs... >> loss: 0.00017446
34650/50000 epochs... >> loss: 0.000224913
34700/50000 epochs... >> loss: 0.000298468
34750/50000 epochs... >> loss: 0.000299063
34800/50000 epochs... >> loss: 0.000171919
34850/50000 epochs... >> loss: 0.000332082
34900/50000 epochs... >> loss: 0.000327058
34950/50000 epochs... >> loss: 0.000203688
35000/50000 epochs... >> loss: 0.000308525
Iter@35000
For each left:
Hits@1: 44.53%
Hits@10: 76.20%
Hits@50: 88.30%
Hits@100: 91.46%
Hits@200: 93.37%
MRR: 0.551568618666
For each right:
Hits@1: 44.64%
Hits@10: 75.60%
Hits@50: 88.05%
Hits@100: 91.15%
Hits@200: 93.39%
MRR: 0.551384276455
35050/50000 epochs... >> loss: 0.000211924
35100/50000 epochs... >> loss: 0.000313097
35150/50000 epochs... >> loss: 0.000190542
35200/50000 epochs... >> loss: 0.000189049
35250/50000 epochs... >> loss: 0.000318821
35300/50000 epochs... >> loss: 0.000225528
35350/50000 epochs... >> loss: 0.000314483
35400/50000 epochs... >> loss: 0.000275891
35450/50000 epochs... >> loss: 0.000227064
35500/50000 epochs... >> loss: 0.000343574
35550/50000 epochs... >> loss: 0.000300378
35600/50000 epochs... >> loss: 0.00024709
35650/50000 epochs... >> loss: 0.000231836
35700/50000 epochs... >> loss: 0.000345657
35750/50000 epochs... >> loss: 0.000301587
35800/50000 epochs... >> loss: 0.000331414
35850/50000 epochs... >> loss: 0.000369669
35900/50000 epochs... >> loss: 0.000237206
35950/50000 epochs... >> loss: 0.000208836
36000/50000 epochs... >> loss: 0.000266728
36050/50000 epochs... >> loss: 0.000177504
36100/50000 epochs... >> loss: 0.000222072
36150/50000 epochs... >> loss: 0.00025896
36200/50000 epochs... >> loss: 0.0001909
36250/50000 epochs... >> loss: 0.000218628
36300/50000 epochs... >> loss: 0.000209335
36350/50000 epochs... >> loss: 0.0003969
36400/50000 epochs... >> loss: 0.000283645
36450/50000 epochs... >> loss: 0.000267542
36500/50000 epochs... >> loss: 0.00035584
36550/50000 epochs... >> loss: 0.000325843
36600/50000 epochs... >> loss: 0.000311923
36650/50000 epochs... >> loss: 0.000225986
36700/50000 epochs... >> loss: 0.000355747
36750/50000 epochs... >> loss: 0.000242245
36800/50000 epochs... >> loss: 0.000291418
36850/50000 epochs... >> loss: 0.000371373
36900/50000 epochs... >> loss: 0.000252834
36950/50000 epochs... >> loss: 0.000235992
37000/50000 epochs... >> loss: 0.000316435
37050/50000 epochs... >> loss: 0.000177489
37100/50000 epochs... >> loss: 0.000227199
37150/50000 epochs... >> loss: 0.000152279
37200/50000 epochs... >> loss: 0.000231395
37250/50000 epochs... >> loss: 0.000328636
37300/50000 epochs... >> loss: 0.00024384
37350/50000 epochs... >> loss: 0.000259259
37400/50000 epochs... >> loss: 0.000249327
37450/50000 epochs... >> loss: 0.00029016
37500/50000 epochs... >> loss: 0.000388595
37550/50000 epochs... >> loss: 0.00043272
37600/50000 epochs... >> loss: 0.000305556
37650/50000 epochs... >> loss: 0.000301701
37700/50000 epochs... >> loss: 0.000266644
37750/50000 epochs... >> loss: 0.000244654
37800/50000 epochs... >> loss: 0.000261021
37850/50000 epochs... >> loss: 0.000332461
37900/50000 epochs... >> loss: 0.000229569
37950/50000 epochs... >> loss: 0.000132733
38000/50000 epochs... >> loss: 0.000201176
38050/50000 epochs... >> loss: 0.00020826
38100/50000 epochs... >> loss: 0.000319313
38150/50000 epochs... >> loss: 0.000220206
38200/50000 epochs... >> loss: 0.000172813
38250/50000 epochs... >> loss: 0.000406674
38300/50000 epochs... >> loss: 0.000272785
38350/50000 epochs... >> loss: 0.000246878
38400/50000 epochs... >> loss: 0.000223433
38450/50000 epochs... >> loss: 0.000160351
38500/50000 epochs... >> loss: 0.000336338
38550/50000 epochs... >> loss: 0.00016148
38600/50000 epochs... >> loss: 0.000310247
38650/50000 epochs... >> loss: 0.000243742
38700/50000 epochs... >> loss: 0.000308916
38750/50000 epochs... >> loss: 0.000267586
38800/50000 epochs... >> loss: 0.000321255
38850/50000 epochs... >> loss: 0.000158413
38900/50000 epochs... >> loss: 0.000362472
38950/50000 epochs... >> loss: 0.000242962
39000/50000 epochs... >> loss: 0.000187184
39050/50000 epochs... >> loss: 0.000332372
39100/50000 epochs... >> loss: 0.000312707
39150/50000 epochs... >> loss: 0.000373738
39200/50000 epochs... >> loss: 0.000162915
39250/50000 epochs... >> loss: 0.000170259
39300/50000 epochs... >> loss: 0.000158758
39350/50000 epochs... >> loss: 0.00024516
39400/50000 epochs... >> loss: 0.000208256
39450/50000 epochs... >> loss: 0.000287473
39500/50000 epochs... >> loss: 0.000226053
39550/50000 epochs... >> loss: 0.000232046
39600/50000 epochs... >> loss: 0.0002467
39650/50000 epochs... >> loss: 0.000186662
39700/50000 epochs... >> loss: 0.000226013
39750/50000 epochs... >> loss: 0.000166614
39800/50000 epochs... >> loss: 0.000249888
39850/50000 epochs... >> loss: 0.000395364
39900/50000 epochs... >> loss: 0.000198003
39950/50000 epochs... >> loss: 0.000162022
40000/50000 epochs... >> loss: 0.00030589
Iter@40000
For each left:
Hits@1: 43.70%
Hits@10: 75.11%
Hits@50: 87.52%
Hits@100: 90.77%
Hits@200: 93.14%
MRR: 0.542317150965
For each right:
Hits@1: 43.82%
Hits@10: 74.82%
Hits@50: 87.40%
Hits@100: 90.50%
Hits@200: 93.01%
MRR: 0.543487069817
40050/50000 epochs... >> loss: 0.000337632
40100/50000 epochs... >> loss: 0.000279085
40150/50000 epochs... >> loss: 0.000345667
40200/50000 epochs... >> loss: 0.000276289
40250/50000 epochs... >> loss: 0.000314984
40300/50000 epochs... >> loss: 0.000318347
40350/50000 epochs... >> loss: 0.000244073
40400/50000 epochs... >> loss: 0.000184326
40450/50000 epochs... >> loss: 0.000251855
40500/50000 epochs... >> loss: 0.000417063
40550/50000 epochs... >> loss: 0.000232649
40600/50000 epochs... >> loss: 0.00031105
40650/50000 epochs... >> loss: 0.000351044
40700/50000 epochs... >> loss: 0.000269712
40750/50000 epochs... >> loss: 0.000244999
40800/50000 epochs... >> loss: 0.000344614
40850/50000 epochs... >> loss: 0.000201407
40900/50000 epochs... >> loss: 0.000231638
40950/50000 epochs... >> loss: 0.000385975
41000/50000 epochs... >> loss: 0.000370808
41050/50000 epochs... >> loss: 0.000191186
41100/50000 epochs... >> loss: 0.000294638
41150/50000 epochs... >> loss: 0.000287902
41200/50000 epochs... >> loss: 0.000244847
41250/50000 epochs... >> loss: 0.000187792
41300/50000 epochs... >> loss: 0.000178947
41350/50000 epochs... >> loss: 0.000234096
41400/50000 epochs... >> loss: 0.000212692
41450/50000 epochs... >> loss: 0.000153694
41500/50000 epochs... >> loss: 0.000176205
41550/50000 epochs... >> loss: 0.000325707
41600/50000 epochs... >> loss: 0.000241219
41650/50000 epochs... >> loss: 0.000329223
41700/50000 epochs... >> loss: 0.000255435
41750/50000 epochs... >> loss: 0.000380527
41800/50000 epochs... >> loss: 0.00026753
41850/50000 epochs... >> loss: 0.000249826
41900/50000 epochs... >> loss: 0.000247146
41950/50000 epochs... >> loss: 0.000127846
42000/50000 epochs... >> loss: 0.000380249
42050/50000 epochs... >> loss: 0.000364281
42100/50000 epochs... >> loss: 0.000245728
42150/50000 epochs... >> loss: 0.000251003
42200/50000 epochs... >> loss: 0.000195588
42250/50000 epochs... >> loss: 0.000243838
42300/50000 epochs... >> loss: 0.000194863
42350/50000 epochs... >> loss: 0.000224107
42400/50000 epochs... >> loss: 0.000303089
42450/50000 epochs... >> loss: 0.00023922
42500/50000 epochs... >> loss: 0.000415399
42550/50000 epochs... >> loss: 0.000313266
42600/50000 epochs... >> loss: 0.000346275
42650/50000 epochs... >> loss: 0.000203489
42700/50000 epochs... >> loss: 0.000361255
42750/50000 epochs... >> loss: 0.000235219
42800/50000 epochs... >> loss: 0.000244827
42850/50000 epochs... >> loss: 0.000323386
42900/50000 epochs... >> loss: 0.000194227
42950/50000 epochs... >> loss: 0.000255592
43000/50000 epochs... >> loss: 0.000258449
43050/50000 epochs... >> loss: 0.000220173
43100/50000 epochs... >> loss: 0.000153704
43150/50000 epochs... >> loss: 0.0003082
43200/50000 epochs... >> loss: 0.000205458
43250/50000 epochs... >> loss: 0.000191306
43300/50000 epochs... >> loss: 0.000157285
43350/50000 epochs... >> loss: 0.000325937
43400/50000 epochs... >> loss: 0.000200709
43450/50000 epochs... >> loss: 0.000245114
43500/50000 epochs... >> loss: 0.000210534
43550/50000 epochs... >> loss: 0.000370975
43600/50000 epochs... >> loss: 0.000274028
43650/50000 epochs... >> loss: 0.000250199
43700/50000 epochs... >> loss: 0.000329082
43750/50000 epochs... >> loss: 0.000168011
43800/50000 epochs... >> loss: 0.000305194
43850/50000 epochs... >> loss: 0.000276819
43900/50000 epochs... >> loss: 0.000334531
43950/50000 epochs... >> loss: 0.000297909
44000/50000 epochs... >> loss: 0.000334529
44050/50000 epochs... >> loss: 0.000344293
44100/50000 epochs... >> loss: 0.000184863
44150/50000 epochs... >> loss: 0.000137135
44200/50000 epochs... >> loss: 0.000237881
44250/50000 epochs... >> loss: 0.000251977
44300/50000 epochs... >> loss: 0.000316938
44350/50000 epochs... >> loss: 0.000263303
44400/50000 epochs... >> loss: 0.000355821
44450/50000 epochs... >> loss: 0.00028433
44500/50000 epochs... >> loss: 0.000287615
44550/50000 epochs... >> loss: 0.000341634
44600/50000 epochs... >> loss: 0.000258573
44650/50000 epochs... >> loss: 0.000298896
44700/50000 epochs... >> loss: 0.000235907
44750/50000 epochs... >> loss: 0.000367444
44800/50000 epochs... >> loss: 0.000286223
44850/50000 epochs... >> loss: 0.000281178
44900/50000 epochs... >> loss: 0.000212614
44950/50000 epochs... >> loss: 0.000157683
45000/50000 epochs... >> loss: 0.000237621
Iter@45000
For each left:
Hits@1: 43.77%
Hits@10: 75.13%
Hits@50: 87.45%
Hits@100: 90.58%
Hits@200: 92.83%
MRR: 0.542911267284
For each right:
Hits@1: 43.84%
Hits@10: 74.74%
Hits@50: 87.40%
Hits@100: 90.29%
Hits@200: 92.79%
MRR: 0.542624577012
45050/50000 epochs... >> loss: 0.000263594
45100/50000 epochs... >> loss: 0.000292285
45150/50000 epochs... >> loss: 0.000301136
45200/50000 epochs... >> loss: 0.000262299
45250/50000 epochs... >> loss: 0.000306723
45300/50000 epochs... >> loss: 0.000215813
45350/50000 epochs... >> loss: 0.000171551
45400/50000 epochs... >> loss: 0.000190099
45450/50000 epochs... >> loss: 0.000223122
45500/50000 epochs... >> loss: 0.000274035
45550/50000 epochs... >> loss: 0.000201539
45600/50000 epochs... >> loss: 0.000263542
45650/50000 epochs... >> loss: 0.000223234
45700/50000 epochs... >> loss: 0.00034009
45750/50000 epochs... >> loss: 0.000199492
45800/50000 epochs... >> loss: 0.000221159
45850/50000 epochs... >> loss: 0.000239613
45900/50000 epochs... >> loss: 0.000147126
45950/50000 epochs... >> loss: 0.000340696
46000/50000 epochs... >> loss: 0.000307202
46050/50000 epochs... >> loss: 0.000233785
46100/50000 epochs... >> loss: 0.000226589
46150/50000 epochs... >> loss: 0.000284837
46200/50000 epochs... >> loss: 0.00030173
46250/50000 epochs... >> loss: 0.000287869
46300/50000 epochs... >> loss: 0.000239631
46350/50000 epochs... >> loss: 0.00021154
46400/50000 epochs... >> loss: 0.000135818
46450/50000 epochs... >> loss: 0.000332976
46500/50000 epochs... >> loss: 0.000291103
46550/50000 epochs... >> loss: 0.000180638
46600/50000 epochs... >> loss: 0.000243151
46650/50000 epochs... >> loss: 0.000253223
46700/50000 epochs... >> loss: 0.000324714
46750/50000 epochs... >> loss: 0.000270454
46800/50000 epochs... >> loss: 0.000218543
46850/50000 epochs... >> loss: 0.000183579
46900/50000 epochs... >> loss: 0.000323628
46950/50000 epochs... >> loss: 0.000234879
47000/50000 epochs... >> loss: 0.000321528
47050/50000 epochs... >> loss: 0.000162379
47100/50000 epochs... >> loss: 0.000221891
47150/50000 epochs... >> loss: 0.000203862
47200/50000 epochs... >> loss: 0.000204052
47250/50000 epochs... >> loss: 0.00034022
47300/50000 epochs... >> loss: 0.000207897
47350/50000 epochs... >> loss: 0.000242287
47400/50000 epochs... >> loss: 0.000253529
47450/50000 epochs... >> loss: 0.000130885
47500/50000 epochs... >> loss: 0.000221087
47550/50000 epochs... >> loss: 0.000137434
47600/50000 epochs... >> loss: 0.000233505
47650/50000 epochs... >> loss: 0.000295874
47700/50000 epochs... >> loss: 0.000117725
47750/50000 epochs... >> loss: 0.000239579
47800/50000 epochs... >> loss: 0.000183405
47850/50000 epochs... >> loss: 0.000230843
47900/50000 epochs... >> loss: 0.000179322
47950/50000 epochs... >> loss: 0.000340752
48000/50000 epochs... >> loss: 0.000213836
48050/50000 epochs... >> loss: 0.00019873
48100/50000 epochs... >> loss: 0.000237018
48150/50000 epochs... >> loss: 0.000361834
48200/50000 epochs... >> loss: 0.000264811
48250/50000 epochs... >> loss: 0.000218217
48300/50000 epochs... >> loss: 0.000194436
48350/50000 epochs... >> loss: 0.000239154
48400/50000 epochs... >> loss: 0.000304343
48450/50000 epochs... >> loss: 0.000214681
48500/50000 epochs... >> loss: 0.000289283
48550/50000 epochs... >> loss: 0.000264484
48600/50000 epochs... >> loss: 0.000229145
48650/50000 epochs... >> loss: 0.000329908
48700/50000 epochs... >> loss: 0.000321164
48750/50000 epochs... >> loss: 0.000290006
48800/50000 epochs... >> loss: 0.000224818
48850/50000 epochs... >> loss: 0.000201348
48900/50000 epochs... >> loss: 0.000189399
48950/50000 epochs... >> loss: 0.000320621
49000/50000 epochs... >> loss: 0.000302417
49050/50000 epochs... >> loss: 0.000389534
49100/50000 epochs... >> loss: 0.000302007
49150/50000 epochs... >> loss: 0.000248369
49200/50000 epochs... >> loss: 0.000363223
49250/50000 epochs... >> loss: 0.00027119
49300/50000 epochs... >> loss: 0.000314232
49350/50000 epochs... >> loss: 0.000324712
49400/50000 epochs... >> loss: 0.000229694
49450/50000 epochs... >> loss: 0.000150626
49500/50000 epochs... >> loss: 0.000259238
49550/50000 epochs... >> loss: 0.000427702
49600/50000 epochs... >> loss: 0.00042056
49650/50000 epochs... >> loss: 0.000323979
49700/50000 epochs... >> loss: 0.000233518
49750/50000 epochs... >> loss: 0.000246869
49800/50000 epochs... >> loss: 0.000213672
49850/50000 epochs... >> loss: 0.000226511
49900/50000 epochs... >> loss: 0.000283513
49950/50000 epochs... >> loss: 0.000249662
50000/50000 epochs... >> loss: 0.000236198
Iter@50000
For each left:
Hits@1: 43.30%
Hits@10: 74.40%
Hits@50: 86.93%
Hits@100: 90.14%
Hits@200: 92.33%
MRR: 0.537412411588
For each right:
Hits@1: 43.22%
Hits@10: 74.20%
Hits@50: 86.84%
Hits@100: 89.93%
Hits@200: 92.41%
MRR: 0.536884034753
For each left:
Hits@1: 43.30%
Hits@10: 74.40%
Hits@50: 86.93%
Hits@100: 90.14%
Hits@200: 92.33%
MRR: 0.537412411588
For each right:
Hits@1: 43.22%
Hits@10: 74.20%
Hits@50: 86.84%
Hits@100: 89.93%
Hits@200: 92.41%
MRR: 0.536884034753
total time elapsed: 4539.8427 s
