************************en_de_15k_V1************************
loading a file...data/en_de_15k_V1/ent_ids_1
loading a file...data/en_de_15k_V1/ent_ids_2
30000
loading a file...data/en_de_15k_V1/ref_ent_ids
loading a file...data/en_de_15k_V1/train
loading a file...data/en_de_15k_V1/dev
loading a file...data/en_de_15k_V1/test
loading a file...data/en_de_15k_V1/triples_1
loading a file...data/en_de_15k_V1/triples_2
342
running HMAN...
adding the se input layer...
adding a layer...
adding a layer...
getting loss...
initializing...
running...
50/50000 epochs... >> loss: 0.380661
100/50000 epochs... >> loss: 0.337859
150/50000 epochs... >> loss: 0.304516
200/50000 epochs... >> loss: 0.27401
250/50000 epochs... >> loss: 0.257474
300/50000 epochs... >> loss: 0.242464
350/50000 epochs... >> loss: 0.230004
400/50000 epochs... >> loss: 0.218231
450/50000 epochs... >> loss: 0.214768
500/50000 epochs... >> loss: 0.207703
550/50000 epochs... >> loss: 0.197017
600/50000 epochs... >> loss: 0.197177
650/50000 epochs... >> loss: 0.191295
700/50000 epochs... >> loss: 0.190136
750/50000 epochs... >> loss: 0.186244
800/50000 epochs... >> loss: 0.178972
850/50000 epochs... >> loss: 0.177082
900/50000 epochs... >> loss: 0.176084
950/50000 epochs... >> loss: 0.172779
1000/50000 epochs... >> loss: 0.171077
1050/50000 epochs... >> loss: 0.16764
1100/50000 epochs... >> loss: 0.164935
1150/50000 epochs... >> loss: 0.162548
1200/50000 epochs... >> loss: 0.163401
1250/50000 epochs... >> loss: 0.160805
1300/50000 epochs... >> loss: 0.158268
1350/50000 epochs... >> loss: 0.156625
1400/50000 epochs... >> loss: 0.156969
1450/50000 epochs... >> loss: 0.15542
1500/50000 epochs... >> loss: 0.151792
1550/50000 epochs... >> loss: 0.149965
1600/50000 epochs... >> loss: 0.148943
1650/50000 epochs... >> loss: 0.150297
1700/50000 epochs... >> loss: 0.148011
1750/50000 epochs... >> loss: 0.148557
1800/50000 epochs... >> loss: 0.145318
1850/50000 epochs... >> loss: 0.149051
1900/50000 epochs... >> loss: 0.145978
1950/50000 epochs... >> loss: 0.146094
2000/50000 epochs... >> loss: 0.144538
2050/50000 epochs... >> loss: 0.141867
2100/50000 epochs... >> loss: 0.147035
2150/50000 epochs... >> loss: 0.14323
2200/50000 epochs... >> loss: 0.141821
2250/50000 epochs... >> loss: 0.140989
2300/50000 epochs... >> loss: 0.139533
2350/50000 epochs... >> loss: 0.13783
2400/50000 epochs... >> loss: 0.139939
2450/50000 epochs... >> loss: 0.138895
2500/50000 epochs... >> loss: 0.133374
2550/50000 epochs... >> loss: 0.132219
2600/50000 epochs... >> loss: 0.135261
2650/50000 epochs... >> loss: 0.131289
2700/50000 epochs... >> loss: 0.128051
2750/50000 epochs... >> loss: 0.130446
2800/50000 epochs... >> loss: 0.127271
2850/50000 epochs... >> loss: 0.127548
2900/50000 epochs... >> loss: 0.127335
2950/50000 epochs... >> loss: 0.126987
3000/50000 epochs... >> loss: 0.123361
3050/50000 epochs... >> loss: 0.119507
3100/50000 epochs... >> loss: 0.114725
3150/50000 epochs... >> loss: 0.113644
3200/50000 epochs... >> loss: 0.110719
3250/50000 epochs... >> loss: 0.105776
3300/50000 epochs... >> loss: 0.110776
3350/50000 epochs... >> loss: 0.107231
3400/50000 epochs... >> loss: 0.0871103
3450/50000 epochs... >> loss: 0.0991405
3500/50000 epochs... >> loss: 0.0642123
3550/50000 epochs... >> loss: 0.07577
3600/50000 epochs... >> loss: 0.0271436
3650/50000 epochs... >> loss: 0.0158843
3700/50000 epochs... >> loss: 0.0112345
3750/50000 epochs... >> loss: 0.00969397
3800/50000 epochs... >> loss: 0.00704352
3850/50000 epochs... >> loss: 0.00587293
3900/50000 epochs... >> loss: 0.00506001
3950/50000 epochs... >> loss: 0.00486253
4000/50000 epochs... >> loss: 0.00360174
4050/50000 epochs... >> loss: 0.00369389
4100/50000 epochs... >> loss: 0.00332335
4150/50000 epochs... >> loss: 0.00300249
4200/50000 epochs... >> loss: 0.00282288
4250/50000 epochs... >> loss: 0.00265573
4300/50000 epochs... >> loss: 0.00246923
4350/50000 epochs... >> loss: 0.00229817
4400/50000 epochs... >> loss: 0.00188129
4450/50000 epochs... >> loss: 0.00189038
4500/50000 epochs... >> loss: 0.00171707
4550/50000 epochs... >> loss: 0.00189062
4600/50000 epochs... >> loss: 0.00174159
4650/50000 epochs... >> loss: 0.00145861
4700/50000 epochs... >> loss: 0.00151456
4750/50000 epochs... >> loss: 0.00146894
4800/50000 epochs... >> loss: 0.00136606
4850/50000 epochs... >> loss: 0.00123871
4900/50000 epochs... >> loss: 0.00115076
4950/50000 epochs... >> loss: 0.00132853
5000/50000 epochs... >> loss: 0.00126418
Iter@5000
For each left:
Hits@1: 50.47%
Hits@10: 78.84%
Hits@50: 91.07%
Hits@100: 94.02%
Hits@200: 96.26%
MRR: 0.602962213903
For each right:
Hits@1: 50.64%
Hits@10: 79.15%
Hits@50: 90.89%
Hits@100: 94.02%
Hits@200: 96.50%
MRR: 0.606110150919
5050/50000 epochs... >> loss: 0.00111269
5100/50000 epochs... >> loss: 0.000997526
5150/50000 epochs... >> loss: 0.000932248
5200/50000 epochs... >> loss: 0.00095636
5250/50000 epochs... >> loss: 0.00124903
5300/50000 epochs... >> loss: 0.00106575
5350/50000 epochs... >> loss: 0.00104283
5400/50000 epochs... >> loss: 0.000958224
5450/50000 epochs... >> loss: 0.000976718
5500/50000 epochs... >> loss: 0.000935822
5550/50000 epochs... >> loss: 0.000798033
5600/50000 epochs... >> loss: 0.000830926
5650/50000 epochs... >> loss: 0.000893274
5700/50000 epochs... >> loss: 0.000828368
5750/50000 epochs... >> loss: 0.000870995
5800/50000 epochs... >> loss: 0.000720868
5850/50000 epochs... >> loss: 0.000856438
5900/50000 epochs... >> loss: 0.000855291
5950/50000 epochs... >> loss: 0.000876921
6000/50000 epochs... >> loss: 0.000780518
6050/50000 epochs... >> loss: 0.000690276
6100/50000 epochs... >> loss: 0.000708622
6150/50000 epochs... >> loss: 0.000719551
6200/50000 epochs... >> loss: 0.00069037
6250/50000 epochs... >> loss: 0.000787171
6300/50000 epochs... >> loss: 0.0006614
6350/50000 epochs... >> loss: 0.000770378
6400/50000 epochs... >> loss: 0.00047542
6450/50000 epochs... >> loss: 0.000662841
6500/50000 epochs... >> loss: 0.000533594
6550/50000 epochs... >> loss: 0.000493235
6600/50000 epochs... >> loss: 0.000574112
6650/50000 epochs... >> loss: 0.000533274
6700/50000 epochs... >> loss: 0.000625775
6750/50000 epochs... >> loss: 0.000850925
6800/50000 epochs... >> loss: 0.000501447
6850/50000 epochs... >> loss: 0.000560963
6900/50000 epochs... >> loss: 0.000624128
6950/50000 epochs... >> loss: 0.000616242
7000/50000 epochs... >> loss: 0.000688502
7050/50000 epochs... >> loss: 0.000505843
7100/50000 epochs... >> loss: 0.000623574
7150/50000 epochs... >> loss: 0.000493345
7200/50000 epochs... >> loss: 0.000494186
7250/50000 epochs... >> loss: 0.000760453
7300/50000 epochs... >> loss: 0.000456006
7350/50000 epochs... >> loss: 0.000461908
7400/50000 epochs... >> loss: 0.000549022
7450/50000 epochs... >> loss: 0.000341659
7500/50000 epochs... >> loss: 0.0005875
7550/50000 epochs... >> loss: 0.000714953
7600/50000 epochs... >> loss: 0.000590669
7650/50000 epochs... >> loss: 0.000536504
7700/50000 epochs... >> loss: 0.000594386
7750/50000 epochs... >> loss: 0.000604196
7800/50000 epochs... >> loss: 0.000615215
7850/50000 epochs... >> loss: 0.000480828
7900/50000 epochs... >> loss: 0.000425645
7950/50000 epochs... >> loss: 0.000637888
8000/50000 epochs... >> loss: 0.000333644
8050/50000 epochs... >> loss: 0.000422963
8100/50000 epochs... >> loss: 0.000696992
8150/50000 epochs... >> loss: 0.000368836
8200/50000 epochs... >> loss: 0.000409648
8250/50000 epochs... >> loss: 0.000392075
8300/50000 epochs... >> loss: 0.000561408
8350/50000 epochs... >> loss: 0.000420626
8400/50000 epochs... >> loss: 0.000496089
8450/50000 epochs... >> loss: 0.000341056
8500/50000 epochs... >> loss: 0.000469711
8550/50000 epochs... >> loss: 0.000382386
8600/50000 epochs... >> loss: 0.000523252
8650/50000 epochs... >> loss: 0.000334743
8700/50000 epochs... >> loss: 0.000415656
8750/50000 epochs... >> loss: 0.000323407
8800/50000 epochs... >> loss: 0.000414095
8850/50000 epochs... >> loss: 0.000462767
8900/50000 epochs... >> loss: 0.000527551
8950/50000 epochs... >> loss: 0.000468651
9000/50000 epochs... >> loss: 0.000363545
9050/50000 epochs... >> loss: 0.000511232
9100/50000 epochs... >> loss: 0.000394299
9150/50000 epochs... >> loss: 0.000409633
9200/50000 epochs... >> loss: 0.000455502
9250/50000 epochs... >> loss: 0.000401994
9300/50000 epochs... >> loss: 0.000403747
9350/50000 epochs... >> loss: 0.000533492
9400/50000 epochs... >> loss: 0.000323616
9450/50000 epochs... >> loss: 0.000374625
9500/50000 epochs... >> loss: 0.000547613
9550/50000 epochs... >> loss: 0.000328635
9600/50000 epochs... >> loss: 0.000271011
9650/50000 epochs... >> loss: 0.000279567
9700/50000 epochs... >> loss: 0.00034561
9750/50000 epochs... >> loss: 0.000318081
9800/50000 epochs... >> loss: 0.000500908
9850/50000 epochs... >> loss: 0.00045161
9900/50000 epochs... >> loss: 0.000440101
9950/50000 epochs... >> loss: 0.000400047
10000/50000 epochs... >> loss: 0.00044564
Iter@10000
For each left:
Hits@1: 54.02%
Hits@10: 79.44%
Hits@50: 90.45%
Hits@100: 93.25%
Hits@200: 95.32%
MRR: 0.629286783889
For each right:
Hits@1: 53.40%
Hits@10: 79.61%
Hits@50: 90.51%
Hits@100: 93.55%
Hits@200: 95.66%
MRR: 0.625834140849
10050/50000 epochs... >> loss: 0.000468664
10100/50000 epochs... >> loss: 0.000502219
10150/50000 epochs... >> loss: 0.000486761
10200/50000 epochs... >> loss: 0.000722543
10250/50000 epochs... >> loss: 0.00043702
10300/50000 epochs... >> loss: 0.000368537
10350/50000 epochs... >> loss: 0.000397165
10400/50000 epochs... >> loss: 0.000344753
10450/50000 epochs... >> loss: 0.000358459
10500/50000 epochs... >> loss: 0.000310359
10550/50000 epochs... >> loss: 0.000441353
10600/50000 epochs... >> loss: 0.000406724
10650/50000 epochs... >> loss: 0.000232594
10700/50000 epochs... >> loss: 0.000487877
10750/50000 epochs... >> loss: 0.000334391
10800/50000 epochs... >> loss: 0.000434943
10850/50000 epochs... >> loss: 0.000358662
10900/50000 epochs... >> loss: 0.000253928
10950/50000 epochs... >> loss: 0.000440019
11000/50000 epochs... >> loss: 0.000339551
11050/50000 epochs... >> loss: 0.000291741
11100/50000 epochs... >> loss: 0.00026861
11150/50000 epochs... >> loss: 0.00037295
11200/50000 epochs... >> loss: 0.000361519
11250/50000 epochs... >> loss: 0.000404202
11300/50000 epochs... >> loss: 0.000505908
11350/50000 epochs... >> loss: 0.000323267
11400/50000 epochs... >> loss: 0.000589278
11450/50000 epochs... >> loss: 0.000300551
11500/50000 epochs... >> loss: 0.000416133
11550/50000 epochs... >> loss: 0.000384439
11600/50000 epochs... >> loss: 0.000330037
11650/50000 epochs... >> loss: 0.00039524
11700/50000 epochs... >> loss: 0.000433247
11750/50000 epochs... >> loss: 0.000436877
11800/50000 epochs... >> loss: 0.000333231
11850/50000 epochs... >> loss: 0.000206917
11900/50000 epochs... >> loss: 0.000322839
11950/50000 epochs... >> loss: 0.000454779
12000/50000 epochs... >> loss: 0.000414852
12050/50000 epochs... >> loss: 0.000349404
12100/50000 epochs... >> loss: 0.000422064
12150/50000 epochs... >> loss: 0.00499695
12200/50000 epochs... >> loss: 0.000925654
12250/50000 epochs... >> loss: 0.000738836
12300/50000 epochs... >> loss: 0.000599823
12350/50000 epochs... >> loss: 0.000609625
12400/50000 epochs... >> loss: 0.000474601
12450/50000 epochs... >> loss: 0.000435239
12500/50000 epochs... >> loss: 0.00071717
12550/50000 epochs... >> loss: 0.000465772
12600/50000 epochs... >> loss: 0.000461624
12650/50000 epochs... >> loss: 0.000299238
12700/50000 epochs... >> loss: 0.000460084
12750/50000 epochs... >> loss: 0.000278084
12800/50000 epochs... >> loss: 0.000378086
12850/50000 epochs... >> loss: 0.000388381
12900/50000 epochs... >> loss: 0.000495048
12950/50000 epochs... >> loss: 0.000481937
13000/50000 epochs... >> loss: 0.000369365
13050/50000 epochs... >> loss: 0.000443255
13100/50000 epochs... >> loss: 0.00049339
13150/50000 epochs... >> loss: 0.000342915
13200/50000 epochs... >> loss: 0.000277138
13250/50000 epochs... >> loss: 0.000491153
13300/50000 epochs... >> loss: 0.000420529
13350/50000 epochs... >> loss: 0.000440604
13400/50000 epochs... >> loss: 0.000370215
13450/50000 epochs... >> loss: 0.00031001
13500/50000 epochs... >> loss: 0.000338727
13550/50000 epochs... >> loss: 0.00025096
13600/50000 epochs... >> loss: 0.000415557
13650/50000 epochs... >> loss: 0.000379907
13700/50000 epochs... >> loss: 0.000494779
13750/50000 epochs... >> loss: 0.000437503
13800/50000 epochs... >> loss: 0.000427772
13850/50000 epochs... >> loss: 0.000229485
13900/50000 epochs... >> loss: 0.000440918
13950/50000 epochs... >> loss: 0.000307426
14000/50000 epochs... >> loss: 0.00043249
14050/50000 epochs... >> loss: 0.000397862
14100/50000 epochs... >> loss: 0.000408651
14150/50000 epochs... >> loss: 0.000362022
14200/50000 epochs... >> loss: 0.000359447
14250/50000 epochs... >> loss: 0.000368955
14300/50000 epochs... >> loss: 0.000180058
14350/50000 epochs... >> loss: 0.000313026
14400/50000 epochs... >> loss: 0.000412369
14450/50000 epochs... >> loss: 0.000464855
14500/50000 epochs... >> loss: 0.000366231
14550/50000 epochs... >> loss: 0.00030738
14600/50000 epochs... >> loss: 0.000273197
14650/50000 epochs... >> loss: 0.000418668
14700/50000 epochs... >> loss: 0.000319669
14750/50000 epochs... >> loss: 0.000277817
14800/50000 epochs... >> loss: 0.000338398
14850/50000 epochs... >> loss: 0.000334589
14900/50000 epochs... >> loss: 0.000281782
14950/50000 epochs... >> loss: 0.000481635
15000/50000 epochs... >> loss: 0.000276987
Iter@15000
For each left:
Hits@1: 54.30%
Hits@10: 79.47%
Hits@50: 89.85%
Hits@100: 92.94%
Hits@200: 95.05%
MRR: 0.62987030191
For each right:
Hits@1: 53.84%
Hits@10: 79.43%
Hits@50: 90.43%
Hits@100: 93.10%
Hits@200: 95.32%
MRR: 0.627292199979
15050/50000 epochs... >> loss: 0.000310953
15100/50000 epochs... >> loss: 0.000302048
15150/50000 epochs... >> loss: 0.000314646
15200/50000 epochs... >> loss: 0.000324764
15250/50000 epochs... >> loss: 0.000347911
15300/50000 epochs... >> loss: 0.000304525
15350/50000 epochs... >> loss: 0.000297775
15400/50000 epochs... >> loss: 0.000383807
15450/50000 epochs... >> loss: 0.000351414
15500/50000 epochs... >> loss: 0.00046479
15550/50000 epochs... >> loss: 0.000398044
15600/50000 epochs... >> loss: 0.000419792
15650/50000 epochs... >> loss: 0.000325167
15700/50000 epochs... >> loss: 0.000459291
15750/50000 epochs... >> loss: 0.000232424
15800/50000 epochs... >> loss: 0.000304104
15850/50000 epochs... >> loss: 0.000347723
15900/50000 epochs... >> loss: 0.000267415
15950/50000 epochs... >> loss: 0.000416116
16000/50000 epochs... >> loss: 0.000336304
16050/50000 epochs... >> loss: 0.000337715
16100/50000 epochs... >> loss: 0.000327755
16150/50000 epochs... >> loss: 0.000430083
16200/50000 epochs... >> loss: 0.000340302
16250/50000 epochs... >> loss: 0.000230462
16300/50000 epochs... >> loss: 0.000349951
16350/50000 epochs... >> loss: 0.00030798
16400/50000 epochs... >> loss: 0.000381844
16450/50000 epochs... >> loss: 0.000215305
16500/50000 epochs... >> loss: 0.000477427
16550/50000 epochs... >> loss: 0.000331356
16600/50000 epochs... >> loss: 0.000371941
16650/50000 epochs... >> loss: 0.000396414
16700/50000 epochs... >> loss: 0.000349994
16750/50000 epochs... >> loss: 0.000351377
16800/50000 epochs... >> loss: 0.000343354
16850/50000 epochs... >> loss: 0.000365547
16900/50000 epochs... >> loss: 0.00023988
16950/50000 epochs... >> loss: 0.000279823
17000/50000 epochs... >> loss: 0.000365564
17050/50000 epochs... >> loss: 0.000309515
17100/50000 epochs... >> loss: 0.000268345
17150/50000 epochs... >> loss: 0.000543651
17200/50000 epochs... >> loss: 0.000226156
17250/50000 epochs... >> loss: 0.000245542
17300/50000 epochs... >> loss: 0.000268465
17350/50000 epochs... >> loss: 0.00018307
17400/50000 epochs... >> loss: 0.000230805
17450/50000 epochs... >> loss: 0.000184793
17500/50000 epochs... >> loss: 0.000419327
17550/50000 epochs... >> loss: 0.000378195
17600/50000 epochs... >> loss: 0.000371734
17650/50000 epochs... >> loss: 0.00031776
17700/50000 epochs... >> loss: 0.000376665
17750/50000 epochs... >> loss: 0.000216948
17800/50000 epochs... >> loss: 0.000364219
17850/50000 epochs... >> loss: 0.000372535
17900/50000 epochs... >> loss: 0.000166336
17950/50000 epochs... >> loss: 0.000393711
18000/50000 epochs... >> loss: 0.000432922
18050/50000 epochs... >> loss: 0.000363971
18100/50000 epochs... >> loss: 0.000228467
18150/50000 epochs... >> loss: 0.000273436
18200/50000 epochs... >> loss: 0.000284742
18250/50000 epochs... >> loss: 0.000539628
18300/50000 epochs... >> loss: 0.000318552
18350/50000 epochs... >> loss: 0.00044978
18400/50000 epochs... >> loss: 0.00023764
18450/50000 epochs... >> loss: 0.000380213
18500/50000 epochs... >> loss: 0.000240763
18550/50000 epochs... >> loss: 0.000330428
18600/50000 epochs... >> loss: 0.000410271
18650/50000 epochs... >> loss: 0.000354006
18700/50000 epochs... >> loss: 0.000352039
18750/50000 epochs... >> loss: 0.000211849
18800/50000 epochs... >> loss: 0.000291058
18850/50000 epochs... >> loss: 0.000443147
18900/50000 epochs... >> loss: 0.000331095
18950/50000 epochs... >> loss: 0.000204302
19000/50000 epochs... >> loss: 0.000338391
19050/50000 epochs... >> loss: 0.000266684
19100/50000 epochs... >> loss: 0.000245254
19150/50000 epochs... >> loss: 0.000349096
19200/50000 epochs... >> loss: 0.000342881
19250/50000 epochs... >> loss: 0.000310331
19300/50000 epochs... >> loss: 0.000341006
19350/50000 epochs... >> loss: 0.00030766
19400/50000 epochs... >> loss: 0.000342573
19450/50000 epochs... >> loss: 0.000454471
19500/50000 epochs... >> loss: 0.000367747
19550/50000 epochs... >> loss: 0.000312417
19600/50000 epochs... >> loss: 0.000284053
19650/50000 epochs... >> loss: 0.000266204
19700/50000 epochs... >> loss: 0.000318499
19750/50000 epochs... >> loss: 0.000403697
19800/50000 epochs... >> loss: 0.000203494
19850/50000 epochs... >> loss: 0.000376823
19900/50000 epochs... >> loss: 0.000350207
19950/50000 epochs... >> loss: 0.000337061
20000/50000 epochs... >> loss: 0.000290141
Iter@20000
For each left:
Hits@1: 54.00%
Hits@10: 79.28%
Hits@50: 89.42%
Hits@100: 92.52%
Hits@200: 94.65%
MRR: 0.62851234596
For each right:
Hits@1: 53.57%
Hits@10: 79.15%
Hits@50: 89.90%
Hits@100: 92.76%
Hits@200: 94.92%
MRR: 0.625368556212
20050/50000 epochs... >> loss: 0.000330804
20100/50000 epochs... >> loss: 0.000250814
20150/50000 epochs... >> loss: 0.000306004
20200/50000 epochs... >> loss: 0.000292185
20250/50000 epochs... >> loss: 0.000407379
20300/50000 epochs... >> loss: 0.000382833
20350/50000 epochs... >> loss: 0.000286347
20400/50000 epochs... >> loss: 0.000294478
20450/50000 epochs... >> loss: 0.000274778
20500/50000 epochs... >> loss: 0.00039585
20550/50000 epochs... >> loss: 0.000430229
20600/50000 epochs... >> loss: 0.000325261
20650/50000 epochs... >> loss: 0.000189857
20700/50000 epochs... >> loss: 0.000259551
20750/50000 epochs... >> loss: 0.000356317
20800/50000 epochs... >> loss: 0.000313616
20850/50000 epochs... >> loss: 0.000436092
20900/50000 epochs... >> loss: 0.000302274
20950/50000 epochs... >> loss: 0.000229112
21000/50000 epochs... >> loss: 0.000308241
21050/50000 epochs... >> loss: 0.000404529
21100/50000 epochs... >> loss: 0.000263155
21150/50000 epochs... >> loss: 0.000311486
21200/50000 epochs... >> loss: 0.000269385
21250/50000 epochs... >> loss: 0.000349277
21300/50000 epochs... >> loss: 0.00025506
21350/50000 epochs... >> loss: 0.000324551
21400/50000 epochs... >> loss: 0.000358535
21450/50000 epochs... >> loss: 0.000371614
21500/50000 epochs... >> loss: 0.000418647
21550/50000 epochs... >> loss: 0.000308211
21600/50000 epochs... >> loss: 0.000289263
21650/50000 epochs... >> loss: 0.00057128
21700/50000 epochs... >> loss: 0.000323097
21750/50000 epochs... >> loss: 0.000320757
21800/50000 epochs... >> loss: 0.000229609
21850/50000 epochs... >> loss: 0.000270586
21900/50000 epochs... >> loss: 0.00025434
21950/50000 epochs... >> loss: 0.000303312
22000/50000 epochs... >> loss: 0.000325524
22050/50000 epochs... >> loss: 0.000236108
22100/50000 epochs... >> loss: 0.000321759
22150/50000 epochs... >> loss: 0.000246235
22200/50000 epochs... >> loss: 0.000295931
22250/50000 epochs... >> loss: 0.000340694
22300/50000 epochs... >> loss: 0.000292216
22350/50000 epochs... >> loss: 0.000242675
22400/50000 epochs... >> loss: 0.000332147
22450/50000 epochs... >> loss: 0.000212162
22500/50000 epochs... >> loss: 0.000301437
22550/50000 epochs... >> loss: 0.000260727
22600/50000 epochs... >> loss: 0.000220204
22650/50000 epochs... >> loss: 0.000218472
22700/50000 epochs... >> loss: 0.000224663
22750/50000 epochs... >> loss: 0.000155734
22800/50000 epochs... >> loss: 0.000256175
22850/50000 epochs... >> loss: 0.000253396
22900/50000 epochs... >> loss: 0.000270238
22950/50000 epochs... >> loss: 0.000217608
23000/50000 epochs... >> loss: 0.000393487
23050/50000 epochs... >> loss: 0.000278368
23100/50000 epochs... >> loss: 0.000280622
23150/50000 epochs... >> loss: 0.000268046
23200/50000 epochs... >> loss: 0.000142087
23250/50000 epochs... >> loss: 0.000290345
23300/50000 epochs... >> loss: 0.000440415
23350/50000 epochs... >> loss: 0.000177592
23400/50000 epochs... >> loss: 0.000309854
23450/50000 epochs... >> loss: 0.00032689
23500/50000 epochs... >> loss: 0.00026203
23550/50000 epochs... >> loss: 0.000236448
23600/50000 epochs... >> loss: 0.000359441
23650/50000 epochs... >> loss: 0.000432607
23700/50000 epochs... >> loss: 0.000248634
23750/50000 epochs... >> loss: 0.000330631
23800/50000 epochs... >> loss: 0.000133442
23850/50000 epochs... >> loss: 0.000326993
23900/50000 epochs... >> loss: 0.000247823
23950/50000 epochs... >> loss: 0.000442866
24000/50000 epochs... >> loss: 0.00022251
24050/50000 epochs... >> loss: 0.000265266
24100/50000 epochs... >> loss: 0.000309672
24150/50000 epochs... >> loss: 0.000178015
24200/50000 epochs... >> loss: 0.000286174
24250/50000 epochs... >> loss: 0.000232336
24300/50000 epochs... >> loss: 0.000263783
24350/50000 epochs... >> loss: 0.000219538
24400/50000 epochs... >> loss: 0.000506085
24450/50000 epochs... >> loss: 0.000588692
24500/50000 epochs... >> loss: 0.000310998
24550/50000 epochs... >> loss: 0.000329305
24600/50000 epochs... >> loss: 0.000152312
24650/50000 epochs... >> loss: 0.000252671
24700/50000 epochs... >> loss: 0.000208975
24750/50000 epochs... >> loss: 0.000335794
24800/50000 epochs... >> loss: 0.000296413
24850/50000 epochs... >> loss: 0.00028656
24900/50000 epochs... >> loss: 0.000328965
24950/50000 epochs... >> loss: 0.000233708
25000/50000 epochs... >> loss: 0.000212747
Iter@25000
For each left:
Hits@1: 53.84%
Hits@10: 78.90%
Hits@50: 89.10%
Hits@100: 92.30%
Hits@200: 94.28%
MRR: 0.625826100441
For each right:
Hits@1: 53.66%
Hits@10: 78.94%
Hits@50: 89.51%
Hits@100: 92.35%
Hits@200: 94.67%
MRR: 0.62474200405
25050/50000 epochs... >> loss: 0.000285005
25100/50000 epochs... >> loss: 0.000293688
25150/50000 epochs... >> loss: 0.000290998
25200/50000 epochs... >> loss: 0.000290696
25250/50000 epochs... >> loss: 0.000234848
25300/50000 epochs... >> loss: 0.0003706
25350/50000 epochs... >> loss: 0.000362758
25400/50000 epochs... >> loss: 0.000174751
25450/50000 epochs... >> loss: 0.000425893
25500/50000 epochs... >> loss: 0.00027735
25550/50000 epochs... >> loss: 0.000237373
25600/50000 epochs... >> loss: 0.000486453
25650/50000 epochs... >> loss: 0.000226767
25700/50000 epochs... >> loss: 0.000319458
25750/50000 epochs... >> loss: 0.000265471
25800/50000 epochs... >> loss: 0.00031233
25850/50000 epochs... >> loss: 0.000246129
25900/50000 epochs... >> loss: 0.000358019
25950/50000 epochs... >> loss: 0.000367175
26000/50000 epochs... >> loss: 0.000319826
26050/50000 epochs... >> loss: 0.000339663
26100/50000 epochs... >> loss: 0.000312828
26150/50000 epochs... >> loss: 0.000289424
26200/50000 epochs... >> loss: 0.000341309
26250/50000 epochs... >> loss: 0.000471839
26300/50000 epochs... >> loss: 0.000334282
26350/50000 epochs... >> loss: 0.000398758
26400/50000 epochs... >> loss: 0.000267487
26450/50000 epochs... >> loss: 0.000164293
26500/50000 epochs... >> loss: 0.000329638
26550/50000 epochs... >> loss: 0.000283615
26600/50000 epochs... >> loss: 0.000243107
26650/50000 epochs... >> loss: 0.000308423
26700/50000 epochs... >> loss: 0.000201512
26750/50000 epochs... >> loss: 0.000397735
26800/50000 epochs... >> loss: 0.000347333
26850/50000 epochs... >> loss: 0.000217945
26900/50000 epochs... >> loss: 0.000310482
26950/50000 epochs... >> loss: 0.000324744
27000/50000 epochs... >> loss: 0.000230687
27050/50000 epochs... >> loss: 0.000294678
27100/50000 epochs... >> loss: 0.000314916
27150/50000 epochs... >> loss: 0.000252255
27200/50000 epochs... >> loss: 0.000381298
27250/50000 epochs... >> loss: 0.000389922
27300/50000 epochs... >> loss: 0.000323591
27350/50000 epochs... >> loss: 0.000313353
27400/50000 epochs... >> loss: 0.000185301
27450/50000 epochs... >> loss: 0.000329382
27500/50000 epochs... >> loss: 0.000269717
27550/50000 epochs... >> loss: 0.000240655
27600/50000 epochs... >> loss: 0.000335992
27650/50000 epochs... >> loss: 0.000366136
27700/50000 epochs... >> loss: 0.000352957
27750/50000 epochs... >> loss: 0.000171457
27800/50000 epochs... >> loss: 0.000291521
27850/50000 epochs... >> loss: 0.000296534
27900/50000 epochs... >> loss: 0.000284444
27950/50000 epochs... >> loss: 0.000214544
28000/50000 epochs... >> loss: 0.000358083
28050/50000 epochs... >> loss: 0.000306938
28100/50000 epochs... >> loss: 0.000263519
28150/50000 epochs... >> loss: 0.000318926
28200/50000 epochs... >> loss: 0.000290736
28250/50000 epochs... >> loss: 0.000342103
28300/50000 epochs... >> loss: 0.000436185
28350/50000 epochs... >> loss: 0.000329974
28400/50000 epochs... >> loss: 0.000288231
28450/50000 epochs... >> loss: 0.000228554
28500/50000 epochs... >> loss: 0.000327467
28550/50000 epochs... >> loss: 0.000172171
28600/50000 epochs... >> loss: 0.000281667
28650/50000 epochs... >> loss: 0.000359262
28700/50000 epochs... >> loss: 0.000321889
28750/50000 epochs... >> loss: 0.000312627
28800/50000 epochs... >> loss: 0.000243557
28850/50000 epochs... >> loss: 0.000288302
28900/50000 epochs... >> loss: 0.000203475
28950/50000 epochs... >> loss: 0.000164142
29000/50000 epochs... >> loss: 0.000329507
29050/50000 epochs... >> loss: 0.000275664
29100/50000 epochs... >> loss: 0.000271564
29150/50000 epochs... >> loss: 0.000205562
29200/50000 epochs... >> loss: 0.000291194
29250/50000 epochs... >> loss: 0.000344355
29300/50000 epochs... >> loss: 0.000178553
29350/50000 epochs... >> loss: 0.000245031
29400/50000 epochs... >> loss: 0.000206437
29450/50000 epochs... >> loss: 0.000435624
29500/50000 epochs... >> loss: 0.000237912
29550/50000 epochs... >> loss: 0.000289863
29600/50000 epochs... >> loss: 0.00029426
29650/50000 epochs... >> loss: 0.000359979
29700/50000 epochs... >> loss: 0.000313855
29750/50000 epochs... >> loss: 0.00047035
29800/50000 epochs... >> loss: 0.000305748
29850/50000 epochs... >> loss: 0.000250571
29900/50000 epochs... >> loss: 0.000233441
29950/50000 epochs... >> loss: 0.000312198
30000/50000 epochs... >> loss: 0.000193858
Iter@30000
For each left:
Hits@1: 53.53%
Hits@10: 78.46%
Hits@50: 88.87%
Hits@100: 91.90%
Hits@200: 94.03%
MRR: 0.623092280285
For each right:
Hits@1: 53.35%
Hits@10: 78.50%
Hits@50: 89.36%
Hits@100: 91.87%
Hits@200: 94.30%
MRR: 0.621247857793
30050/50000 epochs... >> loss: 0.000182935
30100/50000 epochs... >> loss: 0.000199572
30150/50000 epochs... >> loss: 0.000500424
30200/50000 epochs... >> loss: 0.000309195
30250/50000 epochs... >> loss: 0.00028346
30300/50000 epochs... >> loss: 0.000306066
30350/50000 epochs... >> loss: 0.000323301
30400/50000 epochs... >> loss: 0.00032918
30450/50000 epochs... >> loss: 0.000169447
30500/50000 epochs... >> loss: 0.000233979
30550/50000 epochs... >> loss: 0.000221444
30600/50000 epochs... >> loss: 0.000325596
30650/50000 epochs... >> loss: 0.000297813
30700/50000 epochs... >> loss: 0.000247533
30750/50000 epochs... >> loss: 0.00029217
30800/50000 epochs... >> loss: 0.00029538
30850/50000 epochs... >> loss: 0.00029413
30900/50000 epochs... >> loss: 0.000150362
30950/50000 epochs... >> loss: 0.000192893
31000/50000 epochs... >> loss: 0.000210971
31050/50000 epochs... >> loss: 0.000238836
31100/50000 epochs... >> loss: 0.000268103
31150/50000 epochs... >> loss: 0.000362602
31200/50000 epochs... >> loss: 0.000238262
31250/50000 epochs... >> loss: 0.000241066
31300/50000 epochs... >> loss: 0.000337267
31350/50000 epochs... >> loss: 0.000287837
31400/50000 epochs... >> loss: 0.000221886
31450/50000 epochs... >> loss: 0.000268594
31500/50000 epochs... >> loss: 0.000227677
31550/50000 epochs... >> loss: 0.00025645
31600/50000 epochs... >> loss: 0.000365352
31650/50000 epochs... >> loss: 0.000344118
31700/50000 epochs... >> loss: 0.000393509
31750/50000 epochs... >> loss: 0.000284995
31800/50000 epochs... >> loss: 0.00018773
31850/50000 epochs... >> loss: 0.000285635
31900/50000 epochs... >> loss: 0.000207886
31950/50000 epochs... >> loss: 0.000376852
32000/50000 epochs... >> loss: 0.000204106
32050/50000 epochs... >> loss: 0.000253455
32100/50000 epochs... >> loss: 0.000148237
32150/50000 epochs... >> loss: 0.000264425
32200/50000 epochs... >> loss: 0.000283254
32250/50000 epochs... >> loss: 0.000350345
32300/50000 epochs... >> loss: 0.000410217
32350/50000 epochs... >> loss: 0.000312907
32400/50000 epochs... >> loss: 0.00024172
32450/50000 epochs... >> loss: 0.000281026
32500/50000 epochs... >> loss: 0.000283506
32550/50000 epochs... >> loss: 0.000225943
32600/50000 epochs... >> loss: 0.000208754
32650/50000 epochs... >> loss: 0.000312515
32700/50000 epochs... >> loss: 0.000174086
32750/50000 epochs... >> loss: 0.000310382
32800/50000 epochs... >> loss: 0.000254877
32850/50000 epochs... >> loss: 0.0002553
32900/50000 epochs... >> loss: 0.000167652
32950/50000 epochs... >> loss: 0.000277343
33000/50000 epochs... >> loss: 0.000289789
33050/50000 epochs... >> loss: 0.000238716
33100/50000 epochs... >> loss: 0.000346453
33150/50000 epochs... >> loss: 0.000268716
33200/50000 epochs... >> loss: 0.000311743
33250/50000 epochs... >> loss: 0.00025871
33300/50000 epochs... >> loss: 0.000227319
33350/50000 epochs... >> loss: 0.00015024
33400/50000 epochs... >> loss: 0.000241288
33450/50000 epochs... >> loss: 0.000196664
33500/50000 epochs... >> loss: 0.000269
33550/50000 epochs... >> loss: 0.000276886
33600/50000 epochs... >> loss: 0.000329761
33650/50000 epochs... >> loss: 0.000223617
33700/50000 epochs... >> loss: 0.00028592
33750/50000 epochs... >> loss: 0.000337194
33800/50000 epochs... >> loss: 0.000262124
33850/50000 epochs... >> loss: 0.000286393
33900/50000 epochs... >> loss: 0.000316485
33950/50000 epochs... >> loss: 0.00021758
34000/50000 epochs... >> loss: 0.000384791
34050/50000 epochs... >> loss: 0.000196374
34100/50000 epochs... >> loss: 0.000333662
34150/50000 epochs... >> loss: 0.00033053
34200/50000 epochs... >> loss: 0.000115247
34250/50000 epochs... >> loss: 0.000268669
34300/50000 epochs... >> loss: 0.000224628
34350/50000 epochs... >> loss: 0.000251947
34400/50000 epochs... >> loss: 0.000285711
34450/50000 epochs... >> loss: 0.000329546
34500/50000 epochs... >> loss: 0.000336084
34550/50000 epochs... >> loss: 0.000265854
34600/50000 epochs... >> loss: 0.000216617
34650/50000 epochs... >> loss: 0.000298041
34700/50000 epochs... >> loss: 0.000222909
34750/50000 epochs... >> loss: 0.000266592
34800/50000 epochs... >> loss: 0.000147601
34850/50000 epochs... >> loss: 0.000231892
34900/50000 epochs... >> loss: 0.000189563
34950/50000 epochs... >> loss: 0.00022201
35000/50000 epochs... >> loss: 0.000308434
Iter@35000
For each left:
Hits@1: 53.60%
Hits@10: 78.28%
Hits@50: 88.57%
Hits@100: 91.66%
Hits@200: 93.79%
MRR: 0.62254211046
For each right:
Hits@1: 53.10%
Hits@10: 78.23%
Hits@50: 89.08%
Hits@100: 91.61%
Hits@200: 94.08%
MRR: 0.619373997751
35050/50000 epochs... >> loss: 0.000263109
35100/50000 epochs... >> loss: 0.000336242
35150/50000 epochs... >> loss: 0.000317912
35200/50000 epochs... >> loss: 0.000368763
35250/50000 epochs... >> loss: 0.000239826
35300/50000 epochs... >> loss: 0.000329448
35350/50000 epochs... >> loss: 0.000303634
35400/50000 epochs... >> loss: 8.32805e-05
35450/50000 epochs... >> loss: 0.000199467
35500/50000 epochs... >> loss: 0.000305374
35550/50000 epochs... >> loss: 0.000276374
35600/50000 epochs... >> loss: 0.000132871
35650/50000 epochs... >> loss: 0.000288138
35700/50000 epochs... >> loss: 0.000253185
35750/50000 epochs... >> loss: 0.000372055
35800/50000 epochs... >> loss: 0.000226923
35850/50000 epochs... >> loss: 0.000240869
35900/50000 epochs... >> loss: 0.000161755
35950/50000 epochs... >> loss: 0.000323041
36000/50000 epochs... >> loss: 0.000264825
36050/50000 epochs... >> loss: 0.000214629
36100/50000 epochs... >> loss: 0.000251914
36150/50000 epochs... >> loss: 0.000304051
36200/50000 epochs... >> loss: 0.000217911
36250/50000 epochs... >> loss: 0.000272423
36300/50000 epochs... >> loss: 0.000252886
36350/50000 epochs... >> loss: 0.000333671
36400/50000 epochs... >> loss: 0.000231432
36450/50000 epochs... >> loss: 0.000403282
36500/50000 epochs... >> loss: 0.000267146
36550/50000 epochs... >> loss: 0.000224878
36600/50000 epochs... >> loss: 0.000203515
36650/50000 epochs... >> loss: 0.000247272
36700/50000 epochs... >> loss: 0.000343622
36750/50000 epochs... >> loss: 0.00028418
36800/50000 epochs... >> loss: 0.000291047
36850/50000 epochs... >> loss: 0.000241225
36900/50000 epochs... >> loss: 0.00035038
36950/50000 epochs... >> loss: 0.000230191
37000/50000 epochs... >> loss: 0.000165051
37050/50000 epochs... >> loss: 0.000236
37100/50000 epochs... >> loss: 0.000296053
37150/50000 epochs... >> loss: 0.000263327
37200/50000 epochs... >> loss: 0.000296616
37250/50000 epochs... >> loss: 0.00030182
37300/50000 epochs... >> loss: 0.000363613
37350/50000 epochs... >> loss: 0.000293792
37400/50000 epochs... >> loss: 0.000308924
37450/50000 epochs... >> loss: 0.00026017
37500/50000 epochs... >> loss: 0.000264351
37550/50000 epochs... >> loss: 0.000374655
37600/50000 epochs... >> loss: 0.000313888
37650/50000 epochs... >> loss: 0.000281278
37700/50000 epochs... >> loss: 0.000343185
37750/50000 epochs... >> loss: 0.000309094
37800/50000 epochs... >> loss: 0.000210365
37850/50000 epochs... >> loss: 0.000317452
37900/50000 epochs... >> loss: 0.000304541
37950/50000 epochs... >> loss: 0.000292819
38000/50000 epochs... >> loss: 0.000234872
38050/50000 epochs... >> loss: 0.00033967
38100/50000 epochs... >> loss: 0.000279551
38150/50000 epochs... >> loss: 0.000166101
38200/50000 epochs... >> loss: 0.000185244
38250/50000 epochs... >> loss: 0.000195739
38300/50000 epochs... >> loss: 0.000297957
38350/50000 epochs... >> loss: 0.000203535
38400/50000 epochs... >> loss: 0.000149656
38450/50000 epochs... >> loss: 0.00039917
38500/50000 epochs... >> loss: 0.000124062
38550/50000 epochs... >> loss: 0.000269502
38600/50000 epochs... >> loss: 0.000244657
38650/50000 epochs... >> loss: 0.000182363
38700/50000 epochs... >> loss: 0.000190343
38750/50000 epochs... >> loss: 0.000284299
38800/50000 epochs... >> loss: 0.000231193
38850/50000 epochs... >> loss: 0.000221253
38900/50000 epochs... >> loss: 0.000327638
38950/50000 epochs... >> loss: 0.000224834
39000/50000 epochs... >> loss: 0.000318201
39050/50000 epochs... >> loss: 0.000327412
39100/50000 epochs... >> loss: 0.000301812
39150/50000 epochs... >> loss: 0.00024861
39200/50000 epochs... >> loss: 0.000395016
39250/50000 epochs... >> loss: 0.000387195
39300/50000 epochs... >> loss: 0.00025688
39350/50000 epochs... >> loss: 0.000253651
39400/50000 epochs... >> loss: 0.0002836
39450/50000 epochs... >> loss: 0.00025608
39500/50000 epochs... >> loss: 0.000279947
39550/50000 epochs... >> loss: 0.000356398
39600/50000 epochs... >> loss: 0.000257368
39650/50000 epochs... >> loss: 0.000462586
39700/50000 epochs... >> loss: 0.000291626
39750/50000 epochs... >> loss: 0.000301847
39800/50000 epochs... >> loss: 0.000223286
39850/50000 epochs... >> loss: 0.000335012
39900/50000 epochs... >> loss: 0.000254008
39950/50000 epochs... >> loss: 0.000232007
40000/50000 epochs... >> loss: 0.000298836
Iter@40000
For each left:
Hits@1: 53.41%
Hits@10: 78.09%
Hits@50: 88.45%
Hits@100: 91.36%
Hits@200: 93.66%
MRR: 0.620808696307
For each right:
Hits@1: 52.91%
Hits@10: 78.15%
Hits@50: 88.95%
Hits@100: 91.53%
Hits@200: 93.95%
MRR: 0.616865282345
40050/50000 epochs... >> loss: 0.000320274
40100/50000 epochs... >> loss: 0.000410574
40150/50000 epochs... >> loss: 0.00021652
40200/50000 epochs... >> loss: 0.000214516
40250/50000 epochs... >> loss: 0.000260449
40300/50000 epochs... >> loss: 0.000313803
40350/50000 epochs... >> loss: 0.00024625
40400/50000 epochs... >> loss: 0.00027764
40450/50000 epochs... >> loss: 0.00027054
40500/50000 epochs... >> loss: 0.000242851
40550/50000 epochs... >> loss: 0.000363371
40600/50000 epochs... >> loss: 0.000333058
40650/50000 epochs... >> loss: 0.000175922
40700/50000 epochs... >> loss: 0.000248928
40750/50000 epochs... >> loss: 0.000205941
40800/50000 epochs... >> loss: 0.000177319
40850/50000 epochs... >> loss: 0.000217567
40900/50000 epochs... >> loss: 0.000290848
40950/50000 epochs... >> loss: 0.000311472
41000/50000 epochs... >> loss: 0.000356213
41050/50000 epochs... >> loss: 0.000278458
41100/50000 epochs... >> loss: 0.000185297
41150/50000 epochs... >> loss: 0.000223246
41200/50000 epochs... >> loss: 0.000401937
41250/50000 epochs... >> loss: 0.000355306
41300/50000 epochs... >> loss: 0.000334328
41350/50000 epochs... >> loss: 0.000234982
41400/50000 epochs... >> loss: 0.000149487
41450/50000 epochs... >> loss: 0.000288236
41500/50000 epochs... >> loss: 0.000274872
41550/50000 epochs... >> loss: 0.000186512
41600/50000 epochs... >> loss: 0.000293625
41650/50000 epochs... >> loss: 0.00026551
41700/50000 epochs... >> loss: 0.000290679
41750/50000 epochs... >> loss: 0.000270055
41800/50000 epochs... >> loss: 0.00028955
41850/50000 epochs... >> loss: 0.000215296
41900/50000 epochs... >> loss: 0.000208888
41950/50000 epochs... >> loss: 0.000227508
42000/50000 epochs... >> loss: 0.000231177
42050/50000 epochs... >> loss: 0.000365358
42100/50000 epochs... >> loss: 0.000412698
42150/50000 epochs... >> loss: 0.000440048
42200/50000 epochs... >> loss: 0.000190252
42250/50000 epochs... >> loss: 0.000270998
42300/50000 epochs... >> loss: 0.00020619
42350/50000 epochs... >> loss: 0.000258044
42400/50000 epochs... >> loss: 0.000219034
42450/50000 epochs... >> loss: 0.000251429
42500/50000 epochs... >> loss: 0.000364689
42550/50000 epochs... >> loss: 0.000277386
42600/50000 epochs... >> loss: 0.000270356
42650/50000 epochs... >> loss: 0.000219266
42700/50000 epochs... >> loss: 0.00022608
42750/50000 epochs... >> loss: 0.000374328
42800/50000 epochs... >> loss: 0.000221669
42850/50000 epochs... >> loss: 0.000255001
42900/50000 epochs... >> loss: 0.000228459
42950/50000 epochs... >> loss: 0.000295919
43000/50000 epochs... >> loss: 0.000248483
43050/50000 epochs... >> loss: 0.000273791
43100/50000 epochs... >> loss: 0.000266863
43150/50000 epochs... >> loss: 0.000224465
43200/50000 epochs... >> loss: 0.00031793
43250/50000 epochs... >> loss: 0.000322314
43300/50000 epochs... >> loss: 0.000276088
43350/50000 epochs... >> loss: 0.000278659
43400/50000 epochs... >> loss: 0.00027715
43450/50000 epochs... >> loss: 0.00015416
43500/50000 epochs... >> loss: 0.000364981
43550/50000 epochs... >> loss: 0.00028199
43600/50000 epochs... >> loss: 0.000389935
43650/50000 epochs... >> loss: 0.000213857
43700/50000 epochs... >> loss: 0.000224368
43750/50000 epochs... >> loss: 0.000297283
43800/50000 epochs... >> loss: 0.000246291
43850/50000 epochs... >> loss: 0.000275233
43900/50000 epochs... >> loss: 0.000196896
43950/50000 epochs... >> loss: 0.000305623
44000/50000 epochs... >> loss: 0.000248898
44050/50000 epochs... >> loss: 0.000284663
44100/50000 epochs... >> loss: 0.000284149
44150/50000 epochs... >> loss: 0.000199697
44200/50000 epochs... >> loss: 0.000344599
44250/50000 epochs... >> loss: 0.000190168
44300/50000 epochs... >> loss: 0.000265866
44350/50000 epochs... >> loss: 0.000194193
44400/50000 epochs... >> loss: 0.000235333
44450/50000 epochs... >> loss: 0.000301991
44500/50000 epochs... >> loss: 0.000238055
44550/50000 epochs... >> loss: 0.00015787
44600/50000 epochs... >> loss: 0.000134067
44650/50000 epochs... >> loss: 0.000333019
44700/50000 epochs... >> loss: 0.000279202
44750/50000 epochs... >> loss: 0.000195551
44800/50000 epochs... >> loss: 0.000273674
44850/50000 epochs... >> loss: 0.000263057
44900/50000 epochs... >> loss: 0.00019732
44950/50000 epochs... >> loss: 0.000342866
45000/50000 epochs... >> loss: 0.000361807
Iter@45000
For each left:
Hits@1: 53.13%
Hits@10: 77.91%
Hits@50: 88.28%
Hits@100: 91.20%
Hits@200: 93.45%
MRR: 0.61803350095
For each right:
Hits@1: 52.82%
Hits@10: 77.86%
Hits@50: 88.71%
Hits@100: 91.24%
Hits@200: 93.75%
MRR: 0.615278575215
45050/50000 epochs... >> loss: 0.000298052
45100/50000 epochs... >> loss: 0.000264204
45150/50000 epochs... >> loss: 0.000200471
45200/50000 epochs... >> loss: 0.000123285
45250/50000 epochs... >> loss: 0.000335355
45300/50000 epochs... >> loss: 0.000269347
45350/50000 epochs... >> loss: 0.000162827
45400/50000 epochs... >> loss: 0.000216319
45450/50000 epochs... >> loss: 0.000173977
45500/50000 epochs... >> loss: 0.000265986
45550/50000 epochs... >> loss: 0.000353376
45600/50000 epochs... >> loss: 0.000178276
45650/50000 epochs... >> loss: 0.000102161
45700/50000 epochs... >> loss: 0.00022145
45750/50000 epochs... >> loss: 0.000172774
45800/50000 epochs... >> loss: 0.000270136
45850/50000 epochs... >> loss: 0.000339553
45900/50000 epochs... >> loss: 0.00024549
45950/50000 epochs... >> loss: 0.000150957
46000/50000 epochs... >> loss: 0.000360166
46050/50000 epochs... >> loss: 0.000275222
46100/50000 epochs... >> loss: 0.000121247
46150/50000 epochs... >> loss: 0.000422524
46200/50000 epochs... >> loss: 0.000275
46250/50000 epochs... >> loss: 0.000405613
46300/50000 epochs... >> loss: 0.000113648
46350/50000 epochs... >> loss: 0.000215749
46400/50000 epochs... >> loss: 0.000279664
46450/50000 epochs... >> loss: 0.000361693
46500/50000 epochs... >> loss: 0.000288538
46550/50000 epochs... >> loss: 0.000203118
46600/50000 epochs... >> loss: 0.000249002
46650/50000 epochs... >> loss: 0.000182114
46700/50000 epochs... >> loss: 0.000282099
46750/50000 epochs... >> loss: 0.000235662
46800/50000 epochs... >> loss: 0.000329908
46850/50000 epochs... >> loss: 0.000184679
46900/50000 epochs... >> loss: 0.000245723
46950/50000 epochs... >> loss: 0.000201221
47000/50000 epochs... >> loss: 0.000260162
47050/50000 epochs... >> loss: 0.000341169
47100/50000 epochs... >> loss: 0.000259145
47150/50000 epochs... >> loss: 0.000237472
47200/50000 epochs... >> loss: 0.000320183
47250/50000 epochs... >> loss: 0.000294641
47300/50000 epochs... >> loss: 0.000271012
47350/50000 epochs... >> loss: 0.000208241
47400/50000 epochs... >> loss: 0.000273632
47450/50000 epochs... >> loss: 0.000281231
47500/50000 epochs... >> loss: 0.000198021
47550/50000 epochs... >> loss: 0.000199939
47600/50000 epochs... >> loss: 0.000220214
47650/50000 epochs... >> loss: 0.000324433
47700/50000 epochs... >> loss: 0.000223048
47750/50000 epochs... >> loss: 0.000209543
47800/50000 epochs... >> loss: 0.000192372
47850/50000 epochs... >> loss: 0.000249042
47900/50000 epochs... >> loss: 0.000208419
47950/50000 epochs... >> loss: 0.00025006
48000/50000 epochs... >> loss: 0.00024045
48050/50000 epochs... >> loss: 0.000272578
48100/50000 epochs... >> loss: 0.000374854
48150/50000 epochs... >> loss: 0.000225907
48200/50000 epochs... >> loss: 0.00028436
48250/50000 epochs... >> loss: 0.000160756
48300/50000 epochs... >> loss: 0.000276468
48350/50000 epochs... >> loss: 0.000289921
48400/50000 epochs... >> loss: 0.000305077
48450/50000 epochs... >> loss: 0.000225456
48500/50000 epochs... >> loss: 0.000225512
48550/50000 epochs... >> loss: 0.00035759
48600/50000 epochs... >> loss: 0.00033141
48650/50000 epochs... >> loss: 0.00034156
48700/50000 epochs... >> loss: 0.000248067
48750/50000 epochs... >> loss: 0.000467871
48800/50000 epochs... >> loss: 0.000228612
48850/50000 epochs... >> loss: 0.00031853
48900/50000 epochs... >> loss: 0.000214935
48950/50000 epochs... >> loss: 0.00023546
49000/50000 epochs... >> loss: 0.000203027
49050/50000 epochs... >> loss: 0.000196661
49100/50000 epochs... >> loss: 0.000233155
49150/50000 epochs... >> loss: 0.000309951
49200/50000 epochs... >> loss: 0.000265333
49250/50000 epochs... >> loss: 0.000171732
49300/50000 epochs... >> loss: 0.000418233
49350/50000 epochs... >> loss: 0.000282236
49400/50000 epochs... >> loss: 0.000290613
49450/50000 epochs... >> loss: 0.000354828
49500/50000 epochs... >> loss: 0.000358565
49550/50000 epochs... >> loss: 0.000317218
49600/50000 epochs... >> loss: 0.000265826
49650/50000 epochs... >> loss: 0.000176706
49700/50000 epochs... >> loss: 0.000331604
49750/50000 epochs... >> loss: 0.000271636
49800/50000 epochs... >> loss: 0.000223408
49850/50000 epochs... >> loss: 0.000306077
49900/50000 epochs... >> loss: 0.000330035
49950/50000 epochs... >> loss: 0.000289798
50000/50000 epochs... >> loss: 0.000205037
Iter@50000
For each left:
Hits@1: 52.82%
Hits@10: 77.84%
Hits@50: 88.18%
Hits@100: 91.09%
Hits@200: 93.28%
MRR: 0.615959250432
For each right:
Hits@1: 52.61%
Hits@10: 77.75%
Hits@50: 88.52%
Hits@100: 91.19%
Hits@200: 93.59%
MRR: 0.613543071924
For each left:
Hits@1: 52.82%
Hits@10: 77.84%
Hits@50: 88.18%
Hits@100: 91.09%
Hits@200: 93.28%
MRR: 0.615959250432
For each right:
Hits@1: 52.61%
Hits@10: 77.75%
Hits@50: 88.52%
Hits@100: 91.19%
Hits@200: 93.59%
MRR: 0.613543069327
total time elapsed: 4371.8297 s
