************************en_fr_15k_V1************************
loading a file...data/en_fr_15k_V1/ent_ids_1
loading a file...data/en_fr_15k_V1/ent_ids_2
30000
loading a file...data/en_fr_15k_V1/ref_ent_ids
loading a file...data/en_fr_15k_V1/train
loading a file...data/en_fr_15k_V1/dev
loading a file...data/en_fr_15k_V1/test
loading a file...data/en_fr_15k_V1/triples_1
loading a file...data/en_fr_15k_V1/triples_2
398
running HMAN...
adding the se input layer...
adding a layer...
adding a layer...
getting loss...
initializing...
running...
50/50000 epochs... >> loss: 0.263641
100/50000 epochs... >> loss: 0.199372
150/50000 epochs... >> loss: 0.172934
200/50000 epochs... >> loss: 0.159845
250/50000 epochs... >> loss: 0.142328
300/50000 epochs... >> loss: 0.136941
350/50000 epochs... >> loss: 0.134063
400/50000 epochs... >> loss: 0.127717
450/50000 epochs... >> loss: 0.126187
500/50000 epochs... >> loss: 0.119625
550/50000 epochs... >> loss: 0.117188
600/50000 epochs... >> loss: 0.111114
650/50000 epochs... >> loss: 0.107065
700/50000 epochs... >> loss: 0.104877
750/50000 epochs... >> loss: 0.103692
800/50000 epochs... >> loss: 0.103185
850/50000 epochs... >> loss: 0.0961858
900/50000 epochs... >> loss: 0.0973519
950/50000 epochs... >> loss: 0.0915048
1000/50000 epochs... >> loss: 0.0900149
1050/50000 epochs... >> loss: 0.088863
1100/50000 epochs... >> loss: 0.0849642
1150/50000 epochs... >> loss: 0.0881211
1200/50000 epochs... >> loss: 0.0985706
1250/50000 epochs... >> loss: 0.0834678
1300/50000 epochs... >> loss: 0.0754361
1350/50000 epochs... >> loss: 0.0688845
1400/50000 epochs... >> loss: 0.067282
1450/50000 epochs... >> loss: 0.0738629
1500/50000 epochs... >> loss: 0.0486913
1550/50000 epochs... >> loss: 0.0446275
1600/50000 epochs... >> loss: 0.0426021
1650/50000 epochs... >> loss: 0.0338016
1700/50000 epochs... >> loss: 0.0324905
1750/50000 epochs... >> loss: 0.0152099
1800/50000 epochs... >> loss: 0.010614
1850/50000 epochs... >> loss: 0.00826469
1900/50000 epochs... >> loss: 0.00605066
1950/50000 epochs... >> loss: 0.00460372
2000/50000 epochs... >> loss: 0.00385269
2050/50000 epochs... >> loss: 0.00341653
2100/50000 epochs... >> loss: 0.00344849
2150/50000 epochs... >> loss: 0.0023944
2200/50000 epochs... >> loss: 0.00234904
2250/50000 epochs... >> loss: 0.00184734
2300/50000 epochs... >> loss: 0.00209938
2350/50000 epochs... >> loss: 0.00184436
2400/50000 epochs... >> loss: 0.0015488
2450/50000 epochs... >> loss: 0.0014986
2500/50000 epochs... >> loss: 0.0019349
2550/50000 epochs... >> loss: 0.00143104
2600/50000 epochs... >> loss: 0.00142022
2650/50000 epochs... >> loss: 0.0011466
2700/50000 epochs... >> loss: 0.00105867
2750/50000 epochs... >> loss: 0.00113591
2800/50000 epochs... >> loss: 0.00115568
2850/50000 epochs... >> loss: 0.000838291
2900/50000 epochs... >> loss: 0.000907386
2950/50000 epochs... >> loss: 0.000907132
3000/50000 epochs... >> loss: 0.00101112
3050/50000 epochs... >> loss: 0.000903413
3100/50000 epochs... >> loss: 0.000866863
3150/50000 epochs... >> loss: 0.000861021
3200/50000 epochs... >> loss: 0.000878583
3250/50000 epochs... >> loss: 0.000725903
3300/50000 epochs... >> loss: 0.00084634
3350/50000 epochs... >> loss: 0.000847476
3400/50000 epochs... >> loss: 0.000692496
3450/50000 epochs... >> loss: 0.000771087
3500/50000 epochs... >> loss: 0.000673273
3550/50000 epochs... >> loss: 0.000610893
3600/50000 epochs... >> loss: 0.000623829
3650/50000 epochs... >> loss: 0.000502524
3700/50000 epochs... >> loss: 0.000711141
3750/50000 epochs... >> loss: 0.000557929
3800/50000 epochs... >> loss: 0.000652386
3850/50000 epochs... >> loss: 0.000610347
3900/50000 epochs... >> loss: 0.00084841
3950/50000 epochs... >> loss: 0.00054941
4000/50000 epochs... >> loss: 0.000510935
4050/50000 epochs... >> loss: 0.000642882
4100/50000 epochs... >> loss: 0.000581717
4150/50000 epochs... >> loss: 0.000592077
4200/50000 epochs... >> loss: 0.000443966
4250/50000 epochs... >> loss: 0.000514728
4300/50000 epochs... >> loss: 0.000501676
4350/50000 epochs... >> loss: 0.000606439
4400/50000 epochs... >> loss: 0.000697528
4450/50000 epochs... >> loss: 0.000488679
4500/50000 epochs... >> loss: 0.000493468
4550/50000 epochs... >> loss: 0.000590071
4600/50000 epochs... >> loss: 0.000423161
4650/50000 epochs... >> loss: 0.000406119
4700/50000 epochs... >> loss: 0.000468869
4750/50000 epochs... >> loss: 0.000638494
4800/50000 epochs... >> loss: 0.000567203
4850/50000 epochs... >> loss: 0.000416605
4900/50000 epochs... >> loss: 0.000496231
4950/50000 epochs... >> loss: 0.000540147
5000/50000 epochs... >> loss: 0.000644069
Iter@5000
For each left:
Hits@1: 41.10%
Hits@10: 73.78%
Hits@50: 90.30%
Hits@100: 94.23%
Hits@200: 96.71%
MRR: 0.52097462065
For each right:
Hits@1: 41.30%
Hits@10: 73.67%
Hits@50: 90.38%
Hits@100: 94.35%
Hits@200: 96.79%
MRR: 0.522285717544
5050/50000 epochs... >> loss: 0.000485272
5100/50000 epochs... >> loss: 0.000611173
5150/50000 epochs... >> loss: 0.000425883
5200/50000 epochs... >> loss: 0.000553682
5250/50000 epochs... >> loss: 0.000311911
5300/50000 epochs... >> loss: 0.000640277
5350/50000 epochs... >> loss: 0.000701991
5400/50000 epochs... >> loss: 0.000469951
5450/50000 epochs... >> loss: 0.000467581
5500/50000 epochs... >> loss: 0.000577791
5550/50000 epochs... >> loss: 0.000379579
5600/50000 epochs... >> loss: 0.000537316
5650/50000 epochs... >> loss: 0.000448718
5700/50000 epochs... >> loss: 0.000513498
5750/50000 epochs... >> loss: 0.000438526
5800/50000 epochs... >> loss: 0.000415416
5850/50000 epochs... >> loss: 0.000554929
5900/50000 epochs... >> loss: 0.000497867
5950/50000 epochs... >> loss: 0.000415205
6000/50000 epochs... >> loss: 0.000372712
6050/50000 epochs... >> loss: 0.000568403
6100/50000 epochs... >> loss: 0.000505325
6150/50000 epochs... >> loss: 0.000444239
6200/50000 epochs... >> loss: 0.000504594
6250/50000 epochs... >> loss: 0.000554145
6300/50000 epochs... >> loss: 0.000403143
6350/50000 epochs... >> loss: 0.000454307
6400/50000 epochs... >> loss: 0.000395203
6450/50000 epochs... >> loss: 0.000417512
6500/50000 epochs... >> loss: 0.000457396
6550/50000 epochs... >> loss: 0.000341704
6600/50000 epochs... >> loss: 0.000324433
6650/50000 epochs... >> loss: 0.00051636
6700/50000 epochs... >> loss: 0.000380711
6750/50000 epochs... >> loss: 0.000331648
6800/50000 epochs... >> loss: 0.000588491
6850/50000 epochs... >> loss: 0.000376029
6900/50000 epochs... >> loss: 0.000427061
6950/50000 epochs... >> loss: 0.000645505
7000/50000 epochs... >> loss: 0.000489947
7050/50000 epochs... >> loss: 0.000468326
7100/50000 epochs... >> loss: 0.000398998
7150/50000 epochs... >> loss: 0.000480984
7200/50000 epochs... >> loss: 0.00034473
7250/50000 epochs... >> loss: 0.000386782
7300/50000 epochs... >> loss: 0.000483985
7350/50000 epochs... >> loss: 0.000430552
7400/50000 epochs... >> loss: 0.00044145
7450/50000 epochs... >> loss: 0.000458683
7500/50000 epochs... >> loss: 0.000463281
7550/50000 epochs... >> loss: 0.000410808
7600/50000 epochs... >> loss: 0.000600268
7650/50000 epochs... >> loss: 0.000459415
7700/50000 epochs... >> loss: 0.000350141
7750/50000 epochs... >> loss: 0.000344198
7800/50000 epochs... >> loss: 0.00034801
7850/50000 epochs... >> loss: 0.000278846
7900/50000 epochs... >> loss: 0.000242409
7950/50000 epochs... >> loss: 0.000283649
8000/50000 epochs... >> loss: 0.000356246
8050/50000 epochs... >> loss: 0.00037148
8100/50000 epochs... >> loss: 0.000393235
8150/50000 epochs... >> loss: 0.00064504
8200/50000 epochs... >> loss: 0.000317133
8250/50000 epochs... >> loss: 0.000432364
8300/50000 epochs... >> loss: 0.000301217
8350/50000 epochs... >> loss: 0.000445081
8400/50000 epochs... >> loss: 0.000507269
8450/50000 epochs... >> loss: 0.000348823
8500/50000 epochs... >> loss: 0.000474758
8550/50000 epochs... >> loss: 0.000489683
8600/50000 epochs... >> loss: 0.000415214
8650/50000 epochs... >> loss: 0.000452256
8700/50000 epochs... >> loss: 0.000538043
8750/50000 epochs... >> loss: 0.000387171
8800/50000 epochs... >> loss: 0.000173603
8850/50000 epochs... >> loss: 0.000391588
8900/50000 epochs... >> loss: 0.00045907
8950/50000 epochs... >> loss: 0.000334021
9000/50000 epochs... >> loss: 0.000295277
9050/50000 epochs... >> loss: 0.00036702
9100/50000 epochs... >> loss: 0.000348378
9150/50000 epochs... >> loss: 0.00037655
9200/50000 epochs... >> loss: 0.000295741
9250/50000 epochs... >> loss: 0.000386501
9300/50000 epochs... >> loss: 0.000326608
9350/50000 epochs... >> loss: 0.00032745
9400/50000 epochs... >> loss: 0.000313097
9450/50000 epochs... >> loss: 0.000466622
9500/50000 epochs... >> loss: 0.000601805
9550/50000 epochs... >> loss: 0.000502712
9600/50000 epochs... >> loss: 0.000384846
9650/50000 epochs... >> loss: 0.000379352
9700/50000 epochs... >> loss: 0.000396983
9750/50000 epochs... >> loss: 0.000295788
9800/50000 epochs... >> loss: 0.00038581
9850/50000 epochs... >> loss: 0.000458507
9900/50000 epochs... >> loss: 0.00034982
9950/50000 epochs... >> loss: 0.000388691
10000/50000 epochs... >> loss: 0.000402597
Iter@10000
For each left:
Hits@1: 41.45%
Hits@10: 73.54%
Hits@50: 89.49%
Hits@100: 93.35%
Hits@200: 96.10%
MRR: 0.522980444635
For each right:
Hits@1: 41.62%
Hits@10: 73.81%
Hits@50: 90.25%
Hits@100: 93.89%
Hits@200: 96.47%
MRR: 0.524015490816
10050/50000 epochs... >> loss: 0.000277352
10100/50000 epochs... >> loss: 0.000440075
10150/50000 epochs... >> loss: 0.000242874
10200/50000 epochs... >> loss: 0.000475711
10250/50000 epochs... >> loss: 0.00039477
10300/50000 epochs... >> loss: 0.000367276
10350/50000 epochs... >> loss: 0.000283201
10400/50000 epochs... >> loss: 0.000413221
10450/50000 epochs... >> loss: 0.000378785
10500/50000 epochs... >> loss: 0.000380976
10550/50000 epochs... >> loss: 0.000302092
10600/50000 epochs... >> loss: 0.000289472
10650/50000 epochs... >> loss: 0.000320722
10700/50000 epochs... >> loss: 0.000401253
10750/50000 epochs... >> loss: 0.000358362
10800/50000 epochs... >> loss: 0.000431645
10850/50000 epochs... >> loss: 0.000297113
10900/50000 epochs... >> loss: 0.000396315
10950/50000 epochs... >> loss: 0.000386662
11000/50000 epochs... >> loss: 0.000397151
11050/50000 epochs... >> loss: 0.000450413
11100/50000 epochs... >> loss: 0.000324327
11150/50000 epochs... >> loss: 0.000250375
11200/50000 epochs... >> loss: 0.000334951
11250/50000 epochs... >> loss: 0.000350535
11300/50000 epochs... >> loss: 0.000279053
11350/50000 epochs... >> loss: 0.000297484
11400/50000 epochs... >> loss: 0.000395052
11450/50000 epochs... >> loss: 0.000507405
11500/50000 epochs... >> loss: 0.000373967
11550/50000 epochs... >> loss: 0.000234975
11600/50000 epochs... >> loss: 0.000459645
11650/50000 epochs... >> loss: 0.000310575
11700/50000 epochs... >> loss: 0.000329533
11750/50000 epochs... >> loss: 0.000278215
11800/50000 epochs... >> loss: 0.000221324
11850/50000 epochs... >> loss: 0.000404788
11900/50000 epochs... >> loss: 0.000548173
11950/50000 epochs... >> loss: 0.000277123
12000/50000 epochs... >> loss: 0.00030325
12050/50000 epochs... >> loss: 0.000432792
12100/50000 epochs... >> loss: 0.000295418
12150/50000 epochs... >> loss: 0.00040309
12200/50000 epochs... >> loss: 0.000374804
12250/50000 epochs... >> loss: 0.000303747
12300/50000 epochs... >> loss: 0.000387373
12350/50000 epochs... >> loss: 0.000305767
12400/50000 epochs... >> loss: 0.000204137
12450/50000 epochs... >> loss: 0.000378353
12500/50000 epochs... >> loss: 0.000397021
12550/50000 epochs... >> loss: 0.000372384
12600/50000 epochs... >> loss: 0.000510033
12650/50000 epochs... >> loss: 0.000217104
12700/50000 epochs... >> loss: 0.000289642
12750/50000 epochs... >> loss: 0.000356546
12800/50000 epochs... >> loss: 0.000456352
12850/50000 epochs... >> loss: 0.000284333
12900/50000 epochs... >> loss: 0.000470442
12950/50000 epochs... >> loss: 0.000299582
13000/50000 epochs... >> loss: 0.000201107
13050/50000 epochs... >> loss: 0.00039021
13100/50000 epochs... >> loss: 0.000330863
13150/50000 epochs... >> loss: 0.0003105
13200/50000 epochs... >> loss: 0.000436919
13250/50000 epochs... >> loss: 0.000315401
13300/50000 epochs... >> loss: 0.000452477
13350/50000 epochs... >> loss: 0.000322064
13400/50000 epochs... >> loss: 0.000346915
13450/50000 epochs... >> loss: 0.000327149
13500/50000 epochs... >> loss: 0.000401229
13550/50000 epochs... >> loss: 0.00026908
13600/50000 epochs... >> loss: 0.000351543
13650/50000 epochs... >> loss: 0.000457872
13700/50000 epochs... >> loss: 0.000337979
13750/50000 epochs... >> loss: 0.000381209
13800/50000 epochs... >> loss: 0.000385043
13850/50000 epochs... >> loss: 0.000344406
13900/50000 epochs... >> loss: 0.000186825
13950/50000 epochs... >> loss: 0.000179664
14000/50000 epochs... >> loss: 0.000200937
14050/50000 epochs... >> loss: 0.000211036
14100/50000 epochs... >> loss: 0.000489655
14150/50000 epochs... >> loss: 0.000350771
14200/50000 epochs... >> loss: 0.00019308
14250/50000 epochs... >> loss: 0.000281118
14300/50000 epochs... >> loss: 0.000435857
14350/50000 epochs... >> loss: 0.000349955
14400/50000 epochs... >> loss: 0.000212794
14450/50000 epochs... >> loss: 0.000378983
14500/50000 epochs... >> loss: 0.000438355
14550/50000 epochs... >> loss: 0.000208094
14600/50000 epochs... >> loss: 0.000341148
14650/50000 epochs... >> loss: 0.000311452
14700/50000 epochs... >> loss: 0.000325895
14750/50000 epochs... >> loss: 0.000333662
14800/50000 epochs... >> loss: 0.000424733
14850/50000 epochs... >> loss: 0.000249732
14900/50000 epochs... >> loss: 0.000276281
14950/50000 epochs... >> loss: 0.000336414
15000/50000 epochs... >> loss: 0.000355906
Iter@15000
For each left:
Hits@1: 41.57%
Hits@10: 72.82%
Hits@50: 88.98%
Hits@100: 92.85%
Hits@200: 95.60%
MRR: 0.521919583765
For each right:
Hits@1: 41.12%
Hits@10: 73.26%
Hits@50: 89.80%
Hits@100: 93.50%
Hits@200: 96.09%
MRR: 0.520051163435
15050/50000 epochs... >> loss: 0.000391111
15100/50000 epochs... >> loss: 0.0002144
15150/50000 epochs... >> loss: 0.000351405
15200/50000 epochs... >> loss: 0.000292307
15250/50000 epochs... >> loss: 0.000406209
15300/50000 epochs... >> loss: 0.000334605
15350/50000 epochs... >> loss: 0.000230499
15400/50000 epochs... >> loss: 0.000242208
15450/50000 epochs... >> loss: 0.000262013
15500/50000 epochs... >> loss: 0.000288268
15550/50000 epochs... >> loss: 0.000405428
15600/50000 epochs... >> loss: 0.000236424
15650/50000 epochs... >> loss: 0.000415277
15700/50000 epochs... >> loss: 0.000336658
15750/50000 epochs... >> loss: 0.000275855
15800/50000 epochs... >> loss: 0.000333478
15850/50000 epochs... >> loss: 0.000277142
15900/50000 epochs... >> loss: 0.000326603
15950/50000 epochs... >> loss: 0.00026969
16000/50000 epochs... >> loss: 0.000262525
16050/50000 epochs... >> loss: 0.000321671
16100/50000 epochs... >> loss: 0.000329532
16150/50000 epochs... >> loss: 0.000301269
16200/50000 epochs... >> loss: 0.000265333
16250/50000 epochs... >> loss: 0.000296218
16300/50000 epochs... >> loss: 0.000244875
16350/50000 epochs... >> loss: 0.000287415
16400/50000 epochs... >> loss: 0.000482349
16450/50000 epochs... >> loss: 0.000394888
16500/50000 epochs... >> loss: 0.000324904
16550/50000 epochs... >> loss: 0.000366173
16600/50000 epochs... >> loss: 0.000268668
16650/50000 epochs... >> loss: 0.000301845
16700/50000 epochs... >> loss: 0.000307971
16750/50000 epochs... >> loss: 0.000319304
16800/50000 epochs... >> loss: 0.000326893
16850/50000 epochs... >> loss: 0.000286248
16900/50000 epochs... >> loss: 0.000236383
16950/50000 epochs... >> loss: 0.000316977
17000/50000 epochs... >> loss: 0.000349827
17050/50000 epochs... >> loss: 0.000399021
17100/50000 epochs... >> loss: 0.000271099
17150/50000 epochs... >> loss: 0.000221108
17200/50000 epochs... >> loss: 0.000229602
17250/50000 epochs... >> loss: 0.000284376
17300/50000 epochs... >> loss: 0.000337121
17350/50000 epochs... >> loss: 0.000201218
17400/50000 epochs... >> loss: 0.000317157
17450/50000 epochs... >> loss: 0.000375491
17500/50000 epochs... >> loss: 0.000301707
17550/50000 epochs... >> loss: 0.000278092
17600/50000 epochs... >> loss: 0.000207151
17650/50000 epochs... >> loss: 0.000294168
17700/50000 epochs... >> loss: 0.000201882
17750/50000 epochs... >> loss: 0.000215749
17800/50000 epochs... >> loss: 0.000263738
17850/50000 epochs... >> loss: 0.000130625
17900/50000 epochs... >> loss: 0.000446848
17950/50000 epochs... >> loss: 0.000279578
18000/50000 epochs... >> loss: 0.000350409
18050/50000 epochs... >> loss: 0.000268902
18100/50000 epochs... >> loss: 0.000334215
18150/50000 epochs... >> loss: 0.000353919
18200/50000 epochs... >> loss: 0.000412748
18250/50000 epochs... >> loss: 0.000154982
18300/50000 epochs... >> loss: 0.00028042
18350/50000 epochs... >> loss: 0.000193556
18400/50000 epochs... >> loss: 0.000272262
18450/50000 epochs... >> loss: 0.000240133
18500/50000 epochs... >> loss: 0.000395497
18550/50000 epochs... >> loss: 0.000216521
18600/50000 epochs... >> loss: 0.000266853
18650/50000 epochs... >> loss: 0.000318672
18700/50000 epochs... >> loss: 0.00032823
18750/50000 epochs... >> loss: 0.000371177
18800/50000 epochs... >> loss: 0.000317102
18850/50000 epochs... >> loss: 0.000206846
18900/50000 epochs... >> loss: 0.000452497
18950/50000 epochs... >> loss: 0.00029079
19000/50000 epochs... >> loss: 0.000274274
19050/50000 epochs... >> loss: 0.00031464
19100/50000 epochs... >> loss: 0.000345244
19150/50000 epochs... >> loss: 0.000130026
19200/50000 epochs... >> loss: 0.000332663
19250/50000 epochs... >> loss: 0.000310806
19300/50000 epochs... >> loss: 0.000256059
19350/50000 epochs... >> loss: 0.000345144
19400/50000 epochs... >> loss: 0.00034382
19450/50000 epochs... >> loss: 0.000138252
19500/50000 epochs... >> loss: 0.000464136
19550/50000 epochs... >> loss: 0.00025996
19600/50000 epochs... >> loss: 0.000379713
19650/50000 epochs... >> loss: 0.000200689
19700/50000 epochs... >> loss: 0.000218573
19750/50000 epochs... >> loss: 0.000317828
19800/50000 epochs... >> loss: 0.000258957
19850/50000 epochs... >> loss: 0.000272214
19900/50000 epochs... >> loss: 0.000224055
19950/50000 epochs... >> loss: 0.000531511
20000/50000 epochs... >> loss: 0.000416238
Iter@20000
For each left:
Hits@1: 41.68%
Hits@10: 72.10%
Hits@50: 88.30%
Hits@100: 92.24%
Hits@200: 95.14%
MRR: 0.520388415474
For each right:
Hits@1: 41.01%
Hits@10: 72.86%
Hits@50: 89.39%
Hits@100: 93.21%
Hits@200: 95.73%
MRR: 0.517562004982
20050/50000 epochs... >> loss: 0.000313639
20100/50000 epochs... >> loss: 0.000213577
20150/50000 epochs... >> loss: 0.000401124
20200/50000 epochs... >> loss: 0.000303954
20250/50000 epochs... >> loss: 0.000275786
20300/50000 epochs... >> loss: 0.000441107
20350/50000 epochs... >> loss: 0.000216805
20400/50000 epochs... >> loss: 0.000368732
20450/50000 epochs... >> loss: 0.000343912
20500/50000 epochs... >> loss: 0.000312497
20550/50000 epochs... >> loss: 0.000300055
20600/50000 epochs... >> loss: 0.000283863
20650/50000 epochs... >> loss: 0.000213151
20700/50000 epochs... >> loss: 0.000296364
20750/50000 epochs... >> loss: 0.000397391
20800/50000 epochs... >> loss: 0.00036877
20850/50000 epochs... >> loss: 0.000133934
20900/50000 epochs... >> loss: 0.000297359
20950/50000 epochs... >> loss: 0.000221083
21000/50000 epochs... >> loss: 0.000201279
21050/50000 epochs... >> loss: 0.00032527
21100/50000 epochs... >> loss: 0.000223267
21150/50000 epochs... >> loss: 0.000336622
21200/50000 epochs... >> loss: 0.000241624
21250/50000 epochs... >> loss: 0.000279467
21300/50000 epochs... >> loss: 0.000269535
21350/50000 epochs... >> loss: 0.000373118
21400/50000 epochs... >> loss: 0.000175764
21450/50000 epochs... >> loss: 0.000271106
21500/50000 epochs... >> loss: 0.000366693
21550/50000 epochs... >> loss: 0.0003162
21600/50000 epochs... >> loss: 0.000425929
21650/50000 epochs... >> loss: 0.000320934
21700/50000 epochs... >> loss: 0.000273911
21750/50000 epochs... >> loss: 0.000334075
21800/50000 epochs... >> loss: 0.000262193
21850/50000 epochs... >> loss: 0.000257218
21900/50000 epochs... >> loss: 0.00025598
21950/50000 epochs... >> loss: 0.000312622
22000/50000 epochs... >> loss: 0.000212177
22050/50000 epochs... >> loss: 0.000367835
22100/50000 epochs... >> loss: 0.000264807
22150/50000 epochs... >> loss: 0.000262867
22200/50000 epochs... >> loss: 0.000256228
22250/50000 epochs... >> loss: 0.000280069
22300/50000 epochs... >> loss: 0.000268975
22350/50000 epochs... >> loss: 0.000338626
22400/50000 epochs... >> loss: 0.000271553
22450/50000 epochs... >> loss: 0.000302192
22500/50000 epochs... >> loss: 0.000241722
22550/50000 epochs... >> loss: 0.000358744
22600/50000 epochs... >> loss: 0.000367242
22650/50000 epochs... >> loss: 0.000241377
22700/50000 epochs... >> loss: 0.000229915
22750/50000 epochs... >> loss: 0.000237185
22800/50000 epochs... >> loss: 0.000265521
22850/50000 epochs... >> loss: 0.000329457
22900/50000 epochs... >> loss: 0.000196181
22950/50000 epochs... >> loss: 0.000480915
23000/50000 epochs... >> loss: 0.000244567
23050/50000 epochs... >> loss: 0.000275276
23100/50000 epochs... >> loss: 0.000181249
23150/50000 epochs... >> loss: 0.000340643
23200/50000 epochs... >> loss: 0.000283713
23250/50000 epochs... >> loss: 0.000404978
23300/50000 epochs... >> loss: 0.000265604
23350/50000 epochs... >> loss: 0.000179792
23400/50000 epochs... >> loss: 0.000249455
23450/50000 epochs... >> loss: 0.000279425
23500/50000 epochs... >> loss: 0.000309181
23550/50000 epochs... >> loss: 0.000335323
23600/50000 epochs... >> loss: 0.000339351
23650/50000 epochs... >> loss: 0.00025928
23700/50000 epochs... >> loss: 0.000418347
23750/50000 epochs... >> loss: 0.000300055
23800/50000 epochs... >> loss: 0.000202361
23850/50000 epochs... >> loss: 0.000460851
23900/50000 epochs... >> loss: 0.000294801
23950/50000 epochs... >> loss: 0.000224591
24000/50000 epochs... >> loss: 0.000330307
24050/50000 epochs... >> loss: 0.000297678
24100/50000 epochs... >> loss: 0.000458354
24150/50000 epochs... >> loss: 0.000200696
24200/50000 epochs... >> loss: 0.000351848
24250/50000 epochs... >> loss: 0.000285046
24300/50000 epochs... >> loss: 0.000304249
24350/50000 epochs... >> loss: 0.000377514
24400/50000 epochs... >> loss: 0.000228835
24450/50000 epochs... >> loss: 0.000267912
24500/50000 epochs... >> loss: 0.000349114
24550/50000 epochs... >> loss: 0.000340298
24600/50000 epochs... >> loss: 0.000313181
24650/50000 epochs... >> loss: 0.000198412
24700/50000 epochs... >> loss: 0.000241404
24750/50000 epochs... >> loss: 0.00031585
24800/50000 epochs... >> loss: 0.000210489
24850/50000 epochs... >> loss: 0.00029658
24900/50000 epochs... >> loss: 0.000260629
24950/50000 epochs... >> loss: 0.000302072
25000/50000 epochs... >> loss: 0.000319619
Iter@25000
For each left:
Hits@1: 41.11%
Hits@10: 71.95%
Hits@50: 87.77%
Hits@100: 91.59%
Hits@200: 94.56%
MRR: 0.515260458863
For each right:
Hits@1: 40.45%
Hits@10: 72.23%
Hits@50: 89.05%
Hits@100: 92.65%
Hits@200: 95.26%
MRR: 0.512226235129
25050/50000 epochs... >> loss: 0.000328282
25100/50000 epochs... >> loss: 0.000496132
25150/50000 epochs... >> loss: 0.000261496
25200/50000 epochs... >> loss: 0.000166931
25250/50000 epochs... >> loss: 0.000304578
25300/50000 epochs... >> loss: 0.000324368
25350/50000 epochs... >> loss: 0.000172676
25400/50000 epochs... >> loss: 0.00029076
25450/50000 epochs... >> loss: 0.000299008
25500/50000 epochs... >> loss: 0.000333315
25550/50000 epochs... >> loss: 0.000334396
25600/50000 epochs... >> loss: 0.000239867
25650/50000 epochs... >> loss: 0.000300044
25700/50000 epochs... >> loss: 0.000275267
25750/50000 epochs... >> loss: 0.000290235
25800/50000 epochs... >> loss: 0.00027179
25850/50000 epochs... >> loss: 0.000182926
25900/50000 epochs... >> loss: 0.000333058
25950/50000 epochs... >> loss: 0.000346792
26000/50000 epochs... >> loss: 0.000425554
26050/50000 epochs... >> loss: 0.00023653
26100/50000 epochs... >> loss: 0.000259402
26150/50000 epochs... >> loss: 0.000302428
26200/50000 epochs... >> loss: 0.000361877
26250/50000 epochs... >> loss: 0.000289664
26300/50000 epochs... >> loss: 0.000223408
26350/50000 epochs... >> loss: 0.000257362
26400/50000 epochs... >> loss: 0.000313855
26450/50000 epochs... >> loss: 0.00030276
26500/50000 epochs... >> loss: 0.000346053
26550/50000 epochs... >> loss: 0.000288105
26600/50000 epochs... >> loss: 0.000282192
26650/50000 epochs... >> loss: 0.000148341
26700/50000 epochs... >> loss: 0.000313869
26750/50000 epochs... >> loss: 0.000307903
26800/50000 epochs... >> loss: 0.000477278
26850/50000 epochs... >> loss: 0.000349849
26900/50000 epochs... >> loss: 0.000265029
26950/50000 epochs... >> loss: 0.000384867
27000/50000 epochs... >> loss: 0.00016492
27050/50000 epochs... >> loss: 0.000377908
27100/50000 epochs... >> loss: 0.000290022
27150/50000 epochs... >> loss: 0.000284225
27200/50000 epochs... >> loss: 0.000273711
27250/50000 epochs... >> loss: 0.000199683
27300/50000 epochs... >> loss: 0.000347863
27350/50000 epochs... >> loss: 0.000301621
27400/50000 epochs... >> loss: 0.000209607
27450/50000 epochs... >> loss: 0.000205518
27500/50000 epochs... >> loss: 0.000223605
27550/50000 epochs... >> loss: 0.000326937
27600/50000 epochs... >> loss: 0.000321506
27650/50000 epochs... >> loss: 0.000263208
27700/50000 epochs... >> loss: 0.000306142
27750/50000 epochs... >> loss: 0.000222689
27800/50000 epochs... >> loss: 0.000273891
27850/50000 epochs... >> loss: 0.000327758
27900/50000 epochs... >> loss: 0.000327055
27950/50000 epochs... >> loss: 0.000285811
28000/50000 epochs... >> loss: 0.000186496
28050/50000 epochs... >> loss: 0.000265021
28100/50000 epochs... >> loss: 0.000447803
28150/50000 epochs... >> loss: 0.000326215
28200/50000 epochs... >> loss: 0.000347403
28250/50000 epochs... >> loss: 0.000284046
28300/50000 epochs... >> loss: 0.000276068
28350/50000 epochs... >> loss: 0.000171849
28400/50000 epochs... >> loss: 0.000286228
28450/50000 epochs... >> loss: 0.000374366
28500/50000 epochs... >> loss: 0.000171888
28550/50000 epochs... >> loss: 0.000380294
28600/50000 epochs... >> loss: 0.000351985
28650/50000 epochs... >> loss: 0.000222224
28700/50000 epochs... >> loss: 0.000404174
28750/50000 epochs... >> loss: 0.000354846
28800/50000 epochs... >> loss: 0.000252921
28850/50000 epochs... >> loss: 0.000241553
28900/50000 epochs... >> loss: 0.000218827
28950/50000 epochs... >> loss: 0.000254233
29000/50000 epochs... >> loss: 0.000315277
29050/50000 epochs... >> loss: 0.00036767
29100/50000 epochs... >> loss: 0.000210572
29150/50000 epochs... >> loss: 0.000232033
29200/50000 epochs... >> loss: 0.000383009
29250/50000 epochs... >> loss: 0.000247165
29300/50000 epochs... >> loss: 0.000250725
29350/50000 epochs... >> loss: 0.000159948
29400/50000 epochs... >> loss: 0.000275861
29450/50000 epochs... >> loss: 0.000295866
29500/50000 epochs... >> loss: 0.000328122
29550/50000 epochs... >> loss: 0.000340767
29600/50000 epochs... >> loss: 0.00024162
29650/50000 epochs... >> loss: 0.000258522
29700/50000 epochs... >> loss: 0.000325018
29750/50000 epochs... >> loss: 0.000283779
29800/50000 epochs... >> loss: 0.00030311
29850/50000 epochs... >> loss: 0.000390017
29900/50000 epochs... >> loss: 0.000334401
29950/50000 epochs... >> loss: 0.00030719
30000/50000 epochs... >> loss: 0.000236351
Iter@30000
For each left:
Hits@1: 41.10%
Hits@10: 71.33%
Hits@50: 87.17%
Hits@100: 91.09%
Hits@200: 94.11%
MRR: 0.513360825234
For each right:
Hits@1: 40.33%
Hits@10: 71.79%
Hits@50: 88.77%
Hits@100: 92.69%
Hits@200: 95.21%
MRR: 0.509642329092
30050/50000 epochs... >> loss: 0.000403053
30100/50000 epochs... >> loss: 0.000355325
30150/50000 epochs... >> loss: 0.000253705
30200/50000 epochs... >> loss: 0.00033611
30250/50000 epochs... >> loss: 0.00024959
30300/50000 epochs... >> loss: 0.000315706
30350/50000 epochs... >> loss: 0.000300853
30400/50000 epochs... >> loss: 0.000233196
30450/50000 epochs... >> loss: 0.000325564
30500/50000 epochs... >> loss: 0.00030828
30550/50000 epochs... >> loss: 0.000275569
30600/50000 epochs... >> loss: 0.000389719
30650/50000 epochs... >> loss: 0.000145042
30700/50000 epochs... >> loss: 0.000337586
30750/50000 epochs... >> loss: 0.000393768
30800/50000 epochs... >> loss: 0.000255201
30850/50000 epochs... >> loss: 0.000175522
30900/50000 epochs... >> loss: 0.000225038
30950/50000 epochs... >> loss: 0.000178589
31000/50000 epochs... >> loss: 0.000173268
31050/50000 epochs... >> loss: 0.000395528
31100/50000 epochs... >> loss: 0.000188224
31150/50000 epochs... >> loss: 0.000239041
31200/50000 epochs... >> loss: 0.000326885
31250/50000 epochs... >> loss: 0.000273238
31300/50000 epochs... >> loss: 0.000228794
31350/50000 epochs... >> loss: 0.00026291
31400/50000 epochs... >> loss: 0.00019501
31450/50000 epochs... >> loss: 0.000182383
31500/50000 epochs... >> loss: 0.000204452
31550/50000 epochs... >> loss: 0.000408853
31600/50000 epochs... >> loss: 0.000252025
31650/50000 epochs... >> loss: 0.000210101
31700/50000 epochs... >> loss: 0.000360654
31750/50000 epochs... >> loss: 0.000269524
31800/50000 epochs... >> loss: 0.000306179
31850/50000 epochs... >> loss: 0.000321006
31900/50000 epochs... >> loss: 0.000253255
31950/50000 epochs... >> loss: 0.00020955
32000/50000 epochs... >> loss: 0.000132429
32050/50000 epochs... >> loss: 0.000194403
32100/50000 epochs... >> loss: 0.000254175
32150/50000 epochs... >> loss: 0.000276685
32200/50000 epochs... >> loss: 0.000291845
32250/50000 epochs... >> loss: 0.000242789
32300/50000 epochs... >> loss: 0.000348988
32350/50000 epochs... >> loss: 0.000319734
32400/50000 epochs... >> loss: 0.000484121
32450/50000 epochs... >> loss: 0.000339111
32500/50000 epochs... >> loss: 0.000226025
32550/50000 epochs... >> loss: 0.000348599
32600/50000 epochs... >> loss: 0.000151707
32650/50000 epochs... >> loss: 0.00026052
32700/50000 epochs... >> loss: 0.000265411
32750/50000 epochs... >> loss: 0.000343311
32800/50000 epochs... >> loss: 0.000325293
32850/50000 epochs... >> loss: 0.000363645
32900/50000 epochs... >> loss: 0.000255913
32950/50000 epochs... >> loss: 0.000202893
33000/50000 epochs... >> loss: 0.000334672
33050/50000 epochs... >> loss: 0.000263834
33100/50000 epochs... >> loss: 0.000213837
33150/50000 epochs... >> loss: 0.000271487
33200/50000 epochs... >> loss: 0.000237873
33250/50000 epochs... >> loss: 0.000163322
33300/50000 epochs... >> loss: 0.000272239
33350/50000 epochs... >> loss: 0.000218022
33400/50000 epochs... >> loss: 0.000271674
33450/50000 epochs... >> loss: 0.000355813
33500/50000 epochs... >> loss: 0.000340604
33550/50000 epochs... >> loss: 9.85026e-05
33600/50000 epochs... >> loss: 0.000254913
33650/50000 epochs... >> loss: 0.00016996
33700/50000 epochs... >> loss: 0.000247601
33750/50000 epochs... >> loss: 0.000287022
33800/50000 epochs... >> loss: 0.000281008
33850/50000 epochs... >> loss: 0.000297098
33900/50000 epochs... >> loss: 0.000331653
33950/50000 epochs... >> loss: 0.000250971
34000/50000 epochs... >> loss: 0.000287677
34050/50000 epochs... >> loss: 0.000277183
34100/50000 epochs... >> loss: 0.000239735
34150/50000 epochs... >> loss: 0.000410128
34200/50000 epochs... >> loss: 0.000321205
34250/50000 epochs... >> loss: 0.000388703
34300/50000 epochs... >> loss: 0.000321162
34350/50000 epochs... >> loss: 0.000344182
34400/50000 epochs... >> loss: 0.000237513
34450/50000 epochs... >> loss: 0.000367404
34500/50000 epochs... >> loss: 0.000160743
34550/50000 epochs... >> loss: 0.000200762
34600/50000 epochs... >> loss: 0.000359715
34650/50000 epochs... >> loss: 0.000418484
34700/50000 epochs... >> loss: 0.000164337
34750/50000 epochs... >> loss: 0.000279521
34800/50000 epochs... >> loss: 0.000205205
34850/50000 epochs... >> loss: 0.000335285
34900/50000 epochs... >> loss: 0.000339781
34950/50000 epochs... >> loss: 0.00024506
35000/50000 epochs... >> loss: 0.000193424
Iter@35000
For each left:
Hits@1: 40.93%
Hits@10: 71.06%
Hits@50: 86.90%
Hits@100: 90.70%
Hits@200: 93.74%
MRR: 0.511720935371
For each right:
Hits@1: 40.13%
Hits@10: 71.73%
Hits@50: 88.50%
Hits@100: 92.48%
Hits@200: 94.92%
MRR: 0.507670263111
35050/50000 epochs... >> loss: 0.00025158
35100/50000 epochs... >> loss: 0.000231663
35150/50000 epochs... >> loss: 0.000295499
35200/50000 epochs... >> loss: 0.000302921
35250/50000 epochs... >> loss: 0.000247818
35300/50000 epochs... >> loss: 0.000327627
35350/50000 epochs... >> loss: 0.000393715
35400/50000 epochs... >> loss: 0.000254601
35450/50000 epochs... >> loss: 0.00017489
35500/50000 epochs... >> loss: 0.000336437
35550/50000 epochs... >> loss: 0.000318188
35600/50000 epochs... >> loss: 0.000186413
35650/50000 epochs... >> loss: 0.000219274
35700/50000 epochs... >> loss: 0.00030097
35750/50000 epochs... >> loss: 0.000290778
35800/50000 epochs... >> loss: 0.000275158
35850/50000 epochs... >> loss: 0.000223015
35900/50000 epochs... >> loss: 0.000201898
35950/50000 epochs... >> loss: 0.000333171
36000/50000 epochs... >> loss: 0.000249203
36050/50000 epochs... >> loss: 0.000300244
36100/50000 epochs... >> loss: 0.000297238
36150/50000 epochs... >> loss: 0.000224482
36200/50000 epochs... >> loss: 0.000201119
36250/50000 epochs... >> loss: 0.000266883
36300/50000 epochs... >> loss: 0.000222694
36350/50000 epochs... >> loss: 0.00020675
36400/50000 epochs... >> loss: 0.000290776
36450/50000 epochs... >> loss: 0.000361701
36500/50000 epochs... >> loss: 0.000338393
36550/50000 epochs... >> loss: 0.000294248
36600/50000 epochs... >> loss: 0.000256484
36650/50000 epochs... >> loss: 0.000368236
36700/50000 epochs... >> loss: 0.000358444
36750/50000 epochs... >> loss: 0.000146315
36800/50000 epochs... >> loss: 0.000359027
36850/50000 epochs... >> loss: 0.000279333
36900/50000 epochs... >> loss: 0.000250214
36950/50000 epochs... >> loss: 0.000248417
37000/50000 epochs... >> loss: 0.000299755
37050/50000 epochs... >> loss: 0.000321626
37100/50000 epochs... >> loss: 0.000265704
37150/50000 epochs... >> loss: 0.000136005
37200/50000 epochs... >> loss: 0.000236758
37250/50000 epochs... >> loss: 0.000254864
37300/50000 epochs... >> loss: 0.000198242
37350/50000 epochs... >> loss: 0.0003359
37400/50000 epochs... >> loss: 0.000284571
37450/50000 epochs... >> loss: 0.000291769
37500/50000 epochs... >> loss: 0.000409883
37550/50000 epochs... >> loss: 0.000254362
37600/50000 epochs... >> loss: 0.000241759
37650/50000 epochs... >> loss: 0.000257939
37700/50000 epochs... >> loss: 0.00028515
37750/50000 epochs... >> loss: 0.000309979
37800/50000 epochs... >> loss: 0.00022034
37850/50000 epochs... >> loss: 0.000366031
37900/50000 epochs... >> loss: 0.000248395
37950/50000 epochs... >> loss: 0.000236015
38000/50000 epochs... >> loss: 0.000311484
38050/50000 epochs... >> loss: 0.000303851
38100/50000 epochs... >> loss: 0.000327012
38150/50000 epochs... >> loss: 0.000172926
38200/50000 epochs... >> loss: 0.000194236
38250/50000 epochs... >> loss: 0.000336277
38300/50000 epochs... >> loss: 0.000276849
38350/50000 epochs... >> loss: 0.000209632
38400/50000 epochs... >> loss: 0.000319537
38450/50000 epochs... >> loss: 0.000345347
38500/50000 epochs... >> loss: 0.000198173
38550/50000 epochs... >> loss: 0.000277486
38600/50000 epochs... >> loss: 0.000278239
38650/50000 epochs... >> loss: 0.000245699
38700/50000 epochs... >> loss: 0.000298796
38750/50000 epochs... >> loss: 0.00026134
38800/50000 epochs... >> loss: 0.000234455
38850/50000 epochs... >> loss: 0.000222678
38900/50000 epochs... >> loss: 0.000194302
38950/50000 epochs... >> loss: 0.000154933
39000/50000 epochs... >> loss: 0.000284598
39050/50000 epochs... >> loss: 0.000236499
39100/50000 epochs... >> loss: 0.000189673
39150/50000 epochs... >> loss: 0.000232526
39200/50000 epochs... >> loss: 0.00017052
39250/50000 epochs... >> loss: 0.000279615
39300/50000 epochs... >> loss: 0.000322294
39350/50000 epochs... >> loss: 0.000330688
39400/50000 epochs... >> loss: 0.000234334
39450/50000 epochs... >> loss: 0.000353097
39500/50000 epochs... >> loss: 0.000200701
39550/50000 epochs... >> loss: 0.000293979
39600/50000 epochs... >> loss: 0.000359603
39650/50000 epochs... >> loss: 0.000186523
39700/50000 epochs... >> loss: 0.000254697
39750/50000 epochs... >> loss: 0.000277442
39800/50000 epochs... >> loss: 0.000316474
39850/50000 epochs... >> loss: 0.00024361
39900/50000 epochs... >> loss: 0.000368762
39950/50000 epochs... >> loss: 0.000355332
40000/50000 epochs... >> loss: 0.000204991
Iter@40000
For each left:
Hits@1: 40.65%
Hits@10: 70.86%
Hits@50: 86.57%
Hits@100: 90.34%
Hits@200: 93.33%
MRR: 0.507359770005
For each right:
Hits@1: 39.82%
Hits@10: 71.08%
Hits@50: 88.09%
Hits@100: 92.12%
Hits@200: 94.56%
MRR: 0.504230146036
40050/50000 epochs... >> loss: 0.000270832
40100/50000 epochs... >> loss: 0.000204041
40150/50000 epochs... >> loss: 0.000278393
40200/50000 epochs... >> loss: 0.000239732
40250/50000 epochs... >> loss: 0.000133789
40300/50000 epochs... >> loss: 0.000292959
40350/50000 epochs... >> loss: 0.000262791
40400/50000 epochs... >> loss: 0.000231644
40450/50000 epochs... >> loss: 0.000235676
40500/50000 epochs... >> loss: 0.000164058
40550/50000 epochs... >> loss: 0.000370028
40600/50000 epochs... >> loss: 0.000404731
40650/50000 epochs... >> loss: 0.000225442
40700/50000 epochs... >> loss: 0.000269566
40750/50000 epochs... >> loss: 0.000292555
40800/50000 epochs... >> loss: 0.000354814
40850/50000 epochs... >> loss: 0.000290304
40900/50000 epochs... >> loss: 0.00021665
40950/50000 epochs... >> loss: 0.000275034
41000/50000 epochs... >> loss: 0.000309514
41050/50000 epochs... >> loss: 0.00027023
41100/50000 epochs... >> loss: 0.000158934
41150/50000 epochs... >> loss: 0.000257293
41200/50000 epochs... >> loss: 0.000231346
41250/50000 epochs... >> loss: 0.000245727
41300/50000 epochs... >> loss: 0.000207472
41350/50000 epochs... >> loss: 0.000194268
41400/50000 epochs... >> loss: 0.000267153
41450/50000 epochs... >> loss: 0.000177491
41500/50000 epochs... >> loss: 0.000251632
41550/50000 epochs... >> loss: 0.00022674
41600/50000 epochs... >> loss: 0.000219748
41650/50000 epochs... >> loss: 0.000238343
41700/50000 epochs... >> loss: 0.00019246
41750/50000 epochs... >> loss: 0.000325982
41800/50000 epochs... >> loss: 0.000193925
41850/50000 epochs... >> loss: 0.000433179
41900/50000 epochs... >> loss: 0.000203628
41950/50000 epochs... >> loss: 0.000299346
42000/50000 epochs... >> loss: 0.00018895
42050/50000 epochs... >> loss: 0.000210067
42100/50000 epochs... >> loss: 0.000187158
42150/50000 epochs... >> loss: 0.00023223
42200/50000 epochs... >> loss: 0.000139516
42250/50000 epochs... >> loss: 0.000316955
42300/50000 epochs... >> loss: 0.000248518
42350/50000 epochs... >> loss: 0.000255262
42400/50000 epochs... >> loss: 0.00030754
42450/50000 epochs... >> loss: 0.000314271
42500/50000 epochs... >> loss: 0.000259492
42550/50000 epochs... >> loss: 0.000275539
42600/50000 epochs... >> loss: 0.000357699
42650/50000 epochs... >> loss: 0.000329235
42700/50000 epochs... >> loss: 0.000208788
42750/50000 epochs... >> loss: 0.00023346
42800/50000 epochs... >> loss: 0.000357959
42850/50000 epochs... >> loss: 0.000304174
42900/50000 epochs... >> loss: 0.0002276
42950/50000 epochs... >> loss: 0.000227258
43000/50000 epochs... >> loss: 0.000383465
43050/50000 epochs... >> loss: 0.000276928
43100/50000 epochs... >> loss: 0.000243617
43150/50000 epochs... >> loss: 0.000202635
43200/50000 epochs... >> loss: 0.000352121
43250/50000 epochs... >> loss: 0.000243545
43300/50000 epochs... >> loss: 0.000209443
43350/50000 epochs... >> loss: 0.000283762
43400/50000 epochs... >> loss: 0.000313122
43450/50000 epochs... >> loss: 0.000198815
43500/50000 epochs... >> loss: 0.000345178
43550/50000 epochs... >> loss: 0.000221181
43600/50000 epochs... >> loss: 0.000332505
43650/50000 epochs... >> loss: 0.000329339
43700/50000 epochs... >> loss: 0.000345829
43750/50000 epochs... >> loss: 0.000245604
43800/50000 epochs... >> loss: 0.000178512
43850/50000 epochs... >> loss: 0.000396587
43900/50000 epochs... >> loss: 0.000329061
43950/50000 epochs... >> loss: 0.000226478
44000/50000 epochs... >> loss: 0.000166347
44050/50000 epochs... >> loss: 0.000267933
44100/50000 epochs... >> loss: 0.000383484
44150/50000 epochs... >> loss: 0.000173343
44200/50000 epochs... >> loss: 0.000199485
44250/50000 epochs... >> loss: 0.000254444
44300/50000 epochs... >> loss: 0.000232912
44350/50000 epochs... >> loss: 0.000424922
44400/50000 epochs... >> loss: 0.000372421
44450/50000 epochs... >> loss: 0.000259277
44500/50000 epochs... >> loss: 0.000281213
44550/50000 epochs... >> loss: 0.00018869
44600/50000 epochs... >> loss: 0.000301674
44650/50000 epochs... >> loss: 0.000200731
44700/50000 epochs... >> loss: 0.000274022
44750/50000 epochs... >> loss: 0.000237939
44800/50000 epochs... >> loss: 0.000261809
44850/50000 epochs... >> loss: 0.000357047
44900/50000 epochs... >> loss: 0.000278618
44950/50000 epochs... >> loss: 0.000227431
45000/50000 epochs... >> loss: 0.000152534
Iter@45000
For each left:
Hits@1: 40.04%
Hits@10: 70.69%
Hits@50: 86.55%
Hits@100: 90.10%
Hits@200: 93.07%
MRR: 0.503613392152
For each right:
Hits@1: 39.68%
Hits@10: 71.06%
Hits@50: 87.85%
Hits@100: 91.87%
Hits@200: 94.50%
MRR: 0.502300992049
45050/50000 epochs... >> loss: 0.000251268
45100/50000 epochs... >> loss: 0.000242333
45150/50000 epochs... >> loss: 0.000263451
45200/50000 epochs... >> loss: 0.000295284
45250/50000 epochs... >> loss: 0.000360645
45300/50000 epochs... >> loss: 0.000289718
45350/50000 epochs... >> loss: 0.000301774
45400/50000 epochs... >> loss: 0.000274153
45450/50000 epochs... >> loss: 0.000271425
45500/50000 epochs... >> loss: 0.000265734
45550/50000 epochs... >> loss: 0.000316654
45600/50000 epochs... >> loss: 0.00028512
45650/50000 epochs... >> loss: 0.000276619
45700/50000 epochs... >> loss: 0.000200852
45750/50000 epochs... >> loss: 0.000240865
45800/50000 epochs... >> loss: 0.000344075
45850/50000 epochs... >> loss: 0.000239692
45900/50000 epochs... >> loss: 0.000240646
45950/50000 epochs... >> loss: 0.000242298
46000/50000 epochs... >> loss: 0.000292237
46050/50000 epochs... >> loss: 0.000149929
46100/50000 epochs... >> loss: 0.000347497
46150/50000 epochs... >> loss: 0.000304484
46200/50000 epochs... >> loss: 0.000254433
46250/50000 epochs... >> loss: 0.000321011
46300/50000 epochs... >> loss: 0.000289083
46350/50000 epochs... >> loss: 0.000370772
46400/50000 epochs... >> loss: 0.000289485
46450/50000 epochs... >> loss: 0.000317972
46500/50000 epochs... >> loss: 0.000319138
46550/50000 epochs... >> loss: 0.000260248
46600/50000 epochs... >> loss: 0.000418451
46650/50000 epochs... >> loss: 0.000277695
46700/50000 epochs... >> loss: 0.000295935
46750/50000 epochs... >> loss: 0.000284773
46800/50000 epochs... >> loss: 0.0002924
46850/50000 epochs... >> loss: 0.000379618
46900/50000 epochs... >> loss: 0.000269421
46950/50000 epochs... >> loss: 0.000120295
47000/50000 epochs... >> loss: 0.000357811
47050/50000 epochs... >> loss: 0.000339939
47100/50000 epochs... >> loss: 0.000362899
47150/50000 epochs... >> loss: 0.000261629
47200/50000 epochs... >> loss: 0.000269433
47250/50000 epochs... >> loss: 0.000137956
47300/50000 epochs... >> loss: 0.000206454
47350/50000 epochs... >> loss: 0.00023384
47400/50000 epochs... >> loss: 0.000288552
47450/50000 epochs... >> loss: 0.000270368
47500/50000 epochs... >> loss: 0.000263781
47550/50000 epochs... >> loss: 0.000213959
47600/50000 epochs... >> loss: 0.000299041
47650/50000 epochs... >> loss: 0.000205343
47700/50000 epochs... >> loss: 0.00022683
47750/50000 epochs... >> loss: 0.000301867
47800/50000 epochs... >> loss: 0.000276676
47850/50000 epochs... >> loss: 0.000374588
47900/50000 epochs... >> loss: 0.000207553
47950/50000 epochs... >> loss: 0.000226998
48000/50000 epochs... >> loss: 0.000221074
48050/50000 epochs... >> loss: 0.000230431
48100/50000 epochs... >> loss: 0.000185947
48150/50000 epochs... >> loss: 0.000358611
48200/50000 epochs... >> loss: 0.000215826
48250/50000 epochs... >> loss: 0.000274024
48300/50000 epochs... >> loss: 0.00033665
48350/50000 epochs... >> loss: 0.000159474
48400/50000 epochs... >> loss: 0.000244803
48450/50000 epochs... >> loss: 0.000336563
48500/50000 epochs... >> loss: 0.000166165
48550/50000 epochs... >> loss: 0.000228892
48600/50000 epochs... >> loss: 0.000160613
48650/50000 epochs... >> loss: 0.000300325
48700/50000 epochs... >> loss: 0.000232823
48750/50000 epochs... >> loss: 0.000268101
48800/50000 epochs... >> loss: 0.000174318
48850/50000 epochs... >> loss: 0.000283544
48900/50000 epochs... >> loss: 0.000227069
48950/50000 epochs... >> loss: 0.000252803
49000/50000 epochs... >> loss: 0.000195591
49050/50000 epochs... >> loss: 0.000190305
49100/50000 epochs... >> loss: 0.000264881
49150/50000 epochs... >> loss: 0.000157309
49200/50000 epochs... >> loss: 0.000164981
49250/50000 epochs... >> loss: 0.000174857
49300/50000 epochs... >> loss: 0.000132311
49350/50000 epochs... >> loss: 0.000294159
49400/50000 epochs... >> loss: 0.00025173
49450/50000 epochs... >> loss: 0.000206387
49500/50000 epochs... >> loss: 0.000313665
49550/50000 epochs... >> loss: 0.000329619
49600/50000 epochs... >> loss: 0.000292779
49650/50000 epochs... >> loss: 0.00026056
49700/50000 epochs... >> loss: 0.000185573
49750/50000 epochs... >> loss: 0.000323757
49800/50000 epochs... >> loss: 0.000240066
49850/50000 epochs... >> loss: 0.000263525
49900/50000 epochs... >> loss: 0.000323301
49950/50000 epochs... >> loss: 0.000306286
50000/50000 epochs... >> loss: 0.000339539
Iter@50000
For each left:
Hits@1: 40.02%
Hits@10: 70.51%
Hits@50: 86.16%
Hits@100: 89.81%
Hits@200: 92.81%
MRR: 0.502485739569
For each right:
Hits@1: 39.47%
Hits@10: 70.74%
Hits@50: 87.64%
Hits@100: 91.48%
Hits@200: 94.29%
MRR: 0.499197426262
For each left:
Hits@1: 40.02%
Hits@10: 70.51%
Hits@50: 86.16%
Hits@100: 89.81%
Hits@200: 92.81%
MRR: 0.502485739569
For each right:
Hits@1: 39.47%
Hits@10: 70.74%
Hits@50: 87.64%
Hits@100: 91.48%
Hits@200: 94.29%
MRR: 0.499197426262
total time elapsed: 4428.2250 s
