***************************fb_dbp***************************
loading a file...data/fb_dbp/ent_ids_1
loading a file...data/fb_dbp/ent_ids_2
55403
loading a file...data/fb_dbp/ref_ent_ids
loading a file...data/fb_dbp/train
loading a file...data/fb_dbp/dev
loading a file...data/fb_dbp/test
loading a file...data/fb_dbp/triples_1
loading a file...data/fb_dbp/triples_2
1289
running HMAN...
adding the se input layer...
adding a layer...
adding a layer...
getting loss...
initializing...
running...
50/50000 epochs... >> loss: 0.990937
100/50000 epochs... >> loss: 0.636291
150/50000 epochs... >> loss: 0.535217
200/50000 epochs... >> loss: 0.479151
250/50000 epochs... >> loss: 0.444308
300/50000 epochs... >> loss: 0.410196
350/50000 epochs... >> loss: 0.395188
400/50000 epochs... >> loss: 0.374846
450/50000 epochs... >> loss: 0.361834
500/50000 epochs... >> loss: 0.350368
550/50000 epochs... >> loss: 0.337982
600/50000 epochs... >> loss: 0.317005
650/50000 epochs... >> loss: 0.306253
700/50000 epochs... >> loss: 0.308057
750/50000 epochs... >> loss: 0.281427
800/50000 epochs... >> loss: 0.279785
850/50000 epochs... >> loss: 0.280885
900/50000 epochs... >> loss: 0.273481
950/50000 epochs... >> loss: 0.260263
1000/50000 epochs... >> loss: 0.264607
1050/50000 epochs... >> loss: 0.259965
1100/50000 epochs... >> loss: 0.250328
1150/50000 epochs... >> loss: 0.243956
1200/50000 epochs... >> loss: 0.234387
1250/50000 epochs... >> loss: 0.247029
1300/50000 epochs... >> loss: 0.231477
1350/50000 epochs... >> loss: 0.238697
1400/50000 epochs... >> loss: 0.232042
1450/50000 epochs... >> loss: 0.232232
1500/50000 epochs... >> loss: 0.217189
1550/50000 epochs... >> loss: 0.227948
1600/50000 epochs... >> loss: 0.22405
1650/50000 epochs... >> loss: 0.21397
1700/50000 epochs... >> loss: 0.220566
1750/50000 epochs... >> loss: 0.208143
1800/50000 epochs... >> loss: 0.206759
1850/50000 epochs... >> loss: 0.204309
1900/50000 epochs... >> loss: 0.198473
1950/50000 epochs... >> loss: 0.219103
2000/50000 epochs... >> loss: 0.19336
2050/50000 epochs... >> loss: 0.195924
2100/50000 epochs... >> loss: 0.213843
2150/50000 epochs... >> loss: 0.193834
2200/50000 epochs... >> loss: 0.18566
2250/50000 epochs... >> loss: 0.189387
2300/50000 epochs... >> loss: 0.180848
2350/50000 epochs... >> loss: 0.193612
2400/50000 epochs... >> loss: 0.18495
2450/50000 epochs... >> loss: 0.183962
2500/50000 epochs... >> loss: 0.179758
2550/50000 epochs... >> loss: 0.180907
2600/50000 epochs... >> loss: 0.17262
2650/50000 epochs... >> loss: 0.175745
2700/50000 epochs... >> loss: 0.178182
2750/50000 epochs... >> loss: 0.171287
2800/50000 epochs... >> loss: 0.17279
2850/50000 epochs... >> loss: 0.175781
2900/50000 epochs... >> loss: 0.174272
2950/50000 epochs... >> loss: 0.166244
3000/50000 epochs... >> loss: 0.172322
3050/50000 epochs... >> loss: 0.166857
3100/50000 epochs... >> loss: 0.172409
3150/50000 epochs... >> loss: 0.162437
3200/50000 epochs... >> loss: 0.163661
3250/50000 epochs... >> loss: 0.166488
3300/50000 epochs... >> loss: 0.158634
3350/50000 epochs... >> loss: 0.164407
3400/50000 epochs... >> loss: 0.156314
3450/50000 epochs... >> loss: 0.162409
3500/50000 epochs... >> loss: 0.159265
3550/50000 epochs... >> loss: 0.154457
3600/50000 epochs... >> loss: 0.152563
3650/50000 epochs... >> loss: 0.152735
3700/50000 epochs... >> loss: 0.154964
3750/50000 epochs... >> loss: 0.151023
3800/50000 epochs... >> loss: 0.153083
3850/50000 epochs... >> loss: 0.146675
3900/50000 epochs... >> loss: 0.159837
3950/50000 epochs... >> loss: 0.152661
4000/50000 epochs... >> loss: 0.146919
4050/50000 epochs... >> loss: 0.149336
4100/50000 epochs... >> loss: 0.145278
4150/50000 epochs... >> loss: 0.147973
4200/50000 epochs... >> loss: 0.146942
4250/50000 epochs... >> loss: 0.147213
4300/50000 epochs... >> loss: 0.14541
4350/50000 epochs... >> loss: 0.145148
4400/50000 epochs... >> loss: 0.139587
4450/50000 epochs... >> loss: 0.140419
4500/50000 epochs... >> loss: 0.144443
4550/50000 epochs... >> loss: 0.139519
4600/50000 epochs... >> loss: 0.145683
4650/50000 epochs... >> loss: 0.147443
4700/50000 epochs... >> loss: 0.136467
4750/50000 epochs... >> loss: 0.13738
4800/50000 epochs... >> loss: 0.138898
4850/50000 epochs... >> loss: 0.13808
4900/50000 epochs... >> loss: 0.134953
4950/50000 epochs... >> loss: 0.137049
5000/50000 epochs... >> loss: 0.140891
Iter@5000
For each left:
Hits@1: 1.99%
Hits@10: 12.04%
Hits@50: 32.25%
Hits@100: 44.56%
Hits@200: 58.95%
MRR: 0.0562142711623
For each right:
Hits@1: 3.23%
Hits@10: 16.48%
Hits@50: 38.51%
Hits@100: 52.15%
Hits@200: 65.34%
MRR: 0.0782682574428
5050/50000 epochs... >> loss: 0.141217
5100/50000 epochs... >> loss: 0.133413
5150/50000 epochs... >> loss: 0.13505
5200/50000 epochs... >> loss: 0.132512
5250/50000 epochs... >> loss: 0.13252
5300/50000 epochs... >> loss: 0.137124
5350/50000 epochs... >> loss: 0.13976
5400/50000 epochs... >> loss: 0.132135
5450/50000 epochs... >> loss: 0.133663
5500/50000 epochs... >> loss: 0.131364
5550/50000 epochs... >> loss: 0.131591
5600/50000 epochs... >> loss: 0.129686
5650/50000 epochs... >> loss: 0.129335
5700/50000 epochs... >> loss: 0.131845
5750/50000 epochs... >> loss: 0.132149
5800/50000 epochs... >> loss: 0.12917
5850/50000 epochs... >> loss: 0.126452
5900/50000 epochs... >> loss: 0.129425
5950/50000 epochs... >> loss: 0.126486
6000/50000 epochs... >> loss: 0.127475
6050/50000 epochs... >> loss: 0.124267
6100/50000 epochs... >> loss: 0.127449
6150/50000 epochs... >> loss: 0.129518
6200/50000 epochs... >> loss: 0.127343
6250/50000 epochs... >> loss: 0.127937
6300/50000 epochs... >> loss: 0.124383
6350/50000 epochs... >> loss: 0.125616
6400/50000 epochs... >> loss: 0.127672
6450/50000 epochs... >> loss: 0.124819
6500/50000 epochs... >> loss: 0.122734
6550/50000 epochs... >> loss: 0.125753
6600/50000 epochs... >> loss: 0.12497
6650/50000 epochs... >> loss: 0.123783
6700/50000 epochs... >> loss: 0.121277
6750/50000 epochs... >> loss: 0.125824
6800/50000 epochs... >> loss: 0.121163
6850/50000 epochs... >> loss: 0.124077
6900/50000 epochs... >> loss: 0.120947
6950/50000 epochs... >> loss: 0.121696
7000/50000 epochs... >> loss: 0.120809
7050/50000 epochs... >> loss: 0.123022
7100/50000 epochs... >> loss: 0.121448
7150/50000 epochs... >> loss: 0.120185
7200/50000 epochs... >> loss: 0.120047
7250/50000 epochs... >> loss: 0.118549
7300/50000 epochs... >> loss: 0.118367
7350/50000 epochs... >> loss: 0.118035
7400/50000 epochs... >> loss: 0.118969
7450/50000 epochs... >> loss: 0.117978
7500/50000 epochs... >> loss: 0.116771
7550/50000 epochs... >> loss: 0.116938
7600/50000 epochs... >> loss: 0.118356
7650/50000 epochs... >> loss: 0.11767
7700/50000 epochs... >> loss: 0.122655
7750/50000 epochs... >> loss: 0.117915
7800/50000 epochs... >> loss: 0.115653
7850/50000 epochs... >> loss: 0.118426
7900/50000 epochs... >> loss: 0.116188
7950/50000 epochs... >> loss: 0.120919
8000/50000 epochs... >> loss: 0.114584
8050/50000 epochs... >> loss: 0.119412
8100/50000 epochs... >> loss: 0.112624
8150/50000 epochs... >> loss: 0.115216
8200/50000 epochs... >> loss: 0.113002
8250/50000 epochs... >> loss: 0.116204
8300/50000 epochs... >> loss: 0.113297
8350/50000 epochs... >> loss: 0.112898
8400/50000 epochs... >> loss: 0.11256
8450/50000 epochs... >> loss: 0.113156
8500/50000 epochs... >> loss: 0.120673
8550/50000 epochs... >> loss: 0.112859
8600/50000 epochs... >> loss: 0.112381
8650/50000 epochs... >> loss: 0.110646
8700/50000 epochs... >> loss: 0.108481
8750/50000 epochs... >> loss: 0.108661
8800/50000 epochs... >> loss: 0.10936
8850/50000 epochs... >> loss: 0.108733
8900/50000 epochs... >> loss: 0.110459
8950/50000 epochs... >> loss: 0.11159
9000/50000 epochs... >> loss: 0.114736
9050/50000 epochs... >> loss: 0.108641
9100/50000 epochs... >> loss: 0.113042
9150/50000 epochs... >> loss: 0.106712
9200/50000 epochs... >> loss: 0.108999
9250/50000 epochs... >> loss: 0.10841
9300/50000 epochs... >> loss: 0.111868
9350/50000 epochs... >> loss: 0.110134
9400/50000 epochs... >> loss: 0.104108
9450/50000 epochs... >> loss: 0.109569
9500/50000 epochs... >> loss: 0.106741
9550/50000 epochs... >> loss: 0.104707
9600/50000 epochs... >> loss: 0.104455
9650/50000 epochs... >> loss: 0.104965
9700/50000 epochs... >> loss: 0.103271
9750/50000 epochs... >> loss: 0.10476
9800/50000 epochs... >> loss: 0.103202
9850/50000 epochs... >> loss: 0.108495
9900/50000 epochs... >> loss: 0.102555
9950/50000 epochs... >> loss: 0.105949
10000/50000 epochs... >> loss: 0.100652
Iter@10000
For each left:
Hits@1: 4.01%
Hits@10: 17.98%
Hits@50: 41.43%
Hits@100: 54.21%
Hits@200: 66.09%
MRR: 0.0886094890684
For each right:
Hits@1: 5.04%
Hits@10: 21.66%
Hits@50: 47.11%
Hits@100: 60.15%
Hits@200: 71.14%
MRR: 0.10690123281
10050/50000 epochs... >> loss: 0.100755
10100/50000 epochs... >> loss: 0.100597
10150/50000 epochs... >> loss: 0.100061
10200/50000 epochs... >> loss: 0.100733
10250/50000 epochs... >> loss: 0.104204
10300/50000 epochs... >> loss: 0.0977419
10350/50000 epochs... >> loss: 0.10017
10400/50000 epochs... >> loss: 0.0938057
10450/50000 epochs... >> loss: 0.0881054
10500/50000 epochs... >> loss: 0.0939427
10550/50000 epochs... >> loss: 0.0834141
10600/50000 epochs... >> loss: 0.0788272
10650/50000 epochs... >> loss: 0.0725371
10700/50000 epochs... >> loss: 0.0733216
10750/50000 epochs... >> loss: 0.068458
10800/50000 epochs... >> loss: 0.0681475
10850/50000 epochs... >> loss: 0.0679501
10900/50000 epochs... >> loss: 0.0635818
10950/50000 epochs... >> loss: 0.0653766
11000/50000 epochs... >> loss: 0.0634841
11050/50000 epochs... >> loss: 0.0648329
11100/50000 epochs... >> loss: 0.0578219
11150/50000 epochs... >> loss: 0.0599228
11200/50000 epochs... >> loss: 0.0585074
11250/50000 epochs... >> loss: 0.0577213
11300/50000 epochs... >> loss: 0.0535757
11350/50000 epochs... >> loss: 0.0552159
11400/50000 epochs... >> loss: 0.0534639
11450/50000 epochs... >> loss: 0.0526542
11500/50000 epochs... >> loss: 0.0572578
11550/50000 epochs... >> loss: 0.0557044
11600/50000 epochs... >> loss: 0.0491952
11650/50000 epochs... >> loss: 0.0502413
11700/50000 epochs... >> loss: 0.0504422
11750/50000 epochs... >> loss: 0.0480234
11800/50000 epochs... >> loss: 0.0449015
11850/50000 epochs... >> loss: 0.0453083
11900/50000 epochs... >> loss: 0.0442692
11950/50000 epochs... >> loss: 0.0429178
12000/50000 epochs... >> loss: 0.0413508
12050/50000 epochs... >> loss: 0.0407257
12100/50000 epochs... >> loss: 0.038111
12150/50000 epochs... >> loss: 0.0412372
12200/50000 epochs... >> loss: 0.0358353
12250/50000 epochs... >> loss: 0.0338747
12300/50000 epochs... >> loss: 0.0358437
12350/50000 epochs... >> loss: 0.0309702
12400/50000 epochs... >> loss: 0.0305989
12450/50000 epochs... >> loss: 0.0294904
12500/50000 epochs... >> loss: 0.0277634
12550/50000 epochs... >> loss: 0.0263036
12600/50000 epochs... >> loss: 0.0247419
12650/50000 epochs... >> loss: 0.0244883
12700/50000 epochs... >> loss: 0.0234032
12750/50000 epochs... >> loss: 0.021958
12800/50000 epochs... >> loss: 0.0207872
12850/50000 epochs... >> loss: 0.0214095
12900/50000 epochs... >> loss: 0.0223043
12950/50000 epochs... >> loss: 0.018955
13000/50000 epochs... >> loss: 0.018151
13050/50000 epochs... >> loss: 0.0175063
13100/50000 epochs... >> loss: 0.0166836
13150/50000 epochs... >> loss: 0.0162118
13200/50000 epochs... >> loss: 0.0431013
13250/50000 epochs... >> loss: 0.0190967
13300/50000 epochs... >> loss: 0.0169594
13350/50000 epochs... >> loss: 0.0150244
13400/50000 epochs... >> loss: 0.0144896
13450/50000 epochs... >> loss: 0.0122338
13500/50000 epochs... >> loss: 0.0122119
13550/50000 epochs... >> loss: 0.0120948
13600/50000 epochs... >> loss: 0.0107475
13650/50000 epochs... >> loss: 0.0105158
13700/50000 epochs... >> loss: 0.00993945
13750/50000 epochs... >> loss: 0.00934623
13800/50000 epochs... >> loss: 0.00930333
13850/50000 epochs... >> loss: 0.00868422
13900/50000 epochs... >> loss: 0.00847077
13950/50000 epochs... >> loss: 0.00797732
14000/50000 epochs... >> loss: 0.00766977
14050/50000 epochs... >> loss: 0.00742011
14100/50000 epochs... >> loss: 0.00732314
14150/50000 epochs... >> loss: 0.00700562
14200/50000 epochs... >> loss: 0.00625905
14250/50000 epochs... >> loss: 0.0063831
14300/50000 epochs... >> loss: 0.00576423
14350/50000 epochs... >> loss: 0.00577139
14400/50000 epochs... >> loss: 0.00560383
14450/50000 epochs... >> loss: 0.00549315
14500/50000 epochs... >> loss: 0.00517533
14550/50000 epochs... >> loss: 0.00489042
14600/50000 epochs... >> loss: 0.00460717
14650/50000 epochs... >> loss: 0.00499499
14700/50000 epochs... >> loss: 0.00456053
14750/50000 epochs... >> loss: 0.00442715
14800/50000 epochs... >> loss: 0.00394401
14850/50000 epochs... >> loss: 0.00388827
14900/50000 epochs... >> loss: 0.00376225
14950/50000 epochs... >> loss: 0.00361636
15000/50000 epochs... >> loss: 0.0036274
Iter@15000
For each left:
Hits@1: 17.85%
Hits@10: 46.44%
Hits@50: 71.02%
Hits@100: 79.88%
Hits@200: 86.58%
MRR: 0.27404846766
For each right:
Hits@1: 19.12%
Hits@10: 48.13%
Hits@50: 72.53%
Hits@100: 81.05%
Hits@200: 87.23%
MRR: 0.289509613843
15050/50000 epochs... >> loss: 0.00327307
15100/50000 epochs... >> loss: 0.00337679
15150/50000 epochs... >> loss: 0.00343067
15200/50000 epochs... >> loss: 0.00330032
15250/50000 epochs... >> loss: 0.00309287
15300/50000 epochs... >> loss: 0.00293332
15350/50000 epochs... >> loss: 0.00299112
15400/50000 epochs... >> loss: 0.00286897
15450/50000 epochs... >> loss: 0.00280059
15500/50000 epochs... >> loss: 0.00282744
15550/50000 epochs... >> loss: 0.00269091
15600/50000 epochs... >> loss: 0.00252341
15650/50000 epochs... >> loss: 0.00254618
15700/50000 epochs... >> loss: 0.00248221
15750/50000 epochs... >> loss: 0.00242056
15800/50000 epochs... >> loss: 0.00220849
15850/50000 epochs... >> loss: 0.00226715
15900/50000 epochs... >> loss: 0.00201603
15950/50000 epochs... >> loss: 0.00206932
16000/50000 epochs... >> loss: 0.00228339
16050/50000 epochs... >> loss: 0.00209882
16100/50000 epochs... >> loss: 0.00182348
16150/50000 epochs... >> loss: 0.00200082
16200/50000 epochs... >> loss: 0.00185464
16250/50000 epochs... >> loss: 0.00184426
16300/50000 epochs... >> loss: 0.00202436
16350/50000 epochs... >> loss: 0.00159016
16400/50000 epochs... >> loss: 0.00177431
16450/50000 epochs... >> loss: 0.00162906
16500/50000 epochs... >> loss: 0.00173571
16550/50000 epochs... >> loss: 0.00162758
16600/50000 epochs... >> loss: 0.00143168
16650/50000 epochs... >> loss: 0.00156162
16700/50000 epochs... >> loss: 0.00155366
16750/50000 epochs... >> loss: 0.00182093
16800/50000 epochs... >> loss: 0.00138156
16850/50000 epochs... >> loss: 0.00125674
16900/50000 epochs... >> loss: 0.0015475
16950/50000 epochs... >> loss: 0.00114931
17000/50000 epochs... >> loss: 0.00140542
17050/50000 epochs... >> loss: 0.00141806
17100/50000 epochs... >> loss: 0.00137189
17150/50000 epochs... >> loss: 0.0014644
17200/50000 epochs... >> loss: 0.00116688
17250/50000 epochs... >> loss: 0.00132677
17300/50000 epochs... >> loss: 0.00128237
17350/50000 epochs... >> loss: 0.0012354
17400/50000 epochs... >> loss: 0.00116493
17450/50000 epochs... >> loss: 0.00102986
17500/50000 epochs... >> loss: 0.00124619
17550/50000 epochs... >> loss: 0.00116988
17600/50000 epochs... >> loss: 0.00109671
17650/50000 epochs... >> loss: 0.000952268
17700/50000 epochs... >> loss: 0.00100856
17750/50000 epochs... >> loss: 0.00105891
17800/50000 epochs... >> loss: 0.00100313
17850/50000 epochs... >> loss: 0.00102791
17900/50000 epochs... >> loss: 0.00121503
17950/50000 epochs... >> loss: 0.000897089
18000/50000 epochs... >> loss: 0.000936644
18050/50000 epochs... >> loss: 0.000903772
18100/50000 epochs... >> loss: 0.000953012
18150/50000 epochs... >> loss: 0.000961348
18200/50000 epochs... >> loss: 0.000873387
18250/50000 epochs... >> loss: 0.000903831
18300/50000 epochs... >> loss: 0.000892318
18350/50000 epochs... >> loss: 0.000986258
18400/50000 epochs... >> loss: 0.00084367
18450/50000 epochs... >> loss: 0.000829522
18500/50000 epochs... >> loss: 0.000825374
18550/50000 epochs... >> loss: 0.000857625
18600/50000 epochs... >> loss: 0.000846896
18650/50000 epochs... >> loss: 0.000761405
18700/50000 epochs... >> loss: 0.000719639
18750/50000 epochs... >> loss: 0.000759241
18800/50000 epochs... >> loss: 0.000821141
18850/50000 epochs... >> loss: 0.000759446
18900/50000 epochs... >> loss: 0.000696774
18950/50000 epochs... >> loss: 0.00071615
19000/50000 epochs... >> loss: 0.000756516
19050/50000 epochs... >> loss: 0.0007604
19100/50000 epochs... >> loss: 0.000803903
19150/50000 epochs... >> loss: 0.00068652
19200/50000 epochs... >> loss: 0.000619928
19250/50000 epochs... >> loss: 0.000630304
19300/50000 epochs... >> loss: 0.000759837
19350/50000 epochs... >> loss: 0.000608781
19400/50000 epochs... >> loss: 0.000635516
19450/50000 epochs... >> loss: 0.000640522
19500/50000 epochs... >> loss: 0.000585617
19550/50000 epochs... >> loss: 0.000610872
19600/50000 epochs... >> loss: 0.000609199
19650/50000 epochs... >> loss: 0.000556839
19700/50000 epochs... >> loss: 0.000546095
19750/50000 epochs... >> loss: 0.000573429
19800/50000 epochs... >> loss: 0.00048657
19850/50000 epochs... >> loss: 0.000721021
19900/50000 epochs... >> loss: 0.000565382
19950/50000 epochs... >> loss: 0.000622764
20000/50000 epochs... >> loss: 0.000504655
Iter@20000
For each left:
Hits@1: 24.19%
Hits@10: 53.91%
Hits@50: 74.89%
Hits@100: 82.34%
Hits@200: 87.72%
MRR: 0.341240475436
For each right:
Hits@1: 25.37%
Hits@10: 54.83%
Hits@50: 74.97%
Hits@100: 82.09%
Hits@200: 87.11%
MRR: 0.352502027117
20050/50000 epochs... >> loss: 0.000491467
20100/50000 epochs... >> loss: 0.000563322
20150/50000 epochs... >> loss: 0.000525839
20200/50000 epochs... >> loss: 0.000528326
20250/50000 epochs... >> loss: 0.000726175
20300/50000 epochs... >> loss: 0.000546025
20350/50000 epochs... >> loss: 0.000576819
20400/50000 epochs... >> loss: 0.000529243
20450/50000 epochs... >> loss: 0.000585803
20500/50000 epochs... >> loss: 0.000561035
20550/50000 epochs... >> loss: 0.000512822
20600/50000 epochs... >> loss: 0.000480644
20650/50000 epochs... >> loss: 0.000500049
20700/50000 epochs... >> loss: 0.00063325
20750/50000 epochs... >> loss: 0.000503347
20800/50000 epochs... >> loss: 0.000558727
20850/50000 epochs... >> loss: 0.000456181
20900/50000 epochs... >> loss: 0.000504226
20950/50000 epochs... >> loss: 0.000463792
21000/50000 epochs... >> loss: 0.000411143
21050/50000 epochs... >> loss: 0.000584508
21100/50000 epochs... >> loss: 0.000518718
21150/50000 epochs... >> loss: 0.000556488
21200/50000 epochs... >> loss: 0.000510328
21250/50000 epochs... >> loss: 0.000393074
21300/50000 epochs... >> loss: 0.000535568
21350/50000 epochs... >> loss: 0.000587885
21400/50000 epochs... >> loss: 0.000403214
21450/50000 epochs... >> loss: 0.00044969
21500/50000 epochs... >> loss: 0.000553742
21550/50000 epochs... >> loss: 0.000476264
21600/50000 epochs... >> loss: 0.000412413
21650/50000 epochs... >> loss: 0.00056805
21700/50000 epochs... >> loss: 0.000569304
21750/50000 epochs... >> loss: 0.000478021
21800/50000 epochs... >> loss: 0.00047709
21850/50000 epochs... >> loss: 0.000460334
21900/50000 epochs... >> loss: 0.000514842
21950/50000 epochs... >> loss: 0.00053199
22000/50000 epochs... >> loss: 0.0004157
22050/50000 epochs... >> loss: 0.00056112
22100/50000 epochs... >> loss: 0.000424233
22150/50000 epochs... >> loss: 0.000401659
22200/50000 epochs... >> loss: 0.000452519
22250/50000 epochs... >> loss: 0.000406793
22300/50000 epochs... >> loss: 0.000419935
22350/50000 epochs... >> loss: 0.00051839
22400/50000 epochs... >> loss: 0.000532817
22450/50000 epochs... >> loss: 0.000382763
22500/50000 epochs... >> loss: 0.000494834
22550/50000 epochs... >> loss: 0.000445788
22600/50000 epochs... >> loss: 0.000397187
22650/50000 epochs... >> loss: 0.000474722
22700/50000 epochs... >> loss: 0.000449177
22750/50000 epochs... >> loss: 0.000422661
22800/50000 epochs... >> loss: 0.000363097
22850/50000 epochs... >> loss: 0.000433601
22900/50000 epochs... >> loss: 0.000384412
22950/50000 epochs... >> loss: 0.00042639
23000/50000 epochs... >> loss: 0.000363549
23050/50000 epochs... >> loss: 0.000539766
23100/50000 epochs... >> loss: 0.000312388
23150/50000 epochs... >> loss: 0.000331737
23200/50000 epochs... >> loss: 0.000313403
23250/50000 epochs... >> loss: 0.000395777
23300/50000 epochs... >> loss: 0.00049759
23350/50000 epochs... >> loss: 0.00033314
23400/50000 epochs... >> loss: 0.000397931
23450/50000 epochs... >> loss: 0.000397305
23500/50000 epochs... >> loss: 0.000307651
23550/50000 epochs... >> loss: 0.000417745
23600/50000 epochs... >> loss: 0.000381902
23650/50000 epochs... >> loss: 0.000396486
23700/50000 epochs... >> loss: 0.000328139
23750/50000 epochs... >> loss: 0.000344957
23800/50000 epochs... >> loss: 0.000348625
23850/50000 epochs... >> loss: 0.00037156
23900/50000 epochs... >> loss: 0.000380647
23950/50000 epochs... >> loss: 0.000400966
24000/50000 epochs... >> loss: 0.000394339
24050/50000 epochs... >> loss: 0.00034754
24100/50000 epochs... >> loss: 0.000344926
24150/50000 epochs... >> loss: 0.000417775
24200/50000 epochs... >> loss: 0.000374511
24250/50000 epochs... >> loss: 0.000321222
24300/50000 epochs... >> loss: 0.0003438
24350/50000 epochs... >> loss: 0.000322612
24400/50000 epochs... >> loss: 0.000382377
24450/50000 epochs... >> loss: 0.000292207
24500/50000 epochs... >> loss: 0.000350611
24550/50000 epochs... >> loss: 0.000353478
24600/50000 epochs... >> loss: 0.000234011
24650/50000 epochs... >> loss: 0.000325967
24700/50000 epochs... >> loss: 0.000421886
24750/50000 epochs... >> loss: 0.000273533
24800/50000 epochs... >> loss: 0.000269746
24850/50000 epochs... >> loss: 0.000432546
24900/50000 epochs... >> loss: 0.000281305
24950/50000 epochs... >> loss: 0.00036587
25000/50000 epochs... >> loss: 0.000381496
Iter@25000
For each left:
Hits@1: 25.30%
Hits@10: 54.60%
Hits@50: 74.68%
Hits@100: 81.92%
Hits@200: 87.04%
MRR: 0.351558001282
For each right:
Hits@1: 26.39%
Hits@10: 55.03%
Hits@50: 74.70%
Hits@100: 81.39%
Hits@200: 86.00%
MRR: 0.360356333413
25050/50000 epochs... >> loss: 0.000317725
25100/50000 epochs... >> loss: 0.000300001
25150/50000 epochs... >> loss: 0.000238703
25200/50000 epochs... >> loss: 0.000373422
25250/50000 epochs... >> loss: 0.000310357
25300/50000 epochs... >> loss: 0.000351846
25350/50000 epochs... >> loss: 0.000329068
25400/50000 epochs... >> loss: 0.000202063
25450/50000 epochs... >> loss: 0.000277112
25500/50000 epochs... >> loss: 0.000328599
25550/50000 epochs... >> loss: 0.000301067
25600/50000 epochs... >> loss: 0.000359165
25650/50000 epochs... >> loss: 0.000275305
25700/50000 epochs... >> loss: 0.000274665
25750/50000 epochs... >> loss: 0.000322945
25800/50000 epochs... >> loss: 0.000313656
25850/50000 epochs... >> loss: 0.000367638
25900/50000 epochs... >> loss: 0.000349355
25950/50000 epochs... >> loss: 0.000302681
26000/50000 epochs... >> loss: 0.000327798
26050/50000 epochs... >> loss: 0.000225258
26100/50000 epochs... >> loss: 0.000380021
26150/50000 epochs... >> loss: 0.000258791
26200/50000 epochs... >> loss: 0.00033024
26250/50000 epochs... >> loss: 0.0003533
26300/50000 epochs... >> loss: 0.000293136
26350/50000 epochs... >> loss: 0.000285821
26400/50000 epochs... >> loss: 0.000281855
26450/50000 epochs... >> loss: 0.000397134
26500/50000 epochs... >> loss: 0.000298489
26550/50000 epochs... >> loss: 0.000330645
26600/50000 epochs... >> loss: 0.00025331
26650/50000 epochs... >> loss: 0.000327348
26700/50000 epochs... >> loss: 0.000335584
26750/50000 epochs... >> loss: 0.000339708
26800/50000 epochs... >> loss: 0.000404017
26850/50000 epochs... >> loss: 0.000376379
26900/50000 epochs... >> loss: 0.000334421
26950/50000 epochs... >> loss: 0.000342468
27000/50000 epochs... >> loss: 0.00024443
27050/50000 epochs... >> loss: 0.000291665
27100/50000 epochs... >> loss: 0.000308974
27150/50000 epochs... >> loss: 0.000263026
27200/50000 epochs... >> loss: 0.000220112
27250/50000 epochs... >> loss: 0.000364248
27300/50000 epochs... >> loss: 0.00028704
27350/50000 epochs... >> loss: 0.000340006
27400/50000 epochs... >> loss: 0.000277893
27450/50000 epochs... >> loss: 0.000303902
27500/50000 epochs... >> loss: 0.000215416
27550/50000 epochs... >> loss: 0.000299768
27600/50000 epochs... >> loss: 0.000305833
27650/50000 epochs... >> loss: 0.000328546
27700/50000 epochs... >> loss: 0.000351498
27750/50000 epochs... >> loss: 0.000237576
27800/50000 epochs... >> loss: 0.00029505
27850/50000 epochs... >> loss: 0.00029883
27900/50000 epochs... >> loss: 0.000314271
27950/50000 epochs... >> loss: 0.000293509
28000/50000 epochs... >> loss: 0.000256458
28050/50000 epochs... >> loss: 0.00035156
28100/50000 epochs... >> loss: 0.000259764
28150/50000 epochs... >> loss: 0.000275702
28200/50000 epochs... >> loss: 0.000320338
28250/50000 epochs... >> loss: 0.000280165
28300/50000 epochs... >> loss: 0.000263155
28350/50000 epochs... >> loss: 0.000309312
28400/50000 epochs... >> loss: 0.000345639
28450/50000 epochs... >> loss: 0.000322217
28500/50000 epochs... >> loss: 0.000218327
28550/50000 epochs... >> loss: 0.000260997
28600/50000 epochs... >> loss: 0.000246487
28650/50000 epochs... >> loss: 0.000234475
28700/50000 epochs... >> loss: 0.000416039
28750/50000 epochs... >> loss: 0.000374923
28800/50000 epochs... >> loss: 0.000273889
28850/50000 epochs... >> loss: 0.000221628
28900/50000 epochs... >> loss: 0.000280198
28950/50000 epochs... >> loss: 0.000311702
29000/50000 epochs... >> loss: 0.000274129
29050/50000 epochs... >> loss: 0.00032851
29100/50000 epochs... >> loss: 0.000349111
29150/50000 epochs... >> loss: 0.000306593
29200/50000 epochs... >> loss: 0.000262831
29250/50000 epochs... >> loss: 0.000320713
29300/50000 epochs... >> loss: 0.000257572
29350/50000 epochs... >> loss: 0.000219395
29400/50000 epochs... >> loss: 0.00027403
29450/50000 epochs... >> loss: 0.000243293
29500/50000 epochs... >> loss: 0.000236889
29550/50000 epochs... >> loss: 0.000263872
29600/50000 epochs... >> loss: 0.000302723
29650/50000 epochs... >> loss: 0.000231568
29700/50000 epochs... >> loss: 0.000302427
29750/50000 epochs... >> loss: 0.000209867
29800/50000 epochs... >> loss: 0.000276342
29850/50000 epochs... >> loss: 0.000222087
29900/50000 epochs... >> loss: 0.00028464
29950/50000 epochs... >> loss: 0.000284714
30000/50000 epochs... >> loss: 0.000310736
Iter@30000
For each left:
Hits@1: 25.73%
Hits@10: 54.81%
Hits@50: 74.19%
Hits@100: 81.17%
Hits@200: 86.49%
MRR: 0.355038178914
For each right:
Hits@1: 26.68%
Hits@10: 55.12%
Hits@50: 73.99%
Hits@100: 80.76%
Hits@200: 85.23%
MRR: 0.362598094268
30050/50000 epochs... >> loss: 0.000283285
30100/50000 epochs... >> loss: 0.000296761
30150/50000 epochs... >> loss: 0.000238745
30200/50000 epochs... >> loss: 0.000269168
30250/50000 epochs... >> loss: 0.000282741
30300/50000 epochs... >> loss: 0.00036149
30350/50000 epochs... >> loss: 0.000293492
30400/50000 epochs... >> loss: 0.000286042
30450/50000 epochs... >> loss: 0.000223893
30500/50000 epochs... >> loss: 0.000342482
30550/50000 epochs... >> loss: 0.000356454
30600/50000 epochs... >> loss: 0.000266802
30650/50000 epochs... >> loss: 0.00028516
30700/50000 epochs... >> loss: 0.000167583
30750/50000 epochs... >> loss: 0.000278038
30800/50000 epochs... >> loss: 0.000189969
30850/50000 epochs... >> loss: 0.000319884
30900/50000 epochs... >> loss: 0.000219544
30950/50000 epochs... >> loss: 0.00027554
31000/50000 epochs... >> loss: 0.000260015
31050/50000 epochs... >> loss: 0.000316156
31100/50000 epochs... >> loss: 0.000204765
31150/50000 epochs... >> loss: 0.000360095
31200/50000 epochs... >> loss: 0.000298049
31250/50000 epochs... >> loss: 0.000204446
31300/50000 epochs... >> loss: 0.000283182
31350/50000 epochs... >> loss: 0.00025715
31400/50000 epochs... >> loss: 0.000243959
31450/50000 epochs... >> loss: 0.000309257
31500/50000 epochs... >> loss: 0.000260238
31550/50000 epochs... >> loss: 0.00025306
31600/50000 epochs... >> loss: 0.000263327
31650/50000 epochs... >> loss: 0.000277462
31700/50000 epochs... >> loss: 0.000254321
31750/50000 epochs... >> loss: 0.000242892
31800/50000 epochs... >> loss: 0.00034535
31850/50000 epochs... >> loss: 0.000235435
31900/50000 epochs... >> loss: 0.000200834
31950/50000 epochs... >> loss: 0.000247118
32000/50000 epochs... >> loss: 0.000229376
32050/50000 epochs... >> loss: 0.000266119
32100/50000 epochs... >> loss: 0.000356755
32150/50000 epochs... >> loss: 0.000378068
32200/50000 epochs... >> loss: 0.000220792
32250/50000 epochs... >> loss: 0.0003043
32300/50000 epochs... >> loss: 0.00025081
32350/50000 epochs... >> loss: 0.00026542
32400/50000 epochs... >> loss: 0.000267117
32450/50000 epochs... >> loss: 0.000328524
32500/50000 epochs... >> loss: 0.000254857
32550/50000 epochs... >> loss: 0.000258603
32600/50000 epochs... >> loss: 0.000242118
32650/50000 epochs... >> loss: 0.00026613
32700/50000 epochs... >> loss: 0.000262748
32750/50000 epochs... >> loss: 0.000216182
32800/50000 epochs... >> loss: 0.000305778
32850/50000 epochs... >> loss: 0.000374189
32900/50000 epochs... >> loss: 0.000297201
32950/50000 epochs... >> loss: 0.000243614
33000/50000 epochs... >> loss: 0.000248575
33050/50000 epochs... >> loss: 0.000178456
33100/50000 epochs... >> loss: 0.000232691
33150/50000 epochs... >> loss: 0.000321981
33200/50000 epochs... >> loss: 0.000190622
33250/50000 epochs... >> loss: 0.000259117
33300/50000 epochs... >> loss: 0.000220827
33350/50000 epochs... >> loss: 0.000244767
33400/50000 epochs... >> loss: 0.000245959
33450/50000 epochs... >> loss: 0.000235948
33500/50000 epochs... >> loss: 0.000247749
33550/50000 epochs... >> loss: 0.000305086
33600/50000 epochs... >> loss: 0.000210833
33650/50000 epochs... >> loss: 0.000238945
33700/50000 epochs... >> loss: 0.000145834
33750/50000 epochs... >> loss: 0.000315156
33800/50000 epochs... >> loss: 0.000205083
33850/50000 epochs... >> loss: 0.000288286
33900/50000 epochs... >> loss: 0.000156085
33950/50000 epochs... >> loss: 0.000210399
34000/50000 epochs... >> loss: 0.000291649
34050/50000 epochs... >> loss: 0.000284249
34100/50000 epochs... >> loss: 0.000212444
34150/50000 epochs... >> loss: 0.000255503
34200/50000 epochs... >> loss: 0.000228624
34250/50000 epochs... >> loss: 0.000276003
34300/50000 epochs... >> loss: 0.000283922
34350/50000 epochs... >> loss: 0.000308171
34400/50000 epochs... >> loss: 0.000225679
34450/50000 epochs... >> loss: 0.000283986
34500/50000 epochs... >> loss: 0.000291618
34550/50000 epochs... >> loss: 0.000285469
34600/50000 epochs... >> loss: 0.000280123
34650/50000 epochs... >> loss: 0.000334994
34700/50000 epochs... >> loss: 0.000273834
34750/50000 epochs... >> loss: 0.0001978
34800/50000 epochs... >> loss: 0.000310791
34850/50000 epochs... >> loss: 0.000181772
34900/50000 epochs... >> loss: 0.000253228
34950/50000 epochs... >> loss: 0.000181812
35000/50000 epochs... >> loss: 0.000297983
Iter@35000
For each left:
Hits@1: 26.02%
Hits@10: 54.76%
Hits@50: 73.83%
Hits@100: 80.88%
Hits@200: 86.10%
MRR: 0.356661717204
For each right:
Hits@1: 26.97%
Hits@10: 54.77%
Hits@50: 73.48%
Hits@100: 80.30%
Hits@200: 84.65%
MRR: 0.36370822692
35050/50000 epochs... >> loss: 0.000206688
35100/50000 epochs... >> loss: 0.000169311
35150/50000 epochs... >> loss: 0.000172401
35200/50000 epochs... >> loss: 0.000293738
35250/50000 epochs... >> loss: 0.000286071
35300/50000 epochs... >> loss: 0.000267504
35350/50000 epochs... >> loss: 0.000243777
35400/50000 epochs... >> loss: 0.000277236
35450/50000 epochs... >> loss: 0.000232886
35500/50000 epochs... >> loss: 0.000146773
35550/50000 epochs... >> loss: 0.000211053
35600/50000 epochs... >> loss: 0.0002629
35650/50000 epochs... >> loss: 0.000236506
35700/50000 epochs... >> loss: 0.000239514
35750/50000 epochs... >> loss: 0.000245428
35800/50000 epochs... >> loss: 0.000197917
35850/50000 epochs... >> loss: 0.000352296
35900/50000 epochs... >> loss: 0.000220955
35950/50000 epochs... >> loss: 0.000227105
36000/50000 epochs... >> loss: 0.000175211
36050/50000 epochs... >> loss: 0.000196538
36100/50000 epochs... >> loss: 0.000186261
36150/50000 epochs... >> loss: 0.000227594
36200/50000 epochs... >> loss: 0.000291837
36250/50000 epochs... >> loss: 0.000199946
36300/50000 epochs... >> loss: 0.000241072
36350/50000 epochs... >> loss: 0.000199504
36400/50000 epochs... >> loss: 0.000171725
36450/50000 epochs... >> loss: 0.00024075
36500/50000 epochs... >> loss: 0.000189532
36550/50000 epochs... >> loss: 0.000311149
36600/50000 epochs... >> loss: 0.000197035
36650/50000 epochs... >> loss: 0.000201551
36700/50000 epochs... >> loss: 0.000275451
36750/50000 epochs... >> loss: 0.000175321
36800/50000 epochs... >> loss: 0.000289115
36850/50000 epochs... >> loss: 0.000223777
36900/50000 epochs... >> loss: 0.000244355
36950/50000 epochs... >> loss: 0.000236966
37000/50000 epochs... >> loss: 0.000280666
37050/50000 epochs... >> loss: 0.000221312
37100/50000 epochs... >> loss: 0.00028784
37150/50000 epochs... >> loss: 0.000201898
37200/50000 epochs... >> loss: 0.00022162
37250/50000 epochs... >> loss: 0.000187724
37300/50000 epochs... >> loss: 0.00025037
37350/50000 epochs... >> loss: 0.000195203
37400/50000 epochs... >> loss: 0.000202501
37450/50000 epochs... >> loss: 0.000248139
37500/50000 epochs... >> loss: 0.000260237
37550/50000 epochs... >> loss: 0.000176592
37600/50000 epochs... >> loss: 0.00026353
37650/50000 epochs... >> loss: 0.000235736
37700/50000 epochs... >> loss: 0.000162354
37750/50000 epochs... >> loss: 0.000219101
37800/50000 epochs... >> loss: 0.000231159
37850/50000 epochs... >> loss: 0.000196687
37900/50000 epochs... >> loss: 0.000250029
37950/50000 epochs... >> loss: 0.000181236
38000/50000 epochs... >> loss: 0.000121255
38050/50000 epochs... >> loss: 0.000204336
38100/50000 epochs... >> loss: 0.000213467
38150/50000 epochs... >> loss: 0.000202869
38200/50000 epochs... >> loss: 0.000168713
38250/50000 epochs... >> loss: 0.00017613
38300/50000 epochs... >> loss: 0.000224529
38350/50000 epochs... >> loss: 0.000205433
38400/50000 epochs... >> loss: 0.00016436
38450/50000 epochs... >> loss: 0.000318707
38500/50000 epochs... >> loss: 0.00024111
38550/50000 epochs... >> loss: 0.000206698
38600/50000 epochs... >> loss: 0.000231134
38650/50000 epochs... >> loss: 0.000220131
38700/50000 epochs... >> loss: 0.000180702
38750/50000 epochs... >> loss: 0.000198243
38800/50000 epochs... >> loss: 0.000205881
38850/50000 epochs... >> loss: 0.000188435
38900/50000 epochs... >> loss: 0.000228254
38950/50000 epochs... >> loss: 0.00018368
39000/50000 epochs... >> loss: 0.000161612
39050/50000 epochs... >> loss: 0.000235665
39100/50000 epochs... >> loss: 0.000250099
39150/50000 epochs... >> loss: 0.000221569
39200/50000 epochs... >> loss: 0.000216494
39250/50000 epochs... >> loss: 0.000142123
39300/50000 epochs... >> loss: 0.000185422
39350/50000 epochs... >> loss: 0.000202815
39400/50000 epochs... >> loss: 0.000205754
39450/50000 epochs... >> loss: 0.000172112
39500/50000 epochs... >> loss: 0.000272327
39550/50000 epochs... >> loss: 0.000209665
39600/50000 epochs... >> loss: 0.000311302
39650/50000 epochs... >> loss: 0.000281188
39700/50000 epochs... >> loss: 0.000185947
39750/50000 epochs... >> loss: 0.00017784
39800/50000 epochs... >> loss: 0.000205732
39850/50000 epochs... >> loss: 0.000188028
39900/50000 epochs... >> loss: 0.000216416
39950/50000 epochs... >> loss: 0.000198639
40000/50000 epochs... >> loss: 0.000278026
Iter@40000
For each left:
Hits@1: 25.86%
Hits@10: 54.58%
Hits@50: 73.32%
Hits@100: 80.53%
Hits@200: 85.69%
MRR: 0.354962685663
For each right:
Hits@1: 27.00%
Hits@10: 54.89%
Hits@50: 73.06%
Hits@100: 79.61%
Hits@200: 84.02%
MRR: 0.36340764233
40050/50000 epochs... >> loss: 0.000178874
40100/50000 epochs... >> loss: 0.000228616
40150/50000 epochs... >> loss: 0.000139161
40200/50000 epochs... >> loss: 0.000157628
40250/50000 epochs... >> loss: 0.000214192
40300/50000 epochs... >> loss: 0.000229027
40350/50000 epochs... >> loss: 0.000139554
40400/50000 epochs... >> loss: 0.000111701
40450/50000 epochs... >> loss: 0.000170966
40500/50000 epochs... >> loss: 0.000172167
40550/50000 epochs... >> loss: 0.000243081
40600/50000 epochs... >> loss: 0.000245709
40650/50000 epochs... >> loss: 0.000175837
40700/50000 epochs... >> loss: 0.000162085
40750/50000 epochs... >> loss: 0.000206805
40800/50000 epochs... >> loss: 0.000244001
40850/50000 epochs... >> loss: 0.000248481
40900/50000 epochs... >> loss: 0.000185982
40950/50000 epochs... >> loss: 0.000123321
41000/50000 epochs... >> loss: 0.000243004
41050/50000 epochs... >> loss: 0.000184246
41100/50000 epochs... >> loss: 0.000203929
41150/50000 epochs... >> loss: 0.000141975
41200/50000 epochs... >> loss: 0.000221035
41250/50000 epochs... >> loss: 0.000188751
41300/50000 epochs... >> loss: 0.000158208
41350/50000 epochs... >> loss: 0.00019868
41400/50000 epochs... >> loss: 0.000177838
41450/50000 epochs... >> loss: 0.00010952
41500/50000 epochs... >> loss: 0.00015158
41550/50000 epochs... >> loss: 0.000195146
41600/50000 epochs... >> loss: 0.000205779
41650/50000 epochs... >> loss: 0.000195626
41700/50000 epochs... >> loss: 0.000166333
41750/50000 epochs... >> loss: 0.000247363
41800/50000 epochs... >> loss: 0.000117032
41850/50000 epochs... >> loss: 0.000145145
41900/50000 epochs... >> loss: 0.000226256
41950/50000 epochs... >> loss: 0.000202448
42000/50000 epochs... >> loss: 0.000171404
42050/50000 epochs... >> loss: 0.000197541
42100/50000 epochs... >> loss: 0.000131578
42150/50000 epochs... >> loss: 0.000199306
42200/50000 epochs... >> loss: 0.000262846
42250/50000 epochs... >> loss: 0.000164254
42300/50000 epochs... >> loss: 0.00021327
42350/50000 epochs... >> loss: 0.000157682
42400/50000 epochs... >> loss: 0.000207057
42450/50000 epochs... >> loss: 0.000252254
42500/50000 epochs... >> loss: 0.000193838
42550/50000 epochs... >> loss: 0.000244789
42600/50000 epochs... >> loss: 0.000234099
42650/50000 epochs... >> loss: 0.000258302
42700/50000 epochs... >> loss: 0.000211148
42750/50000 epochs... >> loss: 0.000173106
42800/50000 epochs... >> loss: 0.000245097
42850/50000 epochs... >> loss: 0.000295189
42900/50000 epochs... >> loss: 0.000114102
42950/50000 epochs... >> loss: 0.0001598
43000/50000 epochs... >> loss: 0.000183768
43050/50000 epochs... >> loss: 0.000258337
43100/50000 epochs... >> loss: 0.000135598
43150/50000 epochs... >> loss: 0.000176209
43200/50000 epochs... >> loss: 0.000211402
43250/50000 epochs... >> loss: 0.000219078
43300/50000 epochs... >> loss: 0.000204754
43350/50000 epochs... >> loss: 0.00019178
43400/50000 epochs... >> loss: 0.000219975
43450/50000 epochs... >> loss: 0.00018464
43500/50000 epochs... >> loss: 0.000186202
43550/50000 epochs... >> loss: 0.000239393
43600/50000 epochs... >> loss: 0.000164892
43650/50000 epochs... >> loss: 0.000185122
43700/50000 epochs... >> loss: 0.0001427
43750/50000 epochs... >> loss: 0.000194771
43800/50000 epochs... >> loss: 0.000173065
43850/50000 epochs... >> loss: 0.00021176
43900/50000 epochs... >> loss: 0.000185699
43950/50000 epochs... >> loss: 0.000265522
44000/50000 epochs... >> loss: 0.000183342
44050/50000 epochs... >> loss: 0.000179611
44100/50000 epochs... >> loss: 0.000218042
44150/50000 epochs... >> loss: 0.000220337
44200/50000 epochs... >> loss: 0.00020781
44250/50000 epochs... >> loss: 0.000211334
44300/50000 epochs... >> loss: 0.00021628
44350/50000 epochs... >> loss: 0.000209362
44400/50000 epochs... >> loss: 0.000170031
44450/50000 epochs... >> loss: 0.000178185
44500/50000 epochs... >> loss: 0.000207774
44550/50000 epochs... >> loss: 0.000238414
44600/50000 epochs... >> loss: 0.000212541
44650/50000 epochs... >> loss: 0.000149717
44700/50000 epochs... >> loss: 0.000136361
44750/50000 epochs... >> loss: 0.000188544
44800/50000 epochs... >> loss: 0.000246118
44850/50000 epochs... >> loss: 0.000150726
44900/50000 epochs... >> loss: 0.000183109
44950/50000 epochs... >> loss: 0.000263772
45000/50000 epochs... >> loss: 0.000186568
Iter@45000
For each left:
Hits@1: 25.87%
Hits@10: 54.27%
Hits@50: 73.12%
Hits@100: 80.26%
Hits@200: 85.40%
MRR: 0.354080219475
For each right:
Hits@1: 26.69%
Hits@10: 54.56%
Hits@50: 72.57%
Hits@100: 79.04%
Hits@200: 83.59%
MRR: 0.359999753662
45050/50000 epochs... >> loss: 0.000221798
45100/50000 epochs... >> loss: 0.000258806
45150/50000 epochs... >> loss: 0.000182154
45200/50000 epochs... >> loss: 0.000150027
45250/50000 epochs... >> loss: 0.000214507
45300/50000 epochs... >> loss: 0.000286152
45350/50000 epochs... >> loss: 0.000178073
45400/50000 epochs... >> loss: 0.000257153
45450/50000 epochs... >> loss: 0.000231937
45500/50000 epochs... >> loss: 0.000236042
45550/50000 epochs... >> loss: 0.000286389
45600/50000 epochs... >> loss: 0.000280928
45650/50000 epochs... >> loss: 0.00019779
45700/50000 epochs... >> loss: 0.000205955
45750/50000 epochs... >> loss: 0.000216814
45800/50000 epochs... >> loss: 0.00021873
45850/50000 epochs... >> loss: 0.000147122
45900/50000 epochs... >> loss: 0.000230532
45950/50000 epochs... >> loss: 0.000221917
46000/50000 epochs... >> loss: 0.000110361
46050/50000 epochs... >> loss: 0.000216012
46100/50000 epochs... >> loss: 0.000250284
46150/50000 epochs... >> loss: 0.000184863
46200/50000 epochs... >> loss: 0.000175249
46250/50000 epochs... >> loss: 0.000182473
46300/50000 epochs... >> loss: 0.000264581
46350/50000 epochs... >> loss: 0.000132395
46400/50000 epochs... >> loss: 0.000141685
46450/50000 epochs... >> loss: 0.000122093
46500/50000 epochs... >> loss: 0.000237015
46550/50000 epochs... >> loss: 0.000187137
46600/50000 epochs... >> loss: 0.00023208
46650/50000 epochs... >> loss: 0.000178314
46700/50000 epochs... >> loss: 0.000290975
46750/50000 epochs... >> loss: 0.000206821
46800/50000 epochs... >> loss: 0.000188094
46850/50000 epochs... >> loss: 0.000132949
46900/50000 epochs... >> loss: 0.000249443
46950/50000 epochs... >> loss: 0.000172087
47000/50000 epochs... >> loss: 0.000229736
47050/50000 epochs... >> loss: 0.000172756
47100/50000 epochs... >> loss: 0.000218788
47150/50000 epochs... >> loss: 0.0001654
47200/50000 epochs... >> loss: 0.000111724
47250/50000 epochs... >> loss: 0.00017331
47300/50000 epochs... >> loss: 0.000241516
47350/50000 epochs... >> loss: 0.000169106
47400/50000 epochs... >> loss: 0.000185626
47450/50000 epochs... >> loss: 0.000150888
47500/50000 epochs... >> loss: 0.000107959
47550/50000 epochs... >> loss: 0.000280723
47600/50000 epochs... >> loss: 0.000179348
47650/50000 epochs... >> loss: 0.000158842
47700/50000 epochs... >> loss: 0.000206885
47750/50000 epochs... >> loss: 0.000172049
47800/50000 epochs... >> loss: 0.00022383
47850/50000 epochs... >> loss: 0.00020711
47900/50000 epochs... >> loss: 0.000167948
47950/50000 epochs... >> loss: 0.000160021
48000/50000 epochs... >> loss: 0.00017584
48050/50000 epochs... >> loss: 0.000239846
48100/50000 epochs... >> loss: 0.000170271
48150/50000 epochs... >> loss: 0.000188029
48200/50000 epochs... >> loss: 0.000224649
48250/50000 epochs... >> loss: 0.000154211
48300/50000 epochs... >> loss: 0.000221485
48350/50000 epochs... >> loss: 0.000246407
48400/50000 epochs... >> loss: 0.000262163
48450/50000 epochs... >> loss: 0.000181457
48500/50000 epochs... >> loss: 0.000247772
48550/50000 epochs... >> loss: 0.000200251
48600/50000 epochs... >> loss: 0.000173758
48650/50000 epochs... >> loss: 0.000135675
48700/50000 epochs... >> loss: 0.000219691
48750/50000 epochs... >> loss: 0.000194206
48800/50000 epochs... >> loss: 0.000255534
48850/50000 epochs... >> loss: 0.0002197
48900/50000 epochs... >> loss: 0.000164241
48950/50000 epochs... >> loss: 0.000145352
49000/50000 epochs... >> loss: 0.0002317
49050/50000 epochs... >> loss: 0.000166829
49100/50000 epochs... >> loss: 0.000205095
49150/50000 epochs... >> loss: 0.000167362
49200/50000 epochs... >> loss: 0.000221201
49250/50000 epochs... >> loss: 0.000146889
49300/50000 epochs... >> loss: 0.000172797
49350/50000 epochs... >> loss: 0.000124848
49400/50000 epochs... >> loss: 0.000127109
49450/50000 epochs... >> loss: 0.000235596
49500/50000 epochs... >> loss: 0.000200632
49550/50000 epochs... >> loss: 0.000153625
49600/50000 epochs... >> loss: 0.000175548
49650/50000 epochs... >> loss: 0.000128714
49700/50000 epochs... >> loss: 0.000266872
49750/50000 epochs... >> loss: 0.000174784
49800/50000 epochs... >> loss: 0.000159017
49850/50000 epochs... >> loss: 0.000200279
49900/50000 epochs... >> loss: 0.000185669
49950/50000 epochs... >> loss: 0.000175047
50000/50000 epochs... >> loss: 0.000121497
Iter@50000
For each left:
Hits@1: 25.93%
Hits@10: 54.23%
Hits@50: 72.91%
Hits@100: 80.04%
Hits@200: 85.12%
MRR: 0.355076709977
For each right:
Hits@1: 26.80%
Hits@10: 54.28%
Hits@50: 72.19%
Hits@100: 78.76%
Hits@200: 83.06%
MRR: 0.360662520223
For each left:
Hits@1: 25.93%
Hits@10: 54.23%
Hits@50: 72.91%
Hits@100: 80.04%
Hits@200: 85.12%
MRR: 0.355076709977
For each right:
Hits@1: 26.80%
Hits@10: 54.28%
Hits@50: 72.19%
Hits@100: 78.76%
Hits@200: 83.06%
MRR: 0.360662520223
total time elapsed: 8877.9201 s
