***************************fr_en****************************
loading a file...data/fr_en/ent_ids_1
loading a file...data/fr_en/ent_ids_2
39654
loading a file...data/fr_en/ref_ent_ids
loading a file...data/fr_en/train
loading a file...data/fr_en/dev
loading a file...data/fr_en/test
loading a file...data/fr_en/triples_1
loading a file...data/fr_en/triples_2
2111
running HMAN...
adding the se input layer...
adding a layer...
adding a layer...
getting loss...
initializing...
running...
50/50000 epochs... >> loss: 0.222171
100/50000 epochs... >> loss: 0.159189
150/50000 epochs... >> loss: 0.121568
200/50000 epochs... >> loss: 0.10619
250/50000 epochs... >> loss: 0.092115
300/50000 epochs... >> loss: 0.0790384
350/50000 epochs... >> loss: 0.0710462
400/50000 epochs... >> loss: 0.0673184
450/50000 epochs... >> loss: 0.0604894
500/50000 epochs... >> loss: 0.0576145
550/50000 epochs... >> loss: 0.0533924
600/50000 epochs... >> loss: 0.0522266
650/50000 epochs... >> loss: 0.047426
700/50000 epochs... >> loss: 0.0469588
750/50000 epochs... >> loss: 0.0462468
800/50000 epochs... >> loss: 0.0438731
850/50000 epochs... >> loss: 0.0423826
900/50000 epochs... >> loss: 0.0388255
950/50000 epochs... >> loss: 0.0400348
1000/50000 epochs... >> loss: 0.0393022
1050/50000 epochs... >> loss: 0.0354398
1100/50000 epochs... >> loss: 0.0368079
1150/50000 epochs... >> loss: 0.0376528
1200/50000 epochs... >> loss: 0.0332614
1250/50000 epochs... >> loss: 0.0324301
1300/50000 epochs... >> loss: 0.0315875
1350/50000 epochs... >> loss: 0.0311385
1400/50000 epochs... >> loss: 0.0319421
1450/50000 epochs... >> loss: 0.0295329
1500/50000 epochs... >> loss: 0.0294143
1550/50000 epochs... >> loss: 0.0281162
1600/50000 epochs... >> loss: 0.0280093
1650/50000 epochs... >> loss: 0.0265574
1700/50000 epochs... >> loss: 0.0270896
1750/50000 epochs... >> loss: 0.0275342
1800/50000 epochs... >> loss: 0.0249002
1850/50000 epochs... >> loss: 0.0241733
1900/50000 epochs... >> loss: 0.0253269
1950/50000 epochs... >> loss: 0.0247932
2000/50000 epochs... >> loss: 0.0920548
2050/50000 epochs... >> loss: 0.0366397
2100/50000 epochs... >> loss: 0.0301436
2150/50000 epochs... >> loss: 0.027441
2200/50000 epochs... >> loss: 0.0260241
2250/50000 epochs... >> loss: 0.024915
2300/50000 epochs... >> loss: 0.0240436
2350/50000 epochs... >> loss: 0.0236679
2400/50000 epochs... >> loss: 0.0214862
2450/50000 epochs... >> loss: 0.0204468
2500/50000 epochs... >> loss: 0.0219192
2550/50000 epochs... >> loss: 0.0212069
2600/50000 epochs... >> loss: 0.0193091
2650/50000 epochs... >> loss: 0.0186241
2700/50000 epochs... >> loss: 0.0203886
2750/50000 epochs... >> loss: 0.0201953
2800/50000 epochs... >> loss: 0.0175046
2850/50000 epochs... >> loss: 0.0174291
2900/50000 epochs... >> loss: 0.0189341
2950/50000 epochs... >> loss: 0.0164391
3000/50000 epochs... >> loss: 0.0166555
3050/50000 epochs... >> loss: 0.0174502
3100/50000 epochs... >> loss: 0.0852837
3150/50000 epochs... >> loss: 0.0259535
3200/50000 epochs... >> loss: 0.019005
3250/50000 epochs... >> loss: 0.017274
3300/50000 epochs... >> loss: 0.0165144
3350/50000 epochs... >> loss: 0.0157657
3400/50000 epochs... >> loss: 0.0154927
3450/50000 epochs... >> loss: 0.0149355
3500/50000 epochs... >> loss: 0.0140566
3550/50000 epochs... >> loss: 0.0140126
3600/50000 epochs... >> loss: 0.0140266
3650/50000 epochs... >> loss: 0.0135102
3700/50000 epochs... >> loss: 0.0130237
3750/50000 epochs... >> loss: 0.012703
3800/50000 epochs... >> loss: 0.0118535
3850/50000 epochs... >> loss: 0.0242635
3900/50000 epochs... >> loss: 0.0161878
3950/50000 epochs... >> loss: 0.0150981
4000/50000 epochs... >> loss: 0.013455
4050/50000 epochs... >> loss: 0.0128137
4100/50000 epochs... >> loss: 0.0124007
4150/50000 epochs... >> loss: 0.0117935
4200/50000 epochs... >> loss: 0.0114489
4250/50000 epochs... >> loss: 0.0111255
4300/50000 epochs... >> loss: 0.0103927
4350/50000 epochs... >> loss: 0.0102171
4400/50000 epochs... >> loss: 0.00944747
4450/50000 epochs... >> loss: 0.00992607
4500/50000 epochs... >> loss: 0.00927506
4550/50000 epochs... >> loss: 0.00880522
4600/50000 epochs... >> loss: 0.00862874
4650/50000 epochs... >> loss: 0.00792847
4700/50000 epochs... >> loss: 0.00755162
4750/50000 epochs... >> loss: 0.00746391
4800/50000 epochs... >> loss: 0.00696509
4850/50000 epochs... >> loss: 0.00845298
4900/50000 epochs... >> loss: 0.00724947
4950/50000 epochs... >> loss: 0.0065133
5000/50000 epochs... >> loss: 0.00568201
Iter@5000
For each left:
Hits@1: 17.96%
Hits@10: 49.80%
Hits@50: 76.89%
Hits@100: 85.98%
Hits@200: 92.02%
MRR: 0.284187072131
For each right:
Hits@1: 18.11%
Hits@10: 49.89%
Hits@50: 76.93%
Hits@100: 85.86%
Hits@200: 92.01%
MRR: 0.284323273064
5050/50000 epochs... >> loss: 0.00592747
5100/50000 epochs... >> loss: 0.0461346
5150/50000 epochs... >> loss: 0.0234623
5200/50000 epochs... >> loss: 0.0176297
5250/50000 epochs... >> loss: 0.0136914
5300/50000 epochs... >> loss: 0.0113221
5350/50000 epochs... >> loss: 0.00912113
5400/50000 epochs... >> loss: 0.00829113
5450/50000 epochs... >> loss: 0.0079697
5500/50000 epochs... >> loss: 0.00707409
5550/50000 epochs... >> loss: 0.00586496
5600/50000 epochs... >> loss: 0.00526903
5650/50000 epochs... >> loss: 0.00527793
5700/50000 epochs... >> loss: 0.00492379
5750/50000 epochs... >> loss: 0.00501341
5800/50000 epochs... >> loss: 0.00401386
5850/50000 epochs... >> loss: 0.00378143
5900/50000 epochs... >> loss: 0.00369588
5950/50000 epochs... >> loss: 0.00340967
6000/50000 epochs... >> loss: 0.00351173
6050/50000 epochs... >> loss: 0.0029959
6100/50000 epochs... >> loss: 0.00276594
6150/50000 epochs... >> loss: 0.00248208
6200/50000 epochs... >> loss: 0.00245001
6250/50000 epochs... >> loss: 0.00239497
6300/50000 epochs... >> loss: 0.00225503
6350/50000 epochs... >> loss: 0.00227489
6400/50000 epochs... >> loss: 0.00219909
6450/50000 epochs... >> loss: 0.00209543
6500/50000 epochs... >> loss: 0.00198344
6550/50000 epochs... >> loss: 0.00163855
6600/50000 epochs... >> loss: 0.00170636
6650/50000 epochs... >> loss: 0.001755
6700/50000 epochs... >> loss: 0.00165989
6750/50000 epochs... >> loss: 0.00134012
6800/50000 epochs... >> loss: 0.00167102
6850/50000 epochs... >> loss: 0.00157868
6900/50000 epochs... >> loss: 0.00147773
6950/50000 epochs... >> loss: 0.00139178
7000/50000 epochs... >> loss: 0.00125339
7050/50000 epochs... >> loss: 0.00116747
7100/50000 epochs... >> loss: 0.00139257
7150/50000 epochs... >> loss: 0.00132012
7200/50000 epochs... >> loss: 0.00113016
7250/50000 epochs... >> loss: 0.000843569
7300/50000 epochs... >> loss: 0.00104082
7350/50000 epochs... >> loss: 0.00103105
7400/50000 epochs... >> loss: 0.00105245
7450/50000 epochs... >> loss: 0.00119466
7500/50000 epochs... >> loss: 0.000969353
7550/50000 epochs... >> loss: 0.000988288
7600/50000 epochs... >> loss: 0.00113332
7650/50000 epochs... >> loss: 0.00102037
7700/50000 epochs... >> loss: 0.000969142
7750/50000 epochs... >> loss: 0.000823153
7800/50000 epochs... >> loss: 0.000663616
7850/50000 epochs... >> loss: 0.000844368
7900/50000 epochs... >> loss: 0.000728522
7950/50000 epochs... >> loss: 0.000795667
8000/50000 epochs... >> loss: 0.00063787
8050/50000 epochs... >> loss: 0.00084072
8100/50000 epochs... >> loss: 0.000594888
8150/50000 epochs... >> loss: 0.000758837
8200/50000 epochs... >> loss: 0.000623079
8250/50000 epochs... >> loss: 0.000662239
8300/50000 epochs... >> loss: 0.000692653
8350/50000 epochs... >> loss: 0.000760539
8400/50000 epochs... >> loss: 0.000684464
8450/50000 epochs... >> loss: 0.00084017
8500/50000 epochs... >> loss: 0.000637239
8550/50000 epochs... >> loss: 0.000632428
8600/50000 epochs... >> loss: 0.000540398
8650/50000 epochs... >> loss: 0.000495829
8700/50000 epochs... >> loss: 0.000624986
8750/50000 epochs... >> loss: 0.000943748
8800/50000 epochs... >> loss: 0.000888138
8850/50000 epochs... >> loss: 0.000704565
8900/50000 epochs... >> loss: 0.000554689
8950/50000 epochs... >> loss: 0.000438118
9000/50000 epochs... >> loss: 0.000559484
9050/50000 epochs... >> loss: 0.000595417
9100/50000 epochs... >> loss: 0.000594173
9150/50000 epochs... >> loss: 0.000611186
9200/50000 epochs... >> loss: 0.000482285
9250/50000 epochs... >> loss: 0.000450162
9300/50000 epochs... >> loss: 0.000691294
9350/50000 epochs... >> loss: 0.000769067
9400/50000 epochs... >> loss: 0.000661149
9450/50000 epochs... >> loss: 0.000659321
9500/50000 epochs... >> loss: 0.000525377
9550/50000 epochs... >> loss: 0.000656531
9600/50000 epochs... >> loss: 0.000540566
9650/50000 epochs... >> loss: 0.000878923
9700/50000 epochs... >> loss: 0.000698086
9750/50000 epochs... >> loss: 0.000782569
9800/50000 epochs... >> loss: 0.000491723
9850/50000 epochs... >> loss: 0.000737052
9900/50000 epochs... >> loss: 0.000435616
9950/50000 epochs... >> loss: 0.000610892
10000/50000 epochs... >> loss: 0.000533977
Iter@10000
For each left:
Hits@1: 38.16%
Hits@10: 75.03%
Hits@50: 89.75%
Hits@100: 93.55%
Hits@200: 95.87%
MRR: 0.506394549362
For each right:
Hits@1: 38.87%
Hits@10: 75.56%
Hits@50: 90.16%
Hits@100: 93.79%
Hits@200: 95.93%
MRR: 0.513037322096
10050/50000 epochs... >> loss: 0.000567641
10100/50000 epochs... >> loss: 0.000534465
10150/50000 epochs... >> loss: 0.000463662
10200/50000 epochs... >> loss: 0.000457194
10250/50000 epochs... >> loss: 0.000463375
10300/50000 epochs... >> loss: 0.000225679
10350/50000 epochs... >> loss: 0.000362079
10400/50000 epochs... >> loss: 0.000451073
10450/50000 epochs... >> loss: 0.00055391
10500/50000 epochs... >> loss: 0.00052169
10550/50000 epochs... >> loss: 0.000524699
10600/50000 epochs... >> loss: 0.00051121
10650/50000 epochs... >> loss: 0.000316983
10700/50000 epochs... >> loss: 0.000577266
10750/50000 epochs... >> loss: 0.000550664
10800/50000 epochs... >> loss: 0.000409187
10850/50000 epochs... >> loss: 0.00041078
10900/50000 epochs... >> loss: 0.000393963
10950/50000 epochs... >> loss: 0.000486176
11000/50000 epochs... >> loss: 0.000495905
11050/50000 epochs... >> loss: 0.000493151
11100/50000 epochs... >> loss: 0.000336206
11150/50000 epochs... >> loss: 0.000257187
11200/50000 epochs... >> loss: 0.000331401
11250/50000 epochs... >> loss: 0.000720911
11300/50000 epochs... >> loss: 0.000534696
11350/50000 epochs... >> loss: 0.000611283
11400/50000 epochs... >> loss: 0.000336145
11450/50000 epochs... >> loss: 0.000534756
11500/50000 epochs... >> loss: 0.000471569
11550/50000 epochs... >> loss: 0.00041553
11600/50000 epochs... >> loss: 0.00043216
11650/50000 epochs... >> loss: 0.000338743
11700/50000 epochs... >> loss: 0.000415478
11750/50000 epochs... >> loss: 0.000447707
11800/50000 epochs... >> loss: 0.000381709
11850/50000 epochs... >> loss: 0.000479146
11900/50000 epochs... >> loss: 0.000415731
11950/50000 epochs... >> loss: 0.000544399
12000/50000 epochs... >> loss: 0.00044943
12050/50000 epochs... >> loss: 0.000416512
12100/50000 epochs... >> loss: 0.000592448
12150/50000 epochs... >> loss: 0.000278597
12200/50000 epochs... >> loss: 0.000283472
12250/50000 epochs... >> loss: 0.000239228
12300/50000 epochs... >> loss: 0.000388379
12350/50000 epochs... >> loss: 0.00048801
12400/50000 epochs... >> loss: 0.000455326
12450/50000 epochs... >> loss: 0.000389318
12500/50000 epochs... >> loss: 0.000376285
12550/50000 epochs... >> loss: 0.000386094
12600/50000 epochs... >> loss: 0.000484145
12650/50000 epochs... >> loss: 0.000236127
12700/50000 epochs... >> loss: 0.000371482
12750/50000 epochs... >> loss: 0.000339784
12800/50000 epochs... >> loss: 0.000531257
12850/50000 epochs... >> loss: 0.000371338
12900/50000 epochs... >> loss: 0.000385439
12950/50000 epochs... >> loss: 0.000240251
13000/50000 epochs... >> loss: 0.000354823
13050/50000 epochs... >> loss: 0.000448046
13100/50000 epochs... >> loss: 0.000406083
13150/50000 epochs... >> loss: 0.000507857
13200/50000 epochs... >> loss: 0.000392231
13250/50000 epochs... >> loss: 0.000534051
13300/50000 epochs... >> loss: 0.000464023
13350/50000 epochs... >> loss: 0.000429347
13400/50000 epochs... >> loss: 0.000354864
13450/50000 epochs... >> loss: 0.000227853
13500/50000 epochs... >> loss: 0.000390517
13550/50000 epochs... >> loss: 0.000297248
13600/50000 epochs... >> loss: 0.000417062
13650/50000 epochs... >> loss: 0.000354496
13700/50000 epochs... >> loss: 0.000386047
13750/50000 epochs... >> loss: 0.000266029
13800/50000 epochs... >> loss: 0.000257239
13850/50000 epochs... >> loss: 0.000441827
13900/50000 epochs... >> loss: 0.000388609
13950/50000 epochs... >> loss: 0.000318137
14000/50000 epochs... >> loss: 0.000281146
14050/50000 epochs... >> loss: 0.000438029
14100/50000 epochs... >> loss: 0.000478514
14150/50000 epochs... >> loss: 0.000197943
14200/50000 epochs... >> loss: 0.000213331
14250/50000 epochs... >> loss: 0.000268596
14300/50000 epochs... >> loss: 0.000402491
14350/50000 epochs... >> loss: 0.000341869
14400/50000 epochs... >> loss: 0.000359142
14450/50000 epochs... >> loss: 0.000519308
14500/50000 epochs... >> loss: 0.000462786
14550/50000 epochs... >> loss: 0.000314256
14600/50000 epochs... >> loss: 0.000419204
14650/50000 epochs... >> loss: 0.000532488
14700/50000 epochs... >> loss: 0.000461257
14750/50000 epochs... >> loss: 0.000385094
14800/50000 epochs... >> loss: 0.000206533
14850/50000 epochs... >> loss: 0.000295883
14900/50000 epochs... >> loss: 0.000342018
14950/50000 epochs... >> loss: 0.000320081
15000/50000 epochs... >> loss: 0.000304953
Iter@15000
For each left:
Hits@1: 42.61%
Hits@10: 78.27%
Hits@50: 91.26%
Hits@100: 94.10%
Hits@200: 96.19%
MRR: 0.548175226511
For each right:
Hits@1: 43.30%
Hits@10: 78.76%
Hits@50: 91.24%
Hits@100: 94.16%
Hits@200: 96.30%
MRR: 0.555084018883
15050/50000 epochs... >> loss: 0.000367659
15100/50000 epochs... >> loss: 0.000439327
15150/50000 epochs... >> loss: 0.000249617
15200/50000 epochs... >> loss: 0.000290759
15250/50000 epochs... >> loss: 0.000242487
15300/50000 epochs... >> loss: 0.000402229
15350/50000 epochs... >> loss: 0.00026197
15400/50000 epochs... >> loss: 0.000408445
15450/50000 epochs... >> loss: 0.000239164
15500/50000 epochs... >> loss: 0.000244826
15550/50000 epochs... >> loss: 0.000232231
15600/50000 epochs... >> loss: 0.000354059
15650/50000 epochs... >> loss: 0.000350858
15700/50000 epochs... >> loss: 0.000339321
15750/50000 epochs... >> loss: 0.000274124
15800/50000 epochs... >> loss: 0.000262736
15850/50000 epochs... >> loss: 0.000153106
15900/50000 epochs... >> loss: 0.000217552
15950/50000 epochs... >> loss: 0.000274851
16000/50000 epochs... >> loss: 0.000372103
16050/50000 epochs... >> loss: 0.000448844
16100/50000 epochs... >> loss: 0.000400125
16150/50000 epochs... >> loss: 0.00045165
16200/50000 epochs... >> loss: 0.000312217
16250/50000 epochs... >> loss: 0.000368668
16300/50000 epochs... >> loss: 0.000373674
16350/50000 epochs... >> loss: 0.000263383
16400/50000 epochs... >> loss: 0.000154034
16450/50000 epochs... >> loss: 0.000390042
16500/50000 epochs... >> loss: 0.000307246
16550/50000 epochs... >> loss: 0.000281056
16600/50000 epochs... >> loss: 0.00041793
16650/50000 epochs... >> loss: 0.000278852
16700/50000 epochs... >> loss: 0.000247684
16750/50000 epochs... >> loss: 0.000311524
16800/50000 epochs... >> loss: 0.000324202
16850/50000 epochs... >> loss: 0.000162027
16900/50000 epochs... >> loss: 0.000345414
16950/50000 epochs... >> loss: 0.930839
17000/50000 epochs... >> loss: 0.0248683
17050/50000 epochs... >> loss: 0.00672991
17100/50000 epochs... >> loss: 0.0028258
17150/50000 epochs... >> loss: 0.00201373
17200/50000 epochs... >> loss: 0.00134306
17250/50000 epochs... >> loss: 0.00111316
17300/50000 epochs... >> loss: 0.000983133
17350/50000 epochs... >> loss: 0.000876011
17400/50000 epochs... >> loss: 0.000788768
17450/50000 epochs... >> loss: 0.000498692
17500/50000 epochs... >> loss: 0.000662933
17550/50000 epochs... >> loss: 0.000579991
17600/50000 epochs... >> loss: 0.000861605
17650/50000 epochs... >> loss: 0.000616276
17700/50000 epochs... >> loss: 0.000464093
17750/50000 epochs... >> loss: 0.000556769
17800/50000 epochs... >> loss: 0.000559666
17850/50000 epochs... >> loss: 0.000567572
17900/50000 epochs... >> loss: 0.000434451
17950/50000 epochs... >> loss: 0.000562776
18000/50000 epochs... >> loss: 0.000515295
18050/50000 epochs... >> loss: 0.000531081
18100/50000 epochs... >> loss: 0.000495091
18150/50000 epochs... >> loss: 0.000316063
18200/50000 epochs... >> loss: 0.000398652
18250/50000 epochs... >> loss: 0.000419302
18300/50000 epochs... >> loss: 0.000586645
18350/50000 epochs... >> loss: 0.000382901
18400/50000 epochs... >> loss: 0.000308679
18450/50000 epochs... >> loss: 0.000573946
18500/50000 epochs... >> loss: 0.000519982
18550/50000 epochs... >> loss: 0.000383439
18600/50000 epochs... >> loss: 0.000307711
18650/50000 epochs... >> loss: 0.000364966
18700/50000 epochs... >> loss: 0.00053798
18750/50000 epochs... >> loss: 0.0003819
18800/50000 epochs... >> loss: 0.000356151
18850/50000 epochs... >> loss: 0.000288925
18900/50000 epochs... >> loss: 0.00028927
18950/50000 epochs... >> loss: 0.00042432
19000/50000 epochs... >> loss: 0.000364717
19050/50000 epochs... >> loss: 0.000279357
19100/50000 epochs... >> loss: 0.000308713
19150/50000 epochs... >> loss: 0.000398012
19200/50000 epochs... >> loss: 0.000428459
19250/50000 epochs... >> loss: 0.000380545
19300/50000 epochs... >> loss: 0.000369905
19350/50000 epochs... >> loss: 0.000394523
19400/50000 epochs... >> loss: 0.000511313
19450/50000 epochs... >> loss: 0.000412807
19500/50000 epochs... >> loss: 0.00048976
19550/50000 epochs... >> loss: 0.0004122
19600/50000 epochs... >> loss: 0.000299781
19650/50000 epochs... >> loss: 0.000283568
19700/50000 epochs... >> loss: 0.000167689
19750/50000 epochs... >> loss: 0.000242295
19800/50000 epochs... >> loss: 0.000308622
19850/50000 epochs... >> loss: 0.000423502
19900/50000 epochs... >> loss: 0.000297496
19950/50000 epochs... >> loss: 0.000552023
20000/50000 epochs... >> loss: 0.000338136
Iter@20000
For each left:
Hits@1: 48.92%
Hits@10: 84.83%
Hits@50: 94.50%
Hits@100: 96.66%
Hits@200: 97.76%
MRR: 0.613166586646
For each right:
Hits@1: 49.49%
Hits@10: 84.73%
Hits@50: 94.66%
Hits@100: 96.75%
Hits@200: 97.90%
MRR: 0.617039650456
20050/50000 epochs... >> loss: 0.000326317
20100/50000 epochs... >> loss: 0.000490066
20150/50000 epochs... >> loss: 0.000452209
20200/50000 epochs... >> loss: 0.000375036
20250/50000 epochs... >> loss: 0.000396208
20300/50000 epochs... >> loss: 0.000312354
20350/50000 epochs... >> loss: 0.000300269
20400/50000 epochs... >> loss: 0.000280766
20450/50000 epochs... >> loss: 0.000467605
20500/50000 epochs... >> loss: 0.000299597
20550/50000 epochs... >> loss: 0.00031544
20600/50000 epochs... >> loss: 0.000229186
20650/50000 epochs... >> loss: 0.000517436
20700/50000 epochs... >> loss: 0.000269521
20750/50000 epochs... >> loss: 0.000297823
20800/50000 epochs... >> loss: 0.000203108
20850/50000 epochs... >> loss: 0.000234382
20900/50000 epochs... >> loss: 0.000208464
20950/50000 epochs... >> loss: 0.000339385
21000/50000 epochs... >> loss: 0.00026744
21050/50000 epochs... >> loss: 0.000333361
21100/50000 epochs... >> loss: 0.000402093
21150/50000 epochs... >> loss: 0.000329666
21200/50000 epochs... >> loss: 0.000312016
21250/50000 epochs... >> loss: 0.000289064
21300/50000 epochs... >> loss: 0.000334415
21350/50000 epochs... >> loss: 0.000312808
21400/50000 epochs... >> loss: 0.000358686
21450/50000 epochs... >> loss: 0.00040149
21500/50000 epochs... >> loss: 0.000543006
21550/50000 epochs... >> loss: 0.000308669
21600/50000 epochs... >> loss: 0.000422711
21650/50000 epochs... >> loss: 0.000266396
21700/50000 epochs... >> loss: 0.000316911
21750/50000 epochs... >> loss: 0.000230196
21800/50000 epochs... >> loss: 0.000446873
21850/50000 epochs... >> loss: 0.000252313
21900/50000 epochs... >> loss: 0.000366917
21950/50000 epochs... >> loss: 0.000332798
22000/50000 epochs... >> loss: 0.000270649
22050/50000 epochs... >> loss: 0.000207254
22100/50000 epochs... >> loss: 0.000349559
22150/50000 epochs... >> loss: 0.000421078
22200/50000 epochs... >> loss: 0.000298175
22250/50000 epochs... >> loss: 0.000379834
22300/50000 epochs... >> loss: 0.000225448
22350/50000 epochs... >> loss: 0.00040913
22400/50000 epochs... >> loss: 0.000296705
22450/50000 epochs... >> loss: 0.000243143
22500/50000 epochs... >> loss: 0.000299479
22550/50000 epochs... >> loss: 0.000117163
22600/50000 epochs... >> loss: 0.000347591
22650/50000 epochs... >> loss: 0.000281223
22700/50000 epochs... >> loss: 0.000232156
22750/50000 epochs... >> loss: 0.000302507
22800/50000 epochs... >> loss: 0.000574482
22850/50000 epochs... >> loss: 0.000370508
22900/50000 epochs... >> loss: 0.000327159
22950/50000 epochs... >> loss: 0.000211787
23000/50000 epochs... >> loss: 0.000329297
23050/50000 epochs... >> loss: 0.000282285
23100/50000 epochs... >> loss: 0.000385272
23150/50000 epochs... >> loss: 0.000259765
23200/50000 epochs... >> loss: 0.000206265
23250/50000 epochs... >> loss: 0.000281102
23300/50000 epochs... >> loss: 0.000200765
23350/50000 epochs... >> loss: 0.000281844
23400/50000 epochs... >> loss: 0.000434887
23450/50000 epochs... >> loss: 0.000302143
23500/50000 epochs... >> loss: 0.000237228
23550/50000 epochs... >> loss: 0.000350699
23600/50000 epochs... >> loss: 0.000423268
23650/50000 epochs... >> loss: 0.000348856
23700/50000 epochs... >> loss: 0.000231245
23750/50000 epochs... >> loss: 0.00031449
23800/50000 epochs... >> loss: 0.000408333
23850/50000 epochs... >> loss: 0.000399218
23900/50000 epochs... >> loss: 0.000229247
23950/50000 epochs... >> loss: 0.000374331
24000/50000 epochs... >> loss: 0.000274503
24050/50000 epochs... >> loss: 0.000311669
24100/50000 epochs... >> loss: 0.000477209
24150/50000 epochs... >> loss: 0.000213873
24200/50000 epochs... >> loss: 0.000189697
24250/50000 epochs... >> loss: 0.000282565
24300/50000 epochs... >> loss: 0.000380384
24350/50000 epochs... >> loss: 0.000252854
24400/50000 epochs... >> loss: 0.000307622
24450/50000 epochs... >> loss: 0.000369208
24500/50000 epochs... >> loss: 0.000190948
24550/50000 epochs... >> loss: 0.00033354
24600/50000 epochs... >> loss: 0.000260573
24650/50000 epochs... >> loss: 0.0003384
24700/50000 epochs... >> loss: 0.000403424
24750/50000 epochs... >> loss: 0.000299614
24800/50000 epochs... >> loss: 0.000300372
24850/50000 epochs... >> loss: 0.000306767
24900/50000 epochs... >> loss: 0.000373714
24950/50000 epochs... >> loss: 0.000202307
25000/50000 epochs... >> loss: 0.000270263
Iter@25000
For each left:
Hits@1: 51.65%
Hits@10: 85.89%
Hits@50: 94.84%
Hits@100: 96.55%
Hits@200: 97.75%
MRR: 0.636361954616
For each right:
Hits@1: 51.61%
Hits@10: 85.60%
Hits@50: 95.03%
Hits@100: 96.77%
Hits@200: 98.03%
MRR: 0.637129178076
25050/50000 epochs... >> loss: 0.000261263
25100/50000 epochs... >> loss: 0.00030599
25150/50000 epochs... >> loss: 0.000182174
25200/50000 epochs... >> loss: 0.000428959
25250/50000 epochs... >> loss: 0.000368438
25300/50000 epochs... >> loss: 0.000388031
25350/50000 epochs... >> loss: 0.000162225
25400/50000 epochs... >> loss: 0.000350271
25450/50000 epochs... >> loss: 0.000106943
25500/50000 epochs... >> loss: 0.000319967
25550/50000 epochs... >> loss: 0.000273583
25600/50000 epochs... >> loss: 0.000288657
25650/50000 epochs... >> loss: 0.000381635
25700/50000 epochs... >> loss: 0.000131684
25750/50000 epochs... >> loss: 0.000262888
25800/50000 epochs... >> loss: 0.000229233
25850/50000 epochs... >> loss: 0.000245041
25900/50000 epochs... >> loss: 0.000249506
25950/50000 epochs... >> loss: 0.000229864
26000/50000 epochs... >> loss: 0.00029131
26050/50000 epochs... >> loss: 0.000272431
26100/50000 epochs... >> loss: 0.000385088
26150/50000 epochs... >> loss: 0.000373221
26200/50000 epochs... >> loss: 0.00030711
26250/50000 epochs... >> loss: 0.000319196
26300/50000 epochs... >> loss: 0.00021879
26350/50000 epochs... >> loss: 0.000222371
26400/50000 epochs... >> loss: 0.000250383
26450/50000 epochs... >> loss: 0.000506633
26500/50000 epochs... >> loss: 0.000279189
26550/50000 epochs... >> loss: 0.000177856
26600/50000 epochs... >> loss: 0.000308831
26650/50000 epochs... >> loss: 0.000296776
26700/50000 epochs... >> loss: 0.000253039
26750/50000 epochs... >> loss: 0.000155828
26800/50000 epochs... >> loss: 0.000276274
26850/50000 epochs... >> loss: 0.000153611
26900/50000 epochs... >> loss: 0.000388493
26950/50000 epochs... >> loss: 0.000220108
27000/50000 epochs... >> loss: 0.000331175
27050/50000 epochs... >> loss: 0.000240571
27100/50000 epochs... >> loss: 0.000318933
27150/50000 epochs... >> loss: 0.000226987
27200/50000 epochs... >> loss: 0.000257985
27250/50000 epochs... >> loss: 0.000448372
27300/50000 epochs... >> loss: 0.000198091
27350/50000 epochs... >> loss: 0.000252919
27400/50000 epochs... >> loss: 0.000274248
27450/50000 epochs... >> loss: 0.000219265
27500/50000 epochs... >> loss: 0.000176993
27550/50000 epochs... >> loss: 0.000300926
27600/50000 epochs... >> loss: 0.000270191
27650/50000 epochs... >> loss: 0.000224638
27700/50000 epochs... >> loss: 0.000215718
27750/50000 epochs... >> loss: 0.000223091
27800/50000 epochs... >> loss: 0.000274049
27850/50000 epochs... >> loss: 0.000286803
27900/50000 epochs... >> loss: 0.00026406
27950/50000 epochs... >> loss: 0.000302912
28000/50000 epochs... >> loss: 0.000311078
28050/50000 epochs... >> loss: 0.000193563
28100/50000 epochs... >> loss: 0.000457741
28150/50000 epochs... >> loss: 0.000363726
28200/50000 epochs... >> loss: 0.000171585
28250/50000 epochs... >> loss: 0.000223526
28300/50000 epochs... >> loss: 0.000259562
28350/50000 epochs... >> loss: 0.000292103
28400/50000 epochs... >> loss: 0.000340689
28450/50000 epochs... >> loss: 0.000310853
28500/50000 epochs... >> loss: 0.000331841
28550/50000 epochs... >> loss: 0.000220347
28600/50000 epochs... >> loss: 0.000352562
28650/50000 epochs... >> loss: 0.000336421
28700/50000 epochs... >> loss: 0.000325187
28750/50000 epochs... >> loss: 0.000204059
28800/50000 epochs... >> loss: 0.00024005
28850/50000 epochs... >> loss: 0.00024762
28900/50000 epochs... >> loss: 0.000196623
28950/50000 epochs... >> loss: 0.000209348
29000/50000 epochs... >> loss: 0.000351518
29050/50000 epochs... >> loss: 0.000168698
29100/50000 epochs... >> loss: 0.000318777
29150/50000 epochs... >> loss: 0.000368768
29200/50000 epochs... >> loss: 0.00027309
29250/50000 epochs... >> loss: 0.000184033
29300/50000 epochs... >> loss: 0.00024914
29350/50000 epochs... >> loss: 0.000276588
29400/50000 epochs... >> loss: 0.000337715
29450/50000 epochs... >> loss: 0.000195539
29500/50000 epochs... >> loss: 0.000220213
29550/50000 epochs... >> loss: 0.000376982
29600/50000 epochs... >> loss: 0.000272576
29650/50000 epochs... >> loss: 0.000325725
29700/50000 epochs... >> loss: 0.000310466
29750/50000 epochs... >> loss: 0.000243249
29800/50000 epochs... >> loss: 0.000248653
29850/50000 epochs... >> loss: 0.000289522
29900/50000 epochs... >> loss: 0.000235823
29950/50000 epochs... >> loss: 0.000274034
30000/50000 epochs... >> loss: 0.00023519
Iter@30000
For each left:
Hits@1: 53.20%
Hits@10: 86.74%
Hits@50: 95.04%
Hits@100: 96.80%
Hits@200: 97.80%
MRR: 0.648235288371
For each right:
Hits@1: 52.94%
Hits@10: 86.48%
Hits@50: 95.24%
Hits@100: 96.87%
Hits@200: 98.07%
MRR: 0.648470484202
30050/50000 epochs... >> loss: 0.000194848
30100/50000 epochs... >> loss: 0.000243102
30150/50000 epochs... >> loss: 0.00031018
30200/50000 epochs... >> loss: 0.000119518
30250/50000 epochs... >> loss: 0.000280954
30300/50000 epochs... >> loss: 0.000271321
30350/50000 epochs... >> loss: 0.00024702
30400/50000 epochs... >> loss: 0.000152848
30450/50000 epochs... >> loss: 0.000270969
30500/50000 epochs... >> loss: 0.000283231
30550/50000 epochs... >> loss: 0.000192781
30600/50000 epochs... >> loss: 0.000311896
30650/50000 epochs... >> loss: 0.000357668
30700/50000 epochs... >> loss: 0.000200118
30750/50000 epochs... >> loss: 0.000289654
30800/50000 epochs... >> loss: 0.000192192
30850/50000 epochs... >> loss: 0.000307277
30900/50000 epochs... >> loss: 0.000202181
30950/50000 epochs... >> loss: 0.000241885
31000/50000 epochs... >> loss: 0.000310846
31050/50000 epochs... >> loss: 0.000234244
31100/50000 epochs... >> loss: 0.000326209
31150/50000 epochs... >> loss: 0.000205411
31200/50000 epochs... >> loss: 0.000229755
31250/50000 epochs... >> loss: 0.000216026
31300/50000 epochs... >> loss: 0.00021787
31350/50000 epochs... >> loss: 0.000300182
31400/50000 epochs... >> loss: 0.00027886
31450/50000 epochs... >> loss: 0.000115391
31500/50000 epochs... >> loss: 0.000358511
31550/50000 epochs... >> loss: 0.000378485
31600/50000 epochs... >> loss: 0.000249818
31650/50000 epochs... >> loss: 0.000266617
31700/50000 epochs... >> loss: 0.000165908
31750/50000 epochs... >> loss: 0.00023668
31800/50000 epochs... >> loss: 0.000253878
31850/50000 epochs... >> loss: 0.000331819
31900/50000 epochs... >> loss: 0.000412515
31950/50000 epochs... >> loss: 0.00014154
32000/50000 epochs... >> loss: 0.000148065
32050/50000 epochs... >> loss: 0.000201532
32100/50000 epochs... >> loss: 0.000213087
32150/50000 epochs... >> loss: 0.000220886
32200/50000 epochs... >> loss: 0.000266859
32250/50000 epochs... >> loss: 0.00027133
32300/50000 epochs... >> loss: 0.000371002
32350/50000 epochs... >> loss: 0.000226199
32400/50000 epochs... >> loss: 0.000205027
32450/50000 epochs... >> loss: 0.000399675
32500/50000 epochs... >> loss: 0.000219475
32550/50000 epochs... >> loss: 0.00034172
32600/50000 epochs... >> loss: 0.000277449
32650/50000 epochs... >> loss: 0.00022734
32700/50000 epochs... >> loss: 0.000402691
32750/50000 epochs... >> loss: 7.11043e-05
32800/50000 epochs... >> loss: 0.00030868
32850/50000 epochs... >> loss: 0.00031409
32900/50000 epochs... >> loss: 0.00024728
32950/50000 epochs... >> loss: 0.000362749
33000/50000 epochs... >> loss: 0.000235263
33050/50000 epochs... >> loss: 0.000173569
33100/50000 epochs... >> loss: 0.000388557
33150/50000 epochs... >> loss: 0.00032827
33200/50000 epochs... >> loss: 0.000151475
33250/50000 epochs... >> loss: 0.000287798
33300/50000 epochs... >> loss: 0.000228475
33350/50000 epochs... >> loss: 0.000517707
33400/50000 epochs... >> loss: 0.000292714
33450/50000 epochs... >> loss: 0.000342055
33500/50000 epochs... >> loss: 0.000180781
33550/50000 epochs... >> loss: 0.000269286
33600/50000 epochs... >> loss: 0.000152385
33650/50000 epochs... >> loss: 0.00021806
33700/50000 epochs... >> loss: 0.000182499
33750/50000 epochs... >> loss: 0.000277644
33800/50000 epochs... >> loss: 0.000271446
33850/50000 epochs... >> loss: 0.000300754
33900/50000 epochs... >> loss: 0.000209656
33950/50000 epochs... >> loss: 0.000206948
34000/50000 epochs... >> loss: 0.000325225
34050/50000 epochs... >> loss: 0.000158785
34100/50000 epochs... >> loss: 9.61343e-05
34150/50000 epochs... >> loss: 0.000268733
34200/50000 epochs... >> loss: 0.000327444
34250/50000 epochs... >> loss: 0.000243288
34300/50000 epochs... >> loss: 0.00018383
34350/50000 epochs... >> loss: 0.000319295
34400/50000 epochs... >> loss: 0.000292435
34450/50000 epochs... >> loss: 0.000147014
34500/50000 epochs... >> loss: 0.000329844
34550/50000 epochs... >> loss: 0.000189455
34600/50000 epochs... >> loss: 0.000166643
34650/50000 epochs... >> loss: 0.000205511
34700/50000 epochs... >> loss: 0.000268977
34750/50000 epochs... >> loss: 0.000292215
34800/50000 epochs... >> loss: 0.000246742
34850/50000 epochs... >> loss: 0.000235019
34900/50000 epochs... >> loss: 0.000254383
34950/50000 epochs... >> loss: 0.000338644
35000/50000 epochs... >> loss: 0.000136502
Iter@35000
For each left:
Hits@1: 53.53%
Hits@10: 86.95%
Hits@50: 95.10%
Hits@100: 96.79%
Hits@200: 97.80%
MRR: 0.65269291914
For each right:
Hits@1: 53.60%
Hits@10: 86.69%
Hits@50: 95.17%
Hits@100: 97.01%
Hits@200: 97.99%
MRR: 0.653832701461
35050/50000 epochs... >> loss: 0.000274378
35100/50000 epochs... >> loss: 0.000284533
35150/50000 epochs... >> loss: 0.000247577
35200/50000 epochs... >> loss: 0.000317248
35250/50000 epochs... >> loss: 0.000176964
35300/50000 epochs... >> loss: 0.000117157
35350/50000 epochs... >> loss: 0.000236981
35400/50000 epochs... >> loss: 0.000249685
35450/50000 epochs... >> loss: 0.000216398
35500/50000 epochs... >> loss: 0.000146631
35550/50000 epochs... >> loss: 0.0001738
35600/50000 epochs... >> loss: 0.000196184
35650/50000 epochs... >> loss: 0.000125242
35700/50000 epochs... >> loss: 0.000284684
35750/50000 epochs... >> loss: 0.000418471
35800/50000 epochs... >> loss: 0.000169311
35850/50000 epochs... >> loss: 0.000127434
35900/50000 epochs... >> loss: 0.000228268
35950/50000 epochs... >> loss: 0.00020164
36000/50000 epochs... >> loss: 0.000337308
36050/50000 epochs... >> loss: 0.000175608
36100/50000 epochs... >> loss: 0.000296439
36150/50000 epochs... >> loss: 7.75941e-05
36200/50000 epochs... >> loss: 0.000222483
36250/50000 epochs... >> loss: 0.00021587
36300/50000 epochs... >> loss: 0.000199456
36350/50000 epochs... >> loss: 0.000275176
36400/50000 epochs... >> loss: 0.000257336
36450/50000 epochs... >> loss: 0.000323648
36500/50000 epochs... >> loss: 0.00021322
36550/50000 epochs... >> loss: 0.000317949
36600/50000 epochs... >> loss: 0.000194813
36650/50000 epochs... >> loss: 0.000193423
36700/50000 epochs... >> loss: 0.000234062
36750/50000 epochs... >> loss: 0.000200099
36800/50000 epochs... >> loss: 0.000131258
36850/50000 epochs... >> loss: 0.000184547
36900/50000 epochs... >> loss: 0.000193906
36950/50000 epochs... >> loss: 0.000304501
37000/50000 epochs... >> loss: 0.00029336
37050/50000 epochs... >> loss: 0.000283311
37100/50000 epochs... >> loss: 0.00016908
37150/50000 epochs... >> loss: 0.000242411
37200/50000 epochs... >> loss: 0.00013253
37250/50000 epochs... >> loss: 0.000246685
37300/50000 epochs... >> loss: 0.000212316
37350/50000 epochs... >> loss: 0.000274363
37400/50000 epochs... >> loss: 0.000146791
37450/50000 epochs... >> loss: 0.000191709
37500/50000 epochs... >> loss: 0.000191426
37550/50000 epochs... >> loss: 0.000173678
37600/50000 epochs... >> loss: 0.000201237
37650/50000 epochs... >> loss: 0.000130058
37700/50000 epochs... >> loss: 0.000143457
37750/50000 epochs... >> loss: 0.000253521
37800/50000 epochs... >> loss: 0.000245589
37850/50000 epochs... >> loss: 0.000186102
37900/50000 epochs... >> loss: 0.000319403
37950/50000 epochs... >> loss: 0.000237396
38000/50000 epochs... >> loss: 0.000252867
38050/50000 epochs... >> loss: 0.000169985
38100/50000 epochs... >> loss: 0.000319663
38150/50000 epochs... >> loss: 7.19549e-05
38200/50000 epochs... >> loss: 0.000150251
38250/50000 epochs... >> loss: 0.000157505
38300/50000 epochs... >> loss: 0.000312433
38350/50000 epochs... >> loss: 0.000189968
38400/50000 epochs... >> loss: 0.000262372
38450/50000 epochs... >> loss: 0.00019494
38500/50000 epochs... >> loss: 0.000314736
38550/50000 epochs... >> loss: 0.000331235
38600/50000 epochs... >> loss: 0.000247604
38650/50000 epochs... >> loss: 0.00035033
38700/50000 epochs... >> loss: 0.000365151
38750/50000 epochs... >> loss: 0.000161535
38800/50000 epochs... >> loss: 0.000129482
38850/50000 epochs... >> loss: 0.000183046
38900/50000 epochs... >> loss: 0.00019499
38950/50000 epochs... >> loss: 0.00036031
39000/50000 epochs... >> loss: 0.000271179
39050/50000 epochs... >> loss: 0.000308601
39100/50000 epochs... >> loss: 0.000213702
39150/50000 epochs... >> loss: 0.000277868
39200/50000 epochs... >> loss: 0.000349123
39250/50000 epochs... >> loss: 0.000297126
39300/50000 epochs... >> loss: 0.000238526
39350/50000 epochs... >> loss: 0.000207515
39400/50000 epochs... >> loss: 0.000256952
39450/50000 epochs... >> loss: 0.000245664
39500/50000 epochs... >> loss: 0.000296284
39550/50000 epochs... >> loss: 0.000326046
39600/50000 epochs... >> loss: 0.000371292
39650/50000 epochs... >> loss: 0.000311963
39700/50000 epochs... >> loss: 0.000216762
39750/50000 epochs... >> loss: 0.000279264
39800/50000 epochs... >> loss: 0.000161051
39850/50000 epochs... >> loss: 0.000294113
39900/50000 epochs... >> loss: 0.000251408
39950/50000 epochs... >> loss: 0.000325716
40000/50000 epochs... >> loss: 0.000295146
Iter@40000
For each left:
Hits@1: 54.12%
Hits@10: 87.31%
Hits@50: 95.23%
Hits@100: 96.79%
Hits@200: 97.77%
MRR: 0.657424450291
For each right:
Hits@1: 54.27%
Hits@10: 86.78%
Hits@50: 95.27%
Hits@100: 97.09%
Hits@200: 98.05%
MRR: 0.658203794677
40050/50000 epochs... >> loss: 0.000281797
40100/50000 epochs... >> loss: 0.000263986
40150/50000 epochs... >> loss: 0.000308767
40200/50000 epochs... >> loss: 0.000301922
40250/50000 epochs... >> loss: 0.000149836
40300/50000 epochs... >> loss: 0.000328757
40350/50000 epochs... >> loss: 0.00030143
40400/50000 epochs... >> loss: 0.0003268
40450/50000 epochs... >> loss: 0.000204941
40500/50000 epochs... >> loss: 0.000342134
40550/50000 epochs... >> loss: 0.000216153
40600/50000 epochs... >> loss: 0.000310663
40650/50000 epochs... >> loss: 0.000395281
40700/50000 epochs... >> loss: 0.000125312
40750/50000 epochs... >> loss: 0.00037432
40800/50000 epochs... >> loss: 0.000263767
40850/50000 epochs... >> loss: 0.000183655
40900/50000 epochs... >> loss: 0.000118529
40950/50000 epochs... >> loss: 0.00024734
41000/50000 epochs... >> loss: 0.000272631
41050/50000 epochs... >> loss: 0.000299253
41100/50000 epochs... >> loss: 0.000243315
41150/50000 epochs... >> loss: 0.000249465
41200/50000 epochs... >> loss: 0.000319478
41250/50000 epochs... >> loss: 0.000440435
41300/50000 epochs... >> loss: 0.000119638
41350/50000 epochs... >> loss: 0.000289666
41400/50000 epochs... >> loss: 0.000315119
41450/50000 epochs... >> loss: 0.000244148
41500/50000 epochs... >> loss: 0.000173482
41550/50000 epochs... >> loss: 0.000232775
41600/50000 epochs... >> loss: 0.000297436
41650/50000 epochs... >> loss: 0.000404081
41700/50000 epochs... >> loss: 0.000147012
41750/50000 epochs... >> loss: 0.000338239
41800/50000 epochs... >> loss: 0.000231616
41850/50000 epochs... >> loss: 0.000203329
41900/50000 epochs... >> loss: 0.000239556
41950/50000 epochs... >> loss: 0.000197699
42000/50000 epochs... >> loss: 0.00029699
42050/50000 epochs... >> loss: 0.000198492
42100/50000 epochs... >> loss: 0.00016341
42150/50000 epochs... >> loss: 0.000180885
42200/50000 epochs... >> loss: 0.000247169
42250/50000 epochs... >> loss: 0.000204531
42300/50000 epochs... >> loss: 0.000315617
42350/50000 epochs... >> loss: 0.000176909
42400/50000 epochs... >> loss: 0.000443095
42450/50000 epochs... >> loss: 0.000241593
42500/50000 epochs... >> loss: 0.000254971
42550/50000 epochs... >> loss: 0.000261838
42600/50000 epochs... >> loss: 0.000181016
42650/50000 epochs... >> loss: 0.000228263
42700/50000 epochs... >> loss: 0.000202155
42750/50000 epochs... >> loss: 0.000210003
42800/50000 epochs... >> loss: 0.000279803
42850/50000 epochs... >> loss: 0.000297796
42900/50000 epochs... >> loss: 0.000186034
42950/50000 epochs... >> loss: 0.000251649
43000/50000 epochs... >> loss: 0.000335499
43050/50000 epochs... >> loss: 0.000327928
43100/50000 epochs... >> loss: 0.000400497
43150/50000 epochs... >> loss: 0.000298144
43200/50000 epochs... >> loss: 0.000428505
43250/50000 epochs... >> loss: 0.000286491
43300/50000 epochs... >> loss: 0.000249105
43350/50000 epochs... >> loss: 7.98079e-05
43400/50000 epochs... >> loss: 0.000127133
43450/50000 epochs... >> loss: 0.000277494
43500/50000 epochs... >> loss: 0.000183364
43550/50000 epochs... >> loss: 0.000337798
43600/50000 epochs... >> loss: 0.000175557
43650/50000 epochs... >> loss: 0.000275016
43700/50000 epochs... >> loss: 0.000256806
43750/50000 epochs... >> loss: 0.000240311
43800/50000 epochs... >> loss: 0.000200109
43850/50000 epochs... >> loss: 0.000181405
43900/50000 epochs... >> loss: 0.000216371
43950/50000 epochs... >> loss: 0.000209242
44000/50000 epochs... >> loss: 0.000245543
44050/50000 epochs... >> loss: 0.000279883
44100/50000 epochs... >> loss: 0.000146394
44150/50000 epochs... >> loss: 0.00025834
44200/50000 epochs... >> loss: 0.000257252
44250/50000 epochs... >> loss: 0.000273879
44300/50000 epochs... >> loss: 0.000171899
44350/50000 epochs... >> loss: 0.000288352
44400/50000 epochs... >> loss: 0.000200835
44450/50000 epochs... >> loss: 0.000216632
44500/50000 epochs... >> loss: 0.000129992
44550/50000 epochs... >> loss: 0.00016499
44600/50000 epochs... >> loss: 0.000138903
44650/50000 epochs... >> loss: 0.000359394
44700/50000 epochs... >> loss: 0.0001639
44750/50000 epochs... >> loss: 0.000208728
44800/50000 epochs... >> loss: 0.000463459
44850/50000 epochs... >> loss: 1.84454e-05
44900/50000 epochs... >> loss: 0.00032852
44950/50000 epochs... >> loss: 0.000297045
45000/50000 epochs... >> loss: 0.000411559
Iter@45000
For each left:
Hits@1: 54.35%
Hits@10: 87.36%
Hits@50: 95.45%
Hits@100: 96.84%
Hits@200: 97.86%
MRR: 0.659066881669
For each right:
Hits@1: 54.54%
Hits@10: 86.96%
Hits@50: 95.11%
Hits@100: 97.06%
Hits@200: 97.97%
MRR: 0.660213519238
45050/50000 epochs... >> loss: 0.000138201
45100/50000 epochs... >> loss: 0.000181681
45150/50000 epochs... >> loss: 0.00029908
45200/50000 epochs... >> loss: 0.000247087
45250/50000 epochs... >> loss: 0.000237468
45300/50000 epochs... >> loss: 0.000150188
45350/50000 epochs... >> loss: 0.000325934
45400/50000 epochs... >> loss: 0.000278737
45450/50000 epochs... >> loss: 0.000206162
45500/50000 epochs... >> loss: 0.000184853
45550/50000 epochs... >> loss: 0.000139071
45600/50000 epochs... >> loss: 0.000102828
45650/50000 epochs... >> loss: 0.000155662
45700/50000 epochs... >> loss: 0.000279141
45750/50000 epochs... >> loss: 0.000212969
45800/50000 epochs... >> loss: 5.80728e-05
45850/50000 epochs... >> loss: 0.000203771
45900/50000 epochs... >> loss: 0.000203001
45950/50000 epochs... >> loss: 0.000210052
46000/50000 epochs... >> loss: 0.00015946
46050/50000 epochs... >> loss: 0.000238909
46100/50000 epochs... >> loss: 0.000201258
46150/50000 epochs... >> loss: 0.000233986
46200/50000 epochs... >> loss: 0.000311979
46250/50000 epochs... >> loss: 0.000131793
46300/50000 epochs... >> loss: 0.000248276
46350/50000 epochs... >> loss: 0.000282245
46400/50000 epochs... >> loss: 0.000171973
46450/50000 epochs... >> loss: 0.000338547
46500/50000 epochs... >> loss: 0.000241933
46550/50000 epochs... >> loss: 0.000204161
46600/50000 epochs... >> loss: 0.00029378
46650/50000 epochs... >> loss: 0.000225767
46700/50000 epochs... >> loss: 0.000230292
46750/50000 epochs... >> loss: 0.00018137
46800/50000 epochs... >> loss: 0.000235981
46850/50000 epochs... >> loss: 0.000307897
46900/50000 epochs... >> loss: 0.000338963
46950/50000 epochs... >> loss: 0.000182305
47000/50000 epochs... >> loss: 0.000227287
47050/50000 epochs... >> loss: 0.000185618
47100/50000 epochs... >> loss: 0.000161729
47150/50000 epochs... >> loss: 0.000191708
47200/50000 epochs... >> loss: 0.000260424
47250/50000 epochs... >> loss: 0.000273175
47300/50000 epochs... >> loss: 0.000278355
47350/50000 epochs... >> loss: 0.00024799
47400/50000 epochs... >> loss: 0.000229583
47450/50000 epochs... >> loss: 0.000284769
47500/50000 epochs... >> loss: 0.000218708
47550/50000 epochs... >> loss: 0.000211743
47600/50000 epochs... >> loss: 0.000191961
47650/50000 epochs... >> loss: 0.000186415
47700/50000 epochs... >> loss: 0.00027674
47750/50000 epochs... >> loss: 0.000260945
47800/50000 epochs... >> loss: 0.00017675
47850/50000 epochs... >> loss: 0.000157283
47900/50000 epochs... >> loss: 0.000212654
47950/50000 epochs... >> loss: 0.000221442
48000/50000 epochs... >> loss: 0.000285561
48050/50000 epochs... >> loss: 0.000180255
48100/50000 epochs... >> loss: 0.000120587
48150/50000 epochs... >> loss: 0.000181982
48200/50000 epochs... >> loss: 0.000242651
48250/50000 epochs... >> loss: 0.00025714
48300/50000 epochs... >> loss: 0.000337067
48350/50000 epochs... >> loss: 0.000239414
48400/50000 epochs... >> loss: 0.000222273
48450/50000 epochs... >> loss: 0.000145022
48500/50000 epochs... >> loss: 0.000223312
48550/50000 epochs... >> loss: 0.000308808
48600/50000 epochs... >> loss: 0.000195147
48650/50000 epochs... >> loss: 0.000193652
48700/50000 epochs... >> loss: 0.000165736
48750/50000 epochs... >> loss: 0.000130115
48800/50000 epochs... >> loss: 0.000233387
48850/50000 epochs... >> loss: 0.000305698
48900/50000 epochs... >> loss: 0.000230879
48950/50000 epochs... >> loss: 0.000134829
49000/50000 epochs... >> loss: 0.000248689
49050/50000 epochs... >> loss: 0.00034798
49100/50000 epochs... >> loss: 0.000261371
49150/50000 epochs... >> loss: 0.000164952
49200/50000 epochs... >> loss: 0.000203744
49250/50000 epochs... >> loss: 0.000477407
49300/50000 epochs... >> loss: 0.000252276
49350/50000 epochs... >> loss: 0.000231551
49400/50000 epochs... >> loss: 0.000335583
49450/50000 epochs... >> loss: 0.000207412
49500/50000 epochs... >> loss: 0.000252928
49550/50000 epochs... >> loss: 0.000117622
49600/50000 epochs... >> loss: 0.000200681
49650/50000 epochs... >> loss: 0.000357616
49700/50000 epochs... >> loss: 0.000246675
49750/50000 epochs... >> loss: 0.000313917
49800/50000 epochs... >> loss: 0.000187066
49850/50000 epochs... >> loss: 0.00032541
49900/50000 epochs... >> loss: 0.000174924
49950/50000 epochs... >> loss: 0.000167705
50000/50000 epochs... >> loss: 0.000176388
Iter@50000
For each left:
Hits@1: 55.04%
Hits@10: 87.57%
Hits@50: 95.46%
Hits@100: 96.85%
Hits@200: 97.79%
MRR: 0.664867731754
For each right:
Hits@1: 54.70%
Hits@10: 87.24%
Hits@50: 95.18%
Hits@100: 96.92%
Hits@200: 97.99%
MRR: 0.662552130822
For each left:
Hits@1: 55.04%
Hits@10: 87.57%
Hits@50: 95.46%
Hits@100: 96.85%
Hits@200: 97.79%
MRR: 0.664867731754
For each right:
Hits@1: 54.70%
Hits@10: 87.24%
Hits@50: 95.18%
Hits@100: 96.92%
Hits@200: 97.99%
MRR: 0.662552130822
total time elapsed: 5625.5710 s
