***************************ja_en****************************
loading a file...data/ja_en/ent_ids_1
loading a file...data/ja_en/ent_ids_2
39594
loading a file...data/ja_en/ref_ent_ids
loading a file...data/ja_en/train
loading a file...data/ja_en/dev
loading a file...data/ja_en/test
loading a file...data/ja_en/triples_1
loading a file...data/ja_en/triples_2
2452
running HMAN...
adding the se input layer...
adding a layer...
adding a layer...
getting loss...
initializing...
running...
50/50000 epochs... >> loss: 0.138263
100/50000 epochs... >> loss: 0.0983288
150/50000 epochs... >> loss: 0.0794929
200/50000 epochs... >> loss: 0.065585
250/50000 epochs... >> loss: 0.0542324
300/50000 epochs... >> loss: 0.0469122
350/50000 epochs... >> loss: 0.0403084
400/50000 epochs... >> loss: 0.034033
450/50000 epochs... >> loss: 0.0314189
500/50000 epochs... >> loss: 0.029445
550/50000 epochs... >> loss: 0.0269888
600/50000 epochs... >> loss: 0.0246302
650/50000 epochs... >> loss: 0.0224914
700/50000 epochs... >> loss: 0.0236135
750/50000 epochs... >> loss: 0.0185124
800/50000 epochs... >> loss: 0.204766
850/50000 epochs... >> loss: 0.0206176
900/50000 epochs... >> loss: 0.0166387
950/50000 epochs... >> loss: 0.015272
1000/50000 epochs... >> loss: 0.0143256
1050/50000 epochs... >> loss: 0.0131614
1100/50000 epochs... >> loss: 0.0116499
1150/50000 epochs... >> loss: 0.0106796
1200/50000 epochs... >> loss: 0.0107222
1250/50000 epochs... >> loss: 0.00868291
1300/50000 epochs... >> loss: 0.0070044
1350/50000 epochs... >> loss: 0.0141782
1400/50000 epochs... >> loss: 0.00551309
1450/50000 epochs... >> loss: 0.00526941
1500/50000 epochs... >> loss: 0.0188904
1550/50000 epochs... >> loss: 0.00670737
1600/50000 epochs... >> loss: 0.00458845
1650/50000 epochs... >> loss: 0.00332871
1700/50000 epochs... >> loss: 0.00304001
1750/50000 epochs... >> loss: 0.00200103
1800/50000 epochs... >> loss: 0.00209893
1850/50000 epochs... >> loss: 0.00183274
1900/50000 epochs... >> loss: 0.00132133
1950/50000 epochs... >> loss: 0.00159494
2000/50000 epochs... >> loss: 0.00143722
2050/50000 epochs... >> loss: 0.0011955
2100/50000 epochs... >> loss: 0.000983809
2150/50000 epochs... >> loss: 0.000962659
2200/50000 epochs... >> loss: 0.000876269
2250/50000 epochs... >> loss: 0.000717852
2300/50000 epochs... >> loss: 0.000683022
2350/50000 epochs... >> loss: 0.000653217
2400/50000 epochs... >> loss: 0.000800507
2450/50000 epochs... >> loss: 0.000517918
2500/50000 epochs... >> loss: 0.00064875
2550/50000 epochs... >> loss: 0.000956518
2600/50000 epochs... >> loss: 0.000596393
2650/50000 epochs... >> loss: 0.000533673
2700/50000 epochs... >> loss: 0.000600602
2750/50000 epochs... >> loss: 0.000622616
2800/50000 epochs... >> loss: 0.000409016
2850/50000 epochs... >> loss: 0.000536907
2900/50000 epochs... >> loss: 0.000649645
2950/50000 epochs... >> loss: 0.000672915
3000/50000 epochs... >> loss: 0.000655825
3050/50000 epochs... >> loss: 0.000488855
3100/50000 epochs... >> loss: 0.000569303
3150/50000 epochs... >> loss: 0.000438247
3200/50000 epochs... >> loss: 0.000409207
3250/50000 epochs... >> loss: 0.000471483
3300/50000 epochs... >> loss: 0.000533334
3350/50000 epochs... >> loss: 0.000401445
3400/50000 epochs... >> loss: 0.00019082
3450/50000 epochs... >> loss: 0.000641633
3500/50000 epochs... >> loss: 0.000470887
3550/50000 epochs... >> loss: 0.000437102
3600/50000 epochs... >> loss: 0.000482755
3650/50000 epochs... >> loss: 0.000345742
3700/50000 epochs... >> loss: 0.000604499
3750/50000 epochs... >> loss: 0.000598402
3800/50000 epochs... >> loss: 0.000558887
3850/50000 epochs... >> loss: 0.000381446
3900/50000 epochs... >> loss: 0.000277772
3950/50000 epochs... >> loss: 0.000253797
4000/50000 epochs... >> loss: 0.000238339
4050/50000 epochs... >> loss: 0.000430027
4100/50000 epochs... >> loss: 0.000357606
4150/50000 epochs... >> loss: 0.000242159
4200/50000 epochs... >> loss: 0.000314461
4250/50000 epochs... >> loss: 0.000345661
4300/50000 epochs... >> loss: 0.00033373
4350/50000 epochs... >> loss: 0.000456356
4400/50000 epochs... >> loss: 0.000447232
4450/50000 epochs... >> loss: 0.000525409
4500/50000 epochs... >> loss: 0.000456416
4550/50000 epochs... >> loss: 0.000406418
4600/50000 epochs... >> loss: 0.000243948
4650/50000 epochs... >> loss: 0.000366614
4700/50000 epochs... >> loss: 0.0003466
4750/50000 epochs... >> loss: 0.000382144
4800/50000 epochs... >> loss: 0.000358269
4850/50000 epochs... >> loss: 0.0003064
4900/50000 epochs... >> loss: 0.000208312
4950/50000 epochs... >> loss: 0.000380051
5000/50000 epochs... >> loss: 0.000234481
Iter@5000
For each left:
Hits@1: 47.54%
Hits@10: 80.98%
Hits@50: 92.47%
Hits@100: 95.28%
Hits@200: 96.96%
MRR: 0.59163550863
For each right:
Hits@1: 47.17%
Hits@10: 80.57%
Hits@50: 92.27%
Hits@100: 95.03%
Hits@200: 96.74%
MRR: 0.587210740452
5050/50000 epochs... >> loss: 0.000342494
5100/50000 epochs... >> loss: 0.000240594
5150/50000 epochs... >> loss: 0.000263368
5200/50000 epochs... >> loss: 0.00032678
5250/50000 epochs... >> loss: 0.000444966
5300/50000 epochs... >> loss: 0.000411007
5350/50000 epochs... >> loss: 0.000274364
5400/50000 epochs... >> loss: 0.000238102
5450/50000 epochs... >> loss: 0.000409672
5500/50000 epochs... >> loss: 0.000482694
5550/50000 epochs... >> loss: 0.000300238
5600/50000 epochs... >> loss: 0.000156437
5650/50000 epochs... >> loss: 0.000243086
5700/50000 epochs... >> loss: 0.000399592
5750/50000 epochs... >> loss: 0.000293308
5800/50000 epochs... >> loss: 0.000297546
5850/50000 epochs... >> loss: 0.000212851
5900/50000 epochs... >> loss: 0.000318609
5950/50000 epochs... >> loss: 0.000250039
6000/50000 epochs... >> loss: 0.000281617
6050/50000 epochs... >> loss: 0.000260512
6100/50000 epochs... >> loss: 0.000334086
6150/50000 epochs... >> loss: 0.000275157
6200/50000 epochs... >> loss: 0.000378483
6250/50000 epochs... >> loss: 0.000296444
6300/50000 epochs... >> loss: 0.000401385
6350/50000 epochs... >> loss: 0.000251179
6400/50000 epochs... >> loss: 0.0003032
6450/50000 epochs... >> loss: 0.000417907
6500/50000 epochs... >> loss: 0.000287819
6550/50000 epochs... >> loss: 0.000405867
6600/50000 epochs... >> loss: 0.000320019
6650/50000 epochs... >> loss: 0.000397379
6700/50000 epochs... >> loss: 0.000322969
6750/50000 epochs... >> loss: 0.000313385
6800/50000 epochs... >> loss: 0.000311442
6850/50000 epochs... >> loss: 0.00025539
6900/50000 epochs... >> loss: 0.000161271
6950/50000 epochs... >> loss: 0.000226773
7000/50000 epochs... >> loss: 0.000272225
7050/50000 epochs... >> loss: 0.000196185
7100/50000 epochs... >> loss: 0.000353615
7150/50000 epochs... >> loss: 0.000381356
7200/50000 epochs... >> loss: 0.000346747
7250/50000 epochs... >> loss: 0.000358552
7300/50000 epochs... >> loss: 0.000316887
7350/50000 epochs... >> loss: 0.000269605
7400/50000 epochs... >> loss: 0.000231131
7450/50000 epochs... >> loss: 0.000253871
7500/50000 epochs... >> loss: 0.000258411
7550/50000 epochs... >> loss: 0.000284744
7600/50000 epochs... >> loss: 0.000436344
7650/50000 epochs... >> loss: 0.000171179
7700/50000 epochs... >> loss: 0.000253597
7750/50000 epochs... >> loss: 0.000381067
7800/50000 epochs... >> loss: 0.000315261
7850/50000 epochs... >> loss: 0.000340352
7900/50000 epochs... >> loss: 0.00025845
7950/50000 epochs... >> loss: 0.000260453
8000/50000 epochs... >> loss: 0.000343633
8050/50000 epochs... >> loss: 0.000270953
8100/50000 epochs... >> loss: 0.000180143
8150/50000 epochs... >> loss: 0.000316469
8200/50000 epochs... >> loss: 0.000218803
8250/50000 epochs... >> loss: 0.000219693
8300/50000 epochs... >> loss: 0.00038193
8350/50000 epochs... >> loss: 0.000176741
8400/50000 epochs... >> loss: 0.000367854
8450/50000 epochs... >> loss: 0.000190239
8500/50000 epochs... >> loss: 0.000278685
8550/50000 epochs... >> loss: 0.000363225
8600/50000 epochs... >> loss: 0.000442974
8650/50000 epochs... >> loss: 0.000304529
8700/50000 epochs... >> loss: 0.000228975
8750/50000 epochs... >> loss: 0.000525983
8800/50000 epochs... >> loss: 0.000408168
8850/50000 epochs... >> loss: 0.000257997
8900/50000 epochs... >> loss: 0.000132778
8950/50000 epochs... >> loss: 0.000403426
9000/50000 epochs... >> loss: 0.000246222
9050/50000 epochs... >> loss: 0.00042956
9100/50000 epochs... >> loss: 0.000257436
9150/50000 epochs... >> loss: 0.000329269
9200/50000 epochs... >> loss: 0.000190973
9250/50000 epochs... >> loss: 0.000269196
9300/50000 epochs... >> loss: 0.000296898
9350/50000 epochs... >> loss: 0.000234307
9400/50000 epochs... >> loss: 0.000339004
9450/50000 epochs... >> loss: 0.000294208
9500/50000 epochs... >> loss: 0.000316253
9550/50000 epochs... >> loss: 0.000284978
9600/50000 epochs... >> loss: 0.000271357
9650/50000 epochs... >> loss: 0.000301646
9700/50000 epochs... >> loss: 0.000290669
9750/50000 epochs... >> loss: 0.000223607
9800/50000 epochs... >> loss: 0.000193849
9850/50000 epochs... >> loss: 0.000262282
9900/50000 epochs... >> loss: 0.000193719
9950/50000 epochs... >> loss: 0.000175336
10000/50000 epochs... >> loss: 0.00019962
Iter@10000
For each left:
Hits@1: 51.31%
Hits@10: 83.52%
Hits@50: 93.14%
Hits@100: 95.55%
Hits@200: 97.27%
MRR: 0.625584691792
For each right:
Hits@1: 51.00%
Hits@10: 83.25%
Hits@50: 93.19%
Hits@100: 95.52%
Hits@200: 97.12%
MRR: 0.623093955888
10050/50000 epochs... >> loss: 0.000261397
10100/50000 epochs... >> loss: 0.000392617
10150/50000 epochs... >> loss: 0.000227815
10200/50000 epochs... >> loss: 0.000181961
10250/50000 epochs... >> loss: 0.000454528
10300/50000 epochs... >> loss: 0.00022188
10350/50000 epochs... >> loss: 0.000467831
10400/50000 epochs... >> loss: 0.000313577
10450/50000 epochs... >> loss: 0.000134582
10500/50000 epochs... >> loss: 0.000201577
10550/50000 epochs... >> loss: 0.000172768
10600/50000 epochs... >> loss: 0.000181661
10650/50000 epochs... >> loss: 0.000279499
10700/50000 epochs... >> loss: 0.000316579
10750/50000 epochs... >> loss: 0.00028582
10800/50000 epochs... >> loss: 0.000142862
10850/50000 epochs... >> loss: 0.000179194
10900/50000 epochs... >> loss: 0.000280413
10950/50000 epochs... >> loss: 0.000412799
11000/50000 epochs... >> loss: 0.00022926
11050/50000 epochs... >> loss: 0.00036517
11100/50000 epochs... >> loss: 0.000232685
11150/50000 epochs... >> loss: 0.000223106
11200/50000 epochs... >> loss: 0.000259553
11250/50000 epochs... >> loss: 0.00020006
11300/50000 epochs... >> loss: 0.000266714
11350/50000 epochs... >> loss: 0.000241462
11400/50000 epochs... >> loss: 0.000314824
11450/50000 epochs... >> loss: 0.000214267
11500/50000 epochs... >> loss: 0.000212384
11550/50000 epochs... >> loss: 0.00023673
11600/50000 epochs... >> loss: 0.000286376
11650/50000 epochs... >> loss: 0.000157174
11700/50000 epochs... >> loss: 0.000237016
11750/50000 epochs... >> loss: 0.000291902
11800/50000 epochs... >> loss: 0.000217445
11850/50000 epochs... >> loss: 0.000324845
11900/50000 epochs... >> loss: 0.000253157
11950/50000 epochs... >> loss: 0.000366336
12000/50000 epochs... >> loss: 0.000258677
12050/50000 epochs... >> loss: 0.000171722
12100/50000 epochs... >> loss: 0.000254996
12150/50000 epochs... >> loss: 0.000308826
12200/50000 epochs... >> loss: 0.000385466
12250/50000 epochs... >> loss: 0.000252072
12300/50000 epochs... >> loss: 0.000118441
12350/50000 epochs... >> loss: 0.000226024
12400/50000 epochs... >> loss: 0.000332645
12450/50000 epochs... >> loss: 0.000163867
12500/50000 epochs... >> loss: 0.000291129
12550/50000 epochs... >> loss: 0.000158777
12600/50000 epochs... >> loss: 0.000306798
12650/50000 epochs... >> loss: 0.00019622
12700/50000 epochs... >> loss: 0.000225508
12750/50000 epochs... >> loss: 0.000246847
12800/50000 epochs... >> loss: 0.000373729
12850/50000 epochs... >> loss: 0.000302116
12900/50000 epochs... >> loss: 0.000245668
12950/50000 epochs... >> loss: 0.000268523
13000/50000 epochs... >> loss: 0.000317341
13050/50000 epochs... >> loss: 0.000311172
13100/50000 epochs... >> loss: 0.000131792
13150/50000 epochs... >> loss: 0.000265667
13200/50000 epochs... >> loss: 0.000249371
13250/50000 epochs... >> loss: 0.000282666
13300/50000 epochs... >> loss: 0.000268799
13350/50000 epochs... >> loss: 0.000150901
13400/50000 epochs... >> loss: 0.000170407
13450/50000 epochs... >> loss: 0.000330432
13500/50000 epochs... >> loss: 0.000220583
13550/50000 epochs... >> loss: 0.000269258
13600/50000 epochs... >> loss: 0.000182312
13650/50000 epochs... >> loss: 0.000230849
13700/50000 epochs... >> loss: 0.000285037
13750/50000 epochs... >> loss: 0.000305974
13800/50000 epochs... >> loss: 6.12137e-05
13850/50000 epochs... >> loss: 0.000159811
13900/50000 epochs... >> loss: 0.000276805
13950/50000 epochs... >> loss: 0.000149126
14000/50000 epochs... >> loss: 0.000309773
14050/50000 epochs... >> loss: 0.00026122
14100/50000 epochs... >> loss: 0.000250393
14150/50000 epochs... >> loss: 0.000321795
14200/50000 epochs... >> loss: 0.000265957
14250/50000 epochs... >> loss: 0.000165595
14300/50000 epochs... >> loss: 0.000303668
14350/50000 epochs... >> loss: 0.000163915
14400/50000 epochs... >> loss: 0.000255332
14450/50000 epochs... >> loss: 0.000136852
14500/50000 epochs... >> loss: 0.000197297
14550/50000 epochs... >> loss: 0.000404697
14600/50000 epochs... >> loss: 0.000414389
14650/50000 epochs... >> loss: 0.000261502
14700/50000 epochs... >> loss: 0.000304019
14750/50000 epochs... >> loss: 0.000256669
14800/50000 epochs... >> loss: 0.000488454
14850/50000 epochs... >> loss: 0.000265633
14900/50000 epochs... >> loss: 0.000323273
14950/50000 epochs... >> loss: 0.000318595
15000/50000 epochs... >> loss: 0.000177485
Iter@15000
For each left:
Hits@1: 52.50%
Hits@10: 84.56%
Hits@50: 93.70%
Hits@100: 95.91%
Hits@200: 97.31%
MRR: 0.638081564822
For each right:
Hits@1: 52.25%
Hits@10: 84.11%
Hits@50: 93.32%
Hits@100: 95.88%
Hits@200: 97.23%
MRR: 0.634140563898
15050/50000 epochs... >> loss: 0.000354212
15100/50000 epochs... >> loss: 0.00016901
15150/50000 epochs... >> loss: 0.000256634
15200/50000 epochs... >> loss: 0.000198101
15250/50000 epochs... >> loss: 0.00034716
15300/50000 epochs... >> loss: 0.000365075
15350/50000 epochs... >> loss: 0.000258948
15400/50000 epochs... >> loss: 0.000211283
15450/50000 epochs... >> loss: 0.000178643
15500/50000 epochs... >> loss: 0.000227432
15550/50000 epochs... >> loss: 0.000248729
15600/50000 epochs... >> loss: 0.00019349
15650/50000 epochs... >> loss: 0.000290877
15700/50000 epochs... >> loss: 0.000383193
15750/50000 epochs... >> loss: 0.000320352
15800/50000 epochs... >> loss: 0.000278286
15850/50000 epochs... >> loss: 0.000292484
15900/50000 epochs... >> loss: 0.000254828
15950/50000 epochs... >> loss: 0.000176372
16000/50000 epochs... >> loss: 0.000183268
16050/50000 epochs... >> loss: 0.000186244
16100/50000 epochs... >> loss: 0.000378443
16150/50000 epochs... >> loss: 0.000206072
16200/50000 epochs... >> loss: 0.000195033
16250/50000 epochs... >> loss: 0.000280948
16300/50000 epochs... >> loss: 0.000190944
16350/50000 epochs... >> loss: 0.000218302
16400/50000 epochs... >> loss: 0.000192357
16450/50000 epochs... >> loss: 0.000181543
16500/50000 epochs... >> loss: 0.000265789
16550/50000 epochs... >> loss: 0.000267465
16600/50000 epochs... >> loss: 0.000103488
16650/50000 epochs... >> loss: 0.000165147
16700/50000 epochs... >> loss: 0.00027978
16750/50000 epochs... >> loss: 0.000252883
16800/50000 epochs... >> loss: 0.00019219
16850/50000 epochs... >> loss: 0.000356523
16900/50000 epochs... >> loss: 0.000346328
16950/50000 epochs... >> loss: 0.00019051
17000/50000 epochs... >> loss: 0.000207968
17050/50000 epochs... >> loss: 0.000203489
17100/50000 epochs... >> loss: 0.000242501
17150/50000 epochs... >> loss: 0.000303221
17200/50000 epochs... >> loss: 0.000148253
17250/50000 epochs... >> loss: 0.000206623
17300/50000 epochs... >> loss: 4.63347e-05
17350/50000 epochs... >> loss: 0.000251147
17400/50000 epochs... >> loss: 0.000198798
17450/50000 epochs... >> loss: 0.000310675
17500/50000 epochs... >> loss: 0.000297885
17550/50000 epochs... >> loss: 0.000271753
17600/50000 epochs... >> loss: 0.000207528
17650/50000 epochs... >> loss: 0.00017053
17700/50000 epochs... >> loss: 0.000235187
17750/50000 epochs... >> loss: 0.00036078
17800/50000 epochs... >> loss: 0.000268283
17850/50000 epochs... >> loss: 0.000161406
17900/50000 epochs... >> loss: 0.000221823
17950/50000 epochs... >> loss: 0.000261577
18000/50000 epochs... >> loss: 0.000254122
18050/50000 epochs... >> loss: 0.00028033
18100/50000 epochs... >> loss: 0.000194656
18150/50000 epochs... >> loss: 0.000128327
18200/50000 epochs... >> loss: 0.000112312
18250/50000 epochs... >> loss: 0.00024397
18300/50000 epochs... >> loss: 0.000268004
18350/50000 epochs... >> loss: 0.000211701
18400/50000 epochs... >> loss: 0.0003202
18450/50000 epochs... >> loss: 0.000175438
18500/50000 epochs... >> loss: 0.000300404
18550/50000 epochs... >> loss: 0.000205866
18600/50000 epochs... >> loss: 0.000120996
18650/50000 epochs... >> loss: 0.000213994
18700/50000 epochs... >> loss: 0.00019119
18750/50000 epochs... >> loss: 0.000145199
18800/50000 epochs... >> loss: 0.000277741
18850/50000 epochs... >> loss: 0.000167405
18900/50000 epochs... >> loss: 0.000285209
18950/50000 epochs... >> loss: 0.000213497
19000/50000 epochs... >> loss: 0.000245813
19050/50000 epochs... >> loss: 0.000275414
19100/50000 epochs... >> loss: 0.000164631
19150/50000 epochs... >> loss: 0.000277376
19200/50000 epochs... >> loss: 0.000177578
19250/50000 epochs... >> loss: 0.000213574
19300/50000 epochs... >> loss: 8.72424e-05
19350/50000 epochs... >> loss: 0.000161823
19400/50000 epochs... >> loss: 0.000177855
19450/50000 epochs... >> loss: 0.000131575
19500/50000 epochs... >> loss: 0.000199116
19550/50000 epochs... >> loss: 0.000172289
19600/50000 epochs... >> loss: 0.000143909
19650/50000 epochs... >> loss: 0.000155325
19700/50000 epochs... >> loss: 0.000254665
19750/50000 epochs... >> loss: 0.000222027
19800/50000 epochs... >> loss: 0.000216827
19850/50000 epochs... >> loss: 0.000199867
19900/50000 epochs... >> loss: 0.000145599
19950/50000 epochs... >> loss: 0.000205936
20000/50000 epochs... >> loss: 0.000209103
Iter@20000
For each left:
Hits@1: 53.32%
Hits@10: 84.92%
Hits@50: 93.84%
Hits@100: 95.91%
Hits@200: 97.30%
MRR: 0.645304864011
For each right:
Hits@1: 53.60%
Hits@10: 84.50%
Hits@50: 93.56%
Hits@100: 95.80%
Hits@200: 97.22%
MRR: 0.644018409559
20050/50000 epochs... >> loss: 0.000144974
20100/50000 epochs... >> loss: 9.40587e-05
20150/50000 epochs... >> loss: 0.000296611
20200/50000 epochs... >> loss: 0.000342998
20250/50000 epochs... >> loss: 0.000303834
20300/50000 epochs... >> loss: 0.000268246
20350/50000 epochs... >> loss: 0.000221393
20400/50000 epochs... >> loss: 0.000221095
20450/50000 epochs... >> loss: 0.000242671
20500/50000 epochs... >> loss: 0.000233796
20550/50000 epochs... >> loss: 0.000226428
20600/50000 epochs... >> loss: 0.000239608
20650/50000 epochs... >> loss: 0.000162353
20700/50000 epochs... >> loss: 0.000187434
20750/50000 epochs... >> loss: 0.000241615
20800/50000 epochs... >> loss: 0.000209018
20850/50000 epochs... >> loss: 0.000248979
20900/50000 epochs... >> loss: 0.000210885
20950/50000 epochs... >> loss: 0.000280782
21000/50000 epochs... >> loss: 0.00020118
21050/50000 epochs... >> loss: 0.000317243
21100/50000 epochs... >> loss: 0.000304048
21150/50000 epochs... >> loss: 0.000258941
21200/50000 epochs... >> loss: 0.000232316
21250/50000 epochs... >> loss: 0.000217659
21300/50000 epochs... >> loss: 0.000290583
21350/50000 epochs... >> loss: 0.000294342
21400/50000 epochs... >> loss: 0.000193994
21450/50000 epochs... >> loss: 0.000275184
21500/50000 epochs... >> loss: 0.000269378
21550/50000 epochs... >> loss: 0.00015087
21600/50000 epochs... >> loss: 0.000241798
21650/50000 epochs... >> loss: 0.000149054
21700/50000 epochs... >> loss: 0.000160909
21750/50000 epochs... >> loss: 0.00029646
21800/50000 epochs... >> loss: 0.000214298
21850/50000 epochs... >> loss: 0.000183304
21900/50000 epochs... >> loss: 0.000177825
21950/50000 epochs... >> loss: 0.00025904
22000/50000 epochs... >> loss: 0.000242489
22050/50000 epochs... >> loss: 0.000178558
22100/50000 epochs... >> loss: 0.000258082
22150/50000 epochs... >> loss: 0.000186286
22200/50000 epochs... >> loss: 0.000189567
22250/50000 epochs... >> loss: 0.000111455
22300/50000 epochs... >> loss: 0.000215877
22350/50000 epochs... >> loss: 0.000147684
22400/50000 epochs... >> loss: 0.000258245
22450/50000 epochs... >> loss: 0.000216245
22500/50000 epochs... >> loss: 0.00016059
22550/50000 epochs... >> loss: 0.000183231
22600/50000 epochs... >> loss: 0.000268636
22650/50000 epochs... >> loss: 0.000104357
22700/50000 epochs... >> loss: 0.000241925
22750/50000 epochs... >> loss: 0.000293692
22800/50000 epochs... >> loss: 0.000259934
22850/50000 epochs... >> loss: 0.000211956
22900/50000 epochs... >> loss: 0.000244185
22950/50000 epochs... >> loss: 0.000286364
23000/50000 epochs... >> loss: 0.000266493
23050/50000 epochs... >> loss: 0.000110441
23100/50000 epochs... >> loss: 0.000199799
23150/50000 epochs... >> loss: 0.000296919
23200/50000 epochs... >> loss: 0.000191195
23250/50000 epochs... >> loss: 0.000226405
23300/50000 epochs... >> loss: 0.000226133
23350/50000 epochs... >> loss: 0.000306307
23400/50000 epochs... >> loss: 0.000155091
23450/50000 epochs... >> loss: 0.000145441
23500/50000 epochs... >> loss: 0.00034249
23550/50000 epochs... >> loss: 0.000287592
23600/50000 epochs... >> loss: 0.000338651
23650/50000 epochs... >> loss: 0.000180796
23700/50000 epochs... >> loss: 0.000216951
23750/50000 epochs... >> loss: 0.000408452
23800/50000 epochs... >> loss: 0.00016696
23850/50000 epochs... >> loss: 0.000180064
23900/50000 epochs... >> loss: 0.000254566
23950/50000 epochs... >> loss: 0.000185928
24000/50000 epochs... >> loss: 0.000225302
24050/50000 epochs... >> loss: 0.000199586
24100/50000 epochs... >> loss: 0.000175025
24150/50000 epochs... >> loss: 0.000203975
24200/50000 epochs... >> loss: 0.000176658
24250/50000 epochs... >> loss: 0.00017446
24300/50000 epochs... >> loss: 0.00020271
24350/50000 epochs... >> loss: 0.000210408
24400/50000 epochs... >> loss: 0.000229651
24450/50000 epochs... >> loss: 0.00012188
24500/50000 epochs... >> loss: 0.000182275
24550/50000 epochs... >> loss: 0.000212151
24600/50000 epochs... >> loss: 0.000201733
24650/50000 epochs... >> loss: 8.9179e-05
24700/50000 epochs... >> loss: 0.000316029
24750/50000 epochs... >> loss: 0.000233772
24800/50000 epochs... >> loss: 0.000276675
24850/50000 epochs... >> loss: 0.000257101
24900/50000 epochs... >> loss: 0.000238482
24950/50000 epochs... >> loss: 0.000292121
25000/50000 epochs... >> loss: 0.000202959
Iter@25000
For each left:
Hits@1: 53.76%
Hits@10: 85.47%
Hits@50: 93.84%
Hits@100: 95.96%
Hits@200: 97.30%
MRR: 0.650481447245
For each right:
Hits@1: 54.03%
Hits@10: 85.04%
Hits@50: 93.66%
Hits@100: 95.85%
Hits@200: 97.17%
MRR: 0.648476946541
25050/50000 epochs... >> loss: 0.000247464
25100/50000 epochs... >> loss: 0.000160449
25150/50000 epochs... >> loss: 0.000298936
25200/50000 epochs... >> loss: 0.000195707
25250/50000 epochs... >> loss: 0.000194673
25300/50000 epochs... >> loss: 0.000153005
25350/50000 epochs... >> loss: 0.000228563
25400/50000 epochs... >> loss: 0.000220911
25450/50000 epochs... >> loss: 0.000174253
25500/50000 epochs... >> loss: 0.000267612
25550/50000 epochs... >> loss: 0.000108265
25600/50000 epochs... >> loss: 0.000249785
25650/50000 epochs... >> loss: 0.000217049
25700/50000 epochs... >> loss: 0.000155042
25750/50000 epochs... >> loss: 0.0003203
25800/50000 epochs... >> loss: 0.000141754
25850/50000 epochs... >> loss: 0.000270533
25900/50000 epochs... >> loss: 0.000184907
25950/50000 epochs... >> loss: 0.0002162
26000/50000 epochs... >> loss: 0.000264927
26050/50000 epochs... >> loss: 0.000176062
26100/50000 epochs... >> loss: 0.000287516
26150/50000 epochs... >> loss: 0.000172069
26200/50000 epochs... >> loss: 0.00026439
26250/50000 epochs... >> loss: 0.000152714
26300/50000 epochs... >> loss: 0.000218151
26350/50000 epochs... >> loss: 0.000126182
26400/50000 epochs... >> loss: 0.000168655
26450/50000 epochs... >> loss: 0.00014155
26500/50000 epochs... >> loss: 0.000183262
26550/50000 epochs... >> loss: 0.000155834
26600/50000 epochs... >> loss: 0.000372594
26650/50000 epochs... >> loss: 0.000259787
26700/50000 epochs... >> loss: 0.000207067
26750/50000 epochs... >> loss: 0.000159313
26800/50000 epochs... >> loss: 0.000243631
26850/50000 epochs... >> loss: 0.000229318
26900/50000 epochs... >> loss: 0.000282767
26950/50000 epochs... >> loss: 9.46797e-05
27000/50000 epochs... >> loss: 0.000181854
27050/50000 epochs... >> loss: 0.000118035
27100/50000 epochs... >> loss: 0.000379961
27150/50000 epochs... >> loss: 0.00023631
27200/50000 epochs... >> loss: 0.000207387
27250/50000 epochs... >> loss: 0.000185379
27300/50000 epochs... >> loss: 0.000196281
27350/50000 epochs... >> loss: 0.000144984
27400/50000 epochs... >> loss: 0.000162456
27450/50000 epochs... >> loss: 0.000207103
27500/50000 epochs... >> loss: 0.000212529
27550/50000 epochs... >> loss: 0.000289529
27600/50000 epochs... >> loss: 0.000151897
27650/50000 epochs... >> loss: 0.000126762
27700/50000 epochs... >> loss: 0.000272262
27750/50000 epochs... >> loss: 0.000250033
27800/50000 epochs... >> loss: 0.000249079
27850/50000 epochs... >> loss: 0.000214696
27900/50000 epochs... >> loss: 0.000194345
27950/50000 epochs... >> loss: 0.000243048
28000/50000 epochs... >> loss: 0.000243742
28050/50000 epochs... >> loss: 0.000235787
28100/50000 epochs... >> loss: 0.000304357
28150/50000 epochs... >> loss: 0.000148957
28200/50000 epochs... >> loss: 0.000192663
28250/50000 epochs... >> loss: 0.00015962
28300/50000 epochs... >> loss: 0.000146432
28350/50000 epochs... >> loss: 0.000249631
28400/50000 epochs... >> loss: 0.000244278
28450/50000 epochs... >> loss: 0.000291522
28500/50000 epochs... >> loss: 0.000274026
28550/50000 epochs... >> loss: 0.000236925
28600/50000 epochs... >> loss: 0.000233817
28650/50000 epochs... >> loss: 0.000177926
28700/50000 epochs... >> loss: 0.000274084
28750/50000 epochs... >> loss: 0.000162933
28800/50000 epochs... >> loss: 0.000276513
28850/50000 epochs... >> loss: 0.000285905
28900/50000 epochs... >> loss: 0.00020057
28950/50000 epochs... >> loss: 0.000111319
29000/50000 epochs... >> loss: 0.000227209
29050/50000 epochs... >> loss: 0.000260417
29100/50000 epochs... >> loss: 0.000339256
29150/50000 epochs... >> loss: 0.000246575
29200/50000 epochs... >> loss: 0.000186168
29250/50000 epochs... >> loss: 0.000328993
29300/50000 epochs... >> loss: 0.000202404
29350/50000 epochs... >> loss: 0.000294157
29400/50000 epochs... >> loss: 0.000189333
29450/50000 epochs... >> loss: 0.000251046
29500/50000 epochs... >> loss: 0.000195388
29550/50000 epochs... >> loss: 0.000178106
29600/50000 epochs... >> loss: 0.000148464
29650/50000 epochs... >> loss: 0.000167129
29700/50000 epochs... >> loss: 0.00024917
29750/50000 epochs... >> loss: 0.00016823
29800/50000 epochs... >> loss: 0.00027649
29850/50000 epochs... >> loss: 0.000231257
29900/50000 epochs... >> loss: 0.000178489
29950/50000 epochs... >> loss: 0.00021339
30000/50000 epochs... >> loss: 0.000159472
Iter@30000
For each left:
Hits@1: 54.40%
Hits@10: 85.61%
Hits@50: 94.08%
Hits@100: 95.97%
Hits@200: 97.28%
MRR: 0.655988985348
For each right:
Hits@1: 54.50%
Hits@10: 85.21%
Hits@50: 93.96%
Hits@100: 95.90%
Hits@200: 97.26%
MRR: 0.653590612709
30050/50000 epochs... >> loss: 0.000209212
30100/50000 epochs... >> loss: 0.000272663
30150/50000 epochs... >> loss: 0.000228233
30200/50000 epochs... >> loss: 0.000197295
30250/50000 epochs... >> loss: 0.000238803
30300/50000 epochs... >> loss: 0.000251203
30350/50000 epochs... >> loss: 0.000129435
30400/50000 epochs... >> loss: 0.000146026
30450/50000 epochs... >> loss: 0.000253299
30500/50000 epochs... >> loss: 0.000159108
30550/50000 epochs... >> loss: 0.000264392
30600/50000 epochs... >> loss: 0.000183446
30650/50000 epochs... >> loss: 0.000106057
30700/50000 epochs... >> loss: 0.000247877
30750/50000 epochs... >> loss: 0.000333492
30800/50000 epochs... >> loss: 0.00025488
30850/50000 epochs... >> loss: 0.000290043
30900/50000 epochs... >> loss: 0.000324596
30950/50000 epochs... >> loss: 0.000339942
31000/50000 epochs... >> loss: 0.000136805
31050/50000 epochs... >> loss: 0.000218061
31100/50000 epochs... >> loss: 0.000222997
31150/50000 epochs... >> loss: 0.000301571
31200/50000 epochs... >> loss: 0.000243217
31250/50000 epochs... >> loss: 0.000167691
31300/50000 epochs... >> loss: 0.000240562
31350/50000 epochs... >> loss: 0.000185679
31400/50000 epochs... >> loss: 0.000137624
31450/50000 epochs... >> loss: 0.000121145
31500/50000 epochs... >> loss: 0.000231614
31550/50000 epochs... >> loss: 0.000185834
31600/50000 epochs... >> loss: 0.000235257
31650/50000 epochs... >> loss: 0.00013495
31700/50000 epochs... >> loss: 0.000350394
31750/50000 epochs... >> loss: 0.00028923
31800/50000 epochs... >> loss: 0.00014917
31850/50000 epochs... >> loss: 0.000356304
31900/50000 epochs... >> loss: 0.000131681
31950/50000 epochs... >> loss: 0.000414883
32000/50000 epochs... >> loss: 0.000144018
32050/50000 epochs... >> loss: 0.000197865
32100/50000 epochs... >> loss: 0.000173785
32150/50000 epochs... >> loss: 0.000140837
32200/50000 epochs... >> loss: 0.000253919
32250/50000 epochs... >> loss: 0.000162772
32300/50000 epochs... >> loss: 0.000218026
32350/50000 epochs... >> loss: 0.000172753
32400/50000 epochs... >> loss: 0.000273691
32450/50000 epochs... >> loss: 0.00022353
32500/50000 epochs... >> loss: 0.000213864
32550/50000 epochs... >> loss: 0.00016518
32600/50000 epochs... >> loss: 0.000202842
32650/50000 epochs... >> loss: 0.000153622
32700/50000 epochs... >> loss: 0.00030028
32750/50000 epochs... >> loss: 0.000156098
32800/50000 epochs... >> loss: 0.000195139
32850/50000 epochs... >> loss: 0.000306867
32900/50000 epochs... >> loss: 0.000241873
32950/50000 epochs... >> loss: 0.000160696
33000/50000 epochs... >> loss: 8.06195e-05
33050/50000 epochs... >> loss: 0.000146857
33100/50000 epochs... >> loss: 0.000129522
33150/50000 epochs... >> loss: 0.000175941
33200/50000 epochs... >> loss: 0.00014804
33250/50000 epochs... >> loss: 0.000155664
33300/50000 epochs... >> loss: 0.000323604
33350/50000 epochs... >> loss: 0.000220136
33400/50000 epochs... >> loss: 0.000202096
33450/50000 epochs... >> loss: 0.000176735
33500/50000 epochs... >> loss: 0.000246052
33550/50000 epochs... >> loss: 0.000174487
33600/50000 epochs... >> loss: 0.000289981
33650/50000 epochs... >> loss: 0.000261492
33700/50000 epochs... >> loss: 9.64283e-05
33750/50000 epochs... >> loss: 0.00017558
33800/50000 epochs... >> loss: 0.000246651
33850/50000 epochs... >> loss: 0.000106967
33900/50000 epochs... >> loss: 0.000264063
33950/50000 epochs... >> loss: 0.000211037
34000/50000 epochs... >> loss: 0.000145433
34050/50000 epochs... >> loss: 0.000136683
34100/50000 epochs... >> loss: 9.17312e-05
34150/50000 epochs... >> loss: 0.000154271
34200/50000 epochs... >> loss: 0.000201877
34250/50000 epochs... >> loss: 0.000273269
34300/50000 epochs... >> loss: 0.000165748
34350/50000 epochs... >> loss: 0.000137956
34400/50000 epochs... >> loss: 0.000225164
34450/50000 epochs... >> loss: 0.000202119
34500/50000 epochs... >> loss: 0.000125198
34550/50000 epochs... >> loss: 0.000184514
34600/50000 epochs... >> loss: 0.000195062
34650/50000 epochs... >> loss: 0.000187786
34700/50000 epochs... >> loss: 0.000246627
34750/50000 epochs... >> loss: 0.000141527
34800/50000 epochs... >> loss: 0.000249542
34850/50000 epochs... >> loss: 0.000216561
34900/50000 epochs... >> loss: 0.000179152
34950/50000 epochs... >> loss: 0.000239349
35000/50000 epochs... >> loss: 0.000152274
Iter@35000
For each left:
Hits@1: 54.41%
Hits@10: 85.64%
Hits@50: 93.81%
Hits@100: 95.86%
Hits@200: 97.21%
MRR: 0.65671666629
For each right:
Hits@1: 54.35%
Hits@10: 85.13%
Hits@50: 93.72%
Hits@100: 95.71%
Hits@200: 97.16%
MRR: 0.652686798195
35050/50000 epochs... >> loss: 0.000157569
35100/50000 epochs... >> loss: 7.05317e-05
35150/50000 epochs... >> loss: 0.000150383
35200/50000 epochs... >> loss: 0.000288254
35250/50000 epochs... >> loss: 0.00016459
35300/50000 epochs... >> loss: 0.00027001
35350/50000 epochs... >> loss: 0.000123809
35400/50000 epochs... >> loss: 0.00022881
35450/50000 epochs... >> loss: 0.000226649
35500/50000 epochs... >> loss: 0.000148025
35550/50000 epochs... >> loss: 0.000168362
35600/50000 epochs... >> loss: 0.000137154
35650/50000 epochs... >> loss: 0.000201776
35700/50000 epochs... >> loss: 0.000223027
35750/50000 epochs... >> loss: 0.000243865
35800/50000 epochs... >> loss: 0.000220082
35850/50000 epochs... >> loss: 0.000209094
35900/50000 epochs... >> loss: 0.000158187
35950/50000 epochs... >> loss: 0.000105541
36000/50000 epochs... >> loss: 0.000227523
36050/50000 epochs... >> loss: 0.00021855
36100/50000 epochs... >> loss: 0.000222341
36150/50000 epochs... >> loss: 0.000281704
36200/50000 epochs... >> loss: 0.000250326
36250/50000 epochs... >> loss: 0.000118867
36300/50000 epochs... >> loss: 0.00031172
36350/50000 epochs... >> loss: 0.000123311
36400/50000 epochs... >> loss: 0.000243437
36450/50000 epochs... >> loss: 0.000112535
36500/50000 epochs... >> loss: 0.000225761
36550/50000 epochs... >> loss: 0.000201756
36600/50000 epochs... >> loss: 0.000180537
36650/50000 epochs... >> loss: 0.000303878
36700/50000 epochs... >> loss: 0.000274269
36750/50000 epochs... >> loss: 0.000143187
36800/50000 epochs... >> loss: 0.000278054
36850/50000 epochs... >> loss: 0.000318454
36900/50000 epochs... >> loss: 0.00013732
36950/50000 epochs... >> loss: 0.000295373
37000/50000 epochs... >> loss: 0.000217037
37050/50000 epochs... >> loss: 0.000147122
37100/50000 epochs... >> loss: 0.000136324
37150/50000 epochs... >> loss: 0.000250078
37200/50000 epochs... >> loss: 0.00028095
37250/50000 epochs... >> loss: 0.000157684
37300/50000 epochs... >> loss: 0.00016142
37350/50000 epochs... >> loss: 0.000190604
37400/50000 epochs... >> loss: 0.000194097
37450/50000 epochs... >> loss: 0.000154992
37500/50000 epochs... >> loss: 0.00029553
37550/50000 epochs... >> loss: 0.000333933
37600/50000 epochs... >> loss: 0.000224475
37650/50000 epochs... >> loss: 0.000195669
37700/50000 epochs... >> loss: 0.000145623
37750/50000 epochs... >> loss: 0.000118868
37800/50000 epochs... >> loss: 0.000224785
37850/50000 epochs... >> loss: 0.000236562
37900/50000 epochs... >> loss: 0.000146307
37950/50000 epochs... >> loss: 0.000173164
38000/50000 epochs... >> loss: 0.000249292
38050/50000 epochs... >> loss: 0.000335378
38100/50000 epochs... >> loss: 0.000195433
38150/50000 epochs... >> loss: 0.000200334
38200/50000 epochs... >> loss: 0.000145823
38250/50000 epochs... >> loss: 0.000179019
38300/50000 epochs... >> loss: 0.000178411
38350/50000 epochs... >> loss: 0.000113914
38400/50000 epochs... >> loss: 0.000193978
38450/50000 epochs... >> loss: 0.000175628
38500/50000 epochs... >> loss: 0.000132791
38550/50000 epochs... >> loss: 0.00029624
38600/50000 epochs... >> loss: 8e-05
38650/50000 epochs... >> loss: 0.000147768
38700/50000 epochs... >> loss: 0.000205742
38750/50000 epochs... >> loss: 0.000194286
38800/50000 epochs... >> loss: 0.000192512
38850/50000 epochs... >> loss: 0.00015113
38900/50000 epochs... >> loss: 0.000180908
38950/50000 epochs... >> loss: 0.000225966
39000/50000 epochs... >> loss: 0.000249613
39050/50000 epochs... >> loss: 0.000135875
39100/50000 epochs... >> loss: 0.00025313
39150/50000 epochs... >> loss: 0.000181013
39200/50000 epochs... >> loss: 0.000215442
39250/50000 epochs... >> loss: 0.0001523
39300/50000 epochs... >> loss: 0.000210541
39350/50000 epochs... >> loss: 0.000310539
39400/50000 epochs... >> loss: 0.000228191
39450/50000 epochs... >> loss: 0.000161122
39500/50000 epochs... >> loss: 0.000299407
39550/50000 epochs... >> loss: 0.000244005
39600/50000 epochs... >> loss: 0.000246858
39650/50000 epochs... >> loss: 0.0003124
39700/50000 epochs... >> loss: 0.000203594
39750/50000 epochs... >> loss: 0.000218145
39800/50000 epochs... >> loss: 0.000113416
39850/50000 epochs... >> loss: 0.000211949
39900/50000 epochs... >> loss: 0.00019791
39950/50000 epochs... >> loss: 0.000161846
40000/50000 epochs... >> loss: 0.000138341
Iter@40000
For each left:
Hits@1: 54.96%
Hits@10: 85.90%
Hits@50: 93.93%
Hits@100: 95.93%
Hits@200: 97.21%
MRR: 0.659737272611
For each right:
Hits@1: 54.59%
Hits@10: 85.36%
Hits@50: 94.05%
Hits@100: 95.99%
Hits@200: 97.37%
MRR: 0.655878668476
40050/50000 epochs... >> loss: 0.00014733
40100/50000 epochs... >> loss: 0.000199969
40150/50000 epochs... >> loss: 0.000257332
40200/50000 epochs... >> loss: 0.000186276
40250/50000 epochs... >> loss: 0.000330222
40300/50000 epochs... >> loss: 0.000153004
40350/50000 epochs... >> loss: 0.000278738
40400/50000 epochs... >> loss: 0.000143889
40450/50000 epochs... >> loss: 0.000223246
40500/50000 epochs... >> loss: 0.000272446
40550/50000 epochs... >> loss: 0.000155025
40600/50000 epochs... >> loss: 0.000249625
40650/50000 epochs... >> loss: 0.000169829
40700/50000 epochs... >> loss: 0.000272897
40750/50000 epochs... >> loss: 0.000166989
40800/50000 epochs... >> loss: 0.000291172
40850/50000 epochs... >> loss: 0.000226446
40900/50000 epochs... >> loss: 0.000273543
40950/50000 epochs... >> loss: 0.000242862
41000/50000 epochs... >> loss: 0.000199464
41050/50000 epochs... >> loss: 0.000183141
41100/50000 epochs... >> loss: 0.000174761
41150/50000 epochs... >> loss: 0.000198098
41200/50000 epochs... >> loss: 0.000182181
41250/50000 epochs... >> loss: 0.000199207
41300/50000 epochs... >> loss: 0.000191133
41350/50000 epochs... >> loss: 8.96753e-05
41400/50000 epochs... >> loss: 0.000273923
41450/50000 epochs... >> loss: 0.000241087
41500/50000 epochs... >> loss: 0.000164013
41550/50000 epochs... >> loss: 0.000257319
41600/50000 epochs... >> loss: 0.000260765
41650/50000 epochs... >> loss: 0.000158486
41700/50000 epochs... >> loss: 0.000174713
41750/50000 epochs... >> loss: 0.000206871
41800/50000 epochs... >> loss: 0.000262348
41850/50000 epochs... >> loss: 0.000195372
41900/50000 epochs... >> loss: 0.000211608
41950/50000 epochs... >> loss: 0.00021526
42000/50000 epochs... >> loss: 0.000271114
42050/50000 epochs... >> loss: 0.000134808
42100/50000 epochs... >> loss: 0.0002269
42150/50000 epochs... >> loss: 0.00030673
42200/50000 epochs... >> loss: 0.000214491
42250/50000 epochs... >> loss: 0.000213837
42300/50000 epochs... >> loss: 0.00032912
42350/50000 epochs... >> loss: 0.000292855
42400/50000 epochs... >> loss: 0.000120986
42450/50000 epochs... >> loss: 0.00014085
42500/50000 epochs... >> loss: 0.000241832
42550/50000 epochs... >> loss: 0.000184427
42600/50000 epochs... >> loss: 0.000240721
42650/50000 epochs... >> loss: 0.000229028
42700/50000 epochs... >> loss: 0.000142439
42750/50000 epochs... >> loss: 0.000215612
42800/50000 epochs... >> loss: 7.32112e-05
42850/50000 epochs... >> loss: 0.00012807
42900/50000 epochs... >> loss: 0.000242585
42950/50000 epochs... >> loss: 0.000195993
43000/50000 epochs... >> loss: 0.000175751
43050/50000 epochs... >> loss: 0.000123998
43100/50000 epochs... >> loss: 0.000238887
43150/50000 epochs... >> loss: 0.000188077
43200/50000 epochs... >> loss: 0.000139356
43250/50000 epochs... >> loss: 0.000224044
43300/50000 epochs... >> loss: 0.000154154
43350/50000 epochs... >> loss: 0.00014792
43400/50000 epochs... >> loss: 0.000159511
43450/50000 epochs... >> loss: 0.000219518
43500/50000 epochs... >> loss: 0.000251711
43550/50000 epochs... >> loss: 0.000319588
43600/50000 epochs... >> loss: 0.000196421
43650/50000 epochs... >> loss: 0.00022434
43700/50000 epochs... >> loss: 0.000212567
43750/50000 epochs... >> loss: 0.000222098
43800/50000 epochs... >> loss: 0.000246904
43850/50000 epochs... >> loss: 0.000278872
43900/50000 epochs... >> loss: 0.000214873
43950/50000 epochs... >> loss: 0.000237387
44000/50000 epochs... >> loss: 0.000155773
44050/50000 epochs... >> loss: 0.00024017
44100/50000 epochs... >> loss: 0.000158823
44150/50000 epochs... >> loss: 0.000217173
44200/50000 epochs... >> loss: 0.000262605
44250/50000 epochs... >> loss: 0.000117163
44300/50000 epochs... >> loss: 0.000213732
44350/50000 epochs... >> loss: 0.000201263
44400/50000 epochs... >> loss: 8.75491e-05
44450/50000 epochs... >> loss: 0.000121726
44500/50000 epochs... >> loss: 0.00019703
44550/50000 epochs... >> loss: 0.000220681
44600/50000 epochs... >> loss: 0.00020658
44650/50000 epochs... >> loss: 0.000127571
44700/50000 epochs... >> loss: 0.000142372
44750/50000 epochs... >> loss: 0.000323735
44800/50000 epochs... >> loss: 0.000129302
44850/50000 epochs... >> loss: 0.000194147
44900/50000 epochs... >> loss: 0.000203903
44950/50000 epochs... >> loss: 0.000228307
45000/50000 epochs... >> loss: 0.000224332
Iter@45000
For each left:
Hits@1: 55.25%
Hits@10: 85.85%
Hits@50: 93.79%
Hits@100: 95.93%
Hits@200: 97.08%
MRR: 0.661837186274
For each right:
Hits@1: 54.35%
Hits@10: 84.82%
Hits@50: 93.67%
Hits@100: 95.78%
Hits@200: 97.11%
MRR: 0.652779134978
45050/50000 epochs... >> loss: 0.000101621
45100/50000 epochs... >> loss: 0.000205059
45150/50000 epochs... >> loss: 0.000157617
45200/50000 epochs... >> loss: 0.000101044
45250/50000 epochs... >> loss: 0.000214955
45300/50000 epochs... >> loss: 0.000243792
45350/50000 epochs... >> loss: 0.000183737
45400/50000 epochs... >> loss: 0.000171387
45450/50000 epochs... >> loss: 0.000291488
45500/50000 epochs... >> loss: 0.000135864
45550/50000 epochs... >> loss: 0.000233091
45600/50000 epochs... >> loss: 0.000253181
45650/50000 epochs... >> loss: 0.0001674
45700/50000 epochs... >> loss: 0.000261396
45750/50000 epochs... >> loss: 0.000231961
45800/50000 epochs... >> loss: 0.000196311
45850/50000 epochs... >> loss: 0.000143278
45900/50000 epochs... >> loss: 0.000203165
45950/50000 epochs... >> loss: 9.75046e-05
46000/50000 epochs... >> loss: 8.20457e-05
46050/50000 epochs... >> loss: 0.00017665
46100/50000 epochs... >> loss: 0.00022543
46150/50000 epochs... >> loss: 0.000131366
46200/50000 epochs... >> loss: 0.000165462
46250/50000 epochs... >> loss: 0.000216528
46300/50000 epochs... >> loss: 0.000230883
46350/50000 epochs... >> loss: 9.8913e-05
46400/50000 epochs... >> loss: 0.000233216
46450/50000 epochs... >> loss: 0.000162005
46500/50000 epochs... >> loss: 0.000117764
46550/50000 epochs... >> loss: 0.000296374
46600/50000 epochs... >> loss: 0.000196527
46650/50000 epochs... >> loss: 8.58014e-05
46700/50000 epochs... >> loss: 0.000249089
46750/50000 epochs... >> loss: 0.000107359
46800/50000 epochs... >> loss: 0.000215557
46850/50000 epochs... >> loss: 0.00020993
46900/50000 epochs... >> loss: 0.000250394
46950/50000 epochs... >> loss: 0.000165165
47000/50000 epochs... >> loss: 0.000155493
47050/50000 epochs... >> loss: 0.000225847
47100/50000 epochs... >> loss: 0.000251218
47150/50000 epochs... >> loss: 0.00034015
47200/50000 epochs... >> loss: 0.000159027
47250/50000 epochs... >> loss: 0.000159444
47300/50000 epochs... >> loss: 0.000153252
47350/50000 epochs... >> loss: 9.35818e-05
47400/50000 epochs... >> loss: 0.000104093
47450/50000 epochs... >> loss: 0.000215617
47500/50000 epochs... >> loss: 0.000180401
47550/50000 epochs... >> loss: 0.000225997
47600/50000 epochs... >> loss: 0.000186907
47650/50000 epochs... >> loss: 0.00025571
47700/50000 epochs... >> loss: 7.22769e-05
47750/50000 epochs... >> loss: 0.000183053
47800/50000 epochs... >> loss: 0.000160211
47850/50000 epochs... >> loss: 0.000142629
47900/50000 epochs... >> loss: 0.000221362
47950/50000 epochs... >> loss: 9.91513e-05
48000/50000 epochs... >> loss: 0.000100674
48050/50000 epochs... >> loss: 0.000252382
48100/50000 epochs... >> loss: 0.000211032
48150/50000 epochs... >> loss: 0.000148341
48200/50000 epochs... >> loss: 0.000137589
48250/50000 epochs... >> loss: 0.000235396
48300/50000 epochs... >> loss: 0.000210974
48350/50000 epochs... >> loss: 0.000130657
48400/50000 epochs... >> loss: 0.000206786
48450/50000 epochs... >> loss: 0.000177635
48500/50000 epochs... >> loss: 0.000213032
48550/50000 epochs... >> loss: 0.000136607
48600/50000 epochs... >> loss: 0.000231899
48650/50000 epochs... >> loss: 0.000129328
48700/50000 epochs... >> loss: 0.000212149
48750/50000 epochs... >> loss: 0.000200152
48800/50000 epochs... >> loss: 0.000169124
48850/50000 epochs... >> loss: 0.000155449
48900/50000 epochs... >> loss: 0.000134513
48950/50000 epochs... >> loss: 0.000142268
49000/50000 epochs... >> loss: 0.000123231
49050/50000 epochs... >> loss: 0.000186156
49100/50000 epochs... >> loss: 0.000229481
49150/50000 epochs... >> loss: 0.0001411
49200/50000 epochs... >> loss: 0.000194114
49250/50000 epochs... >> loss: 0.000130962
49300/50000 epochs... >> loss: 9.77146e-05
49350/50000 epochs... >> loss: 0.000231176
49400/50000 epochs... >> loss: 0.000262077
49450/50000 epochs... >> loss: 0.000194543
49500/50000 epochs... >> loss: 0.000144129
49550/50000 epochs... >> loss: 0.000147703
49600/50000 epochs... >> loss: 0.00026001
49650/50000 epochs... >> loss: 0.000143895
49700/50000 epochs... >> loss: 0.000197456
49750/50000 epochs... >> loss: 0.000189675
49800/50000 epochs... >> loss: 0.000206811
49850/50000 epochs... >> loss: 0.000226412
49900/50000 epochs... >> loss: 0.000152238
49950/50000 epochs... >> loss: 0.000199793
50000/50000 epochs... >> loss: 0.000152432
Iter@50000
For each left:
Hits@1: 55.70%
Hits@10: 86.02%
Hits@50: 93.93%
Hits@100: 95.80%
Hits@200: 97.04%
MRR: 0.66558261372
For each right:
Hits@1: 54.70%
Hits@10: 85.31%
Hits@50: 93.67%
Hits@100: 95.65%
Hits@200: 97.04%
MRR: 0.656325167227
For each left:
Hits@1: 55.70%
Hits@10: 86.02%
Hits@50: 93.93%
Hits@100: 95.80%
Hits@200: 97.04%
MRR: 0.66558261372
For each right:
Hits@1: 54.70%
Hits@10: 85.31%
Hits@50: 93.67%
Hits@100: 95.65%
Hits@200: 97.04%
MRR: 0.656325167227
total time elapsed: 5402.0141 s
