***************************zh_en****************************
loading a file...data/zh_en/ent_ids_1
loading a file...data/zh_en/ent_ids_2
38960
loading a file...data/zh_en/ref_ent_ids
loading a file...data/zh_en/train
loading a file...data/zh_en/dev
loading a file...data/zh_en/test
loading a file...data/zh_en/triples_1
loading a file...data/zh_en/triples_2
3024
running HMAN...
adding the se input layer...
adding a layer...
adding a layer...
getting loss...
initializing...
running...
50/50000 epochs... >> loss: 0.113047
100/50000 epochs... >> loss: 0.0725792
150/50000 epochs... >> loss: 0.0598038
200/50000 epochs... >> loss: 0.0520603
250/50000 epochs... >> loss: 0.045251
300/50000 epochs... >> loss: 0.0407576
350/50000 epochs... >> loss: 0.0395848
400/50000 epochs... >> loss: 0.0354056
450/50000 epochs... >> loss: 0.0341733
500/50000 epochs... >> loss: 0.030289
550/50000 epochs... >> loss: 0.0276847
600/50000 epochs... >> loss: 0.0246955
650/50000 epochs... >> loss: 0.0229037
700/50000 epochs... >> loss: 0.01987
750/50000 epochs... >> loss: 0.0192097
800/50000 epochs... >> loss: 0.0162143
850/50000 epochs... >> loss: 0.0164711
900/50000 epochs... >> loss: 0.0153091
950/50000 epochs... >> loss: 0.0132112
1000/50000 epochs... >> loss: 0.0126563
1050/50000 epochs... >> loss: 0.0161918
1100/50000 epochs... >> loss: 0.0132071
1150/50000 epochs... >> loss: 0.0121354
1200/50000 epochs... >> loss: 0.0102924
1250/50000 epochs... >> loss: 0.00932906
1300/50000 epochs... >> loss: 0.0093321
1350/50000 epochs... >> loss: 0.00773471
1400/50000 epochs... >> loss: 0.00788969
1450/50000 epochs... >> loss: 0.00718214
1500/50000 epochs... >> loss: 0.00682252
1550/50000 epochs... >> loss: 0.00800332
1600/50000 epochs... >> loss: 0.00553495
1650/50000 epochs... >> loss: 0.00459436
1700/50000 epochs... >> loss: 0.00490803
1750/50000 epochs... >> loss: 0.00554602
1800/50000 epochs... >> loss: 0.00441887
1850/50000 epochs... >> loss: 0.00405611
1900/50000 epochs... >> loss: 0.00435562
1950/50000 epochs... >> loss: 0.00291295
2000/50000 epochs... >> loss: 0.00261824
2050/50000 epochs... >> loss: 0.0181918
2100/50000 epochs... >> loss: 0.00501296
2150/50000 epochs... >> loss: 0.00353852
2200/50000 epochs... >> loss: 0.00293467
2250/50000 epochs... >> loss: 0.00231694
2300/50000 epochs... >> loss: 0.00189977
2350/50000 epochs... >> loss: 0.00244719
2400/50000 epochs... >> loss: 0.00185713
2450/50000 epochs... >> loss: 0.00141684
2500/50000 epochs... >> loss: 0.00154517
2550/50000 epochs... >> loss: 0.00140518
2600/50000 epochs... >> loss: 0.00103599
2650/50000 epochs... >> loss: 0.00116333
2700/50000 epochs... >> loss: 0.000972516
2750/50000 epochs... >> loss: 0.000871704
2800/50000 epochs... >> loss: 0.000806051
2850/50000 epochs... >> loss: 0.000818516
2900/50000 epochs... >> loss: 0.000893372
2950/50000 epochs... >> loss: 0.000878342
3000/50000 epochs... >> loss: 0.000900466
3050/50000 epochs... >> loss: 0.000551062
3100/50000 epochs... >> loss: 0.00047276
3150/50000 epochs... >> loss: 0.000680708
3200/50000 epochs... >> loss: 0.000722861
3250/50000 epochs... >> loss: 0.000668066
3300/50000 epochs... >> loss: 0.00074718
3350/50000 epochs... >> loss: 0.000700918
3400/50000 epochs... >> loss: 0.000870524
3450/50000 epochs... >> loss: 0.000603711
3500/50000 epochs... >> loss: 0.000522233
3550/50000 epochs... >> loss: 0.000397618
3600/50000 epochs... >> loss: 0.000708858
3650/50000 epochs... >> loss: 0.000466512
3700/50000 epochs... >> loss: 0.000307331
3750/50000 epochs... >> loss: 0.000405267
3800/50000 epochs... >> loss: 0.000422801
3850/50000 epochs... >> loss: 0.000464857
3900/50000 epochs... >> loss: 0.000424239
3950/50000 epochs... >> loss: 0.000546167
4000/50000 epochs... >> loss: 0.000563769
4050/50000 epochs... >> loss: 0.00053905
4100/50000 epochs... >> loss: 0.000332904
4150/50000 epochs... >> loss: 0.000606313
4200/50000 epochs... >> loss: 0.00056534
4250/50000 epochs... >> loss: 0.000678973
4300/50000 epochs... >> loss: 0.000557643
4350/50000 epochs... >> loss: 0.000448153
4400/50000 epochs... >> loss: 0.000435168
4450/50000 epochs... >> loss: 0.000436936
4500/50000 epochs... >> loss: 0.000386349
4550/50000 epochs... >> loss: 0.00043629
4600/50000 epochs... >> loss: 0.000576225
4650/50000 epochs... >> loss: 0.000402026
4700/50000 epochs... >> loss: 0.0006168
4750/50000 epochs... >> loss: 0.000724107
4800/50000 epochs... >> loss: 0.000248242
4850/50000 epochs... >> loss: 0.000499739
4900/50000 epochs... >> loss: 0.000389295
4950/50000 epochs... >> loss: 0.000378123
5000/50000 epochs... >> loss: 0.000425611
Iter@5000
For each left:
Hits@1: 48.09%
Hits@10: 81.39%
Hits@50: 93.08%
Hits@100: 95.80%
Hits@200: 97.16%
MRR: 0.593980509371
For each right:
Hits@1: 46.90%
Hits@10: 79.57%
Hits@50: 92.12%
Hits@100: 95.02%
Hits@200: 96.86%
MRR: 0.579854223647
5050/50000 epochs... >> loss: 0.00067467
5100/50000 epochs... >> loss: 0.000563465
5150/50000 epochs... >> loss: 0.000331082
5200/50000 epochs... >> loss: 0.000493958
5250/50000 epochs... >> loss: 0.000397361
5300/50000 epochs... >> loss: 0.000360904
5350/50000 epochs... >> loss: 0.000506461
5400/50000 epochs... >> loss: 0.000409984
5450/50000 epochs... >> loss: 0.000330401
5500/50000 epochs... >> loss: 0.000218521
5550/50000 epochs... >> loss: 0.000352841
5600/50000 epochs... >> loss: 0.000221182
5650/50000 epochs... >> loss: 0.000286184
5700/50000 epochs... >> loss: 0.000321652
5750/50000 epochs... >> loss: 0.000356071
5800/50000 epochs... >> loss: 0.000235628
5850/50000 epochs... >> loss: 0.000327947
5900/50000 epochs... >> loss: 0.000347968
5950/50000 epochs... >> loss: 0.000411196
6000/50000 epochs... >> loss: 0.000314663
6050/50000 epochs... >> loss: 0.000378221
6100/50000 epochs... >> loss: 0.000258906
6150/50000 epochs... >> loss: 0.000319908
6200/50000 epochs... >> loss: 0.000389045
6250/50000 epochs... >> loss: 0.00022393
6300/50000 epochs... >> loss: 0.00035712
6350/50000 epochs... >> loss: 0.000526775
6400/50000 epochs... >> loss: 0.000341784
6450/50000 epochs... >> loss: 0.000377611
6500/50000 epochs... >> loss: 0.000256808
6550/50000 epochs... >> loss: 0.000290235
6600/50000 epochs... >> loss: 0.000300452
6650/50000 epochs... >> loss: 0.000375627
6700/50000 epochs... >> loss: 0.000188844
6750/50000 epochs... >> loss: 0.000310011
6800/50000 epochs... >> loss: 0.000440639
6850/50000 epochs... >> loss: 0.00033657
6900/50000 epochs... >> loss: 0.000446014
6950/50000 epochs... >> loss: 0.000348038
7000/50000 epochs... >> loss: 0.00033876
7050/50000 epochs... >> loss: 0.000350639
7100/50000 epochs... >> loss: 0.000424952
7150/50000 epochs... >> loss: 0.000339359
7200/50000 epochs... >> loss: 0.000420283
7250/50000 epochs... >> loss: 0.000315581
7300/50000 epochs... >> loss: 0.000491896
7350/50000 epochs... >> loss: 0.000316881
7400/50000 epochs... >> loss: 0.000174438
7450/50000 epochs... >> loss: 0.00033598
7500/50000 epochs... >> loss: 0.000221435
7550/50000 epochs... >> loss: 0.00040115
7600/50000 epochs... >> loss: 0.000343424
7650/50000 epochs... >> loss: 0.000415414
7700/50000 epochs... >> loss: 0.000238182
7750/50000 epochs... >> loss: 0.000384756
7800/50000 epochs... >> loss: 0.000223968
7850/50000 epochs... >> loss: 0.000327583
7900/50000 epochs... >> loss: 0.000138102
7950/50000 epochs... >> loss: 0.000249628
8000/50000 epochs... >> loss: 0.000360331
8050/50000 epochs... >> loss: 0.00036082
8100/50000 epochs... >> loss: 0.000245868
8150/50000 epochs... >> loss: 0.000249654
8200/50000 epochs... >> loss: 0.000265804
8250/50000 epochs... >> loss: 0.000340965
8300/50000 epochs... >> loss: 0.000334383
8350/50000 epochs... >> loss: 0.000273117
8400/50000 epochs... >> loss: 0.000457489
8450/50000 epochs... >> loss: 0.00040082
8500/50000 epochs... >> loss: 0.000312929
8550/50000 epochs... >> loss: 0.000292706
8600/50000 epochs... >> loss: 0.000198134
8650/50000 epochs... >> loss: 0.000237173
8700/50000 epochs... >> loss: 0.000478502
8750/50000 epochs... >> loss: 0.000269785
8800/50000 epochs... >> loss: 0.000163542
8850/50000 epochs... >> loss: 0.000311932
8900/50000 epochs... >> loss: 0.000193433
8950/50000 epochs... >> loss: 0.000191902
9000/50000 epochs... >> loss: 0.000359704
9050/50000 epochs... >> loss: 0.00019614
9100/50000 epochs... >> loss: 0.000340665
9150/50000 epochs... >> loss: 0.000362902
9200/50000 epochs... >> loss: 0.00033545
9250/50000 epochs... >> loss: 0.000347787
9300/50000 epochs... >> loss: 0.000356997
9350/50000 epochs... >> loss: 0.000289897
9400/50000 epochs... >> loss: 0.000295335
9450/50000 epochs... >> loss: 0.00029543
9500/50000 epochs... >> loss: 0.000310426
9550/50000 epochs... >> loss: 0.000185569
9600/50000 epochs... >> loss: 0.000345596
9650/50000 epochs... >> loss: 0.000222556
9700/50000 epochs... >> loss: 0.000432096
9750/50000 epochs... >> loss: 0.000274765
9800/50000 epochs... >> loss: 0.000282799
9850/50000 epochs... >> loss: 0.000354164
9900/50000 epochs... >> loss: 0.000223484
9950/50000 epochs... >> loss: 0.000269787
10000/50000 epochs... >> loss: 0.000320252
Iter@10000
For each left:
Hits@1: 52.26%
Hits@10: 84.32%
Hits@50: 93.88%
Hits@100: 96.03%
Hits@200: 97.47%
MRR: 0.634984549508
For each right:
Hits@1: 50.90%
Hits@10: 82.93%
Hits@50: 93.29%
Hits@100: 95.54%
Hits@200: 97.14%
MRR: 0.620255873026
10050/50000 epochs... >> loss: 0.000269861
10100/50000 epochs... >> loss: 0.000293998
10150/50000 epochs... >> loss: 0.000284061
10200/50000 epochs... >> loss: 0.000288042
10250/50000 epochs... >> loss: 0.000341515
10300/50000 epochs... >> loss: 0.000379564
10350/50000 epochs... >> loss: 0.000331842
10400/50000 epochs... >> loss: 0.000258582
10450/50000 epochs... >> loss: 0.000265005
10500/50000 epochs... >> loss: 0.00030446
10550/50000 epochs... >> loss: 0.000249583
10600/50000 epochs... >> loss: 0.000139961
10650/50000 epochs... >> loss: 0.000370906
10700/50000 epochs... >> loss: 0.00038829
10750/50000 epochs... >> loss: 0.000233054
10800/50000 epochs... >> loss: 0.000196827
10850/50000 epochs... >> loss: 0.000197146
10900/50000 epochs... >> loss: 0.000284413
10950/50000 epochs... >> loss: 0.000269875
11000/50000 epochs... >> loss: 0.000260971
11050/50000 epochs... >> loss: 0.000276303
11100/50000 epochs... >> loss: 0.000254924
11150/50000 epochs... >> loss: 0.000556468
11200/50000 epochs... >> loss: 0.000243009
11250/50000 epochs... >> loss: 0.000288817
11300/50000 epochs... >> loss: 0.000250305
11350/50000 epochs... >> loss: 0.00036631
11400/50000 epochs... >> loss: 0.000301048
11450/50000 epochs... >> loss: 0.000283475
11500/50000 epochs... >> loss: 0.000242064
11550/50000 epochs... >> loss: 0.000211678
11600/50000 epochs... >> loss: 0.000353912
11650/50000 epochs... >> loss: 0.00025727
11700/50000 epochs... >> loss: 0.000357738
11750/50000 epochs... >> loss: 0.000165454
11800/50000 epochs... >> loss: 0.000309958
11850/50000 epochs... >> loss: 0.0001888
11900/50000 epochs... >> loss: 0.000349792
11950/50000 epochs... >> loss: 0.000257475
12000/50000 epochs... >> loss: 0.000146912
12050/50000 epochs... >> loss: 0.000185496
12100/50000 epochs... >> loss: 0.000203783
12150/50000 epochs... >> loss: 0.000225877
12200/50000 epochs... >> loss: 0.000308512
12250/50000 epochs... >> loss: 0.000451437
12300/50000 epochs... >> loss: 0.000328763
12350/50000 epochs... >> loss: 0.00041372
12400/50000 epochs... >> loss: 0.000318818
12450/50000 epochs... >> loss: 0.000373325
12500/50000 epochs... >> loss: 0.000190764
12550/50000 epochs... >> loss: 0.000357052
12600/50000 epochs... >> loss: 0.000273851
12650/50000 epochs... >> loss: 0.000203675
12700/50000 epochs... >> loss: 0.00034429
12750/50000 epochs... >> loss: 0.000300623
12800/50000 epochs... >> loss: 0.000300148
12850/50000 epochs... >> loss: 0.00023566
12900/50000 epochs... >> loss: 0.000258697
12950/50000 epochs... >> loss: 0.000177889
13000/50000 epochs... >> loss: 0.000236352
13050/50000 epochs... >> loss: 0.000278501
13100/50000 epochs... >> loss: 0.000291874
13150/50000 epochs... >> loss: 0.000234153
13200/50000 epochs... >> loss: 0.000168393
13250/50000 epochs... >> loss: 0.000292971
13300/50000 epochs... >> loss: 0.000339618
13350/50000 epochs... >> loss: 0.000163254
13400/50000 epochs... >> loss: 0.000320114
13450/50000 epochs... >> loss: 0.000488813
13500/50000 epochs... >> loss: 0.000353975
13550/50000 epochs... >> loss: 0.000221999
13600/50000 epochs... >> loss: 0.00020565
13650/50000 epochs... >> loss: 0.000284603
13700/50000 epochs... >> loss: 0.000301897
13750/50000 epochs... >> loss: 0.000254145
13800/50000 epochs... >> loss: 0.000342186
13850/50000 epochs... >> loss: 0.00016671
13900/50000 epochs... >> loss: 0.000202889
13950/50000 epochs... >> loss: 9.93154e-05
14000/50000 epochs... >> loss: 0.000324907
14050/50000 epochs... >> loss: 0.000146163
14100/50000 epochs... >> loss: 0.000310682
14150/50000 epochs... >> loss: 0.000103004
14200/50000 epochs... >> loss: 0.000181079
14250/50000 epochs... >> loss: 0.000455032
14300/50000 epochs... >> loss: 0.000335372
14350/50000 epochs... >> loss: 0.000214058
14400/50000 epochs... >> loss: 0.000316059
14450/50000 epochs... >> loss: 0.000342762
14500/50000 epochs... >> loss: 0.00027449
14550/50000 epochs... >> loss: 0.000193002
14600/50000 epochs... >> loss: 0.000263117
14650/50000 epochs... >> loss: 0.000139162
14700/50000 epochs... >> loss: 0.000249475
14750/50000 epochs... >> loss: 0.000236384
14800/50000 epochs... >> loss: 0.000229033
14850/50000 epochs... >> loss: 0.000287581
14900/50000 epochs... >> loss: 0.000387927
14950/50000 epochs... >> loss: 0.000141884
15000/50000 epochs... >> loss: 0.000120173
Iter@15000
For each left:
Hits@1: 53.84%
Hits@10: 85.00%
Hits@50: 93.94%
Hits@100: 96.01%
Hits@200: 97.54%
MRR: 0.647695598877
For each right:
Hits@1: 52.54%
Hits@10: 83.68%
Hits@50: 93.44%
Hits@100: 95.69%
Hits@200: 97.35%
MRR: 0.634221093251
15050/50000 epochs... >> loss: 0.000294192
15100/50000 epochs... >> loss: 0.00024092
15150/50000 epochs... >> loss: 0.000236059
15200/50000 epochs... >> loss: 0.000341785
15250/50000 epochs... >> loss: 0.00018624
15300/50000 epochs... >> loss: 0.000247024
15350/50000 epochs... >> loss: 0.000211169
15400/50000 epochs... >> loss: 0.000332651
15450/50000 epochs... >> loss: 0.000172152
15500/50000 epochs... >> loss: 0.00017904
15550/50000 epochs... >> loss: 0.000246055
15600/50000 epochs... >> loss: 0.000282403
15650/50000 epochs... >> loss: 0.000332129
15700/50000 epochs... >> loss: 0.000319779
15750/50000 epochs... >> loss: 0.000314307
15800/50000 epochs... >> loss: 0.000263526
15850/50000 epochs... >> loss: 0.000220203
15900/50000 epochs... >> loss: 0.000172323
15950/50000 epochs... >> loss: 0.000207408
16000/50000 epochs... >> loss: 0.000223165
16050/50000 epochs... >> loss: 0.000316129
16100/50000 epochs... >> loss: 0.000256642
16150/50000 epochs... >> loss: 0.000281004
16200/50000 epochs... >> loss: 0.000175143
16250/50000 epochs... >> loss: 0.000133583
16300/50000 epochs... >> loss: 0.000140504
16350/50000 epochs... >> loss: 0.000287431
16400/50000 epochs... >> loss: 0.000348599
16450/50000 epochs... >> loss: 0.000154138
16500/50000 epochs... >> loss: 0.000267059
16550/50000 epochs... >> loss: 0.000194947
16600/50000 epochs... >> loss: 0.000218842
16650/50000 epochs... >> loss: 0.00023356
16700/50000 epochs... >> loss: 0.000201775
16750/50000 epochs... >> loss: 0.000238452
16800/50000 epochs... >> loss: 0.000221205
16850/50000 epochs... >> loss: 0.000222477
16900/50000 epochs... >> loss: 0.000308201
16950/50000 epochs... >> loss: 0.00027869
17000/50000 epochs... >> loss: 0.000214879
17050/50000 epochs... >> loss: 0.000301412
17100/50000 epochs... >> loss: 0.000199261
17150/50000 epochs... >> loss: 0.000195408
17200/50000 epochs... >> loss: 0.00015643
17250/50000 epochs... >> loss: 0.000279869
17300/50000 epochs... >> loss: 0.000448973
17350/50000 epochs... >> loss: 0.000236246
17400/50000 epochs... >> loss: 0.000321526
17450/50000 epochs... >> loss: 0.000329985
17500/50000 epochs... >> loss: 0.00018538
17550/50000 epochs... >> loss: 0.000195991
17600/50000 epochs... >> loss: 0.000259443
17650/50000 epochs... >> loss: 0.000274018
17700/50000 epochs... >> loss: 0.00029543
17750/50000 epochs... >> loss: 0.000239684
17800/50000 epochs... >> loss: 0.000240602
17850/50000 epochs... >> loss: 0.000320703
17900/50000 epochs... >> loss: 0.000192572
17950/50000 epochs... >> loss: 0.000157873
18000/50000 epochs... >> loss: 0.000186456
18050/50000 epochs... >> loss: 0.00028425
18100/50000 epochs... >> loss: 0.000230261
18150/50000 epochs... >> loss: 0.000331902
18200/50000 epochs... >> loss: 0.000206993
18250/50000 epochs... >> loss: 0.000182335
18300/50000 epochs... >> loss: 0.000298634
18350/50000 epochs... >> loss: 0.000208484
18400/50000 epochs... >> loss: 0.000185657
18450/50000 epochs... >> loss: 0.000273647
18500/50000 epochs... >> loss: 0.000267009
18550/50000 epochs... >> loss: 0.000306524
18600/50000 epochs... >> loss: 0.000179043
18650/50000 epochs... >> loss: 0.000247162
18700/50000 epochs... >> loss: 0.00025859
18750/50000 epochs... >> loss: 0.000319752
18800/50000 epochs... >> loss: 0.000300513
18850/50000 epochs... >> loss: 0.000231964
18900/50000 epochs... >> loss: 0.000167229
18950/50000 epochs... >> loss: 0.000288147
19000/50000 epochs... >> loss: 0.00027374
19050/50000 epochs... >> loss: 0.000216321
19100/50000 epochs... >> loss: 0.000225176
19150/50000 epochs... >> loss: 0.000354089
19200/50000 epochs... >> loss: 0.000224356
19250/50000 epochs... >> loss: 0.000300408
19300/50000 epochs... >> loss: 0.000119382
19350/50000 epochs... >> loss: 0.00028845
19400/50000 epochs... >> loss: 0.000336765
19450/50000 epochs... >> loss: 0.000240216
19500/50000 epochs... >> loss: 0.000359347
19550/50000 epochs... >> loss: 0.00023439
19600/50000 epochs... >> loss: 0.000269124
19650/50000 epochs... >> loss: 0.000403085
19700/50000 epochs... >> loss: 0.000302969
19750/50000 epochs... >> loss: 0.000359154
19800/50000 epochs... >> loss: 0.000300797
19850/50000 epochs... >> loss: 0.000167043
19900/50000 epochs... >> loss: 0.000318648
19950/50000 epochs... >> loss: 0.000359075
20000/50000 epochs... >> loss: 0.000106563
Iter@20000
For each left:
Hits@1: 54.94%
Hits@10: 85.63%
Hits@50: 94.11%
Hits@100: 96.19%
Hits@200: 97.52%
MRR: 0.656479770218
For each right:
Hits@1: 53.39%
Hits@10: 84.08%
Hits@50: 93.47%
Hits@100: 95.91%
Hits@200: 97.44%
MRR: 0.642115607712
20050/50000 epochs... >> loss: 0.000218029
20100/50000 epochs... >> loss: 0.000237498
20150/50000 epochs... >> loss: 0.000257411
20200/50000 epochs... >> loss: 0.000127834
20250/50000 epochs... >> loss: 0.000172705
20300/50000 epochs... >> loss: 0.000429972
20350/50000 epochs... >> loss: 0.000343028
20400/50000 epochs... >> loss: 0.000301492
20450/50000 epochs... >> loss: 7.25963e-05
20500/50000 epochs... >> loss: 0.000233081
20550/50000 epochs... >> loss: 0.0002526
20600/50000 epochs... >> loss: 0.000244446
20650/50000 epochs... >> loss: 0.000361859
20700/50000 epochs... >> loss: 0.00015494
20750/50000 epochs... >> loss: 0.00021201
20800/50000 epochs... >> loss: 0.00029809
20850/50000 epochs... >> loss: 0.00013445
20900/50000 epochs... >> loss: 0.000258179
20950/50000 epochs... >> loss: 0.00023519
21000/50000 epochs... >> loss: 0.000240785
21050/50000 epochs... >> loss: 0.000242575
21100/50000 epochs... >> loss: 0.000254331
21150/50000 epochs... >> loss: 0.000288486
21200/50000 epochs... >> loss: 0.000371193
21250/50000 epochs... >> loss: 0.000223465
21300/50000 epochs... >> loss: 0.000276722
21350/50000 epochs... >> loss: 0.000249273
21400/50000 epochs... >> loss: 0.000361879
21450/50000 epochs... >> loss: 0.000351602
21500/50000 epochs... >> loss: 0.000177491
21550/50000 epochs... >> loss: 0.000275762
21600/50000 epochs... >> loss: 0.000253533
21650/50000 epochs... >> loss: 0.000286098
21700/50000 epochs... >> loss: 0.000206055
21750/50000 epochs... >> loss: 0.000242511
21800/50000 epochs... >> loss: 0.000250039
21850/50000 epochs... >> loss: 9.42253e-05
21900/50000 epochs... >> loss: 0.000215865
21950/50000 epochs... >> loss: 0.000296763
22000/50000 epochs... >> loss: 0.000238764
22050/50000 epochs... >> loss: 0.000198061
22100/50000 epochs... >> loss: 0.000377461
22150/50000 epochs... >> loss: 0.000346151
22200/50000 epochs... >> loss: 0.000136984
22250/50000 epochs... >> loss: 0.000173994
22300/50000 epochs... >> loss: 0.000293816
22350/50000 epochs... >> loss: 0.000390022
22400/50000 epochs... >> loss: 0.000331773
22450/50000 epochs... >> loss: 0.000299527
22500/50000 epochs... >> loss: 0.000310349
22550/50000 epochs... >> loss: 0.000252406
22600/50000 epochs... >> loss: 0.000325207
22650/50000 epochs... >> loss: 0.000234449
22700/50000 epochs... >> loss: 0.000202861
22750/50000 epochs... >> loss: 0.000233158
22800/50000 epochs... >> loss: 0.000165081
22850/50000 epochs... >> loss: 0.000219133
22900/50000 epochs... >> loss: 0.000302362
22950/50000 epochs... >> loss: 0.000199505
23000/50000 epochs... >> loss: 0.000239242
23050/50000 epochs... >> loss: 7.77686e-05
23100/50000 epochs... >> loss: 0.00024946
23150/50000 epochs... >> loss: 0.000182256
23200/50000 epochs... >> loss: 0.000294314
23250/50000 epochs... >> loss: 0.000111254
23300/50000 epochs... >> loss: 0.000291308
23350/50000 epochs... >> loss: 0.000249405
23400/50000 epochs... >> loss: 0.000291566
23450/50000 epochs... >> loss: 0.000178513
23500/50000 epochs... >> loss: 0.000124134
23550/50000 epochs... >> loss: 0.000119743
23600/50000 epochs... >> loss: 0.000274935
23650/50000 epochs... >> loss: 0.000345307
23700/50000 epochs... >> loss: 0.000277052
23750/50000 epochs... >> loss: 0.000345848
23800/50000 epochs... >> loss: 0.000195134
23850/50000 epochs... >> loss: 0.000153227
23900/50000 epochs... >> loss: 0.000226514
23950/50000 epochs... >> loss: 0.000151382
24000/50000 epochs... >> loss: 0.000293625
24050/50000 epochs... >> loss: 0.000256194
24100/50000 epochs... >> loss: 0.000120677
24150/50000 epochs... >> loss: 0.00019555
24200/50000 epochs... >> loss: 0.000248693
24250/50000 epochs... >> loss: 0.00020371
24300/50000 epochs... >> loss: 0.000234389
24350/50000 epochs... >> loss: 0.000325492
24400/50000 epochs... >> loss: 0.000348738
24450/50000 epochs... >> loss: 0.000303233
24500/50000 epochs... >> loss: 0.000312343
24550/50000 epochs... >> loss: 0.000196589
24600/50000 epochs... >> loss: 0.000240655
24650/50000 epochs... >> loss: 0.000276798
24700/50000 epochs... >> loss: 0.000310624
24750/50000 epochs... >> loss: 0.000310808
24800/50000 epochs... >> loss: 0.000334412
24850/50000 epochs... >> loss: 0.000152394
24900/50000 epochs... >> loss: 0.000202012
24950/50000 epochs... >> loss: 0.000169883
25000/50000 epochs... >> loss: 0.000289243
Iter@25000
For each left:
Hits@1: 55.70%
Hits@10: 85.50%
Hits@50: 94.12%
Hits@100: 96.02%
Hits@200: 97.42%
MRR: 0.66314828489
For each right:
Hits@1: 53.93%
Hits@10: 84.32%
Hits@50: 93.58%
Hits@100: 95.90%
Hits@200: 97.37%
MRR: 0.647201424863
25050/50000 epochs... >> loss: 0.00031442
25100/50000 epochs... >> loss: 0.000228273
25150/50000 epochs... >> loss: 0.000241826
25200/50000 epochs... >> loss: 0.000222327
25250/50000 epochs... >> loss: 0.000323518
25300/50000 epochs... >> loss: 0.000353971
25350/50000 epochs... >> loss: 0.00014729
25400/50000 epochs... >> loss: 0.000232097
25450/50000 epochs... >> loss: 0.000206891
25500/50000 epochs... >> loss: 0.000259667
25550/50000 epochs... >> loss: 0.000210962
25600/50000 epochs... >> loss: 0.000288827
25650/50000 epochs... >> loss: 0.000316199
25700/50000 epochs... >> loss: 0.000128043
25750/50000 epochs... >> loss: 0.000218433
25800/50000 epochs... >> loss: 0.000148427
25850/50000 epochs... >> loss: 0.000123688
25900/50000 epochs... >> loss: 0.000295825
25950/50000 epochs... >> loss: 0.000293329
26000/50000 epochs... >> loss: 0.000315294
26050/50000 epochs... >> loss: 0.00019329
26100/50000 epochs... >> loss: 0.00030476
26150/50000 epochs... >> loss: 0.000251178
26200/50000 epochs... >> loss: 0.000220428
26250/50000 epochs... >> loss: 0.000202279
26300/50000 epochs... >> loss: 0.000164706
26350/50000 epochs... >> loss: 0.000234512
26400/50000 epochs... >> loss: 0.00024558
26450/50000 epochs... >> loss: 0.000311171
26500/50000 epochs... >> loss: 0.000167789
26550/50000 epochs... >> loss: 0.00020147
26600/50000 epochs... >> loss: 0.000255059
26650/50000 epochs... >> loss: 0.000278254
26700/50000 epochs... >> loss: 0.000240695
26750/50000 epochs... >> loss: 0.000159986
26800/50000 epochs... >> loss: 0.000202502
26850/50000 epochs... >> loss: 0.000331107
26900/50000 epochs... >> loss: 0.000221017
26950/50000 epochs... >> loss: 0.000205816
27000/50000 epochs... >> loss: 0.000246063
27050/50000 epochs... >> loss: 9.71351e-05
27100/50000 epochs... >> loss: 0.000197062
27150/50000 epochs... >> loss: 0.000152181
27200/50000 epochs... >> loss: 0.000347837
27250/50000 epochs... >> loss: 0.000219933
27300/50000 epochs... >> loss: 0.000163383
27350/50000 epochs... >> loss: 0.000400136
27400/50000 epochs... >> loss: 0.000221316
27450/50000 epochs... >> loss: 0.000150415
27500/50000 epochs... >> loss: 0.000254669
27550/50000 epochs... >> loss: 0.000276057
27600/50000 epochs... >> loss: 0.000150321
27650/50000 epochs... >> loss: 0.00025233
27700/50000 epochs... >> loss: 0.000213923
27750/50000 epochs... >> loss: 0.000343555
27800/50000 epochs... >> loss: 0.000209047
27850/50000 epochs... >> loss: 0.0004245
27900/50000 epochs... >> loss: 0.000373877
27950/50000 epochs... >> loss: 0.000254456
28000/50000 epochs... >> loss: 0.000159303
28050/50000 epochs... >> loss: 0.0002169
28100/50000 epochs... >> loss: 0.000202882
28150/50000 epochs... >> loss: 0.000309455
28200/50000 epochs... >> loss: 0.000113942
28250/50000 epochs... >> loss: 0.000152169
28300/50000 epochs... >> loss: 0.000230994
28350/50000 epochs... >> loss: 0.000306208
28400/50000 epochs... >> loss: 0.000212003
28450/50000 epochs... >> loss: 0.000285369
28500/50000 epochs... >> loss: 0.000191948
28550/50000 epochs... >> loss: 0.000215016
28600/50000 epochs... >> loss: 0.000249055
28650/50000 epochs... >> loss: 0.000220817
28700/50000 epochs... >> loss: 0.00024295
28750/50000 epochs... >> loss: 0.000190717
28800/50000 epochs... >> loss: 0.000164872
28850/50000 epochs... >> loss: 0.00028189
28900/50000 epochs... >> loss: 0.000206395
28950/50000 epochs... >> loss: 0.000349551
29000/50000 epochs... >> loss: 0.000159058
29050/50000 epochs... >> loss: 0.00032123
29100/50000 epochs... >> loss: 0.00031001
29150/50000 epochs... >> loss: 0.000312406
29200/50000 epochs... >> loss: 0.000185098
29250/50000 epochs... >> loss: 0.000219369
29300/50000 epochs... >> loss: 0.000196463
29350/50000 epochs... >> loss: 0.000201866
29400/50000 epochs... >> loss: 0.000187695
29450/50000 epochs... >> loss: 0.000185121
29500/50000 epochs... >> loss: 0.000175839
29550/50000 epochs... >> loss: 0.000227904
29600/50000 epochs... >> loss: 0.000256598
29650/50000 epochs... >> loss: 0.000247914
29700/50000 epochs... >> loss: 0.000162851
29750/50000 epochs... >> loss: 0.000421438
29800/50000 epochs... >> loss: 0.000207942
29850/50000 epochs... >> loss: 0.000119151
29900/50000 epochs... >> loss: 0.000166591
29950/50000 epochs... >> loss: 0.000254815
30000/50000 epochs... >> loss: 0.000194375
Iter@30000
For each left:
Hits@1: 55.59%
Hits@10: 85.73%
Hits@50: 94.05%
Hits@100: 96.14%
Hits@200: 97.42%
MRR: 0.663962427888
For each right:
Hits@1: 54.40%
Hits@10: 84.14%
Hits@50: 93.32%
Hits@100: 95.77%
Hits@200: 97.36%
MRR: 0.649980189056
30050/50000 epochs... >> loss: 0.000114674
30100/50000 epochs... >> loss: 6.82155e-05
30150/50000 epochs... >> loss: 0.000263335
30200/50000 epochs... >> loss: 0.000266206
30250/50000 epochs... >> loss: 0.000230624
30300/50000 epochs... >> loss: 0.000171409
30350/50000 epochs... >> loss: 0.000309838
30400/50000 epochs... >> loss: 0.000191304
30450/50000 epochs... >> loss: 0.000228822
30500/50000 epochs... >> loss: 0.000382292
30550/50000 epochs... >> loss: 0.000303633
30600/50000 epochs... >> loss: 0.000236202
30650/50000 epochs... >> loss: 0.000292089
30700/50000 epochs... >> loss: 0.000220438
30750/50000 epochs... >> loss: 0.000125275
30800/50000 epochs... >> loss: 0.000144368
30850/50000 epochs... >> loss: 0.000192861
30900/50000 epochs... >> loss: 0.000201542
30950/50000 epochs... >> loss: 6.86937e-05
31000/50000 epochs... >> loss: 0.000179256
31050/50000 epochs... >> loss: 0.000227128
31100/50000 epochs... >> loss: 0.000297961
31150/50000 epochs... >> loss: 0.000161946
31200/50000 epochs... >> loss: 0.000178166
31250/50000 epochs... >> loss: 0.000224136
31300/50000 epochs... >> loss: 0.000143162
31350/50000 epochs... >> loss: 0.000199536
31400/50000 epochs... >> loss: 0.000211966
31450/50000 epochs... >> loss: 0.000219452
31500/50000 epochs... >> loss: 0.000232043
31550/50000 epochs... >> loss: 0.00019192
31600/50000 epochs... >> loss: 0.000142818
31650/50000 epochs... >> loss: 0.000162676
31700/50000 epochs... >> loss: 0.000401299
31750/50000 epochs... >> loss: 0.000363379
31800/50000 epochs... >> loss: 0.000176716
31850/50000 epochs... >> loss: 0.00025108
31900/50000 epochs... >> loss: 0.000257671
31950/50000 epochs... >> loss: 0.000219008
32000/50000 epochs... >> loss: 0.000159659
32050/50000 epochs... >> loss: 0.000237505
32100/50000 epochs... >> loss: 0.000288076
32150/50000 epochs... >> loss: 0.000208417
32200/50000 epochs... >> loss: 0.000191589
32250/50000 epochs... >> loss: 0.000279315
32300/50000 epochs... >> loss: 0.000175695
32350/50000 epochs... >> loss: 0.000110995
32400/50000 epochs... >> loss: 0.000242163
32450/50000 epochs... >> loss: 0.000269292
32500/50000 epochs... >> loss: 0.000196654
32550/50000 epochs... >> loss: 0.000155121
32600/50000 epochs... >> loss: 0.00024831
32650/50000 epochs... >> loss: 0.000176088
32700/50000 epochs... >> loss: 0.000388003
32750/50000 epochs... >> loss: 0.000273595
32800/50000 epochs... >> loss: 0.000166082
32850/50000 epochs... >> loss: 0.000240225
32900/50000 epochs... >> loss: 0.000256248
32950/50000 epochs... >> loss: 0.000233926
33000/50000 epochs... >> loss: 0.000120497
33050/50000 epochs... >> loss: 0.000194366
33100/50000 epochs... >> loss: 0.00018626
33150/50000 epochs... >> loss: 0.000233426
33200/50000 epochs... >> loss: 0.000311712
33250/50000 epochs... >> loss: 0.000219484
33300/50000 epochs... >> loss: 0.000312988
33350/50000 epochs... >> loss: 0.000213204
33400/50000 epochs... >> loss: 0.000237117
33450/50000 epochs... >> loss: 0.000255679
33500/50000 epochs... >> loss: 0.000209833
33550/50000 epochs... >> loss: 0.00015229
33600/50000 epochs... >> loss: 0.000247158
33650/50000 epochs... >> loss: 0.000183482
33700/50000 epochs... >> loss: 0.000214067
33750/50000 epochs... >> loss: 0.000164048
33800/50000 epochs... >> loss: 0.000195345
33850/50000 epochs... >> loss: 0.000271817
33900/50000 epochs... >> loss: 0.000193926
33950/50000 epochs... >> loss: 0.000240653
34000/50000 epochs... >> loss: 0.000217043
34050/50000 epochs... >> loss: 0.00015165
34100/50000 epochs... >> loss: 0.000326209
34150/50000 epochs... >> loss: 0.000171537
34200/50000 epochs... >> loss: 0.000171161
34250/50000 epochs... >> loss: 0.0002408
34300/50000 epochs... >> loss: 0.000169328
34350/50000 epochs... >> loss: 0.000147643
34400/50000 epochs... >> loss: 0.000157514
34450/50000 epochs... >> loss: 0.000160983
34500/50000 epochs... >> loss: 0.000186528
34550/50000 epochs... >> loss: 0.000242514
34600/50000 epochs... >> loss: 0.000238043
34650/50000 epochs... >> loss: 0.00023327
34700/50000 epochs... >> loss: 0.000186063
34750/50000 epochs... >> loss: 0.000307372
34800/50000 epochs... >> loss: 0.0002757
34850/50000 epochs... >> loss: 0.000101149
34900/50000 epochs... >> loss: 0.000209224
34950/50000 epochs... >> loss: 0.000247909
35000/50000 epochs... >> loss: 0.000157131
Iter@35000
For each left:
Hits@1: 56.20%
Hits@10: 85.87%
Hits@50: 93.82%
Hits@100: 95.90%
Hits@200: 97.33%
MRR: 0.666810222636
For each right:
Hits@1: 54.90%
Hits@10: 84.49%
Hits@50: 93.40%
Hits@100: 95.72%
Hits@200: 97.28%
MRR: 0.653688329724
35050/50000 epochs... >> loss: 0.000254824
35100/50000 epochs... >> loss: 0.000193413
35150/50000 epochs... >> loss: 0.00017586
35200/50000 epochs... >> loss: 0.000296086
35250/50000 epochs... >> loss: 0.000195924
35300/50000 epochs... >> loss: 0.000272186
35350/50000 epochs... >> loss: 0.000248393
35400/50000 epochs... >> loss: 0.000162306
35450/50000 epochs... >> loss: 0.000263259
35500/50000 epochs... >> loss: 0.000152196
35550/50000 epochs... >> loss: 0.000187908
35600/50000 epochs... >> loss: 0.000169515
35650/50000 epochs... >> loss: 0.000203477
35700/50000 epochs... >> loss: 0.000287998
35750/50000 epochs... >> loss: 0.000194352
35800/50000 epochs... >> loss: 0.000245321
35850/50000 epochs... >> loss: 0.000179461
35900/50000 epochs... >> loss: 0.000342522
35950/50000 epochs... >> loss: 0.00027104
36000/50000 epochs... >> loss: 0.000102611
36050/50000 epochs... >> loss: 0.000227055
36100/50000 epochs... >> loss: 0.000150277
36150/50000 epochs... >> loss: 5.27703e-05
36200/50000 epochs... >> loss: 0.000220141
36250/50000 epochs... >> loss: 0.000132751
36300/50000 epochs... >> loss: 0.000227397
36350/50000 epochs... >> loss: 0.00028037
36400/50000 epochs... >> loss: 0.000155533
36450/50000 epochs... >> loss: 0.000157319
36500/50000 epochs... >> loss: 0.000304959
36550/50000 epochs... >> loss: 0.000233312
36600/50000 epochs... >> loss: 0.000234631
36650/50000 epochs... >> loss: 0.000140233
36700/50000 epochs... >> loss: 0.000209084
36750/50000 epochs... >> loss: 0.000286539
36800/50000 epochs... >> loss: 0.000176174
36850/50000 epochs... >> loss: 0.000162052
36900/50000 epochs... >> loss: 0.000207989
36950/50000 epochs... >> loss: 0.000156464
37000/50000 epochs... >> loss: 0.000102193
37050/50000 epochs... >> loss: 0.000191433
37100/50000 epochs... >> loss: 0.000154772
37150/50000 epochs... >> loss: 0.000165805
37200/50000 epochs... >> loss: 0.000216556
37250/50000 epochs... >> loss: 0.000376364
37300/50000 epochs... >> loss: 0.00014579
37350/50000 epochs... >> loss: 0.000160378
37400/50000 epochs... >> loss: 0.000158171
37450/50000 epochs... >> loss: 0.000215079
37500/50000 epochs... >> loss: 0.000255277
37550/50000 epochs... >> loss: 0.000219088
37600/50000 epochs... >> loss: 0.00029265
37650/50000 epochs... >> loss: 0.000269047
37700/50000 epochs... >> loss: 0.00015912
37750/50000 epochs... >> loss: 0.00022692
37800/50000 epochs... >> loss: 0.000186341
37850/50000 epochs... >> loss: 0.000290635
37900/50000 epochs... >> loss: 0.00021857
37950/50000 epochs... >> loss: 0.000194813
38000/50000 epochs... >> loss: 0.000190724
38050/50000 epochs... >> loss: 0.000183526
38100/50000 epochs... >> loss: 0.000159747
38150/50000 epochs... >> loss: 0.000135271
38200/50000 epochs... >> loss: 0.000207644
38250/50000 epochs... >> loss: 0.000216337
38300/50000 epochs... >> loss: 0.000147415
38350/50000 epochs... >> loss: 0.000205709
38400/50000 epochs... >> loss: 0.000367814
38450/50000 epochs... >> loss: 0.000272686
38500/50000 epochs... >> loss: 0.000228138
38550/50000 epochs... >> loss: 0.000236079
38600/50000 epochs... >> loss: 0.000228857
38650/50000 epochs... >> loss: 0.000157169
38700/50000 epochs... >> loss: 0.000317537
38750/50000 epochs... >> loss: 0.000360493
38800/50000 epochs... >> loss: 0.000245928
38850/50000 epochs... >> loss: 0.000104242
38900/50000 epochs... >> loss: 0.000126984
38950/50000 epochs... >> loss: 0.00032895
39000/50000 epochs... >> loss: 0.000308145
39050/50000 epochs... >> loss: 0.000153049
39100/50000 epochs... >> loss: 0.000278011
39150/50000 epochs... >> loss: 0.000228269
39200/50000 epochs... >> loss: 6.37563e-05
39250/50000 epochs... >> loss: 0.000174257
39300/50000 epochs... >> loss: 0.000272072
39350/50000 epochs... >> loss: 0.000233659
39400/50000 epochs... >> loss: 0.000247996
39450/50000 epochs... >> loss: 0.000207948
39500/50000 epochs... >> loss: 0.000277037
39550/50000 epochs... >> loss: 0.000184773
39600/50000 epochs... >> loss: 0.000206568
39650/50000 epochs... >> loss: 0.00013934
39700/50000 epochs... >> loss: 0.000246494
39750/50000 epochs... >> loss: 0.000212455
39800/50000 epochs... >> loss: 0.000316501
39850/50000 epochs... >> loss: 0.000172682
39900/50000 epochs... >> loss: 0.000247558
39950/50000 epochs... >> loss: 0.000141467
40000/50000 epochs... >> loss: 0.000123916
Iter@40000
For each left:
Hits@1: 56.23%
Hits@10: 85.99%
Hits@50: 93.70%
Hits@100: 95.77%
Hits@200: 97.21%
MRR: 0.666818489438
For each right:
Hits@1: 54.72%
Hits@10: 84.49%
Hits@50: 93.30%
Hits@100: 95.54%
Hits@200: 97.10%
MRR: 0.652666506441
40050/50000 epochs... >> loss: 0.000174457
40100/50000 epochs... >> loss: 0.000119383
40150/50000 epochs... >> loss: 0.000169779
40200/50000 epochs... >> loss: 0.000290064
40250/50000 epochs... >> loss: 0.000229567
40300/50000 epochs... >> loss: 0.00015881
40350/50000 epochs... >> loss: 0.000150113
40400/50000 epochs... >> loss: 0.000155076
40450/50000 epochs... >> loss: 0.000321448
40500/50000 epochs... >> loss: 0.000331125
40550/50000 epochs... >> loss: 0.000169047
40600/50000 epochs... >> loss: 0.000220503
40650/50000 epochs... >> loss: 0.000254309
40700/50000 epochs... >> loss: 0.000296131
40750/50000 epochs... >> loss: 0.000159685
40800/50000 epochs... >> loss: 0.000159437
40850/50000 epochs... >> loss: 9.66753e-05
40900/50000 epochs... >> loss: 0.000135875
40950/50000 epochs... >> loss: 0.000222896
41000/50000 epochs... >> loss: 0.000205181
41050/50000 epochs... >> loss: 0.000125821
41100/50000 epochs... >> loss: 0.000215752
41150/50000 epochs... >> loss: 0.000248511
41200/50000 epochs... >> loss: 0.000258223
41250/50000 epochs... >> loss: 0.000165885
41300/50000 epochs... >> loss: 0.000134848
41350/50000 epochs... >> loss: 0.000184328
41400/50000 epochs... >> loss: 0.000213611
41450/50000 epochs... >> loss: 0.000185037
41500/50000 epochs... >> loss: 0.000195832
41550/50000 epochs... >> loss: 0.000231637
41600/50000 epochs... >> loss: 0.000273656
41650/50000 epochs... >> loss: 0.000208145
41700/50000 epochs... >> loss: 0.000179995
41750/50000 epochs... >> loss: 0.000167023
41800/50000 epochs... >> loss: 0.000264137
41850/50000 epochs... >> loss: 0.000177586
41900/50000 epochs... >> loss: 0.000157188
41950/50000 epochs... >> loss: 0.000157545
42000/50000 epochs... >> loss: 0.000253139
42050/50000 epochs... >> loss: 0.00033518
42100/50000 epochs... >> loss: 0.000252375
42150/50000 epochs... >> loss: 0.000148499
42200/50000 epochs... >> loss: 0.00020576
42250/50000 epochs... >> loss: 0.000102121
42300/50000 epochs... >> loss: 0.000221195
42350/50000 epochs... >> loss: 0.000209502
42400/50000 epochs... >> loss: 9.36236e-05
42450/50000 epochs... >> loss: 0.000292134
42500/50000 epochs... >> loss: 0.000162942
42550/50000 epochs... >> loss: 0.000155964
42600/50000 epochs... >> loss: 0.000186343
42650/50000 epochs... >> loss: 0.000278991
42700/50000 epochs... >> loss: 0.000196259
42750/50000 epochs... >> loss: 0.00030107
42800/50000 epochs... >> loss: 0.000122126
42850/50000 epochs... >> loss: 0.000143033
42900/50000 epochs... >> loss: 0.000117993
42950/50000 epochs... >> loss: 0.000205774
43000/50000 epochs... >> loss: 0.000331571
43050/50000 epochs... >> loss: 0.000199813
43100/50000 epochs... >> loss: 0.00014744
43150/50000 epochs... >> loss: 0.000178908
43200/50000 epochs... >> loss: 0.000284968
43250/50000 epochs... >> loss: 0.000191437
43300/50000 epochs... >> loss: 0.000375183
43350/50000 epochs... >> loss: 0.000191564
43400/50000 epochs... >> loss: 0.000286747
43450/50000 epochs... >> loss: 0.000118727
43500/50000 epochs... >> loss: 0.000174299
43550/50000 epochs... >> loss: 0.000151919
43600/50000 epochs... >> loss: 0.000176983
43650/50000 epochs... >> loss: 0.000166438
43700/50000 epochs... >> loss: 0.000169214
43750/50000 epochs... >> loss: 0.00018411
43800/50000 epochs... >> loss: 0.0002954
43850/50000 epochs... >> loss: 0.000212721
43900/50000 epochs... >> loss: 0.000200607
43950/50000 epochs... >> loss: 0.000182343
44000/50000 epochs... >> loss: 0.000207404
44050/50000 epochs... >> loss: 0.000194678
44100/50000 epochs... >> loss: 0.000201206
44150/50000 epochs... >> loss: 0.000271106
44200/50000 epochs... >> loss: 0.000146369
44250/50000 epochs... >> loss: 0.000265063
44300/50000 epochs... >> loss: 0.000103752
44350/50000 epochs... >> loss: 0.000241822
44400/50000 epochs... >> loss: 0.000204327
44450/50000 epochs... >> loss: 0.000272448
44500/50000 epochs... >> loss: 0.000314532
44550/50000 epochs... >> loss: 0.000225988
44600/50000 epochs... >> loss: 0.000154753
44650/50000 epochs... >> loss: 0.000211629
44700/50000 epochs... >> loss: 0.000207738
44750/50000 epochs... >> loss: 0.000201424
44800/50000 epochs... >> loss: 0.000257039
44850/50000 epochs... >> loss: 0.000137282
44900/50000 epochs... >> loss: 0.000173949
44950/50000 epochs... >> loss: 0.000343537
45000/50000 epochs... >> loss: 0.000235389
Iter@45000
For each left:
Hits@1: 56.07%
Hits@10: 85.76%
Hits@50: 93.59%
Hits@100: 95.39%
Hits@200: 97.06%
MRR: 0.666017640219
For each right:
Hits@1: 54.82%
Hits@10: 84.20%
Hits@50: 93.03%
Hits@100: 95.01%
Hits@200: 96.80%
MRR: 0.651974536944
45050/50000 epochs... >> loss: 0.000190311
45100/50000 epochs... >> loss: 0.000203145
45150/50000 epochs... >> loss: 0.00022936
45200/50000 epochs... >> loss: 0.000151042
45250/50000 epochs... >> loss: 0.000132751
45300/50000 epochs... >> loss: 0.000162046
45350/50000 epochs... >> loss: 0.000209418
45400/50000 epochs... >> loss: 0.000247367
45450/50000 epochs... >> loss: 0.000216758
45500/50000 epochs... >> loss: 0.000158222
45550/50000 epochs... >> loss: 0.000217197
45600/50000 epochs... >> loss: 0.000152993
45650/50000 epochs... >> loss: 0.000180587
45700/50000 epochs... >> loss: 0.000231534
45750/50000 epochs... >> loss: 0.000203031
45800/50000 epochs... >> loss: 0.000191062
45850/50000 epochs... >> loss: 0.000182706
45900/50000 epochs... >> loss: 0.000209167
45950/50000 epochs... >> loss: 0.000176528
46000/50000 epochs... >> loss: 0.000165642
46050/50000 epochs... >> loss: 0.000269333
46100/50000 epochs... >> loss: 0.000138834
46150/50000 epochs... >> loss: 0.000152319
46200/50000 epochs... >> loss: 0.00016631
46250/50000 epochs... >> loss: 0.000350431
46300/50000 epochs... >> loss: 0.00012026
46350/50000 epochs... >> loss: 0.000152846
46400/50000 epochs... >> loss: 0.000138002
46450/50000 epochs... >> loss: 0.000255928
46500/50000 epochs... >> loss: 0.000245571
46550/50000 epochs... >> loss: 0.000205446
46600/50000 epochs... >> loss: 0.000170692
46650/50000 epochs... >> loss: 0.000156982
46700/50000 epochs... >> loss: 0.000150772
46750/50000 epochs... >> loss: 0.00011793
46800/50000 epochs... >> loss: 0.000155479
46850/50000 epochs... >> loss: 0.00025592
46900/50000 epochs... >> loss: 0.000173959
46950/50000 epochs... >> loss: 0.000139949
47000/50000 epochs... >> loss: 0.000312407
47050/50000 epochs... >> loss: 0.000194346
47100/50000 epochs... >> loss: 0.000165938
47150/50000 epochs... >> loss: 0.000296161
47200/50000 epochs... >> loss: 0.000176697
47250/50000 epochs... >> loss: 0.000183974
47300/50000 epochs... >> loss: 0.000241931
47350/50000 epochs... >> loss: 0.000263867
47400/50000 epochs... >> loss: 0.00021337
47450/50000 epochs... >> loss: 0.000240842
47500/50000 epochs... >> loss: 0.000369856
47550/50000 epochs... >> loss: 0.000109959
47600/50000 epochs... >> loss: 0.000151084
47650/50000 epochs... >> loss: 0.000187081
47700/50000 epochs... >> loss: 0.000238676
47750/50000 epochs... >> loss: 0.00029234
47800/50000 epochs... >> loss: 0.000233917
47850/50000 epochs... >> loss: 0.000349104
47900/50000 epochs... >> loss: 0.000125203
47950/50000 epochs... >> loss: 0.000292167
48000/50000 epochs... >> loss: 0.000134986
48050/50000 epochs... >> loss: 0.000254701
48100/50000 epochs... >> loss: 0.000247014
48150/50000 epochs... >> loss: 0.000257489
48200/50000 epochs... >> loss: 0.000144158
48250/50000 epochs... >> loss: 0.000252229
48300/50000 epochs... >> loss: 0.000180625
48350/50000 epochs... >> loss: 0.000283967
48400/50000 epochs... >> loss: 0.000193908
48450/50000 epochs... >> loss: 0.000125007
48500/50000 epochs... >> loss: 0.000138982
48550/50000 epochs... >> loss: 0.000225337
48600/50000 epochs... >> loss: 0.000240353
48650/50000 epochs... >> loss: 0.000296272
48700/50000 epochs... >> loss: 0.000180408
48750/50000 epochs... >> loss: 0.000204103
48800/50000 epochs... >> loss: 0.000129195
48850/50000 epochs... >> loss: 0.000173392
48900/50000 epochs... >> loss: 0.000159282
48950/50000 epochs... >> loss: 9.72944e-05
49000/50000 epochs... >> loss: 0.000233835
49050/50000 epochs... >> loss: 0.000183447
49100/50000 epochs... >> loss: 0.00023701
49150/50000 epochs... >> loss: 0.000182034
49200/50000 epochs... >> loss: 8.46557e-05
49250/50000 epochs... >> loss: 0.000202184
49300/50000 epochs... >> loss: 0.000193378
49350/50000 epochs... >> loss: 9.09333e-05
49400/50000 epochs... >> loss: 0.000166838
49450/50000 epochs... >> loss: 0.000149325
49500/50000 epochs... >> loss: 0.000245937
49550/50000 epochs... >> loss: 0.000191248
49600/50000 epochs... >> loss: 0.000179373
49650/50000 epochs... >> loss: 0.00026703
49700/50000 epochs... >> loss: 0.000192268
49750/50000 epochs... >> loss: 0.000218594
49800/50000 epochs... >> loss: 0.00019131
49850/50000 epochs... >> loss: 0.000188195
49900/50000 epochs... >> loss: 0.000276219
49950/50000 epochs... >> loss: 0.000273595
50000/50000 epochs... >> loss: 0.000130662
Iter@50000
For each left:
Hits@1: 56.08%
Hits@10: 85.86%
Hits@50: 93.54%
Hits@100: 95.35%
Hits@200: 96.98%
MRR: 0.666422323903
For each right:
Hits@1: 54.76%
Hits@10: 84.42%
Hits@50: 93.04%
Hits@100: 95.12%
Hits@200: 96.70%
MRR: 0.652155162592
For each left:
Hits@1: 56.08%
Hits@10: 85.86%
Hits@50: 93.54%
Hits@100: 95.35%
Hits@200: 96.98%
MRR: 0.666422323903
For each right:
Hits@1: 54.76%
Hits@10: 84.42%
Hits@50: 93.04%
Hits@100: 95.12%
Hits@200: 96.70%
MRR: 0.652155162592
total time elapsed: 5336.1889 s
