16-39-08

Hits@1: 88.82%
Hits@10: 94.77%
Hits@50: 96.33%
Hits@100: 96.80%
MRR: 0.910848961277
16-40-56

Hits@1: 88.90%
Hits@10: 95.01%
Hits@50: 96.41%
Hits@100: 96.93%
MRR: 0.912155095435
16-42-22

Hits@1: 87.30%
Hits@10: 94.88%
Hits@50: 96.37%
Hits@100: 96.85%
MRR: 0.902129985075
16-43-48

Hits@1: 84.35%
Hits@10: 93.67%
Hits@50: 95.70%
Hits@100: 96.42%
MRR: 0.878066775796
16-45-14

Hits@1: 79.69%
Hits@10: 91.20%
Hits@50: 94.14%
Hits@100: 95.15%
MRR: 0.839086159834
16-46-40

Hits@1: 74.16%
Hits@10: 87.75%
Hits@50: 91.81%
Hits@100: 93.28%
MRR: 0.790154457422
16-48-06

Hits@1: 68.13%
Hits@10: 83.17%
Hits@50: 88.61%
Hits@100: 90.54%
MRR: 0.735596890115
16-49-33

*********************logs/dbp_wd_15k_V1*********************
loading a file...data/dbp_wd_15k_V1/ent_ids_1
loading a file...data/dbp_wd_15k_V1/ent_ids_2
loading a file...data/dbp_wd_15k_V1/ref_ent_ids
loading a file...data/dbp_wd_15k_V1/triples_1
loading a file...data/dbp_wd_15k_V1/triples_2
adding the primal input layer...
getting a sparse tensor...
first interaction...
computing the dual input...
adding self attention layer...
adding sparse attention layer...
second interaction...
computing the dual input...
adding dual attention layer...
adding sparse attention layer...
gcn layers...
adding a diag layer...
adding a diag layer...
getting loss...
initializing...
running...
For each left:
Hits@1: 82.81%
Hits@10: 89.82%
Hits@50: 92.16%
Hits@100: 93.07%
MRR: 0.852732336594
1/600 epochs... 0.614278
2/600 epochs... 0.614278
3/600 epochs... 0.610786
4/600 epochs... 0.606708
5/600 epochs... 0.602598
6/600 epochs... 0.598541
7/600 epochs... 0.594546
8/600 epochs... 0.590611
9/600 epochs... 0.586707
10/600 epochs... 0.582828
For each left:
Hits@1: 82.99%
Hits@10: 89.83%
Hits@50: 92.17%
Hits@100: 93.02%
MRR: 0.85400486626
11/600 epochs... 0.836934
12/600 epochs... 0.836934
13/600 epochs... 0.832721
14/600 epochs... 0.828464
15/600 epochs... 0.824177
16/600 epochs... 0.819867
17/600 epochs... 0.815542
18/600 epochs... 0.811206
19/600 epochs... 0.806859
20/600 epochs... 0.802498
For each left:
Hits@1: 83.04%
Hits@10: 89.92%
Hits@50: 92.17%
Hits@100: 93.04%
MRR: 0.854404087861
21/600 epochs... 0.794335
22/600 epochs... 0.794335
23/600 epochs... 0.790078
24/600 epochs... 0.785824
25/600 epochs... 0.781575
26/600 epochs... 0.777338
27/600 epochs... 0.773104
28/600 epochs... 0.768875
29/600 epochs... 0.764649
30/600 epochs... 0.760426
For each left:
Hits@1: 83.12%
Hits@10: 90.06%
Hits@50: 92.15%
Hits@100: 93.07%
MRR: 0.855095366004
31/600 epochs... 0.75253
32/600 epochs... 0.75253
33/600 epochs... 0.748412
34/600 epochs... 0.744299
35/600 epochs... 0.740193
36/600 epochs... 0.736104
37/600 epochs... 0.732029
38/600 epochs... 0.727966
39/600 epochs... 0.723912
40/600 epochs... 0.719867
For each left:
Hits@1: 83.18%
Hits@10: 90.04%
Hits@50: 92.22%
Hits@100: 93.10%
MRR: 0.85594511536
41/600 epochs... 0.712272
42/600 epochs... 0.712272
43/600 epochs... 0.708333
44/600 epochs... 0.704403
45/600 epochs... 0.700484
46/600 epochs... 0.696571
47/600 epochs... 0.692662
48/600 epochs... 0.688757
49/600 epochs... 0.684858
50/600 epochs... 0.680963
For each left:
Hits@1: 83.18%
Hits@10: 90.16%
Hits@50: 92.25%
Hits@100: 93.11%
MRR: 0.856122311615
51/600 epochs... 0.673618
52/600 epochs... 0.673618
53/600 epochs... 0.669828
54/600 epochs... 0.666049
55/600 epochs... 0.662279
56/600 epochs... 0.658515
57/600 epochs... 0.654762
58/600 epochs... 0.651023
59/600 epochs... 0.647294
60/600 epochs... 0.643574
For each left:
Hits@1: 83.14%
Hits@10: 90.19%
Hits@50: 92.31%
Hits@100: 93.16%
MRR: 0.855977363527
61/600 epochs... 0.636548
62/600 epochs... 0.636548
63/600 epochs... 0.63292
64/600 epochs... 0.629301
65/600 epochs... 0.62569
66/600 epochs... 0.622086
67/600 epochs... 0.61849
68/600 epochs... 0.614901
69/600 epochs... 0.611322
70/600 epochs... 0.607752
For each left:
Hits@1: 82.96%
Hits@10: 90.20%
Hits@50: 92.34%
Hits@100: 93.17%
MRR: 0.855071607274
71/600 epochs... 0.601
72/600 epochs... 0.601
73/600 epochs... 0.597518
74/600 epochs... 0.594048
75/600 epochs... 0.590586
76/600 epochs... 0.587133
77/600 epochs... 0.583689
78/600 epochs... 0.580254
79/600 epochs... 0.576829
80/600 epochs... 0.573414
For each left:
Hits@1: 82.86%
Hits@10: 90.19%
Hits@50: 92.33%
Hits@100: 93.18%
MRR: 0.854251343252
81/600 epochs... 0.566953
82/600 epochs... 0.566953
83/600 epochs... 0.563627
84/600 epochs... 0.56031
85/600 epochs... 0.557005
86/600 epochs... 0.553713
87/600 epochs... 0.550435
88/600 epochs... 0.547171
89/600 epochs... 0.543921
90/600 epochs... 0.540685
For each left:
Hits@1: 82.74%
Hits@10: 90.19%
Hits@50: 92.36%
Hits@100: 93.12%
MRR: 0.853647618182
91/600 epochs... 0.534583
92/600 epochs... 0.534583
93/600 epochs... 0.531445
94/600 epochs... 0.528319
95/600 epochs... 0.525204
96/600 epochs... 0.522101
97/600 epochs... 0.519011
98/600 epochs... 0.515932
99/600 epochs... 0.512865
100/600 epochs... 0.509809
For each left:
Hits@1: 82.65%
Hits@10: 90.17%
Hits@50: 92.34%
Hits@100: 93.11%
MRR: 0.852992449289
101/600 epochs... 0.50404
102/600 epochs... 0.50404
103/600 epochs... 0.501075
104/600 epochs... 0.498122
105/600 epochs... 0.495178
106/600 epochs... 0.492245
107/600 epochs... 0.489322
108/600 epochs... 0.486407
109/600 epochs... 0.483501
110/600 epochs... 0.480609
For each left:
Hits@1: 82.49%
Hits@10: 90.15%
Hits@50: 92.38%
Hits@100: 93.11%
MRR: 0.852085965535
111/600 epochs... 0.475141
112/600 epochs... 0.475141
113/600 epochs... 0.472327
114/600 epochs... 0.469526
115/600 epochs... 0.466737
116/600 epochs... 0.46396
117/600 epochs... 0.461195
118/600 epochs... 0.458441
119/600 epochs... 0.455697
120/600 epochs... 0.452963
For each left:
Hits@1: 82.27%
Hits@10: 90.11%
Hits@50: 92.37%
Hits@100: 93.10%
MRR: 0.850704312831
121/600 epochs... 0.447794
122/600 epochs... 0.447794
123/600 epochs... 0.445133
124/600 epochs... 0.442484
125/600 epochs... 0.439847
126/600 epochs... 0.437221
127/600 epochs... 0.434601
128/600 epochs... 0.431992
129/600 epochs... 0.429392
130/600 epochs... 0.426802
For each left:
Hits@1: 82.05%
Hits@10: 90.06%
Hits@50: 92.44%
Hits@100: 93.08%
MRR: 0.848886896981
131/600 epochs... 0.421892
132/600 epochs... 0.421892
133/600 epochs... 0.419367
134/600 epochs... 0.416851
135/600 epochs... 0.414342
136/600 epochs... 0.41184
137/600 epochs... 0.40935
138/600 epochs... 0.406868
139/600 epochs... 0.404394
140/600 epochs... 0.401929
For each left:
Hits@1: 81.76%
Hits@10: 89.94%
Hits@50: 92.42%
Hits@100: 93.10%
MRR: 0.846949643763
141/600 epochs... 0.397266
142/600 epochs... 0.397266
143/600 epochs... 0.394871
144/600 epochs... 0.392486
145/600 epochs... 0.39011
146/600 epochs... 0.387744
147/600 epochs... 0.385388
148/600 epochs... 0.383042
149/600 epochs... 0.380705
150/600 epochs... 0.378379
For each left:
Hits@1: 81.35%
Hits@10: 89.80%
Hits@50: 92.37%
Hits@100: 93.10%
MRR: 0.844268382565
151/600 epochs... 0.373974
152/600 epochs... 0.373974
153/600 epochs... 0.371715
154/600 epochs... 0.369464
155/600 epochs... 0.367223
156/600 epochs... 0.364993
157/600 epochs... 0.362775
158/600 epochs... 0.360564
159/600 epochs... 0.358362
160/600 epochs... 0.356167
For each left:
Hits@1: 80.91%
Hits@10: 89.72%
Hits@50: 92.36%
Hits@100: 93.10%
MRR: 0.840908868499
161/600 epochs... 0.352008
162/600 epochs... 0.352008
163/600 epochs... 0.349879
164/600 epochs... 0.347758
165/600 epochs... 0.345648
166/600 epochs... 0.343549
167/600 epochs... 0.341457
168/600 epochs... 0.339375
169/600 epochs... 0.337298
170/600 epochs... 0.335226
For each left:
Hits@1: 80.40%
Hits@10: 89.49%
Hits@50: 92.24%
Hits@100: 93.06%
MRR: 0.837098757825
171/600 epochs... 0.331295
172/600 epochs... 0.331295
173/600 epochs... 0.329278
174/600 epochs... 0.32727
175/600 epochs... 0.325269
176/600 epochs... 0.323275
177/600 epochs... 0.321289
178/600 epochs... 0.319317
179/600 epochs... 0.317351
180/600 epochs... 0.315392
For each left:
Hits@1: 79.88%
Hits@10: 89.31%
Hits@50: 92.11%
Hits@100: 92.94%
MRR: 0.833042451401
181/600 epochs... 0.31167
182/600 epochs... 0.31167
183/600 epochs... 0.30976
184/600 epochs... 0.307856
185/600 epochs... 0.305962
186/600 epochs... 0.304075
187/600 epochs... 0.302192
188/600 epochs... 0.300319
189/600 epochs... 0.298451
190/600 epochs... 0.296591
For each left:
Hits@1: 79.21%
Hits@10: 89.09%
Hits@50: 91.98%
Hits@100: 92.87%
MRR: 0.828075590737
191/600 epochs... 0.293064
192/600 epochs... 0.293064
193/600 epochs... 0.291257
194/600 epochs... 0.289458
195/600 epochs... 0.28767
196/600 epochs... 0.28589
197/600 epochs... 0.284117
198/600 epochs... 0.282353
199/600 epochs... 0.280597
200/600 epochs... 0.27885
For each left:
Hits@1: 78.44%
Hits@10: 88.84%
Hits@50: 91.77%
Hits@100: 92.75%
MRR: 0.822073462871
201/600 epochs... 0.275542
202/600 epochs... 0.275542
203/600 epochs... 0.273846
204/600 epochs... 0.272159
205/600 epochs... 0.270481
206/600 epochs... 0.26881
207/600 epochs... 0.267147
208/600 epochs... 0.26549
209/600 epochs... 0.263841
210/600 epochs... 0.2622
For each left:
Hits@1: 77.88%
Hits@10: 88.46%
Hits@50: 91.57%
Hits@100: 92.57%
MRR: 0.817218222671
211/600 epochs... 0.259089
212/600 epochs... 0.259089
213/600 epochs... 0.257494
214/600 epochs... 0.255907
215/600 epochs... 0.254327
216/600 epochs... 0.252756
217/600 epochs... 0.251192
218/600 epochs... 0.249634
219/600 epochs... 0.248082
220/600 epochs... 0.24654
For each left:
Hits@1: 77.10%
Hits@10: 88.22%
Hits@50: 91.32%
Hits@100: 92.39%
MRR: 0.811280540865
221/600 epochs... 0.243622
222/600 epochs... 0.243622
223/600 epochs... 0.24213
224/600 epochs... 0.240645
225/600 epochs... 0.239169
226/600 epochs... 0.237702
227/600 epochs... 0.236245
228/600 epochs... 0.234798
229/600 epochs... 0.233357
230/600 epochs... 0.231924
For each left:
Hits@1: 76.51%
Hits@10: 87.75%
Hits@50: 91.10%
Hits@100: 92.16%
MRR: 0.806088648958
231/600 epochs... 0.229207
232/600 epochs... 0.229207
233/600 epochs... 0.227823
234/600 epochs... 0.22645
235/600 epochs... 0.225087
236/600 epochs... 0.22373
237/600 epochs... 0.22238
238/600 epochs... 0.22104
239/600 epochs... 0.219707
240/600 epochs... 0.218381
For each left:
Hits@1: 75.78%
Hits@10: 87.28%
Hits@50: 90.70%
Hits@100: 92.06%
MRR: 0.799611467199
241/600 epochs... 0.215861
242/600 epochs... 0.215861
243/600 epochs... 0.214575
244/600 epochs... 0.213298
245/600 epochs... 0.212028
246/600 epochs... 0.210765
247/600 epochs... 0.20951
248/600 epochs... 0.208264
249/600 epochs... 0.207024
250/600 epochs... 0.205791
For each left:
Hits@1: 75.16%
Hits@10: 86.77%
Hits@50: 90.50%
Hits@100: 91.81%
MRR: 0.794141030737
251/600 epochs... 0.203449
252/600 epochs... 0.203449
253/600 epochs... 0.202255
254/600 epochs... 0.201066
255/600 epochs... 0.199884
256/600 epochs... 0.19871
257/600 epochs... 0.197542
258/600 epochs... 0.196379
259/600 epochs... 0.195226
260/600 epochs... 0.194077
For each left:
Hits@1: 74.50%
Hits@10: 86.45%
Hits@50: 90.22%
Hits@100: 91.62%
MRR: 0.788536842743
261/600 epochs... 0.191892
262/600 epochs... 0.191892
263/600 epochs... 0.19078
264/600 epochs... 0.189675
265/600 epochs... 0.188577
266/600 epochs... 0.187485
267/600 epochs... 0.186403
268/600 epochs... 0.185325
269/600 epochs... 0.184255
270/600 epochs... 0.183193
For each left:
Hits@1: 73.81%
Hits@10: 86.15%
Hits@50: 89.89%
Hits@100: 91.34%
MRR: 0.782827448563
271/600 epochs... 0.181166
272/600 epochs... 0.181166
273/600 epochs... 0.180134
274/600 epochs... 0.179109
275/600 epochs... 0.178092
276/600 epochs... 0.177081
277/600 epochs... 0.176079
278/600 epochs... 0.175084
279/600 epochs... 0.174094
280/600 epochs... 0.173109
For each left:
Hits@1: 73.16%
Hits@10: 85.76%
Hits@50: 89.64%
Hits@100: 91.08%
MRR: 0.777238257748
281/600 epochs... 0.171239
282/600 epochs... 0.171239
283/600 epochs... 0.170289
284/600 epochs... 0.169343
285/600 epochs... 0.168403
286/600 epochs... 0.167469
287/600 epochs... 0.166541
288/600 epochs... 0.165621
289/600 epochs... 0.164707
290/600 epochs... 0.163801
For each left:
Hits@1: 72.48%
Hits@10: 85.37%
Hits@50: 89.50%
Hits@100: 90.84%
MRR: 0.771707534693
291/600 epochs... 0.162077
292/600 epochs... 0.162077
293/600 epochs... 0.1612
294/600 epochs... 0.160329
295/600 epochs... 0.159466
296/600 epochs... 0.15861
297/600 epochs... 0.15776
298/600 epochs... 0.156919
299/600 epochs... 0.156083
300/600 epochs... 0.155255
For each left:
Hits@1: 71.90%
Hits@10: 85.02%
Hits@50: 89.38%
Hits@100: 90.70%
MRR: 0.766626175485
301/600 epochs... 0.153674
302/600 epochs... 0.153674
303/600 epochs... 0.152873
304/600 epochs... 0.152078
305/600 epochs... 0.151288
306/600 epochs... 0.150505
307/600 epochs... 0.149728
308/600 epochs... 0.148957
309/600 epochs... 0.148189
310/600 epochs... 0.147431
For each left:
Hits@1: 71.24%
Hits@10: 84.62%
Hits@50: 88.94%
Hits@100: 90.56%
MRR: 0.76128433461
311/600 epochs... 0.145973
312/600 epochs... 0.145973
313/600 epochs... 0.145235
314/600 epochs... 0.144501
315/600 epochs... 0.143773
316/600 epochs... 0.143051
317/600 epochs... 0.14233
318/600 epochs... 0.141614
319/600 epochs... 0.140903
320/600 epochs... 0.140197
For each left:
Hits@1: 70.68%
Hits@10: 84.29%
Hits@50: 88.69%
Hits@100: 90.42%
MRR: 0.756027409041
321/600 epochs... 0.138845
322/600 epochs... 0.138845
323/600 epochs... 0.138158
324/600 epochs... 0.137478
325/600 epochs... 0.136801
326/600 epochs... 0.136128
327/600 epochs... 0.13546
328/600 epochs... 0.134796
329/600 epochs... 0.134136
330/600 epochs... 0.133482
For each left:
Hits@1: 70.08%
Hits@10: 83.91%
Hits@50: 88.38%
Hits@100: 90.15%
MRR: 0.750759141613
331/600 epochs... 0.132238
332/600 epochs... 0.132238
333/600 epochs... 0.131615
334/600 epochs... 0.130987
335/600 epochs... 0.130357
336/600 epochs... 0.129731
337/600 epochs... 0.129109
338/600 epochs... 0.12849
339/600 epochs... 0.127874
340/600 epochs... 0.12726
For each left:
Hits@1: 69.60%
Hits@10: 83.60%
Hits@50: 88.14%
Hits@100: 89.86%
MRR: 0.746048922632
341/600 epochs... 0.126089
342/600 epochs... 0.126089
343/600 epochs... 0.125494
344/600 epochs... 0.124901
345/600 epochs... 0.124311
346/600 epochs... 0.123726
347/600 epochs... 0.123141
348/600 epochs... 0.122562
349/600 epochs... 0.121986
350/600 epochs... 0.121415
For each left:
Hits@1: 69.17%
Hits@10: 83.31%
Hits@50: 87.90%
Hits@100: 89.62%
MRR: 0.741674770714
351/600 epochs... 0.120325
352/600 epochs... 0.120325
353/600 epochs... 0.119769
354/600 epochs... 0.119218
355/600 epochs... 0.118668
356/600 epochs... 0.118119
357/600 epochs... 0.117575
358/600 epochs... 0.117034
359/600 epochs... 0.116499
360/600 epochs... 0.115978
For each left:
Hits@1: 68.67%
Hits@10: 82.92%
Hits@50: 87.64%
Hits@100: 89.37%
MRR: 0.737204617001
361/600 epochs... 0.115085
362/600 epochs... 0.115085
363/600 epochs... 0.114734
364/600 epochs... 0.114478
365/600 epochs... 0.11417
366/600 epochs... 0.113693
367/600 epochs... 0.113169
368/600 epochs... 0.112626
369/600 epochs... 0.112089
370/600 epochs... 0.111573
For each left:
Hits@1: 68.16%
Hits@10: 82.58%
Hits@50: 87.28%
Hits@100: 89.26%
MRR: 0.732851048232
371/600 epochs... 0.110672
372/600 epochs... 0.110672
373/600 epochs... 0.110171
374/600 epochs... 0.109681
375/600 epochs... 0.109196
376/600 epochs... 0.108702
377/600 epochs... 0.108221
378/600 epochs... 0.10773
379/600 epochs... 0.107239
380/600 epochs... 0.106741
For each left:
Hits@1: 67.85%
Hits@10: 82.34%
Hits@50: 87.07%
Hits@100: 89.08%
MRR: 0.730126303904
381/600 epochs... 0.105818
382/600 epochs... 0.105818
383/600 epochs... 0.105345
384/600 epochs... 0.10486
385/600 epochs... 0.104366
386/600 epochs... 0.103906
387/600 epochs... 0.103427
388/600 epochs... 0.102952
389/600 epochs... 0.102481
390/600 epochs... 0.102011
For each left:
Hits@1: 67.31%
Hits@10: 82.11%
Hits@50: 86.93%
Hits@100: 88.99%
MRR: 0.726201260773
391/600 epochs... 0.101123
392/600 epochs... 0.101123
393/600 epochs... 0.100669
394/600 epochs... 0.100219
395/600 epochs... 0.0997695
396/600 epochs... 0.0993258
397/600 epochs... 0.0988853
398/600 epochs... 0.0984471
399/600 epochs... 0.0980105
400/600 epochs... 0.097577
For each left:
Hits@1: 66.92%
Hits@10: 81.99%
Hits@50: 86.89%
Hits@100: 88.98%
MRR: 0.72302523613
401/600 epochs... 0.0967477
402/600 epochs... 0.0967477
403/600 epochs... 0.0963257
404/600 epochs... 0.0958994
405/600 epochs... 0.0954831
406/600 epochs... 0.095069
407/600 epochs... 0.0946591
408/600 epochs... 0.0942506
409/600 epochs... 0.0938449
410/600 epochs... 0.0934411
For each left:
Hits@1: 66.74%
Hits@10: 81.78%
Hits@50: 86.87%
Hits@100: 88.89%
MRR: 0.720861044841
411/600 epochs... 0.0926649
412/600 epochs... 0.0926649
413/600 epochs... 0.0922734
414/600 epochs... 0.0918854
415/600 epochs... 0.0915016
416/600 epochs... 0.091122
417/600 epochs... 0.0907429
418/600 epochs... 0.0903617
419/600 epochs... 0.0899803
420/600 epochs... 0.0896001
For each left:
Hits@1: 66.50%
Hits@10: 81.54%
Hits@50: 86.84%
Hits@100: 88.77%
MRR: 0.718584634227
421/600 epochs... 0.0888714
422/600 epochs... 0.0888714
423/600 epochs... 0.0885015
424/600 epochs... 0.0881338
425/600 epochs... 0.0877687
426/600 epochs... 0.0874044
427/600 epochs... 0.0870418
428/600 epochs... 0.0866827
429/600 epochs... 0.086325
430/600 epochs... 0.0859702
For each left:
Hits@1: 66.17%
Hits@10: 81.31%
Hits@50: 86.73%
Hits@100: 88.64%
MRR: 0.715713457772
431/600 epochs... 0.0852937
432/600 epochs... 0.0852937
433/600 epochs... 0.0849491
434/600 epochs... 0.0846064
435/600 epochs... 0.084265
436/600 epochs... 0.083925
437/600 epochs... 0.0835872
438/600 epochs... 0.0832498
439/600 epochs... 0.0829138
440/600 epochs... 0.082582
For each left:
Hits@1: 65.93%
Hits@10: 81.12%
Hits@50: 86.66%
Hits@100: 88.60%
MRR: 0.713256472333
441/600 epochs... 0.0819476
442/600 epochs... 0.0819476
443/600 epochs... 0.0816242
444/600 epochs... 0.0813033
445/600 epochs... 0.0809821
446/600 epochs... 0.0806633
447/600 epochs... 0.080346
448/600 epochs... 0.0800312
449/600 epochs... 0.0797174
450/600 epochs... 0.0794081
For each left:
Hits@1: 65.60%
Hits@10: 80.87%
Hits@50: 86.49%
Hits@100: 88.66%
MRR: 0.710406757708
451/600 epochs... 0.0788058
452/600 epochs... 0.0788058
453/600 epochs... 0.0784998
454/600 epochs... 0.0781938
455/600 epochs... 0.0778884
456/600 epochs... 0.0775833
457/600 epochs... 0.0772805
458/600 epochs... 0.0769814
459/600 epochs... 0.0766826
460/600 epochs... 0.0763819
For each left:
Hits@1: 65.29%
Hits@10: 80.73%
Hits@50: 86.47%
Hits@100: 88.53%
MRR: 0.707703462213
461/600 epochs... 0.075809
462/600 epochs... 0.075809
463/600 epochs... 0.0755189
464/600 epochs... 0.0752311
465/600 epochs... 0.0749455
466/600 epochs... 0.0746614
467/600 epochs... 0.0743778
468/600 epochs... 0.0741008
469/600 epochs... 0.0738189
470/600 epochs... 0.0735405
For each left:
Hits@1: 65.10%
Hits@10: 80.51%
Hits@50: 86.32%
Hits@100: 88.47%
MRR: 0.705646708274
471/600 epochs... 0.0730052
472/600 epochs... 0.0730052
473/600 epochs... 0.0727336
474/600 epochs... 0.0724619
475/600 epochs... 0.0721924
476/600 epochs... 0.0719242
477/600 epochs... 0.0716562
478/600 epochs... 0.0713904
479/600 epochs... 0.0711257
480/600 epochs... 0.0708616
For each left:
Hits@1: 64.93%
Hits@10: 80.39%
Hits@50: 86.13%
Hits@100: 88.42%
MRR: 0.703820126572
481/600 epochs... 0.070355
482/600 epochs... 0.070355
483/600 epochs... 0.0700983
484/600 epochs... 0.0698421
485/600 epochs... 0.0695866
486/600 epochs... 0.0693317
487/600 epochs... 0.0690788
488/600 epochs... 0.0688274
489/600 epochs... 0.0685773
490/600 epochs... 0.0683276
For each left:
Hits@1: 64.76%
Hits@10: 80.24%
Hits@50: 86.08%
Hits@100: 88.30%
MRR: 0.702103728776
491/600 epochs... 0.0678481
492/600 epochs... 0.0678481
493/600 epochs... 0.0676048
494/600 epochs... 0.0673617
495/600 epochs... 0.0671202
496/600 epochs... 0.0668793
497/600 epochs... 0.0666393
498/600 epochs... 0.0664006
499/600 epochs... 0.0661627
500/600 epochs... 0.0659255
For each left:
Hits@1: 64.57%
Hits@10: 80.10%
Hits@50: 86.00%
Hits@100: 88.26%
MRR: 0.700498288801
501/600 epochs... 0.0654696
502/600 epochs... 0.0654696
503/600 epochs... 0.0652383
504/600 epochs... 0.0650077
505/600 epochs... 0.0647779
506/600 epochs... 0.0645511
507/600 epochs... 0.0643244
508/600 epochs... 0.0640986
509/600 epochs... 0.0638739
510/600 epochs... 0.0636507
For each left:
Hits@1: 64.39%
Hits@10: 79.93%
Hits@50: 85.97%
Hits@100: 88.26%
MRR: 0.698784579078
511/600 epochs... 0.0632198
512/600 epochs... 0.0632198
513/600 epochs... 0.063002
514/600 epochs... 0.0627857
515/600 epochs... 0.0625696
516/600 epochs... 0.0623558
517/600 epochs... 0.0621428
518/600 epochs... 0.0619309
519/600 epochs... 0.0617201
520/600 epochs... 0.0615103
For each left:
Hits@1: 64.15%
Hits@10: 79.80%
Hits@50: 85.95%
Hits@100: 88.24%
MRR: 0.696717067209
521/600 epochs... 0.0611035
522/600 epochs... 0.0611035
523/600 epochs... 0.0608969
524/600 epochs... 0.0606929
525/600 epochs... 0.0604884
526/600 epochs... 0.0602844
527/600 epochs... 0.0600818
528/600 epochs... 0.0598809
529/600 epochs... 0.0596797
530/600 epochs... 0.0594803
For each left:
Hits@1: 63.93%
Hits@10: 79.55%
Hits@50: 85.85%
Hits@100: 88.15%
MRR: 0.694558264055
531/600 epochs... 0.0590963
532/600 epochs... 0.0590963
533/600 epochs... 0.0588998
534/600 epochs... 0.0587062
535/600 epochs... 0.0585142
536/600 epochs... 0.0583208
537/600 epochs... 0.0581286
538/600 epochs... 0.0579387
539/600 epochs... 0.0577498
540/600 epochs... 0.0575617
For each left:
Hits@1: 63.71%
Hits@10: 79.38%
Hits@50: 85.77%
Hits@100: 88.14%
MRR: 0.692686808375
541/600 epochs... 0.0572009
542/600 epochs... 0.0572009
543/600 epochs... 0.0570173
544/600 epochs... 0.0568336
545/600 epochs... 0.0566523
546/600 epochs... 0.0564716
547/600 epochs... 0.0562914
548/600 epochs... 0.0561129
549/600 epochs... 0.0559351
550/600 epochs... 0.0557587
For each left:
Hits@1: 63.56%
Hits@10: 79.26%
Hits@50: 85.63%
Hits@100: 88.03%
MRR: 0.691385846976
551/600 epochs... 0.0554191
552/600 epochs... 0.0554191
553/600 epochs... 0.0552467
554/600 epochs... 0.0550763
555/600 epochs... 0.0549061
556/600 epochs... 0.0547376
557/600 epochs... 0.0545696
558/600 epochs... 0.0544024
559/600 epochs... 0.0542362
560/600 epochs... 0.0540718
For each left:
Hits@1: 63.38%
Hits@10: 79.18%
Hits@50: 85.57%
Hits@100: 87.93%
MRR: 0.689695763108
561/600 epochs... 0.0537551
562/600 epochs... 0.0537551
563/600 epochs... 0.0535949
564/600 epochs... 0.0534355
565/600 epochs... 0.0532768
566/600 epochs... 0.0531205
567/600 epochs... 0.0529641
568/600 epochs... 0.0528082
569/600 epochs... 0.0526534
570/600 epochs... 0.0524992
For each left:
Hits@1: 63.18%
Hits@10: 79.08%
Hits@50: 85.44%
Hits@100: 87.86%
MRR: 0.688154818353
571/600 epochs... 0.0522027
572/600 epochs... 0.0522027
573/600 epochs... 0.0520534
574/600 epochs... 0.0519069
575/600 epochs... 0.0517614
576/600 epochs... 0.0516144
577/600 epochs... 0.0514673
578/600 epochs... 0.0513214
579/600 epochs... 0.0511754
580/600 epochs... 0.0510305
For each left:
Hits@1: 62.98%
Hits@10: 79.06%
Hits@50: 85.31%
Hits@100: 87.82%
MRR: 0.686520308316
581/600 epochs... 0.0507643
582/600 epochs... 0.0507643
583/600 epochs... 0.0506235
584/600 epochs... 0.0504816
585/600 epochs... 0.0503441
586/600 epochs... 0.0502046
587/600 epochs... 0.050064
588/600 epochs... 0.0499234
589/600 epochs... 0.0497843
590/600 epochs... 0.0496462
For each left:
Hits@1: 62.81%
Hits@10: 78.95%
Hits@50: 85.30%
Hits@100: 87.77%
MRR: 0.684909770311
591/600 epochs... 0.0493811
592/600 epochs... 0.0493811
593/600 epochs... 0.0492469
594/600 epochs... 0.0491148
595/600 epochs... 0.0489918
596/600 epochs... 0.048873
597/600 epochs... 0.0487621
598/600 epochs... 0.0486352
599/600 epochs... 0.0485001
600/600 epochs... 0.048368
loss: [0.6142779, 0.83693391, 0.79433471, 0.7525301, 0.71227193, 0.67361844, 0.6365478, 0.60099989, 0.56695288, 0.53458303, 0.50403959, 0.47514072, 0.44779435, 0.42189151, 0.39726579, 0.37397394, 0.35200849, 0.33129531, 0.31167048, 0.29306373, 0.27554178, 0.25908872, 0.24362195, 0.2292065, 0.21586117, 0.20344914, 0.19189234, 0.18116635, 0.17123905, 0.16207659, 0.15367441, 0.1459734, 0.13884465, 0.13223784, 0.12608887, 0.12032478, 0.1150855, 0.11067196, 0.10581845, 0.1011228, 0.096747652, 0.09266486, 0.088871449, 0.085293651, 0.081947587, 0.078805797, 0.075808972, 0.073005207, 0.070354961, 0.067848071, 0.065469638, 0.063219815, 0.061103515, 0.059096251, 0.057200883, 0.055419095, 0.053755078, 0.052202653, 0.050764259, 0.049381107]
Result:
For each left:
Hits@1: 62.56%
Hits@10: 78.86%
Hits@50: 85.27%
Hits@100: 87.71%
MRR: 0.683209016346
total time elapsed: 5250.8868 s
