21-04-09

Hits@1: 84.84%
Hits@10: 92.27%
Hits@50: 94.29%
Hits@100: 94.91%
MRR: 0.874726824247
21-05-46

Hits@1: 85.02%
Hits@10: 92.14%
Hits@50: 94.25%
Hits@100: 94.85%
MRR: 0.875695938384
21-07-12

Hits@1: 85.11%
Hits@10: 92.19%
Hits@50: 94.32%
Hits@100: 94.83%
MRR: 0.87658468324
21-08-39

Hits@1: 85.15%
Hits@10: 92.24%
Hits@50: 94.38%
Hits@100: 94.91%
MRR: 0.877029414365
21-10-06

Hits@1: 85.21%
Hits@10: 92.29%
Hits@50: 94.45%
Hits@100: 95.00%
MRR: 0.877396525544
21-11-31

Hits@1: 85.24%
Hits@10: 92.42%
Hits@50: 94.47%
Hits@100: 94.97%
MRR: 0.877640932791
21-12-57

Hits@1: 85.19%
Hits@10: 92.42%
Hits@50: 94.52%
Hits@100: 94.98%
MRR: 0.877517847697
21-14-23

Hits@1: 85.16%
Hits@10: 92.43%
Hits@50: 94.55%
Hits@100: 95.03%
MRR: 0.877342692859
21-15-49

Hits@1: 85.10%
Hits@10: 92.47%
Hits@50: 94.58%
Hits@100: 95.05%
MRR: 0.877065172211
21-17-15

Hits@1: 85.12%
Hits@10: 92.50%
Hits@50: 94.55%
Hits@100: 95.08%
MRR: 0.877061929387
21-18-41

Hits@1: 84.96%
Hits@10: 92.52%
Hits@50: 94.63%
Hits@100: 95.10%
MRR: 0.87610069892
21-20-07

Hits@1: 84.81%
Hits@10: 92.63%
Hits@50: 94.66%
Hits@100: 95.14%
MRR: 0.875068403741
21-21-32

Hits@1: 84.72%
Hits@10: 92.52%
Hits@50: 94.70%
Hits@100: 95.14%
MRR: 0.874267673499
21-22-57

Hits@1: 84.42%
Hits@10: 92.50%
Hits@50: 94.69%
Hits@100: 95.18%
MRR: 0.87237587375
21-24-22

Hits@1: 84.22%
Hits@10: 92.50%
Hits@50: 94.66%
Hits@100: 95.18%
MRR: 0.870969506424
21-25-47

Hits@1: 83.86%
Hits@10: 92.40%
Hits@50: 94.67%
Hits@100: 95.17%
MRR: 0.868479895426
21-27-12

Hits@1: 83.70%
Hits@10: 92.29%
Hits@50: 94.62%
Hits@100: 95.18%
MRR: 0.867177849223
21-28-37

Hits@1: 83.31%
Hits@10: 92.23%
Hits@50: 94.60%
Hits@100: 95.11%
MRR: 0.864678698947
21-30-02

Hits@1: 83.07%
Hits@10: 92.10%
Hits@50: 94.54%
Hits@100: 95.07%
MRR: 0.862873659851
21-31-27

Hits@1: 82.85%
Hits@10: 92.05%
Hits@50: 94.53%
Hits@100: 95.05%
MRR: 0.861246979208
21-32-52

Hits@1: 82.42%
Hits@10: 91.94%
Hits@50: 94.46%
Hits@100: 95.04%
MRR: 0.858112067195
21-34-17

Hits@1: 82.00%
Hits@10: 91.84%
Hits@50: 94.36%
Hits@100: 94.99%
MRR: 0.855028853498
21-35-42

Hits@1: 81.81%
Hits@10: 91.64%
Hits@50: 94.30%
Hits@100: 94.90%
MRR: 0.853147185857
21-37-07

Hits@1: 81.40%
Hits@10: 91.48%
Hits@50: 94.25%
Hits@100: 94.87%
MRR: 0.849721332435
21-38-33

Hits@1: 80.99%
Hits@10: 91.29%
Hits@50: 94.14%
Hits@100: 94.82%
MRR: 0.846388689032
21-39-58

Hits@1: 80.56%
Hits@10: 91.10%
Hits@50: 94.10%
Hits@100: 94.74%
MRR: 0.842986352368
21-41-23

Hits@1: 80.15%
Hits@10: 90.92%
Hits@50: 93.99%
Hits@100: 94.69%
MRR: 0.839377998065
21-42-48

Hits@1: 79.71%
Hits@10: 90.67%
Hits@50: 93.86%
Hits@100: 94.60%
MRR: 0.835582265825
21-44-13

Hits@1: 79.29%
Hits@10: 90.45%
Hits@50: 93.67%
Hits@100: 94.45%
MRR: 0.832128351673
21-45-37

Hits@1: 78.95%
Hits@10: 90.19%
Hits@50: 93.49%
Hits@100: 94.29%
MRR: 0.828787908789
21-47-02

Hits@1: 78.51%
Hits@10: 90.00%
Hits@50: 93.35%
Hits@100: 94.17%
MRR: 0.825134898409
21-48-26

Hits@1: 78.03%
Hits@10: 89.72%
Hits@50: 93.22%
Hits@100: 94.00%
MRR: 0.821271391118
21-49-51

Hits@1: 77.55%
Hits@10: 89.36%
Hits@50: 93.03%
Hits@100: 93.91%
MRR: 0.817267023964
21-51-16

Hits@1: 77.03%
Hits@10: 89.14%
Hits@50: 92.90%
Hits@100: 93.86%
MRR: 0.813055640901
21-52-41

Hits@1: 76.55%
Hits@10: 88.87%
Hits@50: 92.66%
Hits@100: 93.61%
MRR: 0.808708167249
21-54-07

Hits@1: 76.08%
Hits@10: 88.50%
Hits@50: 92.51%
Hits@100: 93.48%
MRR: 0.804820242909
21-55-34

Hits@1: 75.56%
Hits@10: 88.20%
Hits@50: 92.15%
Hits@100: 93.28%
MRR: 0.800197521543
21-57-01

Hits@1: 75.12%
Hits@10: 87.88%
Hits@50: 91.99%
Hits@100: 93.12%
MRR: 0.796036653733
21-58-28

Hits@1: 74.76%
Hits@10: 87.51%
Hits@50: 91.80%
Hits@100: 92.95%
MRR: 0.792279849971
21-59-53

Hits@1: 74.39%
Hits@10: 87.24%
Hits@50: 91.61%
Hits@100: 92.83%
MRR: 0.788689451636
22-01-19

Hits@1: 74.05%
Hits@10: 87.00%
Hits@50: 91.42%
Hits@100: 92.72%
MRR: 0.785577598793
22-02-45

Hits@1: 73.64%
Hits@10: 86.65%
Hits@50: 91.25%
Hits@100: 92.59%
MRR: 0.782122368208
22-04-12

Hits@1: 73.39%
Hits@10: 86.30%
Hits@50: 91.12%
Hits@100: 92.41%
MRR: 0.779367413413
22-05-38

Hits@1: 73.01%
Hits@10: 86.12%
Hits@50: 90.94%
Hits@100: 92.28%
MRR: 0.776137708504
22-07-05

Hits@1: 72.64%
Hits@10: 85.92%
Hits@50: 90.81%
Hits@100: 92.11%
MRR: 0.773110474723
22-08-30

Hits@1: 72.24%
Hits@10: 85.70%
Hits@50: 90.70%
Hits@100: 92.01%
MRR: 0.77000487746
22-09-55

Hits@1: 71.93%
Hits@10: 85.54%
Hits@50: 90.57%
Hits@100: 92.02%
MRR: 0.76745584872
22-11-20

Hits@1: 71.77%
Hits@10: 85.38%
Hits@50: 90.47%
Hits@100: 91.98%
MRR: 0.765748837465
22-12-46

Hits@1: 71.66%
Hits@10: 85.24%
Hits@50: 90.38%
Hits@100: 91.90%
MRR: 0.764221342533
22-14-11

Hits@1: 71.49%
Hits@10: 85.12%
Hits@50: 90.30%
Hits@100: 91.84%
MRR: 0.762579220102
22-15-37

Hits@1: 71.29%
Hits@10: 84.97%
Hits@50: 90.15%
Hits@100: 91.77%
MRR: 0.760976212736
22-17-03

Hits@1: 71.11%
Hits@10: 84.86%
Hits@50: 90.05%
Hits@100: 91.67%
MRR: 0.759291867574
22-18-27

Hits@1: 70.90%
Hits@10: 84.63%
Hits@50: 89.90%
Hits@100: 91.61%
MRR: 0.757403068453
22-19-53

Hits@1: 70.70%
Hits@10: 84.49%
Hits@50: 89.81%
Hits@100: 91.64%
MRR: 0.755947514973
22-21-18

Hits@1: 70.49%
Hits@10: 84.47%
Hits@50: 89.72%
Hits@100: 91.49%
MRR: 0.75400026931
22-22-43

Hits@1: 70.32%
Hits@10: 84.24%
Hits@50: 89.65%
Hits@100: 91.41%
MRR: 0.752432678598
22-24-08

Hits@1: 70.21%
Hits@10: 84.07%
Hits@50: 89.65%
Hits@100: 91.37%
MRR: 0.751201996912
22-25-33

Hits@1: 70.10%
Hits@10: 84.00%
Hits@50: 89.58%
Hits@100: 91.31%
MRR: 0.749883325629
22-26-59

Hits@1: 69.89%
Hits@10: 83.93%
Hits@50: 89.50%
Hits@100: 91.28%
MRR: 0.748264344278
22-28-25

Hits@1: 69.72%
Hits@10: 83.90%
Hits@50: 89.45%
Hits@100: 91.25%
MRR: 0.746831169125
22-29-50

Hits@1: 69.53%
Hits@10: 83.88%
Hits@50: 89.41%
Hits@100: 91.16%
MRR: 0.745533533449
22-30-16

*********************logs/dbp_yg_15k_V1*********************
loading a file...data/dbp_yg_15k_V1/ent_ids_1
loading a file...data/dbp_yg_15k_V1/ent_ids_2
loading a file...data/dbp_yg_15k_V1/ref_ent_ids
loading a file...data/dbp_yg_15k_V1/triples_1
loading a file...data/dbp_yg_15k_V1/triples_2
adding the primal input layer...
getting a sparse tensor...
first interaction...
computing the dual input...
adding self attention layer...
adding sparse attention layer...
second interaction...
computing the dual input...
adding dual attention layer...
adding sparse attention layer...
gcn layers...
adding a diag layer...
adding a diag layer...
getting loss...
initializing...
running...
For each left:
Hits@1: 84.96%
Hits@10: 93.03%
Hits@50: 94.99%
Hits@100: 95.44%
MRR: 0.878294006786
1/600 epochs... 0.564083
2/600 epochs... 0.564083
3/600 epochs... 0.560203
4/600 epochs... 0.555745
5/600 epochs... 0.551321
6/600 epochs... 0.546985
7/600 epochs... 0.542741
8/600 epochs... 0.538575
9/600 epochs... 0.534451
10/600 epochs... 0.530369
For each left:
Hits@1: 85.00%
Hits@10: 93.05%
Hits@50: 94.98%
Hits@100: 95.41%
MRR: 0.878558308645
11/600 epochs... 0.788299
12/600 epochs... 0.788299
13/600 epochs... 0.783921
14/600 epochs... 0.779494
15/600 epochs... 0.775038
16/600 epochs... 0.770554
17/600 epochs... 0.76605
18/600 epochs... 0.761546
19/600 epochs... 0.75705
20/600 epochs... 0.752561
For each left:
Hits@1: 85.17%
Hits@10: 93.04%
Hits@50: 94.96%
Hits@100: 95.43%
MRR: 0.879770315568
21/600 epochs... 0.744357
22/600 epochs... 0.744357
23/600 epochs... 0.740019
24/600 epochs... 0.735696
25/600 epochs... 0.731385
26/600 epochs... 0.727089
27/600 epochs... 0.722812
28/600 epochs... 0.71855
29/600 epochs... 0.7143
30/600 epochs... 0.710062
For each left:
Hits@1: 85.24%
Hits@10: 93.06%
Hits@50: 94.98%
Hits@100: 95.42%
MRR: 0.880076666704
31/600 epochs... 0.702238
32/600 epochs... 0.702238
33/600 epochs... 0.698125
34/600 epochs... 0.694025
35/600 epochs... 0.689942
36/600 epochs... 0.685878
37/600 epochs... 0.681829
38/600 epochs... 0.677795
39/600 epochs... 0.673776
40/600 epochs... 0.66977
For each left:
Hits@1: 85.15%
Hits@10: 93.08%
Hits@50: 94.97%
Hits@100: 95.40%
MRR: 0.879479369473
41/600 epochs... 0.662287
42/600 epochs... 0.662287
43/600 epochs... 0.658404
44/600 epochs... 0.654542
45/600 epochs... 0.650693
46/600 epochs... 0.64686
47/600 epochs... 0.643042
48/600 epochs... 0.639238
49/600 epochs... 0.635451
50/600 epochs... 0.631682
For each left:
Hits@1: 85.09%
Hits@10: 93.02%
Hits@50: 95.00%
Hits@100: 95.35%
MRR: 0.878885772595
51/600 epochs... 0.624614
52/600 epochs... 0.624614
53/600 epochs... 0.620956
54/600 epochs... 0.617311
55/600 epochs... 0.61368
56/600 epochs... 0.610064
57/600 epochs... 0.606462
58/600 epochs... 0.602877
59/600 epochs... 0.599307
60/600 epochs... 0.59575
For each left:
Hits@1: 85.09%
Hits@10: 93.00%
Hits@50: 94.90%
Hits@100: 95.36%
MRR: 0.878688710937
61/600 epochs... 0.589051
62/600 epochs... 0.589051
63/600 epochs... 0.585601
64/600 epochs... 0.582169
65/600 epochs... 0.578755
66/600 epochs... 0.575354
67/600 epochs... 0.571969
68/600 epochs... 0.568599
69/600 epochs... 0.565241
70/600 epochs... 0.561899
For each left:
Hits@1: 84.90%
Hits@10: 92.98%
Hits@50: 94.96%
Hits@100: 95.35%
MRR: 0.877792309322
71/600 epochs... 0.555615
72/600 epochs... 0.555615
73/600 epochs... 0.552381
74/600 epochs... 0.549162
75/600 epochs... 0.545967
76/600 epochs... 0.542792
77/600 epochs... 0.539636
78/600 epochs... 0.536498
79/600 epochs... 0.533376
80/600 epochs... 0.53027
For each left:
Hits@1: 84.76%
Hits@10: 92.95%
Hits@50: 95.02%
Hits@100: 95.37%
MRR: 0.876956361881
81/600 epochs... 0.52441
82/600 epochs... 0.52441
83/600 epochs... 0.521388
84/600 epochs... 0.518379
85/600 epochs... 0.51538
86/600 epochs... 0.51239
87/600 epochs... 0.509412
88/600 epochs... 0.506442
89/600 epochs... 0.503483
90/600 epochs... 0.500532
For each left:
Hits@1: 84.71%
Hits@10: 92.96%
Hits@50: 94.96%
Hits@100: 95.36%
MRR: 0.876564305473
91/600 epochs... 0.494958
92/600 epochs... 0.494958
93/600 epochs... 0.492091
94/600 epochs... 0.489236
95/600 epochs... 0.486394
96/600 epochs... 0.483566
97/600 epochs... 0.480749
98/600 epochs... 0.477941
99/600 epochs... 0.475142
100/600 epochs... 0.472353
For each left:
Hits@1: 84.61%
Hits@10: 92.92%
Hits@50: 95.01%
Hits@100: 95.41%
MRR: 0.87602406402
101/600 epochs... 0.467077
102/600 epochs... 0.467077
103/600 epochs... 0.464366
104/600 epochs... 0.461669
105/600 epochs... 0.458986
106/600 epochs... 0.456315
107/600 epochs... 0.453656
108/600 epochs... 0.451012
109/600 epochs... 0.44838
110/600 epochs... 0.445763
For each left:
Hits@1: 84.48%
Hits@10: 92.92%
Hits@50: 95.03%
Hits@100: 95.45%
MRR: 0.875056194603
111/600 epochs... 0.44082
112/600 epochs... 0.44082
113/600 epochs... 0.438286
114/600 epochs... 0.435764
115/600 epochs... 0.433253
116/600 epochs... 0.430754
117/600 epochs... 0.428266
118/600 epochs... 0.425787
119/600 epochs... 0.423319
120/600 epochs... 0.42086
For each left:
Hits@1: 84.27%
Hits@10: 92.85%
Hits@50: 95.05%
Hits@100: 95.41%
MRR: 0.873594615735
121/600 epochs... 0.416222
122/600 epochs... 0.416222
123/600 epochs... 0.413835
124/600 epochs... 0.411458
125/600 epochs... 0.40909
126/600 epochs... 0.406732
127/600 epochs... 0.404382
128/600 epochs... 0.40204
129/600 epochs... 0.399708
130/600 epochs... 0.397387
For each left:
Hits@1: 83.97%
Hits@10: 92.78%
Hits@50: 94.97%
Hits@100: 95.44%
MRR: 0.871647429193
131/600 epochs... 0.393001
132/600 epochs... 0.393001
133/600 epochs... 0.390752
134/600 epochs... 0.388517
135/600 epochs... 0.386294
136/600 epochs... 0.384085
137/600 epochs... 0.381886
138/600 epochs... 0.3797
139/600 epochs... 0.377522
140/600 epochs... 0.375354
For each left:
Hits@1: 83.62%
Hits@10: 92.75%
Hits@50: 94.97%
Hits@100: 95.38%
MRR: 0.869527713322
141/600 epochs... 0.371254
142/600 epochs... 0.371254
143/600 epochs... 0.369151
144/600 epochs... 0.367057
145/600 epochs... 0.364974
146/600 epochs... 0.362903
147/600 epochs... 0.360839
148/600 epochs... 0.358785
149/600 epochs... 0.356741
150/600 epochs... 0.35471
For each left:
Hits@1: 83.39%
Hits@10: 92.72%
Hits@50: 94.97%
Hits@100: 95.38%
MRR: 0.867732360181
151/600 epochs... 0.350869
152/600 epochs... 0.350869
153/600 epochs... 0.348903
154/600 epochs... 0.34695
155/600 epochs... 0.345007
156/600 epochs... 0.343073
157/600 epochs... 0.341149
158/600 epochs... 0.339236
159/600 epochs... 0.337333
160/600 epochs... 0.335439
For each left:
Hits@1: 83.06%
Hits@10: 92.64%
Hits@50: 94.88%
Hits@100: 95.34%
MRR: 0.865535976683
161/600 epochs... 0.331855
162/600 epochs... 0.331855
163/600 epochs... 0.330018
164/600 epochs... 0.328189
165/600 epochs... 0.326368
166/600 epochs... 0.324553
167/600 epochs... 0.322748
168/600 epochs... 0.320951
169/600 epochs... 0.319167
170/600 epochs... 0.317391
For each left:
Hits@1: 82.78%
Hits@10: 92.55%
Hits@50: 94.80%
Hits@100: 95.33%
MRR: 0.863219745889
171/600 epochs... 0.314019
172/600 epochs... 0.314019
173/600 epochs... 0.312291
174/600 epochs... 0.310572
175/600 epochs... 0.308862
176/600 epochs... 0.307163
177/600 epochs... 0.305473
178/600 epochs... 0.303792
179/600 epochs... 0.302118
180/600 epochs... 0.300454
For each left:
Hits@1: 82.57%
Hits@10: 92.44%
Hits@50: 94.79%
Hits@100: 95.35%
MRR: 0.86111594227
181/600 epochs... 0.297293
182/600 epochs... 0.297293
183/600 epochs... 0.295678
184/600 epochs... 0.294071
185/600 epochs... 0.29247
186/600 epochs... 0.290877
187/600 epochs... 0.28929
188/600 epochs... 0.287709
189/600 epochs... 0.286136
190/600 epochs... 0.284569
For each left:
Hits@1: 82.12%
Hits@10: 92.37%
Hits@50: 94.71%
Hits@100: 95.34%
MRR: 0.857594575388
191/600 epochs... 0.281586
192/600 epochs... 0.281586
193/600 epochs... 0.280061
194/600 epochs... 0.278543
195/600 epochs... 0.277031
196/600 epochs... 0.275527
197/600 epochs... 0.274027
198/600 epochs... 0.272537
199/600 epochs... 0.271055
200/600 epochs... 0.269583
For each left:
Hits@1: 81.82%
Hits@10: 92.14%
Hits@50: 94.61%
Hits@100: 95.28%
MRR: 0.855289949194
201/600 epochs... 0.266784
202/600 epochs... 0.266784
203/600 epochs... 0.265355
204/600 epochs... 0.263934
205/600 epochs... 0.262522
206/600 epochs... 0.261119
207/600 epochs... 0.259724
208/600 epochs... 0.258338
209/600 epochs... 0.25696
210/600 epochs... 0.255591
For each left:
Hits@1: 81.40%
Hits@10: 92.07%
Hits@50: 94.50%
Hits@100: 95.16%
MRR: 0.851854945904
211/600 epochs... 0.252996
212/600 epochs... 0.252996
213/600 epochs... 0.251672
214/600 epochs... 0.250358
215/600 epochs... 0.249052
216/600 epochs... 0.247757
217/600 epochs... 0.246472
218/600 epochs... 0.245195
219/600 epochs... 0.243927
220/600 epochs... 0.242668
For each left:
Hits@1: 80.96%
Hits@10: 91.87%
Hits@50: 94.43%
Hits@100: 95.07%
MRR: 0.848267483851
221/600 epochs... 0.240278
222/600 epochs... 0.240278
223/600 epochs... 0.239059
224/600 epochs... 0.237846
225/600 epochs... 0.236639
226/600 epochs... 0.235438
227/600 epochs... 0.234244
228/600 epochs... 0.233054
229/600 epochs... 0.231873
230/600 epochs... 0.230698
For each left:
Hits@1: 80.50%
Hits@10: 91.61%
Hits@50: 94.30%
Hits@100: 95.01%
MRR: 0.844506514985
231/600 epochs... 0.228466
232/600 epochs... 0.228466
233/600 epochs... 0.227327
234/600 epochs... 0.226197
235/600 epochs... 0.225074
236/600 epochs... 0.22396
237/600 epochs... 0.222847
238/600 epochs... 0.22174
239/600 epochs... 0.220642
240/600 epochs... 0.219549
For each left:
Hits@1: 79.95%
Hits@10: 91.37%
Hits@50: 94.17%
Hits@100: 94.90%
MRR: 0.840259444852
241/600 epochs... 0.217472
242/600 epochs... 0.217472
243/600 epochs... 0.216413
244/600 epochs... 0.215359
245/600 epochs... 0.214311
246/600 epochs... 0.213268
247/600 epochs... 0.21223
248/600 epochs... 0.211198
249/600 epochs... 0.210171
250/600 epochs... 0.209149
For each left:
Hits@1: 79.66%
Hits@10: 91.17%
Hits@50: 94.00%
Hits@100: 94.78%
MRR: 0.837382149283
251/600 epochs... 0.207203
252/600 epochs... 0.207203
253/600 epochs... 0.206208
254/600 epochs... 0.205218
255/600 epochs... 0.204232
256/600 epochs... 0.203253
257/600 epochs... 0.202278
258/600 epochs... 0.201308
259/600 epochs... 0.200344
260/600 epochs... 0.199384
For each left:
Hits@1: 79.33%
Hits@10: 91.03%
Hits@50: 93.88%
Hits@100: 94.61%
MRR: 0.834304818966
261/600 epochs... 0.197555
262/600 epochs... 0.197555
263/600 epochs... 0.196622
264/600 epochs... 0.195693
265/600 epochs... 0.19477
266/600 epochs... 0.193851
267/600 epochs... 0.192939
268/600 epochs... 0.192032
269/600 epochs... 0.19113
270/600 epochs... 0.190231
For each left:
Hits@1: 79.05%
Hits@10: 90.70%
Hits@50: 93.78%
Hits@100: 94.50%
MRR: 0.831446785208
271/600 epochs... 0.188521
272/600 epochs... 0.188521
273/600 epochs... 0.187648
274/600 epochs... 0.186779
275/600 epochs... 0.185913
276/600 epochs... 0.185051
277/600 epochs... 0.184192
278/600 epochs... 0.183335
279/600 epochs... 0.182483
280/600 epochs... 0.181635
For each left:
Hits@1: 78.90%
Hits@10: 90.38%
Hits@50: 93.60%
Hits@100: 94.43%
MRR: 0.829618657491
281/600 epochs... 0.180022
282/600 epochs... 0.180022
283/600 epochs... 0.179197
284/600 epochs... 0.178374
285/600 epochs... 0.177557
286/600 epochs... 0.176743
287/600 epochs... 0.175934
288/600 epochs... 0.175128
289/600 epochs... 0.174326
290/600 epochs... 0.173529
For each left:
Hits@1: 78.59%
Hits@10: 90.17%
Hits@50: 93.46%
Hits@100: 94.31%
MRR: 0.827249855528
291/600 epochs... 0.172013
292/600 epochs... 0.172013
293/600 epochs... 0.171236
294/600 epochs... 0.170464
295/600 epochs... 0.169697
296/600 epochs... 0.168933
297/600 epochs... 0.168172
298/600 epochs... 0.167414
299/600 epochs... 0.166657
300/600 epochs... 0.165903
For each left:
Hits@1: 78.30%
Hits@10: 90.00%
Hits@50: 93.24%
Hits@100: 94.20%
MRR: 0.824906144794
301/600 epochs... 0.164477
302/600 epochs... 0.164477
303/600 epochs... 0.16375
304/600 epochs... 0.163024
305/600 epochs... 0.162302
306/600 epochs... 0.161585
307/600 epochs... 0.160872
308/600 epochs... 0.160162
309/600 epochs... 0.159456
310/600 epochs... 0.158755
For each left:
Hits@1: 78.01%
Hits@10: 89.82%
Hits@50: 92.99%
Hits@100: 94.03%
MRR: 0.822627439532
311/600 epochs... 0.157421
312/600 epochs... 0.157421
313/600 epochs... 0.156741
314/600 epochs... 0.156062
315/600 epochs... 0.155387
316/600 epochs... 0.154716
317/600 epochs... 0.154046
318/600 epochs... 0.153381
319/600 epochs... 0.152719
320/600 epochs... 0.152061
For each left:
Hits@1: 77.67%
Hits@10: 89.63%
Hits@50: 92.77%
Hits@100: 93.90%
MRR: 0.819744008544
321/600 epochs... 0.150804
322/600 epochs... 0.150804
323/600 epochs... 0.150163
324/600 epochs... 0.149524
325/600 epochs... 0.148889
326/600 epochs... 0.148256
327/600 epochs... 0.147627
328/600 epochs... 0.146999
329/600 epochs... 0.146373
330/600 epochs... 0.145749
For each left:
Hits@1: 77.49%
Hits@10: 89.40%
Hits@50: 92.62%
Hits@100: 93.75%
MRR: 0.817488757068
331/600 epochs... 0.144565
332/600 epochs... 0.144565
333/600 epochs... 0.143958
334/600 epochs... 0.143354
335/600 epochs... 0.142752
336/600 epochs... 0.142153
337/600 epochs... 0.141557
338/600 epochs... 0.140965
339/600 epochs... 0.140375
340/600 epochs... 0.139787
For each left:
Hits@1: 77.19%
Hits@10: 89.23%
Hits@50: 92.54%
Hits@100: 93.65%
MRR: 0.815030668855
341/600 epochs... 0.138668
342/600 epochs... 0.138668
343/600 epochs... 0.138096
344/600 epochs... 0.137528
345/600 epochs... 0.136962
346/600 epochs... 0.136398
347/600 epochs... 0.135837
348/600 epochs... 0.135279
349/600 epochs... 0.134724
350/600 epochs... 0.134173
For each left:
Hits@1: 76.93%
Hits@10: 88.90%
Hits@50: 92.41%
Hits@100: 93.54%
MRR: 0.812689432566
351/600 epochs... 0.133122
352/600 epochs... 0.133122
353/600 epochs... 0.132586
354/600 epochs... 0.132052
355/600 epochs... 0.131521
356/600 epochs... 0.130992
357/600 epochs... 0.130466
358/600 epochs... 0.129942
359/600 epochs... 0.129421
360/600 epochs... 0.128902
For each left:
Hits@1: 76.80%
Hits@10: 88.74%
Hits@50: 92.31%
Hits@100: 93.48%
MRR: 0.811163426876
361/600 epochs... 0.127913
362/600 epochs... 0.127913
363/600 epochs... 0.127407
364/600 epochs... 0.126903
365/600 epochs... 0.126402
366/600 epochs... 0.125901
367/600 epochs... 0.125404
368/600 epochs... 0.12491
369/600 epochs... 0.124418
370/600 epochs... 0.123928
For each left:
Hits@1: 76.58%
Hits@10: 88.51%
Hits@50: 92.24%
Hits@100: 93.25%
MRR: 0.809236110354
371/600 epochs... 0.122994
372/600 epochs... 0.122994
373/600 epochs... 0.122517
374/600 epochs... 0.122042
375/600 epochs... 0.121569
376/600 epochs... 0.121099
377/600 epochs... 0.120629
378/600 epochs... 0.120162
379/600 epochs... 0.119697
380/600 epochs... 0.119235
For each left:
Hits@1: 76.43%
Hits@10: 88.28%
Hits@50: 92.10%
Hits@100: 93.24%
MRR: 0.807501715778
381/600 epochs... 0.118351
382/600 epochs... 0.118351
383/600 epochs... 0.1179
384/600 epochs... 0.117451
385/600 epochs... 0.117004
386/600 epochs... 0.116559
387/600 epochs... 0.116116
388/600 epochs... 0.115673
389/600 epochs... 0.115233
390/600 epochs... 0.114797
For each left:
Hits@1: 76.28%
Hits@10: 88.10%
Hits@50: 92.05%
Hits@100: 93.10%
MRR: 0.805789932334
391/600 epochs... 0.113963
392/600 epochs... 0.113963
393/600 epochs... 0.113535
394/600 epochs... 0.113111
395/600 epochs... 0.112689
396/600 epochs... 0.112267
397/600 epochs... 0.111847
398/600 epochs... 0.111428
399/600 epochs... 0.111011
400/600 epochs... 0.110596
For each left:
Hits@1: 76.05%
Hits@10: 87.92%
Hits@50: 91.98%
Hits@100: 93.04%
MRR: 0.803881440565
401/600 epochs... 0.109804
402/600 epochs... 0.109804
403/600 epochs... 0.1094
404/600 epochs... 0.108998
405/600 epochs... 0.108599
406/600 epochs... 0.108201
407/600 epochs... 0.107805
408/600 epochs... 0.107413
409/600 epochs... 0.107023
410/600 epochs... 0.106632
For each left:
Hits@1: 75.79%
Hits@10: 87.89%
Hits@50: 91.91%
Hits@100: 93.01%
MRR: 0.801788004098
411/600 epochs... 0.105889
412/600 epochs... 0.105889
413/600 epochs... 0.105511
414/600 epochs... 0.105133
415/600 epochs... 0.104758
416/600 epochs... 0.104385
417/600 epochs... 0.104014
418/600 epochs... 0.103644
419/600 epochs... 0.103277
420/600 epochs... 0.102911
For each left:
Hits@1: 75.57%
Hits@10: 87.72%
Hits@50: 91.81%
Hits@100: 92.93%
MRR: 0.79984235667
421/600 epochs... 0.102212
422/600 epochs... 0.102212
423/600 epochs... 0.101856
424/600 epochs... 0.101502
425/600 epochs... 0.101151
426/600 epochs... 0.100801
427/600 epochs... 0.100451
428/600 epochs... 0.100105
429/600 epochs... 0.0997598
430/600 epochs... 0.0994153
For each left:
Hits@1: 75.35%
Hits@10: 87.62%
Hits@50: 91.71%
Hits@100: 92.91%
MRR: 0.797840204628
431/600 epochs... 0.0987574
432/600 epochs... 0.0987574
433/600 epochs... 0.0984224
434/600 epochs... 0.0980879
435/600 epochs... 0.0977546
436/600 epochs... 0.0974228
437/600 epochs... 0.0970929
438/600 epochs... 0.0967636
439/600 epochs... 0.0964357
440/600 epochs... 0.0961096
For each left:
Hits@1: 75.08%
Hits@10: 87.45%
Hits@50: 91.64%
Hits@100: 92.82%
MRR: 0.79570276049
441/600 epochs... 0.0954864
442/600 epochs... 0.0954864
443/600 epochs... 0.095168
444/600 epochs... 0.0948504
445/600 epochs... 0.0945338
446/600 epochs... 0.0942192
447/600 epochs... 0.0939054
448/600 epochs... 0.0935921
449/600 epochs... 0.0932822
450/600 epochs... 0.0929717
For each left:
Hits@1: 74.80%
Hits@10: 87.30%
Hits@50: 91.62%
Hits@100: 92.80%
MRR: 0.793514216387
451/600 epochs... 0.0923784
452/600 epochs... 0.0923784
453/600 epochs... 0.092076
454/600 epochs... 0.0917732
455/600 epochs... 0.0914711
456/600 epochs... 0.0911704
457/600 epochs... 0.0908713
458/600 epochs... 0.0905733
459/600 epochs... 0.0902749
460/600 epochs... 0.0899777
For each left:
Hits@1: 74.57%
Hits@10: 87.23%
Hits@50: 91.51%
Hits@100: 92.76%
MRR: 0.791735121416
461/600 epochs... 0.0894109
462/600 epochs... 0.0894109
463/600 epochs... 0.0891191
464/600 epochs... 0.0888296
465/600 epochs... 0.0885402
466/600 epochs... 0.088251
467/600 epochs... 0.0879624
468/600 epochs... 0.0876752
469/600 epochs... 0.0873892
470/600 epochs... 0.0871027
For each left:
Hits@1: 74.44%
Hits@10: 87.10%
Hits@50: 91.45%
Hits@100: 92.70%
MRR: 0.790375793277
471/600 epochs... 0.0865606
472/600 epochs... 0.0865606
473/600 epochs... 0.0862818
474/600 epochs... 0.0860048
475/600 epochs... 0.0857288
476/600 epochs... 0.0854532
477/600 epochs... 0.0851766
478/600 epochs... 0.0849035
479/600 epochs... 0.08463
480/600 epochs... 0.0843567
For each left:
Hits@1: 74.20%
Hits@10: 86.97%
Hits@50: 91.43%
Hits@100: 92.61%
MRR: 0.788455863633
481/600 epochs... 0.0838371
482/600 epochs... 0.0838371
483/600 epochs... 0.0835717
484/600 epochs... 0.0833064
485/600 epochs... 0.0830413
486/600 epochs... 0.0827784
487/600 epochs... 0.0825145
488/600 epochs... 0.0822526
489/600 epochs... 0.0819923
490/600 epochs... 0.0817324
For each left:
Hits@1: 73.92%
Hits@10: 86.93%
Hits@50: 91.35%
Hits@100: 92.56%
MRR: 0.786091491022
491/600 epochs... 0.0812385
492/600 epochs... 0.0812385
493/600 epochs... 0.0809869
494/600 epochs... 0.0807385
495/600 epochs... 0.0804873
496/600 epochs... 0.0802356
497/600 epochs... 0.0799853
498/600 epochs... 0.0797351
499/600 epochs... 0.0794856
500/600 epochs... 0.0792378
For each left:
Hits@1: 73.65%
Hits@10: 86.85%
Hits@50: 91.23%
Hits@100: 92.50%
MRR: 0.783791737705
501/600 epochs... 0.0787649
502/600 epochs... 0.0787649
503/600 epochs... 0.078522
504/600 epochs... 0.07828
505/600 epochs... 0.0780377
506/600 epochs... 0.0777972
507/600 epochs... 0.0775584
508/600 epochs... 0.0773185
509/600 epochs... 0.0770805
510/600 epochs... 0.0768429
For each left:
Hits@1: 73.47%
Hits@10: 86.66%
Hits@50: 91.09%
Hits@100: 92.49%
MRR: 0.782133856442
511/600 epochs... 0.0763907
512/600 epochs... 0.0763907
513/600 epochs... 0.0761597
514/600 epochs... 0.075929
515/600 epochs... 0.0756987
516/600 epochs... 0.0754694
517/600 epochs... 0.0752408
518/600 epochs... 0.0750132
519/600 epochs... 0.0747856
520/600 epochs... 0.0745592
For each left:
Hits@1: 73.18%
Hits@10: 86.50%
Hits@50: 91.04%
Hits@100: 92.35%
MRR: 0.779956365303
521/600 epochs... 0.0741273
522/600 epochs... 0.0741273
523/600 epochs... 0.0739046
524/600 epochs... 0.0736839
525/600 epochs... 0.0734642
526/600 epochs... 0.0732437
527/600 epochs... 0.0730229
528/600 epochs... 0.0728036
529/600 epochs... 0.0725862
530/600 epochs... 0.0723675
For each left:
Hits@1: 73.01%
Hits@10: 86.41%
Hits@50: 90.99%
Hits@100: 92.27%
MRR: 0.778259753068
531/600 epochs... 0.071953
532/600 epochs... 0.071953
533/600 epochs... 0.0717399
534/600 epochs... 0.0715268
535/600 epochs... 0.0713141
536/600 epochs... 0.071102
537/600 epochs... 0.0708903
538/600 epochs... 0.0706788
539/600 epochs... 0.070468
540/600 epochs... 0.0702572
For each left:
Hits@1: 72.76%
Hits@10: 86.22%
Hits@50: 90.90%
Hits@100: 92.17%
MRR: 0.776079313582
541/600 epochs... 0.0698582
542/600 epochs... 0.0698581
543/600 epochs... 0.0696523
544/600 epochs... 0.069446
545/600 epochs... 0.0692411
546/600 epochs... 0.0690371
547/600 epochs... 0.0688325
548/600 epochs... 0.0686283
549/600 epochs... 0.0684247
550/600 epochs... 0.0682215
For each left:
Hits@1: 72.55%
Hits@10: 86.12%
Hits@50: 90.82%
Hits@100: 92.12%
MRR: 0.774254277694
551/600 epochs... 0.067836
552/600 epochs... 0.067836
553/600 epochs... 0.067636
554/600 epochs... 0.0674373
555/600 epochs... 0.0672394
556/600 epochs... 0.0670412
557/600 epochs... 0.0668432
558/600 epochs... 0.0666453
559/600 epochs... 0.0664495
560/600 epochs... 0.0662532
For each left:
Hits@1: 72.34%
Hits@10: 85.89%
Hits@50: 90.69%
Hits@100: 92.05%
MRR: 0.77251838277
561/600 epochs... 0.0658803
562/600 epochs... 0.0658803
563/600 epochs... 0.0656887
564/600 epochs... 0.0654962
565/600 epochs... 0.0653038
566/600 epochs... 0.0651122
567/600 epochs... 0.064921
568/600 epochs... 0.0647294
569/600 epochs... 0.06454
570/600 epochs... 0.0643508
For each left:
Hits@1: 72.12%
Hits@10: 85.68%
Hits@50: 90.59%
Hits@100: 91.91%
MRR: 0.77067383241
571/600 epochs... 0.0639914
572/600 epochs... 0.0639914
573/600 epochs... 0.0638061
574/600 epochs... 0.0636209
575/600 epochs... 0.0634359
576/600 epochs... 0.063251
577/600 epochs... 0.0630673
578/600 epochs... 0.062884
579/600 epochs... 0.0627012
580/600 epochs... 0.0625179
For each left:
Hits@1: 71.84%
Hits@10: 85.60%
Hits@50: 90.47%
Hits@100: 91.90%
MRR: 0.768013934919
581/600 epochs... 0.0621716
582/600 epochs... 0.0621716
583/600 epochs... 0.0619931
584/600 epochs... 0.0618144
585/600 epochs... 0.0616363
586/600 epochs... 0.0614586
587/600 epochs... 0.0612812
588/600 epochs... 0.0611051
589/600 epochs... 0.0609287
590/600 epochs... 0.0607533
For each left:
Hits@1: 71.70%
Hits@10: 85.40%
Hits@50: 90.42%
Hits@100: 91.80%
MRR: 0.766389884407
591/600 epochs... 0.0604208
592/600 epochs... 0.0604208
593/600 epochs... 0.0602498
594/600 epochs... 0.0600779
595/600 epochs... 0.059907
596/600 epochs... 0.0597365
597/600 epochs... 0.0595671
598/600 epochs... 0.0593964
599/600 epochs... 0.059226
600/600 epochs... 0.0590577
loss: [0.56408322, 0.78829908, 0.74435699, 0.70223761, 0.66228747, 0.62461412, 0.58905059, 0.55561525, 0.52441025, 0.49495757, 0.46707702, 0.44082034, 0.41622174, 0.39300063, 0.37125361, 0.35086933, 0.33185512, 0.31401879, 0.29729268, 0.28158551, 0.26678374, 0.25299555, 0.24027814, 0.22846587, 0.2174717, 0.20720297, 0.19755465, 0.188521, 0.1800217, 0.17201273, 0.1644773, 0.15742092, 0.15080398, 0.14456461, 0.13866843, 0.13312161, 0.12791315, 0.12299389, 0.11835051, 0.11396281, 0.10980406, 0.10588883, 0.10221209, 0.098757416, 0.09548635, 0.092378363, 0.089410938, 0.086560614, 0.083837099, 0.081238545, 0.078764908, 0.076390713, 0.074127302, 0.071952961, 0.069858156, 0.067835972, 0.065880254, 0.063991435, 0.062171645, 0.0604208]
Result:
For each left:
Hits@1: 71.50%
Hits@10: 85.16%
Hits@50: 90.35%
Hits@100: 91.73%
MRR: 0.76481537188
total time elapsed: 5225.3689 s
