16-15-14

Hits@1: 60.46%
Hits@10: 80.73%
Hits@50: 89.84%
Hits@100: 92.77%
MRR: 0.676874704558
16-16-59

Hits@1: 67.93%
Hits@10: 85.77%
Hits@50: 92.16%
Hits@100: 94.38%
MRR: 0.743571129594
16-18-26

Hits@1: 67.20%
Hits@10: 85.11%
Hits@50: 91.40%
Hits@100: 93.63%
MRR: 0.737104131116
16-19-52

Hits@1: 65.50%
Hits@10: 83.71%
Hits@50: 90.49%
Hits@100: 92.80%
MRR: 0.72090181462
16-21-17

Hits@1: 63.97%
Hits@10: 82.46%
Hits@50: 89.42%
Hits@100: 91.98%
MRR: 0.705282880791
16-22-43

Hits@1: 62.55%
Hits@10: 80.85%
Hits@50: 88.35%
Hits@100: 91.11%
MRR: 0.690273129052
16-24-07

Hits@1: 60.98%
Hits@10: 79.40%
Hits@50: 87.07%
Hits@100: 90.04%
MRR: 0.674573180644
16-25-33

Hits@1: 59.41%
Hits@10: 77.69%
Hits@50: 85.87%
Hits@100: 88.90%
MRR: 0.659017546244
16-26-58

Hits@1: 57.84%
Hits@10: 76.27%
Hits@50: 84.57%
Hits@100: 87.81%
MRR: 0.644325476969
16-28-23

Hits@1: 56.65%
Hits@10: 74.91%
Hits@50: 83.48%
Hits@100: 86.58%
MRR: 0.631389037222
16-29-48

Hits@1: 55.42%
Hits@10: 73.34%
Hits@50: 82.47%
Hits@100: 85.76%
MRR: 0.61864453799
16-31-13

Hits@1: 54.06%
Hits@10: 72.05%
Hits@50: 81.20%
Hits@100: 84.76%
MRR: 0.60550227532
16-32-38

Hits@1: 53.06%
Hits@10: 70.96%
Hits@50: 80.05%
Hits@100: 83.81%
MRR: 0.594544460659
16-34-02

Hits@1: 52.05%
Hits@10: 69.81%
Hits@50: 79.03%
Hits@100: 82.74%
MRR: 0.583917627725
16-35-27

Hits@1: 51.10%
Hits@10: 68.89%
Hits@50: 78.28%
Hits@100: 81.93%
MRR: 0.574145116266
16-36-53

Hits@1: 50.19%
Hits@10: 68.00%
Hits@50: 77.40%
Hits@100: 81.28%
MRR: 0.564856953912
16-38-18

*********************logs/en_de_15k_V1**********************
loading a file...data/en_de_15k_V1/ent_ids_1
loading a file...data/en_de_15k_V1/ent_ids_2
loading a file...data/en_de_15k_V1/ref_ent_ids
loading a file...data/en_de_15k_V1/triples_1
loading a file...data/en_de_15k_V1/triples_2
adding the primal input layer...
getting a sparse tensor...
first interaction...
computing the dual input...
adding self attention layer...
adding sparse attention layer...
second interaction...
computing the dual input...
adding dual attention layer...
adding sparse attention layer...
gcn layers...
adding a diag layer...
adding a diag layer...
getting loss...
initializing...
running...
For each left:
Hits@1: 75.13%
Hits@10: 86.69%
Hits@50: 89.85%
Hits@100: 90.93%
MRR: 0.793484852937
1/600 epochs... 0.486161
2/600 epochs... 0.486161
3/600 epochs... 0.480466
4/600 epochs... 0.474645
5/600 epochs... 0.468862
6/600 epochs... 0.463166
7/600 epochs... 0.457569
8/600 epochs... 0.452092
9/600 epochs... 0.446747
10/600 epochs... 0.441529
For each left:
Hits@1: 76.03%
Hits@10: 87.07%
Hits@50: 90.19%
Hits@100: 91.21%
MRR: 0.800320667138
11/600 epochs... 0.63383
12/600 epochs... 0.63383
13/600 epochs... 0.627762
14/600 epochs... 0.621719
15/600 epochs... 0.615735
16/600 epochs... 0.609837
17/600 epochs... 0.604034
18/600 epochs... 0.598338
19/600 epochs... 0.592759
20/600 epochs... 0.587297
For each left:
Hits@1: 76.58%
Hits@10: 87.34%
Hits@50: 90.62%
Hits@100: 91.47%
MRR: 0.805440517551
21/600 epochs... 0.577158
22/600 epochs... 0.577158
23/600 epochs... 0.572102
24/600 epochs... 0.567161
25/600 epochs... 0.562342
26/600 epochs... 0.557638
27/600 epochs... 0.553052
28/600 epochs... 0.548582
29/600 epochs... 0.544226
30/600 epochs... 0.539978
For each left:
Hits@1: 76.99%
Hits@10: 87.71%
Hits@50: 90.89%
Hits@100: 91.69%
MRR: 0.809164479587
31/600 epochs... 0.532173
32/600 epochs... 0.532173
33/600 epochs... 0.528283
34/600 epochs... 0.524489
35/600 epochs... 0.520786
36/600 epochs... 0.517178
37/600 epochs... 0.51366
38/600 epochs... 0.510221
39/600 epochs... 0.50686
40/600 epochs... 0.503569
For each left:
Hits@1: 77.32%
Hits@10: 88.00%
Hits@50: 91.01%
Hits@100: 91.82%
MRR: 0.812349928561
41/600 epochs... 0.497478
42/600 epochs... 0.497478
43/600 epochs... 0.494418
44/600 epochs... 0.49141
45/600 epochs... 0.488452
46/600 epochs... 0.485544
47/600 epochs... 0.48269
48/600 epochs... 0.479878
49/600 epochs... 0.477108
50/600 epochs... 0.47438
For each left:
Hits@1: 77.62%
Hits@10: 88.15%
Hits@50: 91.12%
Hits@100: 91.91%
MRR: 0.814834633083
51/600 epochs... 0.469267
52/600 epochs... 0.469267
53/600 epochs... 0.46668
54/600 epochs... 0.464126
55/600 epochs... 0.461598
56/600 epochs... 0.459097
57/600 epochs... 0.456624
58/600 epochs... 0.454175
59/600 epochs... 0.451753
60/600 epochs... 0.449355
For each left:
Hits@1: 77.82%
Hits@10: 88.37%
Hits@50: 91.20%
Hits@100: 91.97%
MRR: 0.816426890642
61/600 epochs... 0.44484
62/600 epochs... 0.44484
63/600 epochs... 0.442551
64/600 epochs... 0.440288
65/600 epochs... 0.438048
66/600 epochs... 0.435831
67/600 epochs... 0.433636
68/600 epochs... 0.431463
69/600 epochs... 0.429308
70/600 epochs... 0.427169
For each left:
Hits@1: 77.80%
Hits@10: 88.43%
Hits@50: 91.22%
Hits@100: 92.10%
MRR: 0.816892728291
71/600 epochs... 0.423124
72/600 epochs... 0.423124
73/600 epochs... 0.421062
74/600 epochs... 0.419015
75/600 epochs... 0.416982
76/600 epochs... 0.414963
77/600 epochs... 0.41296
78/600 epochs... 0.410971
79/600 epochs... 0.408997
80/600 epochs... 0.407036
For each left:
Hits@1: 77.93%
Hits@10: 88.47%
Hits@50: 91.21%
Hits@100: 92.08%
MRR: 0.817717039158
81/600 epochs... 0.403323
82/600 epochs... 0.403323
83/600 epochs... 0.40143
84/600 epochs... 0.399549
85/600 epochs... 0.397679
86/600 epochs... 0.395819
87/600 epochs... 0.393969
88/600 epochs... 0.392131
89/600 epochs... 0.390303
90/600 epochs... 0.388485
For each left:
Hits@1: 77.90%
Hits@10: 88.45%
Hits@50: 91.19%
Hits@100: 92.07%
MRR: 0.817877312957
91/600 epochs... 0.385028
92/600 epochs... 0.385028
93/600 epochs... 0.383263
94/600 epochs... 0.381508
95/600 epochs... 0.379765
96/600 epochs... 0.378029
97/600 epochs... 0.376301
98/600 epochs... 0.37458
99/600 epochs... 0.372867
100/600 epochs... 0.371161
For each left:
Hits@1: 77.88%
Hits@10: 88.57%
Hits@50: 91.23%
Hits@100: 92.10%
MRR: 0.817755264355
101/600 epochs... 0.36791
102/600 epochs... 0.36791
103/600 epochs... 0.36625
104/600 epochs... 0.364597
105/600 epochs... 0.362951
106/600 epochs... 0.361311
107/600 epochs... 0.35968
108/600 epochs... 0.358057
109/600 epochs... 0.356442
110/600 epochs... 0.354834
For each left:
Hits@1: 77.67%
Hits@10: 88.56%
Hits@50: 91.27%
Hits@100: 92.10%
MRR: 0.816563076964
111/600 epochs... 0.351767
112/600 epochs... 0.351767
113/600 epochs... 0.3502
114/600 epochs... 0.348642
115/600 epochs... 0.347091
116/600 epochs... 0.345548
117/600 epochs... 0.344012
118/600 epochs... 0.342482
119/600 epochs... 0.340959
120/600 epochs... 0.339443
For each left:
Hits@1: 77.64%
Hits@10: 88.53%
Hits@50: 91.25%
Hits@100: 92.11%
MRR: 0.815994778231
121/600 epochs... 0.336544
122/600 epochs... 0.336544
123/600 epochs... 0.33507
124/600 epochs... 0.333604
125/600 epochs... 0.332145
126/600 epochs... 0.330694
127/600 epochs... 0.329248
128/600 epochs... 0.327809
129/600 epochs... 0.326376
130/600 epochs... 0.324949
For each left:
Hits@1: 77.50%
Hits@10: 88.44%
Hits@50: 91.22%
Hits@100: 92.07%
MRR: 0.815112598968
131/600 epochs... 0.322222
132/600 epochs... 0.322222
133/600 epochs... 0.320833
134/600 epochs... 0.31945
135/600 epochs... 0.318073
136/600 epochs... 0.316703
137/600 epochs... 0.315338
138/600 epochs... 0.313978
139/600 epochs... 0.312624
140/600 epochs... 0.311274
For each left:
Hits@1: 77.38%
Hits@10: 88.30%
Hits@50: 91.18%
Hits@100: 92.02%
MRR: 0.814282273687
141/600 epochs... 0.308681
142/600 epochs... 0.308681
143/600 epochs... 0.307362
144/600 epochs... 0.306048
145/600 epochs... 0.304739
146/600 epochs... 0.303434
147/600 epochs... 0.302135
148/600 epochs... 0.30084
149/600 epochs... 0.299552
150/600 epochs... 0.298268
For each left:
Hits@1: 77.14%
Hits@10: 88.23%
Hits@50: 91.12%
Hits@100: 91.96%
MRR: 0.812862595913
151/600 epochs... 0.295806
152/600 epochs... 0.295806
153/600 epochs... 0.294554
154/600 epochs... 0.293307
155/600 epochs... 0.292065
156/600 epochs... 0.290828
157/600 epochs... 0.289596
158/600 epochs... 0.288367
159/600 epochs... 0.287143
160/600 epochs... 0.285923
For each left:
Hits@1: 76.96%
Hits@10: 88.18%
Hits@50: 91.05%
Hits@100: 91.89%
MRR: 0.811509276148
161/600 epochs... 0.283578
162/600 epochs... 0.283578
163/600 epochs... 0.282385
164/600 epochs... 0.281197
165/600 epochs... 0.280014
166/600 epochs... 0.278836
167/600 epochs... 0.277663
168/600 epochs... 0.276496
169/600 epochs... 0.275333
170/600 epochs... 0.274174
For each left:
Hits@1: 76.71%
Hits@10: 88.11%
Hits@50: 90.97%
Hits@100: 91.79%
MRR: 0.80967900386
171/600 epochs... 0.271945
172/600 epochs... 0.271945
173/600 epochs... 0.270812
174/600 epochs... 0.269683
175/600 epochs... 0.268559
176/600 epochs... 0.267437
177/600 epochs... 0.266319
178/600 epochs... 0.265205
179/600 epochs... 0.264095
180/600 epochs... 0.262989
For each left:
Hits@1: 76.49%
Hits@10: 88.04%
Hits@50: 90.88%
Hits@100: 91.77%
MRR: 0.807924575174
181/600 epochs... 0.260859
182/600 epochs... 0.260859
183/600 epochs... 0.259777
184/600 epochs... 0.258699
185/600 epochs... 0.257624
186/600 epochs... 0.256553
187/600 epochs... 0.255485
188/600 epochs... 0.254421
189/600 epochs... 0.253359
190/600 epochs... 0.252301
For each left:
Hits@1: 76.25%
Hits@10: 87.90%
Hits@50: 90.85%
Hits@100: 91.75%
MRR: 0.80608523418
191/600 epochs... 0.250264
192/600 epochs... 0.250264
193/600 epochs... 0.249228
194/600 epochs... 0.248196
195/600 epochs... 0.247167
196/600 epochs... 0.246141
197/600 epochs... 0.245118
198/600 epochs... 0.244098
199/600 epochs... 0.243082
200/600 epochs... 0.24207
For each left:
Hits@1: 76.10%
Hits@10: 87.79%
Hits@50: 90.67%
Hits@100: 91.63%
MRR: 0.804585126789
201/600 epochs... 0.240121
202/600 epochs... 0.240121
203/600 epochs... 0.239129
204/600 epochs... 0.238139
205/600 epochs... 0.237153
206/600 epochs... 0.236169
207/600 epochs... 0.235189
208/600 epochs... 0.234212
209/600 epochs... 0.233237
210/600 epochs... 0.232265
For each left:
Hits@1: 75.87%
Hits@10: 87.63%
Hits@50: 90.54%
Hits@100: 91.53%
MRR: 0.802229435374
211/600 epochs... 0.230395
212/600 epochs... 0.230395
213/600 epochs... 0.229443
214/600 epochs... 0.228492
215/600 epochs... 0.227544
216/600 epochs... 0.226599
217/600 epochs... 0.225657
218/600 epochs... 0.224718
219/600 epochs... 0.223781
220/600 epochs... 0.222846
For each left:
Hits@1: 75.50%
Hits@10: 87.45%
Hits@50: 90.46%
Hits@100: 91.44%
MRR: 0.799266061544
221/600 epochs... 0.22105
222/600 epochs... 0.22105
223/600 epochs... 0.220136
224/600 epochs... 0.219224
225/600 epochs... 0.218314
226/600 epochs... 0.217408
227/600 epochs... 0.216503
228/600 epochs... 0.215602
229/600 epochs... 0.214703
230/600 epochs... 0.213807
For each left:
Hits@1: 75.08%
Hits@10: 87.21%
Hits@50: 90.39%
Hits@100: 91.35%
MRR: 0.795787676209
231/600 epochs... 0.212085
232/600 epochs... 0.212085
233/600 epochs... 0.211206
234/600 epochs... 0.210327
235/600 epochs... 0.209454
236/600 epochs... 0.208634
237/600 epochs... 0.207766
238/600 epochs... 0.2069
239/600 epochs... 0.206039
240/600 epochs... 0.205182
For each left:
Hits@1: 74.81%
Hits@10: 87.01%
Hits@50: 90.19%
Hits@100: 91.24%
MRR: 0.793223405646
241/600 epochs... 0.203535
242/600 epochs... 0.203535
243/600 epochs... 0.202697
244/600 epochs... 0.201863
245/600 epochs... 0.201034
246/600 epochs... 0.200206
247/600 epochs... 0.199379
248/600 epochs... 0.198556
249/600 epochs... 0.197734
250/600 epochs... 0.196914
For each left:
Hits@1: 74.55%
Hits@10: 86.86%
Hits@50: 89.94%
Hits@100: 91.11%
MRR: 0.790494802746
251/600 epochs... 0.195339
252/600 epochs... 0.195339
253/600 epochs... 0.194538
254/600 epochs... 0.193738
255/600 epochs... 0.192943
256/600 epochs... 0.192149
257/600 epochs... 0.191352
258/600 epochs... 0.190611
259/600 epochs... 0.189827
260/600 epochs... 0.18905
For each left:
Hits@1: 74.11%
Hits@10: 86.54%
Hits@50: 89.86%
Hits@100: 91.00%
MRR: 0.787034489218
261/600 epochs... 0.18756
262/600 epochs... 0.18756
263/600 epochs... 0.186794
264/600 epochs... 0.186028
265/600 epochs... 0.185272
266/600 epochs... 0.18452
267/600 epochs... 0.183777
268/600 epochs... 0.183035
269/600 epochs... 0.182281
270/600 epochs... 0.181521
For each left:
Hits@1: 73.83%
Hits@10: 86.34%
Hits@50: 89.69%
Hits@100: 90.84%
MRR: 0.784354440212
271/600 epochs... 0.180075
272/600 epochs... 0.180075
273/600 epochs... 0.179327
274/600 epochs... 0.178586
275/600 epochs... 0.177853
276/600 epochs... 0.177111
277/600 epochs... 0.176379
278/600 epochs... 0.175649
279/600 epochs... 0.174922
280/600 epochs... 0.174189
For each left:
Hits@1: 73.50%
Hits@10: 86.14%
Hits@50: 89.60%
Hits@100: 90.70%
MRR: 0.781610425311
281/600 epochs... 0.172802
282/600 epochs... 0.172802
283/600 epochs... 0.172087
284/600 epochs... 0.171374
285/600 epochs... 0.170662
286/600 epochs... 0.169952
287/600 epochs... 0.169244
288/600 epochs... 0.168537
289/600 epochs... 0.167833
290/600 epochs... 0.167132
For each left:
Hits@1: 73.17%
Hits@10: 85.86%
Hits@50: 89.49%
Hits@100: 90.60%
MRR: 0.778670824112
291/600 epochs... 0.165787
292/600 epochs... 0.165787
293/600 epochs... 0.165103
294/600 epochs... 0.164424
295/600 epochs... 0.16375
296/600 epochs... 0.163076
297/600 epochs... 0.1624
298/600 epochs... 0.161723
299/600 epochs... 0.161044
300/600 epochs... 0.160371
For each left:
Hits@1: 72.94%
Hits@10: 85.64%
Hits@50: 89.29%
Hits@100: 90.52%
MRR: 0.776504669866
301/600 epochs... 0.159085
302/600 epochs... 0.159085
303/600 epochs... 0.158427
304/600 epochs... 0.157772
305/600 epochs... 0.157119
306/600 epochs... 0.156467
307/600 epochs... 0.155818
308/600 epochs... 0.15517
309/600 epochs... 0.154526
310/600 epochs... 0.153883
For each left:
Hits@1: 72.74%
Hits@10: 85.42%
Hits@50: 89.12%
Hits@100: 90.34%
MRR: 0.774356835288
311/600 epochs... 0.152653
312/600 epochs... 0.152653
313/600 epochs... 0.152027
314/600 epochs... 0.151404
315/600 epochs... 0.150782
316/600 epochs... 0.150158
317/600 epochs... 0.149536
318/600 epochs... 0.148917
319/600 epochs... 0.148302
320/600 epochs... 0.147688
For each left:
Hits@1: 72.50%
Hits@10: 85.15%
Hits@50: 88.94%
Hits@100: 90.22%
MRR: 0.772150900379
321/600 epochs... 0.146513
322/600 epochs... 0.146513
323/600 epochs... 0.14591
324/600 epochs... 0.145311
325/600 epochs... 0.144714
326/600 epochs... 0.144122
327/600 epochs... 0.143532
328/600 epochs... 0.142946
329/600 epochs... 0.14236
330/600 epochs... 0.141773
For each left:
Hits@1: 72.29%
Hits@10: 84.95%
Hits@50: 88.79%
Hits@100: 90.03%
MRR: 0.770199656521
331/600 epochs... 0.140645
332/600 epochs... 0.140645
333/600 epochs... 0.140068
334/600 epochs... 0.139492
335/600 epochs... 0.138916
336/600 epochs... 0.138342
337/600 epochs... 0.137768
338/600 epochs... 0.137195
339/600 epochs... 0.136623
340/600 epochs... 0.136052
For each left:
Hits@1: 71.98%
Hits@10: 84.85%
Hits@50: 88.59%
Hits@100: 89.95%
MRR: 0.767915538261
341/600 epochs... 0.134959
342/600 epochs... 0.134959
343/600 epochs... 0.134399
344/600 epochs... 0.133841
345/600 epochs... 0.133285
346/600 epochs... 0.13273
347/600 epochs... 0.132175
348/600 epochs... 0.131618
349/600 epochs... 0.131066
350/600 epochs... 0.130516
For each left:
Hits@1: 71.88%
Hits@10: 84.72%
Hits@50: 88.49%
Hits@100: 89.78%
MRR: 0.766676053175
351/600 epochs... 0.129467
352/600 epochs... 0.129467
353/600 epochs... 0.128929
354/600 epochs... 0.128392
355/600 epochs... 0.127857
356/600 epochs... 0.127322
357/600 epochs... 0.126791
358/600 epochs... 0.126261
359/600 epochs... 0.125733
360/600 epochs... 0.125207
For each left:
Hits@1: 71.70%
Hits@10: 84.60%
Hits@50: 88.32%
Hits@100: 89.75%
MRR: 0.764915518848
361/600 epochs... 0.124204
362/600 epochs... 0.124204
363/600 epochs... 0.12369
364/600 epochs... 0.123178
365/600 epochs... 0.122667
366/600 epochs... 0.122168
367/600 epochs... 0.121658
368/600 epochs... 0.121151
369/600 epochs... 0.120644
370/600 epochs... 0.12014
For each left:
Hits@1: 71.52%
Hits@10: 84.41%
Hits@50: 88.24%
Hits@100: 89.70%
MRR: 0.763211076028
371/600 epochs... 0.119182
372/600 epochs... 0.119182
373/600 epochs... 0.11869
374/600 epochs... 0.1182
375/600 epochs... 0.117711
376/600 epochs... 0.117223
377/600 epochs... 0.116737
378/600 epochs... 0.116252
379/600 epochs... 0.11577
380/600 epochs... 0.115304
For each left:
Hits@1: 71.38%
Hits@10: 84.39%
Hits@50: 88.15%
Hits@100: 89.62%
MRR: 0.761579755887
381/600 epochs... 0.114389
382/600 epochs... 0.114389
383/600 epochs... 0.113921
384/600 epochs... 0.113455
385/600 epochs... 0.11299
386/600 epochs... 0.112527
387/600 epochs... 0.112065
388/600 epochs... 0.111606
389/600 epochs... 0.111148
390/600 epochs... 0.110692
For each left:
Hits@1: 71.21%
Hits@10: 84.21%
Hits@50: 88.01%
Hits@100: 89.49%
MRR: 0.759998112547
391/600 epochs... 0.109848
392/600 epochs... 0.109848
393/600 epochs... 0.109402
394/600 epochs... 0.108957
395/600 epochs... 0.108513
396/600 epochs... 0.10807
397/600 epochs... 0.107627
398/600 epochs... 0.107186
399/600 epochs... 0.106746
400/600 epochs... 0.106308
For each left:
Hits@1: 70.90%
Hits@10: 84.08%
Hits@50: 87.87%
Hits@100: 89.36%
MRR: 0.757502996672
401/600 epochs... 0.10547
402/600 epochs... 0.10547
403/600 epochs... 0.105043
404/600 epochs... 0.104616
405/600 epochs... 0.104192
406/600 epochs... 0.10377
407/600 epochs... 0.103351
408/600 epochs... 0.102936
409/600 epochs... 0.102527
410/600 epochs... 0.102138
For each left:
Hits@1: 70.72%
Hits@10: 83.88%
Hits@50: 87.70%
Hits@100: 89.28%
MRR: 0.755920687653
411/600 epochs... 0.101476
412/600 epochs... 0.101476
413/600 epochs... 0.101087
414/600 epochs... 0.100681
415/600 epochs... 0.100271
416/600 epochs... 0.0998618
417/600 epochs... 0.0994534
418/600 epochs... 0.0990458
419/600 epochs... 0.0986399
420/600 epochs... 0.0982353
For each left:
Hits@1: 70.39%
Hits@10: 83.75%
Hits@50: 87.64%
Hits@100: 89.20%
MRR: 0.753583835843
421/600 epochs... 0.0974726
422/600 epochs... 0.0974726
423/600 epochs... 0.0970788
424/600 epochs... 0.096686
425/600 epochs... 0.0962894
426/600 epochs... 0.0958726
427/600 epochs... 0.0954649
428/600 epochs... 0.0950776
429/600 epochs... 0.0946931
430/600 epochs... 0.0943104
For each left:
Hits@1: 70.29%
Hits@10: 83.55%
Hits@50: 87.50%
Hits@100: 89.10%
MRR: 0.752139900365
431/600 epochs... 0.0935867
432/600 epochs... 0.0935867
433/600 epochs... 0.0932132
434/600 epochs... 0.0928411
435/600 epochs... 0.092471
436/600 epochs... 0.0921021
437/600 epochs... 0.0917344
438/600 epochs... 0.0913677
439/600 epochs... 0.0910023
440/600 epochs... 0.0906389
For each left:
Hits@1: 70.19%
Hits@10: 83.41%
Hits@50: 87.45%
Hits@100: 88.99%
MRR: 0.750853434619
441/600 epochs... 0.0899492
442/600 epochs... 0.0899492
443/600 epochs... 0.0895948
444/600 epochs... 0.0892419
445/600 epochs... 0.0888901
446/600 epochs... 0.0885398
447/600 epochs... 0.0881908
448/600 epochs... 0.0878424
449/600 epochs... 0.0874956
450/600 epochs... 0.0871496
For each left:
Hits@1: 70.07%
Hits@10: 83.26%
Hits@50: 87.42%
Hits@100: 88.93%
MRR: 0.749522227735
451/600 epochs... 0.0864946
452/600 epochs... 0.0864946
453/600 epochs... 0.0861577
454/600 epochs... 0.0858226
455/600 epochs... 0.085489
456/600 epochs... 0.0851563
457/600 epochs... 0.0848244
458/600 epochs... 0.0844941
459/600 epochs... 0.0841648
460/600 epochs... 0.083837
For each left:
Hits@1: 69.89%
Hits@10: 83.13%
Hits@50: 87.35%
Hits@100: 88.93%
MRR: 0.747730790946
461/600 epochs... 0.083218
462/600 epochs... 0.083218
463/600 epochs... 0.0828978
464/600 epochs... 0.0825792
465/600 epochs... 0.0822614
466/600 epochs... 0.081945
467/600 epochs... 0.0816296
468/600 epochs... 0.0813149
469/600 epochs... 0.0810017
470/600 epochs... 0.0806901
For each left:
Hits@1: 69.79%
Hits@10: 82.90%
Hits@50: 87.30%
Hits@100: 88.86%
MRR: 0.746631699793
471/600 epochs... 0.0801005
472/600 epochs... 0.0801005
473/600 epochs... 0.0797966
474/600 epochs... 0.0794943
475/600 epochs... 0.0791929
476/600 epochs... 0.0788925
477/600 epochs... 0.0785934
478/600 epochs... 0.0782952
479/600 epochs... 0.0779976
480/600 epochs... 0.0777012
For each left:
Hits@1: 69.63%
Hits@10: 82.82%
Hits@50: 87.32%
Hits@100: 88.85%
MRR: 0.745158182064
481/600 epochs... 0.0771426
482/600 epochs... 0.0771426
483/600 epochs... 0.0768545
484/600 epochs... 0.0765681
485/600 epochs... 0.0762927
486/600 epochs... 0.0760915
487/600 epochs... 0.0758034
488/600 epochs... 0.075516
489/600 epochs... 0.0752301
490/600 epochs... 0.0749453
For each left:
Hits@1: 69.47%
Hits@10: 82.70%
Hits@50: 87.22%
Hits@100: 88.84%
MRR: 0.743874585503
491/600 epochs... 0.0744171
492/600 epochs... 0.0744171
493/600 epochs... 0.0741402
494/600 epochs... 0.0738639
495/600 epochs... 0.0735892
496/600 epochs... 0.0733163
497/600 epochs... 0.0730457
498/600 epochs... 0.0727766
499/600 epochs... 0.0725097
500/600 epochs... 0.0722462
For each left:
Hits@1: 69.33%
Hits@10: 82.50%
Hits@50: 87.17%
Hits@100: 88.84%
MRR: 0.742713627714
501/600 epochs... 0.071753
502/600 epochs... 0.071753
503/600 epochs... 0.0714951
504/600 epochs... 0.0712376
505/600 epochs... 0.0709812
506/600 epochs... 0.0707264
507/600 epochs... 0.0704728
508/600 epochs... 0.07022
509/600 epochs... 0.0699693
510/600 epochs... 0.0697196
For each left:
Hits@1: 69.28%
Hits@10: 82.33%
Hits@50: 87.10%
Hits@100: 88.75%
MRR: 0.741908912918
511/600 epochs... 0.0692523
512/600 epochs... 0.0692523
513/600 epochs... 0.0690104
514/600 epochs... 0.0687696
515/600 epochs... 0.0685303
516/600 epochs... 0.0682916
517/600 epochs... 0.0680542
518/600 epochs... 0.067818
519/600 epochs... 0.0675825
520/600 epochs... 0.067348
For each left:
Hits@1: 69.25%
Hits@10: 82.28%
Hits@50: 87.04%
Hits@100: 88.74%
MRR: 0.741385192565
521/600 epochs... 0.0669075
522/600 epochs... 0.0669075
523/600 epochs... 0.0666808
524/600 epochs... 0.0664547
525/600 epochs... 0.0662291
526/600 epochs... 0.0660047
527/600 epochs... 0.065781
528/600 epochs... 0.0655582
529/600 epochs... 0.065337
530/600 epochs... 0.0651168
For each left:
Hits@1: 69.15%
Hits@10: 82.20%
Hits@50: 87.00%
Hits@100: 88.71%
MRR: 0.740517241337
531/600 epochs... 0.0647034
532/600 epochs... 0.0647034
533/600 epochs... 0.06449
534/600 epochs... 0.0642768
535/600 epochs... 0.0640651
536/600 epochs... 0.0638539
537/600 epochs... 0.0636439
538/600 epochs... 0.0634287
539/600 epochs... 0.0632196
540/600 epochs... 0.0630116
For each left:
Hits@1: 69.07%
Hits@10: 82.20%
Hits@50: 86.86%
Hits@100: 88.68%
MRR: 0.739633771108
541/600 epochs... 0.0626435
542/600 epochs... 0.0626435
543/600 epochs... 0.0624406
544/600 epochs... 0.0622395
545/600 epochs... 0.0620385
546/600 epochs... 0.0618378
547/600 epochs... 0.0616382
548/600 epochs... 0.0614389
549/600 epochs... 0.0612403
550/600 epochs... 0.0610423
For each left:
Hits@1: 68.97%
Hits@10: 82.20%
Hits@50: 86.86%
Hits@100: 88.66%
MRR: 0.738902149171
551/600 epochs... 0.0606702
552/600 epochs... 0.0606702
553/600 epochs... 0.0604778
554/600 epochs... 0.0602852
555/600 epochs... 0.0600928
556/600 epochs... 0.059901
557/600 epochs... 0.0597096
558/600 epochs... 0.0595187
559/600 epochs... 0.0593287
560/600 epochs... 0.059139
For each left:
Hits@1: 68.90%
Hits@10: 82.18%
Hits@50: 86.87%
Hits@100: 88.65%
MRR: 0.7381561464
561/600 epochs... 0.0587832
562/600 epochs... 0.0587832
563/600 epochs... 0.0585981
564/600 epochs... 0.0584135
565/600 epochs... 0.0582296
566/600 epochs... 0.058046
567/600 epochs... 0.0578631
568/600 epochs... 0.0576806
569/600 epochs... 0.057499
570/600 epochs... 0.057318
For each left:
Hits@1: 68.74%
Hits@10: 82.22%
Hits@50: 86.90%
Hits@100: 88.58%
MRR: 0.737036581482
571/600 epochs... 0.0569784
572/600 epochs... 0.0569784
573/600 epochs... 0.0568024
574/600 epochs... 0.0566272
575/600 epochs... 0.056453
576/600 epochs... 0.0562787
577/600 epochs... 0.0561056
578/600 epochs... 0.055932
579/600 epochs... 0.0557591
580/600 epochs... 0.0555877
For each left:
Hits@1: 68.71%
Hits@10: 82.14%
Hits@50: 86.90%
Hits@100: 88.50%
MRR: 0.736433310486
581/600 epochs... 0.0552656
582/600 epochs... 0.0552656
583/600 epochs... 0.055098
584/600 epochs... 0.0549309
585/600 epochs... 0.0547648
586/600 epochs... 0.054599
587/600 epochs... 0.0544335
588/600 epochs... 0.0542687
589/600 epochs... 0.0541039
590/600 epochs... 0.0539403
For each left:
Hits@1: 68.57%
Hits@10: 82.18%
Hits@50: 86.85%
Hits@100: 88.49%
MRR: 0.735232607006
591/600 epochs... 0.0536339
592/600 epochs... 0.0536339
593/600 epochs... 0.0534751
594/600 epochs... 0.0533168
595/600 epochs... 0.0531591
596/600 epochs... 0.0530015
597/600 epochs... 0.0528445
598/600 epochs... 0.0526883
599/600 epochs... 0.0525331
600/600 epochs... 0.0523781
loss: [0.48616078, 0.63383043, 0.57715797, 0.53217322, 0.49747846, 0.46926656, 0.44484022, 0.4231239, 0.40332285, 0.38502768, 0.36791024, 0.35176656, 0.33654422, 0.32222161, 0.30868077, 0.29580584, 0.28357795, 0.2719453, 0.26085934, 0.25026432, 0.24012139, 0.2303953, 0.22105044, 0.2120845, 0.20353481, 0.19533937, 0.18755968, 0.18007478, 0.17280173, 0.1657874, 0.15908471, 0.15265325, 0.14651266, 0.14064483, 0.13495877, 0.12946683, 0.12420442, 0.11918228, 0.11438946, 0.10984803, 0.10547031, 0.10147601, 0.097472616, 0.093586676, 0.089949198, 0.08649464, 0.083217964, 0.080100499, 0.077142589, 0.074417055, 0.071753047, 0.069252327, 0.066907533, 0.06470339, 0.062643461, 0.060670182, 0.058783166, 0.056978401, 0.055265605, 0.053633932]
Result:
For each left:
Hits@1: 68.34%
Hits@10: 82.12%
Hits@50: 86.80%
Hits@100: 88.50%
MRR: 0.733729794214
total time elapsed: 5349.2541 s

