15-43-44

Hits@1: 50.59%
Hits@10: 72.38%
Hits@50: 81.70%
Hits@100: 84.76%
MRR: 0.582596740216
15-45-35

Hits@1: 58.76%
Hits@10: 78.56%
Hits@50: 85.28%
Hits@100: 87.64%
MRR: 0.657708898855
15-47-01

Hits@1: 57.72%
Hits@10: 77.19%
Hits@50: 84.72%
Hits@100: 87.32%
MRR: 0.645850360324
15-48-27

Hits@1: 55.09%
Hits@10: 74.50%
Hits@50: 83.01%
Hits@100: 85.83%
MRR: 0.619691201964
15-49-52

Hits@1: 52.39%
Hits@10: 71.43%
Hits@50: 80.37%
Hits@100: 83.49%
MRR: 0.591498274166
15-51-19

Hits@1: 50.11%
Hits@10: 69.16%
Hits@50: 77.80%
Hits@100: 81.10%
MRR: 0.568330321213
15-52-44

Hits@1: 47.86%
Hits@10: 66.93%
Hits@50: 75.57%
Hits@100: 79.13%
MRR: 0.545509838405
15-54-11

Hits@1: 46.22%
Hits@10: 64.70%
Hits@50: 73.48%
Hits@100: 76.98%
MRR: 0.526609633352
15-55-34

Hits@1: 44.85%
Hits@10: 62.84%
Hits@50: 71.69%
Hits@100: 75.01%
MRR: 0.510943509656
15-57-00

Hits@1: 43.69%
Hits@10: 61.37%
Hits@50: 70.13%
Hits@100: 73.70%
MRR: 0.497553748357
15-58-25

Hits@1: 42.22%
Hits@10: 59.96%
Hits@50: 68.65%
Hits@100: 72.34%
MRR: 0.483655613596
15-59-49

Hits@1: 41.11%
Hits@10: 58.59%
Hits@50: 67.67%
Hits@100: 71.14%
MRR: 0.471046916901
16-01-14

Hits@1: 39.92%
Hits@10: 57.42%
Hits@50: 66.56%
Hits@100: 70.07%
MRR: 0.45952865912
16-02-38

Hits@1: 38.92%
Hits@10: 56.19%
Hits@50: 65.45%
Hits@100: 69.29%
MRR: 0.448609740479
16-04-03

Hits@1: 37.70%
Hits@10: 55.16%
Hits@50: 64.50%
Hits@100: 68.44%
MRR: 0.43711598932
16-05-27

Hits@1: 36.84%
Hits@10: 54.13%
Hits@50: 63.62%
Hits@100: 67.83%
MRR: 0.427903757856
16-06-52

Hits@1: 36.16%
Hits@10: 53.13%
Hits@50: 62.94%
Hits@100: 67.09%
MRR: 0.420363139819
16-08-17

Hits@1: 35.46%
Hits@10: 52.25%
Hits@50: 62.14%
Hits@100: 66.40%
MRR: 0.413202911508
16-09-41

Hits@1: 34.72%
Hits@10: 51.64%
Hits@50: 61.40%
Hits@100: 65.79%
MRR: 0.405853477692
16-11-05

*********************logs/en_fr_15k_V1**********************
loading a file...data/en_fr_15k_V1/ent_ids_1
loading a file...data/en_fr_15k_V1/ent_ids_2
loading a file...data/en_fr_15k_V1/ref_ent_ids
loading a file...data/en_fr_15k_V1/triples_1
loading a file...data/en_fr_15k_V1/triples_2
adding the primal input layer...
getting a sparse tensor...
first interaction...
computing the dual input...
adding self attention layer...
adding sparse attention layer...
second interaction...
computing the dual input...
adding dual attention layer...
adding sparse attention layer...
gcn layers...
adding a diag layer...
adding a diag layer...
getting loss...
initializing...
running...
For each left:
Hits@1: 65.62%
Hits@10: 75.16%
Hits@50: 78.92%
Hits@100: 80.61%
MRR: 0.69038398245
1/600 epochs... 1.07953
2/600 epochs... 1.07953
3/600 epochs... 1.07257
4/600 epochs... 1.06554
5/600 epochs... 1.0586
6/600 epochs... 1.05178
7/600 epochs... 1.04509
8/600 epochs... 1.03851
9/600 epochs... 1.03206
10/600 epochs... 1.02572
For each left:
Hits@1: 65.94%
Hits@10: 75.46%
Hits@50: 79.06%
Hits@100: 80.78%
MRR: 0.693846879875
11/600 epochs... 1.42049
12/600 epochs... 1.42049
13/600 epochs... 1.41229
14/600 epochs... 1.40406
15/600 epochs... 1.39584
16/600 epochs... 1.38767
17/600 epochs... 1.37957
18/600 epochs... 1.37157
19/600 epochs... 1.36367
20/600 epochs... 1.35589
For each left:
Hits@1: 66.31%
Hits@10: 75.56%
Hits@50: 79.38%
Hits@100: 80.99%
MRR: 0.697338870563
21/600 epochs... 1.34128
22/600 epochs... 1.34128
23/600 epochs... 1.33391
24/600 epochs... 1.32665
25/600 epochs... 1.31949
26/600 epochs... 1.31244
27/600 epochs... 1.3055
28/600 epochs... 1.29865
29/600 epochs... 1.29188
30/600 epochs... 1.28521
For each left:
Hits@1: 66.61%
Hits@10: 75.88%
Hits@50: 79.73%
Hits@100: 81.19%
MRR: 0.70029890528
31/600 epochs... 1.27272
32/600 epochs... 1.27272
33/600 epochs... 1.26638
34/600 epochs... 1.2601
35/600 epochs... 1.25388
36/600 epochs... 1.24773
37/600 epochs... 1.24163
38/600 epochs... 1.2356
39/600 epochs... 1.22961
40/600 epochs... 1.22368
For each left:
Hits@1: 66.90%
Hits@10: 76.05%
Hits@50: 79.85%
Hits@100: 81.29%
MRR: 0.702451048403
41/600 epochs... 1.21246
42/600 epochs... 1.21246
43/600 epochs... 1.20674
44/600 epochs... 1.20106
45/600 epochs... 1.19542
46/600 epochs... 1.18982
47/600 epochs... 1.18425
48/600 epochs... 1.17872
49/600 epochs... 1.17323
50/600 epochs... 1.16777
For each left:
Hits@1: 67.10%
Hits@10: 76.09%
Hits@50: 79.99%
Hits@100: 81.35%
MRR: 0.70396288467
51/600 epochs... 1.15738
52/600 epochs... 1.15738
53/600 epochs... 1.15209
54/600 epochs... 1.14683
55/600 epochs... 1.14159
56/600 epochs... 1.13639
57/600 epochs... 1.13121
58/600 epochs... 1.12605
59/600 epochs... 1.12091
60/600 epochs... 1.1158
For each left:
Hits@1: 67.24%
Hits@10: 76.29%
Hits@50: 79.96%
Hits@100: 81.34%
MRR: 0.705188515236
61/600 epochs... 1.10604
62/600 epochs... 1.10604
63/600 epochs... 1.10106
64/600 epochs... 1.09611
65/600 epochs... 1.09118
66/600 epochs... 1.08627
67/600 epochs... 1.08138
68/600 epochs... 1.07651
69/600 epochs... 1.07166
70/600 epochs... 1.06682
For each left:
Hits@1: 67.11%
Hits@10: 76.46%
Hits@50: 80.01%
Hits@100: 81.34%
MRR: 0.704956588802
71/600 epochs... 1.05756
72/600 epochs... 1.05756
73/600 epochs... 1.05284
74/600 epochs... 1.04814
75/600 epochs... 1.04346
76/600 epochs... 1.0388
77/600 epochs... 1.03416
78/600 epochs... 1.02954
79/600 epochs... 1.02494
80/600 epochs... 1.02036
For each left:
Hits@1: 67.19%
Hits@10: 76.51%
Hits@50: 80.03%
Hits@100: 81.30%
MRR: 0.705491388518
81/600 epochs... 1.0116
82/600 epochs... 1.0116
83/600 epochs... 1.00714
84/600 epochs... 1.0027
85/600 epochs... 0.99827
86/600 epochs... 0.993863
87/600 epochs... 0.989474
88/600 epochs... 0.985102
89/600 epochs... 0.980745
90/600 epochs... 0.976404
For each left:
Hits@1: 67.19%
Hits@10: 76.65%
Hits@50: 79.96%
Hits@100: 81.33%
MRR: 0.705565813984
91/600 epochs... 0.968087
92/600 epochs... 0.968087
93/600 epochs... 0.963852
94/600 epochs... 0.959638
95/600 epochs... 0.955441
96/600 epochs... 0.951263
97/600 epochs... 0.947102
98/600 epochs... 0.942958
99/600 epochs... 0.938829
100/600 epochs... 0.934713
For each left:
Hits@1: 67.20%
Hits@10: 76.68%
Hits@50: 79.93%
Hits@100: 81.23%
MRR: 0.705665781117
101/600 epochs... 0.926823
102/600 epochs... 0.926823
103/600 epochs... 0.922802
104/600 epochs... 0.918799
105/600 epochs... 0.914811
106/600 epochs... 0.91084
107/600 epochs... 0.906884
108/600 epochs... 0.902942
109/600 epochs... 0.899013
110/600 epochs... 0.895097
For each left:
Hits@1: 67.20%
Hits@10: 76.71%
Hits@50: 79.99%
Hits@100: 81.20%
MRR: 0.70583976315
111/600 epochs... 0.887584
112/600 epochs... 0.887584
113/600 epochs... 0.883758
114/600 epochs... 0.87995
115/600 epochs... 0.876157
116/600 epochs... 0.872377
117/600 epochs... 0.868613
118/600 epochs... 0.864863
119/600 epochs... 0.861126
120/600 epochs... 0.8574
For each left:
Hits@1: 67.15%
Hits@10: 76.70%
Hits@50: 79.98%
Hits@100: 81.19%
MRR: 0.705421463216
121/600 epochs... 0.850243
122/600 epochs... 0.850243
123/600 epochs... 0.846601
124/600 epochs... 0.842972
125/600 epochs... 0.839357
126/600 epochs... 0.835756
127/600 epochs... 0.832166
128/600 epochs... 0.828587
129/600 epochs... 0.825021
130/600 epochs... 0.821466
For each left:
Hits@1: 66.99%
Hits@10: 76.62%
Hits@50: 80.01%
Hits@100: 81.17%
MRR: 0.70437856285
131/600 epochs... 0.814632
132/600 epochs... 0.814632
133/600 epochs... 0.811153
134/600 epochs... 0.80769
135/600 epochs... 0.804238
136/600 epochs... 0.800796
137/600 epochs... 0.797368
138/600 epochs... 0.793951
139/600 epochs... 0.790545
140/600 epochs... 0.787149
For each left:
Hits@1: 66.87%
Hits@10: 76.57%
Hits@50: 80.00%
Hits@100: 81.14%
MRR: 0.70341859931
141/600 epochs... 0.780612
142/600 epochs... 0.780612
143/600 epochs... 0.777287
144/600 epochs... 0.773975
145/600 epochs... 0.770675
146/600 epochs... 0.767387
147/600 epochs... 0.764111
148/600 epochs... 0.760844
149/600 epochs... 0.75759
150/600 epochs... 0.754346
For each left:
Hits@1: 66.63%
Hits@10: 76.51%
Hits@50: 79.90%
Hits@100: 81.13%
MRR: 0.701726352563
151/600 epochs... 0.748101
152/600 epochs... 0.748101
153/600 epochs... 0.744927
154/600 epochs... 0.741764
155/600 epochs... 0.738614
156/600 epochs... 0.735474
157/600 epochs... 0.732345
158/600 epochs... 0.729227
159/600 epochs... 0.726119
160/600 epochs... 0.723021
For each left:
Hits@1: 66.51%
Hits@10: 76.33%
Hits@50: 79.75%
Hits@100: 81.03%
MRR: 0.700599642102
161/600 epochs... 0.717052
162/600 epochs... 0.717052
163/600 epochs... 0.71402
164/600 epochs... 0.710999
165/600 epochs... 0.707989
166/600 epochs... 0.70499
167/600 epochs... 0.702002
168/600 epochs... 0.699023
169/600 epochs... 0.696054
170/600 epochs... 0.693103
For each left:
Hits@1: 66.33%
Hits@10: 76.28%
Hits@50: 79.67%
Hits@100: 81.06%
MRR: 0.699299799463
171/600 epochs... 0.687398
172/600 epochs... 0.687398
173/600 epochs... 0.684498
174/600 epochs... 0.681609
175/600 epochs... 0.678728
176/600 epochs... 0.675857
177/600 epochs... 0.672995
178/600 epochs... 0.670142
179/600 epochs... 0.667298
180/600 epochs... 0.664463
For each left:
Hits@1: 66.09%
Hits@10: 76.18%
Hits@50: 79.53%
Hits@100: 80.98%
MRR: 0.697577811798
181/600 epochs... 0.658997
182/600 epochs... 0.658997
183/600 epochs... 0.656221
184/600 epochs... 0.653454
185/600 epochs... 0.650699
186/600 epochs... 0.647954
187/600 epochs... 0.645217
188/600 epochs... 0.642491
189/600 epochs... 0.639775
190/600 epochs... 0.637067
For each left:
Hits@1: 65.86%
Hits@10: 76.07%
Hits@50: 79.45%
Hits@100: 80.93%
MRR: 0.695644769588
191/600 epochs... 0.631843
192/600 epochs... 0.631843
193/600 epochs... 0.629191
194/600 epochs... 0.626549
195/600 epochs... 0.623918
196/600 epochs... 0.621294
197/600 epochs... 0.618678
198/600 epochs... 0.616071
199/600 epochs... 0.613475
200/600 epochs... 0.610886
For each left:
Hits@1: 65.62%
Hits@10: 75.93%
Hits@50: 79.33%
Hits@100: 80.84%
MRR: 0.693553130453
201/600 epochs... 0.605887
202/600 epochs... 0.605887
203/600 epochs... 0.603352
204/600 epochs... 0.600826
205/600 epochs... 0.598311
206/600 epochs... 0.595804
207/600 epochs... 0.593307
208/600 epochs... 0.590819
209/600 epochs... 0.58834
210/600 epochs... 0.585871
For each left:
Hits@1: 65.22%
Hits@10: 75.75%
Hits@50: 79.24%
Hits@100: 80.75%
MRR: 0.690732027527
211/600 epochs... 0.581104
212/600 epochs... 0.581104
213/600 epochs... 0.578688
214/600 epochs... 0.576281
215/600 epochs... 0.573883
216/600 epochs... 0.571497
217/600 epochs... 0.569119
218/600 epochs... 0.56675
219/600 epochs... 0.564389
220/600 epochs... 0.562037
For each left:
Hits@1: 64.93%
Hits@10: 75.57%
Hits@50: 79.10%
Hits@100: 80.58%
MRR: 0.688296075658
221/600 epochs... 0.557496
222/600 epochs... 0.557496
223/600 epochs... 0.555195
224/600 epochs... 0.552904
225/600 epochs... 0.550624
226/600 epochs... 0.548353
227/600 epochs... 0.54609
228/600 epochs... 0.543835
229/600 epochs... 0.54159
230/600 epochs... 0.539352
For each left:
Hits@1: 64.71%
Hits@10: 75.37%
Hits@50: 78.96%
Hits@100: 80.36%
MRR: 0.686141675049
231/600 epochs... 0.535027
232/600 epochs... 0.535027
233/600 epochs... 0.532837
234/600 epochs... 0.530657
235/600 epochs... 0.528487
236/600 epochs... 0.526324
237/600 epochs... 0.52417
238/600 epochs... 0.522024
239/600 epochs... 0.519886
240/600 epochs... 0.517757
For each left:
Hits@1: 64.50%
Hits@10: 75.21%
Hits@50: 78.84%
Hits@100: 80.29%
MRR: 0.683783423495
241/600 epochs... 0.513643
242/600 epochs... 0.513643
243/600 epochs... 0.511558
244/600 epochs... 0.509482
245/600 epochs... 0.507414
246/600 epochs... 0.505355
247/600 epochs... 0.503304
248/600 epochs... 0.501262
249/600 epochs... 0.499228
250/600 epochs... 0.4972
For each left:
Hits@1: 64.19%
Hits@10: 74.96%
Hits@50: 78.65%
Hits@100: 80.20%
MRR: 0.681189090974
251/600 epochs... 0.493276
252/600 epochs... 0.493276
253/600 epochs... 0.491288
254/600 epochs... 0.489308
255/600 epochs... 0.487337
256/600 epochs... 0.485373
257/600 epochs... 0.483416
258/600 epochs... 0.481466
259/600 epochs... 0.479522
260/600 epochs... 0.477588
For each left:
Hits@1: 63.98%
Hits@10: 74.83%
Hits@50: 78.45%
Hits@100: 80.02%
MRR: 0.678628887191
261/600 epochs... 0.473848
262/600 epochs... 0.473848
263/600 epochs... 0.471956
264/600 epochs... 0.47007
265/600 epochs... 0.468189
266/600 epochs... 0.466315
267/600 epochs... 0.464449
268/600 epochs... 0.462591
269/600 epochs... 0.46074
270/600 epochs... 0.458895
For each left:
Hits@1: 63.68%
Hits@10: 74.53%
Hits@50: 78.41%
Hits@100: 79.82%
MRR: 0.675785728013
271/600 epochs... 0.45533
272/600 epochs... 0.45533
273/600 epochs... 0.453525
274/600 epochs... 0.451727
275/600 epochs... 0.449936
276/600 epochs... 0.448153
277/600 epochs... 0.446376
278/600 epochs... 0.444613
279/600 epochs... 0.44282
280/600 epochs... 0.441096
For each left:
Hits@1: 63.28%
Hits@10: 74.31%
Hits@50: 78.31%
Hits@100: 79.73%
MRR: 0.672334777151
281/600 epochs... 0.437716
282/600 epochs... 0.437716
283/600 epochs... 0.435996
284/600 epochs... 0.434282
285/600 epochs... 0.432575
286/600 epochs... 0.430874
287/600 epochs... 0.429178
288/600 epochs... 0.42749
289/600 epochs... 0.425807
290/600 epochs... 0.42413
For each left:
Hits@1: 62.91%
Hits@10: 74.06%
Hits@50: 77.99%
Hits@100: 79.56%
MRR: 0.669289506231
291/600 epochs... 0.42089
292/600 epochs... 0.42089
293/600 epochs... 0.419246
294/600 epochs... 0.417609
295/600 epochs... 0.415977
296/600 epochs... 0.414352
297/600 epochs... 0.412734
298/600 epochs... 0.411122
299/600 epochs... 0.409515
300/600 epochs... 0.407914
For each left:
Hits@1: 62.50%
Hits@10: 73.77%
Hits@50: 77.81%
Hits@100: 79.42%
MRR: 0.665808821311
301/600 epochs... 0.404817
302/600 epochs... 0.404817
303/600 epochs... 0.403247
304/600 epochs... 0.401681
305/600 epochs... 0.400132
306/600 epochs... 0.398584
307/600 epochs... 0.397043
308/600 epochs... 0.395506
309/600 epochs... 0.393995
310/600 epochs... 0.392466
For each left:
Hits@1: 62.18%
Hits@10: 73.48%
Hits@50: 77.53%
Hits@100: 79.18%
MRR: 0.662775226271
311/600 epochs... 0.389514
312/600 epochs... 0.389514
313/600 epochs... 0.388011
314/600 epochs... 0.386513
315/600 epochs... 0.385021
316/600 epochs... 0.383535
317/600 epochs... 0.382059
318/600 epochs... 0.38058
319/600 epochs... 0.379105
320/600 epochs... 0.377636
For each left:
Hits@1: 61.90%
Hits@10: 73.17%
Hits@50: 77.45%
Hits@100: 78.91%
MRR: 0.659988812006
321/600 epochs... 0.374832
322/600 epochs... 0.374832
323/600 epochs... 0.373392
324/600 epochs... 0.371958
325/600 epochs... 0.370528
326/600 epochs... 0.369103
327/600 epochs... 0.367681
328/600 epochs... 0.366264
329/600 epochs... 0.364848
330/600 epochs... 0.363437
For each left:
Hits@1: 61.55%
Hits@10: 72.99%
Hits@50: 77.21%
Hits@100: 78.73%
MRR: 0.657052187913
331/600 epochs... 0.360719
332/600 epochs... 0.360719
333/600 epochs... 0.359341
334/600 epochs... 0.357966
335/600 epochs... 0.356596
336/600 epochs... 0.355245
337/600 epochs... 0.353891
338/600 epochs... 0.352531
339/600 epochs... 0.351179
340/600 epochs... 0.349832
For each left:
Hits@1: 61.24%
Hits@10: 72.79%
Hits@50: 77.04%
Hits@100: 78.66%
MRR: 0.653689666665
341/600 epochs... 0.347241
342/600 epochs... 0.347241
343/600 epochs... 0.34592
344/600 epochs... 0.344604
345/600 epochs... 0.343339
346/600 epochs... 0.342029
347/600 epochs... 0.34072
348/600 epochs... 0.339417
349/600 epochs... 0.338121
350/600 epochs... 0.336832
For each left:
Hits@1: 60.95%
Hits@10: 72.46%
Hits@50: 76.93%
Hits@100: 78.55%
MRR: 0.650952049309
351/600 epochs... 0.334354
352/600 epochs... 0.334354
353/600 epochs... 0.333093
354/600 epochs... 0.331835
355/600 epochs... 0.330581
356/600 epochs... 0.329334
357/600 epochs... 0.328089
358/600 epochs... 0.326851
359/600 epochs... 0.325616
360/600 epochs... 0.32439
For each left:
Hits@1: 60.68%
Hits@10: 72.27%
Hits@50: 76.68%
Hits@100: 78.40%
MRR: 0.648010087764
361/600 epochs... 0.322031
362/600 epochs... 0.322031
363/600 epochs... 0.320838
364/600 epochs... 0.319648
365/600 epochs... 0.318454
366/600 epochs... 0.317262
367/600 epochs... 0.316081
368/600 epochs... 0.314902
369/600 epochs... 0.313715
370/600 epochs... 0.312546
For each left:
Hits@1: 60.33%
Hits@10: 71.99%
Hits@50: 76.51%
Hits@100: 78.30%
MRR: 0.644933686385
371/600 epochs... 0.310321
372/600 epochs... 0.310321
373/600 epochs... 0.309189
374/600 epochs... 0.308079
375/600 epochs... 0.306994
376/600 epochs... 0.305925
377/600 epochs... 0.304845
378/600 epochs... 0.303746
379/600 epochs... 0.30262
380/600 epochs... 0.301482
For each left:
Hits@1: 60.00%
Hits@10: 71.62%
Hits@50: 76.43%
Hits@100: 78.16%
MRR: 0.641872553412
381/600 epochs... 0.299297
382/600 epochs... 0.299297
383/600 epochs... 0.298165
384/600 epochs... 0.297033
385/600 epochs... 0.295905
386/600 epochs... 0.294773
387/600 epochs... 0.293644
388/600 epochs... 0.292518
389/600 epochs... 0.291399
390/600 epochs... 0.290276
For each left:
Hits@1: 59.67%
Hits@10: 71.40%
Hits@50: 76.36%
Hits@100: 78.06%
MRR: 0.638793893202
391/600 epochs... 0.288159
392/600 epochs... 0.288159
393/600 epochs... 0.28707
394/600 epochs... 0.285986
395/600 epochs... 0.284915
396/600 epochs... 0.283845
397/600 epochs... 0.282779
398/600 epochs... 0.281715
399/600 epochs... 0.280655
400/600 epochs... 0.279599
For each left:
Hits@1: 59.26%
Hits@10: 71.19%
Hits@50: 76.12%
Hits@100: 77.92%
MRR: 0.635548685901
401/600 epochs... 0.277564
402/600 epochs... 0.277564
403/600 epochs... 0.276528
404/600 epochs... 0.275494
405/600 epochs... 0.274464
406/600 epochs... 0.273438
407/600 epochs... 0.272423
408/600 epochs... 0.271404
409/600 epochs... 0.27039
410/600 epochs... 0.269378
For each left:
Hits@1: 58.87%
Hits@10: 71.03%
Hits@50: 75.93%
Hits@100: 77.75%
MRR: 0.632528708989
411/600 epochs... 0.267426
412/600 epochs... 0.267426
413/600 epochs... 0.266434
414/600 epochs... 0.265446
415/600 epochs... 0.264463
416/600 epochs... 0.263478
417/600 epochs... 0.262501
418/600 epochs... 0.261524
419/600 epochs... 0.260552
420/600 epochs... 0.259585
For each left:
Hits@1: 58.41%
Hits@10: 70.69%
Hits@50: 75.72%
Hits@100: 77.62%
MRR: 0.629027414678
421/600 epochs... 0.257716
422/600 epochs... 0.257716
423/600 epochs... 0.256766
424/600 epochs... 0.255822
425/600 epochs... 0.254878
426/600 epochs... 0.253938
427/600 epochs... 0.253025
428/600 epochs... 0.252091
429/600 epochs... 0.251158
430/600 epochs... 0.250241
For each left:
Hits@1: 58.08%
Hits@10: 70.49%
Hits@50: 75.65%
Hits@100: 77.52%
MRR: 0.626107795946
431/600 epochs... 0.248463
432/600 epochs... 0.248463
433/600 epochs... 0.247551
434/600 epochs... 0.246642
435/600 epochs... 0.245738
436/600 epochs... 0.244833
437/600 epochs... 0.243933
438/600 epochs... 0.24304
439/600 epochs... 0.242147
440/600 epochs... 0.241256
For each left:
Hits@1: 57.73%
Hits@10: 70.21%
Hits@50: 75.53%
Hits@100: 77.45%
MRR: 0.622712828246
441/600 epochs... 0.239542
442/600 epochs... 0.239542
443/600 epochs... 0.238714
444/600 epochs... 0.23786
445/600 epochs... 0.237023
446/600 epochs... 0.236164
447/600 epochs... 0.235316
448/600 epochs... 0.234624
449/600 epochs... 0.233741
450/600 epochs... 0.232828
For each left:
Hits@1: 57.38%
Hits@10: 70.00%
Hits@50: 75.38%
Hits@100: 77.28%
MRR: 0.61955515436
451/600 epochs... 0.231136
452/600 epochs... 0.231136
453/600 epochs... 0.230287
454/600 epochs... 0.229444
455/600 epochs... 0.228612
456/600 epochs... 0.227779
457/600 epochs... 0.226947
458/600 epochs... 0.226121
459/600 epochs... 0.225328
460/600 epochs... 0.224509
For each left:
Hits@1: 57.09%
Hits@10: 69.73%
Hits@50: 75.24%
Hits@100: 77.21%
MRR: 0.61674578398
461/600 epochs... 0.222924
462/600 epochs... 0.222924
463/600 epochs... 0.222114
464/600 epochs... 0.221308
465/600 epochs... 0.220503
466/600 epochs... 0.21972
467/600 epochs... 0.218923
468/600 epochs... 0.218113
469/600 epochs... 0.217307
470/600 epochs... 0.216508
For each left:
Hits@1: 56.87%
Hits@10: 69.42%
Hits@50: 75.02%
Hits@100: 77.05%
MRR: 0.614058633013
471/600 epochs... 0.21497
472/600 epochs... 0.21497
473/600 epochs... 0.214189
474/600 epochs... 0.213412
475/600 epochs... 0.212639
476/600 epochs... 0.211867
477/600 epochs... 0.211098
478/600 epochs... 0.210332
479/600 epochs... 0.209566
480/600 epochs... 0.2088
For each left:
Hits@1: 56.43%
Hits@10: 69.09%
Hits@50: 74.80%
Hits@100: 76.88%
MRR: 0.610195905366
481/600 epochs... 0.207334
482/600 epochs... 0.207334
483/600 epochs... 0.206581
484/600 epochs... 0.205837
485/600 epochs... 0.205095
486/600 epochs... 0.204351
487/600 epochs... 0.203609
488/600 epochs... 0.202869
489/600 epochs... 0.20213
490/600 epochs... 0.201392
For each left:
Hits@1: 56.07%
Hits@10: 68.87%
Hits@50: 74.61%
Hits@100: 76.70%
MRR: 0.607173955942
491/600 epochs... 0.199982
492/600 epochs... 0.199982
493/600 epochs... 0.19926
494/600 epochs... 0.198531
495/600 epochs... 0.197807
496/600 epochs... 0.197091
497/600 epochs... 0.196377
498/600 epochs... 0.195664
499/600 epochs... 0.194952
500/600 epochs... 0.194242
For each left:
Hits@1: 55.83%
Hits@10: 68.68%
Hits@50: 74.41%
Hits@100: 76.48%
MRR: 0.604573171223
501/600 epochs... 0.192866
502/600 epochs... 0.192866
503/600 epochs... 0.192166
504/600 epochs... 0.191471
505/600 epochs... 0.190779
506/600 epochs... 0.190088
507/600 epochs... 0.189399
508/600 epochs... 0.188712
509/600 epochs... 0.188028
510/600 epochs... 0.187347
For each left:
Hits@1: 55.55%
Hits@10: 68.47%
Hits@50: 74.30%
Hits@100: 76.39%
MRR: 0.60184291848
511/600 epochs... 0.186036
512/600 epochs... 0.186036
513/600 epochs... 0.185372
514/600 epochs... 0.184711
515/600 epochs... 0.184052
516/600 epochs... 0.183395
517/600 epochs... 0.182738
518/600 epochs... 0.182086
519/600 epochs... 0.181435
520/600 epochs... 0.180787
For each left:
Hits@1: 55.38%
Hits@10: 68.15%
Hits@50: 74.05%
Hits@100: 76.39%
MRR: 0.599542490494
521/600 epochs... 0.179537
522/600 epochs... 0.179537
523/600 epochs... 0.178901
524/600 epochs... 0.178266
525/600 epochs... 0.177635
526/600 epochs... 0.177003
527/600 epochs... 0.176373
528/600 epochs... 0.175744
529/600 epochs... 0.175118
530/600 epochs... 0.174495
For each left:
Hits@1: 55.10%
Hits@10: 67.88%
Hits@50: 73.74%
Hits@100: 76.25%
MRR: 0.596740195633
531/600 epochs... 0.173297
532/600 epochs... 0.173297
533/600 epochs... 0.172689
534/600 epochs... 0.172078
535/600 epochs... 0.17147
536/600 epochs... 0.170863
537/600 epochs... 0.170257
538/600 epochs... 0.169653
539/600 epochs... 0.16905
540/600 epochs... 0.16846
For each left:
Hits@1: 54.90%
Hits@10: 67.56%
Hits@50: 73.51%
Hits@100: 76.01%
MRR: 0.594517272558
541/600 epochs... 0.167344
542/600 epochs... 0.167344
543/600 epochs... 0.166765
544/600 epochs... 0.166188
545/600 epochs... 0.16561
546/600 epochs... 0.165037
547/600 epochs... 0.164464
548/600 epochs... 0.163893
549/600 epochs... 0.163323
550/600 epochs... 0.162756
For each left:
Hits@1: 54.66%
Hits@10: 67.36%
Hits@50: 73.34%
Hits@100: 75.80%
MRR: 0.591866567658
551/600 epochs... 0.16167
552/600 epochs... 0.16167
553/600 epochs... 0.161119
554/600 epochs... 0.160564
555/600 epochs... 0.160015
556/600 epochs... 0.159467
557/600 epochs... 0.158921
558/600 epochs... 0.158378
559/600 epochs... 0.157835
560/600 epochs... 0.157293
For each left:
Hits@1: 54.32%
Hits@10: 67.14%
Hits@50: 73.15%
Hits@100: 75.56%
MRR: 0.588798714689
561/600 epochs... 0.156241
562/600 epochs... 0.156241
563/600 epochs... 0.155706
564/600 epochs... 0.155172
565/600 epochs... 0.154643
566/600 epochs... 0.154118
567/600 epochs... 0.153593
568/600 epochs... 0.153071
569/600 epochs... 0.152554
570/600 epochs... 0.152048
For each left:
Hits@1: 53.96%
Hits@10: 66.78%
Hits@50: 72.94%
Hits@100: 75.45%
MRR: 0.585755216541
571/600 epochs... 0.151148
572/600 epochs... 0.151148
573/600 epochs... 0.150639
574/600 epochs... 0.150152
575/600 epochs... 0.149665
576/600 epochs... 0.14916
577/600 epochs... 0.148654
578/600 epochs... 0.14815
579/600 epochs... 0.147654
580/600 epochs... 0.147161
For each left:
Hits@1: 53.71%
Hits@10: 66.47%
Hits@50: 72.67%
Hits@100: 75.32%
MRR: 0.583203100624
581/600 epochs... 0.146304
582/600 epochs... 0.146304
583/600 epochs... 0.145826
584/600 epochs... 0.145346
585/600 epochs... 0.144865
586/600 epochs... 0.144397
587/600 epochs... 0.14392
588/600 epochs... 0.14344
589/600 epochs... 0.14296
590/600 epochs... 0.142471
For each left:
Hits@1: 53.31%
Hits@10: 66.19%
Hits@50: 72.47%
Hits@100: 75.14%
MRR: 0.579784861406
591/600 epochs... 0.141582
592/600 epochs... 0.141582
593/600 epochs... 0.141111
594/600 epochs... 0.140641
595/600 epochs... 0.140172
596/600 epochs... 0.139707
597/600 epochs... 0.139242
598/600 epochs... 0.138779
599/600 epochs... 0.138318
600/600 epochs... 0.137857
loss: [1.0795279, 1.4204897, 1.3412766, 1.2727205, 1.2124581, 1.1573769, 1.1060371, 1.0575629, 1.011604, 0.96808714, 0.9268229, 0.88758361, 0.85024321, 0.81463164, 0.78061169, 0.74810064, 0.71705163, 0.68739814, 0.65899706, 0.63184255, 0.60588712, 0.58110356, 0.55749559, 0.53502667, 0.51364267, 0.49327579, 0.47384834, 0.45532972, 0.43771622, 0.42088979, 0.40481731, 0.38951391, 0.37483162, 0.36071905, 0.34724143, 0.3343541, 0.32203057, 0.31032076, 0.29929668, 0.28815907, 0.27756402, 0.2674261, 0.25771639, 0.24846284, 0.2395425, 0.2311355, 0.2229235, 0.21496987, 0.20733359, 0.19998181, 0.19286644, 0.18603608, 0.17953722, 0.17329739, 0.16734356, 0.16167048, 0.15624116, 0.15114801, 0.1463035, 0.14158213]
Result:
For each left:
Hits@1: 53.08%
Hits@10: 65.90%
Hits@50: 72.23%
Hits@100: 75.08%
MRR: 0.577459255671
total time elapsed: 5436.3573 s
