***********************dbp_wd_15k_V1************************
loading raw data...
-----dataset summary-----
dataset:	 data/SRPRS/dbp_wd_15k_V1
triple num:	 78580
entity num:	 30000
relation num:	 397
train ill num:	 4500 	test ill num:	 10500
-------------------------
getting a sparse tensor r_adj...
GAT(
  (layer_stack): ModuleList(
    (0): MultiHeadGraphAttention (128 -> 128) * 2 heads
    (1): MultiHeadGraphAttention (128 -> 128) * 2 heads
  )
)
Adagrad (
Parameter Group 0
    initial_accumulator_value: 0
    lr: 0.005
    lr_decay: 0
    weight_decay: 0
)
training...
	train pos/neg_pairs shape: torch.Size([112500])
loss_CG in epoch 0: 2.999737, time: 0.9771 s
	train pos/neg_triples shape: torch.Size([157160, 3])
loss_KE in epoch 1: 3.001458, time: 4.8318 s
loss_CG in epoch 2: 2.981259, time: 1.0729 s
loss_KE in epoch 3: 2.833618, time: 1.0929 s
loss_CG in epoch 4: 2.945687, time: 1.0771 s
loss_KE in epoch 5: 2.689641, time: 1.1044 s
loss_CG in epoch 6: 2.919435, time: 1.0909 s
loss_KE in epoch 7: 2.561616, time: 1.1515 s
loss_CG in epoch 8: 2.903147, time: 1.1500 s
loss_KE in epoch 9: 2.463996, time: 1.1826 s
loss_CG in epoch 10: 2.970396, time: 3.4359 s
loss_KE in epoch 11: 2.585497, time: 4.8007 s
loss_CG in epoch 12: 2.964406, time: 1.0859 s
loss_KE in epoch 13: 2.485422, time: 1.0989 s
loss_CG in epoch 14: 2.958503, time: 1.0981 s
loss_KE in epoch 15: 2.403153, time: 1.1313 s
loss_CG in epoch 16: 2.952823, time: 1.1326 s
loss_KE in epoch 17: 2.326509, time: 1.1731 s
loss_CG in epoch 18: 2.947096, time: 1.1617 s
loss_KE in epoch 19: 2.250278, time: 1.1803 s
loss_CG in epoch 20: 2.948105, time: 3.4392 s
loss_KE in epoch 21: 2.316538, time: 4.7933 s
loss_CG in epoch 22: 2.942682, time: 1.0846 s
loss_KE in epoch 23: 2.209652, time: 1.0981 s
loss_CG in epoch 24: 2.937208, time: 1.0898 s
loss_KE in epoch 25: 2.104790, time: 1.1182 s
loss_CG in epoch 26: 2.931834, time: 1.1287 s
loss_KE in epoch 27: 1.993576, time: 1.1725 s
loss_CG in epoch 28: 2.926416, time: 1.1611 s
loss_KE in epoch 29: 1.872672, time: 1.1800 s
loss_CG in epoch 30: 2.924542, time: 3.4493 s
loss_KE in epoch 31: 1.857611, time: 4.7183 s
loss_CG in epoch 32: 2.919024, time: 1.0840 s
loss_KE in epoch 33: 1.691987, time: 1.0991 s
loss_CG in epoch 34: 2.913711, time: 1.0838 s
loss_KE in epoch 35: 1.526999, time: 1.1118 s
loss_CG in epoch 36: 2.908674, time: 1.1195 s
loss_KE in epoch 37: 1.362971, time: 1.1644 s
loss_CG in epoch 38: 2.903723, time: 1.1600 s
loss_KE in epoch 39: 1.204403, time: 1.1802 s
loss_CG in epoch 40: 2.900944, time: 3.4397 s
loss_KE in epoch 41: 1.139864, time: 4.7425 s
loss_CG in epoch 42: 2.895836, time: 1.0839 s
loss_KE in epoch 43: 0.983526, time: 1.0996 s
loss_CG in epoch 44: 2.891191, time: 1.0837 s
loss_KE in epoch 45: 0.853933, time: 1.1137 s
loss_CG in epoch 46: 2.886913, time: 1.1210 s
loss_KE in epoch 47: 0.746537, time: 1.1689 s
loss_CG in epoch 48: 2.882860, time: 1.1593 s
loss_KE in epoch 49: 0.657690, time: 1.1793 s
loss_CG in epoch 50: 2.880244, time: 3.4320 s
loss_KE in epoch 51: 0.637731, time: 4.9912 s
loss_CG in epoch 52: 2.876337, time: 1.0831 s
loss_KE in epoch 53: 0.558290, time: 1.0998 s
loss_CG in epoch 54: 2.872644, time: 1.0833 s
loss_KE in epoch 55: 0.497144, time: 1.1153 s
loss_CG in epoch 56: 2.869337, time: 1.1194 s
loss_KE in epoch 57: 0.448136, time: 1.1646 s
loss_CG in epoch 58: 2.866155, time: 1.1595 s
loss_KE in epoch 59: 0.407785, time: 1.1795 s
loss_CG in epoch 60: 2.863938, time: 3.4359 s
loss_KE in epoch 61: 0.411117, time: 4.6724 s
loss_CG in epoch 62: 2.860805, time: 1.0829 s
loss_KE in epoch 63: 0.372217, time: 1.0991 s
loss_CG in epoch 64: 2.857766, time: 1.0925 s
loss_KE in epoch 65: 0.342095, time: 1.1290 s
loss_CG in epoch 66: 2.855031, time: 1.1322 s
loss_KE in epoch 67: 0.317523, time: 1.1776 s
loss_CG in epoch 68: 2.852446, time: 1.1594 s
loss_KE in epoch 69: 0.296960, time: 1.1803 s
loss_CG in epoch 70: 2.850415, time: 3.4296 s
loss_KE in epoch 71: 0.310434, time: 4.7775 s
loss_CG in epoch 72: 2.847770, time: 1.0834 s
loss_KE in epoch 73: 0.287607, time: 1.0996 s
loss_CG in epoch 74: 2.845147, time: 1.0834 s
loss_KE in epoch 75: 0.269818, time: 1.1043 s
loss_CG in epoch 76: 2.842783, time: 1.1134 s
loss_KE in epoch 77: 0.255096, time: 1.1489 s
loss_CG in epoch 78: 2.840493, time: 1.1553 s
loss_KE in epoch 79: 0.242556, time: 1.1790 s
loss_CG in epoch 80: 2.838568, time: 3.4365 s
loss_KE in epoch 81: 0.259195, time: 4.8287 s
loss_CG in epoch 82: 2.836323, time: 1.0829 s
loss_KE in epoch 83: 0.243377, time: 1.0987 s
loss_CG in epoch 84: 2.833991, time: 1.0901 s
loss_KE in epoch 85: 0.231007, time: 1.1233 s
loss_CG in epoch 86: 2.831945, time: 1.1284 s
loss_KE in epoch 87: 0.220614, time: 1.1732 s
loss_CG in epoch 88: 2.829856, time: 1.1594 s
loss_KE in epoch 89: 0.211632, time: 1.1795 s
loss_CG in epoch 90: 2.828149, time: 3.4369 s
loss_KE in epoch 91: 0.229560, time: 4.9297 s
loss_CG in epoch 92: 2.826067, time: 1.0845 s
loss_KE in epoch 93: 0.217548, time: 1.1001 s
loss_CG in epoch 94: 2.823898, time: 1.0837 s
loss_KE in epoch 95: 0.208078, time: 1.1033 s
loss_CG in epoch 96: 2.822013, time: 1.1031 s
loss_KE in epoch 97: 0.200072, time: 1.1429 s
loss_CG in epoch 98: 2.820094, time: 1.1458 s
loss_KE in epoch 99: 0.193110, time: 1.1793 s

epoch 99, checkpoint!
l2r: acc of top [1, 5, 10, 50, 100] = [0.2914 0.4988 0.6    0.8018 0.8656], mr = 193.853, mrr = 0.393, time = 5.9739 s 
r2l: acc of top [1, 5, 10, 50, 100] = [0.292  0.5113 0.612  0.8029 0.8632], mr = 179.865, mrr = 0.396, time = 5.9743 s 

loss_CG in epoch 100: 2.818505, time: 3.3917 s
loss_KE in epoch 101: 0.210165, time: 4.7040 s
loss_CG in epoch 102: 2.816613, time: 1.0840 s
loss_KE in epoch 103: 0.200257, time: 1.0999 s
loss_CG in epoch 104: 2.814569, time: 1.0830 s
loss_KE in epoch 105: 0.192491, time: 1.0987 s
loss_CG in epoch 106: 2.812810, time: 1.0881 s
loss_KE in epoch 107: 0.185920, time: 1.1273 s
loss_CG in epoch 108: 2.811007, time: 1.1338 s
loss_KE in epoch 109: 0.180128, time: 1.1774 s
loss_CG in epoch 110: 2.809474, time: 3.4335 s
loss_KE in epoch 111: 0.195321, time: 4.9790 s
loss_CG in epoch 112: 2.807706, time: 1.0839 s
loss_KE in epoch 113: 0.186979, time: 1.1005 s
loss_CG in epoch 114: 2.805771, time: 1.0854 s
loss_KE in epoch 115: 0.180432, time: 1.1133 s
loss_CG in epoch 116: 2.804095, time: 1.1252 s
loss_KE in epoch 117: 0.174839, time: 1.1659 s
loss_CG in epoch 118: 2.802367, time: 1.1596 s
loss_KE in epoch 119: 0.169906, time: 1.1794 s
loss_CG in epoch 120: 2.800915, time: 3.4257 s
loss_KE in epoch 121: 0.183229, time: 4.9788 s
loss_CG in epoch 122: 2.799207, time: 1.0841 s
loss_KE in epoch 123: 0.175771, time: 1.1009 s
loss_CG in epoch 124: 2.797347, time: 1.0845 s
loss_KE in epoch 125: 0.169896, time: 1.1139 s
loss_CG in epoch 126: 2.795755, time: 1.1213 s
loss_KE in epoch 127: 0.164912, time: 1.1684 s
loss_CG in epoch 128: 2.794106, time: 1.1591 s
loss_KE in epoch 129: 0.160539, time: 1.1794 s
loss_CG in epoch 130: 2.792673, time: 3.4312 s
loss_KE in epoch 131: 0.175715, time: 4.8549 s
loss_CG in epoch 132: 2.791038, time: 1.0831 s
loss_KE in epoch 133: 0.169028, time: 1.0999 s
loss_CG in epoch 134: 2.789253, time: 1.0831 s
loss_KE in epoch 135: 0.163753, time: 1.1105 s
loss_CG in epoch 136: 2.787712, time: 1.1171 s
loss_KE in epoch 137: 0.159244, time: 1.1634 s
loss_CG in epoch 138: 2.786111, time: 1.1593 s
loss_KE in epoch 139: 0.155234, time: 1.1807 s
loss_CG in epoch 140: 2.784720, time: 3.4352 s
loss_KE in epoch 141: 0.169968, time: 4.6532 s
loss_CG in epoch 142: 2.783132, time: 1.0831 s
loss_KE in epoch 143: 0.163866, time: 1.0987 s
loss_CG in epoch 144: 2.781447, time: 1.0905 s
loss_KE in epoch 145: 0.159041, time: 1.1223 s
loss_CG in epoch 146: 2.779944, time: 1.1265 s
loss_KE in epoch 147: 0.154922, time: 1.1709 s
loss_CG in epoch 148: 2.778414, time: 1.1596 s
loss_KE in epoch 149: 0.151278, time: 1.1794 s
loss_CG in epoch 150: 2.777042, time: 3.4283 s
loss_KE in epoch 151: 0.164989, time: 4.8253 s
loss_CG in epoch 152: 2.775503, time: 1.0829 s
loss_KE in epoch 153: 0.159139, time: 1.0999 s
loss_CG in epoch 154: 2.773817, time: 1.0830 s
loss_KE in epoch 155: 0.154525, time: 1.1052 s
loss_CG in epoch 156: 2.772392, time: 1.1084 s
loss_KE in epoch 157: 0.150622, time: 1.1557 s
loss_CG in epoch 158: 2.770845, time: 1.1589 s
loss_KE in epoch 159: 0.147202, time: 1.1793 s
loss_CG in epoch 160: 2.769528, time: 3.4404 s
loss_KE in epoch 161: 0.159674, time: 5.0402 s
loss_CG in epoch 162: 2.767990, time: 1.0834 s
loss_KE in epoch 163: 0.154337, time: 1.1011 s
loss_CG in epoch 164: 2.766365, time: 1.0841 s
loss_KE in epoch 165: 0.150088, time: 1.1059 s
loss_CG in epoch 166: 2.764972, time: 1.1067 s
loss_KE in epoch 167: 0.146504, time: 1.1492 s
loss_CG in epoch 168: 2.763472, time: 1.1563 s
loss_KE in epoch 169: 0.143351, time: 1.1802 s
loss_CG in epoch 170: 2.762168, time: 3.4281 s
loss_KE in epoch 171: 0.154546, time: 4.6748 s
loss_CG in epoch 172: 2.760659, time: 1.0832 s
loss_KE in epoch 173: 0.149498, time: 1.1016 s
loss_CG in epoch 174: 2.759084, time: 1.0831 s
loss_KE in epoch 175: 0.145452, time: 1.1160 s
loss_CG in epoch 176: 2.757684, time: 1.1245 s
loss_KE in epoch 177: 0.142002, time: 1.1658 s
loss_CG in epoch 178: 2.756235, time: 1.1594 s
loss_KE in epoch 179: 0.138973, time: 1.1799 s
loss_CG in epoch 180: 2.754915, time: 3.4271 s
loss_KE in epoch 181: 0.152946, time: 4.7615 s
loss_CG in epoch 182: 2.753488, time: 1.0835 s
loss_KE in epoch 183: 0.148245, time: 1.1003 s
loss_CG in epoch 184: 2.751925, time: 1.0855 s
loss_KE in epoch 185: 0.144450, time: 1.1194 s
loss_CG in epoch 186: 2.750577, time: 1.1274 s
loss_KE in epoch 187: 0.141230, time: 1.1721 s
loss_CG in epoch 188: 2.749138, time: 1.1593 s
loss_KE in epoch 189: 0.138401, time: 1.1797 s
loss_CG in epoch 190: 2.747860, time: 3.4355 s
loss_KE in epoch 191: 0.149250, time: 4.8062 s
loss_CG in epoch 192: 2.746426, time: 1.0836 s
loss_KE in epoch 193: 0.144819, time: 1.1003 s
loss_CG in epoch 194: 2.744897, time: 1.0837 s
loss_KE in epoch 195: 0.141224, time: 1.1013 s
loss_CG in epoch 196: 2.743570, time: 1.1037 s
loss_KE in epoch 197: 0.138140, time: 1.1500 s
loss_CG in epoch 198: 2.742158, time: 1.1574 s
loss_KE in epoch 199: 0.135420, time: 1.1804 s

epoch 199, checkpoint!
l2r: acc of top [1, 5, 10, 50, 100] = [0.3104 0.5234 0.6196 0.8187 0.8771], mr = 182.403, mrr = 0.412, time = 5.9648 s 
r2l: acc of top [1, 5, 10, 50, 100] = [0.3131 0.5397 0.6391 0.8238 0.8789], mr = 160.765, mrr = 0.419, time = 5.9651 s 

loss_CG in epoch 200: 2.740889, time: 3.3975 s
loss_KE in epoch 201: 0.146905, time: 4.6456 s
loss_CG in epoch 202: 2.739479, time: 1.0847 s
loss_KE in epoch 203: 0.142665, time: 1.1025 s
loss_CG in epoch 204: 2.737967, time: 1.0848 s
loss_KE in epoch 205: 0.139206, time: 1.1020 s
loss_CG in epoch 206: 2.736659, time: 1.0939 s
loss_KE in epoch 207: 0.136284, time: 1.1420 s
loss_CG in epoch 208: 2.735255, time: 1.1490 s
loss_KE in epoch 209: 0.133684, time: 1.1798 s
loss_CG in epoch 210: 2.734006, time: 3.4320 s
loss_KE in epoch 211: 0.145571, time: 4.8191 s
loss_CG in epoch 212: 2.732613, time: 1.0837 s
loss_KE in epoch 213: 0.141481, time: 1.1001 s
loss_CG in epoch 214: 2.731151, time: 1.0836 s
loss_KE in epoch 215: 0.138167, time: 1.1187 s
loss_CG in epoch 216: 2.729821, time: 1.1276 s
loss_KE in epoch 217: 0.135314, time: 1.1759 s
loss_CG in epoch 218: 2.728470, time: 1.1597 s
loss_KE in epoch 219: 0.132802, time: 1.1799 s
loss_CG in epoch 220: 2.727212, time: 3.4233 s
loss_KE in epoch 221: 0.144574, time: 4.8011 s
loss_CG in epoch 222: 2.725857, time: 1.0838 s
loss_KE in epoch 223: 0.140607, time: 1.1008 s
loss_CG in epoch 224: 2.724371, time: 1.0836 s
loss_KE in epoch 225: 0.137356, time: 1.1016 s
loss_CG in epoch 226: 2.723073, time: 1.1043 s
loss_KE in epoch 227: 0.134568, time: 1.1496 s
loss_CG in epoch 228: 2.721710, time: 1.1550 s
loss_KE in epoch 229: 0.132113, time: 1.1794 s
loss_CG in epoch 230: 2.720453, time: 3.4234 s
loss_KE in epoch 231: 0.142020, time: 4.7971 s
loss_CG in epoch 232: 2.719052, time: 1.0832 s
loss_KE in epoch 233: 0.138264, time: 1.1003 s
loss_CG in epoch 234: 2.717621, time: 1.0875 s
loss_KE in epoch 235: 0.135192, time: 1.1235 s
loss_CG in epoch 236: 2.716308, time: 1.1297 s
loss_KE in epoch 237: 0.132542, time: 1.1725 s
loss_CG in epoch 238: 2.714962, time: 1.1588 s
loss_KE in epoch 239: 0.130214, time: 1.1799 s
loss_CG in epoch 240: 2.713702, time: 3.4280 s
loss_KE in epoch 241: 0.140920, time: 4.7173 s
loss_CG in epoch 242: 2.712358, time: 1.0835 s
loss_KE in epoch 243: 0.137355, time: 1.0985 s
loss_CG in epoch 244: 2.710896, time: 1.0870 s
loss_KE in epoch 245: 0.134406, time: 1.1218 s
loss_CG in epoch 246: 2.709621, time: 1.1306 s
loss_KE in epoch 247: 0.131860, time: 1.1719 s
loss_CG in epoch 248: 2.708264, time: 1.1590 s
loss_KE in epoch 249: 0.129607, time: 1.1797 s
loss_CG in epoch 250: 2.707017, time: 3.4379 s
loss_KE in epoch 251: 0.140209, time: 4.9815 s
loss_CG in epoch 252: 2.705654, time: 1.0837 s
loss_KE in epoch 253: 0.136760, time: 1.0994 s
loss_CG in epoch 254: 2.704205, time: 1.0837 s
loss_KE in epoch 255: 0.133901, time: 1.1159 s
loss_CG in epoch 256: 2.702909, time: 1.1176 s
loss_KE in epoch 257: 0.131437, time: 1.1603 s
loss_CG in epoch 258: 2.701547, time: 1.1560 s
loss_KE in epoch 259: 0.129255, time: 1.1787 s
loss_CG in epoch 260: 2.700291, time: 3.4271 s
loss_KE in epoch 261: 0.139769, time: 4.7895 s
loss_CG in epoch 262: 2.698926, time: 1.0829 s
loss_KE in epoch 263: 0.136333, time: 1.0997 s
loss_CG in epoch 264: 2.697504, time: 1.0834 s
loss_KE in epoch 265: 0.133488, time: 1.1052 s
loss_CG in epoch 266: 2.696214, time: 1.1072 s
loss_KE in epoch 267: 0.131050, time: 1.1551 s
loss_CG in epoch 268: 2.694856, time: 1.1580 s
loss_KE in epoch 269: 0.128891, time: 1.1788 s
loss_CG in epoch 270: 2.693602, time: 3.4264 s
loss_KE in epoch 271: 0.137361, time: 4.7300 s
loss_CG in epoch 272: 2.692262, time: 1.0831 s
loss_KE in epoch 273: 0.134119, time: 1.1005 s
loss_CG in epoch 274: 2.690840, time: 1.0846 s
loss_KE in epoch 275: 0.131427, time: 1.1188 s
loss_CG in epoch 276: 2.689567, time: 1.1220 s
loss_KE in epoch 277: 0.129109, time: 1.1659 s
loss_CG in epoch 278: 2.688215, time: 1.1596 s
loss_KE in epoch 279: 0.127055, time: 1.1798 s
loss_CG in epoch 280: 2.686954, time: 3.4342 s
loss_KE in epoch 281: 0.138410, time: 4.8778 s
loss_CG in epoch 282: 2.685602, time: 1.0828 s
loss_KE in epoch 283: 0.135159, time: 1.0996 s
loss_CG in epoch 284: 2.684185, time: 1.0829 s
loss_KE in epoch 285: 0.132441, time: 1.1140 s
loss_CG in epoch 286: 2.682918, time: 1.1169 s
loss_KE in epoch 287: 0.130100, time: 1.1616 s
loss_CG in epoch 288: 2.681582, time: 1.1594 s
loss_KE in epoch 289: 0.128021, time: 1.1801 s
loss_CG in epoch 290: 2.680337, time: 3.4220 s
loss_KE in epoch 291: 0.136785, time: 4.8958 s
loss_CG in epoch 292: 2.678972, time: 1.0835 s
loss_KE in epoch 293: 0.133639, time: 1.0989 s
loss_CG in epoch 294: 2.677574, time: 1.0851 s
loss_KE in epoch 295: 0.131036, time: 1.1196 s
loss_CG in epoch 296: 2.676277, time: 1.1243 s
loss_KE in epoch 297: 0.128783, time: 1.1648 s
loss_CG in epoch 298: 2.674941, time: 1.1595 s
loss_KE in epoch 299: 0.126781, time: 1.1800 s

epoch 299, checkpoint!
l2r: acc of top [1, 5, 10, 50, 100] = [0.3141 0.533  0.6283 0.8257 0.8834], mr = 176.169, mrr = 0.418, time = 5.9528 s 
r2l: acc of top [1, 5, 10, 50, 100] = [0.3207 0.546  0.6446 0.829  0.8814], mr = 151.753, mrr = 0.427, time = 5.9532 s 

loss_CG in epoch 300: 2.673681, time: 3.3923 s
loss_KE in epoch 301: 0.137175, time: 4.9536 s
loss_CG in epoch 302: 2.672290, time: 1.0849 s
loss_KE in epoch 303: 0.134155, time: 1.1012 s
loss_CG in epoch 304: 2.670846, time: 1.0845 s
loss_KE in epoch 305: 0.131632, time: 1.1006 s
loss_CG in epoch 306: 2.669550, time: 1.0922 s
loss_KE in epoch 307: 0.129458, time: 1.1309 s
loss_CG in epoch 308: 2.668182, time: 1.1342 s
loss_KE in epoch 309: 0.127524, time: 1.1780 s
loss_CG in epoch 310: 2.666911, time: 3.4326 s
loss_KE in epoch 311: 0.137281, time: 4.8552 s
loss_CG in epoch 312: 2.665562, time: 1.0837 s
loss_KE in epoch 313: 0.134330, time: 1.1011 s
loss_CG in epoch 314: 2.664131, time: 1.0837 s
loss_KE in epoch 315: 0.131863, time: 1.1105 s
loss_CG in epoch 316: 2.662849, time: 1.1168 s
loss_KE in epoch 317: 0.129711, time: 1.1623 s
loss_CG in epoch 318: 2.661493, time: 1.1592 s
loss_KE in epoch 319: 0.127811, time: 1.1790 s
loss_CG in epoch 320: 2.660218, time: 3.4183 s
loss_KE in epoch 321: 0.134507, time: 5.1871 s
loss_CG in epoch 322: 2.658859, time: 1.0828 s
loss_KE in epoch 323: 0.131660, time: 1.1004 s
loss_CG in epoch 324: 2.657446, time: 1.0825 s
loss_KE in epoch 325: 0.129242, time: 1.1027 s
loss_CG in epoch 326: 2.656158, time: 1.1065 s
loss_KE in epoch 327: 0.127141, time: 1.1482 s
loss_CG in epoch 328: 2.654804, time: 1.1556 s
loss_KE in epoch 329: 0.125267, time: 1.1785 s
loss_CG in epoch 330: 2.653512, time: 3.4249 s
loss_KE in epoch 331: 0.136248, time: 4.8383 s
loss_CG in epoch 332: 2.652158, time: 1.0829 s
loss_KE in epoch 333: 0.133402, time: 1.0991 s
loss_CG in epoch 334: 2.650732, time: 1.0859 s
loss_KE in epoch 335: 0.130995, time: 1.1189 s
loss_CG in epoch 336: 2.649433, time: 1.1222 s
loss_KE in epoch 337: 0.128883, time: 1.1676 s
loss_CG in epoch 338: 2.648083, time: 1.1589 s
loss_KE in epoch 339: 0.127005, time: 1.1801 s
loss_CG in epoch 340: 2.646806, time: 3.4238 s
loss_KE in epoch 341: 0.135367, time: 4.7418 s
loss_CG in epoch 342: 2.645438, time: 1.0827 s
loss_KE in epoch 343: 0.132564, time: 1.0999 s
loss_CG in epoch 344: 2.644024, time: 1.0829 s
loss_KE in epoch 345: 0.130195, time: 1.1123 s
loss_CG in epoch 346: 2.642711, time: 1.1184 s
loss_KE in epoch 347: 0.128127, time: 1.1608 s
loss_CG in epoch 348: 2.641360, time: 1.1573 s
loss_KE in epoch 349: 0.126290, time: 1.1796 s
loss_CG in epoch 350: 2.640047, time: 3.4199 s
loss_KE in epoch 351: 0.135215, time: 4.7885 s
loss_CG in epoch 352: 2.638706, time: 1.0845 s
loss_KE in epoch 353: 0.132467, time: 1.1013 s
loss_CG in epoch 354: 2.637285, time: 1.0838 s
loss_KE in epoch 355: 0.130141, time: 1.1135 s
loss_CG in epoch 356: 2.636003, time: 1.1229 s
loss_KE in epoch 357: 0.128083, time: 1.1679 s
loss_CG in epoch 358: 2.634639, time: 1.1605 s
loss_KE in epoch 359: 0.126259, time: 1.1797 s
loss_CG in epoch 360: 2.633350, time: 3.4187 s
loss_KE in epoch 361: 0.134034, time: 4.8334 s
loss_CG in epoch 362: 2.631973, time: 1.0857 s
loss_KE in epoch 363: 0.131401, time: 1.1004 s
loss_CG in epoch 364: 2.630532, time: 1.0846 s
loss_KE in epoch 365: 0.129173, time: 1.1104 s
loss_CG in epoch 366: 2.629211, time: 1.1164 s
loss_KE in epoch 367: 0.127233, time: 1.1610 s
loss_CG in epoch 368: 2.627847, time: 1.1598 s
loss_KE in epoch 369: 0.125491, time: 1.1799 s
loss_CG in epoch 370: 2.626537, time: 3.4264 s
loss_KE in epoch 371: 0.134460, time: 4.7573 s
loss_CG in epoch 372: 2.625172, time: 1.0838 s
loss_KE in epoch 373: 0.131815, time: 1.1004 s
loss_CG in epoch 374: 2.623747, time: 1.0867 s
loss_KE in epoch 375: 0.129557, time: 1.1203 s
loss_CG in epoch 376: 2.622458, time: 1.1241 s
loss_KE in epoch 377: 0.127582, time: 1.1646 s
loss_CG in epoch 378: 2.621062, time: 1.1593 s
loss_KE in epoch 379: 0.125825, time: 1.1798 s
loss_CG in epoch 380: 2.619784, time: 3.4201 s
loss_KE in epoch 381: 0.134351, time: 4.8271 s
loss_CG in epoch 382: 2.618406, time: 1.0838 s
loss_KE in epoch 383: 0.131802, time: 1.0993 s
loss_CG in epoch 384: 2.616992, time: 1.0850 s
loss_KE in epoch 385: 0.129604, time: 1.1144 s
loss_CG in epoch 386: 2.615687, time: 1.1222 s
loss_KE in epoch 387: 0.127669, time: 1.1687 s
loss_CG in epoch 388: 2.614326, time: 1.1588 s
loss_KE in epoch 389: 0.125932, time: 1.1790 s
loss_CG in epoch 390: 2.613006, time: 3.4395 s
loss_KE in epoch 391: 0.133754, time: 4.7815 s
loss_CG in epoch 392: 2.611641, time: 1.0830 s
loss_KE in epoch 393: 0.131278, time: 1.0998 s
loss_CG in epoch 394: 2.610181, time: 1.0829 s
loss_KE in epoch 395: 0.129141, time: 1.1093 s
loss_CG in epoch 396: 2.608886, time: 1.1150 s
loss_KE in epoch 397: 0.127259, time: 1.1549 s
loss_CG in epoch 398: 2.607489, time: 1.1576 s
loss_KE in epoch 399: 0.125583, time: 1.1793 s

epoch 399, checkpoint!
l2r: acc of top [1, 5, 10, 50, 100] = [0.3207 0.5367 0.6353 0.8278 0.8854], mr = 170.497, mrr = 0.424, time = 5.9588 s 
r2l: acc of top [1, 5, 10, 50, 100] = [0.3232 0.5481 0.6503 0.8307 0.8827], mr = 143.775, mrr = 0.431, time = 5.9591 s 

loss_CG in epoch 400: 2.606188, time: 3.3856 s
loss_KE in epoch 401: 0.135446, time: 4.6675 s
loss_CG in epoch 402: 2.604819, time: 1.0835 s
loss_KE in epoch 403: 0.133010, time: 1.1001 s
loss_CG in epoch 404: 2.603398, time: 1.0836 s
loss_KE in epoch 405: 0.130899, time: 1.0991 s
loss_CG in epoch 406: 2.602081, time: 1.0918 s
loss_KE in epoch 407: 0.129030, time: 1.1350 s
loss_CG in epoch 408: 2.600714, time: 1.1401 s
loss_KE in epoch 409: 0.127359, time: 1.1773 s
loss_CG in epoch 410: 2.599388, time: 3.4227 s
loss_KE in epoch 411: 0.133339, time: 4.6911 s
loss_CG in epoch 412: 2.598006, time: 1.0832 s
loss_KE in epoch 413: 0.130930, time: 1.1011 s
loss_CG in epoch 414: 2.596563, time: 1.0866 s
loss_KE in epoch 415: 0.128859, time: 1.1255 s
loss_CG in epoch 416: 2.595235, time: 1.1291 s
loss_KE in epoch 417: 0.127039, time: 1.1692 s
loss_CG in epoch 418: 2.593851, time: 1.1594 s
loss_KE in epoch 419: 0.125416, time: 1.1797 s
loss_CG in epoch 420: 2.592510, time: 3.4314 s
loss_KE in epoch 421: 0.133567, time: 4.9846 s
loss_CG in epoch 422: 2.591121, time: 1.0832 s
loss_KE in epoch 423: 0.131287, time: 1.0989 s
loss_CG in epoch 424: 2.589669, time: 1.0832 s
loss_KE in epoch 425: 0.129289, time: 1.1056 s
loss_CG in epoch 426: 2.588331, time: 1.1139 s
loss_KE in epoch 427: 0.127521, time: 1.1614 s
loss_CG in epoch 428: 2.586936, time: 1.1595 s
loss_KE in epoch 429: 0.125922, time: 1.1798 s
loss_CG in epoch 430: 2.585582, time: 3.4303 s
loss_KE in epoch 431: 0.134345, time: 4.8051 s
loss_CG in epoch 432: 2.584219, time: 1.0834 s
loss_KE in epoch 433: 0.132016, time: 1.0994 s
loss_CG in epoch 434: 2.582767, time: 1.0828 s
loss_KE in epoch 435: 0.130003, time: 1.1039 s
loss_CG in epoch 436: 2.581457, time: 1.1064 s
loss_KE in epoch 437: 0.128223, time: 1.1472 s
loss_CG in epoch 438: 2.580061, time: 1.1545 s
loss_KE in epoch 439: 0.126638, time: 1.1801 s
loss_CG in epoch 440: 2.578740, time: 3.4319 s
loss_KE in epoch 441: 0.134736, time: 4.9009 s
loss_CG in epoch 442: 2.577342, time: 1.0826 s
loss_KE in epoch 443: 0.132410, time: 1.0987 s
loss_CG in epoch 444: 2.575907, time: 1.0845 s
loss_KE in epoch 445: 0.130387, time: 1.1157 s
loss_CG in epoch 446: 2.574571, time: 1.1185 s
loss_KE in epoch 447: 0.128602, time: 1.1602 s
loss_CG in epoch 448: 2.573196, time: 1.1577 s
loss_KE in epoch 449: 0.127001, time: 1.1794 s
loss_CG in epoch 450: 2.571826, time: 3.4262 s
loss_KE in epoch 451: 0.134953, time: 4.9260 s
loss_CG in epoch 452: 2.570465, time: 1.0834 s
loss_KE in epoch 453: 0.132727, time: 1.1002 s
loss_CG in epoch 454: 2.568984, time: 1.0831 s
loss_KE in epoch 455: 0.130790, time: 1.1048 s
loss_CG in epoch 456: 2.567669, time: 1.1070 s
loss_KE in epoch 457: 0.129050, time: 1.1490 s
loss_CG in epoch 458: 2.566254, time: 1.1525 s
loss_KE in epoch 459: 0.127491, time: 1.1797 s
loss_CG in epoch 460: 2.564919, time: 3.4324 s
loss_KE in epoch 461: 0.133606, time: 4.6724 s
loss_CG in epoch 462: 2.563501, time: 1.0830 s
loss_KE in epoch 463: 0.131482, time: 1.1007 s
loss_CG in epoch 464: 2.562047, time: 1.0838 s
loss_KE in epoch 465: 0.129609, time: 1.1160 s
loss_CG in epoch 466: 2.560687, time: 1.1240 s
loss_KE in epoch 467: 0.127941, time: 1.1687 s
loss_CG in epoch 468: 2.559275, time: 1.1600 s
loss_KE in epoch 469: 0.126436, time: 1.1810 s
loss_CG in epoch 470: 2.557906, time: 3.4265 s
loss_KE in epoch 471: 0.134923, time: 4.8618 s
loss_CG in epoch 472: 2.556501, time: 1.0843 s
loss_KE in epoch 473: 0.132772, time: 1.1002 s
loss_CG in epoch 474: 2.555025, time: 1.0842 s
loss_KE in epoch 475: 0.130887, time: 1.1125 s
loss_CG in epoch 476: 2.553691, time: 1.1147 s
loss_KE in epoch 477: 0.129200, time: 1.1545 s
loss_CG in epoch 478: 2.552253, time: 1.1575 s
loss_KE in epoch 479: 0.127687, time: 1.1796 s
loss_CG in epoch 480: 2.550902, time: 3.4353 s
loss_KE in epoch 481: 0.135368, time: 4.6881 s
loss_CG in epoch 482: 2.549484, time: 1.0833 s
loss_KE in epoch 483: 0.133251, time: 1.0997 s
loss_CG in epoch 484: 2.548005, time: 1.0879 s
loss_KE in epoch 485: 0.131388, time: 1.1169 s
loss_CG in epoch 486: 2.546644, time: 1.1254 s
loss_KE in epoch 487: 0.129737, time: 1.1661 s
loss_CG in epoch 488: 2.545222, time: 1.1597 s
loss_KE in epoch 489: 0.128265, time: 1.1810 s
loss_CG in epoch 490: 2.543831, time: 3.4297 s
loss_KE in epoch 491: 0.135275, time: 4.7403 s
loss_CG in epoch 492: 2.542424, time: 1.0845 s
loss_KE in epoch 493: 0.133229, time: 1.1004 s
loss_CG in epoch 494: 2.540929, time: 1.0852 s
loss_KE in epoch 495: 0.131422, time: 1.1107 s
loss_CG in epoch 496: 2.539594, time: 1.1175 s
loss_KE in epoch 497: 0.129807, time: 1.1623 s
loss_CG in epoch 498: 2.538143, time: 1.1596 s
loss_KE in epoch 499: 0.128362, time: 1.1799 s

epoch 499, checkpoint!
l2r: acc of top [1, 5, 10, 50, 100] = [0.321  0.5396 0.639  0.831  0.8873], mr = 165.133, mrr = 0.426, time = 5.9500 s 
r2l: acc of top [1, 5, 10, 50, 100] = [0.3256 0.55   0.6548 0.8327 0.8841], mr = 137.513, mrr = 0.432, time = 5.9503 s 

loss_CG in epoch 500: 2.536795, time: 3.3960 s
loss_KE in epoch 501: 0.136256, time: 4.8318 s
loss_CG in epoch 502: 2.535371, time: 1.0847 s
loss_KE in epoch 503: 0.134198, time: 1.1016 s
loss_CG in epoch 504: 2.533915, time: 1.0852 s
loss_KE in epoch 505: 0.132379, time: 1.1017 s
loss_CG in epoch 506: 2.532550, time: 1.0858 s
loss_KE in epoch 507: 0.130751, time: 1.1124 s
loss_CG in epoch 508: 2.531137, time: 1.1256 s
loss_KE in epoch 509: 0.129280, time: 1.1688 s
loss_CG in epoch 510: 2.529742, time: 3.4218 s
loss_KE in epoch 511: 0.136697, time: 4.7336 s
loss_CG in epoch 512: 2.528365, time: 1.0835 s
loss_KE in epoch 513: 0.134618, time: 1.0992 s
loss_CG in epoch 514: 2.526851, time: 1.0875 s
loss_KE in epoch 515: 0.132784, time: 1.1216 s
loss_CG in epoch 516: 2.525522, time: 1.1300 s
loss_KE in epoch 517: 0.131123, time: 1.1727 s
loss_CG in epoch 518: 2.524070, time: 1.1598 s
loss_KE in epoch 519: 0.129624, time: 1.1803 s
loss_CG in epoch 520: 2.522705, time: 3.4213 s
loss_KE in epoch 521: 0.135863, time: 5.0247 s
loss_CG in epoch 522: 2.521281, time: 1.0838 s
loss_KE in epoch 523: 0.133873, time: 1.1023 s
loss_CG in epoch 524: 2.519806, time: 1.0830 s
loss_KE in epoch 525: 0.132119, time: 1.1144 s
loss_CG in epoch 526: 2.518441, time: 1.1182 s
loss_KE in epoch 527: 0.130553, time: 1.1592 s
loss_CG in epoch 528: 2.517022, time: 1.1565 s
loss_KE in epoch 529: 0.129144, time: 1.1790 s
loss_CG in epoch 530: 2.515635, time: 3.4357 s
loss_KE in epoch 531: 0.136206, time: 4.7369 s
loss_CG in epoch 532: 2.514226, time: 1.0830 s
loss_KE in epoch 533: 0.134264, time: 1.0987 s
loss_CG in epoch 534: 2.512704, time: 1.0829 s
loss_KE in epoch 535: 0.132543, time: 1.1080 s
loss_CG in epoch 536: 2.511352, time: 1.1143 s
loss_KE in epoch 537: 0.130995, time: 1.1542 s
loss_CG in epoch 538: 2.509880, time: 1.1575 s
loss_KE in epoch 539: 0.129594, time: 1.1804 s
loss_CG in epoch 540: 2.508508, time: 3.4228 s
loss_KE in epoch 541: 0.135455, time: 4.8470 s
loss_CG in epoch 542: 2.507053, time: 1.0833 s
loss_KE in epoch 543: 0.133534, time: 1.1003 s
loss_CG in epoch 544: 2.505548, time: 1.0854 s
loss_KE in epoch 545: 0.131829, time: 1.1211 s
loss_CG in epoch 546: 2.504162, time: 1.1253 s
loss_KE in epoch 547: 0.130310, time: 1.1646 s
loss_CG in epoch 548: 2.502712, time: 1.1591 s
loss_KE in epoch 549: 0.128947, time: 1.1787 s
loss_CG in epoch 550: 2.501285, time: 3.4246 s
loss_KE in epoch 551: 0.135344, time: 4.6763 s
loss_CG in epoch 552: 2.499881, time: 1.0831 s
loss_KE in epoch 553: 0.133407, time: 1.1004 s
loss_CG in epoch 554: 2.498342, time: 1.0848 s
loss_KE in epoch 555: 0.131682, time: 1.1075 s
loss_CG in epoch 556: 2.497008, time: 1.1146 s
loss_KE in epoch 557: 0.130128, time: 1.1543 s
loss_CG in epoch 558: 2.495520, time: 1.1579 s
loss_KE in epoch 559: 0.128743, time: 1.1806 s
loss_CG in epoch 560: 2.494152, time: 3.4214 s
loss_KE in epoch 561: 0.136870, time: 4.7061 s
loss_CG in epoch 562: 2.492693, time: 1.0830 s
loss_KE in epoch 563: 0.134957, time: 1.1007 s
loss_CG in epoch 564: 2.491205, time: 1.0860 s
loss_KE in epoch 565: 0.133243, time: 1.1215 s
loss_CG in epoch 566: 2.489803, time: 1.1253 s
loss_KE in epoch 567: 0.131701, time: 1.1686 s
loss_CG in epoch 568: 2.488355, time: 1.1592 s
loss_KE in epoch 569: 0.130302, time: 1.1794 s
loss_CG in epoch 570: 2.486922, time: 3.4191 s
loss_KE in epoch 571: 0.137176, time: 4.8420 s
loss_CG in epoch 572: 2.485512, time: 1.0837 s
loss_KE in epoch 573: 0.135299, time: 1.0997 s
loss_CG in epoch 574: 2.483953, time: 1.0831 s
loss_KE in epoch 575: 0.133625, time: 1.1117 s
loss_CG in epoch 576: 2.482608, time: 1.1184 s
loss_KE in epoch 577: 0.132118, time: 1.1596 s
loss_CG in epoch 578: 2.481093, time: 1.1570 s
loss_KE in epoch 579: 0.130765, time: 1.1794 s
loss_CG in epoch 580: 2.479715, time: 3.4303 s
loss_KE in epoch 581: 0.137022, time: 4.8922 s
loss_CG in epoch 582: 2.478243, time: 1.0841 s
loss_KE in epoch 583: 0.135184, time: 1.1004 s
loss_CG in epoch 584: 2.476727, time: 1.0843 s
loss_KE in epoch 585: 0.133538, time: 1.1130 s
loss_CG in epoch 586: 2.475328, time: 1.1147 s
loss_KE in epoch 587: 0.132047, time: 1.1556 s
loss_CG in epoch 588: 2.473867, time: 1.1572 s
loss_KE in epoch 589: 0.130680, time: 1.1799 s
loss_CG in epoch 590: 2.472429, time: 3.4239 s
loss_KE in epoch 591: 0.137740, time: 4.7236 s
loss_CG in epoch 592: 2.471013, time: 1.0840 s
loss_KE in epoch 593: 0.135920, time: 1.0992 s
loss_CG in epoch 594: 2.469422, time: 1.0837 s
loss_KE in epoch 595: 0.134299, time: 1.1091 s
loss_CG in epoch 596: 2.468075, time: 1.1153 s
loss_KE in epoch 597: 0.132822, time: 1.1553 s
loss_CG in epoch 598: 2.466547, time: 1.1578 s
loss_KE in epoch 599: 0.131491, time: 1.1798 s

epoch 599, checkpoint!
l2r: acc of top [1, 5, 10, 50, 100] = [0.3215 0.5428 0.6417 0.8329 0.8874], mr = 159.847, mrr = 0.427, time = 5.9837 s 
r2l: acc of top [1, 5, 10, 50, 100] = [0.327  0.5537 0.6544 0.8339 0.8841], mr = 133.789, mrr = 0.434, time = 5.9840 s 

loss_CG in epoch 600: 2.465137, time: 3.3934 s
loss_KE in epoch 601: 0.137563, time: 4.8623 s
loss_CG in epoch 602: 2.463660, time: 1.0849 s
loss_KE in epoch 603: 0.135746, time: 1.1004 s
loss_CG in epoch 604: 2.462121, time: 1.0852 s
loss_KE in epoch 605: 0.134110, time: 1.1017 s
loss_CG in epoch 606: 2.460727, time: 1.0889 s
loss_KE in epoch 607: 0.132637, time: 1.1297 s
loss_CG in epoch 608: 2.459223, time: 1.1354 s
loss_KE in epoch 609: 0.131305, time: 1.1808 s
loss_CG in epoch 610: 2.457794, time: 3.4263 s
loss_KE in epoch 611: 0.138201, time: 4.8439 s
loss_CG in epoch 612: 2.456349, time: 1.0839 s
loss_KE in epoch 613: 0.136450, time: 1.1003 s
loss_CG in epoch 614: 2.454754, time: 1.0849 s
loss_KE in epoch 615: 0.134866, time: 1.1121 s
loss_CG in epoch 616: 2.453392, time: 1.1128 s
loss_KE in epoch 617: 0.133423, time: 1.1519 s
loss_CG in epoch 618: 2.451872, time: 1.1602 s
loss_KE in epoch 619: 0.132127, time: 1.1799 s
loss_CG in epoch 620: 2.450445, time: 3.4259 s
loss_KE in epoch 621: 0.138972, time: 5.1144 s
loss_CG in epoch 622: 2.449007, time: 1.0842 s
loss_KE in epoch 623: 0.137183, time: 1.0988 s
loss_CG in epoch 624: 2.447440, time: 1.0840 s
loss_KE in epoch 625: 0.135573, time: 1.1142 s
loss_CG in epoch 626: 2.446061, time: 1.1170 s
loss_KE in epoch 627: 0.134112, time: 1.1622 s
loss_CG in epoch 628: 2.444570, time: 1.1592 s
loss_KE in epoch 629: 0.132784, time: 1.1796 s
loss_CG in epoch 630: 2.443134, time: 3.4285 s
loss_KE in epoch 631: 0.139757, time: 4.6869 s
loss_CG in epoch 632: 2.441696, time: 1.0832 s
loss_KE in epoch 633: 0.138018, time: 1.0996 s
loss_CG in epoch 634: 2.440103, time: 1.0877 s
loss_KE in epoch 635: 0.136447, time: 1.1230 s
loss_CG in epoch 636: 2.438751, time: 1.1281 s
loss_KE in epoch 637: 0.135032, time: 1.1716 s
loss_CG in epoch 638: 2.437223, time: 1.1593 s
loss_KE in epoch 639: 0.133748, time: 1.1802 s
loss_CG in epoch 640: 2.435825, time: 3.4476 s
loss_KE in epoch 641: 0.138222, time: 4.8426 s
loss_CG in epoch 642: 2.434331, time: 1.0831 s
loss_KE in epoch 643: 0.136504, time: 1.0996 s
loss_CG in epoch 644: 2.432755, time: 1.0832 s
loss_KE in epoch 645: 0.134949, time: 1.1109 s
loss_CG in epoch 646: 2.431337, time: 1.1131 s
loss_KE in epoch 647: 0.133546, time: 1.1495 s
loss_CG in epoch 648: 2.429817, time: 1.1556 s
loss_KE in epoch 649: 0.132270, time: 1.1797 s
loss_CG in epoch 650: 2.428360, time: 3.4357 s
loss_KE in epoch 651: 0.139654, time: 5.0249 s
loss_CG in epoch 652: 2.426913, time: 1.0836 s
loss_KE in epoch 653: 0.137995, time: 1.1004 s
loss_CG in epoch 654: 2.425292, time: 1.0836 s
loss_KE in epoch 655: 0.136484, time: 1.1135 s
loss_CG in epoch 656: 2.423909, time: 1.1211 s
loss_KE in epoch 657: 0.135101, time: 1.1681 s
loss_CG in epoch 658: 2.422370, time: 1.1597 s
loss_KE in epoch 659: 0.133853, time: 1.1800 s
loss_CG in epoch 660: 2.420927, time: 3.4227 s
loss_KE in epoch 661: 0.139878, time: 4.8398 s
loss_CG in epoch 662: 2.419479, time: 1.0839 s
loss_KE in epoch 663: 0.138199, time: 1.0989 s
loss_CG in epoch 664: 2.417865, time: 1.0843 s
loss_KE in epoch 665: 0.136651, time: 1.1025 s
loss_CG in epoch 666: 2.416502, time: 1.1082 s
loss_KE in epoch 667: 0.135256, time: 1.1507 s
loss_CG in epoch 668: 2.414949, time: 1.1533 s
loss_KE in epoch 669: 0.133994, time: 1.1801 s
loss_CG in epoch 670: 2.413529, time: 3.4445 s
loss_KE in epoch 671: 0.140297, time: 5.0561 s
loss_CG in epoch 672: 2.412041, time: 1.0834 s
loss_KE in epoch 673: 0.138715, time: 1.0997 s
loss_CG in epoch 674: 2.410424, time: 1.0830 s
loss_KE in epoch 675: 0.137247, time: 1.1084 s
loss_CG in epoch 676: 2.409035, time: 1.1155 s
loss_KE in epoch 677: 0.135900, time: 1.1547 s
loss_CG in epoch 678: 2.407467, time: 1.1571 s
loss_KE in epoch 679: 0.134673, time: 1.1794 s
loss_CG in epoch 680: 2.406029, time: 3.4287 s
loss_KE in epoch 681: 0.142822, time: 4.9329 s
loss_CG in epoch 682: 2.404546, time: 1.0833 s
loss_KE in epoch 683: 0.141153, time: 1.0998 s
loss_CG in epoch 684: 2.402935, time: 1.0841 s
loss_KE in epoch 685: 0.139627, time: 1.1028 s
loss_CG in epoch 686: 2.401538, time: 1.1053 s
loss_KE in epoch 687: 0.138234, time: 1.1484 s
loss_CG in epoch 688: 2.399994, time: 1.1554 s
loss_KE in epoch 689: 0.136962, time: 1.1796 s
loss_CG in epoch 690: 2.398531, time: 3.4252 s
loss_KE in epoch 691: 0.141889, time: 4.6843 s
loss_CG in epoch 692: 2.397086, time: 1.0833 s
loss_KE in epoch 693: 0.140271, time: 1.0985 s
loss_CG in epoch 694: 2.395420, time: 1.0864 s
loss_KE in epoch 695: 0.138776, time: 1.1213 s
loss_CG in epoch 696: 2.394081, time: 1.1306 s
loss_KE in epoch 697: 0.137403, time: 1.1725 s
loss_CG in epoch 698: 2.392484, time: 1.1605 s
loss_KE in epoch 699: 0.136172, time: 1.1800 s

epoch 699, checkpoint!
l2r: acc of top [1, 5, 10, 50, 100] = [0.3217 0.5441 0.6426 0.8334 0.8888], mr = 156.870, mrr = 0.428, time = 5.9569 s 
r2l: acc of top [1, 5, 10, 50, 100] = [0.3263 0.554  0.6546 0.834  0.8843], mr = 130.856, mrr = 0.434, time = 5.9572 s 

loss_CG in epoch 700: 2.391070, time: 3.3930 s
loss_KE in epoch 701: 0.142305, time: 4.8329 s
loss_CG in epoch 702: 2.389566, time: 1.0830 s
loss_KE in epoch 703: 0.140692, time: 1.1007 s
loss_CG in epoch 704: 2.387952, time: 1.0844 s
loss_KE in epoch 705: 0.139193, time: 1.0989 s
loss_CG in epoch 706: 2.386541, time: 1.0875 s
loss_KE in epoch 707: 0.137846, time: 1.1194 s
loss_CG in epoch 708: 2.384977, time: 1.1233 s
loss_KE in epoch 709: 0.136617, time: 1.1655 s
loss_CG in epoch 710: 2.383503, time: 3.4321 s
loss_KE in epoch 711: 0.140556, time: 4.7690 s
loss_CG in epoch 712: 2.382001, time: 1.0839 s
loss_KE in epoch 713: 0.139008, time: 1.0995 s
loss_CG in epoch 714: 2.380337, time: 1.0853 s
loss_KE in epoch 715: 0.137584, time: 1.1149 s
loss_CG in epoch 716: 2.378928, time: 1.1199 s
loss_KE in epoch 717: 0.136283, time: 1.1603 s
loss_CG in epoch 718: 2.377334, time: 1.1565 s
loss_KE in epoch 719: 0.135095, time: 1.1798 s
loss_CG in epoch 720: 2.375867, time: 3.4193 s
loss_KE in epoch 721: 0.142678, time: 4.7991 s
loss_CG in epoch 722: 2.374383, time: 1.0845 s
loss_KE in epoch 723: 0.141114, time: 1.0996 s
loss_CG in epoch 724: 2.372746, time: 1.0836 s
loss_KE in epoch 725: 0.139663, time: 1.1191 s
loss_CG in epoch 726: 2.371347, time: 1.1259 s
loss_KE in epoch 727: 0.138346, time: 1.1747 s
loss_CG in epoch 728: 2.369779, time: 1.1591 s
loss_KE in epoch 729: 0.137148, time: 1.1805 s
loss_CG in epoch 730: 2.368301, time: 3.4177 s
loss_KE in epoch 731: 0.142338, time: 4.7331 s
loss_CG in epoch 732: 2.366819, time: 1.0841 s
loss_KE in epoch 733: 0.140817, time: 1.0996 s
loss_CG in epoch 734: 2.365148, time: 1.0838 s
loss_KE in epoch 735: 0.139414, time: 1.1128 s
loss_CG in epoch 736: 2.363773, time: 1.1186 s
loss_KE in epoch 737: 0.138139, time: 1.1596 s
loss_CG in epoch 738: 2.362150, time: 1.1566 s
loss_KE in epoch 739: 0.136975, time: 1.1790 s
loss_CG in epoch 740: 2.360729, time: 3.4496 s
loss_KE in epoch 741: 0.143811, time: 4.7059 s
loss_CG in epoch 742: 2.359209, time: 1.0842 s
loss_KE in epoch 743: 0.142254, time: 1.0985 s
loss_CG in epoch 744: 2.357562, time: 1.0833 s
loss_KE in epoch 745: 0.140805, time: 1.1084 s
loss_CG in epoch 746: 2.356138, time: 1.1070 s
loss_KE in epoch 747: 0.139485, time: 1.1477 s
loss_CG in epoch 748: 2.354579, time: 1.1542 s
loss_KE in epoch 749: 0.138290, time: 1.1792 s
loss_CG in epoch 750: 2.353066, time: 3.4287 s
loss_KE in epoch 751: 0.143406, time: 4.7532 s
loss_CG in epoch 752: 2.351616, time: 1.0854 s
loss_KE in epoch 753: 0.141841, time: 1.0980 s
loss_CG in epoch 754: 2.349895, time: 1.0838 s
loss_KE in epoch 755: 0.140382, time: 1.1170 s
loss_CG in epoch 756: 2.348551, time: 1.1262 s
loss_KE in epoch 757: 0.139053, time: 1.1725 s
loss_CG in epoch 758: 2.346889, time: 1.1597 s
loss_KE in epoch 759: 0.137846, time: 1.1798 s
loss_CG in epoch 760: 2.345490, time: 3.4338 s
loss_KE in epoch 761: 0.145600, time: 4.9703 s
loss_CG in epoch 762: 2.343907, time: 1.0837 s
loss_KE in epoch 763: 0.144082, time: 1.0997 s
loss_CG in epoch 764: 2.342286, time: 1.0846 s
loss_KE in epoch 765: 0.142651, time: 1.1012 s
loss_CG in epoch 766: 2.340818, time: 1.1027 s
loss_KE in epoch 767: 0.141352, time: 1.1418 s
loss_CG in epoch 768: 2.339248, time: 1.1484 s
loss_KE in epoch 769: 0.140169, time: 1.1799 s
loss_CG in epoch 770: 2.337708, time: 3.4198 s
loss_KE in epoch 771: 0.143127, time: 4.8181 s
loss_CG in epoch 772: 2.336253, time: 1.0850 s
loss_KE in epoch 773: 0.141611, time: 1.1004 s
loss_CG in epoch 774: 2.334498, time: 1.0840 s
loss_KE in epoch 775: 0.140207, time: 1.1102 s
loss_CG in epoch 776: 2.333122, time: 1.1164 s
loss_KE in epoch 777: 0.138909, time: 1.1615 s
loss_CG in epoch 778: 2.331469, time: 1.1606 s
loss_KE in epoch 779: 0.137751, time: 1.1801 s
loss_CG in epoch 780: 2.329986, time: 3.4327 s
loss_KE in epoch 781: 0.147016, time: 4.8149 s
loss_CG in epoch 782: 2.328468, time: 1.0835 s
loss_KE in epoch 783: 0.145507, time: 1.0995 s
loss_CG in epoch 784: 2.326802, time: 1.0852 s
loss_KE in epoch 785: 0.144089, time: 1.1176 s
loss_CG in epoch 786: 2.325336, time: 1.1258 s
loss_KE in epoch 787: 0.142773, time: 1.1692 s
loss_CG in epoch 788: 2.323792, time: 1.1598 s
loss_KE in epoch 789: 0.141595, time: 1.1797 s
loss_CG in epoch 790: 2.322232, time: 3.4413 s
loss_KE in epoch 791: 0.145872, time: 4.8055 s
loss_CG in epoch 792: 2.320812, time: 1.0834 s
loss_KE in epoch 793: 0.144408, time: 1.0999 s
loss_CG in epoch 794: 2.319056, time: 1.0843 s
loss_KE in epoch 795: 0.143032, time: 1.1170 s
loss_CG in epoch 796: 2.317687, time: 1.1249 s
loss_KE in epoch 797: 0.141748, time: 1.1648 s
loss_CG in epoch 798: 2.316039, time: 1.1598 s
loss_KE in epoch 799: 0.140584, time: 1.1788 s

epoch 799, checkpoint!
l2r: acc of top [1, 5, 10, 50, 100] = [0.3235 0.548  0.6437 0.8347 0.8883], mr = 153.515, mrr = 0.430, time = 5.9208 s 
r2l: acc of top [1, 5, 10, 50, 100] = [0.327  0.5549 0.6553 0.8344 0.8846], mr = 128.875, mrr = 0.434, time = 5.9212 s 

loss_CG in epoch 800: 2.314589, time: 3.3979 s
loss_KE in epoch 801: 0.146386, time: 4.7385 s
loss_CG in epoch 802: 2.313022, time: 1.0856 s
loss_KE in epoch 803: 0.144929, time: 1.1010 s
loss_CG in epoch 804: 2.311388, time: 1.0844 s
loss_KE in epoch 805: 0.143574, time: 1.1017 s
loss_CG in epoch 806: 2.309865, time: 1.0884 s
loss_KE in epoch 807: 0.142328, time: 1.1244 s
loss_CG in epoch 808: 2.308330, time: 1.1293 s
loss_KE in epoch 809: 0.141198, time: 1.1736 s
loss_CG in epoch 810: 2.306736, time: 3.4339 s
loss_KE in epoch 811: 0.146824, time: 4.6911 s
loss_CG in epoch 812: 2.305314, time: 1.0850 s
loss_KE in epoch 813: 0.145405, time: 1.1007 s
loss_CG in epoch 814: 2.303530, time: 1.0882 s
loss_KE in epoch 815: 0.144088, time: 1.1240 s
loss_CG in epoch 816: 2.302156, time: 1.1295 s
loss_KE in epoch 817: 0.142852, time: 1.1729 s
loss_CG in epoch 818: 2.300494, time: 1.1597 s
loss_KE in epoch 819: 0.141754, time: 1.1799 s
loss_CG in epoch 820: 2.299026, time: 3.4259 s
loss_KE in epoch 821: 0.149169, time: 4.8325 s
loss_CG in epoch 822: 2.297457, time: 1.0833 s
loss_KE in epoch 823: 0.147711, time: 1.1000 s
loss_CG in epoch 824: 2.295811, time: 1.0837 s
loss_KE in epoch 825: 0.146327, time: 1.1108 s
loss_CG in epoch 826: 2.294320, time: 1.1141 s
loss_KE in epoch 827: 0.145073, time: 1.1529 s
loss_CG in epoch 828: 2.292738, time: 1.1577 s
loss_KE in epoch 829: 0.143911, time: 1.1798 s
loss_CG in epoch 830: 2.291189, time: 3.4266 s
loss_KE in epoch 831: 0.147350, time: 4.6884 s
loss_CG in epoch 832: 2.289730, time: 1.0842 s
loss_KE in epoch 833: 0.145991, time: 1.0997 s
loss_CG in epoch 834: 2.287898, time: 1.0862 s
loss_KE in epoch 835: 0.144684, time: 1.1192 s
loss_CG in epoch 836: 2.286537, time: 1.1235 s
loss_KE in epoch 837: 0.143466, time: 1.1637 s
loss_CG in epoch 838: 2.284833, time: 1.1596 s
loss_KE in epoch 839: 0.142360, time: 1.1794 s
loss_CG in epoch 840: 2.283386, time: 3.4452 s
loss_KE in epoch 841: 0.147478, time: 4.6931 s
loss_CG in epoch 842: 2.281784, time: 1.0836 s
loss_KE in epoch 843: 0.146085, time: 1.0989 s
loss_CG in epoch 844: 2.280145, time: 1.0853 s
loss_KE in epoch 845: 0.144754, time: 1.1199 s
loss_CG in epoch 846: 2.278615, time: 1.1247 s
loss_KE in epoch 847: 0.143545, time: 1.1681 s
loss_CG in epoch 848: 2.277058, time: 1.1601 s
loss_KE in epoch 849: 0.142428, time: 1.1798 s
loss_CG in epoch 850: 2.275442, time: 3.4233 s
loss_KE in epoch 851: 0.149121, time: 5.4677 s
loss_CG in epoch 852: 2.274007, time: 1.0845 s
loss_KE in epoch 853: 0.147704, time: 1.1008 s
loss_CG in epoch 854: 2.272197, time: 1.0847 s
loss_KE in epoch 855: 0.146386, time: 1.1002 s
loss_CG in epoch 856: 2.270777, time: 1.0951 s
loss_KE in epoch 857: 0.145119, time: 1.1310 s
loss_CG in epoch 858: 2.269133, time: 1.1348 s
loss_KE in epoch 859: 0.143998, time: 1.1780 s
loss_CG in epoch 860: 2.267594, time: 3.4283 s
loss_KE in epoch 861: 0.149018, time: 4.7609 s
loss_CG in epoch 862: 2.266040, time: 1.0839 s
loss_KE in epoch 863: 0.147620, time: 1.0997 s
loss_CG in epoch 864: 2.264345, time: 1.0855 s
loss_KE in epoch 865: 0.146298, time: 1.1204 s
loss_CG in epoch 866: 2.262798, time: 1.1251 s
loss_KE in epoch 867: 0.145096, time: 1.1652 s
loss_CG in epoch 868: 2.261225, time: 1.1600 s
loss_KE in epoch 869: 0.143982, time: 1.1797 s
loss_CG in epoch 870: 2.259590, time: 3.4349 s
loss_KE in epoch 871: 0.149902, time: 4.8507 s
loss_CG in epoch 872: 2.258188, time: 1.0843 s
loss_KE in epoch 873: 0.148541, time: 1.0990 s
loss_CG in epoch 874: 2.256317, time: 1.0871 s
loss_KE in epoch 875: 0.147268, time: 1.1213 s
loss_CG in epoch 876: 2.254949, time: 1.1253 s
loss_KE in epoch 877: 0.146062, time: 1.1652 s
loss_CG in epoch 878: 2.253250, time: 1.1598 s
loss_KE in epoch 879: 0.144983, time: 1.1792 s
loss_CG in epoch 880: 2.251776, time: 3.4222 s
loss_KE in epoch 881: 0.149243, time: 4.7471 s
loss_CG in epoch 882: 2.250169, time: 1.0845 s
loss_KE in epoch 883: 0.147921, time: 1.0996 s
loss_CG in epoch 884: 2.248513, time: 1.0833 s
loss_KE in epoch 885: 0.146660, time: 1.1011 s
loss_CG in epoch 886: 2.246940, time: 1.0998 s
loss_KE in epoch 887: 0.145497, time: 1.1428 s
loss_CG in epoch 888: 2.245373, time: 1.1504 s
loss_KE in epoch 889: 0.144418, time: 1.1792 s
loss_CG in epoch 890: 2.243751, time: 3.4238 s
loss_KE in epoch 891: 0.150867, time: 4.8938 s
loss_CG in epoch 892: 2.242294, time: 1.0831 s
loss_KE in epoch 893: 0.149537, time: 1.0996 s
loss_CG in epoch 894: 2.240463, time: 1.0836 s
loss_KE in epoch 895: 0.148279, time: 1.1126 s
loss_CG in epoch 896: 2.239060, time: 1.1200 s
loss_KE in epoch 897: 0.147084, time: 1.1683 s
loss_CG in epoch 898: 2.237361, time: 1.1597 s
loss_KE in epoch 899: 0.146025, time: 1.1799 s

epoch 899, checkpoint!
l2r: acc of top [1, 5, 10, 50, 100] = [0.323  0.5481 0.6442 0.8336 0.8871], mr = 151.038, mrr = 0.430, time = 5.9866 s 
r2l: acc of top [1, 5, 10, 50, 100] = [0.3278 0.5552 0.6551 0.8346 0.8841], mr = 127.699, mrr = 0.435, time = 5.9869 s 

loss_CG in epoch 900: 2.235855, time: 3.3839 s
loss_KE in epoch 901: 0.150878, time: 4.8168 s
loss_CG in epoch 902: 2.234266, time: 1.0851 s
loss_KE in epoch 903: 0.149595, time: 1.1009 s
loss_CG in epoch 904: 2.232526, time: 1.0847 s
loss_KE in epoch 905: 0.148336, time: 1.1010 s
loss_CG in epoch 906: 2.230994, time: 1.0947 s
loss_KE in epoch 907: 0.147187, time: 1.1309 s
loss_CG in epoch 908: 2.229365, time: 1.1354 s
loss_KE in epoch 909: 0.146119, time: 1.1783 s
loss_CG in epoch 910: 2.227752, time: 3.4302 s
loss_KE in epoch 911: 0.151529, time: 5.3019 s
loss_CG in epoch 912: 2.226265, time: 1.0846 s
loss_KE in epoch 913: 0.150240, time: 1.1012 s
loss_CG in epoch 914: 2.224421, time: 1.0848 s
loss_KE in epoch 915: 0.149006, time: 1.1035 s
loss_CG in epoch 916: 2.222975, time: 1.1016 s
loss_KE in epoch 917: 0.147856, time: 1.1451 s
loss_CG in epoch 918: 2.221277, time: 1.1551 s
loss_KE in epoch 919: 0.146817, time: 1.1804 s
loss_CG in epoch 920: 2.219739, time: 3.4221 s
loss_KE in epoch 921: 0.152003, time: 5.0200 s
loss_CG in epoch 922: 2.218135, time: 1.0842 s
loss_KE in epoch 923: 0.150733, time: 1.1005 s
loss_CG in epoch 924: 2.216351, time: 1.0851 s
loss_KE in epoch 925: 0.149516, time: 1.1139 s
loss_CG in epoch 926: 2.214795, time: 1.1202 s
loss_KE in epoch 927: 0.148387, time: 1.1609 s
loss_CG in epoch 928: 2.213125, time: 1.1595 s
loss_KE in epoch 929: 0.147355, time: 1.1793 s
loss_CG in epoch 930: 2.211510, time: 3.4249 s
loss_KE in epoch 931: 0.151781, time: 4.7972 s
loss_CG in epoch 932: 2.209982, time: 1.0839 s
loss_KE in epoch 933: 0.150496, time: 1.0996 s
loss_CG in epoch 934: 2.208147, time: 1.0917 s
loss_KE in epoch 935: 0.149262, time: 1.1241 s
loss_CG in epoch 936: 2.206674, time: 1.1292 s
loss_KE in epoch 937: 0.148107, time: 1.1724 s
loss_CG in epoch 938: 2.204971, time: 1.1605 s
loss_KE in epoch 939: 0.147052, time: 1.1798 s
loss_CG in epoch 940: 2.203441, time: 3.4481 s
loss_KE in epoch 941: 0.152971, time: 4.6540 s
loss_CG in epoch 942: 2.201827, time: 1.0835 s
loss_KE in epoch 943: 0.151723, time: 1.0997 s
loss_CG in epoch 944: 2.200067, time: 1.0834 s
loss_KE in epoch 945: 0.150542, time: 1.1047 s
loss_CG in epoch 946: 2.198453, time: 1.1023 s
loss_KE in epoch 947: 0.149417, time: 1.1410 s
loss_CG in epoch 948: 2.196873, time: 1.1486 s
loss_KE in epoch 949: 0.148415, time: 1.1794 s
loss_CG in epoch 950: 2.195142, time: 3.4329 s
loss_KE in epoch 951: 0.152879, time: 4.7416 s
loss_CG in epoch 952: 2.193694, time: 1.0832 s
loss_KE in epoch 953: 0.151614, time: 1.0994 s
loss_CG in epoch 954: 2.191793, time: 1.0834 s
loss_KE in epoch 955: 0.150420, time: 1.1127 s
loss_CG in epoch 956: 2.190335, time: 1.1255 s
loss_KE in epoch 957: 0.149287, time: 1.1650 s
loss_CG in epoch 958: 2.188591, time: 1.1597 s
loss_KE in epoch 959: 0.148273, time: 1.1792 s
loss_CG in epoch 960: 2.187041, time: 3.4351 s
loss_KE in epoch 961: 0.154771, time: 4.8144 s
loss_CG in epoch 962: 2.185398, time: 1.0833 s
loss_KE in epoch 963: 0.153535, time: 1.0999 s
loss_CG in epoch 964: 2.183636, time: 1.0847 s
loss_KE in epoch 965: 0.152343, time: 1.1193 s
loss_CG in epoch 966: 2.182049, time: 1.1238 s
loss_KE in epoch 967: 0.151234, time: 1.1656 s
loss_CG in epoch 968: 2.180392, time: 1.1597 s
loss_KE in epoch 969: 0.150219, time: 1.1799 s
loss_CG in epoch 970: 2.178719, time: 3.4358 s
loss_KE in epoch 971: 0.153628, time: 4.7988 s
loss_CG in epoch 972: 2.177186, time: 1.0853 s
loss_KE in epoch 973: 0.152408, time: 1.1012 s
loss_CG in epoch 974: 2.175279, time: 1.0841 s
loss_KE in epoch 975: 0.151242, time: 1.1063 s
loss_CG in epoch 976: 2.173769, time: 1.1085 s
loss_KE in epoch 977: 0.150149, time: 1.1529 s
loss_CG in epoch 978: 2.172001, time: 1.1584 s
loss_KE in epoch 979: 0.149150, time: 1.1796 s
loss_CG in epoch 980: 2.170448, time: 3.4274 s
loss_KE in epoch 981: 0.156367, time: 4.6403 s
loss_CG in epoch 982: 2.168763, time: 1.0836 s
loss_KE in epoch 983: 0.155142, time: 1.0995 s
loss_CG in epoch 984: 2.166989, time: 1.0870 s
loss_KE in epoch 985: 0.153957, time: 1.1208 s
loss_CG in epoch 986: 2.165347, time: 1.1312 s
loss_KE in epoch 987: 0.152850, time: 1.1726 s
loss_CG in epoch 988: 2.163693, time: 1.1604 s
loss_KE in epoch 989: 0.151848, time: 1.1792 s
loss_CG in epoch 990: 2.161983, time: 3.4227 s
loss_KE in epoch 991: 0.155253, time: 4.7455 s
loss_CG in epoch 992: 2.160493, time: 1.0841 s
loss_KE in epoch 993: 0.154064, time: 1.0992 s
loss_CG in epoch 994: 2.158534, time: 1.0865 s
loss_KE in epoch 995: 0.152896, time: 1.1209 s
loss_CG in epoch 996: 2.157078, time: 1.1243 s
loss_KE in epoch 997: 0.151799, time: 1.1644 s
loss_CG in epoch 998: 2.155247, time: 1.1599 s
loss_KE in epoch 999: 0.150795, time: 1.1792 s

epoch 999, checkpoint!
l2r: acc of top [1, 5, 10, 50, 100] = [0.3231 0.5489 0.6462 0.8351 0.8875], mr = 150.036, mrr = 0.430, time = 5.9704 s 
r2l: acc of top [1, 5, 10, 50, 100] = [0.33   0.5538 0.6539 0.8328 0.8841], mr = 127.138, mrr = 0.436, time = 5.9707 s 

optimization finished!
total time elapsed: 1873.8927 s
