***********************dbp_yg_15k_V1************************
loading raw data...
-----dataset summary-----
dataset:	 data/SRPRS/dbp_yg_15k_V1
triple num:	 70317
entity num:	 30000
relation num:	 253
train ill num:	 4500 	test ill num:	 10500
-------------------------
getting a sparse tensor r_adj...
GAT(
  (layer_stack): ModuleList(
    (0): MultiHeadGraphAttention (128 -> 128) * 2 heads
    (1): MultiHeadGraphAttention (128 -> 128) * 2 heads
  )
)
Adagrad (
Parameter Group 0
    initial_accumulator_value: 0
    lr: 0.005
    lr_decay: 0
    weight_decay: 0
)
training...
	train pos/neg_pairs shape: torch.Size([112500])
loss_CG in epoch 0: 2.999373, time: 0.9358 s
	train pos/neg_triples shape: torch.Size([140634, 3])
loss_KE in epoch 1: 3.001583, time: 4.4676 s
loss_CG in epoch 2: 2.979208, time: 1.0212 s
loss_KE in epoch 3: 2.820385, time: 1.0377 s
loss_CG in epoch 4: 2.941473, time: 1.0133 s
loss_KE in epoch 5: 2.672059, time: 1.0450 s
loss_CG in epoch 6: 2.913974, time: 1.0532 s
loss_KE in epoch 7: 2.525632, time: 1.1062 s
loss_CG in epoch 8: 2.893160, time: 1.0881 s
loss_KE in epoch 9: 2.400496, time: 1.1127 s
loss_CG in epoch 10: 2.966669, time: 3.3835 s
loss_KE in epoch 11: 2.477433, time: 4.6588 s
loss_CG in epoch 12: 2.960619, time: 1.0224 s
loss_KE in epoch 13: 2.374938, time: 1.0358 s
loss_CG in epoch 14: 2.954443, time: 1.0504 s
loss_KE in epoch 15: 2.292003, time: 1.0857 s
loss_CG in epoch 16: 2.949080, time: 1.0863 s
loss_KE in epoch 17: 2.219530, time: 1.1097 s
loss_CG in epoch 18: 2.943691, time: 1.0983 s
loss_KE in epoch 19: 2.153837, time: 1.1152 s
loss_CG in epoch 20: 2.944511, time: 3.3596 s
loss_KE in epoch 21: 2.203462, time: 4.6966 s
loss_CG in epoch 22: 2.939833, time: 1.0232 s
loss_KE in epoch 23: 2.127542, time: 1.0347 s
loss_CG in epoch 24: 2.934748, time: 1.0200 s
loss_KE in epoch 25: 2.060608, time: 1.0485 s
loss_CG in epoch 26: 2.930129, time: 1.0682 s
loss_KE in epoch 27: 1.996746, time: 1.1002 s
loss_CG in epoch 28: 2.925655, time: 1.0943 s
loss_KE in epoch 29: 1.933595, time: 1.1100 s
loss_CG in epoch 30: 2.924113, time: 3.3575 s
loss_KE in epoch 31: 1.969793, time: 4.5018 s
loss_CG in epoch 32: 2.919687, time: 1.0246 s
loss_KE in epoch 33: 1.887206, time: 1.0338 s
loss_CG in epoch 34: 2.914829, time: 1.0277 s
loss_KE in epoch 35: 1.806596, time: 1.0666 s
loss_CG in epoch 36: 2.910373, time: 1.0784 s
loss_KE in epoch 37: 1.723498, time: 1.1077 s
loss_CG in epoch 38: 2.905913, time: 1.0975 s
loss_KE in epoch 39: 1.636015, time: 1.1166 s
loss_CG in epoch 40: 2.903134, time: 3.3824 s
loss_KE in epoch 41: 1.629895, time: 4.8586 s
loss_CG in epoch 42: 2.898347, time: 1.0207 s
loss_KE in epoch 43: 1.515637, time: 1.0386 s
loss_CG in epoch 44: 2.893459, time: 1.0286 s
loss_KE in epoch 45: 1.401843, time: 1.0592 s
loss_CG in epoch 46: 2.889060, time: 1.0738 s
loss_KE in epoch 47: 1.287443, time: 1.1077 s
loss_CG in epoch 48: 2.884804, time: 1.0948 s
loss_KE in epoch 49: 1.173595, time: 1.1114 s
loss_CG in epoch 50: 2.881965, time: 3.3559 s
loss_KE in epoch 51: 1.112704, time: 4.4896 s
loss_CG in epoch 52: 2.877670, time: 1.0220 s
loss_KE in epoch 53: 0.991175, time: 1.0356 s
loss_CG in epoch 54: 2.873431, time: 1.0263 s
loss_KE in epoch 55: 0.880763, time: 1.0628 s
loss_CG in epoch 56: 2.869698, time: 1.0762 s
loss_KE in epoch 57: 0.781073, time: 1.1084 s
loss_CG in epoch 58: 2.866136, time: 1.0966 s
loss_KE in epoch 59: 0.692418, time: 1.1149 s
loss_CG in epoch 60: 2.863575, time: 3.3602 s
loss_KE in epoch 61: 0.654113, time: 4.5573 s
loss_CG in epoch 62: 2.860260, time: 1.0230 s
loss_KE in epoch 63: 0.575117, time: 1.0355 s
loss_CG in epoch 64: 2.856891, time: 1.0227 s
loss_KE in epoch 65: 0.509735, time: 1.0586 s
loss_CG in epoch 66: 2.853981, time: 1.0744 s
loss_KE in epoch 67: 0.455205, time: 1.1148 s
loss_CG in epoch 68: 2.851165, time: 1.0994 s
loss_KE in epoch 69: 0.409701, time: 1.1115 s
loss_CG in epoch 70: 2.848977, time: 3.3687 s
loss_KE in epoch 71: 0.400416, time: 4.4496 s
loss_CG in epoch 72: 2.846310, time: 1.0235 s
loss_KE in epoch 73: 0.360791, time: 1.0346 s
loss_CG in epoch 74: 2.843506, time: 1.0371 s
loss_KE in epoch 75: 0.329201, time: 1.0772 s
loss_CG in epoch 76: 2.841139, time: 1.0815 s
loss_KE in epoch 77: 0.303388, time: 1.1099 s
loss_CG in epoch 78: 2.838728, time: 1.0954 s
loss_KE in epoch 79: 0.281918, time: 1.1162 s
loss_CG in epoch 80: 2.836759, time: 3.3633 s
loss_KE in epoch 81: 0.283861, time: 4.7404 s
loss_CG in epoch 82: 2.834444, time: 1.0227 s
loss_KE in epoch 83: 0.263624, time: 1.0352 s
loss_CG in epoch 84: 2.832002, time: 1.0219 s
loss_KE in epoch 85: 0.247145, time: 1.0485 s
loss_CG in epoch 86: 2.829910, time: 1.0670 s
loss_KE in epoch 87: 0.233385, time: 1.0974 s
loss_CG in epoch 88: 2.827737, time: 1.0960 s
loss_KE in epoch 89: 0.221609, time: 1.1129 s
loss_CG in epoch 90: 2.825905, time: 3.3656 s
loss_KE in epoch 91: 0.227501, time: 4.4665 s
loss_CG in epoch 92: 2.823776, time: 1.0254 s
loss_KE in epoch 93: 0.215543, time: 1.0355 s
loss_CG in epoch 94: 2.821586, time: 1.0249 s
loss_KE in epoch 95: 0.205669, time: 1.0604 s
loss_CG in epoch 96: 2.819637, time: 1.0720 s
loss_KE in epoch 97: 0.197191, time: 1.1047 s
loss_CG in epoch 98: 2.817613, time: 1.0994 s
loss_KE in epoch 99: 0.189736, time: 1.1158 s

epoch 99, checkpoint!
l2r: acc of top [1, 5, 10, 50, 100] = [0.3086 0.5148 0.6116 0.8262 0.8895], mr = 96.294, mrr = 0.409, time = 5.9902 s 
r2l: acc of top [1, 5, 10, 50, 100] = [0.3    0.5085 0.6056 0.8275 0.8888], mr = 98.923, mrr = 0.401, time = 5.9906 s 

loss_CG in epoch 100: 2.815880, time: 3.3246 s
loss_KE in epoch 101: 0.197342, time: 4.5502 s
loss_CG in epoch 102: 2.813920, time: 1.0306 s
loss_KE in epoch 103: 0.189026, time: 1.0390 s
loss_CG in epoch 104: 2.811808, time: 1.0290 s
loss_KE in epoch 105: 0.182021, time: 1.0325 s
loss_CG in epoch 106: 2.809997, time: 1.0436 s
loss_KE in epoch 107: 0.175916, time: 1.0729 s
loss_CG in epoch 108: 2.808041, time: 1.0845 s
loss_KE in epoch 109: 0.170473, time: 1.1112 s
loss_CG in epoch 110: 2.806385, time: 3.3750 s
loss_KE in epoch 111: 0.179112, time: 4.5268 s
loss_CG in epoch 112: 2.804501, time: 1.0244 s
loss_KE in epoch 113: 0.172633, time: 1.0345 s
loss_CG in epoch 114: 2.802526, time: 1.0311 s
loss_KE in epoch 115: 0.167113, time: 1.0657 s
loss_CG in epoch 116: 2.800803, time: 1.0828 s
loss_KE in epoch 117: 0.162235, time: 1.1066 s
loss_CG in epoch 118: 2.798911, time: 1.1017 s
loss_KE in epoch 119: 0.157859, time: 1.1121 s
loss_CG in epoch 120: 2.797332, time: 3.3646 s
loss_KE in epoch 121: 0.163915, time: 4.3755 s
loss_CG in epoch 122: 2.795511, time: 1.0310 s
loss_KE in epoch 123: 0.158724, time: 1.0355 s
loss_CG in epoch 124: 2.793652, time: 1.0293 s
loss_KE in epoch 125: 0.154252, time: 1.0632 s
loss_CG in epoch 126: 2.791948, time: 1.0770 s
loss_KE in epoch 127: 0.150277, time: 1.1114 s
loss_CG in epoch 128: 2.790163, time: 1.1004 s
loss_KE in epoch 129: 0.146671, time: 1.1089 s
loss_CG in epoch 130: 2.788606, time: 3.3780 s
loss_KE in epoch 131: 0.153257, time: 4.4850 s
loss_CG in epoch 132: 2.786841, time: 1.0231 s
loss_KE in epoch 133: 0.148799, time: 1.0335 s
loss_CG in epoch 134: 2.785027, time: 1.0367 s
loss_KE in epoch 135: 0.144946, time: 1.0699 s
loss_CG in epoch 136: 2.783378, time: 1.0766 s
loss_KE in epoch 137: 0.141500, time: 1.1071 s
loss_CG in epoch 138: 2.781610, time: 1.1023 s
loss_KE in epoch 139: 0.138368, time: 1.1150 s
loss_CG in epoch 140: 2.780097, time: 3.3710 s
loss_KE in epoch 141: 0.147079, time: 4.4413 s
loss_CG in epoch 142: 2.778365, time: 1.0280 s
loss_KE in epoch 143: 0.143064, time: 1.0337 s
loss_CG in epoch 144: 2.776584, time: 1.0315 s
loss_KE in epoch 145: 0.139584, time: 1.0615 s
loss_CG in epoch 146: 2.774976, time: 1.0812 s
loss_KE in epoch 147: 0.136486, time: 1.1117 s
loss_CG in epoch 148: 2.773236, time: 1.1001 s
loss_KE in epoch 149: 0.133638, time: 1.1107 s
loss_CG in epoch 150: 2.771756, time: 3.3608 s
loss_KE in epoch 151: 0.141492, time: 4.5631 s
loss_CG in epoch 152: 2.770062, time: 1.0268 s
loss_KE in epoch 153: 0.137921, time: 1.0346 s
loss_CG in epoch 154: 2.768352, time: 1.0333 s
loss_KE in epoch 155: 0.134787, time: 1.0647 s
loss_CG in epoch 156: 2.766774, time: 1.0796 s
loss_KE in epoch 157: 0.131966, time: 1.1099 s
loss_CG in epoch 158: 2.765098, time: 1.1056 s
loss_KE in epoch 159: 0.129380, time: 1.1153 s
loss_CG in epoch 160: 2.763634, time: 3.3558 s
loss_KE in epoch 161: 0.135993, time: 4.5397 s
loss_CG in epoch 162: 2.761971, time: 1.0267 s
loss_KE in epoch 163: 0.132685, time: 1.0373 s
loss_CG in epoch 164: 2.760291, time: 1.0294 s
loss_KE in epoch 165: 0.129778, time: 1.0642 s
loss_CG in epoch 166: 2.758739, time: 1.0804 s
loss_KE in epoch 167: 0.127182, time: 1.1062 s
loss_CG in epoch 168: 2.757092, time: 1.0988 s
loss_KE in epoch 169: 0.124790, time: 1.1121 s
loss_CG in epoch 170: 2.755642, time: 3.3609 s
loss_KE in epoch 171: 0.130118, time: 4.4695 s
loss_CG in epoch 172: 2.754015, time: 1.0245 s
loss_KE in epoch 173: 0.127075, time: 1.0332 s
loss_CG in epoch 174: 2.752352, time: 1.0257 s
loss_KE in epoch 175: 0.124438, time: 1.0531 s
loss_CG in epoch 176: 2.750827, time: 1.0682 s
loss_KE in epoch 177: 0.122085, time: 1.0919 s
loss_CG in epoch 178: 2.749196, time: 1.1018 s
loss_KE in epoch 179: 0.119934, time: 1.1078 s
loss_CG in epoch 180: 2.747748, time: 3.3566 s
loss_KE in epoch 181: 0.127616, time: 4.7097 s
loss_CG in epoch 182: 2.746147, time: 1.0311 s
loss_KE in epoch 183: 0.124733, time: 1.0331 s
loss_CG in epoch 184: 2.744523, time: 1.0278 s
loss_KE in epoch 185: 0.122215, time: 1.0657 s
loss_CG in epoch 186: 2.743034, time: 1.0794 s
loss_KE in epoch 187: 0.119963, time: 1.1091 s
loss_CG in epoch 188: 2.741441, time: 1.1023 s
loss_KE in epoch 189: 0.117884, time: 1.1116 s
loss_CG in epoch 190: 2.740028, time: 3.3638 s
loss_KE in epoch 191: 0.125189, time: 4.4019 s
loss_CG in epoch 192: 2.738441, time: 1.0242 s
loss_KE in epoch 193: 0.122488, time: 1.0336 s
loss_CG in epoch 194: 2.736831, time: 1.0281 s
loss_KE in epoch 195: 0.120130, time: 1.0528 s
loss_CG in epoch 196: 2.735344, time: 1.0686 s
loss_KE in epoch 197: 0.118026, time: 1.1001 s
loss_CG in epoch 198: 2.733752, time: 1.0990 s
loss_KE in epoch 199: 0.116105, time: 1.1148 s

epoch 199, checkpoint!
l2r: acc of top [1, 5, 10, 50, 100] = [0.3343 0.5357 0.6302 0.8471 0.9042], mr = 86.898, mrr = 0.433, time = 5.9738 s 
r2l: acc of top [1, 5, 10, 50, 100] = [0.3282 0.5346 0.6337 0.845  0.9016], mr = 88.812, mrr = 0.428, time = 5.9741 s 

loss_CG in epoch 200: 2.732328, time: 3.3277 s
loss_KE in epoch 201: 0.121820, time: 4.6599 s
loss_CG in epoch 202: 2.730781, time: 1.0263 s
loss_KE in epoch 203: 0.119260, time: 1.0334 s
loss_CG in epoch 204: 2.729183, time: 1.0219 s
loss_KE in epoch 205: 0.116991, time: 1.0337 s
loss_CG in epoch 206: 2.727729, time: 1.0349 s
loss_KE in epoch 207: 0.114950, time: 1.0638 s
loss_CG in epoch 208: 2.726152, time: 1.0760 s
loss_KE in epoch 209: 0.113077, time: 1.1095 s
loss_CG in epoch 210: 2.724741, time: 3.3669 s
loss_KE in epoch 211: 0.118702, time: 4.7402 s
loss_CG in epoch 212: 2.723170, time: 1.0268 s
loss_KE in epoch 213: 0.116259, time: 1.0346 s
loss_CG in epoch 214: 2.721599, time: 1.0277 s
loss_KE in epoch 215: 0.114108, time: 1.0571 s
loss_CG in epoch 216: 2.720141, time: 1.0759 s
loss_KE in epoch 217: 0.112165, time: 1.1048 s
loss_CG in epoch 218: 2.718566, time: 1.1057 s
loss_KE in epoch 219: 0.110392, time: 1.1167 s
loss_CG in epoch 220: 2.717161, time: 3.3647 s
loss_KE in epoch 221: 0.117978, time: 4.3652 s
loss_CG in epoch 222: 2.715601, time: 1.0278 s
loss_KE in epoch 223: 0.115688, time: 1.0361 s
loss_CG in epoch 224: 2.714054, time: 1.0367 s
loss_KE in epoch 225: 0.113657, time: 1.0721 s
loss_CG in epoch 226: 2.712570, time: 1.0799 s
loss_KE in epoch 227: 0.111840, time: 1.1094 s
loss_CG in epoch 228: 2.711036, time: 1.0996 s
loss_KE in epoch 229: 0.110168, time: 1.1113 s
loss_CG in epoch 230: 2.709605, time: 3.3840 s
loss_KE in epoch 231: 0.114863, time: 4.5107 s
loss_CG in epoch 232: 2.708081, time: 1.0242 s
loss_KE in epoch 233: 0.112611, time: 1.0323 s
loss_CG in epoch 234: 2.706520, time: 1.0262 s
loss_KE in epoch 235: 0.110605, time: 1.0553 s
loss_CG in epoch 236: 2.705084, time: 1.0658 s
loss_KE in epoch 237: 0.108795, time: 1.0945 s
loss_CG in epoch 238: 2.703535, time: 1.0984 s
loss_KE in epoch 239: 0.107131, time: 1.1104 s
loss_CG in epoch 240: 2.702137, time: 3.3601 s
loss_KE in epoch 241: 0.116019, time: 4.4117 s
loss_CG in epoch 242: 2.700634, time: 1.0297 s
loss_KE in epoch 243: 0.113763, time: 1.0372 s
loss_CG in epoch 244: 2.699109, time: 1.0315 s
loss_KE in epoch 245: 0.111786, time: 1.0592 s
loss_CG in epoch 246: 2.697673, time: 1.0825 s
loss_KE in epoch 247: 0.110012, time: 1.1096 s
loss_CG in epoch 248: 2.696160, time: 1.1025 s
loss_KE in epoch 249: 0.108388, time: 1.1113 s
loss_CG in epoch 250: 2.694766, time: 3.3632 s
loss_KE in epoch 251: 0.112756, time: 4.5082 s
loss_CG in epoch 252: 2.693265, time: 1.0245 s
loss_KE in epoch 253: 0.110621, time: 1.0339 s
loss_CG in epoch 254: 2.691749, time: 1.0327 s
loss_KE in epoch 255: 0.108734, time: 1.0667 s
loss_CG in epoch 256: 2.690330, time: 1.0776 s
loss_KE in epoch 257: 0.107035, time: 1.1113 s
loss_CG in epoch 258: 2.688793, time: 1.0992 s
loss_KE in epoch 259: 0.105476, time: 1.1135 s
loss_CG in epoch 260: 2.687409, time: 3.3755 s
loss_KE in epoch 261: 0.110894, time: 4.6899 s
loss_CG in epoch 262: 2.685900, time: 1.0265 s
loss_KE in epoch 263: 0.108817, time: 1.0327 s
loss_CG in epoch 264: 2.684396, time: 1.0244 s
loss_KE in epoch 265: 0.106985, time: 1.0554 s
loss_CG in epoch 266: 2.682960, time: 1.0791 s
loss_KE in epoch 267: 0.105333, time: 1.1034 s
loss_CG in epoch 268: 2.681478, time: 1.1010 s
loss_KE in epoch 269: 0.103809, time: 1.1109 s
loss_CG in epoch 270: 2.680058, time: 3.3642 s
loss_KE in epoch 271: 0.111900, time: 4.4228 s
loss_CG in epoch 272: 2.678597, time: 1.0270 s
loss_KE in epoch 273: 0.109836, time: 1.0335 s
loss_CG in epoch 274: 2.677071, time: 1.0327 s
loss_KE in epoch 275: 0.108030, time: 1.0728 s
loss_CG in epoch 276: 2.675673, time: 1.0863 s
loss_KE in epoch 277: 0.106399, time: 1.1113 s
loss_CG in epoch 278: 2.674150, time: 1.1041 s
loss_KE in epoch 279: 0.104879, time: 1.1142 s
loss_CG in epoch 280: 2.672794, time: 3.3623 s
loss_KE in epoch 281: 0.109194, time: 4.8105 s
loss_CG in epoch 282: 2.671260, time: 1.0267 s
loss_KE in epoch 283: 0.107183, time: 1.0362 s
loss_CG in epoch 284: 2.669792, time: 1.0271 s
loss_KE in epoch 285: 0.105407, time: 1.0481 s
loss_CG in epoch 286: 2.668342, time: 1.0650 s
loss_KE in epoch 287: 0.103813, time: 1.0947 s
loss_CG in epoch 288: 2.666870, time: 1.0999 s
loss_KE in epoch 289: 0.102350, time: 1.1094 s
loss_CG in epoch 290: 2.665433, time: 3.3583 s
loss_KE in epoch 291: 0.107376, time: 4.7434 s
loss_CG in epoch 292: 2.663974, time: 1.0224 s
loss_KE in epoch 293: 0.105444, time: 1.0349 s
loss_CG in epoch 294: 2.662467, time: 1.0269 s
loss_KE in epoch 295: 0.103738, time: 1.0466 s
loss_CG in epoch 296: 2.661070, time: 1.0614 s
loss_KE in epoch 297: 0.102203, time: 1.0886 s
loss_CG in epoch 298: 2.659564, time: 1.1008 s
loss_KE in epoch 299: 0.100804, time: 1.1105 s

epoch 299, checkpoint!
l2r: acc of top [1, 5, 10, 50, 100] = [0.34   0.5466 0.6417 0.8528 0.9104], mr = 84.081, mrr = 0.441, time = 5.9844 s 
r2l: acc of top [1, 5, 10, 50, 100] = [0.3373 0.5432 0.641  0.8492 0.9081], mr = 84.772, mrr = 0.438, time = 5.9847 s 

loss_CG in epoch 300: 2.658197, time: 3.3190 s
loss_KE in epoch 301: 0.107603, time: 4.5659 s
loss_CG in epoch 302: 2.656676, time: 1.0328 s
loss_KE in epoch 303: 0.105745, time: 1.0351 s
loss_CG in epoch 304: 2.655211, time: 1.0257 s
loss_KE in epoch 305: 0.104096, time: 1.0358 s
loss_CG in epoch 306: 2.653734, time: 1.0363 s
loss_KE in epoch 307: 0.102606, time: 1.0716 s
loss_CG in epoch 308: 2.652261, time: 1.0880 s
loss_KE in epoch 309: 0.101238, time: 1.1090 s
loss_CG in epoch 310: 2.650813, time: 3.3667 s
loss_KE in epoch 311: 0.105487, time: 4.6730 s
loss_CG in epoch 312: 2.649350, time: 1.0259 s
loss_KE in epoch 313: 0.103626, time: 1.0329 s
loss_CG in epoch 314: 2.647850, time: 1.0329 s
loss_KE in epoch 315: 0.101992, time: 1.0660 s
loss_CG in epoch 316: 2.646443, time: 1.0767 s
loss_KE in epoch 317: 0.100535, time: 1.1097 s
loss_CG in epoch 318: 2.644921, time: 1.1002 s
loss_KE in epoch 319: 0.099205, time: 1.1146 s
loss_CG in epoch 320: 2.643531, time: 3.3495 s
loss_KE in epoch 321: 0.107379, time: 4.4524 s
loss_CG in epoch 322: 2.642015, time: 1.0265 s
loss_KE in epoch 323: 0.105544, time: 1.0342 s
loss_CG in epoch 324: 2.640551, time: 1.0256 s
loss_KE in epoch 325: 0.103906, time: 1.0523 s
loss_CG in epoch 326: 2.639091, time: 1.0790 s
loss_KE in epoch 327: 0.102423, time: 1.1005 s
loss_CG in epoch 328: 2.637619, time: 1.0975 s
loss_KE in epoch 329: 0.101056, time: 1.1128 s
loss_CG in epoch 330: 2.636179, time: 3.3751 s
loss_KE in epoch 331: 0.106135, time: 4.5631 s
loss_CG in epoch 332: 2.634714, time: 1.0277 s
loss_KE in epoch 333: 0.104295, time: 1.0312 s
loss_CG in epoch 334: 2.633210, time: 1.0285 s
loss_KE in epoch 335: 0.102657, time: 1.0589 s
loss_CG in epoch 336: 2.631799, time: 1.0767 s
loss_KE in epoch 337: 0.101188, time: 1.1091 s
loss_CG in epoch 338: 2.630277, time: 1.1053 s
loss_KE in epoch 339: 0.099847, time: 1.1131 s
loss_CG in epoch 340: 2.628872, time: 3.3603 s
loss_KE in epoch 341: 0.106843, time: 4.4897 s
loss_CG in epoch 342: 2.627352, time: 1.0274 s
loss_KE in epoch 343: 0.105030, time: 1.0384 s
loss_CG in epoch 344: 2.625884, time: 1.0305 s
loss_KE in epoch 345: 0.103408, time: 1.0582 s
loss_CG in epoch 346: 2.624434, time: 1.0743 s
loss_KE in epoch 347: 0.101956, time: 1.1062 s
loss_CG in epoch 348: 2.622942, time: 1.0988 s
loss_KE in epoch 349: 0.100617, time: 1.1107 s
loss_CG in epoch 350: 2.621501, time: 3.3572 s
loss_KE in epoch 351: 0.106070, time: 4.5200 s
loss_CG in epoch 352: 2.620032, time: 1.0246 s
loss_KE in epoch 353: 0.104247, time: 1.0328 s
loss_CG in epoch 354: 2.618549, time: 1.0307 s
loss_KE in epoch 355: 0.102625, time: 1.0606 s
loss_CG in epoch 356: 2.617126, time: 1.0731 s
loss_KE in epoch 357: 0.101160, time: 1.0971 s
loss_CG in epoch 358: 2.615613, time: 1.1003 s
loss_KE in epoch 359: 0.099822, time: 1.1120 s
loss_CG in epoch 360: 2.614200, time: 3.3514 s
loss_KE in epoch 361: 0.103979, time: 4.5509 s
loss_CG in epoch 362: 2.612679, time: 1.0314 s
loss_KE in epoch 363: 0.102286, time: 1.0361 s
loss_CG in epoch 364: 2.611190, time: 1.0270 s
loss_KE in epoch 365: 0.100775, time: 1.0567 s
loss_CG in epoch 366: 2.609699, time: 1.0730 s
loss_KE in epoch 367: 0.099398, time: 1.1011 s
loss_CG in epoch 368: 2.608204, time: 1.1006 s
loss_KE in epoch 369: 0.098135, time: 1.1134 s
loss_CG in epoch 370: 2.606714, time: 3.3544 s
loss_KE in epoch 371: 0.104542, time: 4.6892 s
loss_CG in epoch 372: 2.605250, time: 1.0238 s
loss_KE in epoch 373: 0.102806, time: 1.0324 s
loss_CG in epoch 374: 2.603721, time: 1.0295 s
loss_KE in epoch 375: 0.101267, time: 1.0547 s
loss_CG in epoch 376: 2.602289, time: 1.0615 s
loss_KE in epoch 377: 0.099872, time: 1.0926 s
loss_CG in epoch 378: 2.600746, time: 1.1008 s
loss_KE in epoch 379: 0.098596, time: 1.1139 s
loss_CG in epoch 380: 2.599312, time: 3.3606 s
loss_KE in epoch 381: 0.104604, time: 4.6376 s
loss_CG in epoch 382: 2.597773, time: 1.0262 s
loss_KE in epoch 383: 0.102898, time: 1.0335 s
loss_CG in epoch 384: 2.596255, time: 1.0245 s
loss_KE in epoch 385: 0.101356, time: 1.0467 s
loss_CG in epoch 386: 2.594772, time: 1.0713 s
loss_KE in epoch 387: 0.099947, time: 1.0954 s
loss_CG in epoch 388: 2.593245, time: 1.0968 s
loss_KE in epoch 389: 0.098638, time: 1.1114 s
loss_CG in epoch 390: 2.591753, time: 3.3553 s
loss_KE in epoch 391: 0.105051, time: 4.6687 s
loss_CG in epoch 392: 2.590261, time: 1.0275 s
loss_KE in epoch 393: 0.103306, time: 1.0338 s
loss_CG in epoch 394: 2.588712, time: 1.0287 s
loss_KE in epoch 395: 0.101764, time: 1.0578 s
loss_CG in epoch 396: 2.587258, time: 1.0694 s
loss_KE in epoch 397: 0.100360, time: 1.0987 s
loss_CG in epoch 398: 2.585710, time: 1.1023 s
loss_KE in epoch 399: 0.099070, time: 1.1145 s

epoch 399, checkpoint!
l2r: acc of top [1, 5, 10, 50, 100] = [0.3437 0.5531 0.6487 0.8575 0.9127], mr = 82.442, mrr = 0.445, time = 5.9974 s 
r2l: acc of top [1, 5, 10, 50, 100] = [0.3419 0.55   0.6453 0.8545 0.9101], mr = 82.651, mrr = 0.444, time = 5.9977 s 

loss_CG in epoch 400: 2.584243, time: 3.3171 s
loss_KE in epoch 401: 0.104175, time: 4.5391 s
loss_CG in epoch 402: 2.582694, time: 1.0302 s
loss_KE in epoch 403: 0.102500, time: 1.0380 s
loss_CG in epoch 404: 2.581167, time: 1.0275 s
loss_KE in epoch 405: 0.100979, time: 1.0333 s
loss_CG in epoch 406: 2.579655, time: 1.0374 s
loss_KE in epoch 407: 0.099597, time: 1.0744 s
loss_CG in epoch 408: 2.578113, time: 1.0849 s
loss_KE in epoch 409: 0.098317, time: 1.1116 s
loss_CG in epoch 410: 2.576604, time: 3.3602 s
loss_KE in epoch 411: 0.104307, time: 4.6662 s
loss_CG in epoch 412: 2.575075, time: 1.0248 s
loss_KE in epoch 413: 0.102617, time: 1.0317 s
loss_CG in epoch 414: 2.573518, time: 1.0257 s
loss_KE in epoch 415: 0.101088, time: 1.0432 s
loss_CG in epoch 416: 2.572041, time: 1.0565 s
loss_KE in epoch 417: 0.099690, time: 1.0875 s
loss_CG in epoch 418: 2.570462, time: 1.0978 s
loss_KE in epoch 419: 0.098410, time: 1.1124 s
loss_CG in epoch 420: 2.568974, time: 3.3860 s
loss_KE in epoch 421: 0.103434, time: 4.4461 s
loss_CG in epoch 422: 2.567436, time: 1.0304 s
loss_KE in epoch 423: 0.101768, time: 1.0349 s
loss_CG in epoch 424: 2.565895, time: 1.0264 s
loss_KE in epoch 425: 0.100265, time: 1.0578 s
loss_CG in epoch 426: 2.564401, time: 1.0820 s
loss_KE in epoch 427: 0.098909, time: 1.1073 s
loss_CG in epoch 428: 2.562856, time: 1.1006 s
loss_KE in epoch 429: 0.097655, time: 1.1099 s
loss_CG in epoch 430: 2.561353, time: 3.3714 s
loss_KE in epoch 431: 0.103738, time: 4.4976 s
loss_CG in epoch 432: 2.559819, time: 1.0235 s
loss_KE in epoch 433: 0.102069, time: 1.0348 s
loss_CG in epoch 434: 2.558228, time: 1.0322 s
loss_KE in epoch 435: 0.100562, time: 1.0648 s
loss_CG in epoch 436: 2.556748, time: 1.0772 s
loss_KE in epoch 437: 0.099198, time: 1.1049 s
loss_CG in epoch 438: 2.555141, time: 1.1030 s
loss_KE in epoch 439: 0.097939, time: 1.1149 s
loss_CG in epoch 440: 2.553651, time: 3.3527 s
loss_KE in epoch 441: 0.102061, time: 4.4807 s
loss_CG in epoch 442: 2.552072, time: 1.0270 s
loss_KE in epoch 443: 0.100428, time: 1.0328 s
loss_CG in epoch 444: 2.550517, time: 1.0259 s
loss_KE in epoch 445: 0.098932, time: 1.0569 s
loss_CG in epoch 446: 2.548995, time: 1.0784 s
loss_KE in epoch 447: 0.097582, time: 1.1001 s
loss_CG in epoch 448: 2.547426, time: 1.0982 s
loss_KE in epoch 449: 0.096329, time: 1.1112 s
loss_CG in epoch 450: 2.545891, time: 3.3638 s
loss_KE in epoch 451: 0.102660, time: 4.6087 s
loss_CG in epoch 452: 2.544337, time: 1.0261 s
loss_KE in epoch 453: 0.101053, time: 1.0317 s
loss_CG in epoch 454: 2.542727, time: 1.0294 s
loss_KE in epoch 455: 0.099594, time: 1.0483 s
loss_CG in epoch 456: 2.541226, time: 1.0681 s
loss_KE in epoch 457: 0.098272, time: 1.0979 s
loss_CG in epoch 458: 2.539603, time: 1.1060 s
loss_KE in epoch 459: 0.097063, time: 1.1167 s
loss_CG in epoch 460: 2.538093, time: 3.3647 s
loss_KE in epoch 461: 0.101219, time: 4.3379 s
loss_CG in epoch 462: 2.536509, time: 1.0305 s
loss_KE in epoch 463: 0.099638, time: 1.0366 s
loss_CG in epoch 464: 2.534939, time: 1.0339 s
loss_KE in epoch 465: 0.098188, time: 1.0657 s
loss_CG in epoch 466: 2.533406, time: 1.0818 s
loss_KE in epoch 467: 0.096857, time: 1.1097 s
loss_CG in epoch 468: 2.531836, time: 1.0992 s
loss_KE in epoch 469: 0.095631, time: 1.1097 s
loss_CG in epoch 470: 2.530282, time: 3.3674 s
loss_KE in epoch 471: 0.103578, time: 4.7692 s
loss_CG in epoch 472: 2.528750, time: 1.0241 s
loss_KE in epoch 473: 0.101972, time: 1.0352 s
loss_CG in epoch 474: 2.527102, time: 1.0261 s
loss_KE in epoch 475: 0.100523, time: 1.0403 s
loss_CG in epoch 476: 2.525612, time: 1.0536 s
loss_KE in epoch 477: 0.099201, time: 1.0857 s
loss_CG in epoch 478: 2.523973, time: 1.0965 s
loss_KE in epoch 479: 0.097988, time: 1.1098 s
loss_CG in epoch 480: 2.522448, time: 3.3508 s
loss_KE in epoch 481: 0.102276, time: 4.5893 s
loss_CG in epoch 482: 2.520850, time: 1.0334 s
loss_KE in epoch 483: 0.100685, time: 1.0363 s
loss_CG in epoch 484: 2.519264, time: 1.0254 s
loss_KE in epoch 485: 0.099236, time: 1.0600 s
loss_CG in epoch 486: 2.517698, time: 1.0800 s
loss_KE in epoch 487: 0.097917, time: 1.1101 s
loss_CG in epoch 488: 2.516122, time: 1.1013 s
loss_KE in epoch 489: 0.096698, time: 1.1112 s
loss_CG in epoch 490: 2.514529, time: 3.3519 s
loss_KE in epoch 491: 0.100037, time: 4.5184 s
loss_CG in epoch 492: 2.512983, time: 1.0218 s
loss_KE in epoch 493: 0.098539, time: 1.0323 s
loss_CG in epoch 494: 2.511292, time: 1.0325 s
loss_KE in epoch 495: 0.097160, time: 1.0566 s
loss_CG in epoch 496: 2.509816, time: 1.0749 s
loss_KE in epoch 497: 0.095909, time: 1.1065 s
loss_CG in epoch 498: 2.508118, time: 1.1032 s
loss_KE in epoch 499: 0.094764, time: 1.1150 s

epoch 499, checkpoint!
l2r: acc of top [1, 5, 10, 50, 100] = [0.3454 0.5553 0.6521 0.8577 0.9139], mr = 82.094, mrr = 0.447, time = 5.9720 s 
r2l: acc of top [1, 5, 10, 50, 100] = [0.3468 0.5548 0.6498 0.8565 0.9119], mr = 79.489, mrr = 0.447, time = 5.9723 s 

loss_CG in epoch 500: 2.506615, time: 3.3222 s
loss_KE in epoch 501: 0.102683, time: 4.5851 s
loss_CG in epoch 502: 2.504972, time: 1.0299 s
loss_KE in epoch 503: 0.101170, time: 1.0315 s
loss_CG in epoch 504: 2.503373, time: 1.0232 s
loss_KE in epoch 505: 0.099767, time: 1.0313 s
loss_CG in epoch 506: 2.501792, time: 1.0328 s
loss_KE in epoch 507: 0.098478, time: 1.0509 s
loss_CG in epoch 508: 2.500193, time: 1.0651 s
loss_KE in epoch 509: 0.097293, time: 1.1002 s
loss_CG in epoch 510: 2.498583, time: 3.3383 s
loss_KE in epoch 511: 0.100412, time: 4.5303 s
loss_CG in epoch 512: 2.497054, time: 1.0262 s
loss_KE in epoch 513: 0.098898, time: 1.0321 s
loss_CG in epoch 514: 2.495358, time: 1.0322 s
loss_KE in epoch 515: 0.097524, time: 1.0472 s
loss_CG in epoch 516: 2.493878, time: 1.0638 s
loss_KE in epoch 517: 0.096267, time: 1.0984 s
loss_CG in epoch 518: 2.492207, time: 1.1044 s
loss_KE in epoch 519: 0.095122, time: 1.1144 s
loss_CG in epoch 520: 2.490685, time: 3.3679 s
loss_KE in epoch 521: 0.101131, time: 4.5034 s
loss_CG in epoch 522: 2.489053, time: 1.0308 s
loss_KE in epoch 523: 0.099558, time: 1.0359 s
loss_CG in epoch 524: 2.487428, time: 1.0419 s
loss_KE in epoch 525: 0.098124, time: 1.0697 s
loss_CG in epoch 526: 2.485846, time: 1.0853 s
loss_KE in epoch 527: 0.096830, time: 1.1104 s
loss_CG in epoch 528: 2.484215, time: 1.0991 s
loss_KE in epoch 529: 0.095649, time: 1.1083 s
loss_CG in epoch 530: 2.482604, time: 3.3792 s
loss_KE in epoch 531: 0.100995, time: 4.6044 s
loss_CG in epoch 532: 2.481039, time: 1.0244 s
loss_KE in epoch 533: 0.099507, time: 1.0347 s
loss_CG in epoch 534: 2.479328, time: 1.0272 s
loss_KE in epoch 535: 0.098152, time: 1.0546 s
loss_CG in epoch 536: 2.477810, time: 1.0649 s
loss_KE in epoch 537: 0.096909, time: 1.0939 s
loss_CG in epoch 538: 2.476123, time: 1.1016 s
loss_KE in epoch 539: 0.095761, time: 1.1113 s
loss_CG in epoch 540: 2.474550, time: 3.3520 s
loss_KE in epoch 541: 0.101615, time: 4.6192 s
loss_CG in epoch 542: 2.472922, time: 1.0343 s
loss_KE in epoch 543: 0.100088, time: 1.0366 s
loss_CG in epoch 544: 2.471251, time: 1.0248 s
loss_KE in epoch 545: 0.098670, time: 1.0506 s
loss_CG in epoch 546: 2.469689, time: 1.0754 s
loss_KE in epoch 547: 0.097376, time: 1.1022 s
loss_CG in epoch 548: 2.468021, time: 1.1006 s
loss_KE in epoch 549: 0.096192, time: 1.1108 s
loss_CG in epoch 550: 2.466407, time: 3.3548 s
loss_KE in epoch 551: 0.103621, time: 4.4686 s
loss_CG in epoch 552: 2.464865, time: 1.0250 s
loss_KE in epoch 553: 0.102095, time: 1.0338 s
loss_CG in epoch 554: 2.463142, time: 1.0303 s
loss_KE in epoch 555: 0.100693, time: 1.0620 s
loss_CG in epoch 556: 2.461658, time: 1.0781 s
loss_KE in epoch 557: 0.099418, time: 1.1070 s
loss_CG in epoch 558: 2.459947, time: 1.1020 s
loss_KE in epoch 559: 0.098251, time: 1.1169 s
loss_CG in epoch 560: 2.458409, time: 3.3596 s
loss_KE in epoch 561: 0.101987, time: 4.3929 s
loss_CG in epoch 562: 2.456769, time: 1.0292 s
loss_KE in epoch 563: 0.100535, time: 1.0330 s
loss_CG in epoch 564: 2.455101, time: 1.0234 s
loss_KE in epoch 565: 0.099190, time: 1.0507 s
loss_CG in epoch 566: 2.453537, time: 1.0718 s
loss_KE in epoch 567: 0.097967, time: 1.1015 s
loss_CG in epoch 568: 2.451883, time: 1.1014 s
loss_KE in epoch 569: 0.096853, time: 1.1125 s
loss_CG in epoch 570: 2.450256, time: 3.3555 s
loss_KE in epoch 571: 0.101759, time: 4.5959 s
loss_CG in epoch 572: 2.448674, time: 1.0292 s
loss_KE in epoch 573: 0.100315, time: 1.0322 s
loss_CG in epoch 574: 2.446903, time: 1.0302 s
loss_KE in epoch 575: 0.098977, time: 1.0645 s
loss_CG in epoch 576: 2.445388, time: 1.0770 s
loss_KE in epoch 577: 0.097743, time: 1.1046 s
loss_CG in epoch 578: 2.443634, time: 1.1079 s
loss_KE in epoch 579: 0.096610, time: 1.1137 s
loss_CG in epoch 580: 2.442058, time: 3.3794 s
loss_KE in epoch 581: 0.104452, time: 4.4528 s
loss_CG in epoch 582: 2.440406, time: 1.0289 s
loss_KE in epoch 583: 0.103024, time: 1.0387 s
loss_CG in epoch 584: 2.438715, time: 1.0346 s
loss_KE in epoch 585: 0.101683, time: 1.0621 s
loss_CG in epoch 586: 2.437141, time: 1.0792 s
loss_KE in epoch 587: 0.100446, time: 1.1069 s
loss_CG in epoch 588: 2.435458, time: 1.0993 s
loss_KE in epoch 589: 0.099302, time: 1.1120 s
loss_CG in epoch 590: 2.433836, time: 3.3648 s
loss_KE in epoch 591: 0.104027, time: 4.4800 s
loss_CG in epoch 592: 2.432273, time: 1.0272 s
loss_KE in epoch 593: 0.102536, time: 1.0359 s
loss_CG in epoch 594: 2.430522, time: 1.0298 s
loss_KE in epoch 595: 0.101148, time: 1.0628 s
loss_CG in epoch 596: 2.429038, time: 1.0812 s
loss_KE in epoch 597: 0.099875, time: 1.1032 s
loss_CG in epoch 598: 2.427291, time: 1.1019 s
loss_KE in epoch 599: 0.098721, time: 1.1122 s

epoch 599, checkpoint!
l2r: acc of top [1, 5, 10, 50, 100] = [0.3489 0.5582 0.6548 0.8582 0.9145], mr = 80.789, mrr = 0.450, time = 5.9664 s 
r2l: acc of top [1, 5, 10, 50, 100] = [0.3483 0.5571 0.6512 0.8556 0.9126], mr = 77.818, mrr = 0.449, time = 5.9667 s 

loss_CG in epoch 600: 2.425743, time: 3.3158 s
loss_KE in epoch 601: 0.104694, time: 4.4610 s
loss_CG in epoch 602: 2.424082, time: 1.0331 s
loss_KE in epoch 603: 0.103226, time: 1.0358 s
loss_CG in epoch 604: 2.422358, time: 1.0248 s
loss_KE in epoch 605: 0.101862, time: 1.0344 s
loss_CG in epoch 606: 2.420778, time: 1.0348 s
loss_KE in epoch 607: 0.100623, time: 1.0638 s
loss_CG in epoch 608: 2.419075, time: 1.0789 s
loss_KE in epoch 609: 0.099489, time: 1.1067 s
loss_CG in epoch 610: 2.417424, time: 3.3606 s
loss_KE in epoch 611: 0.104831, time: 4.6785 s
loss_CG in epoch 612: 2.415836, time: 1.0269 s
loss_KE in epoch 613: 0.103389, time: 1.0357 s
loss_CG in epoch 614: 2.414014, time: 1.0322 s
loss_KE in epoch 615: 0.102046, time: 1.0591 s
loss_CG in epoch 616: 2.412519, time: 1.0734 s
loss_KE in epoch 617: 0.100820, time: 1.1001 s
loss_CG in epoch 618: 2.410720, time: 1.1012 s
loss_KE in epoch 619: 0.099700, time: 1.1153 s
loss_CG in epoch 620: 2.409151, time: 3.3519 s
loss_KE in epoch 621: 0.104909, time: 4.6575 s
loss_CG in epoch 622: 2.407483, time: 1.0272 s
loss_KE in epoch 623: 0.103486, time: 1.0331 s
loss_CG in epoch 624: 2.405738, time: 1.0237 s
loss_KE in epoch 625: 0.102154, time: 1.0460 s
loss_CG in epoch 626: 2.404162, time: 1.0662 s
loss_KE in epoch 627: 0.100934, time: 1.0930 s
loss_CG in epoch 628: 2.402435, time: 1.0980 s
loss_KE in epoch 629: 0.099827, time: 1.1116 s
loss_CG in epoch 630: 2.400786, time: 3.3751 s
loss_KE in epoch 631: 0.103508, time: 4.8178 s
loss_CG in epoch 632: 2.399182, time: 1.0282 s
loss_KE in epoch 633: 0.102113, time: 1.0317 s
loss_CG in epoch 634: 2.397344, time: 1.0299 s
loss_KE in epoch 635: 0.100795, time: 1.0579 s
loss_CG in epoch 636: 2.395844, time: 1.0721 s
loss_KE in epoch 637: 0.099585, time: 1.1073 s
loss_CG in epoch 638: 2.394022, time: 1.1031 s
loss_KE in epoch 639: 0.098487, time: 1.1139 s
loss_CG in epoch 640: 2.392435, time: 3.3534 s
loss_KE in epoch 641: 0.105709, time: 4.3583 s
loss_CG in epoch 642: 2.390764, time: 1.0293 s
loss_KE in epoch 643: 0.104277, time: 1.0360 s
loss_CG in epoch 644: 2.389007, time: 1.0327 s
loss_KE in epoch 645: 0.102932, time: 1.0646 s
loss_CG in epoch 646: 2.387429, time: 1.0787 s
loss_KE in epoch 647: 0.101707, time: 1.1061 s
loss_CG in epoch 648: 2.385678, time: 1.0978 s
loss_KE in epoch 649: 0.100575, time: 1.1103 s
loss_CG in epoch 650: 2.384027, time: 3.3638 s
loss_KE in epoch 651: 0.105819, time: 4.4616 s
loss_CG in epoch 652: 2.382409, time: 1.0254 s
loss_KE in epoch 653: 0.104414, time: 1.0338 s
loss_CG in epoch 654: 2.380556, time: 1.0260 s
loss_KE in epoch 655: 0.103092, time: 1.0466 s
loss_CG in epoch 656: 2.379052, time: 1.0665 s
loss_KE in epoch 657: 0.101883, time: 1.0991 s
loss_CG in epoch 658: 2.377212, time: 1.1028 s
loss_KE in epoch 659: 0.100780, time: 1.1126 s
loss_CG in epoch 660: 2.375627, time: 3.3603 s
loss_KE in epoch 661: 0.107008, time: 4.7081 s
loss_CG in epoch 662: 2.373924, time: 1.0318 s
loss_KE in epoch 663: 0.105607, time: 1.0356 s
loss_CG in epoch 664: 2.372111, time: 1.0265 s
loss_KE in epoch 665: 0.104272, time: 1.0601 s
loss_CG in epoch 666: 2.370528, time: 1.0780 s
loss_KE in epoch 667: 0.103049, time: 1.1098 s
loss_CG in epoch 668: 2.368730, time: 1.1026 s
loss_KE in epoch 669: 0.101922, time: 1.1104 s
loss_CG in epoch 670: 2.367063, time: 3.3589 s
loss_KE in epoch 671: 0.106140, time: 4.7735 s
loss_CG in epoch 672: 2.365410, time: 1.0225 s
loss_KE in epoch 673: 0.104792, time: 1.0345 s
loss_CG in epoch 674: 2.363543, time: 1.0312 s
loss_KE in epoch 675: 0.103502, time: 1.0491 s
loss_CG in epoch 676: 2.362018, time: 1.0600 s
loss_KE in epoch 677: 0.102322, time: 1.0878 s
loss_CG in epoch 678: 2.360155, time: 1.1010 s
loss_KE in epoch 679: 0.101237, time: 1.1162 s
loss_CG in epoch 680: 2.358547, time: 3.3532 s
loss_KE in epoch 681: 0.109082, time: 4.6119 s
loss_CG in epoch 682: 2.356873, time: 1.0262 s
loss_KE in epoch 683: 0.107687, time: 1.0331 s
loss_CG in epoch 684: 2.355051, time: 1.0269 s
loss_KE in epoch 685: 0.106355, time: 1.0619 s
loss_CG in epoch 686: 2.353492, time: 1.0827 s
loss_KE in epoch 687: 0.105129, time: 1.1094 s
loss_CG in epoch 688: 2.351708, time: 1.0994 s
loss_KE in epoch 689: 0.104016, time: 1.1134 s
loss_CG in epoch 690: 2.350041, time: 3.3517 s
loss_KE in epoch 691: 0.107113, time: 4.5878 s
loss_CG in epoch 692: 2.348423, time: 1.0297 s
loss_KE in epoch 693: 0.105692, time: 1.0335 s
loss_CG in epoch 694: 2.346509, time: 1.0275 s
loss_KE in epoch 695: 0.104343, time: 1.0433 s
loss_CG in epoch 696: 2.345010, time: 1.0676 s
loss_KE in epoch 697: 0.103102, time: 1.1026 s
loss_CG in epoch 698: 2.343127, time: 1.1053 s
loss_KE in epoch 699: 0.101975, time: 1.1150 s

epoch 699, checkpoint!
l2r: acc of top [1, 5, 10, 50, 100] = [0.3487 0.5573 0.654  0.858  0.9156], mr = 80.211, mrr = 0.450, time = 5.9818 s 
r2l: acc of top [1, 5, 10, 50, 100] = [0.3472 0.5587 0.6542 0.857  0.9147], mr = 75.639, mrr = 0.449, time = 5.9821 s 

loss_CG in epoch 700: 2.341531, time: 3.3183 s
loss_KE in epoch 701: 0.108274, time: 4.4613 s
loss_CG in epoch 702: 2.339799, time: 1.0309 s
loss_KE in epoch 703: 0.106873, time: 1.0367 s
loss_CG in epoch 704: 2.337951, time: 1.0305 s
loss_KE in epoch 705: 0.105528, time: 1.0336 s
loss_CG in epoch 706: 2.336361, time: 1.0395 s
loss_KE in epoch 707: 0.104299, time: 1.0759 s
loss_CG in epoch 708: 2.334526, time: 1.0825 s
loss_KE in epoch 709: 0.103169, time: 1.1080 s
loss_CG in epoch 710: 2.332851, time: 3.3738 s
loss_KE in epoch 711: 0.109562, time: 4.7074 s
loss_CG in epoch 712: 2.331206, time: 1.0266 s
loss_KE in epoch 713: 0.108162, time: 1.0342 s
loss_CG in epoch 714: 2.329265, time: 1.0264 s
loss_KE in epoch 715: 0.106824, time: 1.0417 s
loss_CG in epoch 716: 2.327752, time: 1.0538 s
loss_KE in epoch 717: 0.105605, time: 1.0826 s
loss_CG in epoch 718: 2.325841, time: 1.0973 s
loss_KE in epoch 719: 0.104487, time: 1.1095 s
loss_CG in epoch 720: 2.324214, time: 3.3576 s
loss_KE in epoch 721: 0.108826, time: 4.8293 s
loss_CG in epoch 722: 2.322496, time: 1.0306 s
loss_KE in epoch 723: 0.107423, time: 1.0335 s
loss_CG in epoch 724: 2.320608, time: 1.0239 s
loss_KE in epoch 725: 0.106053, time: 1.0513 s
loss_CG in epoch 726: 2.319030, time: 1.0784 s
loss_KE in epoch 727: 0.104792, time: 1.1037 s
loss_CG in epoch 728: 2.317174, time: 1.1009 s
loss_KE in epoch 729: 0.103649, time: 1.1133 s
loss_CG in epoch 730: 2.315487, time: 3.3780 s
loss_KE in epoch 731: 0.109111, time: 4.5125 s
loss_CG in epoch 732: 2.313842, time: 1.0244 s
loss_KE in epoch 733: 0.107709, time: 1.0326 s
loss_CG in epoch 734: 2.311888, time: 1.0307 s
loss_KE in epoch 735: 0.106365, time: 1.0621 s
loss_CG in epoch 736: 2.310370, time: 1.0792 s
loss_KE in epoch 737: 0.105132, time: 1.1103 s
loss_CG in epoch 738: 2.308446, time: 1.1014 s
loss_KE in epoch 739: 0.104009, time: 1.1130 s
loss_CG in epoch 740: 2.306817, time: 3.3596 s
loss_KE in epoch 741: 0.109590, time: 4.5294 s
loss_CG in epoch 742: 2.305079, time: 1.0261 s
loss_KE in epoch 743: 0.108228, time: 1.0338 s
loss_CG in epoch 744: 2.303201, time: 1.0263 s
loss_KE in epoch 745: 0.106900, time: 1.0491 s
loss_CG in epoch 746: 2.301597, time: 1.0708 s
loss_KE in epoch 747: 0.105682, time: 1.0977 s
loss_CG in epoch 748: 2.299743, time: 1.0967 s
loss_KE in epoch 749: 0.104561, time: 1.1122 s
loss_CG in epoch 750: 2.298038, time: 3.3680 s
loss_KE in epoch 751: 0.110356, time: 4.4469 s
loss_CG in epoch 752: 2.296375, time: 1.0283 s
loss_KE in epoch 753: 0.108986, time: 1.0333 s
loss_CG in epoch 754: 2.294408, time: 1.0288 s
loss_KE in epoch 755: 0.107669, time: 1.0535 s
loss_CG in epoch 756: 2.292862, time: 1.0718 s
loss_KE in epoch 757: 0.106440, time: 1.0963 s
loss_CG in epoch 758: 2.290956, time: 1.1041 s
loss_KE in epoch 759: 0.105329, time: 1.1160 s
loss_CG in epoch 760: 2.289274, time: 3.3653 s
loss_KE in epoch 761: 0.108676, time: 4.5570 s
loss_CG in epoch 762: 2.287585, time: 1.0299 s
loss_KE in epoch 763: 0.107323, time: 1.0352 s
loss_CG in epoch 764: 2.285592, time: 1.0279 s
loss_KE in epoch 765: 0.105999, time: 1.0540 s
loss_CG in epoch 766: 2.284040, time: 1.0757 s
loss_KE in epoch 767: 0.104782, time: 1.1057 s
loss_CG in epoch 768: 2.282116, time: 1.1004 s
loss_KE in epoch 769: 0.103703, time: 1.1102 s
loss_CG in epoch 770: 2.280421, time: 3.3706 s
loss_KE in epoch 771: 0.112025, time: 4.7223 s
loss_CG in epoch 772: 2.278750, time: 1.0238 s
loss_KE in epoch 773: 0.110625, time: 1.0337 s
loss_CG in epoch 774: 2.276746, time: 1.0272 s
loss_KE in epoch 775: 0.109256, time: 1.0529 s
loss_CG in epoch 776: 2.275211, time: 1.0672 s
loss_KE in epoch 777: 0.107998, time: 1.0938 s
loss_CG in epoch 778: 2.273255, time: 1.1004 s
loss_KE in epoch 779: 0.106862, time: 1.1090 s
loss_CG in epoch 780: 2.271597, time: 3.3694 s
loss_KE in epoch 781: 0.113634, time: 4.6854 s
loss_CG in epoch 782: 2.269856, time: 1.0337 s
loss_KE in epoch 783: 0.112254, time: 1.0362 s
loss_CG in epoch 784: 2.267935, time: 1.0243 s
loss_KE in epoch 785: 0.110914, time: 1.0495 s
loss_CG in epoch 786: 2.266339, time: 1.0719 s
loss_KE in epoch 787: 0.109689, time: 1.1059 s
loss_CG in epoch 788: 2.264438, time: 1.1012 s
loss_KE in epoch 789: 0.108563, time: 1.1114 s
loss_CG in epoch 790: 2.262750, time: 3.3581 s
loss_KE in epoch 791: 0.111755, time: 4.3981 s
loss_CG in epoch 792: 2.261020, time: 1.0244 s
loss_KE in epoch 793: 0.110378, time: 1.0331 s
loss_CG in epoch 794: 2.259031, time: 1.0316 s
loss_KE in epoch 795: 0.109048, time: 1.0545 s
loss_CG in epoch 796: 2.257416, time: 1.0697 s
loss_KE in epoch 797: 0.107810, time: 1.1013 s
loss_CG in epoch 798: 2.255491, time: 1.1023 s
loss_KE in epoch 799: 0.106709, time: 1.1151 s

epoch 799, checkpoint!
l2r: acc of top [1, 5, 10, 50, 100] = [0.3474 0.5576 0.6535 0.8601 0.9154], mr = 79.600, mrr = 0.450, time = 5.9822 s 
r2l: acc of top [1, 5, 10, 50, 100] = [0.3468 0.5592 0.6525 0.8578 0.9148], mr = 74.040, mrr = 0.449, time = 5.9826 s 

loss_CG in epoch 800: 2.253738, time: 3.3333 s
loss_KE in epoch 801: 0.113211, time: 4.6298 s
loss_CG in epoch 802: 2.252066, time: 1.0286 s
loss_KE in epoch 803: 0.111809, time: 1.0336 s
loss_CG in epoch 804: 2.250057, time: 1.0261 s
loss_KE in epoch 805: 0.110449, time: 1.0351 s
loss_CG in epoch 806: 2.248468, time: 1.0411 s
loss_KE in epoch 807: 0.109169, time: 1.0673 s
loss_CG in epoch 808: 2.246563, time: 1.0746 s
loss_KE in epoch 809: 0.108028, time: 1.1079 s
loss_CG in epoch 810: 2.244825, time: 3.3590 s
loss_KE in epoch 811: 0.112900, time: 4.5231 s
loss_CG in epoch 812: 2.243127, time: 1.0263 s
loss_KE in epoch 813: 0.111548, time: 1.0343 s
loss_CG in epoch 814: 2.241153, time: 1.0288 s
loss_KE in epoch 815: 0.110258, time: 1.0530 s
loss_CG in epoch 816: 2.239481, time: 1.0707 s
loss_KE in epoch 817: 0.109017, time: 1.0956 s
loss_CG in epoch 818: 2.237648, time: 1.1054 s
loss_KE in epoch 819: 0.107936, time: 1.1160 s
loss_CG in epoch 820: 2.235823, time: 3.3567 s
loss_KE in epoch 821: 0.113684, time: 4.4788 s
loss_CG in epoch 822: 2.234193, time: 1.0298 s
loss_KE in epoch 823: 0.112322, time: 1.0373 s
loss_CG in epoch 824: 2.232134, time: 1.0348 s
loss_KE in epoch 825: 0.111022, time: 1.0658 s
loss_CG in epoch 826: 2.230485, time: 1.0846 s
loss_KE in epoch 827: 0.109750, time: 1.1093 s
loss_CG in epoch 828: 2.228629, time: 1.1000 s
loss_KE in epoch 829: 0.108639, time: 1.1123 s
loss_CG in epoch 830: 2.226804, time: 3.3777 s
loss_KE in epoch 831: 0.115321, time: 4.6561 s
loss_CG in epoch 832: 2.225173, time: 1.0226 s
loss_KE in epoch 833: 0.113864, time: 1.0324 s
loss_CG in epoch 834: 2.223139, time: 1.0283 s
loss_KE in epoch 835: 0.112483, time: 1.0418 s
loss_CG in epoch 836: 2.221521, time: 1.0579 s
loss_KE in epoch 837: 0.111165, time: 1.0946 s
loss_CG in epoch 838: 2.219646, time: 1.1036 s
loss_KE in epoch 839: 0.109994, time: 1.1122 s
loss_CG in epoch 840: 2.217845, time: 3.3597 s
loss_KE in epoch 841: 0.114619, time: 4.5372 s
loss_CG in epoch 842: 2.216164, time: 1.0304 s
loss_KE in epoch 843: 0.113213, time: 1.0371 s
loss_CG in epoch 844: 2.214127, time: 1.0290 s
loss_KE in epoch 845: 0.111877, time: 1.0502 s
loss_CG in epoch 846: 2.212421, time: 1.0699 s
loss_KE in epoch 847: 0.110593, time: 1.0984 s
loss_CG in epoch 848: 2.210554, time: 1.1014 s
loss_KE in epoch 849: 0.109468, time: 1.1103 s
loss_CG in epoch 850: 2.208708, time: 3.3604 s
loss_KE in epoch 851: 0.115192, time: 4.6537 s
loss_CG in epoch 852: 2.207050, time: 1.0253 s
loss_KE in epoch 853: 0.113840, time: 1.0327 s
loss_CG in epoch 854: 2.204986, time: 1.0294 s
loss_KE in epoch 855: 0.112524, time: 1.0509 s
loss_CG in epoch 856: 2.203308, time: 1.0632 s
loss_KE in epoch 857: 0.111272, time: 1.0931 s
loss_CG in epoch 858: 2.201425, time: 1.1017 s
loss_KE in epoch 859: 0.110159, time: 1.1161 s
loss_CG in epoch 860: 2.199578, time: 3.3604 s
loss_KE in epoch 861: 0.116896, time: 4.4905 s
loss_CG in epoch 862: 2.197931, time: 1.0276 s
loss_KE in epoch 863: 0.115489, time: 1.0339 s
loss_CG in epoch 864: 2.195891, time: 1.0296 s
loss_KE in epoch 865: 0.114165, time: 1.0566 s
loss_CG in epoch 866: 2.194168, time: 1.0835 s
loss_KE in epoch 867: 0.112873, time: 1.1094 s
loss_CG in epoch 868: 2.192346, time: 1.1016 s
loss_KE in epoch 869: 0.111732, time: 1.1114 s
loss_CG in epoch 870: 2.190479, time: 3.3544 s
loss_KE in epoch 871: 0.117464, time: 4.6121 s
loss_CG in epoch 872: 2.188812, time: 1.0292 s
loss_KE in epoch 873: 0.116091, time: 1.0324 s
loss_CG in epoch 874: 2.186734, time: 1.0276 s
loss_KE in epoch 875: 0.114770, time: 1.0489 s
loss_CG in epoch 876: 2.185027, time: 1.0706 s
loss_KE in epoch 877: 0.113487, time: 1.0971 s
loss_CG in epoch 878: 2.183173, time: 1.1038 s
loss_KE in epoch 879: 0.112379, time: 1.1119 s
loss_CG in epoch 880: 2.181253, time: 3.3599 s
loss_KE in epoch 881: 0.119528, time: 4.7260 s
loss_CG in epoch 882: 2.179659, time: 1.0282 s
loss_KE in epoch 883: 0.118144, time: 1.0357 s
loss_CG in epoch 884: 2.177538, time: 1.0271 s
loss_KE in epoch 885: 0.116860, time: 1.0484 s
loss_CG in epoch 886: 2.175810, time: 1.0676 s
loss_KE in epoch 887: 0.115557, time: 1.0942 s
loss_CG in epoch 888: 2.173969, time: 1.1007 s
loss_KE in epoch 889: 0.114434, time: 1.1120 s
loss_CG in epoch 890: 2.172086, time: 3.3541 s
loss_KE in epoch 891: 0.118779, time: 4.4988 s
loss_CG in epoch 892: 2.170375, time: 1.0252 s
loss_KE in epoch 893: 0.117359, time: 1.0332 s
loss_CG in epoch 894: 2.168366, time: 1.0306 s
loss_KE in epoch 895: 0.115995, time: 1.0549 s
loss_CG in epoch 896: 2.166603, time: 1.0677 s
loss_KE in epoch 897: 0.114692, time: 1.0943 s
loss_CG in epoch 898: 2.164746, time: 1.1024 s
loss_KE in epoch 899: 0.113533, time: 1.1120 s

epoch 899, checkpoint!
l2r: acc of top [1, 5, 10, 50, 100] = [0.3477 0.5561 0.6522 0.8607 0.9156], mr = 79.393, mrr = 0.450, time = 5.9985 s 
r2l: acc of top [1, 5, 10, 50, 100] = [0.3485 0.5564 0.6542 0.8576 0.915 ], mr = 72.902, mrr = 0.450, time = 5.9988 s 

loss_CG in epoch 900: 2.162848, time: 3.3272 s
loss_KE in epoch 901: 0.118779, time: 4.4328 s
loss_CG in epoch 902: 2.161198, time: 1.0328 s
loss_KE in epoch 903: 0.117382, time: 1.0356 s
loss_CG in epoch 904: 2.159078, time: 1.0263 s
loss_KE in epoch 905: 0.116063, time: 1.0360 s
loss_CG in epoch 906: 2.157350, time: 1.0335 s
loss_KE in epoch 907: 0.114771, time: 1.0600 s
loss_CG in epoch 908: 2.155439, time: 1.0781 s
loss_KE in epoch 909: 0.113637, time: 1.1073 s
loss_CG in epoch 910: 2.153589, time: 3.3671 s
loss_KE in epoch 911: 0.119177, time: 4.9120 s
loss_CG in epoch 912: 2.151820, time: 1.0231 s
loss_KE in epoch 913: 0.117793, time: 1.0354 s
loss_CG in epoch 914: 2.149799, time: 1.0341 s
loss_KE in epoch 915: 0.116499, time: 1.0650 s
loss_CG in epoch 916: 2.147924, time: 1.0806 s
loss_KE in epoch 917: 0.115247, time: 1.1050 s
loss_CG in epoch 918: 2.146097, time: 1.1035 s
loss_KE in epoch 919: 0.114138, time: 1.1170 s
loss_CG in epoch 920: 2.144104, time: 3.3573 s
loss_KE in epoch 921: 0.119792, time: 4.5476 s
loss_CG in epoch 922: 2.142529, time: 1.0271 s
loss_KE in epoch 923: 0.118415, time: 1.0329 s
loss_CG in epoch 924: 2.140369, time: 1.0266 s
loss_KE in epoch 925: 0.117120, time: 1.0456 s
loss_CG in epoch 926: 2.138659, time: 1.0685 s
loss_KE in epoch 927: 0.115839, time: 1.0956 s
loss_CG in epoch 928: 2.136757, time: 1.0970 s
loss_KE in epoch 929: 0.114719, time: 1.1117 s
loss_CG in epoch 930: 2.134896, time: 3.3820 s
loss_KE in epoch 931: 0.119941, time: 4.4210 s
loss_CG in epoch 932: 2.133146, time: 1.0265 s
loss_KE in epoch 933: 0.118584, time: 1.0321 s
loss_CG in epoch 934: 2.131074, time: 1.0340 s
loss_KE in epoch 935: 0.117299, time: 1.0651 s
loss_CG in epoch 936: 2.129259, time: 1.0800 s
loss_KE in epoch 937: 0.116057, time: 1.1069 s
loss_CG in epoch 938: 2.127359, time: 1.1037 s
loss_KE in epoch 939: 0.114943, time: 1.1151 s
loss_CG in epoch 940: 2.125448, time: 3.3666 s
loss_KE in epoch 941: 0.120531, time: 4.7125 s
loss_CG in epoch 942: 2.123713, time: 1.0292 s
loss_KE in epoch 943: 0.119172, time: 1.0367 s
loss_CG in epoch 944: 2.121602, time: 1.0274 s
loss_KE in epoch 945: 0.117891, time: 1.0433 s
loss_CG in epoch 946: 2.119822, time: 1.0652 s
loss_KE in epoch 947: 0.116633, time: 1.0873 s
loss_CG in epoch 948: 2.117898, time: 1.0961 s
loss_KE in epoch 949: 0.115544, time: 1.1102 s
loss_CG in epoch 950: 2.115971, time: 3.3661 s
loss_KE in epoch 951: 0.123376, time: 4.3940 s
loss_CG in epoch 952: 2.114230, time: 1.0247 s
loss_KE in epoch 953: 0.121963, time: 1.0341 s
loss_CG in epoch 954: 2.112206, time: 1.0397 s
loss_KE in epoch 955: 0.120663, time: 1.0739 s
loss_CG in epoch 956: 2.110279, time: 1.0844 s
loss_KE in epoch 957: 0.119385, time: 1.1075 s
loss_CG in epoch 958: 2.108498, time: 1.1023 s
loss_KE in epoch 959: 0.118242, time: 1.1121 s
loss_CG in epoch 960: 2.106477, time: 3.3592 s
loss_KE in epoch 961: 0.122751, time: 4.4215 s
loss_CG in epoch 962: 2.104829, time: 1.0335 s
loss_KE in epoch 963: 0.121373, time: 1.0385 s
loss_CG in epoch 964: 2.102639, time: 1.0265 s
loss_KE in epoch 965: 0.120103, time: 1.0620 s
loss_CG in epoch 966: 2.100863, time: 1.0810 s
loss_KE in epoch 967: 0.118834, time: 1.1117 s
loss_CG in epoch 968: 2.098906, time: 1.1017 s
loss_KE in epoch 969: 0.117739, time: 1.1112 s
loss_CG in epoch 970: 2.096993, time: 3.3558 s
loss_KE in epoch 971: 0.123244, time: 4.5083 s
loss_CG in epoch 972: 2.095184, time: 1.0274 s
loss_KE in epoch 973: 0.121841, time: 1.0356 s
loss_CG in epoch 974: 2.093155, time: 1.0347 s
loss_KE in epoch 975: 0.120529, time: 1.0669 s
loss_CG in epoch 976: 2.091199, time: 1.0756 s
loss_KE in epoch 977: 0.119237, time: 1.1074 s
loss_CG in epoch 978: 2.089399, time: 1.1021 s
loss_KE in epoch 979: 0.118118, time: 1.1161 s
loss_CG in epoch 980: 2.087338, time: 3.3514 s
loss_KE in epoch 981: 0.123161, time: 4.6113 s
loss_CG in epoch 982: 2.085671, time: 1.0280 s
loss_KE in epoch 983: 0.121751, time: 1.0334 s
loss_CG in epoch 984: 2.083512, time: 1.0271 s
loss_KE in epoch 985: 0.120446, time: 1.0513 s
loss_CG in epoch 986: 2.081651, time: 1.0792 s
loss_KE in epoch 987: 0.119141, time: 1.0995 s
loss_CG in epoch 988: 2.079779, time: 1.0999 s
loss_KE in epoch 989: 0.118008, time: 1.1113 s
loss_CG in epoch 990: 2.077774, time: 3.3633 s
loss_KE in epoch 991: 0.125406, time: 4.5480 s
loss_CG in epoch 992: 2.076045, time: 1.0274 s
loss_KE in epoch 993: 0.124030, time: 1.0347 s
loss_CG in epoch 994: 2.073921, time: 1.0299 s
loss_KE in epoch 995: 0.122740, time: 1.0623 s
loss_CG in epoch 996: 2.072059, time: 1.0772 s
loss_KE in epoch 997: 0.121474, time: 1.1096 s
loss_CG in epoch 998: 2.070127, time: 1.1030 s
loss_KE in epoch 999: 0.120374, time: 1.1143 s

epoch 999, checkpoint!
l2r: acc of top [1, 5, 10, 50, 100] = [0.3504 0.5565 0.6506 0.8603 0.9149], mr = 79.273, mrr = 0.451, time = 5.9398 s 
r2l: acc of top [1, 5, 10, 50, 100] = [0.3446 0.5587 0.6538 0.8582 0.9143], mr = 72.295, mrr = 0.448, time = 5.9401 s 

optimization finished!
total time elapsed: 1783.0236 s
