************************en_de_15k_V1************************
loading raw data...
-----dataset summary-----
dataset:	 data/SRPRS/en_de_15k_V1
triple num:	 75740
entity num:	 30000
relation num:	 342
train ill num:	 4500 	test ill num:	 10500
-------------------------
getting a sparse tensor r_adj...
GAT(
  (layer_stack): ModuleList(
    (0): MultiHeadGraphAttention (128 -> 128) * 2 heads
    (1): MultiHeadGraphAttention (128 -> 128) * 2 heads
  )
)
Adagrad (
Parameter Group 0
    initial_accumulator_value: 0
    lr: 0.005
    lr_decay: 0
    weight_decay: 0
)
training...
	train pos/neg_pairs shape: torch.Size([112500])
loss_CG in epoch 0: 2.998938, time: 0.9483 s
	train pos/neg_triples shape: torch.Size([151480, 3])
loss_KE in epoch 1: 3.000372, time: 4.5027 s
loss_CG in epoch 2: 2.976757, time: 1.0418 s
loss_KE in epoch 3: 2.729401, time: 1.0793 s
loss_CG in epoch 4: 2.939219, time: 1.0420 s
loss_KE in epoch 5: 2.503104, time: 1.0826 s
loss_CG in epoch 6: 2.910991, time: 1.0575 s
loss_KE in epoch 7: 2.320436, time: 1.1283 s
loss_CG in epoch 8: 2.896068, time: 1.1050 s
loss_KE in epoch 9: 2.197899, time: 1.1513 s
loss_CG in epoch 10: 2.963830, time: 3.3822 s
loss_KE in epoch 11: 2.284608, time: 4.6595 s
loss_CG in epoch 12: 2.957808, time: 1.0468 s
loss_KE in epoch 13: 2.183674, time: 1.0749 s
loss_CG in epoch 14: 2.951186, time: 1.0551 s
loss_KE in epoch 15: 2.105481, time: 1.1067 s
loss_CG in epoch 16: 2.945253, time: 1.1045 s
loss_KE in epoch 17: 2.037882, time: 1.1497 s
loss_CG in epoch 18: 2.939359, time: 1.1179 s
loss_KE in epoch 19: 1.976618, time: 1.1544 s
loss_CG in epoch 20: 2.940131, time: 3.3847 s
loss_KE in epoch 21: 2.030205, time: 4.6304 s
loss_CG in epoch 22: 2.935022, time: 1.0483 s
loss_KE in epoch 23: 1.955513, time: 1.0743 s
loss_CG in epoch 24: 2.929404, time: 1.0523 s
loss_KE in epoch 25: 1.890791, time: 1.1078 s
loss_CG in epoch 26: 2.924210, time: 1.0995 s
loss_KE in epoch 27: 1.829521, time: 1.1480 s
loss_CG in epoch 28: 2.919125, time: 1.1198 s
loss_KE in epoch 29: 1.769126, time: 1.1525 s
loss_CG in epoch 30: 2.916679, time: 3.3746 s
loss_KE in epoch 31: 1.797686, time: 4.8057 s
loss_CG in epoch 32: 2.911353, time: 1.0484 s
loss_KE in epoch 33: 1.715494, time: 1.0749 s
loss_CG in epoch 34: 2.905748, time: 1.0480 s
loss_KE in epoch 35: 1.636234, time: 1.0848 s
loss_CG in epoch 36: 2.900514, time: 1.0807 s
loss_KE in epoch 37: 1.555120, time: 1.1403 s
loss_CG in epoch 38: 2.895238, time: 1.1217 s
loss_KE in epoch 39: 1.470338, time: 1.1538 s
loss_CG in epoch 40: 2.891639, time: 3.3937 s
loss_KE in epoch 41: 1.454880, time: 4.8386 s
loss_CG in epoch 42: 2.885928, time: 1.0453 s
loss_KE in epoch 43: 1.344346, time: 1.0767 s
loss_CG in epoch 44: 2.880224, time: 1.0530 s
loss_KE in epoch 45: 1.236245, time: 1.1101 s
loss_CG in epoch 46: 2.875058, time: 1.1014 s
loss_KE in epoch 47: 1.128900, time: 1.1483 s
loss_CG in epoch 48: 2.869942, time: 1.1164 s
loss_KE in epoch 49: 1.023051, time: 1.1533 s
loss_CG in epoch 50: 2.866280, time: 3.3789 s
loss_KE in epoch 51: 0.974643, time: 4.6874 s
loss_CG in epoch 52: 2.861361, time: 1.0478 s
loss_KE in epoch 53: 0.860900, time: 1.0752 s
loss_CG in epoch 54: 2.856428, time: 1.0518 s
loss_KE in epoch 55: 0.760256, time: 1.1070 s
loss_CG in epoch 56: 2.852184, time: 1.1042 s
loss_KE in epoch 57: 0.671064, time: 1.1474 s
loss_CG in epoch 58: 2.848220, time: 1.1209 s
loss_KE in epoch 59: 0.593472, time: 1.1522 s
loss_CG in epoch 60: 2.845504, time: 3.3724 s
loss_KE in epoch 61: 0.564688, time: 4.7279 s
loss_CG in epoch 62: 2.842005, time: 1.0483 s
loss_KE in epoch 63: 0.495531, time: 1.0754 s
loss_CG in epoch 64: 2.838491, time: 1.0476 s
loss_KE in epoch 65: 0.440275, time: 1.0889 s
loss_CG in epoch 66: 2.835536, time: 1.0825 s
loss_KE in epoch 67: 0.395216, time: 1.1405 s
loss_CG in epoch 68: 2.832683, time: 1.1206 s
loss_KE in epoch 69: 0.358327, time: 1.1541 s
loss_CG in epoch 70: 2.830669, time: 3.3795 s
loss_KE in epoch 71: 0.352601, time: 4.6536 s
loss_CG in epoch 72: 2.828086, time: 1.0448 s
loss_KE in epoch 73: 0.320217, time: 1.0756 s
loss_CG in epoch 74: 2.825306, time: 1.0548 s
loss_KE in epoch 75: 0.294669, time: 1.1070 s
loss_CG in epoch 76: 2.823041, time: 1.1034 s
loss_KE in epoch 77: 0.273780, time: 1.1490 s
loss_CG in epoch 78: 2.820739, time: 1.1155 s
loss_KE in epoch 79: 0.256470, time: 1.1552 s
loss_CG in epoch 80: 2.818931, time: 3.3847 s
loss_KE in epoch 81: 0.258069, time: 4.5793 s
loss_CG in epoch 82: 2.816793, time: 1.0502 s
loss_KE in epoch 83: 0.241457, time: 1.0773 s
loss_CG in epoch 84: 2.814443, time: 1.0504 s
loss_KE in epoch 85: 0.228211, time: 1.1024 s
loss_CG in epoch 86: 2.812505, time: 1.0964 s
loss_KE in epoch 87: 0.217017, time: 1.1459 s
loss_CG in epoch 88: 2.810472, time: 1.1216 s
loss_KE in epoch 89: 0.207454, time: 1.1544 s
loss_CG in epoch 90: 2.808801, time: 3.4135 s
loss_KE in epoch 91: 0.217156, time: 4.7466 s
loss_CG in epoch 92: 2.806903, time: 1.0485 s
loss_KE in epoch 93: 0.206828, time: 1.0747 s
loss_CG in epoch 94: 2.804724, time: 1.0481 s
loss_KE in epoch 95: 0.198496, time: 1.0841 s
loss_CG in epoch 96: 2.802987, time: 1.0796 s
loss_KE in epoch 97: 0.191348, time: 1.1355 s
loss_CG in epoch 98: 2.801097, time: 1.1171 s
loss_KE in epoch 99: 0.185125, time: 1.1545 s

epoch 99, checkpoint!
l2r: acc of top [1, 5, 10, 50, 100] = [0.3717 0.5759 0.6472 0.7969 0.8513], mr = 382.623, mrr = 0.467, time = 5.9499 s 
r2l: acc of top [1, 5, 10, 50, 100] = [0.3505 0.5669 0.6446 0.7938 0.8483], mr = 420.720, mrr = 0.451, time = 5.9502 s 

loss_CG in epoch 100: 2.799533, time: 3.3461 s
loss_KE in epoch 101: 0.193661, time: 4.5970 s
loss_CG in epoch 102: 2.797735, time: 1.0543 s
loss_KE in epoch 103: 0.186302, time: 1.0745 s
loss_CG in epoch 104: 2.795789, time: 1.0484 s
loss_KE in epoch 105: 0.180175, time: 1.0749 s
loss_CG in epoch 106: 2.794094, time: 1.0619 s
loss_KE in epoch 107: 0.174866, time: 1.1174 s
loss_CG in epoch 108: 2.792325, time: 1.1110 s
loss_KE in epoch 109: 0.170189, time: 1.1538 s
loss_CG in epoch 110: 2.790784, time: 3.4028 s
loss_KE in epoch 111: 0.176387, time: 4.5453 s
loss_CG in epoch 112: 2.789095, time: 1.0470 s
loss_KE in epoch 113: 0.170412, time: 1.0749 s
loss_CG in epoch 114: 2.787177, time: 1.0459 s
loss_KE in epoch 115: 0.165444, time: 1.0940 s
loss_CG in epoch 116: 2.785604, time: 1.0934 s
loss_KE in epoch 117: 0.161156, time: 1.1467 s
loss_CG in epoch 118: 2.783860, time: 1.1206 s
loss_KE in epoch 119: 0.157365, time: 1.1539 s
loss_CG in epoch 120: 2.782390, time: 3.3827 s
loss_KE in epoch 121: 0.166015, time: 4.5687 s
loss_CG in epoch 122: 2.780729, time: 1.0474 s
loss_KE in epoch 123: 0.161178, time: 1.0742 s
loss_CG in epoch 124: 2.778939, time: 1.0473 s
loss_KE in epoch 125: 0.157110, time: 1.0958 s
loss_CG in epoch 126: 2.777410, time: 1.0874 s
loss_KE in epoch 127: 0.153553, time: 1.1419 s
loss_CG in epoch 128: 2.775735, time: 1.1197 s
loss_KE in epoch 129: 0.150364, time: 1.1528 s
loss_CG in epoch 130: 2.774290, time: 3.4262 s
loss_KE in epoch 131: 0.163451, time: 4.5001 s
loss_CG in epoch 132: 2.772679, time: 1.0440 s
loss_KE in epoch 133: 0.159040, time: 1.0734 s
loss_CG in epoch 134: 2.770933, time: 1.0483 s
loss_KE in epoch 135: 0.155371, time: 1.0931 s
loss_CG in epoch 136: 2.769434, time: 1.0888 s
loss_KE in epoch 137: 0.152161, time: 1.1400 s
loss_CG in epoch 138: 2.767804, time: 1.1168 s
loss_KE in epoch 139: 0.149268, time: 1.1541 s
loss_CG in epoch 140: 2.766377, time: 3.3833 s
loss_KE in epoch 141: 0.153702, time: 4.7066 s
loss_CG in epoch 142: 2.764820, time: 1.0465 s
loss_KE in epoch 143: 0.149829, time: 1.0734 s
loss_CG in epoch 144: 2.763130, time: 1.0490 s
loss_KE in epoch 145: 0.146572, time: 1.0977 s
loss_CG in epoch 146: 2.761665, time: 1.0913 s
loss_KE in epoch 147: 0.143685, time: 1.1465 s
loss_CG in epoch 148: 2.760079, time: 1.1194 s
loss_KE in epoch 149: 0.141080, time: 1.1538 s
loss_CG in epoch 150: 2.758692, time: 3.3942 s
loss_KE in epoch 151: 0.148190, time: 4.6134 s
loss_CG in epoch 152: 2.757149, time: 1.0478 s
loss_KE in epoch 153: 0.144698, time: 1.0742 s
loss_CG in epoch 154: 2.755487, time: 1.0481 s
loss_KE in epoch 155: 0.141733, time: 1.0958 s
loss_CG in epoch 156: 2.754053, time: 1.0837 s
loss_KE in epoch 157: 0.139112, time: 1.1428 s
loss_CG in epoch 158: 2.752504, time: 1.1185 s
loss_KE in epoch 159: 0.136746, time: 1.1526 s
loss_CG in epoch 160: 2.751121, time: 3.3868 s
loss_KE in epoch 161: 0.143385, time: 4.7781 s
loss_CG in epoch 162: 2.749610, time: 1.0440 s
loss_KE in epoch 163: 0.140146, time: 1.0737 s
loss_CG in epoch 164: 2.747978, time: 1.0472 s
loss_KE in epoch 165: 0.137396, time: 1.0951 s
loss_CG in epoch 166: 2.746569, time: 1.0904 s
loss_KE in epoch 167: 0.134960, time: 1.1465 s
loss_CG in epoch 168: 2.745009, time: 1.1178 s
loss_KE in epoch 169: 0.132771, time: 1.1535 s
loss_CG in epoch 170: 2.743664, time: 3.3963 s
loss_KE in epoch 171: 0.143216, time: 4.7337 s
loss_CG in epoch 172: 2.742168, time: 1.0469 s
loss_KE in epoch 173: 0.140118, time: 1.0735 s
loss_CG in epoch 174: 2.740606, time: 1.0446 s
loss_KE in epoch 175: 0.137466, time: 1.0882 s
loss_CG in epoch 176: 2.739208, time: 1.0861 s
loss_KE in epoch 177: 0.135131, time: 1.1359 s
loss_CG in epoch 178: 2.737688, time: 1.1155 s
loss_KE in epoch 179: 0.133013, time: 1.1547 s
loss_CG in epoch 180: 2.736354, time: 3.3819 s
loss_KE in epoch 181: 0.137908, time: 4.6071 s
loss_CG in epoch 182: 2.734873, time: 1.0474 s
loss_KE in epoch 183: 0.135033, time: 1.0753 s
loss_CG in epoch 184: 2.733313, time: 1.0478 s
loss_KE in epoch 185: 0.132573, time: 1.0886 s
loss_CG in epoch 186: 2.731916, time: 1.0821 s
loss_KE in epoch 187: 0.130400, time: 1.1361 s
loss_CG in epoch 188: 2.730419, time: 1.1172 s
loss_KE in epoch 189: 0.128440, time: 1.1533 s
loss_CG in epoch 190: 2.729071, time: 3.3749 s
loss_KE in epoch 191: 0.134731, time: 4.6437 s
loss_CG in epoch 192: 2.727611, time: 1.0444 s
loss_KE in epoch 193: 0.131977, time: 1.0739 s
loss_CG in epoch 194: 2.726088, time: 1.0530 s
loss_KE in epoch 195: 0.129605, time: 1.1106 s
loss_CG in epoch 196: 2.724733, time: 1.1079 s
loss_KE in epoch 197: 0.127521, time: 1.1554 s
loss_CG in epoch 198: 2.723261, time: 1.1169 s
loss_KE in epoch 199: 0.125651, time: 1.1517 s

epoch 199, checkpoint!
l2r: acc of top [1, 5, 10, 50, 100] = [0.3991 0.6026 0.6703 0.8112 0.8632], mr = 317.921, mrr = 0.493, time = 5.9318 s 
r2l: acc of top [1, 5, 10, 50, 100] = [0.3847 0.5971 0.6708 0.8119 0.8609], mr = 364.468, mrr = 0.482, time = 5.9321 s 

loss_CG in epoch 200: 2.721943, time: 3.3470 s
loss_KE in epoch 201: 0.133816, time: 4.8562 s
loss_CG in epoch 202: 2.720497, time: 1.0479 s
loss_KE in epoch 203: 0.131183, time: 1.0739 s
loss_CG in epoch 204: 2.718963, time: 1.0448 s
loss_KE in epoch 205: 0.128938, time: 1.0750 s
loss_CG in epoch 206: 2.717630, time: 1.0497 s
loss_KE in epoch 207: 0.126945, time: 1.1024 s
loss_CG in epoch 208: 2.716152, time: 1.0917 s
loss_KE in epoch 209: 0.125141, time: 1.1477 s
loss_CG in epoch 210: 2.714836, time: 3.3823 s
loss_KE in epoch 211: 0.131854, time: 4.5104 s
loss_CG in epoch 212: 2.713387, time: 1.0473 s
loss_KE in epoch 213: 0.129342, time: 1.0737 s
loss_CG in epoch 214: 2.711891, time: 1.0526 s
loss_KE in epoch 215: 0.127185, time: 1.1028 s
loss_CG in epoch 216: 2.710530, time: 1.0936 s
loss_KE in epoch 217: 0.125298, time: 1.1491 s
loss_CG in epoch 218: 2.709071, time: 1.1181 s
loss_KE in epoch 219: 0.123595, time: 1.1524 s
loss_CG in epoch 220: 2.707753, time: 3.3851 s
loss_KE in epoch 221: 0.129704, time: 4.5157 s
loss_CG in epoch 222: 2.706332, time: 1.0441 s
loss_KE in epoch 223: 0.127228, time: 1.0740 s
loss_CG in epoch 224: 2.704819, time: 1.0484 s
loss_KE in epoch 225: 0.125097, time: 1.0975 s
loss_CG in epoch 226: 2.703490, time: 1.0942 s
loss_KE in epoch 227: 0.123210, time: 1.1459 s
loss_CG in epoch 228: 2.702018, time: 1.1164 s
loss_KE in epoch 229: 0.121515, time: 1.1518 s
loss_CG in epoch 230: 2.700717, time: 3.3786 s
loss_KE in epoch 231: 0.129101, time: 4.6624 s
loss_CG in epoch 232: 2.699274, time: 1.0472 s
loss_KE in epoch 233: 0.126687, time: 1.0733 s
loss_CG in epoch 234: 2.697818, time: 1.0453 s
loss_KE in epoch 235: 0.124619, time: 1.0946 s
loss_CG in epoch 236: 2.696465, time: 1.0899 s
loss_KE in epoch 237: 0.122804, time: 1.1477 s
loss_CG in epoch 238: 2.695037, time: 1.1198 s
loss_KE in epoch 239: 0.121168, time: 1.1560 s
loss_CG in epoch 240: 2.693712, time: 3.3886 s
loss_KE in epoch 241: 0.128939, time: 4.7260 s
loss_CG in epoch 242: 2.692321, time: 1.0471 s
loss_KE in epoch 243: 0.126570, time: 1.0743 s
loss_CG in epoch 244: 2.690820, time: 1.0473 s
loss_KE in epoch 245: 0.124511, time: 1.0862 s
loss_CG in epoch 246: 2.689524, time: 1.0821 s
loss_KE in epoch 247: 0.122693, time: 1.1353 s
loss_CG in epoch 248: 2.688052, time: 1.1151 s
loss_KE in epoch 249: 0.121052, time: 1.1528 s
loss_CG in epoch 250: 2.686765, time: 3.3824 s
loss_KE in epoch 251: 0.125058, time: 4.6940 s
loss_CG in epoch 252: 2.685315, time: 1.0443 s
loss_KE in epoch 253: 0.122818, time: 1.0731 s
loss_CG in epoch 254: 2.683849, time: 1.0492 s
loss_KE in epoch 255: 0.120870, time: 1.1069 s
loss_CG in epoch 256: 2.682498, time: 1.0999 s
loss_KE in epoch 257: 0.119151, time: 1.1477 s
loss_CG in epoch 258: 2.681075, time: 1.1169 s
loss_KE in epoch 259: 0.117590, time: 1.1520 s
loss_CG in epoch 260: 2.679726, time: 3.3803 s
loss_KE in epoch 261: 0.126302, time: 4.7914 s
loss_CG in epoch 262: 2.678326, time: 1.0468 s
loss_KE in epoch 263: 0.124072, time: 1.0731 s
loss_CG in epoch 264: 2.676839, time: 1.0443 s
loss_KE in epoch 265: 0.122175, time: 1.0887 s
loss_CG in epoch 266: 2.675523, time: 1.0865 s
loss_KE in epoch 267: 0.120506, time: 1.1404 s
loss_CG in epoch 268: 2.674064, time: 1.1210 s
loss_KE in epoch 269: 0.119008, time: 1.1527 s
loss_CG in epoch 270: 2.672757, time: 3.3780 s
loss_KE in epoch 271: 0.125018, time: 4.7724 s
loss_CG in epoch 272: 2.671335, time: 1.0469 s
loss_KE in epoch 273: 0.122892, time: 1.0735 s
loss_CG in epoch 274: 2.669909, time: 1.0467 s
loss_KE in epoch 275: 0.121035, time: 1.0881 s
loss_CG in epoch 276: 2.668541, time: 1.0816 s
loss_KE in epoch 277: 0.119395, time: 1.1345 s
loss_CG in epoch 278: 2.667131, time: 1.1165 s
loss_KE in epoch 279: 0.117906, time: 1.1539 s
loss_CG in epoch 280: 2.665775, time: 3.3785 s
loss_KE in epoch 281: 0.124208, time: 4.4548 s
loss_CG in epoch 282: 2.664366, time: 1.0446 s
loss_KE in epoch 283: 0.122167, time: 1.0742 s
loss_CG in epoch 284: 2.662893, time: 1.0538 s
loss_KE in epoch 285: 0.120379, time: 1.1058 s
loss_CG in epoch 286: 2.661566, time: 1.0991 s
loss_KE in epoch 287: 0.118783, time: 1.1483 s
loss_CG in epoch 288: 2.660115, time: 1.1182 s
loss_KE in epoch 289: 0.117335, time: 1.1539 s
loss_CG in epoch 290: 2.658797, time: 3.3834 s
loss_KE in epoch 291: 0.123235, time: 4.5402 s
loss_CG in epoch 292: 2.657353, time: 1.0466 s
loss_KE in epoch 293: 0.121164, time: 1.0743 s
loss_CG in epoch 294: 2.655925, time: 1.0461 s
loss_KE in epoch 295: 0.119353, time: 1.1038 s
loss_CG in epoch 296: 2.654566, time: 1.1019 s
loss_KE in epoch 297: 0.117762, time: 1.1482 s
loss_CG in epoch 298: 2.653121, time: 1.1202 s
loss_KE in epoch 299: 0.116307, time: 1.1541 s

epoch 299, checkpoint!
l2r: acc of top [1, 5, 10, 50, 100] = [0.4144 0.6172 0.6854 0.8199 0.8675], mr = 276.558, mrr = 0.508, time = 5.9521 s 
r2l: acc of top [1, 5, 10, 50, 100] = [0.402  0.6116 0.6821 0.8173 0.8643], mr = 326.654, mrr = 0.499, time = 5.9524 s 

loss_CG in epoch 300: 2.651781, time: 3.3492 s
loss_KE in epoch 301: 0.123025, time: 4.5996 s
loss_CG in epoch 302: 2.650358, time: 1.0475 s
loss_KE in epoch 303: 0.121033, time: 1.0739 s
loss_CG in epoch 304: 2.648896, time: 1.0477 s
loss_KE in epoch 305: 0.119291, time: 1.0740 s
loss_CG in epoch 306: 2.647532, time: 1.0446 s
loss_KE in epoch 307: 0.117741, time: 1.0940 s
loss_CG in epoch 308: 2.646093, time: 1.0913 s
loss_KE in epoch 309: 0.116338, time: 1.1447 s
loss_CG in epoch 310: 2.644735, time: 3.3737 s
loss_KE in epoch 311: 0.123508, time: 4.6912 s
loss_CG in epoch 312: 2.643310, time: 1.0450 s
loss_KE in epoch 313: 0.121575, time: 1.0745 s
loss_CG in epoch 314: 2.641846, time: 1.0482 s
loss_KE in epoch 315: 0.119869, time: 1.0974 s
loss_CG in epoch 316: 2.640492, time: 1.0930 s
loss_KE in epoch 317: 0.118351, time: 1.1487 s
loss_CG in epoch 318: 2.639038, time: 1.1175 s
loss_KE in epoch 319: 0.116976, time: 1.1529 s
loss_CG in epoch 320: 2.637691, time: 3.3843 s
loss_KE in epoch 321: 0.121889, time: 4.6718 s
loss_CG in epoch 322: 2.636275, time: 1.0466 s
loss_KE in epoch 323: 0.119973, time: 1.0730 s
loss_CG in epoch 324: 2.634816, time: 1.0506 s
loss_KE in epoch 325: 0.118290, time: 1.1046 s
loss_CG in epoch 326: 2.633462, time: 1.1037 s
loss_KE in epoch 327: 0.116795, time: 1.1479 s
loss_CG in epoch 328: 2.632006, time: 1.1186 s
loss_KE in epoch 329: 0.115438, time: 1.1529 s
loss_CG in epoch 330: 2.630655, time: 3.3762 s
loss_KE in epoch 331: 0.122324, time: 4.6618 s
loss_CG in epoch 332: 2.629227, time: 1.0464 s
loss_KE in epoch 333: 0.120426, time: 1.0732 s
loss_CG in epoch 334: 2.627782, time: 1.0475 s
loss_KE in epoch 335: 0.118754, time: 1.0802 s
loss_CG in epoch 336: 2.626413, time: 1.0750 s
loss_KE in epoch 337: 0.117273, time: 1.1369 s
loss_CG in epoch 338: 2.624978, time: 1.1166 s
loss_KE in epoch 339: 0.115925, time: 1.1546 s
loss_CG in epoch 340: 2.623611, time: 3.3754 s
loss_KE in epoch 341: 0.119969, time: 4.6179 s
loss_CG in epoch 342: 2.622175, time: 1.0439 s
loss_KE in epoch 343: 0.118135, time: 1.0733 s
loss_CG in epoch 344: 2.620719, time: 1.0597 s
loss_KE in epoch 345: 0.116513, time: 1.1069 s
loss_CG in epoch 346: 2.619328, time: 1.0992 s
loss_KE in epoch 347: 0.115063, time: 1.1474 s
loss_CG in epoch 348: 2.617895, time: 1.1189 s
loss_KE in epoch 349: 0.113748, time: 1.1538 s
loss_CG in epoch 350: 2.616505, time: 3.3772 s
loss_KE in epoch 351: 0.119446, time: 5.0759 s
loss_CG in epoch 352: 2.615093, time: 1.0469 s
loss_KE in epoch 353: 0.117630, time: 1.0735 s
loss_CG in epoch 354: 2.613612, time: 1.0442 s
loss_KE in epoch 355: 0.116025, time: 1.0782 s
loss_CG in epoch 356: 2.612264, time: 1.0791 s
loss_KE in epoch 357: 0.114595, time: 1.1340 s
loss_CG in epoch 358: 2.610786, time: 1.1164 s
loss_KE in epoch 359: 0.113296, time: 1.1531 s
loss_CG in epoch 360: 2.609427, time: 3.3905 s
loss_KE in epoch 361: 0.118246, time: 4.8155 s
loss_CG in epoch 362: 2.607969, time: 1.0465 s
loss_KE in epoch 363: 0.116471, time: 1.0738 s
loss_CG in epoch 364: 2.606526, time: 1.0486 s
loss_KE in epoch 365: 0.114890, time: 1.0908 s
loss_CG in epoch 366: 2.605137, time: 1.0803 s
loss_KE in epoch 367: 0.113469, time: 1.1427 s
loss_CG in epoch 368: 2.603704, time: 1.1198 s
loss_KE in epoch 369: 0.112168, time: 1.1532 s
loss_CG in epoch 370: 2.602307, time: 3.3950 s
loss_KE in epoch 371: 0.118492, time: 4.6648 s
loss_CG in epoch 372: 2.600889, time: 1.0442 s
loss_KE in epoch 373: 0.116795, time: 1.0733 s
loss_CG in epoch 374: 2.599406, time: 1.0527 s
loss_KE in epoch 375: 0.115270, time: 1.1010 s
loss_CG in epoch 376: 2.598064, time: 1.0946 s
loss_KE in epoch 377: 0.113905, time: 1.1481 s
loss_CG in epoch 378: 2.596575, time: 1.1165 s
loss_KE in epoch 379: 0.112648, time: 1.1533 s
loss_CG in epoch 380: 2.595235, time: 3.3874 s
loss_KE in epoch 381: 0.121041, time: 4.4852 s
loss_CG in epoch 382: 2.593746, time: 1.0475 s
loss_KE in epoch 383: 0.119295, time: 1.0732 s
loss_CG in epoch 384: 2.592301, time: 1.0564 s
loss_KE in epoch 385: 0.117735, time: 1.1141 s
loss_CG in epoch 386: 2.590871, time: 1.1063 s
loss_KE in epoch 387: 0.116334, time: 1.1513 s
loss_CG in epoch 388: 2.589430, time: 1.1191 s
loss_KE in epoch 389: 0.115061, time: 1.1519 s
loss_CG in epoch 390: 2.587988, time: 3.3773 s
loss_KE in epoch 391: 0.116971, time: 4.5991 s
loss_CG in epoch 392: 2.586568, time: 1.0476 s
loss_KE in epoch 393: 0.115302, time: 1.0731 s
loss_CG in epoch 394: 2.585042, time: 1.0492 s
loss_KE in epoch 395: 0.113800, time: 1.0995 s
loss_CG in epoch 396: 2.583669, time: 1.0849 s
loss_KE in epoch 397: 0.112442, time: 1.1395 s
loss_CG in epoch 398: 2.582157, time: 1.1213 s
loss_KE in epoch 399: 0.111200, time: 1.1538 s

epoch 399, checkpoint!
l2r: acc of top [1, 5, 10, 50, 100] = [0.4261 0.6217 0.6911 0.8251 0.8718], mr = 244.753, mrr = 0.517, time = 5.9569 s 
r2l: acc of top [1, 5, 10, 50, 100] = [0.4075 0.6161 0.6873 0.8222 0.8676], mr = 295.541, mrr = 0.504, time = 5.9572 s 

loss_CG in epoch 400: 2.580782, time: 3.3371 s
loss_KE in epoch 401: 0.117992, time: 4.5889 s
loss_CG in epoch 402: 2.579293, time: 1.0452 s
loss_KE in epoch 403: 0.116346, time: 1.0752 s
loss_CG in epoch 404: 2.577825, time: 1.0481 s
loss_KE in epoch 405: 0.114865, time: 1.0760 s
loss_CG in epoch 406: 2.576395, time: 1.0625 s
loss_KE in epoch 407: 0.113536, time: 1.1152 s
loss_CG in epoch 408: 2.574927, time: 1.1051 s
loss_KE in epoch 409: 0.112317, time: 1.1526 s
loss_CG in epoch 410: 2.573491, time: 3.3844 s
loss_KE in epoch 411: 0.118790, time: 4.7881 s
loss_CG in epoch 412: 2.572030, time: 1.0474 s
loss_KE in epoch 413: 0.117118, time: 1.0735 s
loss_CG in epoch 414: 2.570522, time: 1.0454 s
loss_KE in epoch 415: 0.115637, time: 1.0927 s
loss_CG in epoch 416: 2.569109, time: 1.0898 s
loss_KE in epoch 417: 0.114300, time: 1.1444 s
loss_CG in epoch 418: 2.567602, time: 1.1205 s
loss_KE in epoch 419: 0.113074, time: 1.1542 s
loss_CG in epoch 420: 2.566183, time: 3.3823 s
loss_KE in epoch 421: 0.116990, time: 4.6945 s
loss_CG in epoch 422: 2.564698, time: 1.0470 s
loss_KE in epoch 423: 0.115344, time: 1.0748 s
loss_CG in epoch 424: 2.563174, time: 1.0479 s
loss_KE in epoch 425: 0.113868, time: 1.0849 s
loss_CG in epoch 426: 2.561754, time: 1.0797 s
loss_KE in epoch 427: 0.112540, time: 1.1372 s
loss_CG in epoch 428: 2.560235, time: 1.1191 s
loss_KE in epoch 429: 0.111325, time: 1.1525 s
loss_CG in epoch 430: 2.558795, time: 3.3784 s
loss_KE in epoch 431: 0.118529, time: 4.4648 s
loss_CG in epoch 432: 2.557318, time: 1.0440 s
loss_KE in epoch 433: 0.116909, time: 1.0747 s
loss_CG in epoch 434: 2.555806, time: 1.0525 s
loss_KE in epoch 435: 0.115449, time: 1.1050 s
loss_CG in epoch 436: 2.554381, time: 1.0940 s
loss_KE in epoch 437: 0.114140, time: 1.1456 s
loss_CG in epoch 438: 2.552866, time: 1.1180 s
loss_KE in epoch 439: 0.112939, time: 1.1544 s
loss_CG in epoch 440: 2.551437, time: 3.3775 s
loss_KE in epoch 441: 0.116222, time: 4.7424 s
loss_CG in epoch 442: 2.549930, time: 1.0472 s
loss_KE in epoch 443: 0.114608, time: 1.0748 s
loss_CG in epoch 444: 2.548392, time: 1.0487 s
loss_KE in epoch 445: 0.113168, time: 1.0982 s
loss_CG in epoch 446: 2.546942, time: 1.0917 s
loss_KE in epoch 447: 0.111860, time: 1.1468 s
loss_CG in epoch 448: 2.545414, time: 1.1205 s
loss_KE in epoch 449: 0.110665, time: 1.1540 s
loss_CG in epoch 450: 2.543952, time: 3.3928 s
loss_KE in epoch 451: 0.119060, time: 4.6548 s
loss_CG in epoch 452: 2.542470, time: 1.0470 s
loss_KE in epoch 453: 0.117471, time: 1.0740 s
loss_CG in epoch 454: 2.540910, time: 1.0479 s
loss_KE in epoch 455: 0.116021, time: 1.0934 s
loss_CG in epoch 456: 2.539491, time: 1.0810 s
loss_KE in epoch 457: 0.114720, time: 1.1384 s
loss_CG in epoch 458: 2.537934, time: 1.1197 s
loss_KE in epoch 459: 0.113518, time: 1.1520 s
loss_CG in epoch 460: 2.536494, time: 3.3791 s
loss_KE in epoch 461: 0.117496, time: 4.8416 s
loss_CG in epoch 462: 2.534951, time: 1.0434 s
loss_KE in epoch 463: 0.115924, time: 1.0728 s
loss_CG in epoch 464: 2.533419, time: 1.0483 s
loss_KE in epoch 465: 0.114498, time: 1.0938 s
loss_CG in epoch 466: 2.531944, time: 1.0840 s
loss_KE in epoch 467: 0.113206, time: 1.1351 s
loss_CG in epoch 468: 2.530406, time: 1.1117 s
loss_KE in epoch 469: 0.112011, time: 1.1532 s
loss_CG in epoch 470: 2.528924, time: 3.3895 s
loss_KE in epoch 471: 0.116268, time: 4.7629 s
loss_CG in epoch 472: 2.527427, time: 1.0471 s
loss_KE in epoch 473: 0.114661, time: 1.0736 s
loss_CG in epoch 474: 2.525865, time: 1.0464 s
loss_KE in epoch 475: 0.113204, time: 1.1038 s
loss_CG in epoch 476: 2.524400, time: 1.0930 s
loss_KE in epoch 477: 0.111868, time: 1.1466 s
loss_CG in epoch 478: 2.522863, time: 1.1202 s
loss_KE in epoch 479: 0.110638, time: 1.1555 s
loss_CG in epoch 480: 2.521379, time: 3.3832 s
loss_KE in epoch 481: 0.118260, time: 4.5939 s
loss_CG in epoch 482: 2.519871, time: 1.0473 s
loss_KE in epoch 483: 0.116653, time: 1.0740 s
loss_CG in epoch 484: 2.518298, time: 1.0494 s
loss_KE in epoch 485: 0.115185, time: 1.1000 s
loss_CG in epoch 486: 2.516851, time: 1.0842 s
loss_KE in epoch 487: 0.113863, time: 1.1420 s
loss_CG in epoch 488: 2.515280, time: 1.1213 s
loss_KE in epoch 489: 0.112638, time: 1.1518 s
loss_CG in epoch 490: 2.513817, time: 3.3774 s
loss_KE in epoch 491: 0.117298, time: 4.5819 s
loss_CG in epoch 492: 2.512263, time: 1.0447 s
loss_KE in epoch 493: 0.115788, time: 1.0738 s
loss_CG in epoch 494: 2.510692, time: 1.0515 s
loss_KE in epoch 495: 0.114403, time: 1.1082 s
loss_CG in epoch 496: 2.509202, time: 1.1003 s
loss_KE in epoch 497: 0.113145, time: 1.1471 s
loss_CG in epoch 498: 2.507625, time: 1.1186 s
loss_KE in epoch 499: 0.111984, time: 1.1528 s

epoch 499, checkpoint!
l2r: acc of top [1, 5, 10, 50, 100] = [0.433  0.6282 0.6965 0.8291 0.8749], mr = 216.765, mrr = 0.523, time = 5.9461 s 
r2l: acc of top [1, 5, 10, 50, 100] = [0.4159 0.6223 0.6915 0.8267 0.8692], mr = 267.144, mrr = 0.511, time = 5.9464 s 

loss_CG in epoch 500: 2.506110, time: 3.3585 s
loss_KE in epoch 501: 0.116392, time: 4.5655 s
loss_CG in epoch 502: 2.504577, time: 1.0483 s
loss_KE in epoch 503: 0.114785, time: 1.0751 s
loss_CG in epoch 504: 2.502993, time: 1.0454 s
loss_KE in epoch 505: 0.113330, time: 1.0747 s
loss_CG in epoch 506: 2.501507, time: 1.0555 s
loss_KE in epoch 507: 0.112011, time: 1.1101 s
loss_CG in epoch 508: 2.499926, time: 1.1021 s
loss_KE in epoch 509: 0.110802, time: 1.1480 s
loss_CG in epoch 510: 2.498401, time: 3.3694 s
loss_KE in epoch 511: 0.118159, time: 4.5818 s
loss_CG in epoch 512: 2.496879, time: 1.0473 s
loss_KE in epoch 513: 0.116594, time: 1.0737 s
loss_CG in epoch 514: 2.495261, time: 1.0480 s
loss_KE in epoch 515: 0.115155, time: 1.0935 s
loss_CG in epoch 516: 2.493782, time: 1.0847 s
loss_KE in epoch 517: 0.113844, time: 1.1431 s
loss_CG in epoch 518: 2.492177, time: 1.1187 s
loss_KE in epoch 519: 0.112628, time: 1.1523 s
loss_CG in epoch 520: 2.490671, time: 3.3790 s
loss_KE in epoch 521: 0.115817, time: 4.7902 s
loss_CG in epoch 522: 2.489096, time: 1.0446 s
loss_KE in epoch 523: 0.114259, time: 1.0732 s
loss_CG in epoch 524: 2.487476, time: 1.0517 s
loss_KE in epoch 525: 0.112824, time: 1.1094 s
loss_CG in epoch 526: 2.485974, time: 1.1007 s
loss_KE in epoch 527: 0.111518, time: 1.1476 s
loss_CG in epoch 528: 2.484354, time: 1.1174 s
loss_KE in epoch 529: 0.110314, time: 1.1525 s
loss_CG in epoch 530: 2.482818, time: 3.3710 s
loss_KE in epoch 531: 0.114306, time: 4.7129 s
loss_CG in epoch 532: 2.481255, time: 1.0480 s
loss_KE in epoch 533: 0.112742, time: 1.0738 s
loss_CG in epoch 534: 2.479626, time: 1.0447 s
loss_KE in epoch 535: 0.111300, time: 1.0890 s
loss_CG in epoch 536: 2.478117, time: 1.0864 s
loss_KE in epoch 537: 0.109991, time: 1.1370 s
loss_CG in epoch 538: 2.476486, time: 1.1169 s
loss_KE in epoch 539: 0.108784, time: 1.1545 s
loss_CG in epoch 540: 2.474941, time: 3.3770 s
loss_KE in epoch 541: 0.115883, time: 4.5100 s
loss_CG in epoch 542: 2.473370, time: 1.0466 s
loss_KE in epoch 543: 0.114308, time: 1.0730 s
loss_CG in epoch 544: 2.471728, time: 1.0497 s
loss_KE in epoch 545: 0.112862, time: 1.0991 s
loss_CG in epoch 546: 2.470207, time: 1.0843 s
loss_KE in epoch 547: 0.111536, time: 1.1422 s
loss_CG in epoch 548: 2.468573, time: 1.1188 s
loss_KE in epoch 549: 0.110313, time: 1.1526 s
loss_CG in epoch 550: 2.467022, time: 3.3744 s
loss_KE in epoch 551: 0.114120, time: 4.8504 s
loss_CG in epoch 552: 2.465416, time: 1.0439 s
loss_KE in epoch 553: 0.112583, time: 1.0750 s
loss_CG in epoch 554: 2.463763, time: 1.0481 s
loss_KE in epoch 555: 0.111170, time: 1.0964 s
loss_CG in epoch 556: 2.462221, time: 1.0937 s
loss_KE in epoch 557: 0.109876, time: 1.1455 s
loss_CG in epoch 558: 2.460558, time: 1.1155 s
loss_KE in epoch 559: 0.108680, time: 1.1532 s
loss_CG in epoch 560: 2.458990, time: 3.3754 s
loss_KE in epoch 561: 0.114993, time: 4.9212 s
loss_CG in epoch 562: 2.457412, time: 1.0468 s
loss_KE in epoch 563: 0.113395, time: 1.0736 s
loss_CG in epoch 564: 2.455757, time: 1.0447 s
loss_KE in epoch 565: 0.111933, time: 1.0973 s
loss_CG in epoch 566: 2.454215, time: 1.0909 s
loss_KE in epoch 567: 0.110592, time: 1.1413 s
loss_CG in epoch 568: 2.452581, time: 1.1193 s
loss_KE in epoch 569: 0.109355, time: 1.1530 s
loss_CG in epoch 570: 2.450991, time: 3.3806 s
loss_KE in epoch 571: 0.113421, time: 4.6484 s
loss_CG in epoch 572: 2.449423, time: 1.0477 s
loss_KE in epoch 573: 0.111854, time: 1.0739 s
loss_CG in epoch 574: 2.447714, time: 1.0478 s
loss_KE in epoch 575: 0.110410, time: 1.0864 s
loss_CG in epoch 576: 2.446219, time: 1.0807 s
loss_KE in epoch 577: 0.109091, time: 1.1383 s
loss_CG in epoch 578: 2.444525, time: 1.1214 s
loss_KE in epoch 579: 0.107871, time: 1.1552 s
loss_CG in epoch 580: 2.442975, time: 3.3813 s
loss_KE in epoch 581: 0.114851, time: 4.6155 s
loss_CG in epoch 582: 2.441373, time: 1.0446 s
loss_KE in epoch 583: 0.113314, time: 1.0740 s
loss_CG in epoch 584: 2.439663, time: 1.0516 s
loss_KE in epoch 585: 0.111889, time: 1.0989 s
loss_CG in epoch 586: 2.438143, time: 1.0873 s
loss_KE in epoch 587: 0.110604, time: 1.1435 s
loss_CG in epoch 588: 2.436451, time: 1.1167 s
loss_KE in epoch 589: 0.109426, time: 1.1537 s
loss_CG in epoch 590: 2.434883, time: 3.3815 s
loss_KE in epoch 591: 0.112560, time: 4.8366 s
loss_CG in epoch 592: 2.433251, time: 1.0470 s
loss_KE in epoch 593: 0.110991, time: 1.0737 s
loss_CG in epoch 594: 2.431550, time: 1.0457 s
loss_KE in epoch 595: 0.109541, time: 1.1001 s
loss_CG in epoch 596: 2.430007, time: 1.0888 s
loss_KE in epoch 597: 0.108213, time: 1.1385 s
loss_CG in epoch 598: 2.428313, time: 1.1197 s
loss_KE in epoch 599: 0.106997, time: 1.1522 s

epoch 599, checkpoint!
l2r: acc of top [1, 5, 10, 50, 100] = [0.4346 0.6294 0.6981 0.8318 0.877 ], mr = 195.087, mrr = 0.525, time = 5.9582 s 
r2l: acc of top [1, 5, 10, 50, 100] = [0.4205 0.6258 0.6938 0.8272 0.8717], mr = 244.527, mrr = 0.515, time = 5.9585 s 

loss_CG in epoch 600: 2.426719, time: 3.3371 s
loss_KE in epoch 601: 0.113651, time: 4.7107 s
loss_CG in epoch 602: 2.425105, time: 1.0468 s
loss_KE in epoch 603: 0.112122, time: 1.0731 s
loss_CG in epoch 604: 2.423369, time: 1.0487 s
loss_KE in epoch 605: 0.110702, time: 1.0746 s
loss_CG in epoch 606: 2.421832, time: 1.0467 s
loss_KE in epoch 607: 0.109398, time: 1.1077 s
loss_CG in epoch 608: 2.420105, time: 1.1049 s
loss_KE in epoch 609: 0.108193, time: 1.1538 s
loss_CG in epoch 610: 2.418515, time: 3.3846 s
loss_KE in epoch 611: 0.112700, time: 4.5161 s
loss_CG in epoch 612: 2.416865, time: 1.0449 s
loss_KE in epoch 613: 0.111198, time: 1.0732 s
loss_CG in epoch 614: 2.415135, time: 1.0502 s
loss_KE in epoch 615: 0.109795, time: 1.1002 s
loss_CG in epoch 616: 2.413561, time: 1.0958 s
loss_KE in epoch 617: 0.108506, time: 1.1462 s
loss_CG in epoch 618: 2.411839, time: 1.1147 s
loss_KE in epoch 619: 0.107323, time: 1.1508 s
loss_CG in epoch 620: 2.410207, time: 3.3853 s
loss_KE in epoch 621: 0.112247, time: 4.6754 s
loss_CG in epoch 622: 2.408588, time: 1.0466 s
loss_KE in epoch 623: 0.110781, time: 1.0733 s
loss_CG in epoch 624: 2.406832, time: 1.0451 s
loss_KE in epoch 625: 0.109393, time: 1.1034 s
loss_CG in epoch 626: 2.405295, time: 1.0920 s
loss_KE in epoch 627: 0.108122, time: 1.1469 s
loss_CG in epoch 628: 2.403548, time: 1.1187 s
loss_KE in epoch 629: 0.106968, time: 1.1511 s
loss_CG in epoch 630: 2.401957, time: 3.3799 s
loss_KE in epoch 631: 0.114654, time: 4.8131 s
loss_CG in epoch 632: 2.400305, time: 1.0481 s
loss_KE in epoch 633: 0.113149, time: 1.0745 s
loss_CG in epoch 634: 2.398538, time: 1.0496 s
loss_KE in epoch 635: 0.111734, time: 1.0867 s
loss_CG in epoch 636: 2.396972, time: 1.0883 s
loss_KE in epoch 637: 0.110439, time: 1.1464 s
loss_CG in epoch 638: 2.395220, time: 1.1176 s
loss_KE in epoch 639: 0.109238, time: 1.1532 s
loss_CG in epoch 640: 2.393600, time: 3.3826 s
loss_KE in epoch 641: 0.113794, time: 4.5970 s
loss_CG in epoch 642: 2.391946, time: 1.0448 s
loss_KE in epoch 643: 0.112281, time: 1.0751 s
loss_CG in epoch 644: 2.390182, time: 1.0505 s
loss_KE in epoch 645: 0.110849, time: 1.1044 s
loss_CG in epoch 646: 2.388620, time: 1.0924 s
loss_KE in epoch 647: 0.109547, time: 1.1446 s
loss_CG in epoch 648: 2.386864, time: 1.1165 s
loss_KE in epoch 649: 0.108350, time: 1.1536 s
loss_CG in epoch 650: 2.385242, time: 3.3943 s
loss_KE in epoch 651: 0.111443, time: 4.6480 s
loss_CG in epoch 652: 2.383569, time: 1.0471 s
loss_KE in epoch 653: 0.109955, time: 1.0736 s
loss_CG in epoch 654: 2.381802, time: 1.0467 s
loss_KE in epoch 655: 0.108569, time: 1.1002 s
loss_CG in epoch 656: 2.380223, time: 1.0891 s
loss_KE in epoch 657: 0.107294, time: 1.1390 s
loss_CG in epoch 658: 2.378457, time: 1.1226 s
loss_KE in epoch 659: 0.106121, time: 1.1535 s
loss_CG in epoch 660: 2.376816, time: 3.3874 s
loss_KE in epoch 661: 0.110866, time: 4.8484 s
loss_CG in epoch 662: 2.375165, time: 1.0465 s
loss_KE in epoch 663: 0.109364, time: 1.0735 s
loss_CG in epoch 664: 2.373362, time: 1.0471 s
loss_KE in epoch 665: 0.107962, time: 1.0887 s
loss_CG in epoch 666: 2.371791, time: 1.0828 s
loss_KE in epoch 667: 0.106679, time: 1.1358 s
loss_CG in epoch 668: 2.370013, time: 1.1165 s
loss_KE in epoch 669: 0.105504, time: 1.1520 s
loss_CG in epoch 670: 2.368365, time: 3.3741 s
loss_KE in epoch 671: 0.113036, time: 4.7307 s
loss_CG in epoch 672: 2.366704, time: 1.0442 s
loss_KE in epoch 673: 0.111589, time: 1.0734 s
loss_CG in epoch 674: 2.364886, time: 1.0480 s
loss_KE in epoch 675: 0.110227, time: 1.0985 s
loss_CG in epoch 676: 2.363319, time: 1.0878 s
loss_KE in epoch 677: 0.108974, time: 1.1435 s
loss_CG in epoch 678: 2.361518, time: 1.1149 s
loss_KE in epoch 679: 0.107831, time: 1.1514 s
loss_CG in epoch 680: 2.359877, time: 3.3906 s
loss_KE in epoch 681: 0.112056, time: 4.6902 s
loss_CG in epoch 682: 2.358214, time: 1.0475 s
loss_KE in epoch 683: 0.110542, time: 1.0740 s
loss_CG in epoch 684: 2.356377, time: 1.0508 s
loss_KE in epoch 685: 0.109100, time: 1.1019 s
loss_CG in epoch 686: 2.354819, time: 1.0951 s
loss_KE in epoch 687: 0.107805, time: 1.1462 s
loss_CG in epoch 688: 2.352998, time: 1.1198 s
loss_KE in epoch 689: 0.106623, time: 1.1545 s
loss_CG in epoch 690: 2.351361, time: 3.3884 s
loss_KE in epoch 691: 0.113522, time: 4.7143 s
loss_CG in epoch 692: 2.349655, time: 1.0474 s
loss_KE in epoch 693: 0.112077, time: 1.0734 s
loss_CG in epoch 694: 2.347829, time: 1.0463 s
loss_KE in epoch 695: 0.110715, time: 1.0905 s
loss_CG in epoch 696: 2.346246, time: 1.0799 s
loss_KE in epoch 697: 0.109474, time: 1.1386 s
loss_CG in epoch 698: 2.344413, time: 1.1195 s
loss_KE in epoch 699: 0.108340, time: 1.1525 s

epoch 699, checkpoint!
l2r: acc of top [1, 5, 10, 50, 100] = [0.439  0.6326 0.7015 0.8343 0.88  ], mr = 177.133, mrr = 0.528, time = 5.9568 s 
r2l: acc of top [1, 5, 10, 50, 100] = [0.4229 0.6273 0.6988 0.8294 0.8741], mr = 225.195, mrr = 0.518, time = 5.9570 s 

loss_CG in epoch 700: 2.342773, time: 3.3420 s
loss_KE in epoch 701: 0.111447, time: 4.6203 s
loss_CG in epoch 702: 2.341070, time: 1.0450 s
loss_KE in epoch 703: 0.110031, time: 1.0748 s
loss_CG in epoch 704: 2.339222, time: 1.0477 s
loss_KE in epoch 705: 0.108682, time: 1.0748 s
loss_CG in epoch 706: 2.337631, time: 1.0618 s
loss_KE in epoch 707: 0.107472, time: 1.1148 s
loss_CG in epoch 708: 2.335790, time: 1.1101 s
loss_KE in epoch 709: 0.106350, time: 1.1541 s
loss_CG in epoch 710: 2.334136, time: 3.3845 s
loss_KE in epoch 711: 0.111692, time: 4.6367 s
loss_CG in epoch 712: 2.332439, time: 1.0477 s
loss_KE in epoch 713: 0.110206, time: 1.0735 s
loss_CG in epoch 714: 2.330576, time: 1.0452 s
loss_KE in epoch 715: 0.108806, time: 1.0891 s
loss_CG in epoch 716: 2.329004, time: 1.0872 s
loss_KE in epoch 717: 0.107535, time: 1.1450 s
loss_CG in epoch 718: 2.327144, time: 1.1196 s
loss_KE in epoch 719: 0.106362, time: 1.1529 s
loss_CG in epoch 720: 2.325507, time: 3.3870 s
loss_KE in epoch 721: 0.113969, time: 4.6509 s
loss_CG in epoch 722: 2.323757, time: 1.0471 s
loss_KE in epoch 723: 0.112538, time: 1.0734 s
loss_CG in epoch 724: 2.321936, time: 1.0496 s
loss_KE in epoch 725: 0.111176, time: 1.1100 s
loss_CG in epoch 726: 2.320292, time: 1.0991 s
loss_KE in epoch 727: 0.109943, time: 1.1495 s
loss_CG in epoch 728: 2.318467, time: 1.1205 s
loss_KE in epoch 729: 0.108813, time: 1.1539 s
loss_CG in epoch 730: 2.316761, time: 3.3742 s
loss_KE in epoch 731: 0.112467, time: 4.5194 s
loss_CG in epoch 732: 2.315105, time: 1.0456 s
loss_KE in epoch 733: 0.111036, time: 1.0755 s
loss_CG in epoch 734: 2.313167, time: 1.0491 s
loss_KE in epoch 735: 0.109674, time: 1.1037 s
loss_CG in epoch 736: 2.311630, time: 1.0956 s
loss_KE in epoch 737: 0.108426, time: 1.1483 s
loss_CG in epoch 738: 2.309730, time: 1.1168 s
loss_KE in epoch 739: 0.107299, time: 1.1544 s
loss_CG in epoch 740: 2.308085, time: 3.4109 s
loss_KE in epoch 741: 0.112683, time: 4.5812 s
loss_CG in epoch 742: 2.306333, time: 1.0474 s
loss_KE in epoch 743: 0.111261, time: 1.0741 s
loss_CG in epoch 744: 2.304459, time: 1.0496 s
loss_KE in epoch 745: 0.109903, time: 1.1033 s
loss_CG in epoch 746: 2.302815, time: 1.0917 s
loss_KE in epoch 747: 0.108666, time: 1.1478 s
loss_CG in epoch 748: 2.300963, time: 1.1196 s
loss_KE in epoch 749: 0.107533, time: 1.1516 s
loss_CG in epoch 750: 2.299243, time: 3.3922 s
loss_KE in epoch 751: 0.114354, time: 4.7999 s
loss_CG in epoch 752: 2.297551, time: 1.0475 s
loss_KE in epoch 753: 0.112936, time: 1.0732 s
loss_CG in epoch 754: 2.295604, time: 1.0472 s
loss_KE in epoch 755: 0.111591, time: 1.0954 s
loss_CG in epoch 756: 2.294008, time: 1.0851 s
loss_KE in epoch 757: 0.110357, time: 1.1429 s
loss_CG in epoch 758: 2.292109, time: 1.1197 s
loss_KE in epoch 759: 0.109244, time: 1.1521 s
loss_CG in epoch 760: 2.290424, time: 3.3734 s
loss_KE in epoch 761: 0.114595, time: 4.6844 s
loss_CG in epoch 762: 2.288679, time: 1.0439 s
loss_KE in epoch 763: 0.113139, time: 1.0731 s
loss_CG in epoch 764: 2.286797, time: 1.0499 s
loss_KE in epoch 765: 0.111769, time: 1.0998 s
loss_CG in epoch 766: 2.285123, time: 1.0886 s
loss_KE in epoch 767: 0.110504, time: 1.1394 s
loss_CG in epoch 768: 2.283304, time: 1.1177 s
loss_KE in epoch 769: 0.109356, time: 1.1531 s
loss_CG in epoch 770: 2.281532, time: 3.3824 s
loss_KE in epoch 771: 0.113289, time: 4.7045 s
loss_CG in epoch 772: 2.279844, time: 1.0463 s
loss_KE in epoch 773: 0.111846, time: 1.0732 s
loss_CG in epoch 774: 2.277875, time: 1.0458 s
loss_KE in epoch 775: 0.110483, time: 1.0955 s
loss_CG in epoch 776: 2.276248, time: 1.0912 s
loss_KE in epoch 777: 0.109236, time: 1.1412 s
loss_CG in epoch 778: 2.274338, time: 1.1206 s
loss_KE in epoch 779: 0.108098, time: 1.1542 s
loss_CG in epoch 780: 2.272634, time: 3.3692 s
loss_KE in epoch 781: 0.115071, time: 4.6564 s
loss_CG in epoch 782: 2.270862, time: 1.0478 s
loss_KE in epoch 783: 0.113593, time: 1.0740 s
loss_CG in epoch 784: 2.268990, time: 1.0474 s
loss_KE in epoch 785: 0.112210, time: 1.0917 s
loss_CG in epoch 786: 2.267257, time: 1.0891 s
loss_KE in epoch 787: 0.110927, time: 1.1463 s
loss_CG in epoch 788: 2.265465, time: 1.1201 s
loss_KE in epoch 789: 0.109763, time: 1.1548 s
loss_CG in epoch 790: 2.263660, time: 3.3737 s
loss_KE in epoch 791: 0.113955, time: 4.9951 s
loss_CG in epoch 792: 2.261987, time: 1.0450 s
loss_KE in epoch 793: 0.112516, time: 1.0741 s
loss_CG in epoch 794: 2.260019, time: 1.0483 s
loss_KE in epoch 795: 0.111142, time: 1.0892 s
loss_CG in epoch 796: 2.258367, time: 1.0858 s
loss_KE in epoch 797: 0.109882, time: 1.1426 s
loss_CG in epoch 798: 2.256478, time: 1.1158 s
loss_KE in epoch 799: 0.108726, time: 1.1535 s

epoch 799, checkpoint!
l2r: acc of top [1, 5, 10, 50, 100] = [0.4417 0.6383 0.7047 0.8356 0.8803], mr = 162.341, mrr = 0.532, time = 5.9537 s 
r2l: acc of top [1, 5, 10, 50, 100] = [0.4259 0.6321 0.703  0.8327 0.8743], mr = 211.300, mrr = 0.521, time = 5.9541 s 

loss_CG in epoch 800: 2.254777, time: 3.3407 s
loss_KE in epoch 801: 0.114343, time: 4.4832 s
loss_CG in epoch 802: 2.252972, time: 1.0480 s
loss_KE in epoch 803: 0.112869, time: 1.0741 s
loss_CG in epoch 804: 2.251086, time: 1.0455 s
loss_KE in epoch 805: 0.111496, time: 1.0768 s
loss_CG in epoch 806: 2.249310, time: 1.0649 s
loss_KE in epoch 807: 0.110227, time: 1.1196 s
loss_CG in epoch 808: 2.247512, time: 1.1157 s
loss_KE in epoch 809: 0.109073, time: 1.1536 s
loss_CG in epoch 810: 2.245682, time: 3.3873 s
loss_KE in epoch 811: 0.116293, time: 4.6721 s
loss_CG in epoch 812: 2.243982, time: 1.0476 s
loss_KE in epoch 813: 0.114835, time: 1.0743 s
loss_CG in epoch 814: 2.242018, time: 1.0478 s
loss_KE in epoch 815: 0.113475, time: 1.0761 s
loss_CG in epoch 816: 2.240256, time: 1.0708 s
loss_KE in epoch 817: 0.112207, time: 1.1204 s
loss_CG in epoch 818: 2.238414, time: 1.1161 s
loss_KE in epoch 819: 0.111030, time: 1.1527 s
loss_CG in epoch 820: 2.236635, time: 3.3712 s
loss_KE in epoch 821: 0.116193, time: 4.6095 s
loss_CG in epoch 822: 2.234811, time: 1.0442 s
loss_KE in epoch 823: 0.114689, time: 1.0744 s
loss_CG in epoch 824: 2.232984, time: 1.0546 s
loss_KE in epoch 825: 0.113322, time: 1.1023 s
loss_CG in epoch 826: 2.231118, time: 1.0956 s
loss_KE in epoch 827: 0.112048, time: 1.1475 s
loss_CG in epoch 828: 2.229354, time: 1.1168 s
loss_KE in epoch 829: 0.110895, time: 1.1525 s
loss_CG in epoch 830: 2.227469, time: 3.3917 s
loss_KE in epoch 831: 0.116128, time: 4.6261 s
loss_CG in epoch 832: 2.225821, time: 1.0469 s
loss_KE in epoch 833: 0.114622, time: 1.0739 s
loss_CG in epoch 834: 2.223782, time: 1.0456 s
loss_KE in epoch 835: 0.113191, time: 1.0903 s
loss_CG in epoch 836: 2.222113, time: 1.0837 s
loss_KE in epoch 837: 0.111890, time: 1.1380 s
loss_CG in epoch 838: 2.220173, time: 1.1190 s
loss_KE in epoch 839: 0.110690, time: 1.1530 s
loss_CG in epoch 840: 2.218459, time: 3.3839 s
loss_KE in epoch 841: 0.115973, time: 4.6857 s
loss_CG in epoch 842: 2.216570, time: 1.0478 s
loss_KE in epoch 843: 0.114471, time: 1.0738 s
loss_CG in epoch 844: 2.214765, time: 1.0482 s
loss_KE in epoch 845: 0.113107, time: 1.0937 s
loss_CG in epoch 846: 2.212797, time: 1.0869 s
loss_KE in epoch 847: 0.111809, time: 1.1412 s
loss_CG in epoch 848: 2.211095, time: 1.1184 s
loss_KE in epoch 849: 0.110642, time: 1.1541 s
loss_CG in epoch 850: 2.209110, time: 3.3798 s
loss_KE in epoch 851: 0.116006, time: 4.6346 s
loss_CG in epoch 852: 2.207498, time: 1.0445 s
loss_KE in epoch 853: 0.114499, time: 1.0740 s
loss_CG in epoch 854: 2.205433, time: 1.0539 s
loss_KE in epoch 855: 0.113100, time: 1.1058 s
loss_CG in epoch 856: 2.203704, time: 1.1032 s
loss_KE in epoch 857: 0.111776, time: 1.1478 s
loss_CG in epoch 858: 2.201832, time: 1.1180 s
loss_KE in epoch 859: 0.110589, time: 1.1544 s
loss_CG in epoch 860: 2.200023, time: 3.3852 s
loss_KE in epoch 861: 0.116696, time: 4.8655 s
loss_CG in epoch 862: 2.198196, time: 1.0481 s
loss_KE in epoch 863: 0.115159, time: 1.0735 s
loss_CG in epoch 864: 2.196337, time: 1.0470 s
loss_KE in epoch 865: 0.113780, time: 1.1044 s
loss_CG in epoch 866: 2.194360, time: 1.0929 s
loss_KE in epoch 867: 0.112448, time: 1.1454 s
loss_CG in epoch 868: 2.192646, time: 1.1193 s
loss_KE in epoch 869: 0.111255, time: 1.1515 s
loss_CG in epoch 870: 2.190656, time: 3.3720 s
loss_KE in epoch 871: 0.118914, time: 4.6177 s
loss_CG in epoch 872: 2.188994, time: 1.0501 s
loss_KE in epoch 873: 0.117456, time: 1.0735 s
loss_CG in epoch 874: 2.186881, time: 1.0470 s
loss_KE in epoch 875: 0.116115, time: 1.0900 s
loss_CG in epoch 876: 2.185116, time: 1.0812 s
loss_KE in epoch 877: 0.114844, time: 1.1381 s
loss_CG in epoch 878: 2.183184, time: 1.1216 s
loss_KE in epoch 879: 0.113694, time: 1.1547 s
loss_CG in epoch 880: 2.181349, time: 3.3758 s
loss_KE in epoch 881: 0.119252, time: 4.6753 s
loss_CG in epoch 882: 2.179495, time: 1.0452 s
loss_KE in epoch 883: 0.117690, time: 1.0739 s
loss_CG in epoch 884: 2.177606, time: 1.0486 s
loss_KE in epoch 885: 0.116277, time: 1.0942 s
loss_CG in epoch 886: 2.175651, time: 1.0900 s
loss_KE in epoch 887: 0.114912, time: 1.1412 s
loss_CG in epoch 888: 2.173884, time: 1.1162 s
loss_KE in epoch 889: 0.113705, time: 1.1515 s
loss_CG in epoch 890: 2.171904, time: 3.3810 s
loss_KE in epoch 891: 0.120130, time: 4.6290 s
loss_CG in epoch 892: 2.170180, time: 1.0473 s
loss_KE in epoch 893: 0.118605, time: 1.0748 s
loss_CG in epoch 894: 2.168117, time: 1.0541 s
loss_KE in epoch 895: 0.117162, time: 1.1074 s
loss_CG in epoch 896: 2.166318, time: 1.1032 s
loss_KE in epoch 897: 0.115812, time: 1.1476 s
loss_CG in epoch 898: 2.164387, time: 1.1200 s
loss_KE in epoch 899: 0.114573, time: 1.1538 s

epoch 899, checkpoint!
l2r: acc of top [1, 5, 10, 50, 100] = [0.4425 0.6402 0.7051 0.8389 0.8825], mr = 151.237, mrr = 0.533, time = 5.9526 s 
r2l: acc of top [1, 5, 10, 50, 100] = [0.4297 0.6337 0.7053 0.8348 0.8751], mr = 200.211, mrr = 0.524, time = 5.9529 s 

loss_CG in epoch 900: 2.162540, time: 3.3446 s
loss_KE in epoch 901: 0.121152, time: 4.5960 s
loss_CG in epoch 902: 2.160668, time: 1.0467 s
loss_KE in epoch 903: 0.119606, time: 1.0744 s
loss_CG in epoch 904: 2.158787, time: 1.0474 s
loss_KE in epoch 905: 0.118207, time: 1.0751 s
loss_CG in epoch 906: 2.156750, time: 1.0454 s
loss_KE in epoch 907: 0.116848, time: 1.0963 s
loss_CG in epoch 908: 2.155037, time: 1.0907 s
loss_KE in epoch 909: 0.115641, time: 1.1464 s
loss_CG in epoch 910: 2.152974, time: 3.3862 s
loss_KE in epoch 911: 0.119865, time: 4.7072 s
loss_CG in epoch 912: 2.151318, time: 1.0449 s
loss_KE in epoch 913: 0.118316, time: 1.0744 s
loss_CG in epoch 914: 2.149192, time: 1.0526 s
loss_KE in epoch 915: 0.116906, time: 1.0946 s
loss_CG in epoch 916: 2.147319, time: 1.0888 s
loss_KE in epoch 917: 0.115533, time: 1.1403 s
loss_CG in epoch 918: 2.145465, time: 1.1180 s
loss_KE in epoch 919: 0.114302, time: 1.1540 s
loss_CG in epoch 920: 2.143493, time: 3.3757 s
loss_KE in epoch 921: 0.120980, time: 4.6947 s
loss_CG in epoch 922: 2.141718, time: 1.0472 s
loss_KE in epoch 923: 0.119428, time: 1.0747 s
loss_CG in epoch 924: 2.139700, time: 1.0459 s
loss_KE in epoch 925: 0.118053, time: 1.1015 s
loss_CG in epoch 926: 2.137716, time: 1.0957 s
loss_KE in epoch 927: 0.116704, time: 1.1486 s
loss_CG in epoch 928: 2.135945, time: 1.1203 s
loss_KE in epoch 929: 0.115533, time: 1.1548 s
loss_CG in epoch 930: 2.133895, time: 3.3839 s
loss_KE in epoch 931: 0.121577, time: 4.7379 s
loss_CG in epoch 932: 2.132192, time: 1.0467 s
loss_KE in epoch 933: 0.120002, time: 1.0732 s
loss_CG in epoch 934: 2.130083, time: 1.0506 s
loss_KE in epoch 935: 0.118541, time: 1.0965 s
loss_CG in epoch 936: 2.128231, time: 1.0874 s
loss_KE in epoch 937: 0.117176, time: 1.1444 s
loss_CG in epoch 938: 2.126283, time: 1.1190 s
loss_KE in epoch 939: 0.115924, time: 1.1535 s
loss_CG in epoch 940: 2.124414, time: 3.3820 s
loss_KE in epoch 941: 0.122368, time: 4.5890 s
loss_CG in epoch 942: 2.122533, time: 1.0451 s
loss_KE in epoch 943: 0.120829, time: 1.0746 s
loss_CG in epoch 944: 2.120564, time: 1.0494 s
loss_KE in epoch 945: 0.119425, time: 1.0927 s
loss_CG in epoch 946: 2.118570, time: 1.0900 s
loss_KE in epoch 947: 0.118069, time: 1.1449 s
loss_CG in epoch 948: 2.116787, time: 1.1174 s
loss_KE in epoch 949: 0.116875, time: 1.1528 s
loss_CG in epoch 950: 2.114713, time: 3.3780 s
loss_KE in epoch 951: 0.123623, time: 4.6829 s
loss_CG in epoch 952: 2.113014, time: 1.0479 s
loss_KE in epoch 953: 0.122043, time: 1.0730 s
loss_CG in epoch 954: 2.110835, time: 1.0457 s
loss_KE in epoch 955: 0.120579, time: 1.0959 s
loss_CG in epoch 956: 2.109041, time: 1.0953 s
loss_KE in epoch 957: 0.119209, time: 1.1495 s
loss_CG in epoch 958: 2.106987, time: 1.1200 s
loss_KE in epoch 959: 0.117964, time: 1.1543 s
loss_CG in epoch 960: 2.105165, time: 3.3712 s
loss_KE in epoch 961: 0.122904, time: 4.7334 s
loss_CG in epoch 962: 2.103173, time: 1.0470 s
loss_KE in epoch 963: 0.121261, time: 1.0735 s
loss_CG in epoch 964: 2.101279, time: 1.0502 s
loss_KE in epoch 965: 0.119782, time: 1.0966 s
loss_CG in epoch 966: 2.099203, time: 1.0874 s
loss_KE in epoch 967: 0.118374, time: 1.1441 s
loss_CG in epoch 968: 2.097395, time: 1.1224 s
loss_KE in epoch 969: 0.117122, time: 1.1550 s
loss_CG in epoch 970: 2.095312, time: 3.3850 s
loss_KE in epoch 971: 0.125053, time: 5.1182 s
loss_CG in epoch 972: 2.093577, time: 1.0442 s
loss_KE in epoch 973: 0.123430, time: 1.0730 s
loss_CG in epoch 974: 2.091445, time: 1.0469 s
loss_KE in epoch 975: 0.121980, time: 1.0873 s
loss_CG in epoch 976: 2.089481, time: 1.0870 s
loss_KE in epoch 977: 0.120561, time: 1.1432 s
loss_CG in epoch 978: 2.087560, time: 1.1160 s
loss_KE in epoch 979: 0.119298, time: 1.1528 s
loss_CG in epoch 980: 2.085587, time: 3.3894 s
loss_KE in epoch 981: 0.123311, time: 4.6599 s
loss_CG in epoch 982: 2.083699, time: 1.0472 s
loss_KE in epoch 983: 0.121708, time: 1.0742 s
loss_CG in epoch 984: 2.081696, time: 1.0538 s
loss_KE in epoch 985: 0.120279, time: 1.1094 s
loss_CG in epoch 986: 2.079608, time: 1.1032 s
loss_KE in epoch 987: 0.118886, time: 1.1489 s
loss_CG in epoch 988: 2.077773, time: 1.1207 s
loss_KE in epoch 989: 0.117639, time: 1.1536 s
loss_CG in epoch 990: 2.075703, time: 3.3799 s
loss_KE in epoch 991: 0.124431, time: 4.7167 s
loss_CG in epoch 992: 2.073914, time: 1.0475 s
loss_KE in epoch 993: 0.122861, time: 1.0740 s
loss_CG in epoch 994: 2.071766, time: 1.0478 s
loss_KE in epoch 995: 0.121442, time: 1.0912 s
loss_CG in epoch 996: 2.069819, time: 1.0850 s
loss_KE in epoch 997: 0.120079, time: 1.1437 s
loss_CG in epoch 998: 2.067844, time: 1.1193 s
loss_KE in epoch 999: 0.118887, time: 1.1538 s

epoch 999, checkpoint!
l2r: acc of top [1, 5, 10, 50, 100] = [0.4446 0.6418 0.7066 0.8413 0.8847], mr = 143.014, mrr = 0.535, time = 5.9391 s 
r2l: acc of top [1, 5, 10, 50, 100] = [0.4313 0.6337 0.7063 0.8343 0.8787], mr = 191.097, mrr = 0.526, time = 5.9394 s 

optimization finished!
total time elapsed: 1825.0519 s

