************************en_fr_15k_V1************************
loading raw data...
-----dataset summary-----
dataset:	 data/SRPRS/en_fr_15k_V1
triple num:	 70040
entity num:	 30000
relation num:	 398
train ill num:	 4500 	test ill num:	 10500
-------------------------
getting a sparse tensor r_adj...
GAT(
  (layer_stack): ModuleList(
    (0): MultiHeadGraphAttention (128 -> 128) * 2 heads
    (1): MultiHeadGraphAttention (128 -> 128) * 2 heads
  )
)
Adagrad (
Parameter Group 0
    initial_accumulator_value: 0
    lr: 0.005
    lr_decay: 0
    weight_decay: 0
)
training...
	train pos/neg_pairs shape: torch.Size([112500])
loss_CG in epoch 0: 2.999752, time: 1.1796 s
	train pos/neg_triples shape: torch.Size([140080, 3])
loss_KE in epoch 1: 3.000032, time: 4.0572 s
loss_CG in epoch 2: 2.977299, time: 0.9941 s
loss_KE in epoch 3: 2.812837, time: 0.9948 s
loss_CG in epoch 4: 2.939194, time: 1.0064 s
loss_KE in epoch 5: 2.648430, time: 1.0112 s
loss_CG in epoch 6: 2.911056, time: 0.9915 s
loss_KE in epoch 7: 2.515740, time: 0.9991 s
loss_CG in epoch 8: 2.895430, time: 0.9914 s
loss_KE in epoch 9: 2.416718, time: 1.0290 s
loss_CG in epoch 10: 2.965609, time: 3.6820 s
loss_KE in epoch 11: 2.590218, time: 4.3015 s
loss_CG in epoch 12: 2.959024, time: 0.9930 s
loss_KE in epoch 13: 2.487101, time: 0.9894 s
loss_CG in epoch 14: 2.952002, time: 0.9933 s
loss_KE in epoch 15: 2.402303, time: 0.9889 s
loss_CG in epoch 16: 2.945388, time: 0.9958 s
loss_KE in epoch 17: 2.322236, time: 0.9919 s
loss_CG in epoch 18: 2.938706, time: 0.9959 s
loss_KE in epoch 19: 2.241231, time: 0.9892 s
loss_CG in epoch 20: 2.938578, time: 3.2963 s
loss_KE in epoch 21: 2.311780, time: 4.2095 s
loss_CG in epoch 22: 2.932268, time: 0.9935 s
loss_KE in epoch 23: 2.195878, time: 0.9976 s
loss_CG in epoch 24: 2.925706, time: 1.0023 s
loss_KE in epoch 25: 2.081665, time: 1.0003 s
loss_CG in epoch 26: 2.919329, time: 1.0045 s
loss_KE in epoch 27: 1.960908, time: 0.9990 s
loss_CG in epoch 28: 2.912886, time: 1.0006 s
loss_KE in epoch 29: 1.830359, time: 0.9966 s
loss_CG in epoch 30: 2.909785, time: 3.3058 s
loss_KE in epoch 31: 1.818217, time: 4.2646 s
loss_CG in epoch 32: 2.902839, time: 1.0041 s
loss_KE in epoch 33: 1.641183, time: 0.9996 s
loss_CG in epoch 34: 2.896194, time: 1.0038 s
loss_KE in epoch 35: 1.466166, time: 0.9979 s
loss_CG in epoch 36: 2.890097, time: 1.0010 s
loss_KE in epoch 37: 1.292806, time: 0.9989 s
loss_CG in epoch 38: 2.884214, time: 1.0134 s
loss_KE in epoch 39: 1.125378, time: 1.0320 s
loss_CG in epoch 40: 2.880797, time: 3.3324 s
loss_KE in epoch 41: 1.051608, time: 4.1554 s
loss_CG in epoch 42: 2.875009, time: 1.0037 s
loss_KE in epoch 43: 0.882296, time: 0.9976 s
loss_CG in epoch 44: 2.869711, time: 0.9994 s
loss_KE in epoch 45: 0.740807, time: 0.9963 s
loss_CG in epoch 46: 2.865083, time: 1.0061 s
loss_KE in epoch 47: 0.623215, time: 1.0203 s
loss_CG in epoch 48: 2.860724, time: 1.0431 s
loss_KE in epoch 49: 0.527619, time: 1.0597 s
loss_CG in epoch 50: 2.857957, time: 3.3422 s
loss_KE in epoch 51: 0.502075, time: 4.0516 s
loss_CG in epoch 52: 2.853894, time: 0.9999 s
loss_KE in epoch 53: 0.421636, time: 0.9958 s
loss_CG in epoch 54: 2.850082, time: 0.9999 s
loss_KE in epoch 55: 0.363560, time: 0.9968 s
loss_CG in epoch 56: 2.846767, time: 1.0028 s
loss_KE in epoch 57: 0.319952, time: 0.9998 s
loss_CG in epoch 58: 2.843573, time: 1.0180 s
loss_KE in epoch 59: 0.286135, time: 1.0307 s
loss_CG in epoch 60: 2.841242, time: 3.3187 s
loss_KE in epoch 61: 0.295155, time: 4.3745 s
loss_CG in epoch 62: 2.838153, time: 0.9993 s
loss_KE in epoch 63: 0.261874, time: 0.9971 s
loss_CG in epoch 64: 2.835110, time: 1.0021 s
loss_KE in epoch 65: 0.237281, time: 0.9987 s
loss_CG in epoch 66: 2.832467, time: 1.0025 s
loss_KE in epoch 67: 0.217848, time: 0.9977 s
loss_CG in epoch 68: 2.829866, time: 1.0028 s
loss_KE in epoch 69: 0.201873, time: 1.0176 s
loss_CG in epoch 70: 2.827722, time: 3.3353 s
loss_KE in epoch 71: 0.215952, time: 4.2604 s
loss_CG in epoch 72: 2.825210, time: 1.0030 s
loss_KE in epoch 73: 0.196676, time: 0.9991 s
loss_CG in epoch 74: 2.822576, time: 1.0029 s
loss_KE in epoch 75: 0.182095, time: 0.9968 s
loss_CG in epoch 76: 2.820312, time: 0.9999 s
loss_KE in epoch 77: 0.170363, time: 0.9987 s
loss_CG in epoch 78: 2.817996, time: 1.0210 s
loss_KE in epoch 79: 0.160568, time: 1.0364 s
loss_CG in epoch 80: 2.816078, time: 3.3312 s
loss_KE in epoch 81: 0.175496, time: 4.3195 s
loss_CG in epoch 82: 2.813822, time: 1.0030 s
loss_KE in epoch 83: 0.162500, time: 0.9984 s
loss_CG in epoch 84: 2.811438, time: 1.0001 s
loss_KE in epoch 85: 0.152575, time: 0.9964 s
loss_CG in epoch 86: 2.809409, time: 1.0001 s
loss_KE in epoch 87: 0.144409, time: 1.0034 s
loss_CG in epoch 88: 2.807255, time: 1.0223 s
loss_KE in epoch 89: 0.137435, time: 1.0429 s
loss_CG in epoch 90: 2.805493, time: 3.3394 s
loss_KE in epoch 91: 0.153339, time: 4.2780 s
loss_CG in epoch 92: 2.803463, time: 1.0005 s
loss_KE in epoch 93: 0.143738, time: 0.9968 s
loss_CG in epoch 94: 2.801310, time: 1.0003 s
loss_KE in epoch 95: 0.136309, time: 0.9977 s
loss_CG in epoch 96: 2.799459, time: 1.0048 s
loss_KE in epoch 97: 0.130077, time: 1.0129 s
loss_CG in epoch 98: 2.797519, time: 1.0352 s
loss_KE in epoch 99: 0.124716, time: 1.0465 s

epoch 99, checkpoint!
l2r: acc of top [1, 5, 10, 50, 100] = [0.2724 0.4736 0.5793 0.7955 0.8737], mr = 150.599, mrr = 0.373, time = 5.8371 s 
r2l: acc of top [1, 5, 10, 50, 100] = [0.2675 0.4773 0.582  0.802  0.8739], mr = 135.591, mrr = 0.370, time = 5.8375 s 

loss_CG in epoch 100: 2.795881, time: 3.3065 s
loss_KE in epoch 101: 0.137596, time: 4.3270 s
loss_CG in epoch 102: 2.793921, time: 1.0037 s
loss_KE in epoch 103: 0.129567, time: 0.9933 s
loss_CG in epoch 104: 2.791873, time: 1.0039 s
loss_KE in epoch 105: 0.123361, time: 0.9954 s
loss_CG in epoch 106: 2.790082, time: 1.0039 s
loss_KE in epoch 107: 0.118123, time: 0.9951 s
loss_CG in epoch 108: 2.788222, time: 1.0081 s
loss_KE in epoch 109: 0.113574, time: 1.0011 s
loss_CG in epoch 110: 2.786615, time: 3.3044 s
loss_KE in epoch 111: 0.126445, time: 4.1554 s
loss_CG in epoch 112: 2.784830, time: 1.0048 s
loss_KE in epoch 113: 0.119773, time: 0.9965 s
loss_CG in epoch 114: 2.782865, time: 1.0074 s
loss_KE in epoch 115: 0.114546, time: 0.9935 s
loss_CG in epoch 116: 2.781167, time: 1.0060 s
loss_KE in epoch 117: 0.110154, time: 0.9960 s
loss_CG in epoch 118: 2.779372, time: 1.0176 s
loss_KE in epoch 119: 0.106348, time: 1.0281 s
loss_CG in epoch 120: 2.777772, time: 3.3349 s
loss_KE in epoch 121: 0.119520, time: 4.1113 s
loss_CG in epoch 122: 2.776043, time: 1.0065 s
loss_KE in epoch 123: 0.113565, time: 0.9969 s
loss_CG in epoch 124: 2.774117, time: 1.0044 s
loss_KE in epoch 125: 0.108879, time: 0.9958 s
loss_CG in epoch 126: 2.772508, time: 1.0169 s
loss_KE in epoch 127: 0.104946, time: 1.0196 s
loss_CG in epoch 128: 2.770731, time: 1.0532 s
loss_KE in epoch 129: 0.101505, time: 1.0645 s
loss_CG in epoch 130: 2.769276, time: 3.3279 s
loss_KE in epoch 131: 0.113574, time: 4.2436 s
loss_CG in epoch 132: 2.767537, time: 1.0062 s
loss_KE in epoch 133: 0.108192, time: 0.9922 s
loss_CG in epoch 134: 2.765740, time: 1.0054 s
loss_KE in epoch 135: 0.103984, time: 0.9940 s
loss_CG in epoch 136: 2.764109, time: 1.0031 s
loss_KE in epoch 137: 0.100424, time: 0.9985 s
loss_CG in epoch 138: 2.762429, time: 1.0289 s
loss_KE in epoch 139: 0.097312, time: 1.0306 s
loss_CG in epoch 140: 2.760940, time: 3.3238 s
loss_KE in epoch 141: 0.108374, time: 4.2764 s
loss_CG in epoch 142: 2.759321, time: 1.0041 s
loss_KE in epoch 143: 0.103516, time: 0.9964 s
loss_CG in epoch 144: 2.757490, time: 1.0076 s
loss_KE in epoch 145: 0.099633, time: 0.9932 s
loss_CG in epoch 146: 2.755965, time: 1.0174 s
loss_KE in epoch 147: 0.096360, time: 1.0236 s
loss_CG in epoch 148: 2.754268, time: 1.0534 s
loss_KE in epoch 149: 0.093499, time: 1.0640 s
loss_CG in epoch 150: 2.752845, time: 3.3477 s
loss_KE in epoch 151: 0.105159, time: 4.3837 s
loss_CG in epoch 152: 2.751203, time: 1.0060 s
loss_KE in epoch 153: 0.100634, time: 0.9955 s
loss_CG in epoch 154: 2.749497, time: 1.0028 s
loss_KE in epoch 155: 0.097028, time: 0.9945 s
loss_CG in epoch 156: 2.747914, time: 1.0123 s
loss_KE in epoch 157: 0.093980, time: 1.0175 s
loss_CG in epoch 158: 2.746315, time: 1.0525 s
loss_KE in epoch 159: 0.091327, time: 1.0532 s
loss_CG in epoch 160: 2.744800, time: 3.3366 s
loss_KE in epoch 161: 0.100057, time: 4.4805 s
loss_CG in epoch 162: 2.743233, time: 1.0068 s
loss_KE in epoch 163: 0.095895, time: 0.9930 s
loss_CG in epoch 164: 2.741424, time: 1.0059 s
loss_KE in epoch 165: 0.092551, time: 0.9949 s
loss_CG in epoch 166: 2.739956, time: 1.0032 s
loss_KE in epoch 167: 0.089724, time: 0.9990 s
loss_CG in epoch 168: 2.738268, time: 1.0283 s
loss_KE in epoch 169: 0.087253, time: 1.0307 s
loss_CG in epoch 170: 2.736909, time: 3.3371 s
loss_KE in epoch 171: 0.098001, time: 4.2912 s
loss_CG in epoch 172: 2.735250, time: 1.0038 s
loss_KE in epoch 173: 0.094037, time: 0.9960 s
loss_CG in epoch 174: 2.733610, time: 1.0072 s
loss_KE in epoch 175: 0.090856, time: 0.9940 s
loss_CG in epoch 176: 2.732048, time: 1.0205 s
loss_KE in epoch 177: 0.088169, time: 1.0290 s
loss_CG in epoch 178: 2.730500, time: 1.0612 s
loss_KE in epoch 179: 0.085822, time: 1.0709 s
loss_CG in epoch 180: 2.729012, time: 3.3683 s
loss_KE in epoch 181: 0.096409, time: 4.2894 s
loss_CG in epoch 182: 2.727513, time: 1.0057 s
loss_KE in epoch 183: 0.092579, time: 0.9961 s
loss_CG in epoch 184: 2.725749, time: 1.0052 s
loss_KE in epoch 185: 0.089481, time: 0.9976 s
loss_CG in epoch 186: 2.724349, time: 1.0160 s
loss_KE in epoch 187: 0.086851, time: 1.0230 s
loss_CG in epoch 188: 2.722687, time: 1.0584 s
loss_KE in epoch 189: 0.084532, time: 1.0658 s
loss_CG in epoch 190: 2.721349, time: 3.3334 s
loss_KE in epoch 191: 0.094080, time: 4.4172 s
loss_CG in epoch 192: 2.719738, time: 1.0069 s
loss_KE in epoch 193: 0.090494, time: 0.9944 s
loss_CG in epoch 194: 2.718097, time: 1.0066 s
loss_KE in epoch 195: 0.087561, time: 0.9964 s
loss_CG in epoch 196: 2.716587, time: 1.0062 s
loss_KE in epoch 197: 0.085065, time: 1.0119 s
loss_CG in epoch 198: 2.715043, time: 1.0482 s
loss_KE in epoch 199: 0.082876, time: 1.0566 s

epoch 199, checkpoint!
l2r: acc of top [1, 5, 10, 50, 100] = [0.2865 0.489  0.5945 0.8115 0.885 ], mr = 131.928, mrr = 0.386, time = 5.8805 s 
r2l: acc of top [1, 5, 10, 50, 100] = [0.281  0.4912 0.593  0.8105 0.8821], mr = 123.267, mrr = 0.384, time = 5.8808 s 

loss_CG in epoch 200: 2.713600, time: 3.3046 s
loss_KE in epoch 201: 0.091810, time: 4.3128 s
loss_CG in epoch 202: 2.712095, time: 1.0044 s
loss_KE in epoch 203: 0.088392, time: 0.9975 s
loss_CG in epoch 204: 2.710375, time: 1.0076 s
loss_KE in epoch 205: 0.085602, time: 0.9950 s
loss_CG in epoch 206: 2.708957, time: 1.0076 s
loss_KE in epoch 207: 0.083229, time: 0.9969 s
loss_CG in epoch 208: 2.707331, time: 1.0073 s
loss_KE in epoch 209: 0.081146, time: 1.0136 s
loss_CG in epoch 210: 2.705959, time: 3.3050 s
loss_KE in epoch 211: 0.091043, time: 4.4561 s
loss_CG in epoch 212: 2.704373, time: 1.0054 s
loss_KE in epoch 213: 0.087802, time: 0.9961 s
loss_CG in epoch 214: 2.702754, time: 1.0045 s
loss_KE in epoch 215: 0.085165, time: 1.0001 s
loss_CG in epoch 216: 2.701234, time: 1.0146 s
loss_KE in epoch 217: 0.082911, time: 1.0231 s
loss_CG in epoch 218: 2.699697, time: 1.0613 s
loss_KE in epoch 219: 0.080908, time: 1.0676 s
loss_CG in epoch 220: 2.698246, time: 3.3499 s
loss_KE in epoch 221: 0.090386, time: 4.1959 s
loss_CG in epoch 222: 2.696743, time: 1.0076 s
loss_KE in epoch 223: 0.087349, time: 0.9936 s
loss_CG in epoch 224: 2.695054, time: 1.0069 s
loss_KE in epoch 225: 0.084822, time: 0.9966 s
loss_CG in epoch 226: 2.693625, time: 1.0243 s
loss_KE in epoch 227: 0.082651, time: 1.0422 s
loss_CG in epoch 228: 2.692006, time: 1.0682 s
loss_KE in epoch 229: 0.080728, time: 1.0669 s
loss_CG in epoch 230: 2.690627, time: 3.3431 s
loss_KE in epoch 231: 0.088867, time: 4.1184 s
loss_CG in epoch 232: 2.689038, time: 1.0034 s
loss_KE in epoch 233: 0.085820, time: 0.9956 s
loss_CG in epoch 234: 2.687445, time: 1.0074 s
loss_KE in epoch 235: 0.083335, time: 0.9949 s
loss_CG in epoch 236: 2.685910, time: 1.0217 s
loss_KE in epoch 237: 0.081230, time: 1.0286 s
loss_CG in epoch 238: 2.684382, time: 1.0533 s
loss_KE in epoch 239: 0.079368, time: 1.0637 s
loss_CG in epoch 240: 2.682902, time: 3.3431 s
loss_KE in epoch 241: 0.088603, time: 4.2250 s
loss_CG in epoch 242: 2.681410, time: 1.0061 s
loss_KE in epoch 243: 0.085791, time: 0.9966 s
loss_CG in epoch 244: 2.679726, time: 1.0043 s
loss_KE in epoch 245: 0.083427, time: 1.0022 s
loss_CG in epoch 246: 2.678291, time: 1.0323 s
loss_KE in epoch 247: 0.081383, time: 1.0404 s
loss_CG in epoch 248: 2.676686, time: 1.0711 s
loss_KE in epoch 249: 0.079564, time: 1.0700 s
loss_CG in epoch 250: 2.675323, time: 3.3398 s
loss_KE in epoch 251: 0.088886, time: 4.3909 s
loss_CG in epoch 252: 2.673749, time: 1.0068 s
loss_KE in epoch 253: 0.085944, time: 0.9934 s
loss_CG in epoch 254: 2.672169, time: 1.0064 s
loss_KE in epoch 255: 0.083494, time: 0.9956 s
loss_CG in epoch 256: 2.670654, time: 1.0042 s
loss_KE in epoch 257: 0.081410, time: 1.0103 s
loss_CG in epoch 258: 2.669138, time: 1.0394 s
loss_KE in epoch 259: 0.079568, time: 1.0521 s
loss_CG in epoch 260: 2.667673, time: 3.3412 s
loss_KE in epoch 261: 0.084806, time: 4.4356 s
loss_CG in epoch 262: 2.666175, time: 1.0036 s
loss_KE in epoch 263: 0.082055, time: 0.9974 s
loss_CG in epoch 264: 2.664492, time: 1.0081 s
loss_KE in epoch 265: 0.079773, time: 0.9955 s
loss_CG in epoch 266: 2.663067, time: 1.0292 s
loss_KE in epoch 267: 0.077829, time: 1.0386 s
loss_CG in epoch 268: 2.661452, time: 1.0666 s
loss_KE in epoch 269: 0.076100, time: 1.0699 s
loss_CG in epoch 270: 2.660079, time: 3.3346 s
loss_KE in epoch 271: 0.087433, time: 4.2317 s
loss_CG in epoch 272: 2.658499, time: 1.0060 s
loss_KE in epoch 273: 0.084730, time: 0.9955 s
loss_CG in epoch 274: 2.656945, time: 1.0045 s
loss_KE in epoch 275: 0.082476, time: 1.0098 s
loss_CG in epoch 276: 2.655429, time: 1.0381 s
loss_KE in epoch 277: 0.080539, time: 1.0484 s
loss_CG in epoch 278: 2.653906, time: 1.0759 s
loss_KE in epoch 279: 0.078837, time: 1.0690 s
loss_CG in epoch 280: 2.652452, time: 3.3389 s
loss_KE in epoch 281: 0.085212, time: 4.5295 s
loss_CG in epoch 282: 2.650935, time: 1.0069 s
loss_KE in epoch 283: 0.082655, time: 0.9936 s
loss_CG in epoch 284: 2.649283, time: 1.0066 s
loss_KE in epoch 285: 0.080527, time: 0.9955 s
loss_CG in epoch 286: 2.647817, time: 1.0050 s
loss_KE in epoch 287: 0.078688, time: 1.0113 s
loss_CG in epoch 288: 2.646222, time: 1.0485 s
loss_KE in epoch 289: 0.077063, time: 1.0580 s
loss_CG in epoch 290: 2.644809, time: 3.3374 s
loss_KE in epoch 291: 0.084973, time: 4.3127 s
loss_CG in epoch 292: 2.643234, time: 1.0038 s
loss_KE in epoch 293: 0.082465, time: 0.9960 s
loss_CG in epoch 294: 2.641631, time: 1.0073 s
loss_KE in epoch 295: 0.080377, time: 0.9943 s
loss_CG in epoch 296: 2.640115, time: 1.0216 s
loss_KE in epoch 297: 0.078571, time: 1.0329 s
loss_CG in epoch 298: 2.638570, time: 1.0693 s
loss_KE in epoch 299: 0.076958, time: 1.0686 s

epoch 299, checkpoint!
l2r: acc of top [1, 5, 10, 50, 100] = [0.293  0.4953 0.599  0.8188 0.8882], mr = 122.403, mrr = 0.393, time = 5.9343 s 
r2l: acc of top [1, 5, 10, 50, 100] = [0.2895 0.4976 0.5985 0.8153 0.8849], mr = 116.147, mrr = 0.391, time = 5.9346 s 

loss_CG in epoch 300: 2.637072, time: 3.3054 s
loss_KE in epoch 301: 0.083678, time: 4.3153 s
loss_CG in epoch 302: 2.635551, time: 1.0077 s
loss_KE in epoch 303: 0.081330, time: 0.9990 s
loss_CG in epoch 304: 2.633865, time: 1.0058 s
loss_KE in epoch 305: 0.079351, time: 0.9965 s
loss_CG in epoch 306: 2.632396, time: 1.0044 s
loss_KE in epoch 307: 0.077641, time: 1.0047 s
loss_CG in epoch 308: 2.630755, time: 1.0359 s
loss_KE in epoch 309: 0.076111, time: 1.0471 s
loss_CG in epoch 310: 2.629319, time: 3.3323 s
loss_KE in epoch 311: 0.085476, time: 4.3825 s
loss_CG in epoch 312: 2.627707, time: 1.0027 s
loss_KE in epoch 313: 0.083082, time: 0.9955 s
loss_CG in epoch 314: 2.626119, time: 1.0072 s
loss_KE in epoch 315: 0.081034, time: 0.9959 s
loss_CG in epoch 316: 2.624575, time: 1.0222 s
loss_KE in epoch 317: 0.079257, time: 1.0373 s
loss_CG in epoch 318: 2.623034, time: 1.0663 s
loss_KE in epoch 319: 0.077677, time: 1.0692 s
loss_CG in epoch 320: 2.621511, time: 3.3581 s
loss_KE in epoch 321: 0.083585, time: 4.1970 s
loss_CG in epoch 322: 2.620010, time: 1.0055 s
loss_KE in epoch 323: 0.081253, time: 0.9967 s
loss_CG in epoch 324: 2.618328, time: 1.0033 s
loss_KE in epoch 325: 0.079272, time: 1.0064 s
loss_CG in epoch 326: 2.616877, time: 1.0386 s
loss_KE in epoch 327: 0.077558, time: 1.0437 s
loss_CG in epoch 328: 2.615247, time: 1.0749 s
loss_KE in epoch 329: 0.076046, time: 1.0695 s
loss_CG in epoch 330: 2.613816, time: 3.3444 s
loss_KE in epoch 331: 0.083004, time: 4.3064 s
loss_CG in epoch 332: 2.612185, time: 1.0070 s
loss_KE in epoch 333: 0.080787, time: 0.9924 s
loss_CG in epoch 334: 2.610586, time: 1.0080 s
loss_KE in epoch 335: 0.078887, time: 1.0068 s
loss_CG in epoch 336: 2.609010, time: 1.0374 s
loss_KE in epoch 337: 0.077227, time: 1.0574 s
loss_CG in epoch 338: 2.607471, time: 1.0783 s
loss_KE in epoch 339: 0.075746, time: 1.0678 s
loss_CG in epoch 340: 2.605907, time: 3.3420 s
loss_KE in epoch 341: 0.084359, time: 4.2813 s
loss_CG in epoch 342: 2.604402, time: 1.0043 s
loss_KE in epoch 343: 0.082077, time: 0.9959 s
loss_CG in epoch 344: 2.602680, time: 1.0066 s
loss_KE in epoch 345: 0.080133, time: 0.9951 s
loss_CG in epoch 346: 2.601213, time: 1.0300 s
loss_KE in epoch 347: 0.078432, time: 1.0406 s
loss_CG in epoch 348: 2.599566, time: 1.0663 s
loss_KE in epoch 349: 0.076925, time: 1.0695 s
loss_CG in epoch 350: 2.598109, time: 3.3424 s
loss_KE in epoch 351: 0.084951, time: 4.3344 s
loss_CG in epoch 352: 2.596488, time: 1.0491 s
loss_KE in epoch 353: 0.082815, time: 1.0366 s
loss_CG in epoch 354: 2.594881, time: 1.0447 s
loss_KE in epoch 355: 0.080972, time: 1.0458 s
loss_CG in epoch 356: 2.593307, time: 1.0783 s
loss_KE in epoch 357: 0.079354, time: 1.0916 s
loss_CG in epoch 358: 2.591752, time: 1.1193 s
loss_KE in epoch 359: 0.077898, time: 1.1189 s
loss_CG in epoch 360: 2.590190, time: 3.3558 s
loss_KE in epoch 361: 0.083070, time: 4.2498 s
loss_CG in epoch 362: 2.588661, time: 1.0083 s
loss_KE in epoch 363: 0.080902, time: 0.9940 s
loss_CG in epoch 364: 2.586948, time: 1.0062 s
loss_KE in epoch 365: 0.079030, time: 1.0100 s
loss_CG in epoch 366: 2.585458, time: 1.0383 s
loss_KE in epoch 367: 0.077408, time: 1.0560 s
loss_CG in epoch 368: 2.583791, time: 1.0785 s
loss_KE in epoch 369: 0.075969, time: 1.0667 s
loss_CG in epoch 370: 2.582313, time: 3.3459 s
loss_KE in epoch 371: 0.084603, time: 4.1776 s
loss_CG in epoch 372: 2.580684, time: 1.0027 s
loss_KE in epoch 373: 0.082506, time: 0.9944 s
loss_CG in epoch 374: 2.579065, time: 1.0051 s
loss_KE in epoch 375: 0.080691, time: 0.9970 s
loss_CG in epoch 376: 2.577496, time: 1.0299 s
loss_KE in epoch 377: 0.079097, time: 1.0422 s
loss_CG in epoch 378: 2.575906, time: 1.0645 s
loss_KE in epoch 379: 0.077661, time: 1.0691 s
loss_CG in epoch 380: 2.574342, time: 3.3406 s
loss_KE in epoch 381: 0.084525, time: 4.3280 s
loss_CG in epoch 382: 2.572795, time: 1.0053 s
loss_KE in epoch 383: 0.082426, time: 0.9960 s
loss_CG in epoch 384: 2.571054, time: 1.0036 s
loss_KE in epoch 385: 0.080639, time: 1.0090 s
loss_CG in epoch 386: 2.569568, time: 1.0331 s
loss_KE in epoch 387: 0.079093, time: 1.0471 s
loss_CG in epoch 388: 2.567879, time: 1.0758 s
loss_KE in epoch 389: 0.077703, time: 1.0696 s
loss_CG in epoch 390: 2.566378, time: 3.3369 s
loss_KE in epoch 391: 0.085710, time: 4.3194 s
loss_CG in epoch 392: 2.564749, time: 1.0064 s
loss_KE in epoch 393: 0.083649, time: 0.9938 s
loss_CG in epoch 394: 2.563113, time: 1.0050 s
loss_KE in epoch 395: 0.081857, time: 1.0002 s
loss_CG in epoch 396: 2.561531, time: 1.0275 s
loss_KE in epoch 397: 0.080274, time: 1.0437 s
loss_CG in epoch 398: 2.559940, time: 1.0787 s
loss_KE in epoch 399: 0.078860, time: 1.0672 s

epoch 399, checkpoint!
l2r: acc of top [1, 5, 10, 50, 100] = [0.2958 0.5001 0.6056 0.8223 0.8914], mr = 116.439, mrr = 0.396, time = 5.9233 s 
r2l: acc of top [1, 5, 10, 50, 100] = [0.2913 0.4987 0.6015 0.818  0.8879], mr = 111.961, mrr = 0.393, time = 5.9236 s 

loss_CG in epoch 400: 2.558364, time: 3.3010 s
loss_KE in epoch 401: 0.083765, time: 4.1280 s
loss_CG in epoch 402: 2.556787, time: 1.0037 s
loss_KE in epoch 403: 0.081767, time: 0.9959 s
loss_CG in epoch 404: 2.555048, time: 1.0067 s
loss_KE in epoch 405: 0.080041, time: 0.9936 s
loss_CG in epoch 406: 2.553523, time: 1.0098 s
loss_KE in epoch 407: 0.078520, time: 1.0049 s
loss_CG in epoch 408: 2.551850, time: 1.0319 s
loss_KE in epoch 409: 0.077154, time: 1.0478 s
loss_CG in epoch 410: 2.550318, time: 3.3400 s
loss_KE in epoch 411: 0.085121, time: 4.1639 s
loss_CG in epoch 412: 2.548705, time: 1.0064 s
loss_KE in epoch 413: 0.083166, time: 0.9956 s
loss_CG in epoch 414: 2.547022, time: 1.0082 s
loss_KE in epoch 415: 0.081469, time: 1.0166 s
loss_CG in epoch 416: 2.545449, time: 1.0471 s
loss_KE in epoch 417: 0.079973, time: 1.0553 s
loss_CG in epoch 418: 2.543825, time: 1.0779 s
loss_KE in epoch 419: 0.078642, time: 1.0687 s
loss_CG in epoch 420: 2.542247, time: 3.3452 s
loss_KE in epoch 421: 0.084442, time: 4.3941 s
loss_CG in epoch 422: 2.540676, time: 1.0074 s
loss_KE in epoch 423: 0.082503, time: 0.9934 s
loss_CG in epoch 424: 2.538954, time: 1.0069 s
loss_KE in epoch 425: 0.080808, time: 1.0083 s
loss_CG in epoch 426: 2.537440, time: 1.0311 s
loss_KE in epoch 427: 0.079319, time: 1.0520 s
loss_CG in epoch 428: 2.535763, time: 1.0777 s
loss_KE in epoch 429: 0.077994, time: 1.0668 s
loss_CG in epoch 430: 2.534225, time: 3.3272 s
loss_KE in epoch 431: 0.084868, time: 4.1279 s
loss_CG in epoch 432: 2.532588, time: 1.0034 s
loss_KE in epoch 433: 0.082927, time: 0.9939 s
loss_CG in epoch 434: 2.530905, time: 1.0053 s
loss_KE in epoch 435: 0.081217, time: 1.0032 s
loss_CG in epoch 436: 2.529326, time: 1.0353 s
loss_KE in epoch 437: 0.079701, time: 1.0457 s
loss_CG in epoch 438: 2.527690, time: 1.0728 s
loss_KE in epoch 439: 0.078333, time: 1.0699 s
loss_CG in epoch 440: 2.526096, time: 3.3306 s
loss_KE in epoch 441: 0.087133, time: 4.2602 s
loss_CG in epoch 442: 2.524513, time: 1.0052 s
loss_KE in epoch 443: 0.085201, time: 0.9967 s
loss_CG in epoch 444: 2.522766, time: 1.0044 s
loss_KE in epoch 445: 0.083517, time: 1.0076 s
loss_CG in epoch 446: 2.521236, time: 1.0393 s
loss_KE in epoch 447: 0.082010, time: 1.0530 s
loss_CG in epoch 448: 2.519548, time: 1.0773 s
loss_KE in epoch 449: 0.080667, time: 1.0698 s
loss_CG in epoch 450: 2.517996, time: 3.3308 s
loss_KE in epoch 451: 0.087546, time: 4.2036 s
loss_CG in epoch 452: 2.516350, time: 1.0066 s
loss_KE in epoch 453: 0.085669, time: 0.9935 s
loss_CG in epoch 454: 2.514642, time: 1.0058 s
loss_KE in epoch 455: 0.084032, time: 1.0107 s
loss_CG in epoch 456: 2.513059, time: 1.0366 s
loss_KE in epoch 457: 0.082586, time: 1.0550 s
loss_CG in epoch 458: 2.511398, time: 1.0754 s
loss_KE in epoch 459: 0.081299, time: 1.0665 s
loss_CG in epoch 460: 2.509804, time: 3.3270 s
loss_KE in epoch 461: 0.086707, time: 4.2526 s
loss_CG in epoch 462: 2.508181, time: 1.0042 s
loss_KE in epoch 463: 0.084925, time: 0.9962 s
loss_CG in epoch 464: 2.506403, time: 1.0068 s
loss_KE in epoch 465: 0.083335, time: 1.0014 s
loss_CG in epoch 466: 2.504852, time: 1.0344 s
loss_KE in epoch 467: 0.081915, time: 1.0488 s
loss_CG in epoch 468: 2.503134, time: 1.0715 s
loss_KE in epoch 469: 0.080638, time: 1.0691 s
loss_CG in epoch 470: 2.501567, time: 3.3602 s
loss_KE in epoch 471: 0.085995, time: 4.1954 s
loss_CG in epoch 472: 2.499918, time: 1.0066 s
loss_KE in epoch 473: 0.084126, time: 0.9956 s
loss_CG in epoch 474: 2.498219, time: 1.0041 s
loss_KE in epoch 475: 0.082506, time: 1.0084 s
loss_CG in epoch 476: 2.496619, time: 1.0391 s
loss_KE in epoch 477: 0.081062, time: 1.0516 s
loss_CG in epoch 478: 2.494967, time: 1.0774 s
loss_KE in epoch 479: 0.079775, time: 1.0689 s
loss_CG in epoch 480: 2.493346, time: 3.3309 s
loss_KE in epoch 481: 0.085842, time: 4.1748 s
loss_CG in epoch 482: 2.491734, time: 1.0068 s
loss_KE in epoch 483: 0.084046, time: 0.9936 s
loss_CG in epoch 484: 2.489932, time: 1.0084 s
loss_KE in epoch 485: 0.082467, time: 1.0156 s
loss_CG in epoch 486: 2.488381, time: 1.0456 s
loss_KE in epoch 487: 0.081057, time: 1.0599 s
loss_CG in epoch 488: 2.486635, time: 1.0786 s
loss_KE in epoch 489: 0.079806, time: 1.0666 s
loss_CG in epoch 490: 2.485057, time: 3.3350 s
loss_KE in epoch 491: 0.087169, time: 4.2252 s
loss_CG in epoch 492: 2.483407, time: 1.0028 s
loss_KE in epoch 493: 0.085373, time: 0.9949 s
loss_CG in epoch 494: 2.481672, time: 1.0066 s
loss_KE in epoch 495: 0.083784, time: 1.0015 s
loss_CG in epoch 496: 2.480094, time: 1.0364 s
loss_KE in epoch 497: 0.082365, time: 1.0485 s
loss_CG in epoch 498: 2.478406, time: 1.0751 s
loss_KE in epoch 499: 0.081092, time: 1.0705 s

epoch 499, checkpoint!
l2r: acc of top [1, 5, 10, 50, 100] = [0.2991 0.5046 0.6108 0.8212 0.8945], mr = 111.387, mrr = 0.400, time = 5.9307 s 
r2l: acc of top [1, 5, 10, 50, 100] = [0.2948 0.5001 0.6039 0.8199 0.8887], mr = 108.665, mrr = 0.395, time = 5.9310 s 

loss_CG in epoch 500: 2.476798, time: 3.3087 s
loss_KE in epoch 501: 0.086374, time: 4.2973 s
loss_CG in epoch 502: 2.475165, time: 1.0085 s
loss_KE in epoch 503: 0.084646, time: 0.9979 s
loss_CG in epoch 504: 2.473367, time: 1.0069 s
loss_KE in epoch 505: 0.083106, time: 0.9972 s
loss_CG in epoch 506: 2.471813, time: 1.0053 s
loss_KE in epoch 507: 0.081728, time: 1.0087 s
loss_CG in epoch 508: 2.470059, time: 1.0420 s
loss_KE in epoch 509: 0.080499, time: 1.0510 s
loss_CG in epoch 510: 2.468476, time: 3.3274 s
loss_KE in epoch 511: 0.089178, time: 4.2149 s
loss_CG in epoch 512: 2.466799, time: 1.0034 s
loss_KE in epoch 513: 0.087378, time: 0.9964 s
loss_CG in epoch 514: 2.465037, time: 1.0183 s
loss_KE in epoch 515: 0.085778, time: 1.0214 s
loss_CG in epoch 516: 2.463447, time: 1.0572 s
loss_KE in epoch 517: 0.084362, time: 1.0647 s
loss_CG in epoch 518: 2.461737, time: 1.0764 s
loss_KE in epoch 519: 0.083096, time: 1.0691 s
loss_CG in epoch 520: 2.460107, time: 3.3298 s
loss_KE in epoch 521: 0.088932, time: 4.0818 s
loss_CG in epoch 522: 2.458505, time: 1.0054 s
loss_KE in epoch 523: 0.087226, time: 0.9965 s
loss_CG in epoch 524: 2.456710, time: 1.0062 s
loss_KE in epoch 525: 0.085700, time: 1.0115 s
loss_CG in epoch 526: 2.455176, time: 1.0389 s
loss_KE in epoch 527: 0.084324, time: 1.0519 s
loss_CG in epoch 528: 2.453433, time: 1.0755 s
loss_KE in epoch 529: 0.083098, time: 1.0699 s
loss_CG in epoch 530: 2.451863, time: 3.3294 s
loss_KE in epoch 531: 0.088496, time: 4.3475 s
loss_CG in epoch 532: 2.450177, time: 1.0064 s
loss_KE in epoch 533: 0.086790, time: 0.9926 s
loss_CG in epoch 534: 2.448425, time: 1.0048 s
loss_KE in epoch 535: 0.085259, time: 1.0052 s
loss_CG in epoch 536: 2.446819, time: 1.0350 s
loss_KE in epoch 537: 0.083880, time: 1.0581 s
loss_CG in epoch 538: 2.445115, time: 1.0788 s
loss_KE in epoch 539: 0.082649, time: 1.0674 s
loss_CG in epoch 540: 2.443478, time: 3.3519 s
loss_KE in epoch 541: 0.089995, time: 4.3108 s
loss_CG in epoch 542: 2.441849, time: 1.0045 s
loss_KE in epoch 543: 0.088294, time: 0.9956 s
loss_CG in epoch 544: 2.440028, time: 1.0067 s
loss_KE in epoch 545: 0.086768, time: 1.0067 s
loss_CG in epoch 546: 2.438478, time: 1.0426 s
loss_KE in epoch 547: 0.085404, time: 1.0566 s
loss_CG in epoch 548: 2.436729, time: 1.0759 s
loss_KE in epoch 549: 0.084178, time: 1.0697 s
loss_CG in epoch 550: 2.435131, time: 3.3320 s
loss_KE in epoch 551: 0.088269, time: 4.1763 s
loss_CG in epoch 552: 2.433473, time: 1.0059 s
loss_KE in epoch 553: 0.086601, time: 0.9956 s
loss_CG in epoch 554: 2.431678, time: 1.0049 s
loss_KE in epoch 555: 0.085112, time: 1.0093 s
loss_CG in epoch 556: 2.430098, time: 1.0415 s
loss_KE in epoch 557: 0.083777, time: 1.0534 s
loss_CG in epoch 558: 2.428365, time: 1.0787 s
loss_KE in epoch 559: 0.082581, time: 1.0701 s
loss_CG in epoch 560: 2.426730, time: 3.3395 s
loss_KE in epoch 561: 0.087614, time: 4.3884 s
loss_CG in epoch 562: 2.425100, time: 1.0070 s
loss_KE in epoch 563: 0.085964, time: 0.9942 s
loss_CG in epoch 564: 2.423242, time: 1.0088 s
loss_KE in epoch 565: 0.084463, time: 1.0163 s
loss_CG in epoch 566: 2.421710, time: 1.0466 s
loss_KE in epoch 567: 0.083122, time: 1.0577 s
loss_CG in epoch 568: 2.419904, time: 1.0811 s
loss_KE in epoch 569: 0.081920, time: 1.0670 s
loss_CG in epoch 570: 2.418315, time: 3.3281 s
loss_KE in epoch 571: 0.090122, time: 4.1596 s
loss_CG in epoch 572: 2.416633, time: 1.0027 s
loss_KE in epoch 573: 0.088554, time: 0.9953 s
loss_CG in epoch 574: 2.414828, time: 1.0084 s
loss_KE in epoch 575: 0.087136, time: 1.0132 s
loss_CG in epoch 576: 2.413230, time: 1.0461 s
loss_KE in epoch 577: 0.085865, time: 1.0610 s
loss_CG in epoch 578: 2.411473, time: 1.0750 s
loss_KE in epoch 579: 0.084735, time: 1.0697 s
loss_CG in epoch 580: 2.409837, time: 3.3465 s
loss_KE in epoch 581: 0.090931, time: 4.2769 s
loss_CG in epoch 582: 2.408213, time: 1.0060 s
loss_KE in epoch 583: 0.089281, time: 0.9968 s
loss_CG in epoch 584: 2.406361, time: 1.0048 s
loss_KE in epoch 585: 0.087783, time: 1.0110 s
loss_CG in epoch 586: 2.404823, time: 1.0394 s
loss_KE in epoch 587: 0.086435, time: 1.0513 s
loss_CG in epoch 588: 2.403044, time: 1.0768 s
loss_KE in epoch 589: 0.085230, time: 1.0690 s
loss_CG in epoch 590: 2.401448, time: 3.3306 s
loss_KE in epoch 591: 0.090275, time: 4.2007 s
loss_CG in epoch 592: 2.399778, time: 1.0069 s
loss_KE in epoch 593: 0.088662, time: 0.9937 s
loss_CG in epoch 594: 2.397971, time: 1.0062 s
loss_KE in epoch 595: 0.087205, time: 1.0044 s
loss_CG in epoch 596: 2.396377, time: 1.0314 s
loss_KE in epoch 597: 0.085873, time: 1.0526 s
loss_CG in epoch 598: 2.394624, time: 1.0783 s
loss_KE in epoch 599: 0.084691, time: 1.0668 s

epoch 599, checkpoint!
l2r: acc of top [1, 5, 10, 50, 100] = [0.298  0.5061 0.6097 0.822  0.8961], mr = 108.292, mrr = 0.399, time = 5.9518 s 
r2l: acc of top [1, 5, 10, 50, 100] = [0.2975 0.5003 0.6058 0.8194 0.8893], mr = 107.352, mrr = 0.398, time = 5.9521 s 

loss_CG in epoch 600: 2.392991, time: 3.3187 s
loss_KE in epoch 601: 0.091797, time: 4.0803 s
loss_CG in epoch 602: 2.391338, time: 1.0051 s
loss_KE in epoch 603: 0.090229, time: 0.9965 s
loss_CG in epoch 604: 2.389467, time: 1.0076 s
loss_KE in epoch 605: 0.088759, time: 0.9936 s
loss_CG in epoch 606: 2.387914, time: 1.0077 s
loss_KE in epoch 607: 0.087443, time: 1.0120 s
loss_CG in epoch 608: 2.386097, time: 1.0452 s
loss_KE in epoch 609: 0.086254, time: 1.0598 s
loss_CG in epoch 610: 2.384490, time: 3.3425 s
loss_KE in epoch 611: 0.090969, time: 4.1441 s
loss_CG in epoch 612: 2.382801, time: 1.0061 s
loss_KE in epoch 613: 0.089368, time: 0.9964 s
loss_CG in epoch 614: 2.380959, time: 1.0066 s
loss_KE in epoch 615: 0.087919, time: 1.0167 s
loss_CG in epoch 616: 2.379351, time: 1.0520 s
loss_KE in epoch 617: 0.086614, time: 1.0635 s
loss_CG in epoch 618: 2.377584, time: 1.0779 s
loss_KE in epoch 619: 0.085454, time: 1.0696 s
loss_CG in epoch 620: 2.375913, time: 3.3584 s
loss_KE in epoch 621: 0.091668, time: 4.0911 s
loss_CG in epoch 622: 2.374278, time: 1.0081 s
loss_KE in epoch 623: 0.090078, time: 0.9939 s
loss_CG in epoch 624: 2.372401, time: 1.0150 s
loss_KE in epoch 625: 0.088623, time: 1.0242 s
loss_CG in epoch 626: 2.370846, time: 1.0588 s
loss_KE in epoch 627: 0.087319, time: 1.0679 s
loss_CG in epoch 628: 2.369033, time: 1.0785 s
loss_KE in epoch 629: 0.086146, time: 1.0670 s
loss_CG in epoch 630: 2.367421, time: 3.3310 s
loss_KE in epoch 631: 0.091648, time: 4.3365 s
loss_CG in epoch 632: 2.365730, time: 1.0035 s
loss_KE in epoch 633: 0.090107, time: 0.9949 s
loss_CG in epoch 634: 2.363898, time: 1.0057 s
loss_KE in epoch 635: 0.088687, time: 1.0033 s
loss_CG in epoch 636: 2.362309, time: 1.0429 s
loss_KE in epoch 637: 0.087398, time: 1.0560 s
loss_CG in epoch 638: 2.360526, time: 1.0748 s
loss_KE in epoch 639: 0.086248, time: 1.0693 s
loss_CG in epoch 640: 2.358886, time: 3.3484 s
loss_KE in epoch 641: 0.093306, time: 4.2354 s
loss_CG in epoch 642: 2.357261, time: 1.0054 s
loss_KE in epoch 643: 0.091766, time: 0.9964 s
loss_CG in epoch 644: 2.355385, time: 1.0083 s
loss_KE in epoch 645: 0.090330, time: 1.0173 s
loss_CG in epoch 646: 2.353853, time: 1.0458 s
loss_KE in epoch 647: 0.089029, time: 1.0561 s
loss_CG in epoch 648: 2.352047, time: 1.0786 s
loss_KE in epoch 649: 0.087857, time: 1.0700 s
loss_CG in epoch 650: 2.350435, time: 3.3397 s
loss_KE in epoch 651: 0.092742, time: 4.1894 s
loss_CG in epoch 652: 2.348756, time: 1.0076 s
loss_KE in epoch 653: 0.091226, time: 0.9929 s
loss_CG in epoch 654: 2.346862, time: 1.0071 s
loss_KE in epoch 655: 0.089830, time: 1.0160 s
loss_CG in epoch 656: 2.345289, time: 1.0431 s
loss_KE in epoch 657: 0.088557, time: 1.0597 s
loss_CG in epoch 658: 2.343475, time: 1.0795 s
loss_KE in epoch 659: 0.087409, time: 1.0678 s
loss_CG in epoch 660: 2.341830, time: 3.3344 s
loss_KE in epoch 661: 0.093524, time: 4.2075 s
loss_CG in epoch 662: 2.340154, time: 1.0039 s
loss_KE in epoch 663: 0.091997, time: 0.9953 s
loss_CG in epoch 664: 2.338251, time: 1.0111 s
loss_KE in epoch 665: 0.090603, time: 1.0123 s
loss_CG in epoch 666: 2.336684, time: 1.0475 s
loss_KE in epoch 667: 0.089350, time: 1.0600 s
loss_CG in epoch 668: 2.334834, time: 1.0759 s
loss_KE in epoch 669: 0.088238, time: 1.0710 s
loss_CG in epoch 670: 2.333215, time: 3.3489 s
loss_KE in epoch 671: 0.094010, time: 4.2336 s
loss_CG in epoch 672: 2.331537, time: 1.0067 s
loss_KE in epoch 673: 0.092546, time: 0.9950 s
loss_CG in epoch 674: 2.329640, time: 1.0091 s
loss_KE in epoch 675: 0.091173, time: 1.0207 s
loss_CG in epoch 676: 2.328068, time: 1.0518 s
loss_KE in epoch 677: 0.089920, time: 1.0556 s
loss_CG in epoch 678: 2.326254, time: 1.0781 s
loss_KE in epoch 679: 0.088808, time: 1.0700 s
loss_CG in epoch 680: 2.324595, time: 3.3286 s
loss_KE in epoch 681: 0.094826, time: 4.1763 s
loss_CG in epoch 682: 2.322907, time: 1.0074 s
loss_KE in epoch 683: 0.093367, time: 0.9937 s
loss_CG in epoch 684: 2.320996, time: 1.0124 s
loss_KE in epoch 685: 0.092008, time: 1.0222 s
loss_CG in epoch 686: 2.319416, time: 1.0499 s
loss_KE in epoch 687: 0.090763, time: 1.0581 s
loss_CG in epoch 688: 2.317582, time: 1.0796 s
loss_KE in epoch 689: 0.089654, time: 1.0676 s
loss_CG in epoch 690: 2.315924, time: 3.3517 s
loss_KE in epoch 691: 0.094056, time: 4.2084 s
loss_CG in epoch 692: 2.314265, time: 1.0036 s
loss_KE in epoch 693: 0.092637, time: 0.9956 s
loss_CG in epoch 694: 2.312348, time: 1.0062 s
loss_KE in epoch 695: 0.091293, time: 1.0073 s
loss_CG in epoch 696: 2.310800, time: 1.0389 s
loss_KE in epoch 697: 0.090082, time: 1.0577 s
loss_CG in epoch 698: 2.308946, time: 1.0752 s
loss_KE in epoch 699: 0.088988, time: 1.0698 s

epoch 699, checkpoint!
l2r: acc of top [1, 5, 10, 50, 100] = [0.2994 0.5068 0.6091 0.8213 0.8969], mr = 105.652, mrr = 0.401, time = 5.9253 s 
r2l: acc of top [1, 5, 10, 50, 100] = [0.2974 0.5027 0.6036 0.8194 0.8901], mr = 105.971, mrr = 0.398, time = 5.9256 s 

loss_CG in epoch 700: 2.307333, time: 3.3034 s
loss_KE in epoch 701: 0.096273, time: 4.1527 s
loss_CG in epoch 702: 2.305604, time: 1.0068 s
loss_KE in epoch 703: 0.094834, time: 0.9972 s
loss_CG in epoch 704: 2.303689, time: 1.0084 s
loss_KE in epoch 705: 0.093483, time: 0.9970 s
loss_CG in epoch 706: 2.302113, time: 1.0051 s
loss_KE in epoch 707: 0.092253, time: 1.0151 s
loss_CG in epoch 708: 2.300253, time: 1.0496 s
loss_KE in epoch 709: 0.091158, time: 1.0587 s
loss_CG in epoch 710: 2.298621, time: 3.3331 s
loss_KE in epoch 711: 0.095069, time: 4.2508 s
loss_CG in epoch 712: 2.296929, time: 1.0027 s
loss_KE in epoch 713: 0.093630, time: 0.9957 s
loss_CG in epoch 714: 2.295014, time: 1.0183 s
loss_KE in epoch 715: 0.092268, time: 1.0210 s
loss_CG in epoch 716: 2.293440, time: 1.0570 s
loss_KE in epoch 717: 0.091033, time: 1.0675 s
loss_CG in epoch 718: 2.291589, time: 1.0762 s
loss_KE in epoch 719: 0.089914, time: 1.0706 s
loss_CG in epoch 720: 2.289970, time: 3.3562 s
loss_KE in epoch 721: 0.095786, time: 4.0848 s
loss_CG in epoch 722: 2.288266, time: 1.0051 s
loss_KE in epoch 723: 0.094375, time: 0.9974 s
loss_CG in epoch 724: 2.286367, time: 1.0129 s
loss_KE in epoch 725: 0.093060, time: 1.0218 s
loss_CG in epoch 726: 2.284745, time: 1.0549 s
loss_KE in epoch 727: 0.091836, time: 1.0614 s
loss_CG in epoch 728: 2.282946, time: 1.0780 s
loss_KE in epoch 729: 0.090765, time: 1.0691 s
loss_CG in epoch 730: 2.281248, time: 3.3319 s
loss_KE in epoch 731: 0.096693, time: 4.2416 s
loss_CG in epoch 732: 2.279589, time: 1.0069 s
loss_KE in epoch 733: 0.095271, time: 0.9931 s
loss_CG in epoch 734: 2.277629, time: 1.0061 s
loss_KE in epoch 735: 0.093936, time: 1.0061 s
loss_CG in epoch 736: 2.276053, time: 1.0336 s
loss_KE in epoch 737: 0.092713, time: 1.0578 s
loss_CG in epoch 738: 2.274183, time: 1.0790 s
loss_KE in epoch 739: 0.091612, time: 1.0666 s
loss_CG in epoch 740: 2.272541, time: 3.3319 s
loss_KE in epoch 741: 0.096911, time: 4.2302 s
loss_CG in epoch 742: 2.270854, time: 1.0044 s
loss_KE in epoch 743: 0.095483, time: 0.9952 s
loss_CG in epoch 744: 2.268948, time: 1.0078 s
loss_KE in epoch 745: 0.094178, time: 1.0136 s
loss_CG in epoch 746: 2.267300, time: 1.0525 s
loss_KE in epoch 747: 0.092948, time: 1.0656 s
loss_CG in epoch 748: 2.265529, time: 1.0759 s
loss_KE in epoch 749: 0.091866, time: 1.0693 s
loss_CG in epoch 750: 2.263820, time: 3.3479 s
loss_KE in epoch 751: 0.096896, time: 4.2774 s
loss_CG in epoch 752: 2.262172, time: 1.0059 s
loss_KE in epoch 753: 0.095502, time: 0.9958 s
loss_CG in epoch 754: 2.260171, time: 1.0041 s
loss_KE in epoch 755: 0.094188, time: 1.0086 s
loss_CG in epoch 756: 2.258596, time: 1.0465 s
loss_KE in epoch 757: 0.092998, time: 1.0538 s
loss_CG in epoch 758: 2.256712, time: 1.0785 s
loss_KE in epoch 759: 0.091923, time: 1.0704 s
loss_CG in epoch 760: 2.255052, time: 3.3356 s
loss_KE in epoch 761: 0.096365, time: 4.6567 s
loss_CG in epoch 762: 2.253309, time: 1.0077 s
loss_KE in epoch 763: 0.095024, time: 0.9943 s
loss_CG in epoch 764: 2.251402, time: 1.0060 s
loss_KE in epoch 765: 0.093783, time: 1.0035 s
loss_CG in epoch 766: 2.249705, time: 1.0358 s
loss_KE in epoch 767: 0.092611, time: 1.0581 s
loss_CG in epoch 768: 2.247906, time: 1.0786 s
loss_KE in epoch 769: 0.091578, time: 1.0669 s
loss_CG in epoch 770: 2.246178, time: 3.3440 s
loss_KE in epoch 771: 0.097821, time: 4.3558 s
loss_CG in epoch 772: 2.244525, time: 1.0038 s
loss_KE in epoch 773: 0.096451, time: 0.9960 s
loss_CG in epoch 774: 2.242487, time: 1.0055 s
loss_KE in epoch 775: 0.095125, time: 1.0022 s
loss_CG in epoch 776: 2.240956, time: 1.0368 s
loss_KE in epoch 777: 0.093947, time: 1.0587 s
loss_CG in epoch 778: 2.238997, time: 1.0757 s
loss_KE in epoch 779: 0.092864, time: 1.0696 s
loss_CG in epoch 780: 2.237424, time: 3.3319 s
loss_KE in epoch 781: 0.101483, time: 4.2130 s
loss_CG in epoch 782: 2.235635, time: 1.0054 s
loss_KE in epoch 783: 0.100056, time: 0.9971 s
loss_CG in epoch 784: 2.233823, time: 1.0090 s
loss_KE in epoch 785: 0.098757, time: 1.0169 s
loss_CG in epoch 786: 2.232081, time: 1.0459 s
loss_KE in epoch 787: 0.097523, time: 1.0554 s
loss_CG in epoch 788: 2.230363, time: 1.0791 s
loss_KE in epoch 789: 0.096438, time: 1.0704 s
loss_CG in epoch 790: 2.228597, time: 3.3363 s
loss_KE in epoch 791: 0.098426, time: 4.2721 s
loss_CG in epoch 792: 2.226951, time: 1.0065 s
loss_KE in epoch 793: 0.097104, time: 0.9934 s
loss_CG in epoch 794: 2.224915, time: 1.0106 s
loss_KE in epoch 795: 0.095861, time: 1.0196 s
loss_CG in epoch 796: 2.223281, time: 1.0510 s
loss_KE in epoch 797: 0.094715, time: 1.0641 s
loss_CG in epoch 798: 2.221387, time: 1.0786 s
loss_KE in epoch 799: 0.093665, time: 1.0677 s

epoch 799, checkpoint!
l2r: acc of top [1, 5, 10, 50, 100] = [0.2981 0.5064 0.6104 0.8229 0.897 ], mr = 103.760, mrr = 0.400, time = 5.8852 s 
r2l: acc of top [1, 5, 10, 50, 100] = [0.2967 0.5039 0.6052 0.8201 0.8895], mr = 105.331, mrr = 0.397, time = 5.8855 s 

loss_CG in epoch 800: 2.219709, time: 3.3031 s
loss_KE in epoch 801: 0.100457, time: 4.3351 s
loss_CG in epoch 802: 2.217960, time: 1.0043 s
loss_KE in epoch 803: 0.099131, time: 0.9968 s
loss_CG in epoch 804: 2.216023, time: 1.0078 s
loss_KE in epoch 805: 0.097914, time: 0.9934 s
loss_CG in epoch 806: 2.214335, time: 1.0127 s
loss_KE in epoch 807: 0.096745, time: 1.0250 s
loss_CG in epoch 808: 2.212504, time: 1.0591 s
loss_KE in epoch 809: 0.095731, time: 1.0691 s
loss_CG in epoch 810: 2.210776, time: 3.3431 s
loss_KE in epoch 811: 0.100049, time: 4.1866 s
loss_CG in epoch 812: 2.209069, time: 1.0074 s
loss_KE in epoch 813: 0.098761, time: 0.9962 s
loss_CG in epoch 814: 2.207058, time: 1.0128 s
loss_KE in epoch 815: 0.097515, time: 1.0255 s
loss_CG in epoch 816: 2.205417, time: 1.0576 s
loss_KE in epoch 817: 0.096371, time: 1.0626 s
loss_CG in epoch 818: 2.203534, time: 1.0775 s
loss_KE in epoch 819: 0.095341, time: 1.0690 s
loss_CG in epoch 820: 2.201838, time: 3.3495 s
loss_KE in epoch 821: 0.101192, time: 4.1770 s
loss_CG in epoch 822: 2.200077, time: 1.0074 s
loss_KE in epoch 823: 0.099870, time: 0.9942 s
loss_CG in epoch 824: 2.198144, time: 1.0071 s
loss_KE in epoch 825: 0.098668, time: 1.0105 s
loss_CG in epoch 826: 2.196429, time: 1.0419 s
loss_KE in epoch 827: 0.097516, time: 1.0618 s
loss_CG in epoch 828: 2.194593, time: 1.0798 s
loss_KE in epoch 829: 0.096510, time: 1.0664 s
loss_CG in epoch 830: 2.192881, time: 3.3475 s
loss_KE in epoch 831: 0.101626, time: 4.1996 s
loss_CG in epoch 832: 2.191175, time: 1.0046 s
loss_KE in epoch 833: 0.100366, time: 0.9948 s
loss_CG in epoch 834: 2.189145, time: 1.0062 s
loss_KE in epoch 835: 0.099124, time: 1.0079 s
loss_CG in epoch 836: 2.187540, time: 1.0461 s
loss_KE in epoch 837: 0.098003, time: 1.0593 s
loss_CG in epoch 838: 2.185596, time: 1.0752 s
loss_KE in epoch 839: 0.096963, time: 1.0698 s
loss_CG in epoch 840: 2.183982, time: 3.3599 s
loss_KE in epoch 841: 0.102154, time: 4.1800 s
loss_CG in epoch 842: 2.182128, time: 1.0058 s
loss_KE in epoch 843: 0.100859, time: 0.9972 s
loss_CG in epoch 844: 2.180248, time: 1.0149 s
loss_KE in epoch 845: 0.099672, time: 1.0234 s
loss_CG in epoch 846: 2.178456, time: 1.0603 s
loss_KE in epoch 847: 0.098532, time: 1.0655 s
loss_CG in epoch 848: 2.176668, time: 1.0781 s
loss_KE in epoch 849: 0.097528, time: 1.0702 s
loss_CG in epoch 850: 2.174893, time: 3.3366 s
loss_KE in epoch 851: 0.102014, time: 4.1297 s
loss_CG in epoch 852: 2.173184, time: 1.0061 s
loss_KE in epoch 853: 0.100736, time: 0.9928 s
loss_CG in epoch 854: 2.171147, time: 1.0133 s
loss_KE in epoch 855: 0.099517, time: 1.0224 s
loss_CG in epoch 856: 2.169445, time: 1.0528 s
loss_KE in epoch 857: 0.098377, time: 1.0666 s
loss_CG in epoch 858: 2.167603, time: 1.0796 s
loss_KE in epoch 859: 0.097357, time: 1.0672 s
loss_CG in epoch 860: 2.165825, time: 3.3447 s
loss_KE in epoch 861: 0.103987, time: 4.1461 s
loss_CG in epoch 862: 2.164116, time: 1.0036 s
loss_KE in epoch 863: 0.102703, time: 0.9956 s
loss_CG in epoch 864: 2.162085, time: 1.0149 s
loss_KE in epoch 865: 0.101530, time: 1.0236 s
loss_CG in epoch 866: 2.160376, time: 1.0608 s
loss_KE in epoch 867: 0.100383, time: 1.0680 s
loss_CG in epoch 868: 2.158494, time: 1.0765 s
loss_KE in epoch 869: 0.099395, time: 1.0702 s
loss_CG in epoch 870: 2.156757, time: 3.3579 s
loss_KE in epoch 871: 0.104646, time: 4.2223 s
loss_CG in epoch 872: 2.155017, time: 1.0059 s
loss_KE in epoch 873: 0.103403, time: 0.9964 s
loss_CG in epoch 874: 2.153042, time: 1.0049 s
loss_KE in epoch 875: 0.102214, time: 1.0101 s
loss_CG in epoch 876: 2.151307, time: 1.0387 s
loss_KE in epoch 877: 0.101118, time: 1.0513 s
loss_CG in epoch 878: 2.149438, time: 1.0758 s
loss_KE in epoch 879: 0.100123, time: 1.0697 s
loss_CG in epoch 880: 2.147689, time: 3.3332 s
loss_KE in epoch 881: 0.105112, time: 4.1253 s
loss_CG in epoch 882: 2.145925, time: 1.0079 s
loss_KE in epoch 883: 0.103829, time: 0.9937 s
loss_CG in epoch 884: 2.143886, time: 1.0205 s
loss_KE in epoch 885: 0.102659, time: 1.0305 s
loss_CG in epoch 886: 2.142118, time: 1.0627 s
loss_KE in epoch 887: 0.101507, time: 1.0678 s
loss_CG in epoch 888: 2.140267, time: 1.0793 s
loss_KE in epoch 889: 0.100509, time: 1.0661 s
loss_CG in epoch 890: 2.138458, time: 3.3535 s
loss_KE in epoch 891: 0.105741, time: 4.3572 s
loss_CG in epoch 892: 2.136739, time: 1.0040 s
loss_KE in epoch 893: 0.104493, time: 0.9957 s
loss_CG in epoch 894: 2.134649, time: 1.0062 s
loss_KE in epoch 895: 0.103301, time: 1.0026 s
loss_CG in epoch 896: 2.132955, time: 1.0373 s
loss_KE in epoch 897: 0.102175, time: 1.0572 s
loss_CG in epoch 898: 2.131010, time: 1.0752 s
loss_KE in epoch 899: 0.101168, time: 1.0699 s

epoch 899, checkpoint!
l2r: acc of top [1, 5, 10, 50, 100] = [0.2986 0.5097 0.6116 0.8235 0.8964], mr = 102.511, mrr = 0.401, time = 5.9776 s 
r2l: acc of top [1, 5, 10, 50, 100] = [0.2986 0.5058 0.6049 0.8201 0.8902], mr = 105.157, mrr = 0.398, time = 5.9778 s 

loss_CG in epoch 900: 2.129280, time: 3.2963 s
loss_KE in epoch 901: 0.106225, time: 4.2319 s
loss_CG in epoch 902: 2.127477, time: 1.0075 s
loss_KE in epoch 903: 0.104996, time: 0.9984 s
loss_CG in epoch 904: 2.125502, time: 1.0066 s
loss_KE in epoch 905: 0.103867, time: 0.9975 s
loss_CG in epoch 906: 2.123695, time: 1.0180 s
loss_KE in epoch 907: 0.102743, time: 1.0311 s
loss_CG in epoch 908: 2.121873, time: 1.0659 s
loss_KE in epoch 909: 0.101775, time: 1.0665 s
loss_CG in epoch 910: 2.120058, time: 3.3344 s
loss_KE in epoch 911: 0.106871, time: 4.2828 s
loss_CG in epoch 912: 2.118322, time: 1.0042 s
loss_KE in epoch 913: 0.105655, time: 0.9959 s
loss_CG in epoch 914: 2.116200, time: 1.0110 s
loss_KE in epoch 915: 0.104457, time: 1.0156 s
loss_CG in epoch 916: 2.114527, time: 1.0548 s
loss_KE in epoch 917: 0.103372, time: 1.0661 s
loss_CG in epoch 918: 2.112516, time: 1.0761 s
loss_KE in epoch 919: 0.102364, time: 1.0701 s
loss_CG in epoch 920: 2.110816, time: 3.3623 s
loss_KE in epoch 921: 0.107029, time: 4.4850 s
loss_CG in epoch 922: 2.108973, time: 1.0057 s
loss_KE in epoch 923: 0.105742, time: 0.9973 s
loss_CG in epoch 924: 2.106971, time: 1.0066 s
loss_KE in epoch 925: 0.104572, time: 1.0179 s
loss_CG in epoch 926: 2.105132, time: 1.0476 s
loss_KE in epoch 927: 0.103411, time: 1.0564 s
loss_CG in epoch 928: 2.103299, time: 1.0783 s
loss_KE in epoch 929: 0.102403, time: 1.0697 s
loss_CG in epoch 930: 2.101475, time: 3.3454 s
loss_KE in epoch 931: 0.108088, time: 4.1454 s
loss_CG in epoch 932: 2.099683, time: 1.0073 s
loss_KE in epoch 933: 0.106933, time: 0.9940 s
loss_CG in epoch 934: 2.097607, time: 1.0096 s
loss_KE in epoch 935: 0.105816, time: 1.0096 s
loss_CG in epoch 936: 2.095843, time: 1.0419 s
loss_KE in epoch 937: 0.104772, time: 1.0596 s
loss_CG in epoch 938: 2.093875, time: 1.0800 s
loss_KE in epoch 939: 0.103816, time: 1.0672 s
loss_CG in epoch 940: 2.092131, time: 3.3342 s
loss_KE in epoch 941: 0.108995, time: 4.2919 s
loss_CG in epoch 942: 2.090257, time: 1.0051 s
loss_KE in epoch 943: 0.107794, time: 0.9962 s
loss_CG in epoch 944: 2.088251, time: 1.0108 s
loss_KE in epoch 945: 0.106688, time: 1.0134 s
loss_CG in epoch 946: 2.086436, time: 1.0494 s
loss_KE in epoch 947: 0.105600, time: 1.0588 s
loss_CG in epoch 948: 2.084521, time: 1.0769 s
loss_KE in epoch 949: 0.104667, time: 1.0703 s
loss_CG in epoch 950: 2.082749, time: 3.3386 s
loss_KE in epoch 951: 0.109384, time: 4.1961 s
loss_CG in epoch 952: 2.080917, time: 1.0065 s
loss_KE in epoch 953: 0.108250, time: 0.9965 s
loss_CG in epoch 954: 2.078819, time: 1.0111 s
loss_KE in epoch 955: 0.107125, time: 1.0215 s
loss_CG in epoch 956: 2.077026, time: 1.0509 s
loss_KE in epoch 957: 0.106073, time: 1.0642 s
loss_CG in epoch 958: 2.075052, time: 1.0785 s
loss_KE in epoch 959: 0.105128, time: 1.0699 s
loss_CG in epoch 960: 2.073272, time: 3.3446 s
loss_KE in epoch 961: 0.110605, time: 4.1787 s
loss_CG in epoch 962: 2.071373, time: 1.0078 s
loss_KE in epoch 963: 0.109420, time: 0.9935 s
loss_CG in epoch 964: 2.069372, time: 1.0116 s
loss_KE in epoch 965: 0.108357, time: 1.0217 s
loss_CG in epoch 966: 2.067479, time: 1.0507 s
loss_KE in epoch 967: 0.107281, time: 1.0652 s
loss_CG in epoch 968: 2.065584, time: 1.0788 s
loss_KE in epoch 969: 0.106377, time: 1.0672 s
loss_CG in epoch 970: 2.063714, time: 3.3550 s
loss_KE in epoch 971: 0.110977, time: 4.3823 s
loss_CG in epoch 972: 2.061937, time: 1.0039 s
loss_KE in epoch 973: 0.109842, time: 0.9956 s
loss_CG in epoch 974: 2.059773, time: 1.0106 s
loss_KE in epoch 975: 0.108710, time: 1.0174 s
loss_CG in epoch 976: 2.058041, time: 1.0536 s
loss_KE in epoch 977: 0.107689, time: 1.0663 s
loss_CG in epoch 978: 2.055979, time: 1.0755 s
loss_KE in epoch 979: 0.106718, time: 1.0695 s
loss_CG in epoch 980: 2.054302, time: 3.3363 s
loss_KE in epoch 981: 0.111813, time: 4.3091 s
loss_CG in epoch 982: 2.052312, time: 1.0060 s
loss_KE in epoch 983: 0.110602, time: 0.9969 s
loss_CG in epoch 984: 2.050325, time: 1.0064 s
loss_KE in epoch 985: 0.109525, time: 1.0174 s
loss_CG in epoch 986: 2.048386, time: 1.0464 s
loss_KE in epoch 987: 0.108428, time: 1.0561 s
loss_CG in epoch 988: 2.046506, time: 1.0786 s
loss_KE in epoch 989: 0.107538, time: 1.0697 s
loss_CG in epoch 990: 2.044596, time: 3.3435 s
loss_KE in epoch 991: 0.111625, time: 4.2901 s
loss_CG in epoch 992: 2.042812, time: 1.0081 s
loss_KE in epoch 993: 0.110517, time: 0.9938 s
loss_CG in epoch 994: 2.040657, time: 1.0121 s
loss_KE in epoch 995: 0.109434, time: 1.0208 s
loss_CG in epoch 996: 2.038814, time: 1.0497 s
loss_KE in epoch 997: 0.108415, time: 1.0654 s
loss_CG in epoch 998: 2.036825, time: 1.0791 s
loss_KE in epoch 999: 0.107469, time: 1.0671 s

epoch 999, checkpoint!
l2r: acc of top [1, 5, 10, 50, 100] = [0.2983 0.5111 0.6155 0.8248 0.8959], mr = 101.985, mrr = 0.402, time = 5.9392 s 
r2l: acc of top [1, 5, 10, 50, 100] = [0.2979 0.5067 0.6042 0.8198 0.889 ], mr = 104.610, mrr = 0.399, time = 5.9395 s 

optimization finished!
total time elapsed: 1718.7709 s
