***************************fr_en****************************
loading raw data...
-----dataset summary-----
dataset:	 data/DBP15K/fr_en
triple num:	 221720
entity num:	 39654
relation num:	 2111
train ill num:	 4500 	test ill num:	 10500
-------------------------
getting a sparse tensor r_adj...
GAT(
  (layer_stack): ModuleList(
    (0): MultiHeadGraphAttention (128 -> 128) * 2 heads
    (1): MultiHeadGraphAttention (128 -> 128) * 2 heads
  )
)
Adagrad (
Parameter Group 0
    initial_accumulator_value: 0
    lr: 0.005
    lr_decay: 0
    weight_decay: 0
)
training...
	train pos/neg_pairs shape: torch.Size([112500])
loss_CG in epoch 0: 2.997630, time: 2.0267 s
	train pos/neg_triples shape: torch.Size([443440, 3])
loss_KE in epoch 1: 3.000655, time: 16.1585 s
loss_CG in epoch 2: 2.990506, time: 2.0713 s
loss_KE in epoch 3: 2.740622, time: 2.7643 s
loss_CG in epoch 4: 2.956866, time: 2.0635 s
loss_KE in epoch 5: 2.559948, time: 2.7971 s
loss_CG in epoch 6: 2.936860, time: 2.1952 s
loss_KE in epoch 7: 2.394406, time: 3.0556 s
loss_CG in epoch 8: 2.910944, time: 2.2243 s
loss_KE in epoch 9: 2.210758, time: 3.0164 s
loss_CG in epoch 10: 2.967238, time: 4.5269 s
loss_KE in epoch 11: 2.109841, time: 17.1529 s
loss_CG in epoch 12: 2.958836, time: 2.0747 s
loss_KE in epoch 13: 1.758214, time: 2.7731 s
loss_CG in epoch 14: 2.950925, time: 2.0747 s
loss_KE in epoch 15: 1.361422, time: 2.7649 s
loss_CG in epoch 16: 2.943719, time: 2.1699 s
loss_KE in epoch 17: 0.987011, time: 2.9953 s
loss_CG in epoch 18: 2.937715, time: 2.2349 s
loss_KE in epoch 19: 0.716489, time: 3.0463 s
loss_CG in epoch 20: 2.937538, time: 4.5444 s
loss_KE in epoch 21: 0.588104, time: 17.0527 s
loss_CG in epoch 22: 2.933952, time: 2.0628 s
loss_KE in epoch 23: 0.478474, time: 2.7645 s
loss_CG in epoch 24: 2.930916, time: 2.0757 s
loss_KE in epoch 25: 0.415515, time: 2.7995 s
loss_CG in epoch 26: 2.928334, time: 2.1664 s
loss_KE in epoch 27: 0.374355, time: 3.0189 s
loss_CG in epoch 28: 2.925941, time: 2.2243 s
loss_KE in epoch 29: 0.345018, time: 3.0167 s
loss_CG in epoch 30: 2.924654, time: 4.5387 s
loss_KE in epoch 31: 0.351246, time: 18.2256 s
loss_CG in epoch 32: 2.922522, time: 2.0762 s
loss_KE in epoch 33: 0.322939, time: 2.7608 s
loss_CG in epoch 34: 2.920556, time: 2.0679 s
loss_KE in epoch 35: 0.303695, time: 2.7825 s
loss_CG in epoch 36: 2.918757, time: 2.1868 s
loss_KE in epoch 37: 0.288816, time: 3.0545 s
loss_CG in epoch 38: 2.917056, time: 2.2332 s
loss_KE in epoch 39: 0.276765, time: 3.0256 s
loss_CG in epoch 40: 2.915863, time: 4.5222 s
loss_KE in epoch 41: 0.291913, time: 18.6112 s
loss_CG in epoch 42: 2.914267, time: 2.0761 s
loss_KE in epoch 43: 0.274622, time: 2.7887 s
loss_CG in epoch 44: 2.912684, time: 2.0767 s
loss_KE in epoch 45: 0.263351, time: 2.7649 s
loss_CG in epoch 46: 2.911264, time: 2.1435 s
loss_KE in epoch 47: 0.254518, time: 3.0150 s
loss_CG in epoch 48: 2.909894, time: 2.2311 s
loss_KE in epoch 49: 0.247281, time: 3.0430 s
loss_CG in epoch 50: 2.908859, time: 4.5380 s
loss_KE in epoch 51: 0.265893, time: 16.6248 s
loss_CG in epoch 52: 2.907520, time: 2.0717 s
loss_KE in epoch 53: 0.253278, time: 2.7567 s
loss_CG in epoch 54: 2.906172, time: 2.0726 s
loss_KE in epoch 55: 0.245025, time: 2.8823 s
loss_CG in epoch 56: 2.904958, time: 2.2287 s
loss_KE in epoch 57: 0.238689, time: 3.0405 s
loss_CG in epoch 58: 2.903776, time: 2.2275 s
loss_KE in epoch 59: 0.233359, time: 3.0066 s
loss_CG in epoch 60: 2.902834, time: 4.5313 s
loss_KE in epoch 61: 0.249793, time: 16.3925 s
loss_CG in epoch 62: 2.901619, time: 2.0758 s
loss_KE in epoch 63: 0.239270, time: 2.7654 s
loss_CG in epoch 64: 2.900377, time: 2.0656 s
loss_KE in epoch 65: 0.232499, time: 2.8091 s
loss_CG in epoch 66: 2.899276, time: 2.2179 s
loss_KE in epoch 67: 0.227241, time: 3.0355 s
loss_CG in epoch 68: 2.898194, time: 2.2327 s
loss_KE in epoch 69: 0.222856, time: 3.0212 s
loss_CG in epoch 70: 2.897308, time: 4.5413 s
loss_KE in epoch 71: 0.240839, time: 16.2407 s
loss_CG in epoch 72: 2.896246, time: 2.0733 s
loss_KE in epoch 73: 0.231160, time: 2.7838 s
loss_CG in epoch 74: 2.895113, time: 2.0835 s
loss_KE in epoch 75: 0.225227, time: 2.8542 s
loss_CG in epoch 76: 2.894129, time: 2.2150 s
loss_KE in epoch 77: 0.220545, time: 3.0224 s
loss_CG in epoch 78: 2.893140, time: 2.2315 s
loss_KE in epoch 79: 0.216663, time: 3.0383 s
loss_CG in epoch 80: 2.892316, time: 4.5293 s
loss_KE in epoch 81: 0.231811, time: 16.0368 s
loss_CG in epoch 82: 2.891330, time: 2.0650 s
loss_KE in epoch 83: 0.223298, time: 2.7691 s
loss_CG in epoch 84: 2.890282, time: 2.0813 s
loss_KE in epoch 85: 0.217972, time: 2.8421 s
loss_CG in epoch 86: 2.889367, time: 2.2191 s
loss_KE in epoch 87: 0.213855, time: 3.0259 s
loss_CG in epoch 88: 2.888456, time: 2.2258 s
loss_KE in epoch 89: 0.210413, time: 3.0179 s
loss_CG in epoch 90: 2.887692, time: 4.5299 s
loss_KE in epoch 91: 0.225715, time: 18.0842 s
loss_CG in epoch 92: 2.886766, time: 2.0728 s
loss_KE in epoch 93: 0.217793, time: 2.7679 s
loss_CG in epoch 94: 2.885763, time: 2.0671 s
loss_KE in epoch 95: 0.212771, time: 2.7915 s
loss_CG in epoch 96: 2.884898, time: 2.1898 s
loss_KE in epoch 97: 0.208943, time: 3.0500 s
loss_CG in epoch 98: 2.884032, time: 2.2325 s
loss_KE in epoch 99: 0.205736, time: 3.0182 s

epoch 99, checkpoint!
l2r: acc of top [1, 5, 10, 50, 100] = [0.403  0.6731 0.7707 0.9052 0.9396], mr = 61.785, mrr = 0.524, time = 6.4088 s 
r2l: acc of top [1, 5, 10, 50, 100] = [0.4019 0.6723 0.773  0.9077 0.945 ], mr = 57.030, mrr = 0.525, time = 6.4091 s 

loss_CG in epoch 100: 2.883302, time: 4.4043 s
loss_KE in epoch 101: 0.223424, time: 16.1912 s
loss_CG in epoch 102: 2.882447, time: 2.0698 s
loss_KE in epoch 103: 0.216005, time: 2.8018 s
loss_CG in epoch 104: 2.881511, time: 2.0854 s
loss_KE in epoch 105: 0.211358, time: 2.7969 s
loss_CG in epoch 106: 2.880693, time: 2.1629 s
loss_KE in epoch 107: 0.207794, time: 3.0252 s
loss_CG in epoch 108: 2.879876, time: 2.2316 s
loss_KE in epoch 109: 0.204799, time: 3.0518 s
loss_CG in epoch 110: 2.879177, time: 4.5391 s
loss_KE in epoch 111: 0.220387, time: 15.8295 s
loss_CG in epoch 112: 2.878332, time: 2.0697 s
loss_KE in epoch 113: 0.213587, time: 2.7634 s
loss_CG in epoch 114: 2.877428, time: 2.0755 s
loss_KE in epoch 115: 0.209285, time: 2.8895 s
loss_CG in epoch 116: 2.876641, time: 2.2339 s
loss_KE in epoch 117: 0.205956, time: 3.0242 s
loss_CG in epoch 118: 2.875854, time: 2.2266 s
loss_KE in epoch 119: 0.203186, time: 3.0102 s
loss_CG in epoch 120: 2.875162, time: 4.5103 s
loss_KE in epoch 121: 0.214192, time: 16.3280 s
loss_CG in epoch 122: 2.874379, time: 2.0744 s
loss_KE in epoch 123: 0.207773, time: 2.7618 s
loss_CG in epoch 124: 2.873512, time: 2.0683 s
loss_KE in epoch 125: 0.203683, time: 2.8055 s
loss_CG in epoch 126: 2.872763, time: 2.2145 s
loss_KE in epoch 127: 0.200551, time: 3.0377 s
loss_CG in epoch 128: 2.872007, time: 2.2310 s
loss_KE in epoch 129: 0.197967, time: 3.0241 s
loss_CG in epoch 130: 2.871338, time: 4.5249 s
loss_KE in epoch 131: 0.212543, time: 16.3619 s
loss_CG in epoch 132: 2.870538, time: 2.0768 s
loss_KE in epoch 133: 0.206485, time: 2.7850 s
loss_CG in epoch 134: 2.869674, time: 2.0728 s
loss_KE in epoch 135: 0.202620, time: 2.8431 s
loss_CG in epoch 136: 2.868941, time: 2.2208 s
loss_KE in epoch 137: 0.199632, time: 3.0189 s
loss_CG in epoch 138: 2.868201, time: 2.2365 s
loss_KE in epoch 139: 0.197153, time: 3.0346 s
loss_CG in epoch 140: 2.867544, time: 4.5355 s
loss_KE in epoch 141: 0.210030, time: 16.3207 s
loss_CG in epoch 142: 2.866795, time: 2.0683 s
loss_KE in epoch 143: 0.204292, time: 2.7773 s
loss_CG in epoch 144: 2.865968, time: 2.0793 s
loss_KE in epoch 145: 0.200559, time: 2.8305 s
loss_CG in epoch 146: 2.865257, time: 2.2146 s
loss_KE in epoch 147: 0.197674, time: 3.0226 s
loss_CG in epoch 148: 2.864551, time: 2.2273 s
loss_KE in epoch 149: 0.195290, time: 3.0097 s
loss_CG in epoch 150: 2.863894, time: 4.5342 s
loss_KE in epoch 151: 0.209497, time: 17.5505 s
loss_CG in epoch 152: 2.863171, time: 2.0766 s
loss_KE in epoch 153: 0.203948, time: 2.7625 s
loss_CG in epoch 154: 2.862356, time: 2.0675 s
loss_KE in epoch 155: 0.200362, time: 2.7741 s
loss_CG in epoch 156: 2.861666, time: 2.1716 s
loss_KE in epoch 157: 0.197584, time: 3.0356 s
loss_CG in epoch 158: 2.860965, time: 2.2322 s
loss_KE in epoch 159: 0.195252, time: 3.0219 s
loss_CG in epoch 160: 2.860328, time: 4.5301 s
loss_KE in epoch 161: 0.207323, time: 16.2790 s
loss_CG in epoch 162: 2.859609, time: 2.0779 s
loss_KE in epoch 163: 0.202059, time: 2.7749 s
loss_CG in epoch 164: 2.858809, time: 2.0756 s
loss_KE in epoch 165: 0.198647, time: 2.8283 s
loss_CG in epoch 166: 2.858126, time: 2.2101 s
loss_KE in epoch 167: 0.196024, time: 3.0072 s
loss_CG in epoch 168: 2.857433, time: 2.2360 s
loss_KE in epoch 169: 0.193846, time: 3.0418 s
loss_CG in epoch 170: 2.856789, time: 4.5275 s
loss_KE in epoch 171: 0.206449, time: 16.8804 s
loss_CG in epoch 172: 2.856057, time: 2.0689 s
loss_KE in epoch 173: 0.201408, time: 2.7655 s
loss_CG in epoch 174: 2.855276, time: 2.0728 s
loss_KE in epoch 175: 0.198066, time: 2.8264 s
loss_CG in epoch 176: 2.854611, time: 2.2163 s
loss_KE in epoch 177: 0.195491, time: 3.0212 s
loss_CG in epoch 178: 2.853925, time: 2.2259 s
loss_KE in epoch 179: 0.193341, time: 3.0089 s
loss_CG in epoch 180: 2.853310, time: 4.5292 s
loss_KE in epoch 181: 0.205094, time: 16.4544 s
loss_CG in epoch 182: 2.852607, time: 2.0729 s
loss_KE in epoch 183: 0.200198, time: 2.7586 s
loss_CG in epoch 184: 2.851830, time: 2.0626 s
loss_KE in epoch 185: 0.196936, time: 2.7945 s
loss_CG in epoch 186: 2.851166, time: 2.2163 s
loss_KE in epoch 187: 0.194415, time: 3.0361 s
loss_CG in epoch 188: 2.850485, time: 2.2341 s
loss_KE in epoch 189: 0.192334, time: 3.0169 s
loss_CG in epoch 190: 2.849859, time: 4.5350 s
loss_KE in epoch 191: 0.204042, time: 16.3078 s
loss_CG in epoch 192: 2.849167, time: 2.0734 s
loss_KE in epoch 193: 0.199455, time: 2.7859 s
loss_CG in epoch 194: 2.848394, time: 2.0730 s
loss_KE in epoch 195: 0.196361, time: 2.8405 s
loss_CG in epoch 196: 2.847740, time: 2.2220 s
loss_KE in epoch 197: 0.193963, time: 3.0071 s
loss_CG in epoch 198: 2.847068, time: 2.2372 s
loss_KE in epoch 199: 0.191945, time: 3.0306 s

epoch 199, checkpoint!
l2r: acc of top [1, 5, 10, 50, 100] = [0.437  0.7135 0.8032 0.9253 0.9524], mr = 53.656, mrr = 0.560, time = 6.4151 s 
r2l: acc of top [1, 5, 10, 50, 100] = [0.4378 0.7213 0.8139 0.9336 0.9627], mr = 48.835, mrr = 0.563, time = 6.4154 s 

loss_CG in epoch 200: 2.846450, time: 4.4198 s
loss_KE in epoch 201: 0.202957, time: 16.9938 s
loss_CG in epoch 202: 2.845731, time: 2.0871 s
loss_KE in epoch 203: 0.198487, time: 2.7839 s
loss_CG in epoch 204: 2.844983, time: 2.0961 s
loss_KE in epoch 205: 0.195462, time: 2.8271 s
loss_CG in epoch 206: 2.844337, time: 2.2178 s
loss_KE in epoch 207: 0.193098, time: 3.0461 s
loss_CG in epoch 208: 2.843671, time: 2.2471 s
loss_KE in epoch 209: 0.191138, time: 3.0388 s
loss_CG in epoch 210: 2.843051, time: 4.5409 s
loss_KE in epoch 211: 0.201437, time: 16.7623 s
loss_CG in epoch 212: 2.842368, time: 2.0850 s
loss_KE in epoch 213: 0.197190, time: 2.7911 s
loss_CG in epoch 214: 2.841613, time: 2.0974 s
loss_KE in epoch 215: 0.194273, time: 2.8322 s
loss_CG in epoch 216: 2.840974, time: 2.2276 s
loss_KE in epoch 217: 0.192003, time: 3.0612 s
loss_CG in epoch 218: 2.840312, time: 2.2527 s
loss_KE in epoch 219: 0.190098, time: 3.0423 s
loss_CG in epoch 220: 2.839694, time: 4.5553 s
loss_KE in epoch 221: 0.200468, time: 17.5043 s
loss_CG in epoch 222: 2.839001, time: 2.0933 s
loss_KE in epoch 223: 0.196285, time: 2.8057 s
loss_CG in epoch 224: 2.838268, time: 2.0888 s
loss_KE in epoch 225: 0.193389, time: 2.8043 s
loss_CG in epoch 226: 2.837630, time: 2.2196 s
loss_KE in epoch 227: 0.191117, time: 3.0476 s
loss_CG in epoch 228: 2.836973, time: 2.2548 s
loss_KE in epoch 229: 0.189220, time: 3.0645 s
loss_CG in epoch 230: 2.836376, time: 4.5433 s
loss_KE in epoch 231: 0.200270, time: 17.2673 s
loss_CG in epoch 232: 2.835672, time: 2.0859 s
loss_KE in epoch 233: 0.196347, time: 2.7810 s
loss_CG in epoch 234: 2.834934, time: 2.0870 s
loss_KE in epoch 235: 0.193602, time: 2.8446 s
loss_CG in epoch 236: 2.834303, time: 2.2297 s
loss_KE in epoch 237: 0.191438, time: 3.0430 s
loss_CG in epoch 238: 2.833642, time: 2.2464 s
loss_KE in epoch 239: 0.189633, time: 3.0343 s
loss_CG in epoch 240: 2.833035, time: 4.5423 s
loss_KE in epoch 241: 0.198363, time: 18.4380 s
loss_CG in epoch 242: 2.832373, time: 2.0917 s
loss_KE in epoch 243: 0.194592, time: 2.7844 s
loss_CG in epoch 244: 2.831655, time: 2.0806 s
loss_KE in epoch 245: 0.191930, time: 2.7918 s
loss_CG in epoch 246: 2.831025, time: 2.2092 s
loss_KE in epoch 247: 0.189825, time: 3.0570 s
loss_CG in epoch 248: 2.830374, time: 2.2514 s
loss_KE in epoch 249: 0.188069, time: 3.0420 s
loss_CG in epoch 250: 2.829765, time: 4.5518 s
loss_KE in epoch 251: 0.200311, time: 16.5992 s
loss_CG in epoch 252: 2.829060, time: 2.0915 s
loss_KE in epoch 253: 0.196602, time: 2.8090 s
loss_CG in epoch 254: 2.828321, time: 2.1022 s
loss_KE in epoch 255: 0.193963, time: 2.8462 s
loss_CG in epoch 256: 2.827694, time: 2.2322 s
loss_KE in epoch 257: 0.191887, time: 3.0426 s
loss_CG in epoch 258: 2.827030, time: 2.2556 s
loss_KE in epoch 259: 0.190133, time: 3.0683 s
loss_CG in epoch 260: 2.826420, time: 4.5551 s
loss_KE in epoch 261: 0.199787, time: 16.1047 s
loss_CG in epoch 262: 2.825754, time: 2.0795 s
loss_KE in epoch 263: 0.196185, time: 2.7777 s
loss_CG in epoch 264: 2.825040, time: 2.1069 s
loss_KE in epoch 265: 0.193633, time: 2.8646 s
loss_CG in epoch 266: 2.824423, time: 2.2390 s
loss_KE in epoch 267: 0.191620, time: 3.0480 s
loss_CG in epoch 268: 2.823784, time: 2.2481 s
loss_KE in epoch 269: 0.189908, time: 3.0417 s
loss_CG in epoch 270: 2.823181, time: 4.5469 s
loss_KE in epoch 271: 0.197129, time: 16.6411 s
loss_CG in epoch 272: 2.822501, time: 2.0906 s
loss_KE in epoch 273: 0.193743, time: 2.7910 s
loss_CG in epoch 274: 2.821793, time: 2.0973 s
loss_KE in epoch 275: 0.191297, time: 2.8450 s
loss_CG in epoch 276: 2.821172, time: 2.2337 s
loss_KE in epoch 277: 0.189331, time: 3.0565 s
loss_CG in epoch 278: 2.820529, time: 2.2530 s
loss_KE in epoch 279: 0.187679, time: 3.0492 s
loss_CG in epoch 280: 2.819923, time: 4.5335 s
loss_KE in epoch 281: 0.197652, time: 16.3752 s
loss_CG in epoch 282: 2.819236, time: 2.0966 s
loss_KE in epoch 283: 0.194314, time: 2.8073 s
loss_CG in epoch 284: 2.818518, time: 2.0905 s
loss_KE in epoch 285: 0.191904, time: 2.8355 s
loss_CG in epoch 286: 2.817885, time: 2.2318 s
loss_KE in epoch 287: 0.189986, time: 3.0401 s
loss_CG in epoch 288: 2.817238, time: 2.2567 s
loss_KE in epoch 289: 0.188369, time: 3.0671 s
loss_CG in epoch 290: 2.816627, time: 4.5697 s
loss_KE in epoch 291: 0.197988, time: 15.9041 s
loss_CG in epoch 292: 2.815920, time: 2.0865 s
loss_KE in epoch 293: 0.194785, time: 2.7919 s
loss_CG in epoch 294: 2.815204, time: 2.0939 s
loss_KE in epoch 295: 0.192450, time: 2.8699 s
loss_CG in epoch 296: 2.814570, time: 2.2462 s
loss_KE in epoch 297: 0.190576, time: 3.0397 s
loss_CG in epoch 298: 2.813915, time: 2.2464 s
loss_KE in epoch 299: 0.188998, time: 3.0357 s

epoch 299, checkpoint!
l2r: acc of top [1, 5, 10, 50, 100] = [0.4531 0.7279 0.8192 0.9344 0.9587], mr = 49.882, mrr = 0.576, time = 6.4776 s 
r2l: acc of top [1, 5, 10, 50, 100] = [0.4558 0.7428 0.8315 0.9433 0.9653], mr = 45.969, mrr = 0.582, time = 6.4780 s 

loss_CG in epoch 300: 2.813301, time: 4.4388 s
loss_KE in epoch 301: 0.196998, time: 16.6843 s
loss_CG in epoch 302: 2.812611, time: 2.0880 s
loss_KE in epoch 303: 0.193881, time: 2.7844 s
loss_CG in epoch 304: 2.811898, time: 2.0868 s
loss_KE in epoch 305: 0.191593, time: 2.8060 s
loss_CG in epoch 306: 2.811264, time: 2.2167 s
loss_KE in epoch 307: 0.189776, time: 3.0607 s
loss_CG in epoch 308: 2.810604, time: 2.2539 s
loss_KE in epoch 309: 0.188244, time: 3.0461 s
loss_CG in epoch 310: 2.809978, time: 4.5363 s
loss_KE in epoch 311: 0.196025, time: 16.6657 s
loss_CG in epoch 312: 2.809286, time: 2.0967 s
loss_KE in epoch 313: 0.193039, time: 2.7986 s
loss_CG in epoch 314: 2.808572, time: 2.0894 s
loss_KE in epoch 315: 0.190819, time: 2.8228 s
loss_CG in epoch 316: 2.807940, time: 2.2217 s
loss_KE in epoch 317: 0.189029, time: 3.0506 s
loss_CG in epoch 318: 2.807279, time: 2.2525 s
loss_KE in epoch 319: 0.187512, time: 3.0646 s
loss_CG in epoch 320: 2.806656, time: 4.5575 s
loss_KE in epoch 321: 0.196386, time: 16.7872 s
loss_CG in epoch 322: 2.805963, time: 2.0869 s
loss_KE in epoch 323: 0.193497, time: 2.7788 s
loss_CG in epoch 324: 2.805242, time: 2.0925 s
loss_KE in epoch 325: 0.191323, time: 2.8485 s
loss_CG in epoch 326: 2.804616, time: 2.2262 s
loss_KE in epoch 327: 0.189545, time: 3.0559 s
loss_CG in epoch 328: 2.803966, time: 2.2450 s
loss_KE in epoch 329: 0.188039, time: 3.0462 s
loss_CG in epoch 330: 2.803339, time: 4.5535 s
loss_KE in epoch 331: 0.195880, time: 16.4343 s
loss_CG in epoch 332: 2.802645, time: 2.0927 s
loss_KE in epoch 333: 0.193050, time: 2.7933 s
loss_CG in epoch 334: 2.801925, time: 2.0875 s
loss_KE in epoch 335: 0.190915, time: 2.8524 s
loss_CG in epoch 336: 2.801289, time: 2.2378 s
loss_KE in epoch 337: 0.189175, time: 3.0746 s
loss_CG in epoch 338: 2.800622, time: 2.2498 s
loss_KE in epoch 339: 0.187706, time: 3.0479 s
loss_CG in epoch 340: 2.799999, time: 4.5290 s
loss_KE in epoch 341: 0.196545, time: 18.5998 s
loss_CG in epoch 342: 2.799296, time: 2.0925 s
loss_KE in epoch 343: 0.193843, time: 2.8096 s
loss_CG in epoch 344: 2.798591, time: 2.0952 s
loss_KE in epoch 345: 0.191822, time: 2.7875 s
loss_CG in epoch 346: 2.797955, time: 2.1598 s
loss_KE in epoch 347: 0.190160, time: 3.0259 s
loss_CG in epoch 348: 2.797302, time: 2.2533 s
loss_KE in epoch 349: 0.188748, time: 3.0671 s
loss_CG in epoch 350: 2.796675, time: 4.5700 s
loss_KE in epoch 351: 0.195536, time: 16.4686 s
loss_CG in epoch 352: 2.795982, time: 2.0914 s
loss_KE in epoch 353: 0.192869, time: 2.7956 s
loss_CG in epoch 354: 2.795262, time: 2.0885 s
loss_KE in epoch 355: 0.190832, time: 2.8654 s
loss_CG in epoch 356: 2.794616, time: 2.2455 s
loss_KE in epoch 357: 0.189162, time: 3.0566 s
loss_CG in epoch 358: 2.793950, time: 2.2494 s
loss_KE in epoch 359: 0.187744, time: 3.0392 s
loss_CG in epoch 360: 2.793317, time: 4.5657 s
loss_KE in epoch 361: 0.196029, time: 16.3874 s
loss_CG in epoch 362: 2.792614, time: 2.0907 s
loss_KE in epoch 363: 0.193465, time: 2.7840 s
loss_CG in epoch 364: 2.791914, time: 2.0974 s
loss_KE in epoch 365: 0.191506, time: 2.9022 s
loss_CG in epoch 366: 2.791263, time: 2.2556 s
loss_KE in epoch 367: 0.189905, time: 3.0672 s
loss_CG in epoch 368: 2.790606, time: 2.2547 s
loss_KE in epoch 369: 0.188533, time: 3.0416 s
loss_CG in epoch 370: 2.789965, time: 4.5329 s
loss_KE in epoch 371: 0.196918, time: 16.9590 s
loss_CG in epoch 372: 2.789254, time: 2.0968 s
loss_KE in epoch 373: 0.194433, time: 2.8099 s
loss_CG in epoch 374: 2.788550, time: 2.0899 s
loss_KE in epoch 375: 0.192507, time: 2.8396 s
loss_CG in epoch 376: 2.787912, time: 2.2297 s
loss_KE in epoch 377: 0.190912, time: 3.0495 s
loss_CG in epoch 378: 2.787243, time: 2.2491 s
loss_KE in epoch 379: 0.189544, time: 3.0653 s
loss_CG in epoch 380: 2.786612, time: 4.5549 s
loss_KE in epoch 381: 0.195510, time: 16.3945 s
loss_CG in epoch 382: 2.785915, time: 2.0856 s
loss_KE in epoch 383: 0.193095, time: 2.7999 s
loss_CG in epoch 384: 2.785213, time: 2.1001 s
loss_KE in epoch 385: 0.191227, time: 2.8743 s
loss_CG in epoch 386: 2.784562, time: 2.2321 s
loss_KE in epoch 387: 0.189687, time: 3.0467 s
loss_CG in epoch 388: 2.783894, time: 2.2444 s
loss_KE in epoch 389: 0.188359, time: 3.0366 s
loss_CG in epoch 390: 2.783246, time: 4.5347 s
loss_KE in epoch 391: 0.196093, time: 16.7712 s
loss_CG in epoch 392: 2.782527, time: 2.0942 s
loss_KE in epoch 393: 0.193687, time: 2.7835 s
loss_CG in epoch 394: 2.781807, time: 2.0993 s
loss_KE in epoch 395: 0.191822, time: 2.8523 s
loss_CG in epoch 396: 2.781161, time: 2.2350 s
loss_KE in epoch 397: 0.190292, time: 3.0719 s
loss_CG in epoch 398: 2.780477, time: 2.2515 s
loss_KE in epoch 399: 0.188962, time: 3.0467 s

epoch 399, checkpoint!
l2r: acc of top [1, 5, 10, 50, 100] = [0.4639 0.7397 0.8292 0.9387 0.9614], mr = 47.926, mrr = 0.586, time = 6.4142 s 
r2l: acc of top [1, 5, 10, 50, 100] = [0.4677 0.7541 0.841  0.9473 0.967 ], mr = 43.699, mrr = 0.594, time = 6.4145 s 

loss_CG in epoch 400: 2.779840, time: 4.4162 s
loss_KE in epoch 401: 0.195932, time: 16.8204 s
loss_CG in epoch 402: 2.779125, time: 2.0872 s
loss_KE in epoch 403: 0.193691, time: 2.8252 s
loss_CG in epoch 404: 2.778404, time: 2.0908 s
loss_KE in epoch 405: 0.191959, time: 2.8169 s
loss_CG in epoch 406: 2.777748, time: 2.2066 s
loss_KE in epoch 407: 0.190494, time: 3.0486 s
loss_CG in epoch 408: 2.777068, time: 2.2519 s
loss_KE in epoch 409: 0.189223, time: 3.0795 s
loss_CG in epoch 410: 2.776416, time: 4.5605 s
loss_KE in epoch 411: 0.195781, time: 15.8324 s
loss_CG in epoch 412: 2.775700, time: 2.0831 s
loss_KE in epoch 413: 0.193562, time: 2.7855 s
loss_CG in epoch 414: 2.774988, time: 2.1065 s
loss_KE in epoch 415: 0.191812, time: 2.9133 s
loss_CG in epoch 416: 2.774337, time: 2.2531 s
loss_KE in epoch 417: 0.190362, time: 3.0460 s
loss_CG in epoch 418: 2.773649, time: 2.2452 s
loss_KE in epoch 419: 0.189116, time: 3.0443 s
loss_CG in epoch 420: 2.772999, time: 4.5387 s
loss_KE in epoch 421: 0.195944, time: 17.4713 s
loss_CG in epoch 422: 2.772284, time: 2.0918 s
loss_KE in epoch 423: 0.193748, time: 2.7916 s
loss_CG in epoch 424: 2.771557, time: 2.0835 s
loss_KE in epoch 425: 0.192032, time: 2.8210 s
loss_CG in epoch 426: 2.770900, time: 2.2334 s
loss_KE in epoch 427: 0.190602, time: 3.0690 s
loss_CG in epoch 428: 2.770210, time: 2.2502 s
loss_KE in epoch 429: 0.189378, time: 3.0451 s
loss_CG in epoch 430: 2.769554, time: 4.5512 s
loss_KE in epoch 431: 0.195460, time: 17.1774 s
loss_CG in epoch 432: 2.768841, time: 2.0924 s
loss_KE in epoch 433: 0.193312, time: 2.8056 s
loss_CG in epoch 434: 2.768133, time: 2.0965 s
loss_KE in epoch 435: 0.191605, time: 2.8103 s
loss_CG in epoch 436: 2.767482, time: 2.2112 s
loss_KE in epoch 437: 0.190186, time: 3.0341 s
loss_CG in epoch 438: 2.766799, time: 2.2546 s
loss_KE in epoch 439: 0.188958, time: 3.0630 s
loss_CG in epoch 440: 2.766140, time: 4.5732 s
loss_KE in epoch 441: 0.194700, time: 16.1025 s
loss_CG in epoch 442: 2.765407, time: 2.0851 s
loss_KE in epoch 443: 0.192656, time: 2.7870 s
loss_CG in epoch 444: 2.764688, time: 2.0936 s
loss_KE in epoch 445: 0.191030, time: 2.9267 s
loss_CG in epoch 446: 2.764019, time: 2.2518 s
loss_KE in epoch 447: 0.189674, time: 3.0488 s
loss_CG in epoch 448: 2.763331, time: 2.2451 s
loss_KE in epoch 449: 0.188505, time: 3.0346 s
loss_CG in epoch 450: 2.762664, time: 4.5395 s
loss_KE in epoch 451: 0.195585, time: 16.7853 s
loss_CG in epoch 452: 2.761950, time: 2.0869 s
loss_KE in epoch 453: 0.193587, time: 2.7843 s
loss_CG in epoch 454: 2.761230, time: 2.0972 s
loss_KE in epoch 455: 0.192003, time: 2.8243 s
loss_CG in epoch 456: 2.760571, time: 2.2192 s
loss_KE in epoch 457: 0.190673, time: 3.0631 s
loss_CG in epoch 458: 2.759880, time: 2.2489 s
loss_KE in epoch 459: 0.189510, time: 3.0483 s
loss_CG in epoch 460: 2.759218, time: 4.5351 s
loss_KE in epoch 461: 0.195198, time: 16.0941 s
loss_CG in epoch 462: 2.758479, time: 2.0943 s
loss_KE in epoch 463: 0.193274, time: 2.8023 s
loss_CG in epoch 464: 2.757758, time: 2.0896 s
loss_KE in epoch 465: 0.191739, time: 2.8446 s
loss_CG in epoch 466: 2.757086, time: 2.2325 s
loss_KE in epoch 467: 0.190448, time: 3.0368 s
loss_CG in epoch 468: 2.756390, time: 2.2565 s
loss_KE in epoch 469: 0.189332, time: 3.0644 s
loss_CG in epoch 470: 2.755724, time: 4.5552 s
loss_KE in epoch 471: 0.196418, time: 17.0545 s
loss_CG in epoch 472: 2.754993, time: 2.0834 s
loss_KE in epoch 473: 0.194502, time: 2.7808 s
loss_CG in epoch 474: 2.754268, time: 2.1055 s
loss_KE in epoch 475: 0.192950, time: 2.8392 s
loss_CG in epoch 476: 2.753591, time: 2.2322 s
loss_KE in epoch 477: 0.191634, time: 3.0470 s
loss_CG in epoch 478: 2.752888, time: 2.2463 s
loss_KE in epoch 479: 0.190494, time: 3.0388 s
loss_CG in epoch 480: 2.752212, time: 4.5572 s
loss_KE in epoch 481: 0.194450, time: 16.0430 s
loss_CG in epoch 482: 2.751475, time: 2.0897 s
loss_KE in epoch 483: 0.192628, time: 2.7858 s
loss_CG in epoch 484: 2.750746, time: 2.0800 s
loss_KE in epoch 485: 0.191142, time: 2.8297 s
loss_CG in epoch 486: 2.750067, time: 2.2416 s
loss_KE in epoch 487: 0.189891, time: 3.0651 s
loss_CG in epoch 488: 2.749372, time: 2.2529 s
loss_KE in epoch 489: 0.188802, time: 3.0487 s
loss_CG in epoch 490: 2.748692, time: 4.5331 s
loss_KE in epoch 491: 0.195849, time: 16.4262 s
loss_CG in epoch 492: 2.747967, time: 2.0964 s
loss_KE in epoch 493: 0.193995, time: 2.8084 s
loss_CG in epoch 494: 2.747236, time: 2.0872 s
loss_KE in epoch 495: 0.192502, time: 2.8503 s
loss_CG in epoch 496: 2.746563, time: 2.2291 s
loss_KE in epoch 497: 0.191245, time: 3.0429 s
loss_CG in epoch 498: 2.745853, time: 2.2558 s
loss_KE in epoch 499: 0.190152, time: 3.0695 s

epoch 499, checkpoint!
l2r: acc of top [1, 5, 10, 50, 100] = [0.47   0.7485 0.8353 0.941  0.9622], mr = 46.135, mrr = 0.593, time = 6.4535 s 
r2l: acc of top [1, 5, 10, 50, 100] = [0.4773 0.7616 0.8483 0.9498 0.9672], mr = 42.538, mrr = 0.602, time = 6.4538 s 

loss_CG in epoch 500: 2.745174, time: 4.4266 s
loss_KE in epoch 501: 0.195700, time: 17.0585 s
loss_CG in epoch 502: 2.744421, time: 2.0846 s
loss_KE in epoch 503: 0.193985, time: 2.7867 s
loss_CG in epoch 504: 2.743693, time: 2.1059 s
loss_KE in epoch 505: 0.192569, time: 2.8295 s
loss_CG in epoch 506: 2.743007, time: 2.1947 s
loss_KE in epoch 507: 0.191368, time: 3.0402 s
loss_CG in epoch 508: 2.742298, time: 2.2474 s
loss_KE in epoch 509: 0.190316, time: 3.0345 s
loss_CG in epoch 510: 2.741617, time: 4.5383 s
loss_KE in epoch 511: 0.195202, time: 17.4775 s
loss_CG in epoch 512: 2.740871, time: 2.0896 s
loss_KE in epoch 513: 0.193491, time: 2.7892 s
loss_CG in epoch 514: 2.740136, time: 2.0854 s
loss_KE in epoch 515: 0.192086, time: 2.8213 s
loss_CG in epoch 516: 2.739456, time: 2.2368 s
loss_KE in epoch 517: 0.190892, time: 3.0704 s
loss_CG in epoch 518: 2.738741, time: 2.2542 s
loss_KE in epoch 519: 0.189840, time: 3.0477 s
loss_CG in epoch 520: 2.738057, time: 4.5285 s
loss_KE in epoch 521: 0.195324, time: 15.7523 s
loss_CG in epoch 522: 2.737297, time: 2.0942 s
loss_KE in epoch 523: 0.193692, time: 2.8065 s
loss_CG in epoch 524: 2.736563, time: 2.1027 s
loss_KE in epoch 525: 0.192351, time: 2.8334 s
loss_CG in epoch 526: 2.735863, time: 2.2254 s
loss_KE in epoch 527: 0.191195, time: 3.0397 s
loss_CG in epoch 528: 2.735146, time: 2.2559 s
loss_KE in epoch 529: 0.190180, time: 3.0622 s
loss_CG in epoch 530: 2.734452, time: 4.5500 s
loss_KE in epoch 531: 0.194605, time: 16.2238 s
loss_CG in epoch 532: 2.733705, time: 2.0856 s
loss_KE in epoch 533: 0.192959, time: 2.7846 s
loss_CG in epoch 534: 2.732965, time: 2.0963 s
loss_KE in epoch 535: 0.191595, time: 2.8605 s
loss_CG in epoch 536: 2.732276, time: 2.2305 s
loss_KE in epoch 537: 0.190427, time: 3.0430 s
loss_CG in epoch 538: 2.731554, time: 2.2487 s
loss_KE in epoch 539: 0.189397, time: 3.0387 s
loss_CG in epoch 540: 2.730862, time: 4.5461 s
loss_KE in epoch 541: 0.196506, time: 16.4761 s
loss_CG in epoch 542: 2.730102, time: 2.0939 s
loss_KE in epoch 543: 0.194917, time: 2.7869 s
loss_CG in epoch 544: 2.729362, time: 2.0787 s
loss_KE in epoch 545: 0.193586, time: 2.8081 s
loss_CG in epoch 546: 2.728659, time: 2.2359 s
loss_KE in epoch 547: 0.192446, time: 3.0593 s
loss_CG in epoch 548: 2.727939, time: 2.2539 s
loss_KE in epoch 549: 0.191447, time: 3.0383 s
loss_CG in epoch 550: 2.727232, time: 4.5360 s
loss_KE in epoch 551: 0.196209, time: 17.3912 s
loss_CG in epoch 552: 2.726481, time: 2.0954 s
loss_KE in epoch 553: 0.194651, time: 2.8001 s
loss_CG in epoch 554: 2.725741, time: 2.0922 s
loss_KE in epoch 555: 0.193334, time: 2.8086 s
loss_CG in epoch 556: 2.725048, time: 2.1990 s
loss_KE in epoch 557: 0.192208, time: 3.0410 s
loss_CG in epoch 558: 2.724320, time: 2.2542 s
loss_KE in epoch 559: 0.191216, time: 3.0653 s
loss_CG in epoch 560: 2.723623, time: 4.5343 s
loss_KE in epoch 561: 0.195942, time: 16.5215 s
loss_CG in epoch 562: 2.722849, time: 2.0865 s
loss_KE in epoch 563: 0.194412, time: 2.7797 s
loss_CG in epoch 564: 2.722106, time: 2.0912 s
loss_KE in epoch 565: 0.193139, time: 2.8654 s
loss_CG in epoch 566: 2.721397, time: 2.2386 s
loss_KE in epoch 567: 0.192044, time: 3.0432 s
loss_CG in epoch 568: 2.720663, time: 2.2485 s
loss_KE in epoch 569: 0.191073, time: 3.0332 s
loss_CG in epoch 570: 2.719954, time: 4.5365 s
loss_KE in epoch 571: 0.196638, time: 16.0370 s
loss_CG in epoch 572: 2.719187, time: 2.0912 s
loss_KE in epoch 573: 0.195160, time: 2.7910 s
loss_CG in epoch 574: 2.718431, time: 2.0978 s
loss_KE in epoch 575: 0.193937, time: 2.8239 s
loss_CG in epoch 576: 2.717722, time: 2.2257 s
loss_KE in epoch 577: 0.192884, time: 3.0639 s
loss_CG in epoch 578: 2.716983, time: 2.2520 s
loss_KE in epoch 579: 0.191946, time: 3.0383 s
loss_CG in epoch 580: 2.716267, time: 4.5313 s
loss_KE in epoch 581: 0.195737, time: 16.8057 s
loss_CG in epoch 582: 2.715487, time: 2.0936 s
loss_KE in epoch 583: 0.194285, time: 2.8077 s
loss_CG in epoch 584: 2.714733, time: 2.0921 s
loss_KE in epoch 585: 0.193080, time: 2.8271 s
loss_CG in epoch 586: 2.714011, time: 2.2286 s
loss_KE in epoch 587: 0.192045, time: 3.0393 s
loss_CG in epoch 588: 2.713269, time: 2.2551 s
loss_KE in epoch 589: 0.191126, time: 3.0632 s
loss_CG in epoch 590: 2.712547, time: 4.5359 s
loss_KE in epoch 591: 0.195015, time: 17.5030 s
loss_CG in epoch 592: 2.711776, time: 2.0824 s
loss_KE in epoch 593: 0.193607, time: 2.7873 s
loss_CG in epoch 594: 2.711018, time: 2.1015 s
loss_KE in epoch 595: 0.192410, time: 2.8388 s
loss_CG in epoch 596: 2.710299, time: 2.2255 s
loss_KE in epoch 597: 0.191372, time: 3.0448 s
loss_CG in epoch 598: 2.709554, time: 2.2462 s
loss_KE in epoch 599: 0.190458, time: 3.0480 s

epoch 599, checkpoint!
l2r: acc of top [1, 5, 10, 50, 100] = [0.475  0.7536 0.8394 0.945  0.9643], mr = 44.708, mrr = 0.598, time = 6.3926 s 
r2l: acc of top [1, 5, 10, 50, 100] = [0.482  0.7663 0.853  0.9519 0.968 ], mr = 41.563, mrr = 0.607, time = 6.3929 s 

loss_CG in epoch 600: 2.708838, time: 4.4202 s
loss_KE in epoch 601: 0.195483, time: 16.6912 s
loss_CG in epoch 602: 2.708048, time: 2.0921 s
loss_KE in epoch 603: 0.194129, time: 2.7921 s
loss_CG in epoch 604: 2.707292, time: 2.0854 s
loss_KE in epoch 605: 0.192978, time: 2.8010 s
loss_CG in epoch 606: 2.706562, time: 2.2161 s
loss_KE in epoch 607: 0.191978, time: 3.0684 s
loss_CG in epoch 608: 2.705810, time: 2.2573 s
loss_KE in epoch 609: 0.191100, time: 3.0448 s
loss_CG in epoch 610: 2.705074, time: 4.5262 s
loss_KE in epoch 611: 0.196391, time: 18.0197 s
loss_CG in epoch 612: 2.704286, time: 2.0972 s
loss_KE in epoch 613: 0.195023, time: 2.8094 s
loss_CG in epoch 614: 2.703521, time: 2.0949 s
loss_KE in epoch 615: 0.193870, time: 2.7997 s
loss_CG in epoch 616: 2.702793, time: 2.1700 s
loss_KE in epoch 617: 0.192861, time: 3.0480 s
loss_CG in epoch 618: 2.702036, time: 2.2531 s
loss_KE in epoch 619: 0.191969, time: 3.0677 s
loss_CG in epoch 620: 2.701304, time: 4.5316 s
loss_KE in epoch 621: 0.197688, time: 15.9887 s
loss_CG in epoch 622: 2.700526, time: 2.0856 s
loss_KE in epoch 623: 0.196351, time: 2.7910 s
loss_CG in epoch 624: 2.699758, time: 2.0911 s
loss_KE in epoch 625: 0.195211, time: 2.9084 s
loss_CG in epoch 626: 2.699027, time: 2.2505 s
loss_KE in epoch 627: 0.194226, time: 3.0471 s
loss_CG in epoch 628: 2.698269, time: 2.2452 s
loss_KE in epoch 629: 0.193349, time: 3.0457 s
loss_CG in epoch 630: 2.697536, time: 4.5401 s
loss_KE in epoch 631: 0.196952, time: 17.5156 s
loss_CG in epoch 632: 2.696745, time: 2.0935 s
loss_KE in epoch 633: 0.195658, time: 2.7827 s
loss_CG in epoch 634: 2.695980, time: 2.0867 s
loss_KE in epoch 635: 0.194554, time: 2.8251 s
loss_CG in epoch 636: 2.695246, time: 2.2094 s
loss_KE in epoch 637: 0.193591, time: 3.0686 s
loss_CG in epoch 638: 2.694484, time: 2.2509 s
loss_KE in epoch 639: 0.192734, time: 3.0471 s
loss_CG in epoch 640: 2.693750, time: 4.5319 s
loss_KE in epoch 641: 0.197664, time: 16.4280 s
loss_CG in epoch 642: 2.692948, time: 2.0925 s
loss_KE in epoch 643: 0.196370, time: 2.8193 s
loss_CG in epoch 644: 2.692184, time: 2.0936 s
loss_KE in epoch 645: 0.195280, time: 2.8512 s
loss_CG in epoch 646: 2.691435, time: 2.2382 s
loss_KE in epoch 647: 0.194320, time: 3.0439 s
loss_CG in epoch 648: 2.690673, time: 2.2487 s
loss_KE in epoch 649: 0.193464, time: 3.0623 s
loss_CG in epoch 650: 2.689929, time: 4.5507 s
loss_KE in epoch 651: 0.196921, time: 16.8033 s
loss_CG in epoch 652: 2.689137, time: 2.0853 s
loss_KE in epoch 653: 0.195653, time: 2.7832 s
loss_CG in epoch 654: 2.688352, time: 2.1020 s
loss_KE in epoch 655: 0.194572, time: 2.8745 s
loss_CG in epoch 656: 2.687614, time: 2.2383 s
loss_KE in epoch 657: 0.193623, time: 3.0537 s
loss_CG in epoch 658: 2.686838, time: 2.2456 s
loss_KE in epoch 659: 0.192779, time: 3.0377 s
loss_CG in epoch 660: 2.686098, time: 4.5505 s
loss_KE in epoch 661: 0.197794, time: 15.7868 s
loss_CG in epoch 662: 2.685289, time: 2.0929 s
loss_KE in epoch 663: 0.196559, time: 2.7901 s
loss_CG in epoch 664: 2.684513, time: 2.0877 s
loss_KE in epoch 665: 0.195502, time: 2.8929 s
loss_CG in epoch 666: 2.683760, time: 2.2547 s
loss_KE in epoch 667: 0.194575, time: 3.0614 s
loss_CG in epoch 668: 2.682990, time: 2.2534 s
loss_KE in epoch 669: 0.193744, time: 3.0429 s
loss_CG in epoch 670: 2.682235, time: 4.5411 s
loss_KE in epoch 671: 0.197144, time: 16.6083 s
loss_CG in epoch 672: 2.681431, time: 2.0991 s
loss_KE in epoch 673: 0.195927, time: 2.8087 s
loss_CG in epoch 674: 2.680636, time: 2.1029 s
loss_KE in epoch 675: 0.194877, time: 2.8315 s
loss_CG in epoch 676: 2.679885, time: 2.2074 s
loss_KE in epoch 677: 0.193973, time: 3.0522 s
loss_CG in epoch 678: 2.679100, time: 2.2526 s
loss_KE in epoch 679: 0.193158, time: 3.0667 s
loss_CG in epoch 680: 2.678354, time: 4.5448 s
loss_KE in epoch 681: 0.198200, time: 18.8604 s
loss_CG in epoch 682: 2.677531, time: 2.0843 s
loss_KE in epoch 683: 0.197018, time: 2.7774 s
loss_CG in epoch 684: 2.676749, time: 2.0902 s
loss_KE in epoch 685: 0.196002, time: 2.8097 s
loss_CG in epoch 686: 2.675983, time: 2.1591 s
loss_KE in epoch 687: 0.195107, time: 3.0448 s
loss_CG in epoch 688: 2.675201, time: 2.2436 s
loss_KE in epoch 689: 0.194305, time: 3.0436 s
loss_CG in epoch 690: 2.674434, time: 4.5614 s
loss_KE in epoch 691: 0.197536, time: 17.3910 s
loss_CG in epoch 692: 2.673623, time: 2.0941 s
loss_KE in epoch 693: 0.196366, time: 2.7923 s
loss_CG in epoch 694: 2.672831, time: 2.0978 s
loss_KE in epoch 695: 0.195359, time: 2.8243 s
loss_CG in epoch 696: 2.672075, time: 2.2218 s
loss_KE in epoch 697: 0.194479, time: 3.0834 s
loss_CG in epoch 698: 2.671284, time: 2.2530 s
loss_KE in epoch 699: 0.193689, time: 3.0513 s

epoch 699, checkpoint!
l2r: acc of top [1, 5, 10, 50, 100] = [0.4788 0.757  0.8444 0.9465 0.9655], mr = 43.343, mrr = 0.602, time = 6.4318 s 
r2l: acc of top [1, 5, 10, 50, 100] = [0.4857 0.7722 0.8566 0.9524 0.9691], mr = 40.416, mrr = 0.611, time = 6.4322 s 

loss_CG in epoch 700: 2.670522, time: 4.4189 s
loss_KE in epoch 701: 0.197047, time: 16.4504 s
loss_CG in epoch 702: 2.669691, time: 2.0898 s
loss_KE in epoch 703: 0.195915, time: 2.8230 s
loss_CG in epoch 704: 2.668897, time: 2.0929 s
loss_KE in epoch 705: 0.194937, time: 2.8218 s
loss_CG in epoch 706: 2.668124, time: 2.2070 s
loss_KE in epoch 707: 0.194078, time: 3.0533 s
loss_CG in epoch 708: 2.667328, time: 2.2504 s
loss_KE in epoch 709: 0.193304, time: 3.0857 s
loss_CG in epoch 710: 2.666557, time: 4.5552 s
loss_KE in epoch 711: 0.197212, time: 17.5461 s
loss_CG in epoch 712: 2.665727, time: 2.0834 s
loss_KE in epoch 713: 0.196105, time: 2.7931 s
loss_CG in epoch 714: 2.664925, time: 2.0992 s
loss_KE in epoch 715: 0.195150, time: 2.8067 s
loss_CG in epoch 716: 2.664145, time: 2.1856 s
loss_KE in epoch 717: 0.194312, time: 3.0443 s
loss_CG in epoch 718: 2.663342, time: 2.2484 s
loss_KE in epoch 719: 0.193561, time: 3.0386 s
loss_CG in epoch 720: 2.662571, time: 4.5474 s
loss_KE in epoch 721: 0.197494, time: 17.2852 s
loss_CG in epoch 722: 2.661741, time: 2.0876 s
loss_KE in epoch 723: 0.196415, time: 2.7876 s
loss_CG in epoch 724: 2.660940, time: 2.0940 s
loss_KE in epoch 725: 0.195476, time: 2.7986 s
loss_CG in epoch 726: 2.660160, time: 2.1940 s
loss_KE in epoch 727: 0.194647, time: 3.0621 s
loss_CG in epoch 728: 2.659357, time: 2.2501 s
loss_KE in epoch 729: 0.193904, time: 3.0512 s
loss_CG in epoch 730: 2.658570, time: 4.5539 s
loss_KE in epoch 731: 0.198691, time: 18.5757 s
loss_CG in epoch 732: 2.657734, time: 2.0970 s
loss_KE in epoch 733: 0.197630, time: 2.8066 s
loss_CG in epoch 734: 2.656921, time: 2.0902 s
loss_KE in epoch 735: 0.196714, time: 2.7922 s
loss_CG in epoch 736: 2.656137, time: 2.1779 s
loss_KE in epoch 737: 0.195905, time: 3.0356 s
loss_CG in epoch 738: 2.655326, time: 2.2540 s
loss_KE in epoch 739: 0.195173, time: 3.0608 s
loss_CG in epoch 740: 2.654537, time: 4.5638 s
loss_KE in epoch 741: 0.199678, time: 16.8590 s
loss_CG in epoch 742: 2.653699, time: 2.0884 s
loss_KE in epoch 743: 0.198617, time: 2.7882 s
loss_CG in epoch 744: 2.652884, time: 2.0905 s
loss_KE in epoch 745: 0.197705, time: 2.8328 s
loss_CG in epoch 746: 2.652092, time: 2.2244 s
loss_KE in epoch 747: 0.196909, time: 3.0463 s
loss_CG in epoch 748: 2.651275, time: 2.2482 s
loss_KE in epoch 749: 0.196190, time: 3.0295 s
loss_CG in epoch 750: 2.650484, time: 4.5370 s
loss_KE in epoch 751: 0.198993, time: 16.7575 s
loss_CG in epoch 752: 2.649635, time: 2.0875 s
loss_KE in epoch 753: 0.197952, time: 2.7952 s
loss_CG in epoch 754: 2.648827, time: 2.0848 s
loss_KE in epoch 755: 0.197046, time: 2.8520 s
loss_CG in epoch 756: 2.648036, time: 2.2447 s
loss_KE in epoch 757: 0.196251, time: 3.0519 s
loss_CG in epoch 758: 2.647217, time: 2.2513 s
loss_KE in epoch 759: 0.195525, time: 3.0499 s
loss_CG in epoch 760: 2.646426, time: 4.5300 s
loss_KE in epoch 761: 0.198959, time: 17.3716 s
loss_CG in epoch 762: 2.645577, time: 2.0926 s
loss_KE in epoch 763: 0.197935, time: 2.8037 s
loss_CG in epoch 764: 2.644751, time: 2.1041 s
loss_KE in epoch 765: 0.197041, time: 2.8336 s
loss_CG in epoch 766: 2.643959, time: 2.2055 s
loss_KE in epoch 767: 0.196245, time: 3.0359 s
loss_CG in epoch 768: 2.643133, time: 2.2542 s
loss_KE in epoch 769: 0.195531, time: 3.0594 s
loss_CG in epoch 770: 2.642339, time: 4.5507 s
loss_KE in epoch 771: 0.199403, time: 16.4849 s
loss_CG in epoch 772: 2.641483, time: 2.0870 s
loss_KE in epoch 773: 0.198430, time: 2.7827 s
loss_CG in epoch 774: 2.640661, time: 2.0992 s
loss_KE in epoch 775: 0.197577, time: 2.8485 s
loss_CG in epoch 776: 2.639852, time: 2.2379 s
loss_KE in epoch 777: 0.196818, time: 3.0364 s
loss_CG in epoch 778: 2.639023, time: 2.2474 s
loss_KE in epoch 779: 0.196131, time: 3.0363 s
loss_CG in epoch 780: 2.638215, time: 4.5366 s
loss_KE in epoch 781: 0.199027, time: 16.6835 s
loss_CG in epoch 782: 2.637357, time: 2.0903 s
loss_KE in epoch 783: 0.198052, time: 2.7959 s
loss_CG in epoch 784: 2.636524, time: 2.0814 s
loss_KE in epoch 785: 0.197204, time: 2.8025 s
loss_CG in epoch 786: 2.635719, time: 2.2338 s
loss_KE in epoch 787: 0.196450, time: 3.0677 s
loss_CG in epoch 788: 2.634881, time: 2.2541 s
loss_KE in epoch 789: 0.195764, time: 3.0351 s
loss_CG in epoch 790: 2.634074, time: 4.5577 s
loss_KE in epoch 791: 0.199579, time: 17.0152 s
loss_CG in epoch 792: 2.633209, time: 2.0915 s
loss_KE in epoch 793: 0.198625, time: 2.8107 s
loss_CG in epoch 794: 2.632380, time: 2.1030 s
loss_KE in epoch 795: 0.197786, time: 2.8290 s
loss_CG in epoch 796: 2.631566, time: 2.2229 s
loss_KE in epoch 797: 0.197040, time: 3.0383 s
loss_CG in epoch 798: 2.630732, time: 2.2545 s
loss_KE in epoch 799: 0.196363, time: 3.0583 s

epoch 799, checkpoint!
l2r: acc of top [1, 5, 10, 50, 100] = [0.4818 0.7613 0.8464 0.9477 0.9661], mr = 42.450, mrr = 0.605, time = 6.4080 s 
r2l: acc of top [1, 5, 10, 50, 100] = [0.4871 0.7738 0.8604 0.9536 0.9695], mr = 39.599, mrr = 0.613, time = 6.4084 s 

loss_CG in epoch 800: 2.629914, time: 4.4084 s
loss_KE in epoch 801: 0.200389, time: 17.9654 s
loss_CG in epoch 802: 2.629043, time: 2.0876 s
loss_KE in epoch 803: 0.199464, time: 2.7836 s
loss_CG in epoch 804: 2.628205, time: 2.0956 s
loss_KE in epoch 805: 0.198650, time: 2.8260 s
loss_CG in epoch 806: 2.627387, time: 2.2046 s
loss_KE in epoch 807: 0.197922, time: 3.0471 s
loss_CG in epoch 808: 2.626542, time: 2.2469 s
loss_KE in epoch 809: 0.197260, time: 3.0393 s
loss_CG in epoch 810: 2.625735, time: 4.5391 s
loss_KE in epoch 811: 0.200080, time: 16.3675 s
loss_CG in epoch 812: 2.624862, time: 2.0942 s
loss_KE in epoch 813: 0.199168, time: 2.7817 s
loss_CG in epoch 814: 2.624021, time: 2.0818 s
loss_KE in epoch 815: 0.198362, time: 2.8343 s
loss_CG in epoch 816: 2.623190, time: 2.2402 s
loss_KE in epoch 817: 0.197644, time: 3.0656 s
loss_CG in epoch 818: 2.622341, time: 2.2541 s
loss_KE in epoch 819: 0.196990, time: 3.0405 s
loss_CG in epoch 820: 2.621511, time: 4.5534 s
loss_KE in epoch 821: 0.199968, time: 16.5695 s
loss_CG in epoch 822: 2.620640, time: 2.0928 s
loss_KE in epoch 823: 0.199036, time: 2.7983 s
loss_CG in epoch 824: 2.619796, time: 2.0903 s
loss_KE in epoch 825: 0.198215, time: 2.8775 s
loss_CG in epoch 826: 2.618968, time: 2.2426 s
loss_KE in epoch 827: 0.197481, time: 3.0370 s
loss_CG in epoch 828: 2.618117, time: 2.2560 s
loss_KE in epoch 829: 0.196816, time: 3.0600 s
loss_CG in epoch 830: 2.617288, time: 4.5629 s
loss_KE in epoch 831: 0.199670, time: 17.6645 s
loss_CG in epoch 832: 2.616403, time: 2.0824 s
loss_KE in epoch 833: 0.198787, time: 2.7827 s
loss_CG in epoch 834: 2.615550, time: 2.1065 s
loss_KE in epoch 835: 0.198010, time: 2.8302 s
loss_CG in epoch 836: 2.614712, time: 2.1858 s
loss_KE in epoch 837: 0.197314, time: 3.0458 s
loss_CG in epoch 838: 2.613853, time: 2.2481 s
loss_KE in epoch 839: 0.196679, time: 3.0375 s
loss_CG in epoch 840: 2.613010, time: 4.5634 s
loss_KE in epoch 841: 0.200177, time: 16.5111 s
loss_CG in epoch 842: 2.612122, time: 2.0928 s
loss_KE in epoch 843: 0.199302, time: 2.7823 s
loss_CG in epoch 844: 2.611270, time: 2.0788 s
loss_KE in epoch 845: 0.198538, time: 2.8585 s
loss_CG in epoch 846: 2.610426, time: 2.2453 s
loss_KE in epoch 847: 0.197856, time: 3.0613 s
loss_CG in epoch 848: 2.609563, time: 2.2512 s
loss_KE in epoch 849: 0.197236, time: 3.0487 s
loss_CG in epoch 850: 2.608719, time: 4.5358 s
loss_KE in epoch 851: 0.200679, time: 16.9215 s
loss_CG in epoch 852: 2.607830, time: 2.0929 s
loss_KE in epoch 853: 0.199830, time: 2.8086 s
loss_CG in epoch 854: 2.606966, time: 2.0912 s
loss_KE in epoch 855: 0.199076, time: 2.8249 s
loss_CG in epoch 856: 2.606125, time: 2.2261 s
loss_KE in epoch 857: 0.198402, time: 3.0438 s
loss_CG in epoch 858: 2.605254, time: 2.2573 s
loss_KE in epoch 859: 0.197788, time: 3.0607 s
loss_CG in epoch 860: 2.604405, time: 4.5633 s
loss_KE in epoch 861: 0.200564, time: 17.9873 s
loss_CG in epoch 862: 2.603511, time: 2.0815 s
loss_KE in epoch 863: 0.199707, time: 2.7853 s
loss_CG in epoch 864: 2.602649, time: 2.0962 s
loss_KE in epoch 865: 0.198950, time: 2.8171 s
loss_CG in epoch 866: 2.601799, time: 2.2072 s
loss_KE in epoch 867: 0.198274, time: 3.0425 s
loss_CG in epoch 868: 2.600929, time: 2.2462 s
loss_KE in epoch 869: 0.197659, time: 3.0347 s
loss_CG in epoch 870: 2.600082, time: 4.5399 s
loss_KE in epoch 871: 0.201757, time: 16.6110 s
loss_CG in epoch 872: 2.599179, time: 2.0933 s
loss_KE in epoch 873: 0.200939, time: 2.7875 s
loss_CG in epoch 874: 2.598317, time: 2.0850 s
loss_KE in epoch 875: 0.200211, time: 2.8403 s
loss_CG in epoch 876: 2.597461, time: 2.2488 s
loss_KE in epoch 877: 0.199555, time: 3.0689 s
loss_CG in epoch 878: 2.596588, time: 2.2553 s
loss_KE in epoch 879: 0.198957, time: 3.0370 s
loss_CG in epoch 880: 2.595735, time: 4.5341 s
loss_KE in epoch 881: 0.201683, time: 15.8926 s
loss_CG in epoch 882: 2.594830, time: 2.0883 s
loss_KE in epoch 883: 0.200863, time: 2.8073 s
loss_CG in epoch 884: 2.593961, time: 2.0986 s
loss_KE in epoch 885: 0.200140, time: 2.8688 s
loss_CG in epoch 886: 2.593090, time: 2.2389 s
loss_KE in epoch 887: 0.199492, time: 3.0443 s
loss_CG in epoch 888: 2.592213, time: 2.2555 s
loss_KE in epoch 889: 0.198902, time: 3.0614 s
loss_CG in epoch 890: 2.591340, time: 4.5525 s
loss_KE in epoch 891: 0.201583, time: 17.0329 s
loss_CG in epoch 892: 2.590442, time: 2.0845 s
loss_KE in epoch 893: 0.200809, time: 2.7855 s
loss_CG in epoch 894: 2.589563, time: 2.0900 s
loss_KE in epoch 895: 0.200117, time: 2.8304 s
loss_CG in epoch 896: 2.588709, time: 2.2201 s
loss_KE in epoch 897: 0.199497, time: 3.0438 s
loss_CG in epoch 898: 2.587816, time: 2.2475 s
loss_KE in epoch 899: 0.198931, time: 3.0424 s

epoch 899, checkpoint!
l2r: acc of top [1, 5, 10, 50, 100] = [0.484  0.7641 0.8477 0.9493 0.967 ], mr = 41.978, mrr = 0.607, time = 6.4084 s 
r2l: acc of top [1, 5, 10, 50, 100] = [0.4912 0.777  0.8625 0.9548 0.97  ], mr = 39.024, mrr = 0.616, time = 6.4087 s 

loss_CG in epoch 900: 2.586957, time: 4.4160 s
loss_KE in epoch 901: 0.203023, time: 16.3657 s
loss_CG in epoch 902: 2.586034, time: 2.0923 s
loss_KE in epoch 903: 0.202246, time: 2.7903 s
loss_CG in epoch 904: 2.585150, time: 2.0890 s
loss_KE in epoch 905: 0.201554, time: 2.8023 s
loss_CG in epoch 906: 2.584267, time: 2.2307 s
loss_KE in epoch 907: 0.200930, time: 3.0580 s
loss_CG in epoch 908: 2.583379, time: 2.2555 s
loss_KE in epoch 909: 0.200363, time: 3.0442 s
loss_CG in epoch 910: 2.582498, time: 4.5497 s
loss_KE in epoch 911: 0.202884, time: 16.2766 s
loss_CG in epoch 912: 2.581587, time: 2.0888 s
loss_KE in epoch 913: 0.202121, time: 2.7959 s
loss_CG in epoch 914: 2.580700, time: 2.1008 s
loss_KE in epoch 915: 0.201443, time: 2.8341 s
loss_CG in epoch 916: 2.579830, time: 2.2188 s
loss_KE in epoch 917: 0.200833, time: 3.0551 s
loss_CG in epoch 918: 2.578932, time: 2.2534 s
loss_KE in epoch 919: 0.200268, time: 3.0678 s
loss_CG in epoch 920: 2.578066, time: 4.5682 s
loss_KE in epoch 921: 0.204246, time: 18.2204 s
loss_CG in epoch 922: 2.577135, time: 2.0881 s
loss_KE in epoch 923: 0.203474, time: 2.7870 s
loss_CG in epoch 924: 2.576243, time: 2.0887 s
loss_KE in epoch 925: 0.202788, time: 2.8272 s
loss_CG in epoch 926: 2.575356, time: 2.2219 s
loss_KE in epoch 927: 0.202175, time: 3.0545 s
loss_CG in epoch 928: 2.574451, time: 2.2453 s
loss_KE in epoch 929: 0.201613, time: 3.0439 s
loss_CG in epoch 930: 2.573566, time: 4.5369 s
loss_KE in epoch 931: 0.203451, time: 15.7095 s
loss_CG in epoch 932: 2.572637, time: 2.0927 s
loss_KE in epoch 933: 0.202702, time: 2.7881 s
loss_CG in epoch 934: 2.571737, time: 2.0970 s
loss_KE in epoch 935: 0.202030, time: 2.8866 s
loss_CG in epoch 936: 2.570850, time: 2.2454 s
loss_KE in epoch 937: 0.201428, time: 3.0692 s
loss_CG in epoch 938: 2.569941, time: 2.2523 s
loss_KE in epoch 939: 0.200878, time: 3.0428 s
loss_CG in epoch 940: 2.569056, time: 4.5380 s
loss_KE in epoch 941: 0.202876, time: 18.7420 s
loss_CG in epoch 942: 2.568120, time: 2.0939 s
loss_KE in epoch 943: 0.202134, time: 2.8003 s
loss_CG in epoch 944: 2.567217, time: 2.0917 s
loss_KE in epoch 945: 0.201465, time: 2.8001 s
loss_CG in epoch 946: 2.566322, time: 2.1869 s
loss_KE in epoch 947: 0.200862, time: 3.0421 s
loss_CG in epoch 948: 2.565406, time: 2.2530 s
loss_KE in epoch 949: 0.200312, time: 3.0603 s
loss_CG in epoch 950: 2.564515, time: 4.5507 s
loss_KE in epoch 951: 0.203644, time: 16.4839 s
loss_CG in epoch 952: 2.563577, time: 2.0918 s
loss_KE in epoch 953: 0.202894, time: 2.7872 s
loss_CG in epoch 954: 2.562666, time: 2.0933 s
loss_KE in epoch 955: 0.202226, time: 2.9061 s
loss_CG in epoch 956: 2.561768, time: 2.2565 s
loss_KE in epoch 957: 0.201626, time: 3.0576 s
loss_CG in epoch 958: 2.560850, time: 2.2471 s
loss_KE in epoch 959: 0.201077, time: 3.0371 s
loss_CG in epoch 960: 2.559946, time: 4.5876 s
loss_KE in epoch 961: 0.204884, time: 17.1212 s
loss_CG in epoch 962: 2.558995, time: 2.0892 s
loss_KE in epoch 963: 0.204156, time: 2.7945 s
loss_CG in epoch 964: 2.558084, time: 2.0916 s
loss_KE in epoch 965: 0.203506, time: 2.7905 s
loss_CG in epoch 966: 2.557177, time: 2.2158 s
loss_KE in epoch 967: 0.202918, time: 3.0605 s
loss_CG in epoch 968: 2.556252, time: 2.2541 s
loss_KE in epoch 969: 0.202383, time: 3.0399 s
loss_CG in epoch 970: 2.555347, time: 4.5558 s
loss_KE in epoch 971: 0.204416, time: 16.9427 s
loss_CG in epoch 972: 2.554394, time: 2.0982 s
loss_KE in epoch 973: 0.203711, time: 2.8070 s
loss_CG in epoch 974: 2.553475, time: 2.0917 s
loss_KE in epoch 975: 0.203076, time: 2.8408 s
loss_CG in epoch 976: 2.552563, time: 2.2295 s
loss_KE in epoch 977: 0.202506, time: 3.0420 s
loss_CG in epoch 978: 2.551630, time: 2.2513 s
loss_KE in epoch 979: 0.201981, time: 3.0654 s
loss_CG in epoch 980: 2.550717, time: 4.5528 s
loss_KE in epoch 981: 0.204290, time: 17.1605 s
loss_CG in epoch 982: 2.549762, time: 2.0875 s
loss_KE in epoch 983: 0.203590, time: 2.7903 s
loss_CG in epoch 984: 2.548834, time: 2.0893 s
loss_KE in epoch 985: 0.202972, time: 2.8216 s
loss_CG in epoch 986: 2.547914, time: 2.2048 s
loss_KE in epoch 987: 0.202412, time: 3.0411 s
loss_CG in epoch 988: 2.546976, time: 2.2432 s
loss_KE in epoch 989: 0.201902, time: 3.0458 s
loss_CG in epoch 990: 2.546063, time: 4.5473 s
loss_KE in epoch 991: 0.204734, time: 16.1977 s
loss_CG in epoch 992: 2.545095, time: 2.0941 s
loss_KE in epoch 993: 0.204044, time: 2.7892 s
loss_CG in epoch 994: 2.544167, time: 2.0872 s
loss_KE in epoch 995: 0.203422, time: 2.8918 s
loss_CG in epoch 996: 2.543243, time: 2.2459 s
loss_KE in epoch 997: 0.202858, time: 3.0810 s
loss_CG in epoch 998: 2.542304, time: 2.2524 s
loss_KE in epoch 999: 0.202344, time: 3.0464 s

epoch 999, checkpoint!
l2r: acc of top [1, 5, 10, 50, 100] = [0.485  0.7673 0.8489 0.9507 0.967 ], mr = 41.406, mrr = 0.609, time = 6.4325 s 
r2l: acc of top [1, 5, 10, 50, 100] = [0.4937 0.779  0.8647 0.9555 0.9707], mr = 38.436, mrr = 0.619, time = 6.4328 s 

optimization finished!
total time elapsed: 4285.1122 s
