***************************ja_en****************************
loading raw data...
-----dataset summary-----
dataset:	 data/DBP15K/ja_en
triple num:	 170698
entity num:	 39594
relation num:	 2452
train ill num:	 4500 	test ill num:	 10500
-------------------------
getting a sparse tensor r_adj...
GAT(
  (layer_stack): ModuleList(
    (0): MultiHeadGraphAttention (128 -> 128) * 2 heads
    (1): MultiHeadGraphAttention (128 -> 128) * 2 heads
  )
)
Adagrad (
Parameter Group 0
    initial_accumulator_value: 0
    lr: 0.005
    lr_decay: 0
    weight_decay: 0
)
training...
	train pos/neg_pairs shape: torch.Size([112500])
loss_CG in epoch 0: 2.997699, time: 1.6856 s
	train pos/neg_triples shape: torch.Size([341396, 3])
loss_KE in epoch 1: 2.999180, time: 12.6192 s
loss_CG in epoch 2: 2.987535, time: 1.7601 s
loss_KE in epoch 3: 2.699949, time: 2.0267 s
loss_CG in epoch 4: 2.955948, time: 1.7729 s
loss_KE in epoch 5: 2.522657, time: 2.0923 s
loss_CG in epoch 6: 2.937454, time: 1.9610 s
loss_KE in epoch 7: 2.352769, time: 2.1845 s
loss_CG in epoch 8: 2.911378, time: 1.9564 s
loss_KE in epoch 9: 2.143261, time: 2.1724 s
loss_CG in epoch 10: 2.962243, time: 4.1803 s
loss_KE in epoch 11: 2.065957, time: 12.9893 s
loss_CG in epoch 12: 2.952077, time: 1.7588 s
loss_KE in epoch 13: 1.648226, time: 2.0312 s
loss_CG in epoch 14: 2.942825, time: 1.7576 s
loss_KE in epoch 15: 1.195979, time: 2.0419 s
loss_CG in epoch 16: 2.934786, time: 1.9250 s
loss_KE in epoch 17: 0.804876, time: 2.1802 s
loss_CG in epoch 18: 2.928363, time: 1.9588 s
loss_KE in epoch 19: 0.560002, time: 2.1786 s
loss_CG in epoch 20: 2.928974, time: 4.1488 s
loss_KE in epoch 21: 0.476709, time: 12.5796 s
loss_CG in epoch 22: 2.925078, time: 1.7021 s
loss_KE in epoch 23: 0.380943, time: 2.0321 s
loss_CG in epoch 24: 2.921778, time: 1.7703 s
loss_KE in epoch 25: 0.329024, time: 2.0675 s
loss_CG in epoch 26: 2.918897, time: 1.9137 s
loss_KE in epoch 27: 0.294618, time: 2.1693 s
loss_CG in epoch 28: 2.916183, time: 1.9707 s
loss_KE in epoch 29: 0.269350, time: 2.1769 s
loss_CG in epoch 30: 2.914623, time: 4.1493 s
loss_KE in epoch 31: 0.286281, time: 13.1300 s
loss_CG in epoch 32: 2.912204, time: 1.7007 s
loss_KE in epoch 33: 0.255046, time: 1.9670 s
loss_CG in epoch 34: 2.909936, time: 1.6958 s
loss_KE in epoch 35: 0.235827, time: 2.0295 s
loss_CG in epoch 36: 2.907882, time: 1.8669 s
loss_KE in epoch 37: 0.221532, time: 2.1730 s
loss_CG in epoch 38: 2.905924, time: 1.9545 s
loss_KE in epoch 39: 0.210059, time: 2.1649 s
loss_CG in epoch 40: 2.904531, time: 4.1368 s
loss_KE in epoch 41: 0.239382, time: 13.5528 s
loss_CG in epoch 42: 2.902656, time: 1.7656 s
loss_KE in epoch 43: 0.218721, time: 2.0242 s
loss_CG in epoch 44: 2.900806, time: 1.7565 s
loss_KE in epoch 45: 0.206316, time: 2.0660 s
loss_CG in epoch 46: 2.899144, time: 1.9222 s
loss_KE in epoch 47: 0.197138, time: 2.1806 s
loss_CG in epoch 48: 2.897531, time: 1.9577 s
loss_KE in epoch 49: 0.189608, time: 2.1802 s
loss_CG in epoch 50: 2.896301, time: 4.1232 s
loss_KE in epoch 51: 0.214772, time: 12.4641 s
loss_CG in epoch 52: 2.894720, time: 1.6956 s
loss_KE in epoch 53: 0.198375, time: 2.0348 s
loss_CG in epoch 54: 2.893116, time: 1.7685 s
loss_KE in epoch 55: 0.188798, time: 2.0754 s
loss_CG in epoch 56: 2.891697, time: 1.9212 s
loss_KE in epoch 57: 0.181667, time: 2.1705 s
loss_CG in epoch 58: 2.890314, time: 1.9653 s
loss_KE in epoch 59: 0.175878, time: 2.1814 s
loss_CG in epoch 60: 2.889242, time: 4.1420 s
loss_KE in epoch 61: 0.198525, time: 12.9341 s
loss_CG in epoch 62: 2.887875, time: 1.7553 s
loss_KE in epoch 63: 0.184497, time: 2.0178 s
loss_CG in epoch 64: 2.886396, time: 1.7833 s
loss_KE in epoch 65: 0.176484, time: 2.0717 s
loss_CG in epoch 66: 2.885111, time: 1.9351 s
loss_KE in epoch 67: 0.170580, time: 2.1793 s
loss_CG in epoch 68: 2.883842, time: 1.9438 s
loss_KE in epoch 69: 0.165803, time: 2.1711 s
loss_CG in epoch 70: 2.882814, time: 4.1615 s
loss_KE in epoch 71: 0.189515, time: 12.0157 s
loss_CG in epoch 72: 2.881610, time: 1.6982 s
loss_KE in epoch 73: 0.176946, time: 2.0320 s
loss_CG in epoch 74: 2.880258, time: 1.7605 s
loss_KE in epoch 75: 0.169822, time: 2.0640 s
loss_CG in epoch 76: 2.879089, time: 1.9419 s
loss_KE in epoch 77: 0.164527, time: 2.1790 s
loss_CG in epoch 78: 2.877931, time: 1.9546 s
loss_KE in epoch 79: 0.160262, time: 2.1819 s
loss_CG in epoch 80: 2.876966, time: 4.1398 s
loss_KE in epoch 81: 0.183796, time: 13.2479 s
loss_CG in epoch 82: 2.875798, time: 1.6961 s
loss_KE in epoch 83: 0.172571, time: 2.0299 s
loss_CG in epoch 84: 2.874531, time: 1.7573 s
loss_KE in epoch 85: 0.166071, time: 2.0418 s
loss_CG in epoch 86: 2.873433, time: 1.8823 s
loss_KE in epoch 87: 0.161332, time: 2.1686 s
loss_CG in epoch 88: 2.872350, time: 1.9546 s
loss_KE in epoch 89: 0.157521, time: 2.1751 s
loss_CG in epoch 90: 2.871459, time: 4.1803 s
loss_KE in epoch 91: 0.178329, time: 12.6212 s
loss_CG in epoch 92: 2.870384, time: 1.6921 s
loss_KE in epoch 93: 0.168022, time: 2.0175 s
loss_CG in epoch 94: 2.869155, time: 1.7710 s
loss_KE in epoch 95: 0.162021, time: 2.0811 s
loss_CG in epoch 96: 2.868124, time: 1.9395 s
loss_KE in epoch 97: 0.157679, time: 2.1686 s
loss_CG in epoch 98: 2.867089, time: 1.9448 s
loss_KE in epoch 99: 0.154196, time: 2.1696 s

epoch 99, checkpoint!
l2r: acc of top [1, 5, 10, 50, 100] = [0.4052 0.6755 0.7712 0.9158 0.9436], mr = 87.496, mrr = 0.528, time = 6.2764 s 
r2l: acc of top [1, 5, 10, 50, 100] = [0.397  0.6571 0.7555 0.9042 0.938 ], mr = 97.367, mrr = 0.517, time = 6.2767 s 

loss_CG in epoch 100: 2.866171, time: 4.0556 s
loss_KE in epoch 101: 0.175339, time: 12.6946 s
loss_CG in epoch 102: 2.865210, time: 1.7557 s
loss_KE in epoch 103: 0.165408, time: 2.0271 s
loss_CG in epoch 104: 2.864056, time: 1.7638 s
loss_KE in epoch 105: 0.159631, time: 2.1067 s
loss_CG in epoch 106: 2.863082, time: 1.9810 s
loss_KE in epoch 107: 0.155402, time: 2.1783 s
loss_CG in epoch 108: 2.862127, time: 1.9545 s
loss_KE in epoch 109: 0.151984, time: 2.1789 s
loss_CG in epoch 110: 2.861287, time: 4.1395 s
loss_KE in epoch 111: 0.171481, time: 12.5211 s
loss_CG in epoch 112: 2.860323, time: 1.6934 s
loss_KE in epoch 113: 0.162313, time: 2.0294 s
loss_CG in epoch 114: 2.859194, time: 1.7787 s
loss_KE in epoch 115: 0.156864, time: 2.0627 s
loss_CG in epoch 116: 2.858244, time: 1.9159 s
loss_KE in epoch 117: 0.152876, time: 2.1705 s
loss_CG in epoch 118: 2.857297, time: 1.9542 s
loss_KE in epoch 119: 0.149662, time: 2.1839 s
loss_CG in epoch 120: 2.856466, time: 4.1646 s
loss_KE in epoch 121: 0.167560, time: 12.6031 s
loss_CG in epoch 122: 2.855577, time: 1.6911 s
loss_KE in epoch 123: 0.158984, time: 2.0160 s
loss_CG in epoch 124: 2.854469, time: 1.7739 s
loss_KE in epoch 125: 0.153855, time: 2.0942 s
loss_CG in epoch 126: 2.853563, time: 1.9382 s
loss_KE in epoch 127: 0.150045, time: 2.1785 s
loss_CG in epoch 128: 2.852654, time: 1.9614 s
loss_KE in epoch 129: 0.146991, time: 2.1685 s
loss_CG in epoch 130: 2.851843, time: 4.1547 s
loss_KE in epoch 131: 0.167470, time: 12.7518 s
loss_CG in epoch 132: 2.850926, time: 1.7680 s
loss_KE in epoch 133: 0.159502, time: 2.0307 s
loss_CG in epoch 134: 2.849852, time: 1.7573 s
loss_KE in epoch 135: 0.154685, time: 2.0391 s
loss_CG in epoch 136: 2.848945, time: 1.9050 s
loss_KE in epoch 137: 0.151092, time: 2.1799 s
loss_CG in epoch 138: 2.848041, time: 1.9760 s
loss_KE in epoch 139: 0.148180, time: 2.1800 s
loss_CG in epoch 140: 2.847238, time: 4.1609 s
loss_KE in epoch 141: 0.165459, time: 12.2416 s
loss_CG in epoch 142: 2.846361, time: 1.6937 s
loss_KE in epoch 143: 0.157856, time: 2.0184 s
loss_CG in epoch 144: 2.845328, time: 1.7630 s
loss_KE in epoch 145: 0.153160, time: 2.0680 s
loss_CG in epoch 146: 2.844459, time: 1.9123 s
loss_KE in epoch 147: 0.149651, time: 2.1698 s
loss_CG in epoch 148: 2.843591, time: 1.9647 s
loss_KE in epoch 149: 0.146854, time: 2.1800 s
loss_CG in epoch 150: 2.842812, time: 4.1482 s
loss_KE in epoch 151: 0.163747, time: 12.8531 s
loss_CG in epoch 152: 2.841933, time: 1.7609 s
loss_KE in epoch 153: 0.156421, time: 2.0202 s
loss_CG in epoch 154: 2.840908, time: 1.7801 s
loss_KE in epoch 155: 0.151875, time: 2.0595 s
loss_CG in epoch 156: 2.840061, time: 1.9186 s
loss_KE in epoch 157: 0.148463, time: 2.1775 s
loss_CG in epoch 158: 2.839195, time: 1.9665 s
loss_KE in epoch 159: 0.145703, time: 2.1716 s
loss_CG in epoch 160: 2.838428, time: 4.1543 s
loss_KE in epoch 161: 0.162946, time: 12.6994 s
loss_CG in epoch 162: 2.837590, time: 1.6943 s
loss_KE in epoch 163: 0.155999, time: 2.0247 s
loss_CG in epoch 164: 2.836575, time: 1.7752 s
loss_KE in epoch 165: 0.151669, time: 2.0474 s
loss_CG in epoch 166: 2.835742, time: 1.9207 s
loss_KE in epoch 167: 0.148420, time: 2.1789 s
loss_CG in epoch 168: 2.834880, time: 1.9664 s
loss_KE in epoch 169: 0.145787, time: 2.1810 s
loss_CG in epoch 170: 2.834108, time: 4.1497 s
loss_KE in epoch 171: 0.161297, time: 12.5995 s
loss_CG in epoch 172: 2.833287, time: 1.7043 s
loss_KE in epoch 173: 0.154697, time: 1.9724 s
loss_CG in epoch 174: 2.832279, time: 1.6951 s
loss_KE in epoch 175: 0.150541, time: 2.0427 s
loss_CG in epoch 176: 2.831470, time: 1.8931 s
loss_KE in epoch 177: 0.147434, time: 2.1694 s
loss_CG in epoch 178: 2.830613, time: 1.9528 s
loss_KE in epoch 179: 0.144882, time: 2.1794 s
loss_CG in epoch 180: 2.829865, time: 4.1729 s
loss_KE in epoch 181: 0.159967, time: 12.8928 s
loss_CG in epoch 182: 2.829008, time: 1.7618 s
loss_KE in epoch 183: 0.153543, time: 2.0175 s
loss_CG in epoch 184: 2.828000, time: 1.7546 s
loss_KE in epoch 185: 0.149455, time: 2.0646 s
loss_CG in epoch 186: 2.827186, time: 1.9173 s
loss_KE in epoch 187: 0.146362, time: 2.1793 s
loss_CG in epoch 188: 2.826339, time: 1.9545 s
loss_KE in epoch 189: 0.143839, time: 2.1680 s
loss_CG in epoch 190: 2.825576, time: 4.1496 s
loss_KE in epoch 191: 0.158581, time: 12.7472 s
loss_CG in epoch 192: 2.824719, time: 1.6955 s
loss_KE in epoch 193: 0.152506, time: 2.0321 s
loss_CG in epoch 194: 2.823737, time: 1.7579 s
loss_KE in epoch 195: 0.148554, time: 2.0352 s
loss_CG in epoch 196: 2.822928, time: 1.9023 s
loss_KE in epoch 197: 0.145574, time: 2.1804 s
loss_CG in epoch 198: 2.822085, time: 1.9652 s
loss_KE in epoch 199: 0.143137, time: 2.1807 s

epoch 199, checkpoint!
l2r: acc of top [1, 5, 10, 50, 100] = [0.44   0.714  0.8075 0.927  0.95  ], mr = 77.141, mrr = 0.563, time = 6.3480 s 
r2l: acc of top [1, 5, 10, 50, 100] = [0.4357 0.702  0.7992 0.9231 0.9494], mr = 79.582, mrr = 0.557, time = 6.3483 s 

loss_CG in epoch 200: 2.821323, time: 4.0605 s
loss_KE in epoch 201: 0.159233, time: 13.1814 s
loss_CG in epoch 202: 2.820506, time: 1.7186 s
loss_KE in epoch 203: 0.153277, time: 1.9936 s
loss_CG in epoch 204: 2.819532, time: 1.7142 s
loss_KE in epoch 205: 0.149377, time: 2.0592 s
loss_CG in epoch 206: 2.818737, time: 1.8793 s
loss_KE in epoch 207: 0.146439, time: 2.1912 s
loss_CG in epoch 208: 2.817916, time: 1.9656 s
loss_KE in epoch 209: 0.144006, time: 2.1998 s
loss_CG in epoch 210: 2.817161, time: 4.1847 s
loss_KE in epoch 211: 0.157515, time: 12.5389 s
loss_CG in epoch 212: 2.816316, time: 1.7583 s
loss_KE in epoch 213: 0.151930, time: 2.0395 s
loss_CG in epoch 214: 2.815360, time: 1.7830 s
loss_KE in epoch 215: 0.148235, time: 2.0885 s
loss_CG in epoch 216: 2.814554, time: 1.9323 s
loss_KE in epoch 217: 0.145406, time: 2.2002 s
loss_CG in epoch 218: 2.813727, time: 1.9709 s
loss_KE in epoch 219: 0.143078, time: 2.1801 s
loss_CG in epoch 220: 2.812972, time: 4.1597 s
loss_KE in epoch 221: 0.157558, time: 13.6568 s
loss_CG in epoch 222: 2.812134, time: 1.7110 s
loss_KE in epoch 223: 0.152142, time: 2.0495 s
loss_CG in epoch 224: 2.811187, time: 1.7731 s
loss_KE in epoch 225: 0.148528, time: 2.0378 s
loss_CG in epoch 226: 2.810402, time: 1.8388 s
loss_KE in epoch 227: 0.145768, time: 2.1840 s
loss_CG in epoch 228: 2.809567, time: 1.9670 s
loss_KE in epoch 229: 0.143504, time: 2.2014 s
loss_CG in epoch 230: 2.808823, time: 4.1599 s
loss_KE in epoch 231: 0.155461, time: 12.5547 s
loss_CG in epoch 232: 2.807982, time: 1.7203 s
loss_KE in epoch 233: 0.150321, time: 1.9990 s
loss_CG in epoch 234: 2.807040, time: 1.7109 s
loss_KE in epoch 235: 0.146848, time: 2.0609 s
loss_CG in epoch 236: 2.806240, time: 1.8800 s
loss_KE in epoch 237: 0.144186, time: 2.1914 s
loss_CG in epoch 238: 2.805426, time: 1.9748 s
loss_KE in epoch 239: 0.141998, time: 2.2016 s
loss_CG in epoch 240: 2.804654, time: 4.1754 s
loss_KE in epoch 241: 0.156129, time: 12.8767 s
loss_CG in epoch 242: 2.803828, time: 1.7756 s
loss_KE in epoch 243: 0.151124, time: 2.0312 s
loss_CG in epoch 244: 2.802895, time: 1.7970 s
loss_KE in epoch 245: 0.147752, time: 2.0894 s
loss_CG in epoch 246: 2.802114, time: 1.9442 s
loss_KE in epoch 247: 0.145150, time: 2.1912 s
loss_CG in epoch 248: 2.801298, time: 1.9639 s
loss_KE in epoch 249: 0.142994, time: 2.1923 s
loss_CG in epoch 250: 2.800542, time: 4.1613 s
loss_KE in epoch 251: 0.156819, time: 12.7204 s
loss_CG in epoch 252: 2.799730, time: 1.7104 s
loss_KE in epoch 253: 0.152080, time: 2.0511 s
loss_CG in epoch 254: 2.798802, time: 1.7728 s
loss_KE in epoch 255: 0.148768, time: 2.0904 s
loss_CG in epoch 256: 2.798021, time: 1.9563 s
loss_KE in epoch 257: 0.146194, time: 2.2008 s
loss_CG in epoch 258: 2.797203, time: 1.9794 s
loss_KE in epoch 259: 0.144060, time: 2.2003 s
loss_CG in epoch 260: 2.796456, time: 4.1417 s
loss_KE in epoch 261: 0.153675, time: 13.2761 s
loss_CG in epoch 262: 2.795626, time: 1.7207 s
loss_KE in epoch 263: 0.149092, time: 1.9914 s
loss_CG in epoch 264: 2.794701, time: 1.7104 s
loss_KE in epoch 265: 0.145869, time: 2.0542 s
loss_CG in epoch 266: 2.793925, time: 1.8528 s
loss_KE in epoch 267: 0.143358, time: 2.1803 s
loss_CG in epoch 268: 2.793110, time: 1.9693 s
loss_KE in epoch 269: 0.141284, time: 2.1999 s
loss_CG in epoch 270: 2.792346, time: 4.1778 s
loss_KE in epoch 271: 0.155650, time: 12.4810 s
loss_CG in epoch 272: 2.791538, time: 1.7075 s
loss_KE in epoch 273: 0.151114, time: 2.0387 s
loss_CG in epoch 274: 2.790611, time: 1.7641 s
loss_KE in epoch 275: 0.147948, time: 2.1042 s
loss_CG in epoch 276: 2.789837, time: 1.9564 s
loss_KE in epoch 277: 0.145486, time: 2.2000 s
loss_CG in epoch 278: 2.789032, time: 1.9608 s
loss_KE in epoch 279: 0.143446, time: 2.1844 s
loss_CG in epoch 280: 2.788277, time: 4.1694 s
loss_KE in epoch 281: 0.153560, time: 13.8595 s
loss_CG in epoch 282: 2.787435, time: 1.7800 s
loss_KE in epoch 283: 0.149300, time: 2.0477 s
loss_CG in epoch 284: 2.786498, time: 1.7717 s
loss_KE in epoch 285: 0.146267, time: 2.0519 s
loss_CG in epoch 286: 2.785717, time: 1.8824 s
loss_KE in epoch 287: 0.143850, time: 2.1972 s
loss_CG in epoch 288: 2.784900, time: 1.9781 s
loss_KE in epoch 289: 0.141850, time: 2.2005 s
loss_CG in epoch 290: 2.784131, time: 4.1642 s
loss_KE in epoch 291: 0.154455, time: 13.4251 s
loss_CG in epoch 292: 2.783287, time: 1.7114 s
loss_KE in epoch 293: 0.150349, time: 2.0482 s
loss_CG in epoch 294: 2.782364, time: 1.7840 s
loss_KE in epoch 295: 0.147371, time: 2.0500 s
loss_CG in epoch 296: 2.781586, time: 1.9035 s
loss_KE in epoch 297: 0.145017, time: 2.1909 s
loss_CG in epoch 298: 2.780767, time: 1.9633 s
loss_KE in epoch 299: 0.143062, time: 2.1977 s

epoch 299, checkpoint!
l2r: acc of top [1, 5, 10, 50, 100] = [0.4557 0.733  0.8217 0.9321 0.9542], mr = 71.124, mrr = 0.579, time = 6.3587 s 
r2l: acc of top [1, 5, 10, 50, 100] = [0.4542 0.7255 0.8123 0.9292 0.953 ], mr = 68.544, mrr = 0.575, time = 6.3590 s 

loss_CG in epoch 300: 2.779997, time: 4.0704 s
loss_KE in epoch 301: 0.155167, time: 13.7197 s
loss_CG in epoch 302: 2.779185, time: 1.7094 s
loss_KE in epoch 303: 0.151149, time: 2.0355 s
loss_CG in epoch 304: 2.778268, time: 1.7637 s
loss_KE in epoch 305: 0.148271, time: 2.0596 s
loss_CG in epoch 306: 2.777492, time: 1.8660 s
loss_KE in epoch 307: 0.145961, time: 2.1881 s
loss_CG in epoch 308: 2.776685, time: 1.9735 s
loss_KE in epoch 309: 0.144037, time: 2.1884 s
loss_CG in epoch 310: 2.775918, time: 4.1620 s
loss_KE in epoch 311: 0.154418, time: 12.5895 s
loss_CG in epoch 312: 2.775070, time: 1.7751 s
loss_KE in epoch 313: 0.150497, time: 2.0435 s
loss_CG in epoch 314: 2.774148, time: 1.7741 s
loss_KE in epoch 315: 0.147689, time: 2.1023 s
loss_CG in epoch 316: 2.773369, time: 1.9584 s
loss_KE in epoch 317: 0.145463, time: 2.1967 s
loss_CG in epoch 318: 2.772542, time: 1.9652 s
loss_KE in epoch 319: 0.143597, time: 2.2013 s
loss_CG in epoch 320: 2.771775, time: 4.1646 s
loss_KE in epoch 321: 0.152909, time: 12.8388 s
loss_CG in epoch 322: 2.770932, time: 1.7044 s
loss_KE in epoch 323: 0.149151, time: 2.0483 s
loss_CG in epoch 324: 2.770016, time: 1.7795 s
loss_KE in epoch 325: 0.146407, time: 2.0623 s
loss_CG in epoch 326: 2.769230, time: 1.9121 s
loss_KE in epoch 327: 0.144238, time: 2.1903 s
loss_CG in epoch 328: 2.768400, time: 1.9698 s
loss_KE in epoch 329: 0.142438, time: 2.2012 s
loss_CG in epoch 330: 2.767623, time: 4.1563 s
loss_KE in epoch 331: 0.153508, time: 13.6371 s
loss_CG in epoch 332: 2.766777, time: 1.7064 s
loss_KE in epoch 333: 0.149832, time: 2.0315 s
loss_CG in epoch 334: 2.765867, time: 1.7843 s
loss_KE in epoch 335: 0.147168, time: 2.0825 s
loss_CG in epoch 336: 2.765078, time: 1.9301 s
loss_KE in epoch 337: 0.145027, time: 2.1965 s
loss_CG in epoch 338: 2.764251, time: 1.9630 s
loss_KE in epoch 339: 0.143231, time: 2.1907 s
loss_CG in epoch 340: 2.763476, time: 4.1633 s
loss_KE in epoch 341: 0.151607, time: 12.8051 s
loss_CG in epoch 342: 2.762643, time: 1.7789 s
loss_KE in epoch 343: 0.148113, time: 2.0506 s
loss_CG in epoch 344: 2.761731, time: 1.7842 s
loss_KE in epoch 345: 0.145553, time: 2.0736 s
loss_CG in epoch 346: 2.760938, time: 1.9432 s
loss_KE in epoch 347: 0.143499, time: 2.2026 s
loss_CG in epoch 348: 2.760100, time: 1.9806 s
loss_KE in epoch 349: 0.141764, time: 2.2005 s
loss_CG in epoch 350: 2.759313, time: 4.1728 s
loss_KE in epoch 351: 0.153190, time: 12.0012 s
loss_CG in epoch 352: 2.758463, time: 1.7079 s
loss_KE in epoch 353: 0.149799, time: 2.0511 s
loss_CG in epoch 354: 2.757558, time: 1.7845 s
loss_KE in epoch 355: 0.147308, time: 2.1225 s
loss_CG in epoch 356: 2.756775, time: 1.9557 s
loss_KE in epoch 357: 0.145287, time: 2.1889 s
loss_CG in epoch 358: 2.755944, time: 1.9866 s
loss_KE in epoch 359: 0.143574, time: 2.2012 s
loss_CG in epoch 360: 2.755160, time: 4.1758 s
loss_KE in epoch 361: 0.153754, time: 12.5363 s
loss_CG in epoch 362: 2.754312, time: 1.7055 s
loss_KE in epoch 363: 0.150485, time: 2.0397 s
loss_CG in epoch 364: 2.753388, time: 1.7860 s
loss_KE in epoch 365: 0.148012, time: 2.0892 s
loss_CG in epoch 366: 2.752604, time: 1.9521 s
loss_KE in epoch 367: 0.146019, time: 2.1995 s
loss_CG in epoch 368: 2.751768, time: 1.9606 s
loss_KE in epoch 369: 0.144334, time: 2.1915 s
loss_CG in epoch 370: 2.750987, time: 4.1696 s
loss_KE in epoch 371: 0.153433, time: 12.0763 s
loss_CG in epoch 372: 2.750129, time: 1.7738 s
loss_KE in epoch 373: 0.150217, time: 2.0475 s
loss_CG in epoch 374: 2.749210, time: 1.7626 s
loss_KE in epoch 375: 0.147791, time: 2.0686 s
loss_CG in epoch 376: 2.748407, time: 1.9383 s
loss_KE in epoch 377: 0.145848, time: 2.2015 s
loss_CG in epoch 378: 2.747564, time: 1.9669 s
loss_KE in epoch 379: 0.144203, time: 2.1917 s
loss_CG in epoch 380: 2.746763, time: 4.1916 s
loss_KE in epoch 381: 0.153006, time: 12.2292 s
loss_CG in epoch 382: 2.745912, time: 1.7089 s
loss_KE in epoch 383: 0.149840, time: 2.0513 s
loss_CG in epoch 384: 2.745009, time: 1.8005 s
loss_KE in epoch 385: 0.147471, time: 2.0955 s
loss_CG in epoch 386: 2.744206, time: 1.9332 s
loss_KE in epoch 387: 0.145536, time: 2.1903 s
loss_CG in epoch 388: 2.743364, time: 1.9672 s
loss_KE in epoch 389: 0.143898, time: 2.1979 s
loss_CG in epoch 390: 2.742568, time: 4.1616 s
loss_KE in epoch 391: 0.152906, time: 13.2234 s
loss_CG in epoch 392: 2.741689, time: 1.7102 s
loss_KE in epoch 393: 0.149873, time: 2.0375 s
loss_CG in epoch 394: 2.740787, time: 1.7750 s
loss_KE in epoch 395: 0.147550, time: 2.0535 s
loss_CG in epoch 396: 2.739990, time: 1.8880 s
loss_KE in epoch 397: 0.145652, time: 2.2020 s
loss_CG in epoch 398: 2.739153, time: 1.9654 s
loss_KE in epoch 399: 0.144033, time: 2.1887 s

epoch 399, checkpoint!
l2r: acc of top [1, 5, 10, 50, 100] = [0.4656 0.7424 0.8296 0.934  0.955 ], mr = 67.802, mrr = 0.588, time = 6.3611 s 
r2l: acc of top [1, 5, 10, 50, 100] = [0.4639 0.7372 0.8225 0.9325 0.9545], mr = 61.827, mrr = 0.585, time = 6.3614 s 

loss_CG in epoch 400: 2.738344, time: 4.0610 s
loss_KE in epoch 401: 0.153479, time: 12.2236 s
loss_CG in epoch 402: 2.737476, time: 1.7710 s
loss_KE in epoch 403: 0.150509, time: 2.0504 s
loss_CG in epoch 404: 2.736573, time: 1.7771 s
loss_KE in epoch 405: 0.148215, time: 2.0717 s
loss_CG in epoch 406: 2.735773, time: 1.9378 s
loss_KE in epoch 407: 0.146322, time: 2.2012 s
loss_CG in epoch 408: 2.734930, time: 1.9695 s
loss_KE in epoch 409: 0.144706, time: 2.1993 s
loss_CG in epoch 410: 2.734140, time: 4.1744 s
loss_KE in epoch 411: 0.152531, time: 13.9657 s
loss_CG in epoch 412: 2.733258, time: 1.7108 s
loss_KE in epoch 413: 0.149676, time: 2.0515 s
loss_CG in epoch 414: 2.732352, time: 1.7629 s
loss_KE in epoch 415: 0.147460, time: 2.0461 s
loss_CG in epoch 416: 2.731548, time: 1.8746 s
loss_KE in epoch 417: 0.145633, time: 2.1810 s
loss_CG in epoch 418: 2.730698, time: 1.9739 s
loss_KE in epoch 419: 0.144064, time: 2.2003 s
loss_CG in epoch 420: 2.729883, time: 4.1621 s
loss_KE in epoch 421: 0.151683, time: 12.7033 s
loss_CG in epoch 422: 2.728997, time: 1.7085 s
loss_KE in epoch 423: 0.148879, time: 2.0409 s
loss_CG in epoch 424: 2.728075, time: 1.7845 s
loss_KE in epoch 425: 0.146704, time: 2.0628 s
loss_CG in epoch 426: 2.727263, time: 1.8848 s
loss_KE in epoch 427: 0.144917, time: 2.1934 s
loss_CG in epoch 428: 2.726398, time: 1.9666 s
loss_KE in epoch 429: 0.143393, time: 2.1897 s
loss_CG in epoch 430: 2.725580, time: 4.2029 s
loss_KE in epoch 431: 0.152655, time: 12.8361 s
loss_CG in epoch 432: 2.724698, time: 1.7810 s
loss_KE in epoch 433: 0.149869, time: 2.0481 s
loss_CG in epoch 434: 2.723778, time: 1.7696 s
loss_KE in epoch 435: 0.147701, time: 2.0775 s
loss_CG in epoch 436: 2.722959, time: 1.9233 s
loss_KE in epoch 437: 0.145923, time: 2.1986 s
loss_CG in epoch 438: 2.722102, time: 1.9693 s
loss_KE in epoch 439: 0.144409, time: 2.1999 s
loss_CG in epoch 440: 2.721272, time: 4.1926 s
loss_KE in epoch 441: 0.152140, time: 12.4627 s
loss_CG in epoch 442: 2.720392, time: 1.7108 s
loss_KE in epoch 443: 0.149495, time: 2.0497 s
loss_CG in epoch 444: 2.719481, time: 1.7957 s
loss_KE in epoch 445: 0.147427, time: 2.0814 s
loss_CG in epoch 446: 2.718672, time: 1.9274 s
loss_KE in epoch 447: 0.145712, time: 2.1876 s
loss_CG in epoch 448: 2.717806, time: 1.9598 s
loss_KE in epoch 449: 0.144241, time: 2.2034 s
loss_CG in epoch 450: 2.716988, time: 4.1745 s
loss_KE in epoch 451: 0.153015, time: 14.2027 s
loss_CG in epoch 452: 2.716092, time: 1.7085 s
loss_KE in epoch 453: 0.150386, time: 2.0420 s
loss_CG in epoch 454: 2.715163, time: 1.7695 s
loss_KE in epoch 455: 0.148321, time: 2.0522 s
loss_CG in epoch 456: 2.714342, time: 1.8429 s
loss_KE in epoch 457: 0.146604, time: 2.1847 s
loss_CG in epoch 458: 2.713474, time: 1.9662 s
loss_KE in epoch 459: 0.145124, time: 2.1913 s
loss_CG in epoch 460: 2.712640, time: 4.1679 s
loss_KE in epoch 461: 0.150787, time: 13.2170 s
loss_CG in epoch 462: 2.711746, time: 1.7803 s
loss_KE in epoch 463: 0.148219, time: 2.0448 s
loss_CG in epoch 464: 2.710829, time: 1.7639 s
loss_KE in epoch 465: 0.146227, time: 2.0516 s
loss_CG in epoch 466: 2.710011, time: 1.8780 s
loss_KE in epoch 467: 0.144571, time: 2.1955 s
loss_CG in epoch 468: 2.709141, time: 1.9719 s
loss_KE in epoch 469: 0.143149, time: 2.1982 s
loss_CG in epoch 470: 2.708313, time: 4.1630 s
loss_KE in epoch 471: 0.153222, time: 12.5705 s
loss_CG in epoch 472: 2.707406, time: 1.7114 s
loss_KE in epoch 473: 0.150767, time: 2.0483 s
loss_CG in epoch 474: 2.706480, time: 1.7804 s
loss_KE in epoch 475: 0.148807, time: 2.0852 s
loss_CG in epoch 476: 2.705648, time: 1.9316 s
loss_KE in epoch 477: 0.147172, time: 2.1906 s
loss_CG in epoch 478: 2.704777, time: 1.9740 s
loss_KE in epoch 479: 0.145744, time: 2.1977 s
loss_CG in epoch 480: 2.703935, time: 4.1702 s
loss_KE in epoch 481: 0.152293, time: 13.0122 s
loss_CG in epoch 482: 2.703033, time: 1.7078 s
loss_KE in epoch 483: 0.149865, time: 2.0367 s
loss_CG in epoch 484: 2.702122, time: 1.7678 s
loss_KE in epoch 485: 0.147946, time: 2.0706 s
loss_CG in epoch 486: 2.701289, time: 1.9359 s
loss_KE in epoch 487: 0.146340, time: 2.2015 s
loss_CG in epoch 488: 2.700414, time: 1.9705 s
loss_KE in epoch 489: 0.144958, time: 2.1846 s
loss_CG in epoch 490: 2.699572, time: 4.1985 s
loss_KE in epoch 491: 0.152364, time: 12.3772 s
loss_CG in epoch 492: 2.698659, time: 1.7795 s
loss_KE in epoch 493: 0.150030, time: 2.0430 s
loss_CG in epoch 494: 2.697727, time: 1.7700 s
loss_KE in epoch 495: 0.148158, time: 2.0591 s
loss_CG in epoch 496: 2.696886, time: 1.9241 s
loss_KE in epoch 497: 0.146599, time: 2.1994 s
loss_CG in epoch 498: 2.695996, time: 1.9741 s
loss_KE in epoch 499: 0.145254, time: 2.2000 s

epoch 499, checkpoint!
l2r: acc of top [1, 5, 10, 50, 100] = [0.4715 0.7485 0.8344 0.9366 0.9573], mr = 65.433, mrr = 0.594, time = 6.3530 s 
r2l: acc of top [1, 5, 10, 50, 100] = [0.4694 0.7413 0.827  0.9348 0.9559], mr = 57.355, mrr = 0.591, time = 6.3533 s 

loss_CG in epoch 500: 2.695147, time: 4.0635 s
loss_KE in epoch 501: 0.152744, time: 13.0039 s
loss_CG in epoch 502: 2.694237, time: 1.7099 s
loss_KE in epoch 503: 0.150417, time: 2.0462 s
loss_CG in epoch 504: 2.693306, time: 1.7901 s
loss_KE in epoch 505: 0.148554, time: 2.0531 s
loss_CG in epoch 506: 2.692460, time: 1.8126 s
loss_KE in epoch 507: 0.146990, time: 2.1789 s
loss_CG in epoch 508: 2.691575, time: 1.9658 s
loss_KE in epoch 509: 0.145634, time: 2.2003 s
loss_CG in epoch 510: 2.690725, time: 4.1599 s
loss_KE in epoch 511: 0.153293, time: 11.9814 s
loss_CG in epoch 512: 2.689809, time: 1.7086 s
loss_KE in epoch 513: 0.151038, time: 2.0475 s
loss_CG in epoch 514: 2.688871, time: 1.7830 s
loss_KE in epoch 515: 0.149225, time: 2.0855 s
loss_CG in epoch 516: 2.688023, time: 1.9476 s
loss_KE in epoch 517: 0.147704, time: 2.1981 s
loss_CG in epoch 518: 2.687131, time: 1.9697 s
loss_KE in epoch 519: 0.146381, time: 2.1908 s
loss_CG in epoch 520: 2.686275, time: 4.1697 s
loss_KE in epoch 521: 0.153371, time: 12.9112 s
loss_CG in epoch 522: 2.685348, time: 1.7698 s
loss_KE in epoch 523: 0.151187, time: 2.0495 s
loss_CG in epoch 524: 2.684416, time: 1.7705 s
loss_KE in epoch 525: 0.149403, time: 2.0570 s
loss_CG in epoch 526: 2.683557, time: 1.9081 s
loss_KE in epoch 527: 0.147905, time: 2.1980 s
loss_CG in epoch 528: 2.682659, time: 1.9704 s
loss_KE in epoch 529: 0.146606, time: 2.1993 s
loss_CG in epoch 530: 2.681796, time: 4.1467 s
loss_KE in epoch 531: 0.153236, time: 13.0225 s
loss_CG in epoch 532: 2.680875, time: 1.7083 s
loss_KE in epoch 533: 0.151133, time: 2.0504 s
loss_CG in epoch 534: 2.679946, time: 1.7848 s
loss_KE in epoch 535: 0.149423, time: 2.0698 s
loss_CG in epoch 536: 2.679091, time: 1.9163 s
loss_KE in epoch 537: 0.147973, time: 2.1872 s
loss_CG in epoch 538: 2.678196, time: 1.9718 s
loss_KE in epoch 539: 0.146716, time: 2.1982 s
loss_CG in epoch 540: 2.677328, time: 4.1811 s
loss_KE in epoch 541: 0.152209, time: 13.0678 s
loss_CG in epoch 542: 2.676393, time: 1.7726 s
loss_KE in epoch 543: 0.150115, time: 2.0445 s
loss_CG in epoch 544: 2.675446, time: 1.7621 s
loss_KE in epoch 545: 0.148417, time: 2.0659 s
loss_CG in epoch 546: 2.674588, time: 1.8840 s
loss_KE in epoch 547: 0.146976, time: 2.1929 s
loss_CG in epoch 548: 2.673675, time: 1.9769 s
loss_KE in epoch 549: 0.145728, time: 2.1899 s
loss_CG in epoch 550: 2.672801, time: 4.1594 s
loss_KE in epoch 551: 0.153681, time: 13.6756 s
loss_CG in epoch 552: 2.671866, time: 1.7117 s
loss_KE in epoch 553: 0.151663, time: 2.0470 s
loss_CG in epoch 554: 2.670928, time: 1.7805 s
loss_KE in epoch 555: 0.150015, time: 2.0733 s
loss_CG in epoch 556: 2.670063, time: 1.9256 s
loss_KE in epoch 557: 0.148624, time: 2.1996 s
loss_CG in epoch 558: 2.669151, time: 1.9709 s
loss_KE in epoch 559: 0.147392, time: 2.2014 s
loss_CG in epoch 560: 2.668273, time: 4.1506 s
loss_KE in epoch 561: 0.153482, time: 12.5851 s
loss_CG in epoch 562: 2.667338, time: 1.7203 s
loss_KE in epoch 563: 0.151510, time: 1.9868 s
loss_CG in epoch 564: 2.666390, time: 1.7111 s
loss_KE in epoch 565: 0.149893, time: 2.0613 s
loss_CG in epoch 566: 2.665513, time: 1.8776 s
loss_KE in epoch 567: 0.148512, time: 2.1908 s
loss_CG in epoch 568: 2.664600, time: 1.9731 s
loss_KE in epoch 569: 0.147316, time: 2.1962 s
loss_CG in epoch 570: 2.663711, time: 4.1808 s
loss_KE in epoch 571: 0.152496, time: 12.3486 s
loss_CG in epoch 572: 2.662761, time: 1.7590 s
loss_KE in epoch 573: 0.150550, time: 2.0377 s
loss_CG in epoch 574: 2.661809, time: 1.7976 s
loss_KE in epoch 575: 0.148953, time: 2.1039 s
loss_CG in epoch 576: 2.660927, time: 1.9539 s
loss_KE in epoch 577: 0.147605, time: 2.1960 s
loss_CG in epoch 578: 2.660002, time: 1.9690 s
loss_KE in epoch 579: 0.146415, time: 2.1813 s
loss_CG in epoch 580: 2.659116, time: 4.1682 s
loss_KE in epoch 581: 0.154142, time: 13.8451 s
loss_CG in epoch 582: 2.658167, time: 1.7096 s
loss_KE in epoch 583: 0.152264, time: 2.0498 s
loss_CG in epoch 584: 2.657216, time: 1.7722 s
loss_KE in epoch 585: 0.150714, time: 2.0429 s
loss_CG in epoch 586: 2.656337, time: 1.8582 s
loss_KE in epoch 587: 0.149387, time: 2.1912 s
loss_CG in epoch 588: 2.655416, time: 1.9766 s
loss_KE in epoch 589: 0.148221, time: 2.1923 s
loss_CG in epoch 590: 2.654523, time: 4.1589 s
loss_KE in epoch 591: 0.152787, time: 12.4706 s
loss_CG in epoch 592: 2.653576, time: 1.7189 s
loss_KE in epoch 593: 0.150958, time: 1.9968 s
loss_CG in epoch 594: 2.652617, time: 1.7088 s
loss_KE in epoch 595: 0.149436, time: 2.0611 s
loss_CG in epoch 596: 2.651731, time: 1.8977 s
loss_KE in epoch 597: 0.148135, time: 2.1921 s
loss_CG in epoch 598: 2.650805, time: 1.9815 s
loss_KE in epoch 599: 0.146989, time: 2.1925 s

epoch 599, checkpoint!
l2r: acc of top [1, 5, 10, 50, 100] = [0.4788 0.7534 0.8378 0.9372 0.958 ], mr = 63.062, mrr = 0.600, time = 6.3536 s 
r2l: acc of top [1, 5, 10, 50, 100] = [0.4736 0.7476 0.8306 0.9382 0.9573], mr = 54.044, mrr = 0.595, time = 6.3539 s 

loss_CG in epoch 600: 2.649908, time: 4.0825 s
loss_KE in epoch 601: 0.154497, time: 13.2138 s
loss_CG in epoch 602: 2.648944, time: 1.7685 s
loss_KE in epoch 603: 0.152648, time: 2.0388 s
loss_CG in epoch 604: 2.647986, time: 1.7769 s
loss_KE in epoch 605: 0.151124, time: 2.0611 s
loss_CG in epoch 606: 2.647089, time: 1.8808 s
loss_KE in epoch 607: 0.149813, time: 2.1902 s
loss_CG in epoch 608: 2.646149, time: 1.9744 s
loss_KE in epoch 609: 0.148665, time: 2.1869 s
loss_CG in epoch 610: 2.645245, time: 4.1720 s
loss_KE in epoch 611: 0.153559, time: 12.7613 s
loss_CG in epoch 612: 2.644287, time: 1.7101 s
loss_KE in epoch 613: 0.151820, time: 2.0534 s
loss_CG in epoch 614: 2.643322, time: 1.7851 s
loss_KE in epoch 615: 0.150376, time: 2.0737 s
loss_CG in epoch 616: 2.642422, time: 1.9336 s
loss_KE in epoch 617: 0.149132, time: 2.2018 s
loss_CG in epoch 618: 2.641484, time: 1.9741 s
loss_KE in epoch 619: 0.148032, time: 2.1919 s
loss_CG in epoch 620: 2.640576, time: 4.1491 s
loss_KE in epoch 621: 0.153596, time: 12.4749 s
loss_CG in epoch 622: 2.639613, time: 1.7109 s
loss_KE in epoch 623: 0.151834, time: 2.0459 s
loss_CG in epoch 624: 2.638643, time: 1.7692 s
loss_KE in epoch 625: 0.150378, time: 2.1026 s
loss_CG in epoch 626: 2.637741, time: 1.9471 s
loss_KE in epoch 627: 0.149121, time: 2.1880 s
loss_CG in epoch 628: 2.636791, time: 1.9738 s
loss_KE in epoch 629: 0.148002, time: 2.1997 s
loss_CG in epoch 630: 2.635876, time: 4.1495 s
loss_KE in epoch 631: 0.154993, time: 12.6210 s
loss_CG in epoch 632: 2.634888, time: 1.7093 s
loss_KE in epoch 633: 0.153369, time: 2.0396 s
loss_CG in epoch 634: 2.633918, time: 1.7758 s
loss_KE in epoch 635: 0.151998, time: 2.0811 s
loss_CG in epoch 636: 2.633007, time: 1.9349 s
loss_KE in epoch 637: 0.150814, time: 2.2012 s
loss_CG in epoch 638: 2.632050, time: 1.9675 s
loss_KE in epoch 639: 0.149765, time: 2.1941 s
loss_CG in epoch 640: 2.631133, time: 4.1731 s
loss_KE in epoch 641: 0.155241, time: 13.0853 s
loss_CG in epoch 642: 2.630160, time: 1.7688 s
loss_KE in epoch 643: 0.153547, time: 2.0411 s
loss_CG in epoch 644: 2.629178, time: 1.7835 s
loss_KE in epoch 645: 0.152119, time: 2.0571 s
loss_CG in epoch 646: 2.628267, time: 1.8799 s
loss_KE in epoch 647: 0.150888, time: 2.2005 s
loss_CG in epoch 648: 2.627315, time: 1.9626 s
loss_KE in epoch 649: 0.149795, time: 2.1986 s
loss_CG in epoch 650: 2.626395, time: 4.1601 s
loss_KE in epoch 651: 0.155704, time: 13.0505 s
loss_CG in epoch 652: 2.625397, time: 1.7098 s
loss_KE in epoch 653: 0.154037, time: 2.0505 s
loss_CG in epoch 654: 2.624421, time: 1.7818 s
loss_KE in epoch 655: 0.152637, time: 2.0661 s
loss_CG in epoch 656: 2.623499, time: 1.8956 s
loss_KE in epoch 657: 0.151428, time: 2.1791 s
loss_CG in epoch 658: 2.622537, time: 1.9639 s
loss_KE in epoch 659: 0.150363, time: 2.1995 s
loss_CG in epoch 660: 2.621601, time: 4.1581 s
loss_KE in epoch 661: 0.154964, time: 12.8650 s
loss_CG in epoch 662: 2.620620, time: 1.7075 s
loss_KE in epoch 663: 0.153341, time: 2.0410 s
loss_CG in epoch 664: 2.619635, time: 1.7864 s
loss_KE in epoch 665: 0.151985, time: 2.0607 s
loss_CG in epoch 666: 2.618713, time: 1.8875 s
loss_KE in epoch 667: 0.150808, time: 2.2002 s
loss_CG in epoch 668: 2.617745, time: 1.9840 s
loss_KE in epoch 669: 0.149766, time: 2.1879 s
loss_CG in epoch 670: 2.616815, time: 4.1803 s
loss_KE in epoch 671: 0.156425, time: 12.3182 s
loss_CG in epoch 672: 2.615819, time: 1.7682 s
loss_KE in epoch 673: 0.154836, time: 2.0422 s
loss_CG in epoch 674: 2.614828, time: 1.7737 s
loss_KE in epoch 675: 0.153491, time: 2.0816 s
loss_CG in epoch 676: 2.613898, time: 1.9344 s
loss_KE in epoch 677: 0.152335, time: 2.1983 s
loss_CG in epoch 678: 2.612928, time: 1.9879 s
loss_KE in epoch 679: 0.151296, time: 2.1999 s
loss_CG in epoch 680: 2.611992, time: 4.1809 s
loss_KE in epoch 681: 0.154872, time: 13.3957 s
loss_CG in epoch 682: 2.610993, time: 1.7107 s
loss_KE in epoch 683: 0.153360, time: 2.0490 s
loss_CG in epoch 684: 2.609999, time: 1.7636 s
loss_KE in epoch 685: 0.152067, time: 2.0640 s
loss_CG in epoch 686: 2.609073, time: 1.8865 s
loss_KE in epoch 687: 0.150936, time: 2.1898 s
loss_CG in epoch 688: 2.608083, time: 1.9650 s
loss_KE in epoch 689: 0.149935, time: 2.2002 s
loss_CG in epoch 690: 2.607150, time: 4.1634 s
loss_KE in epoch 691: 0.156488, time: 12.4633 s
loss_CG in epoch 692: 2.606139, time: 1.7683 s
loss_KE in epoch 693: 0.154909, time: 2.0417 s
loss_CG in epoch 694: 2.605161, time: 1.7780 s
loss_KE in epoch 695: 0.153560, time: 2.0894 s
loss_CG in epoch 696: 2.604218, time: 1.9177 s
loss_KE in epoch 697: 0.152394, time: 2.1970 s
loss_CG in epoch 698: 2.603246, time: 1.9661 s
loss_KE in epoch 699: 0.151360, time: 2.1908 s

epoch 699, checkpoint!
l2r: acc of top [1, 5, 10, 50, 100] = [0.481  0.7548 0.8402 0.939  0.959 ], mr = 61.256, mrr = 0.603, time = 6.3680 s 
r2l: acc of top [1, 5, 10, 50, 100] = [0.4791 0.751  0.8351 0.9396 0.9582], mr = 51.650, mrr = 0.600, time = 6.3683 s 

loss_CG in epoch 700: 2.602294, time: 4.0619 s
loss_KE in epoch 701: 0.155959, time: 12.0685 s
loss_CG in epoch 702: 2.601304, time: 1.7118 s
loss_KE in epoch 703: 0.154472, time: 2.0521 s
loss_CG in epoch 704: 2.600292, time: 1.7795 s
loss_KE in epoch 705: 0.153216, time: 2.0517 s
loss_CG in epoch 706: 2.599349, time: 1.8912 s
loss_KE in epoch 707: 0.152115, time: 2.2000 s
loss_CG in epoch 708: 2.598361, time: 1.9769 s
loss_KE in epoch 709: 0.151142, time: 2.1987 s
loss_CG in epoch 710: 2.597415, time: 4.1572 s
loss_KE in epoch 711: 0.155967, time: 12.6427 s
loss_CG in epoch 712: 2.596404, time: 1.7166 s
loss_KE in epoch 713: 0.154498, time: 1.9967 s
loss_CG in epoch 714: 2.595399, time: 1.7164 s
loss_KE in epoch 715: 0.153236, time: 2.0582 s
loss_CG in epoch 716: 2.594448, time: 1.8561 s
loss_KE in epoch 717: 0.152133, time: 2.1841 s
loss_CG in epoch 718: 2.593456, time: 1.9704 s
loss_KE in epoch 719: 0.151151, time: 2.2018 s
loss_CG in epoch 720: 2.592490, time: 4.1687 s
loss_KE in epoch 721: 0.157031, time: 13.2513 s
loss_CG in epoch 722: 2.591475, time: 1.7073 s
loss_KE in epoch 723: 0.155571, time: 2.0311 s
loss_CG in epoch 724: 2.590458, time: 1.7777 s
loss_KE in epoch 725: 0.154342, time: 2.0659 s
loss_CG in epoch 726: 2.589496, time: 1.8788 s
loss_KE in epoch 727: 0.153271, time: 2.1895 s
loss_CG in epoch 728: 2.588498, time: 1.9676 s
loss_KE in epoch 729: 0.152323, time: 2.1906 s
loss_CG in epoch 730: 2.587534, time: 4.1592 s
loss_KE in epoch 731: 0.157421, time: 11.9397 s
loss_CG in epoch 732: 2.586511, time: 1.7743 s
loss_KE in epoch 733: 0.155997, time: 2.0483 s
loss_CG in epoch 734: 2.585500, time: 1.7847 s
loss_KE in epoch 735: 0.154784, time: 2.1206 s
loss_CG in epoch 736: 2.584538, time: 1.9751 s
loss_KE in epoch 737: 0.153732, time: 2.1963 s
loss_CG in epoch 738: 2.583541, time: 1.9755 s
loss_KE in epoch 739: 0.152789, time: 2.1993 s
loss_CG in epoch 740: 2.582558, time: 4.1797 s
loss_KE in epoch 741: 0.155734, time: 12.5238 s
loss_CG in epoch 742: 2.581528, time: 1.7111 s
loss_KE in epoch 743: 0.154342, time: 2.0495 s
loss_CG in epoch 744: 2.580521, time: 1.7759 s
loss_KE in epoch 745: 0.153163, time: 2.0703 s
loss_CG in epoch 746: 2.579553, time: 1.9037 s
loss_KE in epoch 747: 0.152146, time: 2.1884 s
loss_CG in epoch 748: 2.578547, time: 1.9662 s
loss_KE in epoch 749: 0.151236, time: 2.1920 s
loss_CG in epoch 750: 2.577572, time: 4.1623 s
loss_KE in epoch 751: 0.158236, time: 13.9793 s
loss_CG in epoch 752: 2.576545, time: 1.7092 s
loss_KE in epoch 753: 0.156898, time: 2.0369 s
loss_CG in epoch 754: 2.575513, time: 1.7702 s
loss_KE in epoch 755: 0.155737, time: 2.0538 s
loss_CG in epoch 756: 2.574544, time: 1.8619 s
loss_KE in epoch 757: 0.154721, time: 2.1902 s
loss_CG in epoch 758: 2.573528, time: 1.9742 s
loss_KE in epoch 759: 0.153805, time: 2.1897 s
loss_CG in epoch 760: 2.572553, time: 4.1638 s
loss_KE in epoch 761: 0.156498, time: 12.0435 s
loss_CG in epoch 762: 2.571503, time: 1.7774 s
loss_KE in epoch 763: 0.155151, time: 2.0437 s
loss_CG in epoch 764: 2.570480, time: 1.7584 s
loss_KE in epoch 765: 0.154003, time: 2.0621 s
loss_CG in epoch 766: 2.569499, time: 1.9447 s
loss_KE in epoch 767: 0.152996, time: 2.2010 s
loss_CG in epoch 768: 2.568481, time: 1.9769 s
loss_KE in epoch 769: 0.152099, time: 2.2017 s
loss_CG in epoch 770: 2.567485, time: 4.1746 s
loss_KE in epoch 771: 0.158322, time: 12.8161 s
loss_CG in epoch 772: 2.566446, time: 1.7107 s
loss_KE in epoch 773: 0.157018, time: 2.0472 s
loss_CG in epoch 774: 2.565395, time: 1.7633 s
loss_KE in epoch 775: 0.155889, time: 2.0711 s
loss_CG in epoch 776: 2.564409, time: 1.9226 s
loss_KE in epoch 777: 0.154899, time: 2.1904 s
loss_CG in epoch 778: 2.563375, time: 1.9714 s
loss_KE in epoch 779: 0.154009, time: 2.2016 s
loss_CG in epoch 780: 2.562381, time: 4.1602 s
loss_KE in epoch 781: 0.157596, time: 12.6272 s
loss_CG in epoch 782: 2.561329, time: 1.7092 s
loss_KE in epoch 783: 0.156304, time: 2.0342 s
loss_CG in epoch 784: 2.560295, time: 1.7722 s
loss_KE in epoch 785: 0.155190, time: 2.0912 s
loss_CG in epoch 786: 2.559299, time: 1.9508 s
loss_KE in epoch 787: 0.154197, time: 2.2005 s
loss_CG in epoch 788: 2.558272, time: 1.9753 s
loss_KE in epoch 789: 0.153303, time: 2.1912 s
loss_CG in epoch 790: 2.557273, time: 4.1578 s
loss_KE in epoch 791: 0.157966, time: 12.3550 s
loss_CG in epoch 792: 2.556229, time: 1.7811 s
loss_KE in epoch 793: 0.156704, time: 2.0509 s
loss_CG in epoch 794: 2.555186, time: 1.7674 s
loss_KE in epoch 795: 0.155617, time: 2.0836 s
loss_CG in epoch 796: 2.554201, time: 1.9326 s
loss_KE in epoch 797: 0.154659, time: 2.1999 s
loss_CG in epoch 798: 2.553167, time: 1.9796 s
loss_KE in epoch 799: 0.153792, time: 2.1972 s

epoch 799, checkpoint!
l2r: acc of top [1, 5, 10, 50, 100] = [0.4852 0.7575 0.8419 0.9395 0.9605], mr = 59.668, mrr = 0.606, time = 6.3338 s 
r2l: acc of top [1, 5, 10, 50, 100] = [0.4844 0.7538 0.8384 0.941  0.9589], mr = 50.391, mrr = 0.604, time = 6.3341 s 

loss_CG in epoch 800: 2.552174, time: 4.0783 s
loss_KE in epoch 801: 0.158179, time: 13.4359 s
loss_CG in epoch 802: 2.551104, time: 1.7091 s
loss_KE in epoch 803: 0.156920, time: 2.0512 s
loss_CG in epoch 804: 2.550071, time: 1.7795 s
loss_KE in epoch 805: 0.155823, time: 2.0516 s
loss_CG in epoch 806: 2.549068, time: 1.8117 s
loss_KE in epoch 807: 0.154859, time: 2.1671 s
loss_CG in epoch 808: 2.548032, time: 1.9749 s
loss_KE in epoch 809: 0.153998, time: 2.2017 s
loss_CG in epoch 810: 2.547019, time: 4.1538 s
loss_KE in epoch 811: 0.158428, time: 12.6636 s
loss_CG in epoch 812: 2.545967, time: 1.7685 s
loss_KE in epoch 813: 0.157173, time: 2.0397 s
loss_CG in epoch 814: 2.544909, time: 1.7831 s
loss_KE in epoch 815: 0.156091, time: 2.0923 s
loss_CG in epoch 816: 2.543911, time: 1.9451 s
loss_KE in epoch 817: 0.155143, time: 2.1948 s
loss_CG in epoch 818: 2.542864, time: 1.9673 s
loss_KE in epoch 819: 0.154292, time: 2.1888 s
loss_CG in epoch 820: 2.541850, time: 4.1673 s
loss_KE in epoch 821: 0.158780, time: 12.5788 s
loss_CG in epoch 822: 2.540780, time: 1.7089 s
loss_KE in epoch 823: 0.157552, time: 2.0512 s
loss_CG in epoch 824: 2.539730, time: 1.7736 s
loss_KE in epoch 825: 0.156495, time: 2.0586 s
loss_CG in epoch 826: 2.538714, time: 1.9219 s
loss_KE in epoch 827: 0.155559, time: 2.2004 s
loss_CG in epoch 828: 2.537672, time: 1.9736 s
loss_KE in epoch 829: 0.154726, time: 2.2015 s
loss_CG in epoch 830: 2.536648, time: 4.1443 s
loss_KE in epoch 831: 0.159132, time: 13.1475 s
loss_CG in epoch 832: 2.535569, time: 1.7193 s
loss_KE in epoch 833: 0.157936, time: 1.9955 s
loss_CG in epoch 834: 2.534507, time: 1.7102 s
loss_KE in epoch 835: 0.156906, time: 2.0500 s
loss_CG in epoch 836: 2.533486, time: 1.8441 s
loss_KE in epoch 837: 0.155990, time: 2.1782 s
loss_CG in epoch 838: 2.532431, time: 1.9593 s
loss_KE in epoch 839: 0.155165, time: 2.1985 s
loss_CG in epoch 840: 2.531402, time: 4.1658 s
loss_KE in epoch 841: 0.159049, time: 12.6339 s
loss_CG in epoch 842: 2.530329, time: 1.7056 s
loss_KE in epoch 843: 0.157875, time: 2.0393 s
loss_CG in epoch 844: 2.529254, time: 1.7765 s
loss_KE in epoch 845: 0.156854, time: 2.0846 s
loss_CG in epoch 846: 2.528236, time: 1.9366 s
loss_KE in epoch 847: 0.155951, time: 2.1949 s
loss_CG in epoch 848: 2.527162, time: 1.9751 s
loss_KE in epoch 849: 0.155140, time: 2.1845 s
loss_CG in epoch 850: 2.526129, time: 4.1883 s
loss_KE in epoch 851: 0.159978, time: 13.4347 s
loss_CG in epoch 852: 2.525040, time: 1.7796 s
loss_KE in epoch 853: 0.158821, time: 2.0470 s
loss_CG in epoch 854: 2.523971, time: 1.7666 s
loss_KE in epoch 855: 0.157801, time: 2.0446 s
loss_CG in epoch 856: 2.522938, time: 1.8555 s
loss_KE in epoch 857: 0.156905, time: 2.1913 s
loss_CG in epoch 858: 2.521873, time: 1.9742 s
loss_KE in epoch 859: 0.156090, time: 2.2002 s
loss_CG in epoch 860: 2.520833, time: 4.1482 s
loss_KE in epoch 861: 0.159884, time: 12.8270 s
loss_CG in epoch 862: 2.519742, time: 1.7114 s
loss_KE in epoch 863: 0.158705, time: 2.0427 s
loss_CG in epoch 864: 2.518663, time: 1.7737 s
loss_KE in epoch 865: 0.157683, time: 2.0925 s
loss_CG in epoch 866: 2.517635, time: 1.9368 s
loss_KE in epoch 867: 0.156780, time: 2.1921 s
loss_CG in epoch 868: 2.516555, time: 1.9747 s
loss_KE in epoch 869: 0.155970, time: 2.1991 s
loss_CG in epoch 870: 2.515517, time: 4.1461 s
loss_KE in epoch 871: 0.160608, time: 13.7972 s
loss_CG in epoch 872: 2.514423, time: 1.7611 s
loss_KE in epoch 873: 0.159471, time: 2.0401 s
loss_CG in epoch 874: 2.513340, time: 1.7646 s
loss_KE in epoch 875: 0.158484, time: 2.0808 s
loss_CG in epoch 876: 2.512302, time: 1.9354 s
loss_KE in epoch 877: 0.157608, time: 2.1987 s
loss_CG in epoch 878: 2.511226, time: 1.9732 s
loss_KE in epoch 879: 0.156813, time: 2.1910 s
loss_CG in epoch 880: 2.510176, time: 4.1567 s
loss_KE in epoch 881: 0.160914, time: 13.6804 s
loss_CG in epoch 882: 2.509074, time: 1.7089 s
loss_KE in epoch 883: 0.159782, time: 2.0466 s
loss_CG in epoch 884: 2.507990, time: 1.7856 s
loss_KE in epoch 885: 0.158796, time: 2.0466 s
loss_CG in epoch 886: 2.506949, time: 1.8554 s
loss_KE in epoch 887: 0.157920, time: 2.1958 s
loss_CG in epoch 888: 2.505864, time: 1.9681 s
loss_KE in epoch 889: 0.157142, time: 2.1984 s
loss_CG in epoch 890: 2.504812, time: 4.1692 s
loss_KE in epoch 891: 0.161452, time: 13.7054 s
loss_CG in epoch 892: 2.503711, time: 1.7177 s
loss_KE in epoch 893: 0.160355, time: 1.9900 s
loss_CG in epoch 894: 2.502615, time: 1.7125 s
loss_KE in epoch 895: 0.159370, time: 2.0461 s
loss_CG in epoch 896: 2.501568, time: 1.7976 s
loss_KE in epoch 897: 0.158505, time: 2.1693 s
loss_CG in epoch 898: 2.500478, time: 1.9759 s
loss_KE in epoch 899: 0.157718, time: 2.2020 s

epoch 899, checkpoint!
l2r: acc of top [1, 5, 10, 50, 100] = [0.488  0.7602 0.8429 0.9406 0.9601], mr = 59.003, mrr = 0.609, time = 6.3405 s 
r2l: acc of top [1, 5, 10, 50, 100] = [0.4871 0.7565 0.8397 0.9416 0.9592], mr = 48.946, mrr = 0.607, time = 6.3409 s 

loss_CG in epoch 900: 2.499429, time: 4.0658 s
loss_KE in epoch 901: 0.161579, time: 12.9525 s
loss_CG in epoch 902: 2.498314, time: 1.7718 s
loss_KE in epoch 903: 0.160511, time: 2.0402 s
loss_CG in epoch 904: 2.497228, time: 1.7750 s
loss_KE in epoch 905: 0.159571, time: 2.0726 s
loss_CG in epoch 906: 2.496167, time: 1.8948 s
loss_KE in epoch 907: 0.158726, time: 2.2024 s
loss_CG in epoch 908: 2.495079, time: 1.9739 s
loss_KE in epoch 909: 0.157968, time: 2.1917 s
loss_CG in epoch 910: 2.494006, time: 4.1606 s
loss_KE in epoch 911: 0.159929, time: 13.2847 s
loss_CG in epoch 912: 2.492893, time: 1.7132 s
loss_KE in epoch 913: 0.158882, time: 2.0465 s
loss_CG in epoch 914: 2.491791, time: 1.7668 s
loss_KE in epoch 915: 0.157952, time: 2.0737 s
loss_CG in epoch 916: 2.490732, time: 1.9229 s
loss_KE in epoch 917: 0.157129, time: 2.2025 s
loss_CG in epoch 918: 2.489629, time: 1.9668 s
loss_KE in epoch 919: 0.156372, time: 2.1955 s
loss_CG in epoch 920: 2.488560, time: 4.1528 s
loss_KE in epoch 921: 0.161426, time: 13.0549 s
loss_CG in epoch 922: 2.487435, time: 1.7100 s
loss_KE in epoch 923: 0.160374, time: 2.0446 s
loss_CG in epoch 924: 2.486341, time: 1.7667 s
loss_KE in epoch 925: 0.159463, time: 2.0674 s
loss_CG in epoch 926: 2.485269, time: 1.9155 s
loss_KE in epoch 927: 0.158643, time: 2.1912 s
loss_CG in epoch 928: 2.484168, time: 1.9725 s
loss_KE in epoch 929: 0.157906, time: 2.2014 s
loss_CG in epoch 930: 2.483099, time: 4.1589 s
loss_KE in epoch 931: 0.162460, time: 14.9627 s
loss_CG in epoch 932: 2.481974, time: 1.7076 s
loss_KE in epoch 933: 0.161448, time: 2.0397 s
loss_CG in epoch 934: 2.480862, time: 1.7755 s
loss_KE in epoch 935: 0.160550, time: 2.0539 s
loss_CG in epoch 936: 2.479789, time: 1.8682 s
loss_KE in epoch 937: 0.159761, time: 2.1891 s
loss_CG in epoch 938: 2.478677, time: 1.9720 s
loss_KE in epoch 939: 0.159038, time: 2.1916 s
loss_CG in epoch 940: 2.477595, time: 4.1531 s
loss_KE in epoch 941: 0.161579, time: 12.0152 s
loss_CG in epoch 942: 2.476465, time: 1.7740 s
loss_KE in epoch 943: 0.160567, time: 2.0467 s
loss_CG in epoch 944: 2.475361, time: 1.7747 s
loss_KE in epoch 945: 0.159681, time: 2.0837 s
loss_CG in epoch 946: 2.474279, time: 1.9364 s
loss_KE in epoch 947: 0.158893, time: 2.1917 s
loss_CG in epoch 948: 2.473179, time: 1.9681 s
loss_KE in epoch 949: 0.158187, time: 2.1998 s
loss_CG in epoch 950: 2.472088, time: 4.1718 s
loss_KE in epoch 951: 0.162394, time: 12.8618 s
loss_CG in epoch 952: 2.470963, time: 1.7110 s
loss_KE in epoch 953: 0.161402, time: 2.0541 s
loss_CG in epoch 954: 2.469846, time: 1.7829 s
loss_KE in epoch 955: 0.160520, time: 2.0773 s
loss_CG in epoch 956: 2.468770, time: 1.9086 s
loss_KE in epoch 957: 0.159736, time: 2.1905 s
loss_CG in epoch 958: 2.467650, time: 1.9621 s
loss_KE in epoch 959: 0.159020, time: 2.1981 s
loss_CG in epoch 960: 2.466562, time: 4.1658 s
loss_KE in epoch 961: 0.162687, time: 12.1771 s
loss_CG in epoch 962: 2.465423, time: 1.7634 s
loss_KE in epoch 963: 0.161706, time: 2.0453 s
loss_CG in epoch 964: 2.464304, time: 1.7647 s
loss_KE in epoch 965: 0.160842, time: 2.0829 s
loss_CG in epoch 966: 2.463216, time: 1.9426 s
loss_KE in epoch 967: 0.160067, time: 2.1896 s
loss_CG in epoch 968: 2.462100, time: 1.9641 s
loss_KE in epoch 969: 0.159365, time: 2.1909 s
loss_CG in epoch 970: 2.461007, time: 4.1662 s
loss_KE in epoch 971: 0.161691, time: 14.3797 s
loss_CG in epoch 972: 2.459871, time: 1.7072 s
loss_KE in epoch 973: 0.160742, time: 2.0509 s
loss_CG in epoch 974: 2.458734, time: 1.7682 s
loss_KE in epoch 975: 0.159889, time: 2.0344 s
loss_CG in epoch 976: 2.457652, time: 1.8623 s
loss_KE in epoch 977: 0.159131, time: 2.1929 s
loss_CG in epoch 978: 2.456517, time: 1.9684 s
loss_KE in epoch 979: 0.158436, time: 2.1938 s
loss_CG in epoch 980: 2.455426, time: 4.1550 s
loss_KE in epoch 981: 0.163676, time: 12.5242 s
loss_CG in epoch 982: 2.454277, time: 1.7200 s
loss_KE in epoch 983: 0.162740, time: 1.9917 s
loss_CG in epoch 984: 2.453142, time: 1.7115 s
loss_KE in epoch 985: 0.161908, time: 2.0597 s
loss_CG in epoch 986: 2.452043, time: 1.8817 s
loss_KE in epoch 987: 0.161162, time: 2.1871 s
loss_CG in epoch 988: 2.450912, time: 1.9800 s
loss_KE in epoch 989: 0.160483, time: 2.2026 s
loss_CG in epoch 990: 2.449805, time: 4.1630 s
loss_KE in epoch 991: 0.163651, time: 12.3269 s
loss_CG in epoch 992: 2.448649, time: 1.7060 s
loss_KE in epoch 993: 0.162718, time: 2.0298 s
loss_CG in epoch 994: 2.447517, time: 1.7841 s
loss_KE in epoch 995: 0.161883, time: 2.0882 s
loss_CG in epoch 996: 2.446418, time: 1.9312 s
loss_KE in epoch 997: 0.161134, time: 2.2015 s
loss_CG in epoch 998: 2.445275, time: 1.9691 s
loss_KE in epoch 999: 0.160447, time: 2.1890 s

epoch 999, checkpoint!
l2r: acc of top [1, 5, 10, 50, 100] = [0.4917 0.7613 0.8443 0.9416 0.961 ], mr = 57.742, mrr = 0.612, time = 6.3361 s 
r2l: acc of top [1, 5, 10, 50, 100] = [0.4907 0.7577 0.8411 0.9417 0.9599], mr = 47.849, mrr = 0.609, time = 6.3364 s 

optimization finished!
total time elapsed: 3494.3352 s
