***************************zh_en****************************
loading raw data...
-----dataset summary-----
dataset:	 data/DBP15K/zh_en
triple num:	 165556
entity num:	 38960
relation num:	 3024
train ill num:	 4500 	test ill num:	 10500
-------------------------
getting a sparse tensor r_adj...
GAT(
  (layer_stack): ModuleList(
    (0): MultiHeadGraphAttention (128 -> 128) * 2 heads
    (1): MultiHeadGraphAttention (128 -> 128) * 2 heads
  )
)
Adagrad (
Parameter Group 0
    initial_accumulator_value: 0
    lr: 0.005
    lr_decay: 0
    weight_decay: 0
)
training...
	train pos/neg_pairs shape: torch.Size([112500])
loss_CG in epoch 0: 2.997608, time: 1.6439 s
	train pos/neg_triples shape: torch.Size([331112, 3])
loss_KE in epoch 1: 3.002289, time: 11.6320 s
loss_CG in epoch 2: 2.986900, time: 1.7183 s
loss_KE in epoch 3: 2.652389, time: 1.9914 s
loss_CG in epoch 4: 2.958576, time: 1.7211 s
loss_KE in epoch 5: 2.446687, time: 1.9954 s
loss_CG in epoch 6: 2.941117, time: 1.7719 s
loss_KE in epoch 7: 2.259551, time: 2.1146 s
loss_CG in epoch 8: 2.916610, time: 1.8977 s
loss_KE in epoch 9: 2.011010, time: 2.1227 s
loss_CG in epoch 10: 2.967659, time: 4.1051 s
loss_KE in epoch 11: 1.868886, time: 12.0369 s
loss_CG in epoch 12: 2.959154, time: 1.7187 s
loss_KE in epoch 13: 1.368304, time: 1.9922 s
loss_CG in epoch 14: 2.952057, time: 1.7289 s
loss_KE in epoch 15: 0.910283, time: 2.0023 s
loss_CG in epoch 16: 2.946394, time: 1.8086 s
loss_KE in epoch 17: 0.618960, time: 2.1143 s
loss_CG in epoch 18: 2.941941, time: 1.8966 s
loss_KE in epoch 19: 0.470322, time: 2.1258 s
loss_CG in epoch 20: 2.942944, time: 4.1099 s
loss_KE in epoch 21: 0.433270, time: 11.2245 s
loss_CG in epoch 22: 2.939890, time: 1.7127 s
loss_KE in epoch 23: 0.355497, time: 1.9857 s
loss_CG in epoch 24: 2.937235, time: 1.7271 s
loss_KE in epoch 25: 0.310605, time: 2.0015 s
loss_CG in epoch 26: 2.934866, time: 1.8135 s
loss_KE in epoch 27: 0.279751, time: 2.1182 s
loss_CG in epoch 28: 2.932585, time: 1.8948 s
loss_KE in epoch 29: 0.256433, time: 2.1226 s
loss_CG in epoch 30: 2.931334, time: 4.1404 s
loss_KE in epoch 31: 0.280093, time: 12.0842 s
loss_CG in epoch 32: 2.929161, time: 1.6708 s
loss_KE in epoch 33: 0.247991, time: 1.9289 s
loss_CG in epoch 34: 2.927200, time: 1.6652 s
loss_KE in epoch 35: 0.228876, time: 1.9834 s
loss_CG in epoch 36: 2.925378, time: 1.7752 s
loss_KE in epoch 37: 0.215026, time: 2.1059 s
loss_CG in epoch 38: 2.923668, time: 1.8996 s
loss_KE in epoch 39: 0.204175, time: 2.1174 s
loss_CG in epoch 40: 2.922450, time: 4.1171 s
loss_KE in epoch 41: 0.233516, time: 11.5955 s
loss_CG in epoch 42: 2.920745, time: 1.7172 s
loss_KE in epoch 43: 0.212121, time: 1.9790 s
loss_CG in epoch 44: 2.919100, time: 1.7163 s
loss_KE in epoch 45: 0.199792, time: 1.9950 s
loss_CG in epoch 46: 2.917609, time: 1.8345 s
loss_KE in epoch 47: 0.190758, time: 2.1207 s
loss_CG in epoch 48: 2.916165, time: 1.8959 s
loss_KE in epoch 49: 0.183525, time: 2.1183 s
loss_CG in epoch 50: 2.915100, time: 4.1105 s
loss_KE in epoch 51: 0.213953, time: 12.1242 s
loss_CG in epoch 52: 2.913680, time: 1.7047 s
loss_KE in epoch 53: 0.196398, time: 1.9749 s
loss_CG in epoch 54: 2.912232, time: 1.7159 s
loss_KE in epoch 55: 0.186489, time: 2.0010 s
loss_CG in epoch 56: 2.910959, time: 1.8278 s
loss_KE in epoch 57: 0.179095, time: 2.1187 s
loss_CG in epoch 58: 2.909720, time: 1.8966 s
loss_KE in epoch 59: 0.173257, time: 2.1204 s
loss_CG in epoch 60: 2.908767, time: 4.1448 s
loss_KE in epoch 61: 0.200104, time: 11.5754 s
loss_CG in epoch 62: 2.907510, time: 1.7095 s
loss_KE in epoch 63: 0.184589, time: 1.9792 s
loss_CG in epoch 64: 2.906200, time: 1.7261 s
loss_KE in epoch 65: 0.175875, time: 2.0017 s
loss_CG in epoch 66: 2.905045, time: 1.8397 s
loss_KE in epoch 67: 0.169467, time: 2.1178 s
loss_CG in epoch 68: 2.903910, time: 1.9025 s
loss_KE in epoch 69: 0.164271, time: 2.1205 s
loss_CG in epoch 70: 2.903014, time: 4.1091 s
loss_KE in epoch 71: 0.191694, time: 12.7540 s
loss_CG in epoch 72: 2.901907, time: 1.7098 s
loss_KE in epoch 73: 0.177659, time: 1.9833 s
loss_CG in epoch 74: 2.900703, time: 1.7193 s
loss_KE in epoch 75: 0.169768, time: 1.9922 s
loss_CG in epoch 76: 2.899648, time: 1.7997 s
loss_KE in epoch 77: 0.164059, time: 2.1121 s
loss_CG in epoch 78: 2.898633, time: 1.8995 s
loss_KE in epoch 79: 0.159383, time: 2.1201 s
loss_CG in epoch 80: 2.897810, time: 4.1255 s
loss_KE in epoch 81: 0.183418, time: 11.6220 s
loss_CG in epoch 82: 2.896781, time: 1.7075 s
loss_KE in epoch 83: 0.170837, time: 1.9858 s
loss_CG in epoch 84: 2.895662, time: 1.7255 s
loss_KE in epoch 85: 0.163699, time: 1.9999 s
loss_CG in epoch 86: 2.894692, time: 1.8451 s
loss_KE in epoch 87: 0.158510, time: 2.1152 s
loss_CG in epoch 88: 2.893750, time: 1.9074 s
loss_KE in epoch 89: 0.154317, time: 2.1211 s
loss_CG in epoch 90: 2.892967, time: 4.1221 s
loss_KE in epoch 91: 0.178394, time: 11.8866 s
loss_CG in epoch 92: 2.892045, time: 1.6692 s
loss_KE in epoch 93: 0.166510, time: 1.9272 s
loss_CG in epoch 94: 2.890965, time: 1.6620 s
loss_KE in epoch 95: 0.159773, time: 1.9817 s
loss_CG in epoch 96: 2.890059, time: 1.7831 s
loss_KE in epoch 97: 0.154872, time: 2.1150 s
loss_CG in epoch 98: 2.889167, time: 1.8905 s
loss_KE in epoch 99: 0.150992, time: 2.1199 s

epoch 99, checkpoint!
l2r: acc of top [1, 5, 10, 50, 100] = [0.4053 0.6794 0.7749 0.911  0.9369], mr = 97.109, mrr = 0.529, time = 6.3184 s 
r2l: acc of top [1, 5, 10, 50, 100] = [0.379  0.6431 0.7355 0.8846 0.9192], mr = 123.124, mrr = 0.499, time = 6.3187 s 

loss_CG in epoch 100: 2.888407, time: 4.0246 s
loss_KE in epoch 101: 0.175376, time: 12.3472 s
loss_CG in epoch 102: 2.887526, time: 1.7135 s
loss_KE in epoch 103: 0.164350, time: 1.9839 s
loss_CG in epoch 104: 2.886504, time: 1.7282 s
loss_KE in epoch 105: 0.158025, time: 1.9867 s
loss_CG in epoch 106: 2.885650, time: 1.7732 s
loss_KE in epoch 107: 0.153383, time: 2.1070 s
loss_CG in epoch 108: 2.884801, time: 1.9012 s
loss_KE in epoch 109: 0.149722, time: 2.1204 s
loss_CG in epoch 110: 2.884087, time: 4.1014 s
loss_KE in epoch 111: 0.171771, time: 11.4853 s
loss_CG in epoch 112: 2.883224, time: 1.7236 s
loss_KE in epoch 113: 0.161469, time: 1.9819 s
loss_CG in epoch 114: 2.882227, time: 1.7158 s
loss_KE in epoch 115: 0.155434, time: 2.0238 s
loss_CG in epoch 116: 2.881392, time: 1.8836 s
loss_KE in epoch 117: 0.151050, time: 2.1142 s
loss_CG in epoch 118: 2.880578, time: 1.8917 s
loss_KE in epoch 119: 0.147513, time: 2.1220 s
loss_CG in epoch 120: 2.879874, time: 4.1200 s
loss_KE in epoch 121: 0.170057, time: 12.7390 s
loss_CG in epoch 122: 2.879066, time: 1.6673 s
loss_KE in epoch 123: 0.160193, time: 1.9305 s
loss_CG in epoch 124: 2.878109, time: 1.6613 s
loss_KE in epoch 125: 0.154421, time: 1.9802 s
loss_CG in epoch 126: 2.877330, time: 1.7654 s
loss_KE in epoch 127: 0.150183, time: 2.1093 s
loss_CG in epoch 128: 2.876535, time: 1.8973 s
loss_KE in epoch 129: 0.146824, time: 2.1111 s
loss_CG in epoch 130: 2.875861, time: 4.1245 s
loss_KE in epoch 131: 0.166082, time: 12.2777 s
loss_CG in epoch 132: 2.875069, time: 1.7257 s
loss_KE in epoch 133: 0.157020, time: 1.9773 s
loss_CG in epoch 134: 2.874140, time: 1.7118 s
loss_KE in epoch 135: 0.151534, time: 1.9992 s
loss_CG in epoch 136: 2.873387, time: 1.8577 s
loss_KE in epoch 137: 0.147525, time: 2.1208 s
loss_CG in epoch 138: 2.872621, time: 1.9024 s
loss_KE in epoch 139: 0.144334, time: 2.1218 s
loss_CG in epoch 140: 2.871936, time: 4.1123 s
loss_KE in epoch 141: 0.164552, time: 11.8096 s
loss_CG in epoch 142: 2.871180, time: 1.6672 s
loss_KE in epoch 143: 0.155682, time: 1.9285 s
loss_CG in epoch 144: 2.870239, time: 1.6629 s
loss_KE in epoch 145: 0.150344, time: 1.9831 s
loss_CG in epoch 146: 2.869483, time: 1.8123 s
loss_KE in epoch 147: 0.146388, time: 2.1098 s
loss_CG in epoch 148: 2.868741, time: 1.8994 s
loss_KE in epoch 149: 0.143215, time: 2.1135 s
loss_CG in epoch 150: 2.868099, time: 4.1232 s
loss_KE in epoch 151: 0.162739, time: 12.2809 s
loss_CG in epoch 152: 2.867371, time: 1.7123 s
loss_KE in epoch 153: 0.154504, time: 1.9759 s
loss_CG in epoch 154: 2.866477, time: 1.7232 s
loss_KE in epoch 155: 0.149462, time: 2.0150 s
loss_CG in epoch 156: 2.865732, time: 1.8819 s
loss_KE in epoch 157: 0.145694, time: 2.1188 s
loss_CG in epoch 158: 2.865006, time: 1.9104 s
loss_KE in epoch 159: 0.142641, time: 2.1158 s
loss_CG in epoch 160: 2.864339, time: 4.1427 s
loss_KE in epoch 161: 0.163076, time: 11.8474 s
loss_CG in epoch 162: 2.863608, time: 1.7154 s
loss_KE in epoch 163: 0.155199, time: 1.9841 s
loss_CG in epoch 164: 2.862716, time: 1.7263 s
loss_KE in epoch 165: 0.150269, time: 2.0036 s
loss_CG in epoch 166: 2.862001, time: 1.8515 s
loss_KE in epoch 167: 0.146572, time: 2.1168 s
loss_CG in epoch 168: 2.861302, time: 1.9034 s
loss_KE in epoch 169: 0.143611, time: 2.1196 s
loss_CG in epoch 170: 2.860648, time: 4.1190 s
loss_KE in epoch 171: 0.160856, time: 11.8303 s
loss_CG in epoch 172: 2.859959, time: 1.7122 s
loss_KE in epoch 173: 0.153478, time: 1.9818 s
loss_CG in epoch 174: 2.859072, time: 1.7167 s
loss_KE in epoch 175: 0.148836, time: 2.0152 s
loss_CG in epoch 176: 2.858361, time: 1.8779 s
loss_KE in epoch 177: 0.145333, time: 2.1072 s
loss_CG in epoch 178: 2.857660, time: 1.8942 s
loss_KE in epoch 179: 0.142484, time: 2.1119 s
loss_CG in epoch 180: 2.857011, time: 4.1144 s
loss_KE in epoch 181: 0.160164, time: 11.3586 s
loss_CG in epoch 182: 2.856284, time: 1.7222 s
loss_KE in epoch 183: 0.153057, time: 1.9850 s
loss_CG in epoch 184: 2.855417, time: 1.7317 s
loss_KE in epoch 185: 0.148433, time: 2.0449 s
loss_CG in epoch 186: 2.854730, time: 1.8871 s
loss_KE in epoch 187: 0.144970, time: 2.1207 s
loss_CG in epoch 188: 2.854026, time: 1.9012 s
loss_KE in epoch 189: 0.142157, time: 2.1216 s
loss_CG in epoch 190: 2.853388, time: 4.1288 s
loss_KE in epoch 191: 0.159541, time: 12.6642 s
loss_CG in epoch 192: 2.852668, time: 1.7199 s
loss_KE in epoch 193: 0.152629, time: 1.9794 s
loss_CG in epoch 194: 2.851809, time: 1.7275 s
loss_KE in epoch 195: 0.148170, time: 1.9832 s
loss_CG in epoch 196: 2.851114, time: 1.8060 s
loss_KE in epoch 197: 0.144805, time: 2.1134 s
loss_CG in epoch 198: 2.850426, time: 1.9095 s
loss_KE in epoch 199: 0.142097, time: 2.1180 s

epoch 199, checkpoint!
l2r: acc of top [1, 5, 10, 50, 100] = [0.4374 0.7105 0.8017 0.9203 0.9443], mr = 87.648, mrr = 0.560, time = 6.3175 s 
r2l: acc of top [1, 5, 10, 50, 100] = [0.4216 0.6863 0.7747 0.903  0.9312], mr = 101.206, mrr = 0.541, time = 6.3179 s 

loss_CG in epoch 200: 2.849798, time: 4.0242 s
loss_KE in epoch 201: 0.157255, time: 12.5304 s
loss_CG in epoch 202: 2.849073, time: 1.6704 s
loss_KE in epoch 203: 0.150643, time: 1.9245 s
loss_CG in epoch 204: 2.848238, time: 1.6584 s
loss_KE in epoch 205: 0.146328, time: 1.9747 s
loss_CG in epoch 206: 2.847556, time: 1.7254 s
loss_KE in epoch 207: 0.143075, time: 2.0923 s
loss_CG in epoch 208: 2.846859, time: 1.8967 s
loss_KE in epoch 209: 0.140428, time: 2.1178 s
loss_CG in epoch 210: 2.846235, time: 4.1194 s
loss_KE in epoch 211: 0.157513, time: 11.8935 s
loss_CG in epoch 212: 2.845527, time: 1.7117 s
loss_KE in epoch 213: 0.151222, time: 1.9812 s
loss_CG in epoch 214: 2.844690, time: 1.7138 s
loss_KE in epoch 215: 0.147056, time: 2.0113 s
loss_CG in epoch 216: 2.844013, time: 1.8707 s
loss_KE in epoch 217: 0.143871, time: 2.1182 s
loss_CG in epoch 218: 2.843333, time: 1.9109 s
loss_KE in epoch 219: 0.141270, time: 2.1209 s
loss_CG in epoch 220: 2.842711, time: 4.1262 s
loss_KE in epoch 221: 0.155717, time: 12.8631 s
loss_CG in epoch 222: 2.842016, time: 1.7305 s
loss_KE in epoch 223: 0.149624, time: 1.9732 s
loss_CG in epoch 224: 2.841192, time: 1.7413 s
loss_KE in epoch 225: 0.145518, time: 1.9975 s
loss_CG in epoch 226: 2.840505, time: 1.8181 s
loss_KE in epoch 227: 0.142402, time: 2.1075 s
loss_CG in epoch 228: 2.839828, time: 1.9062 s
loss_KE in epoch 229: 0.139852, time: 2.1193 s
loss_CG in epoch 230: 2.839202, time: 4.1027 s
loss_KE in epoch 231: 0.156798, time: 12.0651 s
loss_CG in epoch 232: 2.838502, time: 1.6678 s
loss_KE in epoch 233: 0.150864, time: 1.9248 s
loss_CG in epoch 234: 2.837679, time: 1.6618 s
loss_KE in epoch 235: 0.146825, time: 1.9832 s
loss_CG in epoch 236: 2.837008, time: 1.8121 s
loss_KE in epoch 237: 0.143728, time: 2.1078 s
loss_CG in epoch 238: 2.836334, time: 1.8916 s
loss_KE in epoch 239: 0.141215, time: 2.1196 s
loss_CG in epoch 240: 2.835695, time: 4.1323 s
loss_KE in epoch 241: 0.156161, time: 13.3104 s
loss_CG in epoch 242: 2.834998, time: 1.7206 s
loss_KE in epoch 243: 0.150464, time: 1.9807 s
loss_CG in epoch 244: 2.834181, time: 1.7306 s
loss_KE in epoch 245: 0.146612, time: 1.9934 s
loss_CG in epoch 246: 2.833517, time: 1.8294 s
loss_KE in epoch 247: 0.143617, time: 2.1010 s
loss_CG in epoch 248: 2.832839, time: 1.8947 s
loss_KE in epoch 249: 0.141156, time: 2.1186 s
loss_CG in epoch 250: 2.832211, time: 4.1528 s
loss_KE in epoch 251: 0.154741, time: 12.5329 s
loss_CG in epoch 252: 2.831502, time: 1.7181 s
loss_KE in epoch 253: 0.149224, time: 1.9733 s
loss_CG in epoch 254: 2.830692, time: 1.7255 s
loss_KE in epoch 255: 0.145500, time: 2.0165 s
loss_CG in epoch 256: 2.830019, time: 1.8406 s
loss_KE in epoch 257: 0.142620, time: 2.1230 s
loss_CG in epoch 258: 2.829351, time: 1.8960 s
loss_KE in epoch 259: 0.140238, time: 2.1108 s
loss_CG in epoch 260: 2.828704, time: 4.1259 s
loss_KE in epoch 261: 0.153310, time: 11.8833 s
loss_CG in epoch 262: 2.828007, time: 1.7226 s
loss_KE in epoch 263: 0.148195, time: 1.9796 s
loss_CG in epoch 264: 2.827207, time: 1.7132 s
loss_KE in epoch 265: 0.144612, time: 2.0200 s
loss_CG in epoch 266: 2.826552, time: 1.8580 s
loss_KE in epoch 267: 0.141823, time: 2.1145 s
loss_CG in epoch 268: 2.825874, time: 1.9053 s
loss_KE in epoch 269: 0.139506, time: 2.1177 s
loss_CG in epoch 270: 2.825237, time: 4.1261 s
loss_KE in epoch 271: 0.153810, time: 11.5738 s
loss_CG in epoch 272: 2.824534, time: 1.6654 s
loss_KE in epoch 273: 0.148800, time: 1.9270 s
loss_CG in epoch 274: 2.823735, time: 1.6630 s
loss_KE in epoch 275: 0.145288, time: 2.0010 s
loss_CG in epoch 276: 2.823085, time: 1.8210 s
loss_KE in epoch 277: 0.142531, time: 2.1169 s
loss_CG in epoch 278: 2.822407, time: 1.8929 s
loss_KE in epoch 279: 0.140259, time: 2.1211 s
loss_CG in epoch 280: 2.821780, time: 4.1539 s
loss_KE in epoch 281: 0.155033, time: 12.2635 s
loss_CG in epoch 282: 2.821060, time: 1.7211 s
loss_KE in epoch 283: 0.150028, time: 1.9723 s
loss_CG in epoch 284: 2.820252, time: 1.7462 s
loss_KE in epoch 285: 0.146504, time: 1.9979 s
loss_CG in epoch 286: 2.819594, time: 1.8289 s
loss_KE in epoch 287: 0.143749, time: 2.1110 s
loss_CG in epoch 288: 2.818916, time: 1.9031 s
loss_KE in epoch 289: 0.141474, time: 2.1148 s
loss_CG in epoch 290: 2.818268, time: 4.1309 s
loss_KE in epoch 291: 0.154277, time: 11.8726 s
loss_CG in epoch 292: 2.817561, time: 1.6634 s
loss_KE in epoch 293: 0.149504, time: 1.9263 s
loss_CG in epoch 294: 2.816777, time: 1.6584 s
loss_KE in epoch 295: 0.146141, time: 1.9829 s
loss_CG in epoch 296: 2.816106, time: 1.7753 s
loss_KE in epoch 297: 0.143507, time: 2.1062 s
loss_CG in epoch 298: 2.815432, time: 1.8994 s
loss_KE in epoch 299: 0.141316, time: 2.1190 s

epoch 299, checkpoint!
l2r: acc of top [1, 5, 10, 50, 100] = [0.4498 0.7231 0.8123 0.9242 0.9467], mr = 83.793, mrr = 0.572, time = 6.3109 s 
r2l: acc of top [1, 5, 10, 50, 100] = [0.4422 0.7055 0.7926 0.9104 0.9382], mr = 93.662, mrr = 0.560, time = 6.3112 s 

loss_CG in epoch 300: 2.814793, time: 4.0237 s
loss_KE in epoch 301: 0.153570, time: 13.0596 s
loss_CG in epoch 302: 2.814083, time: 1.7123 s
loss_KE in epoch 303: 0.149023, time: 1.9812 s
loss_CG in epoch 304: 2.813276, time: 1.7394 s
loss_KE in epoch 305: 0.145737, time: 2.0248 s
loss_CG in epoch 306: 2.812627, time: 1.8874 s
loss_KE in epoch 307: 0.143150, time: 2.1121 s
loss_CG in epoch 308: 2.811951, time: 1.9111 s
loss_KE in epoch 309: 0.141004, time: 2.1213 s
loss_CG in epoch 310: 2.811303, time: 4.1167 s
loss_KE in epoch 311: 0.153285, time: 12.2736 s
loss_CG in epoch 312: 2.810590, time: 1.7281 s
loss_KE in epoch 313: 0.148826, time: 1.9802 s
loss_CG in epoch 314: 2.809801, time: 1.7160 s
loss_KE in epoch 315: 0.145641, time: 1.9975 s
loss_CG in epoch 316: 2.809137, time: 1.8473 s
loss_KE in epoch 317: 0.143106, time: 2.1189 s
loss_CG in epoch 318: 2.808460, time: 1.8971 s
loss_KE in epoch 319: 0.141009, time: 2.1196 s
loss_CG in epoch 320: 2.807813, time: 4.1229 s
loss_KE in epoch 321: 0.153592, time: 12.3140 s
loss_CG in epoch 322: 2.807097, time: 1.7075 s
loss_KE in epoch 323: 0.149193, time: 1.9788 s
loss_CG in epoch 324: 2.806296, time: 1.7256 s
loss_KE in epoch 325: 0.146011, time: 1.9922 s
loss_CG in epoch 326: 2.805645, time: 1.8509 s
loss_KE in epoch 327: 0.143496, time: 2.1156 s
loss_CG in epoch 328: 2.804962, time: 1.8987 s
loss_KE in epoch 329: 0.141408, time: 2.1161 s
loss_CG in epoch 330: 2.804311, time: 4.1135 s
loss_KE in epoch 331: 0.153207, time: 12.6085 s
loss_CG in epoch 332: 2.803586, time: 1.6652 s
loss_KE in epoch 333: 0.148993, time: 1.9270 s
loss_CG in epoch 334: 2.802783, time: 1.6575 s
loss_KE in epoch 335: 0.145930, time: 1.9743 s
loss_CG in epoch 336: 2.802114, time: 1.7881 s
loss_KE in epoch 337: 0.143479, time: 2.1057 s
loss_CG in epoch 338: 2.801428, time: 1.8994 s
loss_KE in epoch 339: 0.141433, time: 2.1200 s
loss_CG in epoch 340: 2.800787, time: 4.1214 s
loss_KE in epoch 341: 0.151919, time: 12.5031 s
loss_CG in epoch 342: 2.800073, time: 1.7276 s
loss_KE in epoch 343: 0.147777, time: 1.9807 s
loss_CG in epoch 344: 2.799278, time: 1.7205 s
loss_KE in epoch 345: 0.144758, time: 1.9852 s
loss_CG in epoch 346: 2.798610, time: 1.8111 s
loss_KE in epoch 347: 0.142354, time: 2.1178 s
loss_CG in epoch 348: 2.797923, time: 1.8960 s
loss_KE in epoch 349: 0.140343, time: 2.1202 s
loss_CG in epoch 350: 2.797272, time: 4.1465 s
loss_KE in epoch 351: 0.153128, time: 11.5164 s
loss_CG in epoch 352: 2.796543, time: 1.6659 s
loss_KE in epoch 353: 0.149129, time: 1.9235 s
loss_CG in epoch 354: 2.795768, time: 1.6620 s
loss_KE in epoch 355: 0.146227, time: 1.9859 s
loss_CG in epoch 356: 2.795108, time: 1.8150 s
loss_KE in epoch 357: 0.143880, time: 2.1114 s
loss_CG in epoch 358: 2.794421, time: 1.8970 s
loss_KE in epoch 359: 0.141917, time: 2.1217 s
loss_CG in epoch 360: 2.793760, time: 4.1493 s
loss_KE in epoch 361: 0.153449, time: 11.9724 s
loss_CG in epoch 362: 2.793039, time: 1.7100 s
loss_KE in epoch 363: 0.149629, time: 1.9823 s
loss_CG in epoch 364: 2.792246, time: 1.7317 s
loss_KE in epoch 365: 0.146730, time: 2.0087 s
loss_CG in epoch 366: 2.791588, time: 1.8632 s
loss_KE in epoch 367: 0.144384, time: 2.1199 s
loss_CG in epoch 368: 2.790892, time: 1.9205 s
loss_KE in epoch 369: 0.142418, time: 2.1204 s
loss_CG in epoch 370: 2.790221, time: 4.1156 s
loss_KE in epoch 371: 0.153033, time: 12.2894 s
loss_CG in epoch 372: 2.789495, time: 1.7045 s
loss_KE in epoch 373: 0.149294, time: 1.9808 s
loss_CG in epoch 374: 2.788715, time: 1.7057 s
loss_KE in epoch 375: 0.146495, time: 2.0016 s
loss_CG in epoch 376: 2.788040, time: 1.8484 s
loss_KE in epoch 377: 0.144227, time: 2.1206 s
loss_CG in epoch 378: 2.787348, time: 1.9025 s
loss_KE in epoch 379: 0.142320, time: 2.1206 s
loss_CG in epoch 380: 2.786678, time: 4.1374 s
loss_KE in epoch 381: 0.152438, time: 11.8498 s
loss_CG in epoch 382: 2.785943, time: 1.7180 s
loss_KE in epoch 383: 0.148880, time: 1.9766 s
loss_CG in epoch 384: 2.785149, time: 1.7266 s
loss_KE in epoch 385: 0.146188, time: 2.0189 s
loss_CG in epoch 386: 2.784477, time: 1.8716 s
loss_KE in epoch 387: 0.143978, time: 2.1095 s
loss_CG in epoch 388: 2.783777, time: 1.8979 s
loss_KE in epoch 389: 0.142111, time: 2.1184 s
loss_CG in epoch 390: 2.783098, time: 4.1554 s
loss_KE in epoch 391: 0.151862, time: 11.5537 s
loss_CG in epoch 392: 2.782369, time: 1.7168 s
loss_KE in epoch 393: 0.148361, time: 1.9804 s
loss_CG in epoch 394: 2.781574, time: 1.7222 s
loss_KE in epoch 395: 0.145715, time: 2.0035 s
loss_CG in epoch 396: 2.780901, time: 1.8450 s
loss_KE in epoch 397: 0.143560, time: 2.1163 s
loss_CG in epoch 398: 2.780200, time: 1.9001 s
loss_KE in epoch 399: 0.141725, time: 2.1082 s

epoch 399, checkpoint!
l2r: acc of top [1, 5, 10, 50, 100] = [0.4575 0.7307 0.8187 0.9263 0.9482], mr = 80.429, mrr = 0.580, time = 6.3236 s 
r2l: acc of top [1, 5, 10, 50, 100] = [0.4517 0.7166 0.8031 0.9155 0.9398], mr = 87.600, mrr = 0.570, time = 6.3239 s 

loss_CG in epoch 400: 2.779527, time: 4.0391 s
loss_KE in epoch 401: 0.152129, time: 12.2319 s
loss_CG in epoch 402: 2.778789, time: 1.7187 s
loss_KE in epoch 403: 0.148768, time: 1.9826 s
loss_CG in epoch 404: 2.778007, time: 1.7700 s
loss_KE in epoch 405: 0.146171, time: 2.0896 s
loss_CG in epoch 406: 2.777336, time: 1.9096 s
loss_KE in epoch 407: 0.144070, time: 2.1170 s
loss_CG in epoch 408: 2.776625, time: 1.9110 s
loss_KE in epoch 409: 0.142288, time: 2.1112 s
loss_CG in epoch 410: 2.775954, time: 4.1250 s
loss_KE in epoch 411: 0.151892, time: 12.4160 s
loss_CG in epoch 412: 2.775180, time: 1.6667 s
loss_KE in epoch 413: 0.148619, time: 1.9210 s
loss_CG in epoch 414: 2.774379, time: 1.6609 s
loss_KE in epoch 415: 0.146102, time: 1.9738 s
loss_CG in epoch 416: 2.773700, time: 1.7765 s
loss_KE in epoch 417: 0.144026, time: 2.1008 s
loss_CG in epoch 418: 2.772976, time: 1.8923 s
loss_KE in epoch 419: 0.142257, time: 2.1157 s
loss_CG in epoch 420: 2.772298, time: 4.1140 s
loss_KE in epoch 421: 0.151863, time: 13.0079 s
loss_CG in epoch 422: 2.771549, time: 1.7113 s
loss_KE in epoch 423: 0.148667, time: 1.9830 s
loss_CG in epoch 424: 2.770772, time: 1.7364 s
loss_KE in epoch 425: 0.146191, time: 1.9842 s
loss_CG in epoch 426: 2.770095, time: 1.8101 s
loss_KE in epoch 427: 0.144145, time: 2.1146 s
loss_CG in epoch 428: 2.769388, time: 1.9139 s
loss_KE in epoch 429: 0.142414, time: 2.1087 s
loss_CG in epoch 430: 2.768702, time: 4.1264 s
loss_KE in epoch 431: 0.151946, time: 12.2354 s
loss_CG in epoch 432: 2.767949, time: 1.7220 s
loss_KE in epoch 433: 0.148836, time: 1.9710 s
loss_CG in epoch 434: 2.767154, time: 1.7309 s
loss_KE in epoch 435: 0.146434, time: 1.9977 s
loss_CG in epoch 436: 2.766472, time: 1.8278 s
loss_KE in epoch 437: 0.144441, time: 2.1114 s
loss_CG in epoch 438: 2.765743, time: 1.8980 s
loss_KE in epoch 439: 0.142742, time: 2.1189 s
loss_CG in epoch 440: 2.765053, time: 4.1369 s
loss_KE in epoch 441: 0.151907, time: 12.3282 s
loss_CG in epoch 442: 2.764293, time: 1.7431 s
loss_KE in epoch 443: 0.148860, time: 1.9775 s
loss_CG in epoch 444: 2.763514, time: 1.7249 s
loss_KE in epoch 445: 0.146479, time: 1.9966 s
loss_CG in epoch 446: 2.762817, time: 1.8384 s
loss_KE in epoch 447: 0.144497, time: 2.1178 s
loss_CG in epoch 448: 2.762096, time: 1.9034 s
loss_KE in epoch 449: 0.142801, time: 2.1168 s
loss_CG in epoch 450: 2.761400, time: 4.1155 s
loss_KE in epoch 451: 0.151648, time: 12.6835 s
loss_CG in epoch 452: 2.760627, time: 1.6656 s
loss_KE in epoch 453: 0.148646, time: 1.9259 s
loss_CG in epoch 454: 2.759832, time: 1.6579 s
loss_KE in epoch 455: 0.146302, time: 1.9797 s
loss_CG in epoch 456: 2.759137, time: 1.7897 s
loss_KE in epoch 457: 0.144367, time: 2.1063 s
loss_CG in epoch 458: 2.758410, time: 1.9109 s
loss_KE in epoch 459: 0.142716, time: 2.1191 s
loss_CG in epoch 460: 2.757709, time: 4.1442 s
loss_KE in epoch 461: 0.152505, time: 11.7546 s
loss_CG in epoch 462: 2.756953, time: 1.7196 s
loss_KE in epoch 463: 0.149589, time: 1.9836 s
loss_CG in epoch 464: 2.756163, time: 1.7370 s
loss_KE in epoch 465: 0.147303, time: 2.0002 s
loss_CG in epoch 466: 2.755475, time: 1.8415 s
loss_KE in epoch 467: 0.145399, time: 2.1070 s
loss_CG in epoch 468: 2.754742, time: 1.9036 s
loss_KE in epoch 469: 0.143759, time: 2.1190 s
loss_CG in epoch 470: 2.754046, time: 4.1209 s
loss_KE in epoch 471: 0.151055, time: 12.4801 s
loss_CG in epoch 472: 2.753259, time: 1.6651 s
loss_KE in epoch 473: 0.148263, time: 1.9273 s
loss_CG in epoch 474: 2.752460, time: 1.6613 s
loss_KE in epoch 475: 0.146053, time: 1.9877 s
loss_CG in epoch 476: 2.751757, time: 1.8051 s
loss_KE in epoch 477: 0.144201, time: 2.1067 s
loss_CG in epoch 478: 2.751019, time: 1.8961 s
loss_KE in epoch 479: 0.142613, time: 2.1181 s
loss_CG in epoch 480: 2.750301, time: 4.1113 s
loss_KE in epoch 481: 0.151526, time: 11.6135 s
loss_CG in epoch 482: 2.749542, time: 1.7118 s
loss_KE in epoch 483: 0.148797, time: 1.9859 s
loss_CG in epoch 484: 2.748741, time: 1.7332 s
loss_KE in epoch 485: 0.146650, time: 2.0256 s
loss_CG in epoch 486: 2.748039, time: 1.8835 s
loss_KE in epoch 487: 0.144851, time: 2.1196 s
loss_CG in epoch 488: 2.747304, time: 1.9003 s
loss_KE in epoch 489: 0.143301, time: 2.1198 s
loss_CG in epoch 490: 2.746581, time: 4.1469 s
loss_KE in epoch 491: 0.150447, time: 12.2405 s
loss_CG in epoch 492: 2.745785, time: 1.7133 s
loss_KE in epoch 493: 0.147789, time: 1.9797 s
loss_CG in epoch 494: 2.744990, time: 1.7204 s
loss_KE in epoch 495: 0.145664, time: 1.9961 s
loss_CG in epoch 496: 2.744274, time: 1.8326 s
loss_KE in epoch 497: 0.143877, time: 2.1203 s
loss_CG in epoch 498: 2.743537, time: 1.9033 s
loss_KE in epoch 499: 0.142340, time: 2.1173 s

epoch 499, checkpoint!
l2r: acc of top [1, 5, 10, 50, 100] = [0.4641 0.736  0.8241 0.9273 0.9495], mr = 79.309, mrr = 0.585, time = 6.2994 s 
r2l: acc of top [1, 5, 10, 50, 100] = [0.4566 0.7264 0.8084 0.9187 0.9422], mr = 84.061, mrr = 0.576, time = 6.2998 s 

loss_CG in epoch 500: 2.742818, time: 4.0178 s
loss_KE in epoch 501: 0.152067, time: 12.7135 s
loss_CG in epoch 502: 2.742041, time: 1.7071 s
loss_KE in epoch 503: 0.149424, time: 1.9797 s
loss_CG in epoch 504: 2.741236, time: 1.7340 s
loss_KE in epoch 505: 0.147326, time: 1.9894 s
loss_CG in epoch 506: 2.740530, time: 1.7519 s
loss_KE in epoch 507: 0.145564, time: 2.0953 s
loss_CG in epoch 508: 2.739780, time: 1.9026 s
loss_KE in epoch 509: 0.144036, time: 2.1157 s
loss_CG in epoch 510: 2.739060, time: 4.1355 s
loss_KE in epoch 511: 0.151619, time: 12.1392 s
loss_CG in epoch 512: 2.738267, time: 1.7080 s
loss_KE in epoch 513: 0.149050, time: 1.9771 s
loss_CG in epoch 514: 2.737474, time: 1.7270 s
loss_KE in epoch 515: 0.146975, time: 2.0035 s
loss_CG in epoch 516: 2.736752, time: 1.8440 s
loss_KE in epoch 517: 0.145219, time: 2.1162 s
loss_CG in epoch 518: 2.736003, time: 1.9008 s
loss_KE in epoch 519: 0.143698, time: 2.1073 s
loss_CG in epoch 520: 2.735277, time: 4.1277 s
loss_KE in epoch 521: 0.152402, time: 12.2867 s
loss_CG in epoch 522: 2.734483, time: 1.7108 s
loss_KE in epoch 523: 0.149886, time: 1.9802 s
loss_CG in epoch 524: 2.733685, time: 1.7395 s
loss_KE in epoch 525: 0.147883, time: 1.9891 s
loss_CG in epoch 526: 2.732968, time: 1.8396 s
loss_KE in epoch 527: 0.146181, time: 2.1135 s
loss_CG in epoch 528: 2.732212, time: 1.9092 s
loss_KE in epoch 529: 0.144700, time: 2.1198 s
loss_CG in epoch 530: 2.731484, time: 4.1502 s
loss_KE in epoch 531: 0.151434, time: 12.1822 s
loss_CG in epoch 532: 2.730680, time: 1.6636 s
loss_KE in epoch 533: 0.148986, time: 1.9263 s
loss_CG in epoch 534: 2.729872, time: 1.6622 s
loss_KE in epoch 535: 0.147023, time: 1.9915 s
loss_CG in epoch 536: 2.729149, time: 1.8228 s
loss_KE in epoch 537: 0.145362, time: 2.1157 s
loss_CG in epoch 538: 2.728384, time: 1.8926 s
loss_KE in epoch 539: 0.143925, time: 2.1185 s
loss_CG in epoch 540: 2.727653, time: 4.1089 s
loss_KE in epoch 541: 0.153369, time: 11.8634 s
loss_CG in epoch 542: 2.726861, time: 1.7110 s
loss_KE in epoch 543: 0.151005, time: 1.9810 s
loss_CG in epoch 544: 2.726067, time: 1.7323 s
loss_KE in epoch 545: 0.149087, time: 2.0148 s
loss_CG in epoch 546: 2.725333, time: 1.8886 s
loss_KE in epoch 547: 0.147473, time: 2.1182 s
loss_CG in epoch 548: 2.724569, time: 1.9039 s
loss_KE in epoch 549: 0.146065, time: 2.1187 s
loss_CG in epoch 550: 2.723823, time: 4.1155 s
loss_KE in epoch 551: 0.151989, time: 11.7184 s
loss_CG in epoch 552: 2.722997, time: 1.7046 s
loss_KE in epoch 553: 0.149655, time: 1.9785 s
loss_CG in epoch 554: 2.722193, time: 1.7264 s
loss_KE in epoch 555: 0.147764, time: 2.0212 s
loss_CG in epoch 556: 2.721457, time: 1.8739 s
loss_KE in epoch 557: 0.146167, time: 2.1228 s
loss_CG in epoch 558: 2.720682, time: 1.9247 s
loss_KE in epoch 559: 0.144777, time: 2.1199 s
loss_CG in epoch 560: 2.719936, time: 4.1685 s
loss_KE in epoch 561: 0.152056, time: 12.5166 s
loss_CG in epoch 562: 2.719141, time: 1.7090 s
loss_KE in epoch 563: 0.149787, time: 1.9770 s
loss_CG in epoch 564: 2.718318, time: 1.7355 s
loss_KE in epoch 565: 0.147943, time: 1.9879 s
loss_CG in epoch 566: 2.717582, time: 1.7493 s
loss_KE in epoch 567: 0.146368, time: 2.0974 s
loss_CG in epoch 568: 2.716805, time: 1.8970 s
loss_KE in epoch 569: 0.144992, time: 2.1113 s
loss_CG in epoch 570: 2.716060, time: 4.1322 s
loss_KE in epoch 571: 0.152197, time: 12.4150 s
loss_CG in epoch 572: 2.715233, time: 1.6678 s
loss_KE in epoch 573: 0.149987, time: 1.9269 s
loss_CG in epoch 574: 2.714426, time: 1.6600 s
loss_KE in epoch 575: 0.148190, time: 1.9846 s
loss_CG in epoch 576: 2.713672, time: 1.8093 s
loss_KE in epoch 577: 0.146635, time: 2.1089 s
loss_CG in epoch 578: 2.712895, time: 1.9016 s
loss_KE in epoch 579: 0.145280, time: 2.1077 s
loss_CG in epoch 580: 2.712137, time: 4.1290 s
loss_KE in epoch 581: 0.151836, time: 11.6140 s
loss_CG in epoch 582: 2.711310, time: 1.7217 s
loss_KE in epoch 583: 0.149633, time: 1.9796 s
loss_CG in epoch 584: 2.710497, time: 1.7245 s
loss_KE in epoch 585: 0.147840, time: 2.0188 s
loss_CG in epoch 586: 2.709746, time: 1.8778 s
loss_KE in epoch 587: 0.146321, time: 2.1183 s
loss_CG in epoch 588: 2.708955, time: 1.9027 s
loss_KE in epoch 589: 0.144988, time: 2.1211 s
loss_CG in epoch 590: 2.708201, time: 4.1590 s
loss_KE in epoch 591: 0.151849, time: 12.1768 s
loss_CG in epoch 592: 2.707367, time: 1.7216 s
loss_KE in epoch 593: 0.149698, time: 1.9750 s
loss_CG in epoch 594: 2.706538, time: 1.7175 s
loss_KE in epoch 595: 0.147927, time: 2.0010 s
loss_CG in epoch 596: 2.705781, time: 1.8502 s
loss_KE in epoch 597: 0.146400, time: 2.1173 s
loss_CG in epoch 598: 2.704989, time: 1.8986 s
loss_KE in epoch 599: 0.145072, time: 2.1088 s

epoch 599, checkpoint!
l2r: acc of top [1, 5, 10, 50, 100] = [0.4688 0.7392 0.8264 0.929  0.9504], mr = 77.470, mrr = 0.589, time = 6.3133 s 
r2l: acc of top [1, 5, 10, 50, 100] = [0.4638 0.7308 0.8129 0.9206 0.9435], mr = 79.679, mrr = 0.582, time = 6.3136 s 

loss_CG in epoch 600: 2.704217, time: 4.0272 s
loss_KE in epoch 601: 0.152655, time: 12.6930 s
loss_CG in epoch 602: 2.703380, time: 1.6636 s
loss_KE in epoch 603: 0.150550, time: 1.9285 s
loss_CG in epoch 604: 2.702561, time: 1.6583 s
loss_KE in epoch 605: 0.148841, time: 1.9938 s
loss_CG in epoch 606: 2.701801, time: 1.8244 s
loss_KE in epoch 607: 0.147380, time: 2.1188 s
loss_CG in epoch 608: 2.701001, time: 1.8981 s
loss_KE in epoch 609: 0.146082, time: 2.1198 s
loss_CG in epoch 610: 2.700234, time: 4.1476 s
loss_KE in epoch 611: 0.153269, time: 12.2073 s
loss_CG in epoch 612: 2.699396, time: 1.7084 s
loss_KE in epoch 613: 0.151262, time: 1.9704 s
loss_CG in epoch 614: 2.698572, time: 1.7197 s
loss_KE in epoch 615: 0.149594, time: 2.0071 s
loss_CG in epoch 616: 2.697805, time: 1.8625 s
loss_KE in epoch 617: 0.148156, time: 2.1191 s
loss_CG in epoch 618: 2.697012, time: 1.9004 s
loss_KE in epoch 619: 0.146893, time: 2.1122 s
loss_CG in epoch 620: 2.696224, time: 4.1238 s
loss_KE in epoch 621: 0.152071, time: 12.0130 s
loss_CG in epoch 622: 2.695389, time: 1.6625 s
loss_KE in epoch 623: 0.150077, time: 1.9226 s
loss_CG in epoch 624: 2.694559, time: 1.6580 s
loss_KE in epoch 625: 0.148443, time: 1.9830 s
loss_CG in epoch 626: 2.693788, time: 1.7772 s
loss_KE in epoch 627: 0.147031, time: 2.1097 s
loss_CG in epoch 628: 2.692985, time: 1.8991 s
loss_KE in epoch 629: 0.145787, time: 2.1180 s
loss_CG in epoch 630: 2.692206, time: 4.1214 s
loss_KE in epoch 631: 0.152797, time: 12.1931 s
loss_CG in epoch 632: 2.691369, time: 1.7194 s
loss_KE in epoch 633: 0.150799, time: 1.9757 s
loss_CG in epoch 634: 2.690535, time: 1.7126 s
loss_KE in epoch 635: 0.149129, time: 1.9954 s
loss_CG in epoch 636: 2.689773, time: 1.8379 s
loss_KE in epoch 637: 0.147707, time: 2.1153 s
loss_CG in epoch 638: 2.688967, time: 1.9113 s
loss_KE in epoch 639: 0.146447, time: 2.1197 s
loss_CG in epoch 640: 2.688192, time: 4.1375 s
loss_KE in epoch 641: 0.152954, time: 12.3968 s
loss_CG in epoch 642: 2.687332, time: 1.7095 s
loss_KE in epoch 643: 0.151050, time: 1.9771 s
loss_CG in epoch 644: 2.686497, time: 1.7258 s
loss_KE in epoch 645: 0.149466, time: 2.0137 s
loss_CG in epoch 646: 2.685719, time: 1.8630 s
loss_KE in epoch 647: 0.148095, time: 2.1154 s
loss_CG in epoch 648: 2.684906, time: 1.9074 s
loss_KE in epoch 649: 0.146884, time: 2.1191 s
loss_CG in epoch 650: 2.684116, time: 4.1211 s
loss_KE in epoch 651: 0.152998, time: 11.9729 s
loss_CG in epoch 652: 2.683266, time: 1.6655 s
loss_KE in epoch 653: 0.151093, time: 1.9268 s
loss_CG in epoch 654: 2.682416, time: 1.6623 s
loss_KE in epoch 655: 0.149493, time: 1.9928 s
loss_CG in epoch 656: 2.681631, time: 1.8194 s
loss_KE in epoch 657: 0.148105, time: 2.1173 s
loss_CG in epoch 658: 2.680814, time: 1.8929 s
loss_KE in epoch 659: 0.146888, time: 2.1129 s
loss_CG in epoch 660: 2.680014, time: 4.1250 s
loss_KE in epoch 661: 0.152355, time: 11.7974 s
loss_CG in epoch 662: 2.679152, time: 1.7113 s
loss_KE in epoch 663: 0.150518, time: 1.9817 s
loss_CG in epoch 664: 2.678309, time: 1.7281 s
loss_KE in epoch 665: 0.148976, time: 1.9968 s
loss_CG in epoch 666: 2.677513, time: 1.8349 s
loss_KE in epoch 667: 0.147639, time: 2.1176 s
loss_CG in epoch 668: 2.676692, time: 1.9183 s
loss_KE in epoch 669: 0.146460, time: 2.1175 s
loss_CG in epoch 670: 2.675879, time: 4.1510 s
loss_KE in epoch 671: 0.153211, time: 13.4593 s
loss_CG in epoch 672: 2.675025, time: 1.7186 s
loss_KE in epoch 673: 0.151402, time: 1.9794 s
loss_CG in epoch 674: 2.674171, time: 1.7232 s
loss_KE in epoch 675: 0.149888, time: 1.9957 s
loss_CG in epoch 676: 2.673383, time: 1.7917 s
loss_KE in epoch 677: 0.148568, time: 2.1112 s
loss_CG in epoch 678: 2.672556, time: 1.8901 s
loss_KE in epoch 679: 0.147398, time: 2.1176 s
loss_CG in epoch 680: 2.671751, time: 4.1274 s
loss_KE in epoch 681: 0.152808, time: 12.0792 s
loss_CG in epoch 682: 2.670892, time: 1.6667 s
loss_KE in epoch 683: 0.151013, time: 1.9264 s
loss_CG in epoch 684: 2.670035, time: 1.6632 s
loss_KE in epoch 685: 0.149512, time: 1.9792 s
loss_CG in epoch 686: 2.669232, time: 1.7949 s
loss_KE in epoch 687: 0.148206, time: 2.1091 s
loss_CG in epoch 688: 2.668400, time: 1.8969 s
loss_KE in epoch 689: 0.147045, time: 2.1197 s
loss_CG in epoch 690: 2.667580, time: 4.1175 s
loss_KE in epoch 691: 0.154263, time: 11.8391 s
loss_CG in epoch 692: 2.666703, time: 1.7117 s
loss_KE in epoch 693: 0.152490, time: 1.9820 s
loss_CG in epoch 694: 2.665846, time: 1.7262 s
loss_KE in epoch 695: 0.150994, time: 2.0134 s
loss_CG in epoch 696: 2.665046, time: 1.8676 s
loss_KE in epoch 697: 0.149694, time: 2.1128 s
loss_CG in epoch 698: 2.664198, time: 1.8955 s
loss_KE in epoch 699: 0.148549, time: 2.1218 s

epoch 699, checkpoint!
l2r: acc of top [1, 5, 10, 50, 100] = [0.4729 0.7427 0.8294 0.9303 0.9508], mr = 75.677, mrr = 0.592, time = 6.3232 s 
r2l: acc of top [1, 5, 10, 50, 100] = [0.4672 0.7351 0.8148 0.9225 0.9447], mr = 76.415, mrr = 0.586, time = 6.3235 s 

loss_CG in epoch 700: 2.663383, time: 4.0287 s
loss_KE in epoch 701: 0.154572, time: 11.8193 s
loss_CG in epoch 702: 2.662507, time: 1.7065 s
loss_KE in epoch 703: 0.152885, time: 1.9813 s
loss_CG in epoch 704: 2.661656, time: 1.7380 s
loss_KE in epoch 705: 0.151441, time: 1.9939 s
loss_CG in epoch 706: 2.660847, time: 1.8339 s
loss_KE in epoch 707: 0.150187, time: 2.1182 s
loss_CG in epoch 708: 2.660004, time: 1.8970 s
loss_KE in epoch 709: 0.149072, time: 2.1217 s
loss_CG in epoch 710: 2.659180, time: 4.1269 s
loss_KE in epoch 711: 0.153165, time: 11.5408 s
loss_CG in epoch 712: 2.658300, time: 1.6664 s
loss_KE in epoch 713: 0.151473, time: 1.9287 s
loss_CG in epoch 714: 2.657433, time: 1.6624 s
loss_KE in epoch 715: 0.150051, time: 1.9836 s
loss_CG in epoch 716: 2.656614, time: 1.8201 s
loss_KE in epoch 717: 0.148807, time: 2.1099 s
loss_CG in epoch 718: 2.655761, time: 1.8943 s
loss_KE in epoch 719: 0.147699, time: 2.1213 s
loss_CG in epoch 720: 2.654936, time: 4.1190 s
loss_KE in epoch 721: 0.155528, time: 13.3839 s
loss_CG in epoch 722: 2.654038, time: 1.7178 s
loss_KE in epoch 723: 0.153890, time: 1.9742 s
loss_CG in epoch 724: 2.653171, time: 1.7339 s
loss_KE in epoch 725: 0.152507, time: 1.9906 s
loss_CG in epoch 726: 2.652347, time: 1.8080 s
loss_KE in epoch 727: 0.151289, time: 2.1106 s
loss_CG in epoch 728: 2.651487, time: 1.9083 s
loss_KE in epoch 729: 0.150206, time: 2.1104 s
loss_CG in epoch 730: 2.650647, time: 4.1422 s
loss_KE in epoch 731: 0.154130, time: 11.7544 s
loss_CG in epoch 732: 2.649767, time: 1.7126 s
loss_KE in epoch 733: 0.152545, time: 1.9794 s
loss_CG in epoch 734: 2.648889, time: 1.7152 s
loss_KE in epoch 735: 0.151182, time: 2.0187 s
loss_CG in epoch 736: 2.648060, time: 1.8665 s
loss_KE in epoch 737: 0.149993, time: 2.1116 s
loss_CG in epoch 738: 2.647203, time: 1.9120 s
loss_KE in epoch 739: 0.148927, time: 2.1203 s
loss_CG in epoch 740: 2.646356, time: 4.1354 s
loss_KE in epoch 741: 0.155405, time: 11.7969 s
loss_CG in epoch 742: 2.645461, time: 1.7040 s
loss_KE in epoch 743: 0.153825, time: 1.9807 s
loss_CG in epoch 744: 2.644591, time: 1.7251 s
loss_KE in epoch 745: 0.152479, time: 2.0293 s
loss_CG in epoch 746: 2.643754, time: 1.8817 s
loss_KE in epoch 747: 0.151309, time: 2.1159 s
loss_CG in epoch 748: 2.642890, time: 1.9004 s
loss_KE in epoch 749: 0.150264, time: 2.1115 s
loss_CG in epoch 750: 2.642051, time: 4.1251 s
loss_KE in epoch 751: 0.154202, time: 12.5090 s
loss_CG in epoch 752: 2.641154, time: 1.7075 s
loss_KE in epoch 753: 0.152642, time: 1.9792 s
loss_CG in epoch 754: 2.640265, time: 1.7165 s
loss_KE in epoch 755: 0.151324, time: 2.0021 s
loss_CG in epoch 756: 2.639439, time: 1.8680 s
loss_KE in epoch 757: 0.150162, time: 2.1166 s
loss_CG in epoch 758: 2.638556, time: 1.9034 s
loss_KE in epoch 759: 0.149125, time: 2.1158 s
loss_CG in epoch 760: 2.637716, time: 4.1358 s
loss_KE in epoch 761: 0.155387, time: 11.7651 s
loss_CG in epoch 762: 2.636801, time: 1.7209 s
loss_KE in epoch 763: 0.153871, time: 1.9797 s
loss_CG in epoch 764: 2.635916, time: 1.7301 s
loss_KE in epoch 765: 0.152585, time: 2.0097 s
loss_CG in epoch 766: 2.635063, time: 1.8520 s
loss_KE in epoch 767: 0.151471, time: 2.1166 s
loss_CG in epoch 768: 2.634188, time: 1.9059 s
loss_KE in epoch 769: 0.150468, time: 2.1181 s
loss_CG in epoch 770: 2.633328, time: 4.1276 s
loss_KE in epoch 771: 0.155817, time: 11.8014 s
loss_CG in epoch 772: 2.632413, time: 1.6667 s
loss_KE in epoch 773: 0.154285, time: 1.9263 s
loss_CG in epoch 774: 2.631516, time: 1.6610 s
loss_KE in epoch 775: 0.152979, time: 1.9872 s
loss_CG in epoch 776: 2.630656, time: 1.8114 s
loss_KE in epoch 777: 0.151835, time: 2.1172 s
loss_CG in epoch 778: 2.629778, time: 1.8986 s
loss_KE in epoch 779: 0.150809, time: 2.1073 s
loss_CG in epoch 780: 2.628911, time: 4.1280 s
loss_KE in epoch 781: 0.154931, time: 11.5883 s
loss_CG in epoch 782: 2.628007, time: 1.7122 s
loss_KE in epoch 783: 0.153433, time: 1.9821 s
loss_CG in epoch 784: 2.627113, time: 1.7165 s
loss_KE in epoch 785: 0.152156, time: 2.0092 s
loss_CG in epoch 786: 2.626261, time: 1.8727 s
loss_KE in epoch 787: 0.151025, time: 2.1202 s
loss_CG in epoch 788: 2.625381, time: 1.8985 s
loss_KE in epoch 789: 0.150007, time: 2.1087 s
loss_CG in epoch 790: 2.624508, time: 4.1593 s
loss_KE in epoch 791: 0.155758, time: 12.8053 s
loss_CG in epoch 792: 2.623594, time: 1.6621 s
loss_KE in epoch 793: 0.154342, time: 1.9228 s
loss_CG in epoch 794: 2.622691, time: 1.6587 s
loss_KE in epoch 795: 0.153118, time: 1.9800 s
loss_CG in epoch 796: 2.621835, time: 1.7726 s
loss_KE in epoch 797: 0.152035, time: 2.0992 s
loss_CG in epoch 798: 2.620939, time: 1.8996 s
loss_KE in epoch 799: 0.151059, time: 2.1212 s

epoch 799, checkpoint!
l2r: acc of top [1, 5, 10, 50, 100] = [0.4733 0.7446 0.8328 0.9304 0.9521], mr = 74.628, mrr = 0.594, time = 6.3358 s 
r2l: acc of top [1, 5, 10, 50, 100] = [0.4712 0.737  0.818  0.9235 0.9459], mr = 73.410, mrr = 0.589, time = 6.3361 s 

loss_CG in epoch 800: 2.620071, time: 4.0221 s
loss_KE in epoch 801: 0.155496, time: 12.2109 s
loss_CG in epoch 802: 2.619135, time: 1.7201 s
loss_KE in epoch 803: 0.154104, time: 1.9773 s
loss_CG in epoch 804: 2.618233, time: 1.7258 s
loss_KE in epoch 805: 0.152909, time: 1.9824 s
loss_CG in epoch 806: 2.617364, time: 1.8149 s
loss_KE in epoch 807: 0.151856, time: 2.1065 s
loss_CG in epoch 808: 2.616470, time: 1.8917 s
loss_KE in epoch 809: 0.150901, time: 2.1179 s
loss_CG in epoch 810: 2.615581, time: 4.1467 s
loss_KE in epoch 811: 0.156265, time: 11.6948 s
loss_CG in epoch 812: 2.614665, time: 1.7259 s
loss_KE in epoch 813: 0.154862, time: 1.9805 s
loss_CG in epoch 814: 2.613738, time: 1.7103 s
loss_KE in epoch 815: 0.153654, time: 2.0160 s
loss_CG in epoch 816: 2.612883, time: 1.8660 s
loss_KE in epoch 817: 0.152586, time: 2.1171 s
loss_CG in epoch 818: 2.611966, time: 1.9066 s
loss_KE in epoch 819: 0.151626, time: 2.1192 s
loss_CG in epoch 820: 2.611102, time: 4.1237 s
loss_KE in epoch 821: 0.156917, time: 11.9369 s
loss_CG in epoch 822: 2.610145, time: 1.7188 s
loss_KE in epoch 823: 0.155534, time: 1.9814 s
loss_CG in epoch 824: 2.609247, time: 1.7245 s
loss_KE in epoch 825: 0.154344, time: 1.9997 s
loss_CG in epoch 826: 2.608355, time: 1.8537 s
loss_KE in epoch 827: 0.153297, time: 2.1174 s
loss_CG in epoch 828: 2.607451, time: 1.9097 s
loss_KE in epoch 829: 0.152346, time: 2.1225 s
loss_CG in epoch 830: 2.606555, time: 4.1052 s
loss_KE in epoch 831: 0.155005, time: 12.9034 s
loss_CG in epoch 832: 2.605621, time: 1.6679 s
loss_KE in epoch 833: 0.153662, time: 1.9270 s
loss_CG in epoch 834: 2.604679, time: 1.6611 s
loss_KE in epoch 835: 0.152499, time: 1.9795 s
loss_CG in epoch 836: 2.603807, time: 1.8068 s
loss_KE in epoch 837: 0.151474, time: 2.1206 s
loss_CG in epoch 838: 2.602873, time: 1.9075 s
loss_KE in epoch 839: 0.150556, time: 2.1136 s
loss_CG in epoch 840: 2.601987, time: 4.1304 s
loss_KE in epoch 841: 0.157315, time: 11.3414 s
loss_CG in epoch 842: 2.601038, time: 1.7281 s
loss_KE in epoch 843: 0.155952, time: 1.9853 s
loss_CG in epoch 844: 2.600111, time: 1.7298 s
loss_KE in epoch 845: 0.154783, time: 1.9956 s
loss_CG in epoch 846: 2.599215, time: 1.8097 s
loss_KE in epoch 847: 0.153754, time: 2.1192 s
loss_CG in epoch 848: 2.598293, time: 1.9095 s
loss_KE in epoch 849: 0.152832, time: 2.1203 s
loss_CG in epoch 850: 2.597392, time: 4.1459 s
loss_KE in epoch 851: 0.158127, time: 12.4108 s
loss_CG in epoch 852: 2.596437, time: 1.6623 s
loss_KE in epoch 853: 0.156833, time: 1.9240 s
loss_CG in epoch 854: 2.595510, time: 1.6588 s
loss_KE in epoch 855: 0.155705, time: 1.9847 s
loss_CG in epoch 856: 2.594621, time: 1.7676 s
loss_KE in epoch 857: 0.154707, time: 2.1091 s
loss_CG in epoch 858: 2.593687, time: 1.8944 s
loss_KE in epoch 859: 0.153806, time: 2.1145 s
loss_CG in epoch 860: 2.592781, time: 4.1220 s
loss_KE in epoch 861: 0.158695, time: 12.5229 s
loss_CG in epoch 862: 2.591827, time: 1.7200 s
loss_KE in epoch 863: 0.157398, time: 1.9757 s
loss_CG in epoch 864: 2.590891, time: 1.7252 s
loss_KE in epoch 865: 0.156268, time: 2.0177 s
loss_CG in epoch 866: 2.589986, time: 1.8681 s
loss_KE in epoch 867: 0.155272, time: 2.1188 s
loss_CG in epoch 868: 2.589058, time: 1.8943 s
loss_KE in epoch 869: 0.154373, time: 2.1175 s
loss_CG in epoch 870: 2.588138, time: 4.1408 s
loss_KE in epoch 871: 0.158682, time: 12.8549 s
loss_CG in epoch 872: 2.587177, time: 1.7142 s
loss_KE in epoch 873: 0.157446, time: 1.9786 s
loss_CG in epoch 874: 2.586238, time: 1.7177 s
loss_KE in epoch 875: 0.156361, time: 1.9941 s
loss_CG in epoch 876: 2.585342, time: 1.8419 s
loss_KE in epoch 877: 0.155397, time: 2.1168 s
loss_CG in epoch 878: 2.584400, time: 1.9043 s
loss_KE in epoch 879: 0.154525, time: 2.1209 s
loss_CG in epoch 880: 2.583494, time: 4.1288 s
loss_KE in epoch 881: 0.157107, time: 11.8488 s
loss_CG in epoch 882: 2.582527, time: 1.6648 s
loss_KE in epoch 883: 0.155837, time: 1.9264 s
loss_CG in epoch 884: 2.581583, time: 1.6587 s
loss_KE in epoch 885: 0.154730, time: 1.9813 s
loss_CG in epoch 886: 2.580677, time: 1.8121 s
loss_KE in epoch 887: 0.153738, time: 2.1037 s
loss_CG in epoch 888: 2.579727, time: 1.8980 s
loss_KE in epoch 889: 0.152840, time: 2.1161 s
loss_CG in epoch 890: 2.578806, time: 4.1225 s
loss_KE in epoch 891: 0.158921, time: 11.6427 s
loss_CG in epoch 892: 2.577839, time: 1.7072 s
loss_KE in epoch 893: 0.157684, time: 1.9804 s
loss_CG in epoch 894: 2.576891, time: 1.7260 s
loss_KE in epoch 895: 0.156611, time: 2.0305 s
loss_CG in epoch 896: 2.575986, time: 1.8836 s
loss_KE in epoch 897: 0.155654, time: 2.1158 s
loss_CG in epoch 898: 2.575035, time: 1.8992 s
loss_KE in epoch 899: 0.154786, time: 2.1153 s

epoch 899, checkpoint!
l2r: acc of top [1, 5, 10, 50, 100] = [0.475  0.7478 0.8347 0.9307 0.9528], mr = 74.115, mrr = 0.595, time = 6.3259 s 
r2l: acc of top [1, 5, 10, 50, 100] = [0.4728 0.7405 0.8196 0.9244 0.947 ], mr = 71.276, mrr = 0.591, time = 6.3262 s 

loss_CG in epoch 900: 2.574110, time: 4.0286 s
loss_KE in epoch 901: 0.159211, time: 11.8749 s
loss_CG in epoch 902: 2.573152, time: 1.7186 s
loss_KE in epoch 903: 0.157990, time: 1.9822 s
loss_CG in epoch 904: 2.572204, time: 1.7246 s
loss_KE in epoch 905: 0.156918, time: 1.9930 s
loss_CG in epoch 906: 2.571278, time: 1.8144 s
loss_KE in epoch 907: 0.155964, time: 2.1201 s
loss_CG in epoch 908: 2.570337, time: 1.9088 s
loss_KE in epoch 909: 0.155101, time: 2.1160 s
loss_CG in epoch 910: 2.569412, time: 4.1167 s
loss_KE in epoch 911: 0.159357, time: 12.4468 s
loss_CG in epoch 912: 2.568436, time: 1.7318 s
loss_KE in epoch 913: 0.158134, time: 1.9767 s
loss_CG in epoch 914: 2.567468, time: 1.7461 s
loss_KE in epoch 915: 0.157067, time: 1.9956 s
loss_CG in epoch 916: 2.566551, time: 1.8458 s
loss_KE in epoch 917: 0.156112, time: 2.1165 s
loss_CG in epoch 918: 2.565588, time: 1.9010 s
loss_KE in epoch 919: 0.155249, time: 2.1225 s
loss_CG in epoch 920: 2.564655, time: 4.1053 s
loss_KE in epoch 921: 0.159101, time: 12.1899 s
loss_CG in epoch 922: 2.563680, time: 1.6671 s
loss_KE in epoch 923: 0.157922, time: 1.9275 s
loss_CG in epoch 924: 2.562724, time: 1.6630 s
loss_KE in epoch 925: 0.156886, time: 1.9774 s
loss_CG in epoch 926: 2.561800, time: 1.7797 s
loss_KE in epoch 927: 0.155961, time: 2.0997 s
loss_CG in epoch 928: 2.560846, time: 1.9035 s
loss_KE in epoch 929: 0.155124, time: 2.1200 s
loss_CG in epoch 930: 2.559906, time: 4.1277 s
loss_KE in epoch 931: 0.160400, time: 11.9479 s
loss_CG in epoch 932: 2.558928, time: 1.7248 s
loss_KE in epoch 933: 0.159225, time: 1.9849 s
loss_CG in epoch 934: 2.557961, time: 1.7307 s
loss_KE in epoch 935: 0.158196, time: 2.0079 s
loss_CG in epoch 936: 2.557039, time: 1.8633 s
loss_KE in epoch 937: 0.157274, time: 2.1165 s
loss_CG in epoch 938: 2.556064, time: 1.9132 s
loss_KE in epoch 939: 0.156438, time: 2.1153 s
loss_CG in epoch 940: 2.555129, time: 4.1206 s
loss_KE in epoch 941: 0.160552, time: 12.1778 s
loss_CG in epoch 942: 2.554132, time: 1.7135 s
loss_KE in epoch 943: 0.159398, time: 1.9758 s
loss_CG in epoch 944: 2.553157, time: 1.7365 s
loss_KE in epoch 945: 0.158375, time: 1.9998 s
loss_CG in epoch 946: 2.552225, time: 1.8546 s
loss_KE in epoch 947: 0.157462, time: 2.1165 s
loss_CG in epoch 948: 2.551252, time: 1.9105 s
loss_KE in epoch 949: 0.156630, time: 2.1211 s
loss_CG in epoch 950: 2.550302, time: 4.1309 s
loss_KE in epoch 951: 0.160067, time: 12.0883 s
loss_CG in epoch 952: 2.549307, time: 1.6675 s
loss_KE in epoch 953: 0.158918, time: 1.9262 s
loss_CG in epoch 954: 2.548330, time: 1.6603 s
loss_KE in epoch 955: 0.157908, time: 1.9837 s
loss_CG in epoch 956: 2.547390, time: 1.8151 s
loss_KE in epoch 957: 0.157002, time: 2.1187 s
loss_CG in epoch 958: 2.546416, time: 1.9032 s
loss_KE in epoch 959: 0.156177, time: 2.1191 s
loss_CG in epoch 960: 2.545467, time: 4.1220 s
loss_KE in epoch 961: 0.161463, time: 12.1639 s
loss_CG in epoch 962: 2.544466, time: 1.7090 s
loss_KE in epoch 963: 0.160346, time: 1.9765 s
loss_CG in epoch 964: 2.543482, time: 1.7483 s
loss_KE in epoch 965: 0.159354, time: 2.0013 s
loss_CG in epoch 966: 2.542535, time: 1.8574 s
loss_KE in epoch 967: 0.158467, time: 2.1211 s
loss_CG in epoch 968: 2.541553, time: 1.9069 s
loss_KE in epoch 969: 0.157659, time: 2.1170 s
loss_CG in epoch 970: 2.540583, time: 4.1251 s
loss_KE in epoch 971: 0.160410, time: 11.6785 s
loss_CG in epoch 972: 2.539586, time: 1.7094 s
loss_KE in epoch 973: 0.159279, time: 1.9777 s
loss_CG in epoch 974: 2.538594, time: 1.7060 s
loss_KE in epoch 975: 0.158292, time: 2.0215 s
loss_CG in epoch 976: 2.537655, time: 1.8744 s
loss_KE in epoch 977: 0.157414, time: 2.1198 s
loss_CG in epoch 978: 2.536659, time: 1.8956 s
loss_KE in epoch 979: 0.156617, time: 2.1181 s
loss_CG in epoch 980: 2.535707, time: 4.1135 s
loss_KE in epoch 981: 0.160581, time: 12.0867 s
loss_CG in epoch 982: 2.534692, time: 1.7155 s
loss_KE in epoch 983: 0.159492, time: 1.9810 s
loss_CG in epoch 984: 2.533709, time: 1.7425 s
loss_KE in epoch 985: 0.158528, time: 2.0126 s
loss_CG in epoch 986: 2.532750, time: 1.8485 s
loss_KE in epoch 987: 0.157670, time: 2.1048 s
loss_CG in epoch 988: 2.531757, time: 1.8998 s
loss_KE in epoch 989: 0.156890, time: 2.1188 s
loss_CG in epoch 990: 2.530777, time: 4.1355 s
loss_KE in epoch 991: 0.161721, time: 11.8483 s
loss_CG in epoch 992: 2.529774, time: 1.7282 s
loss_KE in epoch 993: 0.160635, time: 1.9831 s
loss_CG in epoch 994: 2.528772, time: 1.7205 s
loss_KE in epoch 995: 0.159686, time: 2.0010 s
loss_CG in epoch 996: 2.527817, time: 1.8606 s
loss_KE in epoch 997: 0.158835, time: 2.1187 s
loss_CG in epoch 998: 2.526816, time: 1.8970 s
loss_KE in epoch 999: 0.158057, time: 2.1193 s

epoch 999, checkpoint!
l2r: acc of top [1, 5, 10, 50, 100] = [0.4766 0.7497 0.8357 0.932  0.9535], mr = 73.628, mrr = 0.597, time = 6.3175 s 
r2l: acc of top [1, 5, 10, 50, 100] = [0.4753 0.742  0.8217 0.9248 0.9476], mr = 69.509, mrr = 0.594, time = 6.3178 s 

optimization finished!
total time elapsed: 3392.1166 s
