************************en_de_15k_V1************************
Namespace(act='tanh', batch_size=2000, bp_freq=1, bp_param=0.02, csls=5, data_dir='../data/en_de_15k_V1/', embedding_dim=75, ent_norm=True, eval_freq=10, frequency=5, interact_ent_norm=True, is_bp=True, learning_rate=0.01, max_epoch=1000, mlp_layers=1, mode='projection', n_generator=3, n_neg_triple=20, n_rank_calculator=4, neg_margin=2.0, neg_param=0.8, op_is_norm=True, op_is_tanh=True, pos_margin=0.2, rel_norm=True, sim_th=0.7, start_bp=2, start_eval=0, top_k=10, truncated_epsilon=0.95)
output folder: ../out/TransEdge_EA/en_de_15k_V1/20191226112420/
triples num 38363
head ent num 15000
total ent num 15000
ave outs: 3
additional triples: 16300
triples num 37377
head ent num 15000
total ent num 15000
ave outs: 3
additional triples: 15609
total ents: 25500
total rels: 222 120 342
total triples: 38363 + 37377 = 75740
To aligned entities: 10500
xavier_init
xavier_init
context_projection 1 0.1 True tanh
context_projection 1 0.1 True tanh
limit_loss
15000
trunc ent num: 750
iteration  1
generate neighbours: 10.144 s, size: 0.001573 G
triple_loss = 4424.511, time = 2.210 s
triple_loss = 2742.667, time = 1.870 s
triple_loss = 2173.848, time = 1.850 s
triple_loss = 1837.456, time = 1.860 s
triple_loss = 1617.840, time = 1.820 s
hits@[1, 5, 10, 50] = [ 15.45  27.9   33.72  49.74], time = 2.417 s 
testing ent alignment costs: 2.720 s

iteration  2
generate neighbours: 10.174 s, size: 0.001573 G
triple_loss = 2675.212, time = 1.800 s
triple_loss = 2240.887, time = 1.810 s
triple_loss = 2103.032, time = 1.830 s
triple_loss = 2001.483, time = 1.850 s
triple_loss = 1927.352, time = 1.770 s
hits@[1, 5, 10, 50] = [ 28.34  44.82  51.16  63.85], time = 2.418 s 
testing ent alignment costs: 2.705 s


mat mul costs: 0.216
after sim filtered, right alignment: 982/2048=0.479
precision=0.479492, recall=0.093524, f1=0.156519
after sim and neighbours filtered, right alignment: 982/2047=0.480
precision=0.479726, recall=0.093524, f1=0.156532
graph via graph_tool <Graph object, directed, with 2449 vertices and 2047 edges at 0x7f4dbe4c5a90>
selected_pairs, right alignment: 812/1091=0.744
precision=0.744271, recall=0.077333, f1=0.140108
mwgm costs time: 0.495 s
selecting potential alignment costs time: 1.898 s

iteration  3
generate neighbours: 10.134 s, size: 0.001573 G
alignment_loss = 9.965, time = 0.042 s
triple_loss = 1858.875, time = 1.800 s
alignment_loss = 8.469, time = 0.002 s
triple_loss = 1808.321, time = 1.760 s
alignment_loss = 7.368, time = 0.002 s
triple_loss = 1764.066, time = 1.790 s
alignment_loss = 6.527, time = 0.003 s
triple_loss = 1736.038, time = 1.770 s
alignment_loss = 5.881, time = 0.003 s
triple_loss = 1704.797, time = 1.790 s
hits@[1, 5, 10, 50] = [ 35.24  53.28  59.58  72.45], time = 2.429 s 
testing ent alignment costs: 2.741 s


mat mul costs: 0.083
after sim filtered, right alignment: 1822/4367=0.417
precision=0.41722, recall=0.173524, f1=0.245107
after sim and neighbours filtered, right alignment: 1822/4339=0.420
precision=0.419912, recall=0.173524, f1=0.245569
graph via graph_tool <Graph object, directed, with 4511 vertices and 4339 edges at 0x7f4dbe4c5a90>
selected_pairs, right alignment: 1431/1977=0.724
precision=0.723824, recall=0.136286, f1=0.229382
mwgm costs time: 0.267 s
selecting potential alignment costs time: 1.653 s

iteration  4
generate neighbours: 10.275 s, size: 0.001573 G
alignment_loss = 15.463, time = 0.003 s
triple_loss = 1685.875, time = 1.780 s
alignment_loss = 13.592, time = 0.002 s
triple_loss = 1659.177, time = 1.800 s
alignment_loss = 12.104, time = 0.002 s
triple_loss = 1639.143, time = 1.760 s
alignment_loss = 10.886, time = 0.003 s
triple_loss = 1619.574, time = 1.810 s
alignment_loss = 9.881, time = 0.002 s
triple_loss = 1599.420, time = 1.750 s
hits@[1, 5, 10, 50] = [ 39.1   58.03  64.4   76.78], time = 2.324 s 
testing ent alignment costs: 2.629 s


mat mul costs: 0.084
after sim filtered, right alignment: 2641/7392=0.357
precision=0.357278, recall=0.251524, f1=0.295216
after sim and neighbours filtered, right alignment: 2632/7220=0.365
precision=0.364543, recall=0.250667, f1=0.297066
graph via graph_tool <Graph object, directed, with 6514 vertices and 7220 edges at 0x7f4ec991d128>
selected_pairs, right alignment: 2062/2878=0.716
precision=0.71647, recall=0.196381, f1=0.308267
mwgm costs time: 0.433 s
selecting potential alignment costs time: 1.826 s

iteration  5
generate neighbours: 10.230 s, size: 0.001573 G
alignment_loss = 19.864, time = 0.004 s
triple_loss = 1586.796, time = 1.750 s
alignment_loss = 17.642, time = 0.003 s
triple_loss = 1570.171, time = 1.770 s
alignment_loss = 15.798, time = 0.003 s
triple_loss = 1554.519, time = 1.800 s
alignment_loss = 14.277, time = 0.002 s
triple_loss = 1543.160, time = 1.740 s
alignment_loss = 13.001, time = 0.003 s
triple_loss = 1532.079, time = 1.750 s
hits@[1, 5, 10, 50] = [ 41.7   60.73  67.09  79.  ], time = 2.429 s 
testing ent alignment costs: 2.745 s


mat mul costs: 0.085
after sim filtered, right alignment: 3408/11373=0.300
precision=0.299657, recall=0.324571, f1=0.311617
after sim and neighbours filtered, right alignment: 3393/10771=0.315
precision=0.315013, recall=0.323143, f1=0.319026
graph via graph_tool <Graph object, directed, with 8421 vertices and 10771 edges at 0x7f4ec991d128>
selected_pairs, right alignment: 2585/3699=0.699
precision=0.698838, recall=0.24619, f1=0.36411
mwgm costs time: 0.635 s
selecting potential alignment costs time: 2.026 s

iteration  6
generate neighbours: 10.336 s, size: 0.001573 G
alignment_loss = 22.636, time = 0.003 s
triple_loss = 1519.358, time = 1.770 s
alignment_loss = 20.314, time = 0.003 s
triple_loss = 1514.931, time = 1.810 s
alignment_loss = 18.322, time = 0.003 s
triple_loss = 1499.903, time = 1.770 s
alignment_loss = 16.615, time = 0.003 s
triple_loss = 1488.052, time = 1.810 s
alignment_loss = 15.197, time = 0.003 s
triple_loss = 1481.765, time = 1.790 s
hits@[1, 5, 10, 50] = [ 43.55  62.31  68.77  80.62], time = 2.426 s 
testing ent alignment costs: 2.743 s


mat mul costs: 0.086
after sim filtered, right alignment: 4114/16717=0.246
precision=0.246097, recall=0.39181, f1=0.302311
after sim and neighbours filtered, right alignment: 4083/14659=0.279
precision=0.278532, recall=0.388857, f1=0.324576
graph via graph_tool <Graph object, directed, with 10205 vertices and 14659 edges at 0x7f4dba0bf400>
selected_pairs, right alignment: 3081/4479=0.688
precision=0.687877, recall=0.293429, f1=0.411376
mwgm costs time: 0.866 s
selecting potential alignment costs time: 2.269 s

iteration  7
generate neighbours: 10.342 s, size: 0.001573 G
alignment_loss = 24.552, time = 0.004 s
triple_loss = 1476.880, time = 1.810 s
alignment_loss = 22.101, time = 0.003 s
triple_loss = 1467.996, time = 1.770 s
alignment_loss = 20.012, time = 0.003 s
triple_loss = 1461.050, time = 1.800 s
alignment_loss = 18.249, time = 0.003 s
triple_loss = 1451.831, time = 1.800 s
alignment_loss = 16.716, time = 0.003 s
triple_loss = 1445.575, time = 1.750 s
hits@[1, 5, 10, 50] = [ 44.9   63.82  70.02  81.8 ], time = 2.344 s 
testing ent alignment costs: 2.673 s


mat mul costs: 0.086
after sim filtered, right alignment: 4704/23765=0.198
precision=0.197938, recall=0.448, f1=0.274566
after sim and neighbours filtered, right alignment: 4617/18454=0.250
precision=0.25019, recall=0.439714, f1=0.31892
graph via graph_tool <Graph object, directed, with 11622 vertices and 18454 edges at 0x7f4d8d4a4b70>
selected_pairs, right alignment: 3440/5102=0.674
precision=0.674245, recall=0.327619, f1=0.440969
mwgm costs time: 1.068 s
selecting potential alignment costs time: 2.478 s

iteration  8
generate neighbours: 10.332 s, size: 0.001573 G
alignment_loss = 24.645, time = 0.004 s
triple_loss = 1442.378, time = 1.770 s
alignment_loss = 22.350, time = 0.003 s
triple_loss = 1433.124, time = 1.780 s
alignment_loss = 20.386, time = 0.003 s
triple_loss = 1428.630, time = 1.800 s
alignment_loss = 18.715, time = 0.003 s
triple_loss = 1421.148, time = 1.740 s
alignment_loss = 17.254, time = 0.003 s
triple_loss = 1415.975, time = 1.750 s
hits@[1, 5, 10, 50] = [ 45.81  64.7   70.78  82.59], time = 2.330 s 
testing ent alignment costs: 2.654 s


mat mul costs: 0.090
after sim filtered, right alignment: 5168/29666=0.174
precision=0.174206, recall=0.49219, f1=0.257332
after sim and neighbours filtered, right alignment: 5035/21671=0.232
precision=0.232338, recall=0.479524, f1=0.313015
graph via graph_tool <Graph object, directed, with 12680 vertices and 21671 edges at 0x7f4db99a8f98>
selected_pairs, right alignment: 3752/5588=0.671
precision=0.671439, recall=0.357333, f1=0.466434
mwgm costs time: 1.259 s
selecting potential alignment costs time: 2.669 s

iteration  9
generate neighbours: 10.352 s, size: 0.001573 G
alignment_loss = 23.803, time = 0.004 s
triple_loss = 1411.717, time = 1.790 s
alignment_loss = 21.690, time = 0.003 s
triple_loss = 1406.841, time = 1.800 s
alignment_loss = 19.854, time = 0.003 s
triple_loss = 1400.099, time = 1.780 s
alignment_loss = 18.282, time = 0.003 s
triple_loss = 1401.070, time = 1.760 s
alignment_loss = 16.945, time = 0.003 s
triple_loss = 1394.448, time = 1.750 s
hits@[1, 5, 10, 50] = [ 46.9   65.34  71.53  83.18], time = 2.338 s 
testing ent alignment costs: 2.675 s


mat mul costs: 0.088
after sim filtered, right alignment: 5537/34525=0.160
precision=0.160377, recall=0.527333, f1=0.245953
after sim and neighbours filtered, right alignment: 5376/24468=0.220
precision=0.219716, recall=0.512, f1=0.307482
graph via graph_tool <Graph object, directed, with 13468 vertices and 24468 edges at 0x7f4db8d313c8>
selected_pairs, right alignment: 3969/5974=0.664
precision=0.664379, recall=0.378, f1=0.48185
mwgm costs time: 1.425 s
selecting potential alignment costs time: 2.843 s

iteration  10
generate neighbours: 10.252 s, size: 0.001573 G
alignment_loss = 22.837, time = 0.004 s
triple_loss = 1392.561, time = 1.760 s
alignment_loss = 20.872, time = 0.003 s
triple_loss = 1386.754, time = 1.790 s
alignment_loss = 19.186, time = 0.003 s
triple_loss = 1382.880, time = 1.790 s
alignment_loss = 17.749, time = 0.003 s
triple_loss = 1378.005, time = 1.770 s
alignment_loss = 16.484, time = 0.003 s
triple_loss = 1375.575, time = 1.770 s
hits@[1, 5, 10, 50] = [ 47.91  65.97  72.31  83.76], time = 2.326 s 
testing ent alignment costs: 2.653 s


mat mul costs: 0.089
after sim filtered, right alignment: 5841/38057=0.153
precision=0.15348, recall=0.556286, f1=0.240583
after sim and neighbours filtered, right alignment: 5672/26562=0.214
precision=0.213538, recall=0.54019, f1=0.306081
graph via graph_tool <Graph object, directed, with 14168 vertices and 26562 edges at 0x7f4ecd76ee80>
selected_pairs, right alignment: 4145/6297=0.658
precision=0.65825, recall=0.394762, f1=0.493541
mwgm costs time: 1.528 s
selecting potential alignment costs time: 2.938 s

iteration  11
generate neighbours: 10.284 s, size: 0.001573 G
alignment_loss = 21.656, time = 0.004 s
triple_loss = 1372.570, time = 1.860 s
alignment_loss = 19.897, time = 0.003 s
triple_loss = 1366.982, time = 1.780 s
alignment_loss = 18.375, time = 0.003 s
triple_loss = 1363.934, time = 1.820 s
alignment_loss = 17.050, time = 0.003 s
triple_loss = 1360.508, time = 1.790 s
alignment_loss = 15.899, time = 0.003 s
triple_loss = 1355.724, time = 1.800 s
hits@[1, 5, 10, 50] = [ 48.69  66.4   72.81  84.  ], time = 2.328 s 
testing ent alignment costs: 2.654 s


mat mul costs: 0.090
after sim filtered, right alignment: 6066/41352=0.147
precision=0.146692, recall=0.577714, f1=0.233974
after sim and neighbours filtered, right alignment: 5874/28338=0.207
precision=0.207284, recall=0.559429, f1=0.302488
graph via graph_tool <Graph object, directed, with 14634 vertices and 28338 edges at 0x7f4d88774128>
selected_pairs, right alignment: 4263/6541=0.652
precision=0.651735, recall=0.406, f1=0.500323
mwgm costs time: 1.631 s
selecting potential alignment costs time: 3.046 s

iteration  12
generate neighbours: 10.363 s, size: 0.001573 G
alignment_loss = 20.259, time = 0.004 s
triple_loss = 1355.206, time = 1.760 s
alignment_loss = 18.708, time = 0.003 s
triple_loss = 1354.982, time = 1.790 s
alignment_loss = 17.364, time = 0.004 s
triple_loss = 1346.812, time = 1.830 s
alignment_loss = 16.179, time = 0.003 s
triple_loss = 1344.285, time = 1.760 s
alignment_loss = 15.156, time = 0.003 s
triple_loss = 1341.698, time = 1.820 s
hits@[1, 5, 10, 50] = [ 49.32  67.01  73.08  84.4 ], time = 2.333 s 
testing ent alignment costs: 2.664 s


mat mul costs: 0.091
after sim filtered, right alignment: 6255/43060=0.145
precision=0.145262, recall=0.595714, f1=0.233569
after sim and neighbours filtered, right alignment: 6049/29479=0.205
precision=0.205197, recall=0.576095, f1=0.302609
graph via graph_tool <Graph object, directed, with 15043 vertices and 29479 edges at 0x7f4db8d313c8>
selected_pairs, right alignment: 4382/6752=0.649
precision=0.648993, recall=0.417333, f1=0.507999
mwgm costs time: 1.697 s
selecting potential alignment costs time: 3.111 s

iteration  13
generate neighbours: 10.347 s, size: 0.001573 G
alignment_loss = 19.290, time = 0.004 s
triple_loss = 1343.191, time = 1.800 s
alignment_loss = 17.876, time = 0.004 s
triple_loss = 1339.849, time = 1.840 s
alignment_loss = 16.656, time = 0.004 s
triple_loss = 1333.506, time = 1.780 s
alignment_loss = 15.560, time = 0.003 s
triple_loss = 1333.571, time = 1.860 s
alignment_loss = 14.624, time = 0.003 s
triple_loss = 1329.279, time = 1.790 s
hits@[1, 5, 10, 50] = [ 50.1   67.54  73.67  84.71], time = 2.331 s 
testing ent alignment costs: 2.674 s


mat mul costs: 0.091
after sim filtered, right alignment: 6384/44078=0.145
precision=0.144834, recall=0.608, f1=0.23394
after sim and neighbours filtered, right alignment: 6187/30459=0.203
precision=0.203126, recall=0.589238, f1=0.302108
graph via graph_tool <Graph object, directed, with 15380 vertices and 30459 edges at 0x7f4d888e0d68>
selected_pairs, right alignment: 4486/6914=0.649
precision=0.648828, recall=0.427238, f1=0.515217
mwgm costs time: 1.748 s
selecting potential alignment costs time: 3.160 s

iteration  14
generate neighbours: 10.287 s, size: 0.001573 G
alignment_loss = 18.194, time = 0.004 s
triple_loss = 1324.988, time = 1.760 s
alignment_loss = 16.904, time = 0.003 s
triple_loss = 1325.514, time = 1.800 s
alignment_loss = 15.792, time = 0.003 s
triple_loss = 1327.268, time = 1.810 s
alignment_loss = 14.817, time = 0.003 s
triple_loss = 1326.317, time = 1.760 s
alignment_loss = 13.963, time = 0.003 s
triple_loss = 1319.419, time = 1.770 s
hits@[1, 5, 10, 50] = [ 50.43  68.13  74.    84.88], time = 2.332 s 
testing ent alignment costs: 2.668 s


mat mul costs: 0.092
after sim filtered, right alignment: 6508/44661=0.146
precision=0.14572, recall=0.61981, f1=0.235964
after sim and neighbours filtered, right alignment: 6310/31062=0.203
precision=0.203142, recall=0.600952, f1=0.303643
graph via graph_tool <Graph object, directed, with 15661 vertices and 31062 edges at 0x7f4db99a8f98>
selected_pairs, right alignment: 4596/7063=0.651
precision=0.650715, recall=0.437714, f1=0.523373
mwgm costs time: 1.777 s
selecting potential alignment costs time: 3.193 s

iteration  15
generate neighbours: 10.325 s, size: 0.001573 G
alignment_loss = 17.219, time = 0.004 s
triple_loss = 1319.145, time = 1.800 s
alignment_loss = 16.038, time = 0.003 s
triple_loss = 1314.311, time = 1.760 s
alignment_loss = 15.003, time = 0.003 s
triple_loss = 1313.913, time = 1.790 s
alignment_loss = 14.133, time = 0.003 s
triple_loss = 1311.254, time = 1.730 s
alignment_loss = 13.337, time = 0.003 s
triple_loss = 1307.546, time = 1.760 s
hits@[1, 5, 10, 50] = [ 50.88  68.4   74.2   85.04], time = 2.331 s 
testing ent alignment costs: 2.668 s


mat mul costs: 0.095
after sim filtered, right alignment: 6585/45033=0.146
precision=0.146226, recall=0.627143, f1=0.237156
after sim and neighbours filtered, right alignment: 6406/31653=0.202
precision=0.202382, recall=0.610095, f1=0.30394
graph via graph_tool <Graph object, directed, with 15896 vertices and 31653 edges at 0x7f4d87fb0b38>
selected_pairs, right alignment: 4702/7203=0.653
precision=0.652784, recall=0.44781, f1=0.53121
mwgm costs time: 1.814 s
selecting potential alignment costs time: 3.231 s

iteration  16
generate neighbours: 10.310 s, size: 0.001573 G
alignment_loss = 16.536, time = 0.004 s
triple_loss = 1310.505, time = 1.840 s
alignment_loss = 15.445, time = 0.004 s
triple_loss = 1304.830, time = 1.800 s
alignment_loss = 14.490, time = 0.004 s
triple_loss = 1303.021, time = 1.760 s
alignment_loss = 13.663, time = 0.003 s
triple_loss = 1300.529, time = 1.770 s
alignment_loss = 12.917, time = 0.003 s
triple_loss = 1299.265, time = 1.750 s
hits@[1, 5, 10, 50] = [ 51.2   68.56  74.4   85.22], time = 2.329 s 
testing ent alignment costs: 2.668 s


mat mul costs: 0.094
after sim filtered, right alignment: 6640/45010=0.148
precision=0.147523, recall=0.632381, f1=0.239236
after sim and neighbours filtered, right alignment: 6466/31909=0.203
precision=0.202639, recall=0.61581, f1=0.304936
graph via graph_tool <Graph object, directed, with 16096 vertices and 31909 edges at 0x7f4e1209ef60>
selected_pairs, right alignment: 4747/7287=0.651
precision=0.651434, recall=0.452095, f1=0.53376
mwgm costs time: 1.829 s
selecting potential alignment costs time: 3.244 s

iteration  17
generate neighbours: 10.328 s, size: 0.001573 G
alignment_loss = 15.888, time = 0.004 s
triple_loss = 1298.366, time = 1.800 s
alignment_loss = 14.856, time = 0.003 s
triple_loss = 1296.318, time = 1.810 s
alignment_loss = 13.971, time = 0.004 s
triple_loss = 1294.458, time = 1.800 s
alignment_loss = 13.219, time = 0.003 s
triple_loss = 1294.447, time = 1.780 s
alignment_loss = 12.520, time = 0.004 s
triple_loss = 1291.814, time = 1.810 s
hits@[1, 5, 10, 50] = [ 51.79  68.75  74.66  85.15], time = 2.338 s 
testing ent alignment costs: 2.690 s


mat mul costs: 0.095
after sim filtered, right alignment: 6712/44659=0.150
precision=0.150294, recall=0.639238, f1=0.243369
after sim and neighbours filtered, right alignment: 6534/32104=0.204
precision=0.203526, recall=0.622286, f1=0.306732
graph via graph_tool <Graph object, directed, with 16285 vertices and 32104 edges at 0x7f4e1209ef60>
selected_pairs, right alignment: 4769/7381=0.646
precision=0.646118, recall=0.45419, f1=0.533415
mwgm costs time: 1.834 s
selecting potential alignment costs time: 3.252 s

iteration  18
generate neighbours: 10.306 s, size: 0.001573 G
alignment_loss = 15.224, time = 0.004 s
triple_loss = 1293.537, time = 1.820 s
alignment_loss = 14.263, time = 0.003 s
triple_loss = 1287.623, time = 1.820 s
alignment_loss = 13.439, time = 0.003 s
triple_loss = 1284.753, time = 1.760 s
alignment_loss = 12.690, time = 0.003 s
triple_loss = 1285.457, time = 1.770 s
alignment_loss = 12.073, time = 0.003 s
triple_loss = 1284.793, time = 1.790 s
hits@[1, 5, 10, 50] = [ 52.13  68.9   74.73  85.41], time = 2.330 s 
testing ent alignment costs: 2.682 s


mat mul costs: 0.096
after sim filtered, right alignment: 6762/44602=0.152
precision=0.151608, recall=0.644, f1=0.245436
after sim and neighbours filtered, right alignment: 6584/32252=0.204
precision=0.204142, recall=0.627048, f1=0.308009
graph via graph_tool <Graph object, directed, with 16471 vertices and 32252 edges at 0x7f4db99b74a8>
selected_pairs, right alignment: 4878/7465=0.653
precision=0.653449, recall=0.464571, f1=0.543056
mwgm costs time: 1.848 s
selecting potential alignment costs time: 3.264 s

iteration  19
generate neighbours: 10.323 s, size: 0.001573 G
alignment_loss = 14.575, time = 0.004 s
triple_loss = 1282.904, time = 1.810 s
alignment_loss = 13.688, time = 0.004 s
triple_loss = 1280.577, time = 1.770 s
alignment_loss = 12.908, time = 0.003 s
triple_loss = 1279.738, time = 1.800 s
alignment_loss = 12.217, time = 0.003 s
triple_loss = 1276.853, time = 1.760 s
alignment_loss = 11.624, time = 0.003 s
triple_loss = 1276.569, time = 1.740 s
hits@[1, 5, 10, 50] = [ 52.51  69.17  74.77  85.33], time = 2.347 s 
testing ent alignment costs: 2.699 s


mat mul costs: 0.096
after sim filtered, right alignment: 6783/44128=0.154
precision=0.153712, recall=0.646, f1=0.248334
after sim and neighbours filtered, right alignment: 6624/32407=0.204
precision=0.2044, recall=0.630857, f1=0.30876
graph via graph_tool <Graph object, directed, with 16611 vertices and 32407 edges at 0x7f4d88504be0>
selected_pairs, right alignment: 4901/7537=0.650
precision=0.650259, recall=0.466762, f1=0.543439
mwgm costs time: 1.865 s
selecting potential alignment costs time: 3.285 s

iteration  20
generate neighbours: 10.406 s, size: 0.001573 G
alignment_loss = 14.337, time = 0.004 s
triple_loss = 1275.268, time = 1.780 s
alignment_loss = 13.473, time = 0.003 s
triple_loss = 1273.552, time = 1.780 s
alignment_loss = 12.724, time = 0.003 s
triple_loss = 1272.046, time = 1.780 s
alignment_loss = 12.045, time = 0.004 s
triple_loss = 1270.993, time = 1.790 s
alignment_loss = 11.459, time = 0.004 s
triple_loss = 1268.220, time = 1.800 s
hits@[1, 5, 10, 50] = [ 52.53  69.3   74.79  85.54], time = 2.333 s 
testing ent alignment costs: 2.682 s


mat mul costs: 0.098
after sim filtered, right alignment: 6819/43527=0.157
precision=0.156661, recall=0.649429, f1=0.252429
after sim and neighbours filtered, right alignment: 6670/32529=0.205
precision=0.205048, recall=0.635238, f1=0.310024
graph via graph_tool <Graph object, directed, with 16759 vertices and 32529 edges at 0x7f4d88504be0>
selected_pairs, right alignment: 4917/7596=0.647
precision=0.647314, recall=0.468286, f1=0.543435
mwgm costs time: 1.869 s
selecting potential alignment costs time: 3.284 s

iteration  21
generate neighbours: 10.363 s, size: 0.001573 G
alignment_loss = 13.967, time = 0.004 s
triple_loss = 1268.487, time = 1.840 s
alignment_loss = 13.134, time = 0.003 s
triple_loss = 1269.789, time = 1.840 s
alignment_loss = 12.401, time = 0.004 s
triple_loss = 1267.216, time = 1.800 s
alignment_loss = 11.763, time = 0.003 s
triple_loss = 1262.775, time = 1.810 s
alignment_loss = 11.201, time = 0.004 s
triple_loss = 1264.827, time = 1.790 s
hits@[1, 5, 10, 50] = [ 52.56  69.5   74.7   85.67], time = 2.440 s 
testing ent alignment costs: 2.800 s


mat mul costs: 0.098
after sim filtered, right alignment: 6823/42932=0.159
precision=0.158926, recall=0.64981, f1=0.25539
after sim and neighbours filtered, right alignment: 6679/32486=0.206
precision=0.205596, recall=0.636095, f1=0.310752
graph via graph_tool <Graph object, directed, with 16848 vertices and 32486 edges at 0x7f4d88504be0>
selected_pairs, right alignment: 4939/7645=0.646
precision=0.646043, recall=0.470381, f1=0.544392
mwgm costs time: 1.867 s
selecting potential alignment costs time: 3.286 s

iteration  22
generate neighbours: 10.358 s, size: 0.001573 G
alignment_loss = 13.227, time = 0.004 s
triple_loss = 1264.061, time = 1.780 s
alignment_loss = 12.481, time = 0.004 s
triple_loss = 1260.259, time = 1.750 s
alignment_loss = 11.817, time = 0.004 s
triple_loss = 1259.659, time = 1.780 s
alignment_loss = 11.226, time = 0.004 s
triple_loss = 1263.104, time = 1.770 s
alignment_loss = 10.687, time = 0.004 s
triple_loss = 1257.008, time = 1.770 s
hits@[1, 5, 10, 50] = [ 52.81  69.58  74.94  85.56], time = 2.329 s 
testing ent alignment costs: 2.681 s


mat mul costs: 0.099
after sim filtered, right alignment: 6859/42541=0.161
precision=0.161233, recall=0.653238, f1=0.258631
after sim and neighbours filtered, right alignment: 6728/32441=0.207
precision=0.207392, recall=0.640762, f1=0.31336
graph via graph_tool <Graph object, directed, with 16982 vertices and 32441 edges at 0x7f4d87f98b70>
selected_pairs, right alignment: 4978/7717=0.645
precision=0.645069, recall=0.474095, f1=0.546522
mwgm costs time: 1.883 s
selecting potential alignment costs time: 3.298 s

iteration  23
generate neighbours: 10.382 s, size: 0.001573 G
alignment_loss = 13.345, time = 0.004 s
triple_loss = 1255.510, time = 1.850 s
alignment_loss = 12.579, time = 0.003 s
triple_loss = 1251.113, time = 1.810 s
alignment_loss = 11.882, time = 0.004 s
triple_loss = 1252.765, time = 1.790 s
alignment_loss = 11.313, time = 0.003 s
triple_loss = 1251.938, time = 1.770 s
alignment_loss = 10.777, time = 0.004 s
triple_loss = 1252.090, time = 1.810 s
hits@[1, 5, 10, 50] = [ 53.3   69.55  74.94  85.53], time = 2.332 s 
testing ent alignment costs: 2.688 s


mat mul costs: 0.100
after sim filtered, right alignment: 6886/42300=0.163
precision=0.16279, recall=0.65581, f1=0.260834
after sim and neighbours filtered, right alignment: 6749/32491=0.208
precision=0.207719, recall=0.642762, f1=0.313973
graph via graph_tool <Graph object, directed, with 17096 vertices and 32491 edges at 0x7f4d8f7974a8>
selected_pairs, right alignment: 5014/7757=0.646
precision=0.646384, recall=0.477524, f1=0.549269
mwgm costs time: 1.871 s
selecting potential alignment costs time: 3.284 s

iteration  24
generate neighbours: 10.370 s, size: 0.001573 G
alignment_loss = 12.682, time = 0.004 s
triple_loss = 1248.973, time = 1.780 s
alignment_loss = 11.970, time = 0.004 s
triple_loss = 1248.659, time = 1.810 s
alignment_loss = 11.345, time = 0.003 s
triple_loss = 1247.838, time = 1.790 s
alignment_loss = 10.798, time = 0.003 s
triple_loss = 1249.130, time = 1.740 s
alignment_loss = 10.304, time = 0.004 s
triple_loss = 1244.953, time = 1.740 s
hits@[1, 5, 10, 50] = [ 53.25  69.61  74.96  85.54], time = 2.340 s 
testing ent alignment costs: 2.706 s


mat mul costs: 0.101
after sim filtered, right alignment: 6921/41734=0.166
precision=0.165836, recall=0.659143, f1=0.265
after sim and neighbours filtered, right alignment: 6789/32443=0.209
precision=0.209259, recall=0.646571, f1=0.316186
graph via graph_tool <Graph object, directed, with 17184 vertices and 32443 edges at 0x7f4d87d2e5f8>
selected_pairs, right alignment: 5027/7808=0.644
precision=0.643827, recall=0.478762, f1=0.549159
mwgm costs time: 1.876 s
selecting potential alignment costs time: 3.291 s

iteration  25
generate neighbours: 10.409 s, size: 0.001573 G
alignment_loss = 12.786, time = 0.005 s
triple_loss = 1244.603, time = 1.870 s
alignment_loss = 12.076, time = 0.003 s
triple_loss = 1247.969, time = 1.820 s
alignment_loss = 11.422, time = 0.003 s
triple_loss = 1241.435, time = 1.830 s
alignment_loss = 10.861, time = 0.004 s
triple_loss = 1241.182, time = 1.810 s
alignment_loss = 10.358, time = 0.004 s
triple_loss = 1238.427, time = 1.770 s
hits@[1, 5, 10, 50] = [ 53.43  69.72  74.9   85.59], time = 2.339 s 
testing ent alignment costs: 2.703 s


mat mul costs: 0.101
after sim filtered, right alignment: 6940/41225=0.168
precision=0.168344, recall=0.660952, f1=0.268342
after sim and neighbours filtered, right alignment: 6811/32350=0.211
precision=0.210541, recall=0.648667, f1=0.3179
graph via graph_tool <Graph object, directed, with 17276 vertices and 32350 edges at 0x7f4d87d225c0>
selected_pairs, right alignment: 5081/7857=0.647
precision=0.646684, recall=0.483905, f1=0.553576
mwgm costs time: 1.879 s
selecting potential alignment costs time: 3.300 s

iteration  26
generate neighbours: 10.380 s, size: 0.001573 G
alignment_loss = 12.441, time = 0.004 s
triple_loss = 1238.842, time = 1.800 s
alignment_loss = 11.759, time = 0.003 s
triple_loss = 1234.204, time = 1.750 s
alignment_loss = 11.154, time = 0.003 s
triple_loss = 1238.319, time = 1.790 s
alignment_loss = 10.611, time = 0.004 s
triple_loss = 1234.938, time = 1.790 s
alignment_loss = 10.139, time = 0.004 s
triple_loss = 1234.967, time = 1.830 s
hits@[1, 5, 10, 50] = [ 53.71  69.78  75.07  85.62], time = 2.332 s 
testing ent alignment costs: 2.687 s


mat mul costs: 0.103
after sim filtered, right alignment: 6951/40762=0.171
precision=0.170526, recall=0.662, f1=0.271194
after sim and neighbours filtered, right alignment: 6829/32298=0.211
precision=0.211437, recall=0.650381, f1=0.319127
graph via graph_tool <Graph object, directed, with 17352 vertices and 32298 edges at 0x7f4d86ec2a90>
selected_pairs, right alignment: 5052/7897=0.640
precision=0.639737, recall=0.481143, f1=0.54922
mwgm costs time: 1.850 s
selecting potential alignment costs time: 3.259 s

iteration  27
generate neighbours: 10.415 s, size: 0.001573 G
alignment_loss = 12.075, time = 0.004 s
triple_loss = 1232.919, time = 1.860 s
alignment_loss = 11.415, time = 0.003 s
triple_loss = 1231.497, time = 1.800 s
alignment_loss = 10.837, time = 0.004 s
triple_loss = 1230.177, time = 1.830 s
alignment_loss = 10.331, time = 0.004 s
triple_loss = 1230.765, time = 1.790 s
alignment_loss = 9.894, time = 0.003 s
triple_loss = 1228.083, time = 1.760 s
hits@[1, 5, 10, 50] = [ 53.82  69.89  75.12  85.66], time = 2.350 s 
testing ent alignment costs: 2.717 s


mat mul costs: 0.103
after sim filtered, right alignment: 6963/40493=0.172
precision=0.171956, recall=0.663143, f1=0.273097
after sim and neighbours filtered, right alignment: 6839/32282=0.212
precision=0.211852, recall=0.651333, f1=0.319714
graph via graph_tool <Graph object, directed, with 17402 vertices and 32282 edges at 0x7f4d88d96a58>
selected_pairs, right alignment: 5145/7928=0.649
precision=0.648966, recall=0.49, f1=0.55839
mwgm costs time: 1.849 s
selecting potential alignment costs time: 3.257 s

iteration  28
generate neighbours: 10.414 s, size: 0.001573 G
alignment_loss = 11.720, time = 0.004 s
triple_loss = 1227.361, time = 1.810 s
alignment_loss = 11.096, time = 0.003 s
triple_loss = 1227.124, time = 1.760 s
alignment_loss = 10.535, time = 0.004 s
triple_loss = 1223.736, time = 1.810 s
alignment_loss = 10.046, time = 0.004 s
triple_loss = 1227.908, time = 1.780 s
alignment_loss = 9.616, time = 0.003 s
triple_loss = 1224.061, time = 1.810 s
hits@[1, 5, 10, 50] = [ 53.9   69.86  75.22  85.66], time = 2.338 s 
testing ent alignment costs: 2.705 s


mat mul costs: 0.104
after sim filtered, right alignment: 6964/40119=0.174
precision=0.173584, recall=0.663238, f1=0.275154
after sim and neighbours filtered, right alignment: 6845/32204=0.213
precision=0.212551, recall=0.651905, f1=0.320579
graph via graph_tool <Graph object, directed, with 17456 vertices and 32204 edges at 0x7f4d87165c50>
selected_pairs, right alignment: 5136/7962=0.645
precision=0.645064, recall=0.489143, f1=0.556386
mwgm costs time: 1.914 s
selecting potential alignment costs time: 3.323 s

iteration  29
generate neighbours: 10.400 s, size: 0.001573 G
alignment_loss = 11.383, time = 0.004 s
triple_loss = 1225.271, time = 1.800 s
alignment_loss = 10.787, time = 0.004 s
triple_loss = 1225.530, time = 1.810 s
alignment_loss = 10.277, time = 0.003 s
triple_loss = 1219.862, time = 1.800 s
alignment_loss = 9.807, time = 0.004 s
triple_loss = 1219.804, time = 1.790 s
alignment_loss = 9.391, time = 0.004 s
triple_loss = 1220.035, time = 1.820 s
hits@[1, 5, 10, 50] = [ 53.92  69.93  75.12  85.61], time = 2.435 s 
testing ent alignment costs: 2.812 s


mat mul costs: 0.104
after sim filtered, right alignment: 6975/39624=0.176
precision=0.17603, recall=0.664286, f1=0.27831
after sim and neighbours filtered, right alignment: 6860/32007=0.214
precision=0.214328, recall=0.653333, f1=0.32277
graph via graph_tool <Graph object, directed, with 17490 vertices and 32007 edges at 0x7f4d8758a438>
selected_pairs, right alignment: 5147/7993=0.644
precision=0.643938, recall=0.49019, f1=0.556643
mwgm costs time: 1.846 s
selecting potential alignment costs time: 3.267 s

iteration  30
generate neighbours: 10.392 s, size: 0.001573 G
alignment_loss = 11.112, time = 0.005 s
triple_loss = 1220.169, time = 1.770 s
alignment_loss = 10.536, time = 0.004 s
triple_loss = 1216.428, time = 1.790 s
alignment_loss = 10.029, time = 0.004 s
triple_loss = 1218.283, time = 1.780 s
alignment_loss = 9.568, time = 0.004 s
triple_loss = 1217.115, time = 1.790 s
alignment_loss = 9.168, time = 0.004 s
triple_loss = 1215.279, time = 1.830 s
hits@[1, 5, 10, 50] = [ 54.02  70.03  75.12  85.66], time = 2.333 s 
testing ent alignment costs: 2.699 s


mat mul costs: 0.106
after sim filtered, right alignment: 6987/39130=0.179
precision=0.178559, recall=0.665429, f1=0.281564
after sim and neighbours filtered, right alignment: 6881/31819=0.216
precision=0.216254, recall=0.655333, f1=0.325196
graph via graph_tool <Graph object, directed, with 17549 vertices and 31819 edges at 0x7f4d8758a438>
selected_pairs, right alignment: 5170/8018=0.645
precision=0.644799, recall=0.492381, f1=0.558376
mwgm costs time: 1.847 s
selecting potential alignment costs time: 3.259 s

iteration  31
generate neighbours: 10.459 s, size: 0.001573 G
alignment_loss = 10.894, time = 0.004 s
triple_loss = 1217.113, time = 1.800 s
alignment_loss = 10.339, time = 0.003 s
triple_loss = 1215.963, time = 1.850 s
alignment_loss = 9.839, time = 0.004 s
triple_loss = 1213.980, time = 1.790 s
alignment_loss = 9.403, time = 0.004 s
triple_loss = 1209.549, time = 1.770 s
alignment_loss = 9.027, time = 0.004 s
triple_loss = 1211.279, time = 1.810 s
hits@[1, 5, 10, 50] = [ 54.18  70.15  75.22  85.66], time = 2.341 s 
testing ent alignment costs: 2.721 s


mat mul costs: 0.107
after sim filtered, right alignment: 6991/38780=0.180
precision=0.180273, recall=0.66581, f1=0.283725
after sim and neighbours filtered, right alignment: 6887/31764=0.217
precision=0.216818, recall=0.655905, f1=0.325904
graph via graph_tool <Graph object, directed, with 17609 vertices and 31764 edges at 0x7f4d87321fd0>
selected_pairs, right alignment: 5205/8040=0.647
precision=0.647388, recall=0.495714, f1=0.561488
mwgm costs time: 1.846 s
selecting potential alignment costs time: 3.258 s

iteration  32
generate neighbours: 10.461 s, size: 0.001573 G
alignment_loss = 10.899, time = 0.004 s
triple_loss = 1210.538, time = 1.770 s
alignment_loss = 10.338, time = 0.004 s
triple_loss = 1208.616, time = 1.770 s
alignment_loss = 9.839, time = 0.004 s
triple_loss = 1209.568, time = 1.760 s
alignment_loss = 9.397, time = 0.004 s
triple_loss = 1211.796, time = 1.800 s
alignment_loss = 9.006, time = 0.004 s
triple_loss = 1206.254, time = 1.790 s
hits@[1, 5, 10, 50] = [ 54.32  70.17  75.2   85.77], time = 2.338 s 
testing ent alignment costs: 2.720 s


mat mul costs: 0.107
after sim filtered, right alignment: 6997/38282=0.183
precision=0.182775, recall=0.666381, f1=0.286868
after sim and neighbours filtered, right alignment: 6898/31611=0.218
precision=0.218215, recall=0.656952, f1=0.32761
graph via graph_tool <Graph object, directed, with 17649 vertices and 31611 edges at 0x7f4d8853ca20>
selected_pairs, right alignment: 5196/8063=0.644
precision=0.644425, recall=0.494857, f1=0.559823
mwgm costs time: 1.830 s
selecting potential alignment costs time: 3.243 s

iteration  33
generate neighbours: 10.443 s, size: 0.001573 G
alignment_loss = 10.616, time = 0.004 s
triple_loss = 1207.715, time = 1.830 s
alignment_loss = 10.086, time = 0.004 s
triple_loss = 1206.199, time = 1.840 s
alignment_loss = 9.608, time = 0.004 s
triple_loss = 1207.013, time = 1.800 s
alignment_loss = 9.178, time = 0.004 s
triple_loss = 1206.766, time = 1.830 s
alignment_loss = 8.797, time = 0.004 s
triple_loss = 1203.863, time = 1.770 s
hits@[1, 5, 10, 50] = [ 54.41  70.16  75.27  85.73], time = 2.340 s 
testing ent alignment costs: 2.724 s


mat mul costs: 0.108
after sim filtered, right alignment: 7004/38119=0.184
precision=0.18374, recall=0.667048, f1=0.288117
after sim and neighbours filtered, right alignment: 6905/31541=0.219
precision=0.218921, recall=0.657619, f1=0.328488
graph via graph_tool <Graph object, directed, with 17682 vertices and 31541 edges at 0x7f4d87327d68>
selected_pairs, right alignment: 5231/8086=0.647
precision=0.646921, recall=0.49819, f1=0.562897
mwgm costs time: 1.826 s
selecting potential alignment costs time: 3.237 s

iteration  34
generate neighbours: 10.437 s, size: 0.001573 G
alignment_loss = 10.530, time = 0.004 s
triple_loss = 1203.450, time = 1.810 s
alignment_loss = 10.005, time = 0.004 s
triple_loss = 1200.822, time = 1.800 s
alignment_loss = 9.520, time = 0.004 s
triple_loss = 1204.899, time = 1.800 s
alignment_loss = 9.103, time = 0.004 s
triple_loss = 1201.371, time = 1.790 s
alignment_loss = 8.733, time = 0.004 s
triple_loss = 1200.311, time = 1.810 s
hits@[1, 5, 10, 50] = [ 54.68  70.13  75.24  85.8 ], time = 2.335 s 
testing ent alignment costs: 2.712 s


mat mul costs: 0.111
after sim filtered, right alignment: 7007/37709=0.186
precision=0.185818, recall=0.667333, f1=0.290693
after sim and neighbours filtered, right alignment: 6912/31367=0.220
precision=0.220359, recall=0.658286, f1=0.330189
graph via graph_tool <Graph object, directed, with 17714 vertices and 31367 edges at 0x7f4d87d50b00>
selected_pairs, right alignment: 5293/8086=0.655
precision=0.654588, recall=0.504095, f1=0.569568
mwgm costs time: 1.826 s
selecting potential alignment costs time: 3.242 s

iteration  35
generate neighbours: 10.414 s, size: 0.001573 G
alignment_loss = 10.060, time = 0.004 s
triple_loss = 1200.421, time = 1.890 s
alignment_loss = 9.558, time = 0.004 s
triple_loss = 1200.031, time = 1.820 s
alignment_loss = 9.119, time = 0.004 s
triple_loss = 1197.660, time = 1.820 s
alignment_loss = 8.731, time = 0.004 s
triple_loss = 1197.088, time = 1.770 s
alignment_loss = 8.375, time = 0.003 s
triple_loss = 1197.417, time = 1.820 s
hits@[1, 5, 10, 50] = [ 54.69  70.14  75.18  85.7 ], time = 2.337 s 
testing ent alignment costs: 2.706 s


mat mul costs: 0.109
after sim filtered, right alignment: 7007/37505=0.187
precision=0.186828, recall=0.667333, f1=0.291927
after sim and neighbours filtered, right alignment: 6918/31223=0.222
precision=0.221567, recall=0.658857, f1=0.331615
graph via graph_tool <Graph object, directed, with 17763 vertices and 31223 edges at 0x7f4d87321fd0>
selected_pairs, right alignment: 5229/8110=0.645
precision=0.64476, recall=0.498, f1=0.561956
mwgm costs time: 1.811 s
selecting potential alignment costs time: 3.224 s

iteration  36
generate neighbours: 10.434 s, size: 0.001573 G
alignment_loss = 10.118, time = 0.004 s
triple_loss = 1194.739, time = 1.820 s
alignment_loss = 9.624, time = 0.004 s
triple_loss = 1198.769, time = 1.730 s
alignment_loss = 9.185, time = 0.004 s
triple_loss = 1194.282, time = 1.790 s
alignment_loss = 8.799, time = 0.004 s
triple_loss = 1192.028, time = 1.770 s
alignment_loss = 8.444, time = 0.004 s
triple_loss = 1192.741, time = 1.790 s
hits@[1, 5, 10, 50] = [ 54.84  70.05  75.34  85.72], time = 2.336 s 
testing ent alignment costs: 2.716 s


mat mul costs: 0.111
after sim filtered, right alignment: 7005/37195=0.188
precision=0.188332, recall=0.667143, f1=0.293742
after sim and neighbours filtered, right alignment: 6922/31118=0.222
precision=0.222444, recall=0.659238, f1=0.332645
graph via graph_tool <Graph object, directed, with 17792 vertices and 31118 edges at 0x7f4dba0a8cc0>
selected_pairs, right alignment: 5279/8131=0.649
precision=0.649244, recall=0.502762, f1=0.56669
mwgm costs time: 1.796 s
selecting potential alignment costs time: 3.204 s

iteration  37
generate neighbours: 10.407 s, size: 0.001573 G
alignment_loss = 9.963, time = 0.004 s
triple_loss = 1191.137, time = 1.800 s
alignment_loss = 9.481, time = 0.004 s
triple_loss = 1190.165, time = 1.810 s
alignment_loss = 9.056, time = 0.003 s
triple_loss = 1190.867, time = 1.830 s
alignment_loss = 8.679, time = 0.003 s
triple_loss = 1186.707, time = 1.820 s
alignment_loss = 8.323, time = 0.004 s
triple_loss = 1191.011, time = 1.840 s
hits@[1, 5, 10, 50] = [ 54.9   70.05  75.24  85.7 ], time = 2.337 s 
testing ent alignment costs: 2.720 s


mat mul costs: 0.112
after sim filtered, right alignment: 7000/37000=0.189
precision=0.189189, recall=0.666667, f1=0.294737
after sim and neighbours filtered, right alignment: 6918/31022=0.223
precision=0.223003, recall=0.658857, f1=0.333221
graph via graph_tool <Graph object, directed, with 17813 vertices and 31022 edges at 0x7f4d87f14da0>
selected_pairs, right alignment: 5300/8148=0.650
precision=0.650466, recall=0.504762, f1=0.568425
mwgm costs time: 1.788 s
selecting potential alignment costs time: 3.194 s

iteration  38
generate neighbours: 10.402 s, size: 0.001573 G
alignment_loss = 9.579, time = 0.004 s
triple_loss = 1190.021, time = 1.850 s
alignment_loss = 9.109, time = 0.004 s
triple_loss = 1186.637, time = 1.790 s
alignment_loss = 8.699, time = 0.003 s
triple_loss = 1183.903, time = 1.780 s
alignment_loss = 8.331, time = 0.004 s
triple_loss = 1185.070, time = 1.800 s
alignment_loss = 8.008, time = 0.004 s
triple_loss = 1187.074, time = 1.760 s
hits@[1, 5, 10, 50] = [ 54.88  70.1   75.21  85.68], time = 2.337 s 
testing ent alignment costs: 2.721 s


mat mul costs: 0.112
after sim filtered, right alignment: 7016/36835=0.190
precision=0.190471, recall=0.66819, f1=0.29644
after sim and neighbours filtered, right alignment: 6929/30941=0.224
precision=0.223942, recall=0.659905, f1=0.334403
graph via graph_tool <Graph object, directed, with 17852 vertices and 30941 edges at 0x7f4d87fa0898>
selected_pairs, right alignment: 5314/8158=0.651
precision=0.651385, recall=0.506095, f1=0.569621
mwgm costs time: 1.777 s
selecting potential alignment costs time: 3.188 s

iteration  39
generate neighbours: 10.467 s, size: 0.001573 G
alignment_loss = 9.454, time = 0.004 s
triple_loss = 1182.467, time = 1.780 s
alignment_loss = 9.001, time = 0.004 s
triple_loss = 1182.627, time = 1.780 s
alignment_loss = 8.604, time = 0.003 s
triple_loss = 1180.435, time = 1.780 s
alignment_loss = 8.232, time = 0.004 s
triple_loss = 1181.813, time = 1.840 s
alignment_loss = 7.911, time = 0.004 s
triple_loss = 1180.050, time = 1.780 s
hits@[1, 5, 10, 50] = [ 54.99  70.26  75.14  85.7 ], time = 2.343 s 
testing ent alignment costs: 2.728 s


mat mul costs: 0.112
after sim filtered, right alignment: 7003/36446=0.192
precision=0.192147, recall=0.666952, f1=0.298342
after sim and neighbours filtered, right alignment: 6919/30778=0.225
precision=0.224803, recall=0.658952, f1=0.335239
graph via graph_tool <Graph object, directed, with 17883 vertices and 30778 edges at 0x7f4d87302be0>
selected_pairs, right alignment: 5313/8171=0.650
precision=0.650226, recall=0.506, f1=0.569118
mwgm costs time: 1.770 s
selecting potential alignment costs time: 3.175 s

iteration  40
generate neighbours: 10.450 s, size: 0.001573 G
alignment_loss = 9.059, time = 0.004 s
triple_loss = 1180.984, time = 1.800 s
alignment_loss = 8.640, time = 0.003 s
triple_loss = 1179.484, time = 1.740 s
alignment_loss = 8.266, time = 0.004 s
triple_loss = 1181.158, time = 1.790 s
alignment_loss = 7.940, time = 0.003 s
triple_loss = 1180.618, time = 1.780 s
alignment_loss = 7.653, time = 0.004 s
triple_loss = 1176.916, time = 1.810 s
hits@[1, 5, 10, 50] = [ 55.    70.3   75.23  85.54], time = 2.341 s 
testing ent alignment costs: 2.726 s


mat mul costs: 0.114
after sim filtered, right alignment: 6997/36241=0.193
precision=0.193069, recall=0.666381, f1=0.299395
after sim and neighbours filtered, right alignment: 6919/30669=0.226
precision=0.225602, recall=0.658952, f1=0.336126
graph via graph_tool <Graph object, directed, with 17904 vertices and 30669 edges at 0x7f4d87e99cf8>
selected_pairs, right alignment: 5308/8191=0.648
precision=0.648028, recall=0.505524, f1=0.567974
mwgm costs time: 1.786 s
selecting potential alignment costs time: 3.207 s

iteration  41
generate neighbours: 10.460 s, size: 0.001573 G
alignment_loss = 9.404, time = 0.004 s
triple_loss = 1175.870, time = 1.840 s
alignment_loss = 8.949, time = 0.004 s
triple_loss = 1175.201, time = 1.830 s
alignment_loss = 8.539, time = 0.004 s
triple_loss = 1174.775, time = 1.830 s
alignment_loss = 8.181, time = 0.003 s
triple_loss = 1172.897, time = 1.800 s
alignment_loss = 7.863, time = 0.003 s
triple_loss = 1178.426, time = 1.820 s
hits@[1, 5, 10, 50] = [ 54.9   70.26  75.18  85.59], time = 2.342 s 
testing ent alignment costs: 2.741 s


mat mul costs: 0.115
after sim filtered, right alignment: 6983/35854=0.195
precision=0.194762, recall=0.665048, f1=0.30129
after sim and neighbours filtered, right alignment: 6910/30547=0.226
precision=0.226209, recall=0.658095, f1=0.336687
graph via graph_tool <Graph object, directed, with 17919 vertices and 30547 edges at 0x7f4d87f14da0>
selected_pairs, right alignment: 5302/8199=0.647
precision=0.646664, recall=0.504952, f1=0.567089
mwgm costs time: 1.774 s
selecting potential alignment costs time: 3.185 s

iteration  42
generate neighbours: 10.436 s, size: 0.001573 G
alignment_loss = 9.027, time = 0.004 s
triple_loss = 1174.084, time = 1.780 s
alignment_loss = 8.602, time = 0.004 s
triple_loss = 1173.675, time = 1.810 s
alignment_loss = 8.234, time = 0.003 s
triple_loss = 1170.874, time = 1.780 s
alignment_loss = 7.899, time = 0.004 s
triple_loss = 1175.798, time = 1.780 s
alignment_loss = 7.604, time = 0.004 s
triple_loss = 1172.663, time = 1.810 s
hits@[1, 5, 10, 50] = [ 55.06  70.26  75.16  85.56], time = 2.341 s 
testing ent alignment costs: 2.730 s


mat mul costs: 0.116
after sim filtered, right alignment: 6985/35661=0.196
precision=0.195872, recall=0.665238, f1=0.302636
after sim and neighbours filtered, right alignment: 6912/30448=0.227
precision=0.22701, recall=0.658286, f1=0.337599
graph via graph_tool <Graph object, directed, with 17943 vertices and 30448 edges at 0x7f4d86359f98>
selected_pairs, right alignment: 5337/8205=0.650
precision=0.650457, recall=0.508286, f1=0.57065
mwgm costs time: 1.753 s
selecting potential alignment costs time: 3.156 s

iteration  43
generate neighbours: 10.487 s, size: 0.001573 G
alignment_loss = 8.610, time = 0.004 s
triple_loss = 1170.590, time = 1.800 s
alignment_loss = 8.218, time = 0.004 s
triple_loss = 1167.231, time = 1.820 s
alignment_loss = 7.869, time = 0.004 s
triple_loss = 1169.328, time = 1.860 s
alignment_loss = 7.557, time = 0.003 s
triple_loss = 1171.839, time = 1.780 s
alignment_loss = 7.291, time = 0.004 s
triple_loss = 1172.848, time = 1.830 s
hits@[1, 5, 10, 50] = [ 54.95  70.27  75.18  85.5 ], time = 2.342 s 
testing ent alignment costs: 2.734 s


mat mul costs: 0.116
after sim filtered, right alignment: 6988/35484=0.197
precision=0.196934, recall=0.665524, f1=0.303932
after sim and neighbours filtered, right alignment: 6912/30340=0.228
precision=0.227818, recall=0.658286, f1=0.338492
graph via graph_tool <Graph object, directed, with 17977 vertices and 30340 edges at 0x7f4d92a35c88>
selected_pairs, right alignment: 5312/8220=0.646
precision=0.646229, recall=0.505905, f1=0.567522
mwgm costs time: 1.758 s
selecting potential alignment costs time: 3.163 s

iteration  44
generate neighbours: 10.487 s, size: 0.001573 G
alignment_loss = 9.032, time = 0.004 s
triple_loss = 1171.162, time = 1.780 s
alignment_loss = 8.592, time = 0.004 s
triple_loss = 1162.465, time = 1.820 s
alignment_loss = 8.200, time = 0.004 s
triple_loss = 1162.965, time = 1.770 s
alignment_loss = 7.865, time = 0.003 s
triple_loss = 1167.550, time = 1.810 s
alignment_loss = 7.552, time = 0.004 s
triple_loss = 1163.099, time = 1.830 s
hits@[1, 5, 10, 50] = [ 55.01  70.25  75.15  85.41], time = 2.344 s 
testing ent alignment costs: 2.740 s


mat mul costs: 0.118
after sim filtered, right alignment: 6993/35294=0.198
precision=0.198136, recall=0.666, f1=0.305412
after sim and neighbours filtered, right alignment: 6922/30228=0.229
precision=0.228993, recall=0.659238, f1=0.339914
graph via graph_tool <Graph object, directed, with 18000 vertices and 30228 edges at 0x7f4dba08cd68>
selected_pairs, right alignment: 5313/8236=0.645
precision=0.645095, recall=0.506, f1=0.567144
mwgm costs time: 1.753 s
selecting potential alignment costs time: 3.155 s

iteration  45
generate neighbours: 10.415 s, size: 0.001573 G
alignment_loss = 8.704, time = 0.004 s
triple_loss = 1162.947, time = 1.830 s
alignment_loss = 8.306, time = 0.004 s
triple_loss = 1163.410, time = 1.810 s
alignment_loss = 7.947, time = 0.004 s
triple_loss = 1164.928, time = 1.840 s
alignment_loss = 7.626, time = 0.004 s
triple_loss = 1159.915, time = 1.780 s
alignment_loss = 7.347, time = 0.004 s
triple_loss = 1159.269, time = 1.770 s
hits@[1, 5, 10, 50] = [ 55.19  70.21  75.05  85.37], time = 2.342 s 
testing ent alignment costs: 2.743 s


mat mul costs: 0.118
after sim filtered, right alignment: 7001/35162=0.199
precision=0.199107, recall=0.666762, f1=0.306644
after sim and neighbours filtered, right alignment: 6925/30269=0.229
precision=0.228782, recall=0.659524, f1=0.339719
graph via graph_tool <Graph object, directed, with 18018 vertices and 30269 edges at 0x7f4d85acd6d8>
selected_pairs, right alignment: 5324/8241=0.646
precision=0.646038, recall=0.507048, f1=0.568166
mwgm costs time: 1.748 s
selecting potential alignment costs time: 3.152 s

iteration  46
generate neighbours: 10.452 s, size: 0.001573 G
alignment_loss = 8.807, time = 0.004 s
triple_loss = 1159.462, time = 1.760 s
alignment_loss = 8.395, time = 0.003 s
triple_loss = 1160.026, time = 1.800 s
alignment_loss = 8.025, time = 0.004 s
triple_loss = 1161.681, time = 1.770 s
alignment_loss = 7.703, time = 0.004 s
triple_loss = 1162.020, time = 1.820 s
alignment_loss = 7.411, time = 0.004 s
triple_loss = 1159.827, time = 1.790 s
hits@[1, 5, 10, 50] = [ 55.24  70.31  75.01  85.42], time = 2.343 s 
testing ent alignment costs: 2.743 s


mat mul costs: 0.119
after sim filtered, right alignment: 6999/35062=0.200
precision=0.199618, recall=0.666571, f1=0.30723
after sim and neighbours filtered, right alignment: 6928/30178=0.230
precision=0.229571, recall=0.65981, f1=0.340626
graph via graph_tool <Graph object, directed, with 18036 vertices and 30178 edges at 0x7f4d88744cf8>
selected_pairs, right alignment: 5331/8249=0.646
precision=0.64626, recall=0.507714, f1=0.56867
mwgm costs time: 1.754 s
selecting potential alignment costs time: 3.163 s

iteration  47
generate neighbours: 10.494 s, size: 0.001573 G
alignment_loss = 8.553, time = 0.004 s
triple_loss = 1156.933, time = 1.840 s
alignment_loss = 8.154, time = 0.004 s
triple_loss = 1158.886, time = 1.820 s
alignment_loss = 7.812, time = 0.003 s
triple_loss = 1153.800, time = 1.820 s
alignment_loss = 7.497, time = 0.004 s
triple_loss = 1154.753, time = 1.780 s
alignment_loss = 7.212, time = 0.004 s
triple_loss = 1155.470, time = 1.810 s
hits@[1, 5, 10, 50] = [ 55.26  70.26  75.03  85.39], time = 2.351 s 
testing ent alignment costs: 2.785 s


mat mul costs: 0.121
after sim filtered, right alignment: 7010/34858=0.201
precision=0.201102, recall=0.667619, f1=0.309097
after sim and neighbours filtered, right alignment: 6938/30055=0.231
precision=0.230843, recall=0.660762, f1=0.342152
graph via graph_tool <Graph object, directed, with 18046 vertices and 30055 edges at 0x7f4d85adbcf8>
selected_pairs, right alignment: 5304/8251=0.643
precision=0.642831, recall=0.505143, f1=0.56573
mwgm costs time: 1.763 s
selecting potential alignment costs time: 3.184 s

iteration  48
generate neighbours: 10.519 s, size: 0.001573 G
alignment_loss = 8.608, time = 0.004 s
triple_loss = 1156.471, time = 1.790 s
alignment_loss = 8.204, time = 0.004 s
triple_loss = 1154.026, time = 1.860 s
alignment_loss = 7.847, time = 0.004 s
triple_loss = 1153.264, time = 1.800 s
alignment_loss = 7.529, time = 0.004 s
triple_loss = 1153.419, time = 1.800 s
alignment_loss = 7.235, time = 0.004 s
triple_loss = 1153.100, time = 1.880 s
hits@[1, 5, 10, 50] = [ 55.11  70.18  74.98  85.28], time = 2.347 s 
testing ent alignment costs: 2.757 s


mat mul costs: 0.122
after sim filtered, right alignment: 7001/34621=0.202
precision=0.202218, recall=0.666762, f1=0.310321
after sim and neighbours filtered, right alignment: 6940/29910=0.232
precision=0.232029, recall=0.660952, f1=0.343479
graph via graph_tool <Graph object, directed, with 18056 vertices and 29910 edges at 0x7f4d8573fb38>
selected_pairs, right alignment: 5333/8267=0.645
precision=0.645095, recall=0.507905, f1=0.568338
mwgm costs time: 1.757 s
selecting potential alignment costs time: 3.194 s

iteration  49
generate neighbours: 10.511 s, size: 0.001573 G
alignment_loss = 8.401, time = 0.004 s
triple_loss = 1155.233, time = 1.790 s
alignment_loss = 8.018, time = 0.003 s
triple_loss = 1148.156, time = 1.860 s
alignment_loss = 7.676, time = 0.004 s
triple_loss = 1152.623, time = 1.820 s
alignment_loss = 7.371, time = 0.004 s
triple_loss = 1148.392, time = 1.810 s
alignment_loss = 7.102, time = 0.004 s
triple_loss = 1148.415, time = 1.830 s
hits@[1, 5, 10, 50] = [ 55.13  70.25  75.06  85.25], time = 2.347 s 
testing ent alignment costs: 2.760 s


mat mul costs: 0.122
after sim filtered, right alignment: 7000/34355=0.204
precision=0.203755, recall=0.666667, f1=0.312117
after sim and neighbours filtered, right alignment: 6940/29846=0.233
precision=0.232527, recall=0.660952, f1=0.344024
graph via graph_tool <Graph object, directed, with 18074 vertices and 29846 edges at 0x7f4d85720be0>
selected_pairs, right alignment: 5338/8269=0.646
precision=0.645544, recall=0.508381, f1=0.56881
mwgm costs time: 1.750 s
selecting potential alignment costs time: 3.165 s

iteration  50
generate neighbours: 10.496 s, size: 0.001573 G
alignment_loss = 8.118, time = 0.004 s
triple_loss = 1148.644, time = 1.830 s
alignment_loss = 7.745, time = 0.004 s
triple_loss = 1146.592, time = 1.830 s
alignment_loss = 7.420, time = 0.004 s
triple_loss = 1146.777, time = 1.790 s
alignment_loss = 7.128, time = 0.004 s
triple_loss = 1146.893, time = 1.810 s
alignment_loss = 6.875, time = 0.004 s
triple_loss = 1145.912, time = 1.810 s
hits@[1, 5, 10, 50] = [ 55.18  70.23  74.99  85.18], time = 2.344 s 
testing ent alignment costs: 2.751 s


mat mul costs: 0.124
after sim filtered, right alignment: 7005/34198=0.205
precision=0.204837, recall=0.667143, f1=0.313437
after sim and neighbours filtered, right alignment: 6944/29789=0.233
precision=0.233106, recall=0.661333, f1=0.344709
graph via graph_tool <Graph object, directed, with 18095 vertices and 29789 edges at 0x7f4d85ae7860>
selected_pairs, right alignment: 5358/8282=0.647
precision=0.646945, recall=0.510286, f1=0.570546
mwgm costs time: 1.748 s
selecting potential alignment costs time: 3.174 s

iteration  51
generate neighbours: 10.487 s, size: 0.001573 G
alignment_loss = 7.988, time = 0.004 s
triple_loss = 1147.850, time = 1.790 s
alignment_loss = 7.635, time = 0.004 s
triple_loss = 1147.908, time = 1.800 s
alignment_loss = 7.315, time = 0.004 s
triple_loss = 1146.201, time = 1.790 s
alignment_loss = 7.028, time = 0.004 s
triple_loss = 1146.393, time = 1.810 s
alignment_loss = 6.781, time = 0.003 s
triple_loss = 1141.598, time = 1.810 s
hits@[1, 5, 10, 50] = [ 55.31  70.24  74.99  85.19], time = 2.342 s 
testing ent alignment costs: 2.744 s


mat mul costs: 0.125
after sim filtered, right alignment: 6996/33869=0.207
precision=0.206561, recall=0.666286, f1=0.315356
after sim and neighbours filtered, right alignment: 6940/29638=0.234
precision=0.234159, recall=0.660952, f1=0.345807
graph via graph_tool <Graph object, directed, with 18102 vertices and 29638 edges at 0x7f4db999ae80>
selected_pairs, right alignment: 5354/8297=0.645
precision=0.645293, recall=0.509905, f1=0.569665
mwgm costs time: 1.724 s
selecting potential alignment costs time: 3.131 s

iteration  52
generate neighbours: 10.520 s, size: 0.001573 G
alignment_loss = 7.972, time = 0.004 s
triple_loss = 1142.245, time = 1.800 s
alignment_loss = 7.614, time = 0.004 s
triple_loss = 1142.529, time = 1.780 s
alignment_loss = 7.305, time = 0.004 s
triple_loss = 1142.312, time = 1.800 s
alignment_loss = 7.014, time = 0.003 s
triple_loss = 1140.511, time = 1.770 s
alignment_loss = 6.758, time = 0.004 s
triple_loss = 1141.791, time = 1.850 s
hits@[1, 5, 10, 50] = [ 55.31  70.2   75.13  85.11], time = 2.343 s 
testing ent alignment costs: 2.759 s


mat mul costs: 0.122
after sim filtered, right alignment: 7002/33677=0.208
precision=0.207916, recall=0.666857, f1=0.316997
after sim and neighbours filtered, right alignment: 6943/29578=0.235
precision=0.234735, recall=0.661238, f1=0.346474
graph via graph_tool <Graph object, directed, with 18121 vertices and 29578 edges at 0x7f4d88604908>
selected_pairs, right alignment: 5381/8302=0.648
precision=0.648157, recall=0.512476, f1=0.572386
mwgm costs time: 1.720 s
selecting potential alignment costs time: 3.130 s

iteration  53
generate neighbours: 10.511 s, size: 0.001573 G
alignment_loss = 7.997, time = 0.004 s
triple_loss = 1139.022, time = 1.850 s
alignment_loss = 7.646, time = 0.004 s
triple_loss = 1137.207, time = 1.820 s
alignment_loss = 7.316, time = 0.004 s
triple_loss = 1135.634, time = 1.810 s
alignment_loss = 7.034, time = 0.004 s
triple_loss = 1138.753, time = 1.800 s
alignment_loss = 6.767, time = 0.003 s
triple_loss = 1138.896, time = 1.840 s
hits@[1, 5, 10, 50] = [ 55.36  70.18  75.01  85.14], time = 2.353 s 
testing ent alignment costs: 2.781 s


mat mul costs: 0.125
after sim filtered, right alignment: 6995/33665=0.208
precision=0.207783, recall=0.66619, f1=0.316767
after sim and neighbours filtered, right alignment: 6942/29623=0.234
precision=0.234345, recall=0.661143, f1=0.346036
graph via graph_tool <Graph object, directed, with 18142 vertices and 29623 edges at 0x7f4d85720be0>
selected_pairs, right alignment: 5380/8305=0.648
precision=0.647803, recall=0.512381, f1=0.572188
mwgm costs time: 1.725 s
selecting potential alignment costs time: 3.131 s

iteration  54
generate neighbours: 10.542 s, size: 0.001573 G
alignment_loss = 7.810, time = 0.004 s
triple_loss = 1133.320, time = 1.810 s
alignment_loss = 7.465, time = 0.004 s
triple_loss = 1137.684, time = 1.800 s
alignment_loss = 7.164, time = 0.004 s
triple_loss = 1133.008, time = 1.760 s
alignment_loss = 6.893, time = 0.003 s
triple_loss = 1134.675, time = 1.810 s
alignment_loss = 6.639, time = 0.004 s
triple_loss = 1133.971, time = 1.800 s
hits@[1, 5, 10, 50] = [ 55.38  70.06  75.09  85.18], time = 2.351 s 
testing ent alignment costs: 2.780 s


mat mul costs: 0.127
after sim filtered, right alignment: 7003/33501=0.209
precision=0.209039, recall=0.666952, f1=0.318311
after sim and neighbours filtered, right alignment: 6947/29478=0.236
precision=0.235667, recall=0.661619, f1=0.347541
graph via graph_tool <Graph object, directed, with 18152 vertices and 29478 edges at 0x7f4d85702198>
selected_pairs, right alignment: 5388/8314=0.648
precision=0.648064, recall=0.513143, f1=0.572765
mwgm costs time: 1.710 s
selecting potential alignment costs time: 3.117 s

iteration  55
generate neighbours: 10.450 s, size: 0.001573 G
alignment_loss = 7.738, time = 0.004 s
triple_loss = 1133.592, time = 1.840 s
alignment_loss = 7.390, time = 0.003 s
triple_loss = 1137.311, time = 1.830 s
alignment_loss = 7.097, time = 0.004 s
triple_loss = 1134.720, time = 1.820 s
alignment_loss = 6.824, time = 0.004 s
triple_loss = 1131.659, time = 1.800 s
alignment_loss = 6.570, time = 0.004 s
triple_loss = 1130.801, time = 1.810 s
hits@[1, 5, 10, 50] = [ 55.34  70.16  75.    85.07], time = 2.385 s 
testing ent alignment costs: 2.821 s


mat mul costs: 0.127
after sim filtered, right alignment: 6999/33289=0.210
precision=0.21025, recall=0.666571, f1=0.31967
after sim and neighbours filtered, right alignment: 6943/29408=0.236
precision=0.236092, recall=0.661238, f1=0.34795
graph via graph_tool <Graph object, directed, with 18166 vertices and 29408 edges at 0x7f4d8587eb70>
selected_pairs, right alignment: 5401/8323=0.649
precision=0.648925, recall=0.514381, f1=0.573873
mwgm costs time: 1.709 s
selecting potential alignment costs time: 3.114 s

iteration  56
generate neighbours: 10.525 s, size: 0.001573 G
alignment_loss = 7.669, time = 0.004 s
triple_loss = 1133.163, time = 1.790 s
alignment_loss = 7.337, time = 0.003 s
triple_loss = 1130.240, time = 1.800 s
alignment_loss = 7.037, time = 0.003 s
triple_loss = 1132.115, time = 1.800 s
alignment_loss = 6.768, time = 0.003 s
triple_loss = 1132.925, time = 1.770 s
alignment_loss = 6.523, time = 0.004 s
triple_loss = 1126.781, time = 1.760 s
hits@[1, 5, 10, 50] = [ 55.33  70.19  74.93  85.08], time = 2.347 s 

 == should early stop == 

accurate results: hits@[1, 5, 10, 50] = [ 55.57  70.72  75.28  85.3 ], mr = 157.818, mrr = 0.626, time = 13.290 s 
testing ent alignment costs: 16.229 s

Total training time = 1446.2192 s.
