***************************fb_dbp***************************
Namespace(act='tanh', batch_size=2000, bp_freq=1, bp_param=0.02, csls=5, data_dir='../data/fb_dbp/', embedding_dim=75, ent_norm=True, eval_freq=10, frequency=5, interact_ent_norm=True, is_bp=True, learning_rate=0.01, max_epoch=1000, mlp_layers=1, mode='projection', n_generator=3, n_neg_triple=20, n_rank_calculator=4, neg_margin=2.0, neg_param=0.8, op_is_norm=True, op_is_tanh=True, pos_margin=0.2, rel_norm=True, sim_th=0.7, start_bp=2, start_eval=0, top_k=10, truncated_epsilon=0.95)
output folder: ../out/TransEdge_EA/fb_dbp/20191226145351/
***************************fb_dbp***************************
Namespace(act='tanh', batch_size=2000, bp_freq=1, bp_param=0.02, csls=5, data_dir='../data/fb_dbp/', embedding_dim=75, ent_norm=True, eval_freq=10, frequency=5, interact_ent_norm=True, is_bp=True, learning_rate=0.01, max_epoch=1000, mlp_layers=1, mode='projection', n_generator=3, n_neg_triple=20, n_rank_calculator=4, neg_margin=2.0, neg_param=0.8, op_is_norm=True, op_is_tanh=True, pos_margin=0.2, rel_norm=True, sim_th=0.7, start_bp=2, start_eval=0, top_k=10, truncated_epsilon=0.95)
output folder: ../out/TransEdge_EA/fb_dbp/20200101102238/
***************************fb_dbp***************************
Namespace(act='tanh', batch_size=2000, bp_freq=1, bp_param=0.02, csls=5, data_dir='../data/fb_dbp/', embedding_dim=75, ent_norm=True, eval_freq=10, frequency=5, interact_ent_norm=True, is_bp=True, learning_rate=0.01, max_epoch=1000, mlp_layers=1, mode='projection', n_generator=3, n_neg_triple=20, n_rank_calculator=4, neg_margin=2.0, neg_param=0.8, op_is_norm=True, op_is_tanh=True, pos_margin=0.2, rel_norm=True, sim_th=0.7, start_bp=2, start_eval=0, top_k=10, truncated_epsilon=0.95)
output folder: ../out/TransEdge_EA/fb_dbp/20200101104015/
triples num 111974
head ent num 25457
total ent num 25542
ave outs: 5
additional triples: 27451
triples num 96414
head ent num 28502
total ent num 29861
ave outs: 3
additional triples: 33621
total ents: 47741
total rels: 882 407 1289
total triples: 111974 + 96414 = 208388
To aligned entities: 17880
xavier_init
xavier_init
context_projection 1 0.1 True tanh
context_projection 1 0.1 True tanh
limit_loss
25457
trunc ent num: 1272
iteration  1
generate neighbours: 12.577 s, size: 0.003146 G
triple_loss = 3877.093, time = 5.500 s
triple_loss = 2327.930, time = 5.250 s
triple_loss = 1837.385, time = 5.090 s
triple_loss = 1565.340, time = 5.260 s
triple_loss = 1392.659, time = 5.170 s
hits@[1, 5, 10, 50] = [ 6.16 13.51 18.24 34.7 ], time = 2.655 s 
testing ent alignment costs: 3.199 s

iteration  2
generate neighbours: 12.172 s, size: 0.003146 G
triple_loss = 2298.346, time = 4.860 s
triple_loss = 1920.338, time = 4.780 s
triple_loss = 1797.682, time = 4.900 s
triple_loss = 1705.530, time = 4.840 s
triple_loss = 1637.987, time = 4.860 s
hits@[1, 5, 10, 50] = [12.73 24.76 30.48 46.59], time = 2.636 s 
testing ent alignment costs: 3.119 s


mat mul costs: 0.685
after sim filtered, right alignment: 1102/4246=0.260
precision=0.259538, recall=0.061633, f1=0.099611
after sim and neighbours filtered, right alignment: 1100/4031=0.273
precision=0.272885, recall=0.061521, f1=0.100406
graph via graph_tool <Graph object, directed, with 3227 vertices and 4031 edges at 0x7f5c99a32780>
selected_pairs, right alignment: 695/1295=0.537
precision=0.53668, recall=0.03887, f1=0.07249
mwgm costs time: 2.765 s
selecting potential alignment costs time: 6.542 s

iteration  3
generate neighbours: 12.126 s, size: 0.003146 G
alignment_loss = 12.799, time = 0.046 s
triple_loss = 1596.810, time = 4.780 s
alignment_loss = 10.941, time = 0.003 s
triple_loss = 1550.443, time = 4.970 s
alignment_loss = 9.528, time = 0.003 s
triple_loss = 1509.701, time = 4.850 s
alignment_loss = 8.481, time = 0.003 s
triple_loss = 1479.776, time = 4.900 s
alignment_loss = 7.689, time = 0.003 s
triple_loss = 1451.491, time = 4.890 s
hits@[1, 5, 10, 50] = [15.37 29.21 35.84 53.57], time = 2.669 s 
testing ent alignment costs: 3.185 s


mat mul costs: 0.165
after sim filtered, right alignment: 2009/18582=0.108
precision=0.108115, recall=0.11236, f1=0.110197
after sim and neighbours filtered, right alignment: 1942/11205=0.173
precision=0.173315, recall=0.108613, f1=0.13354
graph via graph_tool <Graph object, directed, with 6011 vertices and 11205 edges at 0x7f5c058d5320>
selected_pairs, right alignment: 1023/2286=0.448
precision=0.447507, recall=0.057215, f1=0.101458
mwgm costs time: 0.645 s
selecting potential alignment costs time: 4.429 s

iteration  4
generate neighbours: 12.071 s, size: 0.003146 G
alignment_loss = 18.857, time = 0.004 s
triple_loss = 1437.236, time = 5.000 s
alignment_loss = 16.686, time = 0.004 s
triple_loss = 1409.654, time = 4.800 s
alignment_loss = 14.991, time = 0.004 s
triple_loss = 1382.958, time = 4.830 s
alignment_loss = 13.619, time = 0.004 s
triple_loss = 1362.238, time = 4.960 s
alignment_loss = 12.540, time = 0.003 s
triple_loss = 1344.360, time = 4.900 s
hits@[1, 5, 10, 50] = [16.67 31.94 38.94 57.07], time = 2.676 s 
testing ent alignment costs: 3.199 s


mat mul costs: 0.167
after sim filtered, right alignment: 2771/52394=0.053
precision=0.052888, recall=0.154978, f1=0.078863
after sim and neighbours filtered, right alignment: 2599/24069=0.108
precision=0.107981, recall=0.145358, f1=0.123912
graph via graph_tool <Graph object, directed, with 9050 vertices and 24069 edges at 0x7f5a80a11828>
selected_pairs, right alignment: 1271/3156=0.403
precision=0.402725, recall=0.071085, f1=0.12084
mwgm costs time: 1.383 s
selecting potential alignment costs time: 5.217 s

iteration  5
generate neighbours: 12.088 s, size: 0.003146 G
alignment_loss = 23.743, time = 0.004 s
triple_loss = 1333.444, time = 4.770 s
alignment_loss = 21.384, time = 0.004 s
triple_loss = 1316.819, time = 4.830 s
alignment_loss = 19.446, time = 0.004 s
triple_loss = 1305.816, time = 4.810 s
alignment_loss = 17.882, time = 0.003 s
triple_loss = 1293.200, time = 4.940 s
alignment_loss = 16.600, time = 0.004 s
triple_loss = 1283.393, time = 4.880 s
hits@[1, 5, 10, 50] = [17.89 33.89 40.94 58.88], time = 2.660 s 
testing ent alignment costs: 3.168 s


mat mul costs: 0.168
after sim filtered, right alignment: 3516/120051=0.029
precision=0.029288, recall=0.196644, f1=0.050983
after sim and neighbours filtered, right alignment: 3174/39180=0.081
precision=0.081011, recall=0.177517, f1=0.111252
graph via graph_tool <Graph object, directed, with 11349 vertices and 39180 edges at 0x7f5a87e966d8>
selected_pairs, right alignment: 1472/3864=0.381
precision=0.380952, recall=0.082327, f1=0.135394
mwgm costs time: 2.208 s
selecting potential alignment costs time: 6.073 s

iteration  6
generate neighbours: 12.176 s, size: 0.003146 G
alignment_loss = 26.782, time = 0.005 s
triple_loss = 1275.982, time = 4.910 s
alignment_loss = 24.341, time = 0.004 s
triple_loss = 1265.930, time = 4.880 s
alignment_loss = 22.370, time = 0.004 s
triple_loss = 1258.141, time = 4.880 s
alignment_loss = 20.732, time = 0.004 s
triple_loss = 1249.166, time = 4.870 s
alignment_loss = 19.347, time = 0.004 s
triple_loss = 1242.455, time = 4.850 s
hits@[1, 5, 10, 50] = [18.77 35.32 42.77 60.49], time = 2.652 s 
testing ent alignment costs: 3.162 s


mat mul costs: 0.168
after sim filtered, right alignment: 4185/204637=0.020
precision=0.020451, recall=0.23406, f1=0.037615
after sim and neighbours filtered, right alignment: 3633/49270=0.074
precision=0.073737, recall=0.203188, f1=0.108206
graph via graph_tool <Graph object, directed, with 13053 vertices and 49270 edges at 0x7f5a80a11828>
selected_pairs, right alignment: 1624/4450=0.365
precision=0.364944, recall=0.090828, f1=0.145455
mwgm costs time: 2.747 s
selecting potential alignment costs time: 6.694 s

iteration  7
generate neighbours: 12.100 s, size: 0.003146 G
alignment_loss = 28.413, time = 0.005 s
triple_loss = 1236.988, time = 4.940 s
alignment_loss = 26.026, time = 0.004 s
triple_loss = 1230.440, time = 4.820 s
alignment_loss = 24.059, time = 0.004 s
triple_loss = 1224.391, time = 4.880 s
alignment_loss = 22.427, time = 0.004 s
triple_loss = 1219.447, time = 4.890 s
alignment_loss = 21.036, time = 0.004 s
triple_loss = 1213.041, time = 4.830 s
hits@[1, 5, 10, 50] = [19.51 36.53 44.14 61.9 ], time = 2.593 s 
testing ent alignment costs: 3.121 s


mat mul costs: 0.170
after sim filtered, right alignment: 4765/285626=0.017
precision=0.016683, recall=0.266499, f1=0.0314
after sim and neighbours filtered, right alignment: 4010/56709=0.071
precision=0.070712, recall=0.224273, f1=0.107523
graph via graph_tool <Graph object, directed, with 14489 vertices and 56709 edges at 0x7f5a819c5e10>
selected_pairs, right alignment: 1727/4907=0.352
precision=0.351946, recall=0.096588, f1=0.151577
mwgm costs time: 3.156 s
selecting potential alignment costs time: 7.303 s

iteration  8
generate neighbours: 12.187 s, size: 0.003146 G
alignment_loss = 29.025, time = 0.005 s
triple_loss = 1210.102, time = 4.930 s
alignment_loss = 26.810, time = 0.004 s
triple_loss = 1205.182, time = 4.950 s
alignment_loss = 24.997, time = 0.004 s
triple_loss = 1199.089, time = 4.960 s
alignment_loss = 23.476, time = 0.004 s
triple_loss = 1195.088, time = 4.840 s
alignment_loss = 22.122, time = 0.004 s
triple_loss = 1191.322, time = 4.910 s
hits@[1, 5, 10, 50] = [20.11 37.59 45.19 62.83], time = 2.679 s 
testing ent alignment costs: 3.205 s


mat mul costs: 0.171
after sim filtered, right alignment: 5279/355716=0.015
precision=0.01484, recall=0.295246, f1=0.02826
after sim and neighbours filtered, right alignment: 4346/62920=0.069
precision=0.069072, recall=0.243065, f1=0.107574
graph via graph_tool <Graph object, directed, with 15784 vertices and 62920 edges at 0x7f5c2e745ba8>
selected_pairs, right alignment: 1893/5282=0.358
precision=0.358387, recall=0.105872, f1=0.163457
mwgm costs time: 3.542 s
selecting potential alignment costs time: 7.583 s

iteration  9
generate neighbours: 12.215 s, size: 0.003146 G
alignment_loss = 29.159, time = 0.005 s
triple_loss = 1188.748, time = 4.930 s
alignment_loss = 27.036, time = 0.004 s
triple_loss = 1183.443, time = 4.890 s
alignment_loss = 25.291, time = 0.004 s
triple_loss = 1179.313, time = 4.890 s
alignment_loss = 23.797, time = 0.004 s
triple_loss = 1178.413, time = 4.900 s
alignment_loss = 22.590, time = 0.004 s
triple_loss = 1171.934, time = 4.880 s
hits@[1, 5, 10, 50] = [20.67 38.4  46.09 63.47], time = 2.690 s 
testing ent alignment costs: 3.209 s


mat mul costs: 0.177
after sim filtered, right alignment: 5734/412503=0.014
precision=0.013901, recall=0.320694, f1=0.026647
after sim and neighbours filtered, right alignment: 4660/68423=0.068
precision=0.068106, recall=0.260626, f1=0.107992
graph via graph_tool <Graph object, directed, with 16766 vertices and 68423 edges at 0x7f5a791a36a0>
selected_pairs, right alignment: 1996/5679=0.351
precision=0.35147, recall=0.111633, f1=0.169447
mwgm costs time: 3.832 s
selecting potential alignment costs time: 7.924 s

iteration  10
generate neighbours: 12.075 s, size: 0.003146 G
alignment_loss = 30.212, time = 0.005 s
triple_loss = 1171.461, time = 4.860 s
alignment_loss = 28.091, time = 0.004 s
triple_loss = 1167.650, time = 4.890 s
alignment_loss = 26.366, time = 0.004 s
triple_loss = 1161.975, time = 4.800 s
alignment_loss = 24.850, time = 0.004 s
triple_loss = 1161.013, time = 4.790 s
alignment_loss = 23.577, time = 0.004 s
triple_loss = 1157.704, time = 4.870 s
hits@[1, 5, 10, 50] = [21.44 38.91 46.73 64.28], time = 2.712 s 
testing ent alignment costs: 3.238 s


mat mul costs: 0.178
after sim filtered, right alignment: 6176/460794=0.013
precision=0.013403, recall=0.345414, f1=0.025805
after sim and neighbours filtered, right alignment: 4909/73543=0.067
precision=0.06675, recall=0.274553, f1=0.107391
graph via graph_tool <Graph object, directed, with 17667 vertices and 73543 edges at 0x7f5c2e745ba8>
selected_pairs, right alignment: 2136/6050=0.353
precision=0.353058, recall=0.119463, f1=0.178521
mwgm costs time: 4.079 s
selecting potential alignment costs time: 8.206 s

iteration  11
generate neighbours: 12.182 s, size: 0.003146 G
alignment_loss = 30.899, time = 0.005 s
triple_loss = 1156.705, time = 4.770 s
alignment_loss = 28.839, time = 0.004 s
triple_loss = 1152.417, time = 4.880 s
alignment_loss = 27.119, time = 0.004 s
triple_loss = 1151.764, time = 4.900 s
alignment_loss = 25.651, time = 0.004 s
triple_loss = 1149.035, time = 4.820 s
alignment_loss = 24.347, time = 0.004 s
triple_loss = 1146.534, time = 4.840 s
hits@[1, 5, 10, 50] = [22.01 39.56 47.33 64.84], time = 2.695 s 
testing ent alignment costs: 3.219 s


mat mul costs: 0.179
after sim filtered, right alignment: 6579/501973=0.013
precision=0.013106, recall=0.367953, f1=0.02531
after sim and neighbours filtered, right alignment: 5179/77578=0.067
precision=0.066759, recall=0.289653, f1=0.108509
graph via graph_tool <Graph object, directed, with 18492 vertices and 77578 edges at 0x7f5b0196ae80>
selected_pairs, right alignment: 2190/6405=0.342
precision=0.34192, recall=0.122483, f1=0.180358
mwgm costs time: 4.369 s
selecting potential alignment costs time: 8.556 s

iteration  12
generate neighbours: 12.178 s, size: 0.003146 G
alignment_loss = 31.786, time = 0.005 s
triple_loss = 1146.023, time = 4.910 s
alignment_loss = 29.724, time = 0.004 s
triple_loss = 1143.185, time = 4.880 s
alignment_loss = 27.998, time = 0.004 s
triple_loss = 1140.860, time = 4.930 s
alignment_loss = 26.522, time = 0.004 s
triple_loss = 1137.561, time = 4.830 s
alignment_loss = 25.256, time = 0.004 s
triple_loss = 1134.257, time = 4.870 s
hits@[1, 5, 10, 50] = [22.42 40.12 47.9  65.27], time = 2.685 s 
testing ent alignment costs: 3.207 s


mat mul costs: 0.180
after sim filtered, right alignment: 6975/539130=0.013
precision=0.012938, recall=0.390101, f1=0.025045
after sim and neighbours filtered, right alignment: 5433/80903=0.067
precision=0.067154, recall=0.303859, f1=0.109998
graph via graph_tool <Graph object, directed, with 19229 vertices and 80903 edges at 0x7f5c2e745ba8>
selected_pairs, right alignment: 2359/6732=0.350
precision=0.350416, recall=0.131935, f1=0.191695
mwgm costs time: 4.481 s
selecting potential alignment costs time: 8.655 s

iteration  13
generate neighbours: 12.234 s, size: 0.003146 G
alignment_loss = 32.194, time = 0.005 s
triple_loss = 1133.486, time = 5.010 s
alignment_loss = 30.188, time = 0.004 s
triple_loss = 1130.535, time = 5.380 s
alignment_loss = 28.475, time = 0.004 s
triple_loss = 1130.664, time = 4.830 s
alignment_loss = 27.023, time = 0.004 s
triple_loss = 1128.988, time = 4.880 s
alignment_loss = 25.782, time = 0.004 s
triple_loss = 1127.010, time = 4.920 s
hits@[1, 5, 10, 50] = [22.74 40.69 48.28 65.86], time = 2.702 s 
testing ent alignment costs: 3.226 s


mat mul costs: 0.178
after sim filtered, right alignment: 7306/569963=0.013
precision=0.012818, recall=0.408613, f1=0.024856
after sim and neighbours filtered, right alignment: 5637/83800=0.067
precision=0.067267, recall=0.315268, f1=0.110877
graph via graph_tool <Graph object, directed, with 19871 vertices and 83800 edges at 0x7f5b00b6f5c0>
selected_pairs, right alignment: 2441/7022=0.348
precision=0.347622, recall=0.136521, f1=0.196048
mwgm costs time: 4.696 s
selecting potential alignment costs time: 8.924 s

iteration  14
generate neighbours: 12.177 s, size: 0.003146 G
alignment_loss = 32.537, time = 0.005 s
triple_loss = 1126.039, time = 4.890 s
alignment_loss = 30.577, time = 0.004 s
triple_loss = 1123.551, time = 4.940 s
alignment_loss = 28.884, time = 0.004 s
triple_loss = 1121.177, time = 4.930 s
alignment_loss = 27.436, time = 0.004 s
triple_loss = 1119.120, time = 4.790 s
alignment_loss = 26.165, time = 0.004 s
triple_loss = 1118.126, time = 4.850 s
hits@[1, 5, 10, 50] = [22.93 41.2  48.69 66.1 ], time = 2.707 s 
testing ent alignment costs: 3.231 s


mat mul costs: 0.180
after sim filtered, right alignment: 7616/597326=0.013
precision=0.01275, recall=0.425951, f1=0.024759
after sim and neighbours filtered, right alignment: 5821/86714=0.067
precision=0.067129, recall=0.325559, f1=0.111307
graph via graph_tool <Graph object, directed, with 20462 vertices and 86714 edges at 0x7f5b024e5d30>
selected_pairs, right alignment: 2557/7269=0.352
precision=0.351768, recall=0.143009, f1=0.203348
mwgm costs time: 4.892 s
selecting potential alignment costs time: 9.134 s

iteration  15
generate neighbours: 12.165 s, size: 0.003146 G
alignment_loss = 32.399, time = 0.005 s
triple_loss = 1116.581, time = 4.860 s
alignment_loss = 30.457, time = 0.004 s
triple_loss = 1115.804, time = 4.910 s
alignment_loss = 28.805, time = 0.005 s
triple_loss = 1114.204, time = 4.860 s
alignment_loss = 27.382, time = 0.004 s
triple_loss = 1112.970, time = 4.880 s
alignment_loss = 26.192, time = 0.004 s
triple_loss = 1110.599, time = 4.810 s
hits@[1, 5, 10, 50] = [23.48 41.21 49.04 66.53], time = 2.735 s 
testing ent alignment costs: 3.259 s


mat mul costs: 0.182
after sim filtered, right alignment: 7884/618930=0.013
precision=0.012738, recall=0.44094, f1=0.024761
after sim and neighbours filtered, right alignment: 6003/89572=0.067
precision=0.067019, recall=0.335738, f1=0.111734
graph via graph_tool <Graph object, directed, with 21030 vertices and 89572 edges at 0x7f5a57357e10>
selected_pairs, right alignment: 2602/7521=0.346
precision=0.345965, recall=0.145526, f1=0.204874
mwgm costs time: 5.011 s
selecting potential alignment costs time: 9.298 s

iteration  16
generate neighbours: 12.519 s, size: 0.003146 G
alignment_loss = 32.689, time = 0.005 s
triple_loss = 1112.911, time = 4.980 s
alignment_loss = 30.796, time = 0.004 s
triple_loss = 1107.708, time = 4.820 s
alignment_loss = 29.171, time = 0.004 s
triple_loss = 1107.457, time = 4.810 s
alignment_loss = 27.751, time = 0.004 s
triple_loss = 1104.965, time = 4.870 s
alignment_loss = 26.543, time = 0.004 s
triple_loss = 1104.666, time = 4.840 s
hits@[1, 5, 10, 50] = [24.02 41.76 49.13 66.76], time = 2.748 s 
testing ent alignment costs: 3.307 s


mat mul costs: 0.187
after sim filtered, right alignment: 8124/640055=0.013
precision=0.012693, recall=0.454362, f1=0.024696
after sim and neighbours filtered, right alignment: 6165/91907=0.067
precision=0.067079, recall=0.344799, f1=0.112309
graph via graph_tool <Graph object, directed, with 21486 vertices and 91907 edges at 0x7f5a4a06d860>
selected_pairs, right alignment: 2657/7759=0.342
precision=0.342441, recall=0.148602, f1=0.207263
mwgm costs time: 5.343 s
selecting potential alignment costs time: 9.708 s

iteration  17
generate neighbours: 13.345 s, size: 0.003146 G
alignment_loss = 32.971, time = 0.005 s
triple_loss = 1104.225, time = 4.870 s
alignment_loss = 31.069, time = 0.005 s
triple_loss = 1104.148, time = 4.980 s
alignment_loss = 29.469, time = 0.004 s
triple_loss = 1100.956, time = 4.910 s
alignment_loss = 28.058, time = 0.004 s
triple_loss = 1099.131, time = 4.910 s
alignment_loss = 26.798, time = 0.004 s
triple_loss = 1098.111, time = 4.940 s
hits@[1, 5, 10, 50] = [24.19 41.94 49.44 66.99], time = 2.759 s 
testing ent alignment costs: 3.304 s


mat mul costs: 0.186
after sim filtered, right alignment: 8355/657157=0.013
precision=0.012714, recall=0.467282, f1=0.024754
after sim and neighbours filtered, right alignment: 6323/94334=0.067
precision=0.067028, recall=0.353635, f1=0.112696
graph via graph_tool <Graph object, directed, with 21926 vertices and 94334 edges at 0x7f5a4a06d860>
selected_pairs, right alignment: 2743/7973=0.344
precision=0.344036, recall=0.153412, f1=0.2122
mwgm costs time: 5.301 s
selecting potential alignment costs time: 9.626 s

iteration  18
generate neighbours: 12.434 s, size: 0.003146 G
alignment_loss = 33.015, time = 0.005 s
triple_loss = 1098.858, time = 4.900 s
alignment_loss = 31.133, time = 0.005 s
triple_loss = 1096.147, time = 4.830 s
alignment_loss = 29.562, time = 0.005 s
triple_loss = 1095.343, time = 4.940 s
alignment_loss = 28.205, time = 0.004 s
triple_loss = 1094.958, time = 4.960 s
alignment_loss = 26.994, time = 0.005 s
triple_loss = 1093.636, time = 4.910 s
hits@[1, 5, 10, 50] = [24.56 42.26 49.79 67.18], time = 2.763 s 
testing ent alignment costs: 3.332 s


mat mul costs: 0.187
after sim filtered, right alignment: 8568/675280=0.013
precision=0.012688, recall=0.479195, f1=0.024721
after sim and neighbours filtered, right alignment: 6472/96864=0.067
precision=0.066815, recall=0.361969, f1=0.112807
graph via graph_tool <Graph object, directed, with 22390 vertices and 96864 edges at 0x7f5a4f961898>
selected_pairs, right alignment: 2843/8188=0.347
precision=0.347215, recall=0.159004, f1=0.218121
mwgm costs time: 5.400 s
selecting potential alignment costs time: 9.743 s

iteration  19
generate neighbours: 14.925 s, size: 0.003146 G
alignment_loss = 32.817, time = 0.005 s
triple_loss = 1094.415, time = 6.030 s
alignment_loss = 30.975, time = 0.004 s
triple_loss = 1091.330, time = 5.580 s
alignment_loss = 29.378, time = 0.005 s
triple_loss = 1091.291, time = 5.970 s
alignment_loss = 28.057, time = 0.005 s
triple_loss = 1091.127, time = 5.950 s
alignment_loss = 26.871, time = 0.005 s
triple_loss = 1090.345, time = 5.610 s
hits@[1, 5, 10, 50] = [24.83 42.61 50.06 67.41], time = 3.413 s 
testing ent alignment costs: 4.663 s


mat mul costs: 0.183
after sim filtered, right alignment: 8741/690692=0.013
precision=0.012655, recall=0.48887, f1=0.024671
after sim and neighbours filtered, right alignment: 6603/98960=0.067
precision=0.066724, recall=0.369295, f1=0.113026
graph via graph_tool <Graph object, directed, with 22760 vertices and 98960 edges at 0x7f5a59bb0748>
selected_pairs, right alignment: 2891/8365=0.346
precision=0.345607, recall=0.161689, f1=0.220309
mwgm costs time: 5.705 s
selecting potential alignment costs time: 10.189 s

iteration  20
generate neighbours: 14.923 s, size: 0.003146 G
alignment_loss = 32.491, time = 0.005 s
triple_loss = 1090.458, time = 5.780 s
alignment_loss = 30.723, time = 0.005 s
triple_loss = 1087.260, time = 5.770 s
alignment_loss = 29.187, time = 0.005 s
triple_loss = 1088.045, time = 6.270 s
alignment_loss = 27.878, time = 0.005 s
triple_loss = 1085.969, time = 5.940 s
alignment_loss = 26.732, time = 0.006 s
triple_loss = 1085.537, time = 5.890 s
hits@[1, 5, 10, 50] = [25.06 43.03 50.29 67.53], time = 3.256 s 
testing ent alignment costs: 3.908 s


mat mul costs: 0.202
after sim filtered, right alignment: 8943/704811=0.013
precision=0.012689, recall=0.500168, f1=0.02475
after sim and neighbours filtered, right alignment: 6739/101035=0.067
precision=0.0667, recall=0.376902, f1=0.113342
graph via graph_tool <Graph object, directed, with 23138 vertices and 101035 edges at 0x7f5a4cbb4ac8>
selected_pairs, right alignment: 2964/8522=0.348
precision=0.347806, recall=0.165772, f1=0.224529
mwgm costs time: 5.805 s
selecting potential alignment costs time: 10.335 s

iteration  21
generate neighbours: 15.854 s, size: 0.003146 G
alignment_loss = 32.708, time = 0.005 s
triple_loss = 1083.718, time = 5.980 s
alignment_loss = 30.907, time = 0.005 s
triple_loss = 1084.767, time = 5.740 s
alignment_loss = 29.415, time = 0.005 s
triple_loss = 1084.445, time = 6.140 s
alignment_loss = 28.081, time = 0.005 s
triple_loss = 1079.832, time = 5.800 s
alignment_loss = 26.905, time = 0.004 s
triple_loss = 1082.138, time = 6.310 s
hits@[1, 5, 10, 50] = [25.3  43.18 50.55 67.67], time = 3.349 s 
testing ent alignment costs: 3.960 s


mat mul costs: 0.183
after sim filtered, right alignment: 9079/718599=0.013
precision=0.012634, recall=0.507774, f1=0.024655
after sim and neighbours filtered, right alignment: 6863/102995=0.067
precision=0.066634, recall=0.383837, f1=0.113555
graph via graph_tool <Graph object, directed, with 23512 vertices and 102995 edges at 0x7f5a485b0d30>
selected_pairs, right alignment: 3065/8714=0.352
precision=0.351733, recall=0.171421, f1=0.230504
mwgm costs time: 6.034 s
selecting potential alignment costs time: 10.499 s

iteration  22
generate neighbours: 14.643 s, size: 0.003146 G
alignment_loss = 32.689, time = 0.005 s
triple_loss = 1081.329, time = 5.600 s
alignment_loss = 30.934, time = 0.004 s
triple_loss = 1080.079, time = 6.290 s
alignment_loss = 29.406, time = 0.005 s
triple_loss = 1082.653, time = 6.010 s
alignment_loss = 28.146, time = 0.005 s
triple_loss = 1078.306, time = 5.620 s
alignment_loss = 26.974, time = 0.005 s
triple_loss = 1078.660, time = 6.370 s
hits@[1, 5, 10, 50] = [25.7  43.54 50.87 67.76], time = 2.780 s 
testing ent alignment costs: 3.404 s


mat mul costs: 0.202
after sim filtered, right alignment: 9232/730684=0.013
precision=0.012635, recall=0.516331, f1=0.024666
after sim and neighbours filtered, right alignment: 6976/104748=0.067
precision=0.066598, recall=0.390157, f1=0.113775
graph via graph_tool <Graph object, directed, with 23791 vertices and 104748 edges at 0x7f5a4dff6be0>
selected_pairs, right alignment: 3080/8877=0.347
precision=0.346964, recall=0.17226, f1=0.230221
mwgm costs time: 6.078 s
selecting potential alignment costs time: 10.548 s

iteration  23
generate neighbours: 14.016 s, size: 0.003146 G
alignment_loss = 32.676, time = 0.005 s
triple_loss = 1076.211, time = 5.050 s
alignment_loss = 30.898, time = 0.006 s
triple_loss = 1077.444, time = 5.840 s
alignment_loss = 29.418, time = 0.004 s
triple_loss = 1076.579, time = 5.600 s
alignment_loss = 28.129, time = 0.005 s
triple_loss = 1075.448, time = 4.980 s
alignment_loss = 27.003, time = 0.005 s
triple_loss = 1074.950, time = 4.870 s
hits@[1, 5, 10, 50] = [25.79 43.73 51.06 67.85], time = 2.846 s 
testing ent alignment costs: 3.404 s


mat mul costs: 0.192
after sim filtered, right alignment: 9377/741404=0.013
precision=0.012648, recall=0.524441, f1=0.0247
after sim and neighbours filtered, right alignment: 7077/106339=0.067
precision=0.066551, recall=0.395805, f1=0.113943
graph via graph_tool <Graph object, directed, with 24086 vertices and 106339 edges at 0x7f5b0063b6d8>
selected_pairs, right alignment: 3102/9010=0.344
precision=0.344284, recall=0.17349, f1=0.230718
mwgm costs time: 6.008 s
selecting potential alignment costs time: 10.436 s

iteration  24
generate neighbours: 12.526 s, size: 0.003146 G
alignment_loss = 32.634, time = 0.005 s
triple_loss = 1073.185, time = 4.930 s
alignment_loss = 30.901, time = 0.005 s
triple_loss = 1074.475, time = 4.890 s
alignment_loss = 29.405, time = 0.005 s
triple_loss = 1072.070, time = 5.080 s
alignment_loss = 28.119, time = 0.005 s
triple_loss = 1070.939, time = 5.010 s
alignment_loss = 26.988, time = 0.005 s
triple_loss = 1071.219, time = 5.000 s
hits@[1, 5, 10, 50] = [26.21 43.96 51.38 68.04], time = 2.777 s 
testing ent alignment costs: 3.357 s


mat mul costs: 0.194
after sim filtered, right alignment: 9515/753570=0.013
precision=0.012627, recall=0.532159, f1=0.024669
after sim and neighbours filtered, right alignment: 7195/107778=0.067
precision=0.066758, recall=0.402405, f1=0.114518
graph via graph_tool <Graph object, directed, with 24332 vertices and 107778 edges at 0x7f5b00cc62b0>
selected_pairs, right alignment: 3221/9144=0.352
precision=0.352253, recall=0.180145, f1=0.23838
mwgm costs time: 6.071 s
selecting potential alignment costs time: 10.484 s

iteration  25
generate neighbours: 12.416 s, size: 0.003146 G
alignment_loss = 32.288, time = 0.005 s
triple_loss = 1071.545, time = 5.010 s
alignment_loss = 30.607, time = 0.005 s
triple_loss = 1070.862, time = 5.220 s
alignment_loss = 29.193, time = 0.005 s
triple_loss = 1068.609, time = 6.400 s
alignment_loss = 27.918, time = 0.006 s
triple_loss = 1067.727, time = 6.050 s
alignment_loss = 26.820, time = 0.005 s
triple_loss = 1068.347, time = 5.830 s
hits@[1, 5, 10, 50] = [26.33 44.28 51.54 68.12], time = 2.939 s 
testing ent alignment costs: 3.577 s


mat mul costs: 0.228
after sim filtered, right alignment: 9602/763433=0.013
precision=0.012577, recall=0.537025, f1=0.024578
after sim and neighbours filtered, right alignment: 7287/109017=0.067
precision=0.066843, recall=0.40755, f1=0.114849
graph via graph_tool <Graph object, directed, with 24556 vertices and 109017 edges at 0x7f5a4c420dd8>
selected_pairs, right alignment: 3310/9292=0.356
precision=0.35622, recall=0.185123, f1=0.243633
mwgm costs time: 6.373 s
selecting potential alignment costs time: 10.980 s

iteration  26
generate neighbours: 14.901 s, size: 0.003146 G
alignment_loss = 32.362, time = 0.005 s
triple_loss = 1070.685, time = 5.070 s
alignment_loss = 30.732, time = 0.005 s
triple_loss = 1066.942, time = 5.230 s
alignment_loss = 29.269, time = 0.005 s
triple_loss = 1065.928, time = 6.450 s
alignment_loss = 27.999, time = 0.005 s
triple_loss = 1066.152, time = 6.250 s
alignment_loss = 26.902, time = 0.005 s
triple_loss = 1066.763, time = 5.700 s
hits@[1, 5, 10, 50] = [26.57 44.42 51.73 68.34], time = 2.837 s 
testing ent alignment costs: 3.439 s


mat mul costs: 0.190
after sim filtered, right alignment: 9748/772550=0.013
precision=0.012618, recall=0.54519, f1=0.024665
after sim and neighbours filtered, right alignment: 7382/110215=0.067
precision=0.066978, recall=0.412864, f1=0.115258
graph via graph_tool <Graph object, directed, with 24799 vertices and 110215 edges at 0x7f5a4c420dd8>
selected_pairs, right alignment: 3363/9395=0.358
precision=0.357956, recall=0.188087, f1=0.246599
mwgm costs time: 6.355 s
selecting potential alignment costs time: 11.040 s

iteration  27
generate neighbours: 14.114 s, size: 0.003146 G
alignment_loss = 31.809, time = 0.005 s
triple_loss = 1065.001, time = 5.440 s
alignment_loss = 30.190, time = 0.005 s
triple_loss = 1063.256, time = 4.910 s
alignment_loss = 28.828, time = 0.005 s
triple_loss = 1063.122, time = 6.320 s
alignment_loss = 27.628, time = 0.005 s
triple_loss = 1063.508, time = 6.080 s
alignment_loss = 26.558, time = 0.005 s
triple_loss = 1061.829, time = 6.220 s
hits@[1, 5, 10, 50] = [26.86 44.63 52.05 68.38], time = 3.519 s 
testing ent alignment costs: 4.117 s


mat mul costs: 0.188
after sim filtered, right alignment: 9826/781729=0.013
precision=0.01257, recall=0.549553, f1=0.024578
after sim and neighbours filtered, right alignment: 7467/111332=0.067
precision=0.06707, recall=0.417617, f1=0.115578
graph via graph_tool <Graph object, directed, with 25035 vertices and 111332 edges at 0x7f5a4c2ccf98>
selected_pairs, right alignment: 3395/9508=0.357
precision=0.357068, recall=0.189877, f1=0.247919
mwgm costs time: 6.448 s
selecting potential alignment costs time: 11.211 s

iteration  28
generate neighbours: 15.807 s, size: 0.003146 G
alignment_loss = 31.526, time = 0.005 s
triple_loss = 1061.613, time = 5.050 s
alignment_loss = 29.954, time = 0.005 s
triple_loss = 1062.131, time = 5.020 s
alignment_loss = 28.598, time = 0.005 s
triple_loss = 1063.889, time = 6.210 s
alignment_loss = 27.446, time = 0.005 s
triple_loss = 1059.767, time = 6.460 s
alignment_loss = 26.386, time = 0.005 s
triple_loss = 1059.225, time = 5.710 s
hits@[1, 5, 10, 50] = [27.04 44.68 52.12 68.51], time = 3.040 s 
testing ent alignment costs: 3.655 s


mat mul costs: 0.192
after sim filtered, right alignment: 9935/790774=0.013
precision=0.012564, recall=0.555649, f1=0.024572
after sim and neighbours filtered, right alignment: 7536/112372=0.067
precision=0.067063, recall=0.421477, f1=0.115714
graph via graph_tool <Graph object, directed, with 25264 vertices and 112372 edges at 0x7f5b01930358>
selected_pairs, right alignment: 3376/9623=0.351
precision=0.350826, recall=0.188814, f1=0.2455
mwgm costs time: 6.463 s
selecting potential alignment costs time: 11.133 s

iteration  29
generate neighbours: 15.249 s, size: 0.003146 G
alignment_loss = 31.950, time = 0.005 s
triple_loss = 1059.325, time = 5.020 s
alignment_loss = 30.330, time = 0.005 s
triple_loss = 1057.126, time = 5.070 s
alignment_loss = 28.948, time = 0.005 s
triple_loss = 1059.138, time = 5.750 s
alignment_loss = 27.748, time = 0.005 s
triple_loss = 1056.383, time = 5.710 s
alignment_loss = 26.674, time = 0.005 s
triple_loss = 1057.477, time = 5.650 s
hits@[1, 5, 10, 50] = [27.35 44.95 52.29 68.53], time = 2.830 s 
testing ent alignment costs: 3.421 s


mat mul costs: 0.200
after sim filtered, right alignment: 10026/799765=0.013
precision=0.012536, recall=0.560738, f1=0.024524
after sim and neighbours filtered, right alignment: 7605/113431=0.067
precision=0.067045, recall=0.425336, f1=0.115832
graph via graph_tool <Graph object, directed, with 25437 vertices and 113431 edges at 0x7f5b0063b6d8>
selected_pairs, right alignment: 3440/9726=0.354
precision=0.353691, recall=0.192394, f1=0.249221
mwgm costs time: 6.729 s
selecting potential alignment costs time: 11.408 s

iteration  30
generate neighbours: 12.606 s, size: 0.003146 G
alignment_loss = 31.451, time = 0.005 s
triple_loss = 1058.501, time = 5.090 s
alignment_loss = 29.911, time = 0.005 s
triple_loss = 1056.999, time = 4.990 s
alignment_loss = 28.579, time = 0.005 s
triple_loss = 1055.695, time = 4.960 s
alignment_loss = 27.397, time = 0.005 s
triple_loss = 1055.120, time = 4.950 s
alignment_loss = 26.363, time = 0.005 s
triple_loss = 1054.592, time = 4.940 s
hits@[1, 5, 10, 50] = [27.37 45.12 52.43 68.58], time = 2.761 s 
testing ent alignment costs: 3.353 s


mat mul costs: 0.199
after sim filtered, right alignment: 10128/808498=0.013
precision=0.012527, recall=0.566443, f1=0.024512
after sim and neighbours filtered, right alignment: 7676/114361=0.067
precision=0.067121, recall=0.429306, f1=0.116091
graph via graph_tool <Graph object, directed, with 25608 vertices and 114361 edges at 0x7f5a4dce24a8>
selected_pairs, right alignment: 3493/9812=0.356
precision=0.355993, recall=0.195358, f1=0.252275
mwgm costs time: 6.543 s
selecting potential alignment costs time: 11.061 s

iteration  31
generate neighbours: 12.505 s, size: 0.003146 G
alignment_loss = 31.028, time = 0.005 s
triple_loss = 1054.737, time = 4.970 s
alignment_loss = 29.508, time = 0.005 s
triple_loss = 1053.858, time = 5.030 s
alignment_loss = 28.194, time = 0.005 s
triple_loss = 1055.520, time = 5.050 s
alignment_loss = 27.049, time = 0.005 s
triple_loss = 1053.707, time = 4.980 s
alignment_loss = 26.036, time = 0.005 s
triple_loss = 1053.424, time = 5.040 s
hits@[1, 5, 10, 50] = [27.52 45.23 52.74 68.74], time = 2.740 s 
testing ent alignment costs: 3.315 s


mat mul costs: 0.202
after sim filtered, right alignment: 10202/816416=0.012
precision=0.012496, recall=0.570582, f1=0.024456
after sim and neighbours filtered, right alignment: 7739/115350=0.067
precision=0.067091, recall=0.43283, f1=0.116174
graph via graph_tool <Graph object, directed, with 25775 vertices and 115350 edges at 0x7f5a4dce24a8>
selected_pairs, right alignment: 3574/9928=0.360
precision=0.359992, recall=0.199888, f1=0.257048
mwgm costs time: 6.836 s
selecting potential alignment costs time: 11.388 s

iteration  32
generate neighbours: 14.922 s, size: 0.003146 G
alignment_loss = 31.318, time = 0.005 s
triple_loss = 1051.179, time = 5.840 s
alignment_loss = 29.770, time = 0.005 s
triple_loss = 1053.767, time = 6.760 s
alignment_loss = 28.449, time = 0.005 s
triple_loss = 1053.593, time = 5.680 s
alignment_loss = 27.305, time = 0.005 s
triple_loss = 1052.146, time = 6.200 s
alignment_loss = 26.273, time = 0.005 s
triple_loss = 1051.880, time = 5.610 s
hits@[1, 5, 10, 50] = [27.66 45.44 52.76 68.84], time = 2.775 s 
testing ent alignment costs: 3.354 s


mat mul costs: 0.201
after sim filtered, right alignment: 10283/825097=0.012
precision=0.012463, recall=0.575112, f1=0.024397
after sim and neighbours filtered, right alignment: 7799/116220=0.067
precision=0.067105, recall=0.436186, f1=0.116315
graph via graph_tool <Graph object, directed, with 25926 vertices and 116220 edges at 0x7f5a4f85f748>
selected_pairs, right alignment: 3547/10021=0.354
precision=0.353957, recall=0.198378, f1=0.254256
mwgm costs time: 6.966 s
selecting potential alignment costs time: 11.618 s

iteration  33
generate neighbours: 13.959 s, size: 0.003146 G
alignment_loss = 30.908, time = 0.005 s
triple_loss = 1051.561, time = 6.540 s
alignment_loss = 29.406, time = 0.005 s
triple_loss = 1048.013, time = 5.710 s
alignment_loss = 28.120, time = 0.005 s
triple_loss = 1049.950, time = 5.590 s
alignment_loss = 26.987, time = 0.005 s
triple_loss = 1047.478, time = 6.360 s
alignment_loss = 25.990, time = 0.005 s
triple_loss = 1049.250, time = 5.600 s
hits@[1, 5, 10, 50] = [27.87 45.68 53.   68.76], time = 2.800 s 
testing ent alignment costs: 3.390 s


mat mul costs: 0.198
after sim filtered, right alignment: 10354/832535=0.012
precision=0.012437, recall=0.579083, f1=0.024351
after sim and neighbours filtered, right alignment: 7871/117055=0.067
precision=0.067242, recall=0.440213, f1=0.116664
graph via graph_tool <Graph object, directed, with 26082 vertices and 117055 edges at 0x7f5b00737780>
selected_pairs, right alignment: 3585/10116=0.354
precision=0.354389, recall=0.200503, f1=0.256108
mwgm costs time: 6.900 s
selecting potential alignment costs time: 11.507 s

iteration  34
generate neighbours: 14.809 s, size: 0.003146 G
alignment_loss = 31.131, time = 0.005 s
triple_loss = 1048.655, time = 6.390 s
alignment_loss = 29.645, time = 0.005 s
triple_loss = 1050.192, time = 5.850 s
alignment_loss = 28.341, time = 0.005 s
triple_loss = 1046.868, time = 5.580 s
alignment_loss = 27.197, time = 0.005 s
triple_loss = 1048.158, time = 6.410 s
alignment_loss = 26.204, time = 0.005 s
triple_loss = 1049.182, time = 5.320 s
hits@[1, 5, 10, 50] = [27.9  45.88 53.09 68.84], time = 2.811 s 
testing ent alignment costs: 3.415 s


mat mul costs: 0.206
after sim filtered, right alignment: 10406/839774=0.012
precision=0.012391, recall=0.581991, f1=0.024265
after sim and neighbours filtered, right alignment: 7922/117884=0.067
precision=0.067202, recall=0.443065, f1=0.116703
graph via graph_tool <Graph object, directed, with 26197 vertices and 117884 edges at 0x7f5a4dce24a8>
selected_pairs, right alignment: 3657/10183=0.359
precision=0.359128, recall=0.20453, f1=0.260628
mwgm costs time: 6.872 s
selecting potential alignment costs time: 11.993 s

iteration  35
generate neighbours: 14.991 s, size: 0.003146 G
alignment_loss = 30.252, time = 0.005 s
triple_loss = 1047.433, time = 6.130 s
alignment_loss = 28.814, time = 0.005 s
triple_loss = 1046.322, time = 5.790 s
alignment_loss = 27.587, time = 0.005 s
triple_loss = 1044.417, time = 5.880 s
alignment_loss = 26.492, time = 0.007 s
triple_loss = 1045.766, time = 6.440 s
alignment_loss = 25.533, time = 0.006 s
triple_loss = 1044.524, time = 4.990 s
hits@[1, 5, 10, 50] = [27.95 45.92 53.22 68.83], time = 2.800 s 
testing ent alignment costs: 3.391 s


mat mul costs: 0.204
after sim filtered, right alignment: 10481/847080=0.012
precision=0.012373, recall=0.586186, f1=0.024234
after sim and neighbours filtered, right alignment: 7963/118600=0.067
precision=0.067142, recall=0.445358, f1=0.116692
graph via graph_tool <Graph object, directed, with 26315 vertices and 118600 edges at 0x7f5a58641f28>
selected_pairs, right alignment: 3636/10247=0.355
precision=0.354836, recall=0.203356, f1=0.258542
mwgm costs time: 6.877 s
selecting potential alignment costs time: 11.579 s

iteration  36
generate neighbours: 13.591 s, size: 0.003146 G
alignment_loss = 30.218, time = 0.005 s
triple_loss = 1045.985, time = 5.650 s
alignment_loss = 28.773, time = 0.005 s
triple_loss = 1046.735, time = 5.440 s
alignment_loss = 27.567, time = 0.005 s
triple_loss = 1042.907, time = 4.880 s
alignment_loss = 26.487, time = 0.005 s
triple_loss = 1044.890, time = 4.920 s
alignment_loss = 25.526, time = 0.005 s
triple_loss = 1043.627, time = 4.980 s
hits@[1, 5, 10, 50] = [28.08 45.97 53.34 69.02], time = 2.700 s 
testing ent alignment costs: 3.302 s


mat mul costs: 0.204
after sim filtered, right alignment: 10547/853605=0.012
precision=0.012356, recall=0.589877, f1=0.024205
after sim and neighbours filtered, right alignment: 8017/119252=0.067
precision=0.067227, recall=0.448378, f1=0.116923
graph via graph_tool <Graph object, directed, with 26448 vertices and 119252 edges at 0x7f5a4f85f748>
selected_pairs, right alignment: 3653/10294=0.355
precision=0.354867, recall=0.204306, f1=0.259317
mwgm costs time: 6.753 s
selecting potential alignment costs time: 11.302 s

iteration  37
generate neighbours: 12.587 s, size: 0.003146 G
alignment_loss = 29.710, time = 0.005 s
triple_loss = 1045.731, time = 4.970 s
alignment_loss = 28.355, time = 0.005 s
triple_loss = 1043.448, time = 5.090 s
alignment_loss = 27.161, time = 0.005 s
triple_loss = 1042.911, time = 4.880 s
alignment_loss = 26.105, time = 0.005 s
triple_loss = 1043.082, time = 4.900 s
alignment_loss = 25.168, time = 0.005 s
triple_loss = 1043.922, time = 4.960 s
hits@[1, 5, 10, 50] = [28.27 46.1  53.4  69.02], time = 2.778 s 
testing ent alignment costs: 3.378 s


mat mul costs: 0.208
after sim filtered, right alignment: 10601/860580=0.012
precision=0.012318, recall=0.592897, f1=0.024135
after sim and neighbours filtered, right alignment: 8046/119822=0.067
precision=0.06715, recall=0.45, f1=0.116862
graph via graph_tool <Graph object, directed, with 26565 vertices and 119822 edges at 0x7f5a4568cf98>
selected_pairs, right alignment: 3702/10381=0.357
precision=0.356613, recall=0.207047, f1=0.261986
mwgm costs time: 6.867 s
selecting potential alignment costs time: 11.438 s

iteration  38
generate neighbours: 12.564 s, size: 0.003146 G
alignment_loss = 29.674, time = 0.005 s
triple_loss = 1042.133, time = 6.400 s
alignment_loss = 28.295, time = 0.005 s
triple_loss = 1039.585, time = 6.500 s
alignment_loss = 27.088, time = 0.005 s
triple_loss = 1040.056, time = 6.040 s
alignment_loss = 26.021, time = 0.005 s
triple_loss = 1042.589, time = 5.630 s
alignment_loss = 25.106, time = 0.005 s
triple_loss = 1039.894, time = 6.060 s
hits@[1, 5, 10, 50] = [28.34 46.21 53.51 69.07], time = 3.315 s 
testing ent alignment costs: 3.997 s


mat mul costs: 0.209
after sim filtered, right alignment: 10654/866686=0.012
precision=0.012293, recall=0.595861, f1=0.024089
after sim and neighbours filtered, right alignment: 8109/120355=0.067
precision=0.067376, recall=0.453523, f1=0.117322
graph via graph_tool <Graph object, directed, with 26686 vertices and 120355 edges at 0x7f5a4dbbda58>
selected_pairs, right alignment: 3728/10425=0.358
precision=0.357602, recall=0.208501, f1=0.263416
mwgm costs time: 7.244 s
selecting potential alignment costs time: 11.913 s

iteration  39
generate neighbours: 13.424 s, size: 0.003146 G
alignment_loss = 29.336, time = 0.005 s
triple_loss = 1041.224, time = 6.930 s
alignment_loss = 27.988, time = 0.005 s
triple_loss = 1039.854, time = 6.430 s
alignment_loss = 26.811, time = 0.005 s
triple_loss = 1038.936, time = 6.000 s
alignment_loss = 25.775, time = 0.005 s
triple_loss = 1039.006, time = 5.810 s
alignment_loss = 24.859, time = 0.005 s
triple_loss = 1039.319, time = 6.410 s
hits@[1, 5, 10, 50] = [28.39 46.33 53.51 68.98], time = 3.336 s 
testing ent alignment costs: 4.055 s


mat mul costs: 0.225
after sim filtered, right alignment: 10698/872648=0.012
precision=0.012259, recall=0.598322, f1=0.024026
after sim and neighbours filtered, right alignment: 8121/120953=0.067
precision=0.067142, recall=0.454195, f1=0.11699
graph via graph_tool <Graph object, directed, with 26770 vertices and 120953 edges at 0x7f5a5d735e48>
selected_pairs, right alignment: 3774/10490=0.360
precision=0.359771, recall=0.211074, f1=0.266056
mwgm costs time: 7.214 s
selecting potential alignment costs time: 11.835 s

iteration  40
generate neighbours: 13.852 s, size: 0.003146 G
alignment_loss = 28.992, time = 0.006 s
triple_loss = 1040.160, time = 6.170 s
alignment_loss = 27.659, time = 0.005 s
triple_loss = 1038.021, time = 6.060 s
alignment_loss = 26.511, time = 0.005 s
triple_loss = 1038.262, time = 5.620 s
alignment_loss = 25.513, time = 0.005 s
triple_loss = 1037.060, time = 6.530 s
alignment_loss = 24.603, time = 0.005 s
triple_loss = 1036.977, time = 5.920 s
hits@[1, 5, 10, 50] = [28.49 46.38 53.62 69.05], time = 2.910 s 
testing ent alignment costs: 3.558 s


mat mul costs: 0.204
after sim filtered, right alignment: 10772/879331=0.012
precision=0.01225, recall=0.602461, f1=0.024012
after sim and neighbours filtered, right alignment: 8185/121426=0.067
precision=0.067407, recall=0.457774, f1=0.117511
graph via graph_tool <Graph object, directed, with 26877 vertices and 121426 edges at 0x7f5a91fe3eb8>
selected_pairs, right alignment: 3787/10546=0.359
precision=0.359093, recall=0.211801, f1=0.266446
mwgm costs time: 6.985 s
selecting potential alignment costs time: 12.631 s

iteration  41
generate neighbours: 14.447 s, size: 0.003146 G
alignment_loss = 29.065, time = 0.006 s
triple_loss = 1035.269, time = 6.740 s
alignment_loss = 27.749, time = 0.005 s
triple_loss = 1035.619, time = 5.870 s
alignment_loss = 26.593, time = 0.005 s
triple_loss = 1035.738, time = 5.650 s
alignment_loss = 25.578, time = 0.005 s
triple_loss = 1035.846, time = 6.070 s
alignment_loss = 24.668, time = 0.005 s
triple_loss = 1035.071, time = 6.050 s
hits@[1, 5, 10, 50] = [28.57 46.55 53.61 69.08], time = 3.438 s 
testing ent alignment costs: 4.103 s


mat mul costs: 0.255
after sim filtered, right alignment: 10823/885685=0.012
precision=0.01222, recall=0.605313, f1=0.023956
after sim and neighbours filtered, right alignment: 8210/122014=0.067
precision=0.067287, recall=0.459172, f1=0.117374
graph via graph_tool <Graph object, directed, with 26977 vertices and 122014 edges at 0x7f5a4cb84f60>
selected_pairs, right alignment: 3802/10586=0.359
precision=0.359154, recall=0.21264, f1=0.267126
mwgm costs time: 7.027 s
selecting potential alignment costs time: 12.006 s

iteration  42
generate neighbours: 14.377 s, size: 0.003146 G
alignment_loss = 28.873, time = 0.005 s
triple_loss = 1034.956, time = 5.720 s
alignment_loss = 27.565, time = 0.005 s
triple_loss = 1037.107, time = 5.020 s
alignment_loss = 26.442, time = 0.005 s
triple_loss = 1034.395, time = 5.650 s
alignment_loss = 25.438, time = 0.005 s
triple_loss = 1035.035, time = 5.650 s
alignment_loss = 24.555, time = 0.005 s
triple_loss = 1032.893, time = 4.950 s
hits@[1, 5, 10, 50] = [28.71 46.7  53.66 69.13], time = 2.678 s 
testing ent alignment costs: 3.284 s


mat mul costs: 0.210
after sim filtered, right alignment: 10858/891286=0.012
precision=0.012182, recall=0.607271, f1=0.023885
after sim and neighbours filtered, right alignment: 8252/122551=0.067
precision=0.067335, recall=0.461521, f1=0.117524
graph via graph_tool <Graph object, directed, with 27106 vertices and 122551 edges at 0x7f5b00e6df98>
selected_pairs, right alignment: 3836/10662=0.360
precision=0.359782, recall=0.214541, f1=0.268796
mwgm costs time: 6.853 s
selecting potential alignment costs time: 11.475 s

iteration  43
generate neighbours: 12.519 s, size: 0.003146 G
alignment_loss = 28.623, time = 0.005 s
triple_loss = 1036.538, time = 5.020 s
alignment_loss = 27.353, time = 0.005 s
triple_loss = 1039.043, time = 4.870 s
alignment_loss = 26.289, time = 0.005 s
triple_loss = 1032.660, time = 5.020 s
alignment_loss = 25.264, time = 0.005 s
triple_loss = 1031.911, time = 4.920 s
alignment_loss = 24.380, time = 0.005 s
triple_loss = 1032.833, time = 5.020 s
hits@[1, 5, 10, 50] = [28.6  46.73 53.78 69.14], time = 2.790 s 
testing ent alignment costs: 3.414 s


mat mul costs: 0.214
after sim filtered, right alignment: 10899/896293=0.012
precision=0.01216, recall=0.609564, f1=0.023844
after sim and neighbours filtered, right alignment: 8281/123001=0.067
precision=0.067325, recall=0.463143, f1=0.117561
graph via graph_tool <Graph object, directed, with 27205 vertices and 123001 edges at 0x7f5b00e6df98>
selected_pairs, right alignment: 3856/10704=0.360
precision=0.360239, recall=0.21566, f1=0.269801
mwgm costs time: 7.017 s
selecting potential alignment costs time: 11.616 s

iteration  44
generate neighbours: 12.591 s, size: 0.003146 G
alignment_loss = 28.066, time = 0.005 s
triple_loss = 1033.193, time = 4.890 s
alignment_loss = 26.826, time = 0.005 s
triple_loss = 1032.949, time = 5.000 s
alignment_loss = 25.745, time = 0.005 s
triple_loss = 1030.309, time = 5.920 s
alignment_loss = 24.768, time = 0.012 s
triple_loss = 1033.228, time = 6.120 s
alignment_loss = 23.933, time = 0.005 s
triple_loss = 1031.237, time = 6.590 s
hits@[1, 5, 10, 50] = [28.64 46.82 53.75 69.27], time = 3.344 s 
testing ent alignment costs: 4.065 s


mat mul costs: 0.234
after sim filtered, right alignment: 10939/902469=0.012
precision=0.012121, recall=0.611801, f1=0.023771
after sim and neighbours filtered, right alignment: 8313/123444=0.067
precision=0.067342, recall=0.464933, f1=0.117644
graph via graph_tool <Graph object, directed, with 27333 vertices and 123444 edges at 0x7f5a46c33438>
selected_pairs, right alignment: 3903/10774=0.362
precision=0.362261, recall=0.218289, f1=0.272423
mwgm costs time: 7.209 s
selecting potential alignment costs time: 11.886 s

iteration  45
generate neighbours: 14.519 s, size: 0.003146 G
alignment_loss = 27.844, time = 0.006 s
triple_loss = 1031.150, time = 5.580 s
alignment_loss = 26.624, time = 0.005 s
triple_loss = 1030.907, time = 4.970 s
alignment_loss = 25.551, time = 0.005 s
triple_loss = 1030.437, time = 6.140 s
alignment_loss = 24.606, time = 0.005 s
triple_loss = 1032.128, time = 6.000 s
alignment_loss = 23.789, time = 0.005 s
triple_loss = 1029.472, time = 6.590 s
hits@[1, 5, 10, 50] = [28.84 46.83 53.76 69.35], time = 3.325 s 
testing ent alignment costs: 3.977 s


mat mul costs: 0.214
after sim filtered, right alignment: 10973/908342=0.012
precision=0.01208, recall=0.613702, f1=0.023694
after sim and neighbours filtered, right alignment: 8315/123904=0.067
precision=0.067108, recall=0.465045, f1=0.11729
graph via graph_tool <Graph object, directed, with 27406 vertices and 123904 edges at 0x7f5b002bfe48>
selected_pairs, right alignment: 3919/10801=0.363
precision=0.362837, recall=0.219183, f1=0.273282
mwgm costs time: 7.168 s
selecting potential alignment costs time: 12.001 s

iteration  46
generate neighbours: 14.667 s, size: 0.003146 G
alignment_loss = 27.555, time = 0.005 s
triple_loss = 1028.065, time = 5.070 s
alignment_loss = 26.367, time = 0.005 s
triple_loss = 1028.646, time = 5.010 s
alignment_loss = 25.328, time = 0.005 s
triple_loss = 1026.985, time = 6.110 s
alignment_loss = 24.410, time = 0.005 s
triple_loss = 1029.225, time = 6.050 s
alignment_loss = 23.584, time = 0.005 s
triple_loss = 1027.544, time = 6.010 s
hits@[1, 5, 10, 50] = [28.86 46.91 53.76 69.28], time = 3.234 s 
testing ent alignment costs: 3.851 s


mat mul costs: 0.209
after sim filtered, right alignment: 11022/913452=0.012
precision=0.012066, recall=0.616443, f1=0.023669
after sim and neighbours filtered, right alignment: 8348/124288=0.067
precision=0.067167, recall=0.46689, f1=0.117439
graph via graph_tool <Graph object, directed, with 27488 vertices and 124288 edges at 0x7f5a4cb84390>
selected_pairs, right alignment: 3940/10830=0.364
precision=0.363804, recall=0.220358, f1=0.274469
mwgm costs time: 7.255 s
selecting potential alignment costs time: 12.100 s

iteration  47
generate neighbours: 15.576 s, size: 0.003146 G
alignment_loss = 27.584, time = 0.005 s
triple_loss = 1030.360, time = 5.000 s
alignment_loss = 26.387, time = 0.005 s
triple_loss = 1029.897, time = 5.270 s
alignment_loss = 25.345, time = 0.005 s
triple_loss = 1029.166, time = 6.670 s
alignment_loss = 24.416, time = 0.006 s
triple_loss = 1028.025, time = 6.160 s
alignment_loss = 23.586, time = 0.005 s
triple_loss = 1028.473, time = 5.730 s
hits@[1, 5, 10, 50] = [29.07 46.92 53.8  69.31], time = 2.933 s 
testing ent alignment costs: 3.694 s


mat mul costs: 0.217
after sim filtered, right alignment: 11052/918348=0.012
precision=0.012035, recall=0.618121, f1=0.02361
after sim and neighbours filtered, right alignment: 8361/124627=0.067
precision=0.067088, recall=0.467617, f1=0.117341
graph via graph_tool <Graph object, directed, with 27551 vertices and 124627 edges at 0x7f5b28100278>
selected_pairs, right alignment: 3886/10876=0.357
precision=0.3573, recall=0.217338, f1=0.270274
mwgm costs time: 7.243 s
selecting potential alignment costs time: 12.121 s

iteration  48
generate neighbours: 15.594 s, size: 0.003146 G
alignment_loss = 27.625, time = 0.005 s
triple_loss = 1027.870, time = 4.870 s
alignment_loss = 26.414, time = 0.005 s
triple_loss = 1029.976, time = 5.750 s
alignment_loss = 25.406, time = 0.005 s
triple_loss = 1025.262, time = 5.630 s
alignment_loss = 24.466, time = 0.005 s
triple_loss = 1024.510, time = 5.900 s
alignment_loss = 23.623, time = 0.005 s
triple_loss = 1025.234, time = 5.310 s
hits@[1, 5, 10, 50] = [29.1  46.9  53.9  69.48], time = 2.807 s 
testing ent alignment costs: 3.466 s


mat mul costs: 0.213
after sim filtered, right alignment: 11100/922933=0.012
precision=0.012027, recall=0.620805, f1=0.023597
after sim and neighbours filtered, right alignment: 8393/125017=0.067
precision=0.067135, recall=0.469407, f1=0.117469
graph via graph_tool <Graph object, directed, with 27617 vertices and 125017 edges at 0x7f5a4c09d8d0>
selected_pairs, right alignment: 3965/10930=0.363
precision=0.362763, recall=0.221756, f1=0.275252
mwgm costs time: 7.126 s
selecting potential alignment costs time: 11.843 s

iteration  49
generate neighbours: 12.420 s, size: 0.003146 G
alignment_loss = 27.461, time = 0.005 s
triple_loss = 1025.464, time = 4.850 s
alignment_loss = 26.260, time = 0.005 s
triple_loss = 1026.254, time = 4.920 s
alignment_loss = 25.241, time = 0.005 s
triple_loss = 1026.479, time = 4.930 s
alignment_loss = 24.320, time = 0.005 s
triple_loss = 1025.982, time = 4.810 s
alignment_loss = 23.485, time = 0.005 s
triple_loss = 1025.181, time = 4.900 s
hits@[1, 5, 10, 50] = [29.06 46.96 53.97 69.38], time = 2.769 s 
testing ent alignment costs: 3.383 s


mat mul costs: 0.206
after sim filtered, right alignment: 11125/928829=0.012
precision=0.011977, recall=0.622204, f1=0.023502
after sim and neighbours filtered, right alignment: 8405/125287=0.067
precision=0.067086, recall=0.470078, f1=0.117415
graph via graph_tool <Graph object, directed, with 27667 vertices and 125287 edges at 0x7f5a47822160>
selected_pairs, right alignment: 3921/10942=0.358
precision=0.358344, recall=0.219295, f1=0.272084
mwgm costs time: 7.013 s
selecting potential alignment costs time: 11.591 s

iteration  50
generate neighbours: 12.408 s, size: 0.003146 G
alignment_loss = 26.953, time = 0.005 s
triple_loss = 1026.138, time = 4.970 s
alignment_loss = 25.823, time = 0.005 s
triple_loss = 1024.862, time = 4.900 s
alignment_loss = 24.798, time = 0.005 s
triple_loss = 1025.178, time = 4.790 s
alignment_loss = 23.911, time = 0.005 s
triple_loss = 1023.417, time = 4.890 s
alignment_loss = 23.105, time = 0.005 s
triple_loss = 1025.470, time = 4.950 s
hits@[1, 5, 10, 50] = [29.14 47.13 53.91 69.33], time = 2.671 s 
testing ent alignment costs: 3.275 s


mat mul costs: 0.206
after sim filtered, right alignment: 11149/933712=0.012
precision=0.011941, recall=0.623546, f1=0.023433
after sim and neighbours filtered, right alignment: 8427/125618=0.067
precision=0.067084, recall=0.471309, f1=0.117451
graph via graph_tool <Graph object, directed, with 27734 vertices and 125618 edges at 0x7f5a5dddbc18>
selected_pairs, right alignment: 4008/10997=0.364
precision=0.364463, recall=0.224161, f1=0.277591
mwgm costs time: 7.071 s
selecting potential alignment costs time: 11.648 s

iteration  51
generate neighbours: 12.354 s, size: 0.003146 G
alignment_loss = 26.669, time = 0.006 s
triple_loss = 1023.090, time = 4.940 s
alignment_loss = 25.534, time = 0.005 s
triple_loss = 1021.322, time = 4.850 s
alignment_loss = 24.536, time = 0.005 s
triple_loss = 1021.560, time = 4.900 s
alignment_loss = 23.657, time = 0.005 s
triple_loss = 1024.231, time = 5.000 s
alignment_loss = 22.881, time = 0.005 s
triple_loss = 1023.316, time = 4.960 s
hits@[1, 5, 10, 50] = [29.2  47.11 53.99 69.4 ], time = 2.676 s 
testing ent alignment costs: 3.308 s


mat mul costs: 0.208
after sim filtered, right alignment: 11176/938146=0.012
precision=0.011913, recall=0.625056, f1=0.02338
after sim and neighbours filtered, right alignment: 8431/125898=0.067
precision=0.066967, recall=0.471532, f1=0.117278
graph via graph_tool <Graph object, directed, with 27798 vertices and 125898 edges at 0x7f5a44ebe7f0>
selected_pairs, right alignment: 4043/11012=0.367
precision=0.367145, recall=0.226119, f1=0.27987
mwgm costs time: 7.093 s
selecting potential alignment costs time: 11.671 s

iteration  52
generate neighbours: 12.487 s, size: 0.003146 G
alignment_loss = 26.207, time = 0.005 s
triple_loss = 1021.881, time = 4.940 s
alignment_loss = 25.104, time = 0.005 s
triple_loss = 1021.977, time = 4.920 s
alignment_loss = 24.143, time = 0.005 s
triple_loss = 1021.485, time = 4.790 s
alignment_loss = 23.277, time = 0.005 s
triple_loss = 1021.350, time = 4.890 s
alignment_loss = 22.520, time = 0.005 s
triple_loss = 1022.586, time = 4.910 s
hits@[1, 5, 10, 50] = [29.27 47.02 54.11 69.4 ], time = 2.669 s 
testing ent alignment costs: 3.278 s


mat mul costs: 0.210
after sim filtered, right alignment: 11182/941724=0.012
precision=0.011874, recall=0.625391, f1=0.023306
after sim and neighbours filtered, right alignment: 8459/126150=0.067
precision=0.067055, recall=0.473098, f1=0.117461
graph via graph_tool <Graph object, directed, with 27855 vertices and 126150 edges at 0x7f5a44ebe7f0>
selected_pairs, right alignment: 4053/11065=0.366
precision=0.36629, recall=0.226678, f1=0.280048
mwgm costs time: 7.107 s
selecting potential alignment costs time: 11.720 s

iteration  53
generate neighbours: 12.429 s, size: 0.003146 G
alignment_loss = 26.476, time = 0.005 s
triple_loss = 1021.817, time = 4.860 s
alignment_loss = 25.353, time = 0.005 s
triple_loss = 1020.052, time = 4.920 s
alignment_loss = 24.358, time = 0.005 s
triple_loss = 1021.047, time = 4.920 s
alignment_loss = 23.490, time = 0.005 s
triple_loss = 1020.492, time = 4.890 s
alignment_loss = 22.704, time = 0.005 s
triple_loss = 1022.043, time = 4.850 s
hits@[1, 5, 10, 50] = [29.33 47.02 54.08 69.46], time = 2.682 s 
testing ent alignment costs: 3.296 s


mat mul costs: 0.216
after sim filtered, right alignment: 11219/945214=0.012
precision=0.011869, recall=0.627461, f1=0.023297
after sim and neighbours filtered, right alignment: 8486/126507=0.067
precision=0.067079, recall=0.474609, f1=0.117545
graph via graph_tool <Graph object, directed, with 27916 vertices and 126507 edges at 0x7f5a47822160>
selected_pairs, right alignment: 4067/11086=0.367
precision=0.366859, recall=0.227461, f1=0.280812
mwgm costs time: 7.091 s
selecting potential alignment costs time: 11.654 s

iteration  54
generate neighbours: 12.440 s, size: 0.003146 G
alignment_loss = 26.043, time = 0.006 s
triple_loss = 1019.374, time = 4.890 s
alignment_loss = 24.954, time = 0.005 s
triple_loss = 1020.083, time = 4.880 s
alignment_loss = 23.999, time = 0.005 s
triple_loss = 1020.235, time = 4.800 s
alignment_loss = 23.153, time = 0.005 s
triple_loss = 1019.741, time = 4.910 s
alignment_loss = 22.389, time = 0.005 s
triple_loss = 1018.801, time = 4.900 s
hits@[1, 5, 10, 50] = [29.49 47.16 54.17 69.51], time = 2.678 s 
testing ent alignment costs: 3.306 s


mat mul costs: 0.217
after sim filtered, right alignment: 11225/949101=0.012
precision=0.011827, recall=0.627796, f1=0.023217
after sim and neighbours filtered, right alignment: 8505/126764=0.067
precision=0.067093, recall=0.475671, f1=0.117599
graph via graph_tool <Graph object, directed, with 27955 vertices and 126764 edges at 0x7f5a5dddbc18>
selected_pairs, right alignment: 4096/11134=0.368
precision=0.367882, recall=0.229083, f1=0.282347
mwgm costs time: 7.043 s
selecting potential alignment costs time: 11.609 s

iteration  55
generate neighbours: 12.436 s, size: 0.003146 G
alignment_loss = 25.955, time = 0.005 s
triple_loss = 1018.189, time = 4.880 s
alignment_loss = 24.878, time = 0.005 s
triple_loss = 1020.812, time = 4.800 s
alignment_loss = 23.938, time = 0.005 s
triple_loss = 1018.232, time = 4.870 s
alignment_loss = 23.079, time = 0.005 s
triple_loss = 1018.973, time = 4.860 s
alignment_loss = 22.321, time = 0.005 s
triple_loss = 1020.472, time = 4.900 s
hits@[1, 5, 10, 50] = [29.42 47.24 54.13 69.48], time = 2.654 s 
testing ent alignment costs: 3.297 s


mat mul costs: 0.223
after sim filtered, right alignment: 11246/953167=0.012
precision=0.011799, recall=0.628971, f1=0.023163
after sim and neighbours filtered, right alignment: 8506/127081=0.067
precision=0.066934, recall=0.475727, f1=0.117356
graph via graph_tool <Graph object, directed, with 28020 vertices and 127081 edges at 0x7f5a411056a0>
selected_pairs, right alignment: 4031/11165=0.361
precision=0.361039, recall=0.225447, f1=0.277569
mwgm costs time: 7.174 s
selecting potential alignment costs time: 11.753 s

iteration  56
generate neighbours: 12.567 s, size: 0.003146 G
alignment_loss = 26.067, time = 0.006 s
triple_loss = 1020.913, time = 4.890 s
alignment_loss = 24.993, time = 0.005 s
triple_loss = 1016.907, time = 4.920 s
alignment_loss = 24.025, time = 0.005 s
triple_loss = 1019.397, time = 4.820 s
alignment_loss = 23.194, time = 0.005 s
triple_loss = 1018.032, time = 4.960 s
alignment_loss = 22.429, time = 0.005 s
triple_loss = 1016.356, time = 4.910 s
hits@[1, 5, 10, 50] = [29.47 47.34 54.18 69.4 ], time = 2.667 s 
testing ent alignment costs: 3.313 s


mat mul costs: 0.227
after sim filtered, right alignment: 11274/957517=0.012
precision=0.011774, recall=0.630537, f1=0.023116
after sim and neighbours filtered, right alignment: 8532/127321=0.067
precision=0.067012, recall=0.477181, f1=0.11752
graph via graph_tool <Graph object, directed, with 28075 vertices and 127321 edges at 0x7f5a411056a0>
selected_pairs, right alignment: 4064/11180=0.364
precision=0.363506, recall=0.227293, f1=0.279697
mwgm costs time: 7.231 s
selecting potential alignment costs time: 11.867 s

iteration  57
generate neighbours: 12.450 s, size: 0.003146 G
alignment_loss = 25.726, time = 0.006 s
triple_loss = 1016.965, time = 4.910 s
alignment_loss = 24.655, time = 0.005 s
triple_loss = 1017.464, time = 4.850 s
alignment_loss = 23.725, time = 0.005 s
triple_loss = 1015.143, time = 4.970 s
alignment_loss = 22.883, time = 0.005 s
triple_loss = 1015.866, time = 5.030 s
alignment_loss = 22.139, time = 0.005 s
triple_loss = 1015.786, time = 4.960 s
hits@[1, 5, 10, 50] = [29.55 47.29 54.07 69.38], time = 2.646 s 
testing ent alignment costs: 3.282 s


mat mul costs: 0.229
after sim filtered, right alignment: 11319/961456=0.012
precision=0.011773, recall=0.633054, f1=0.023116
after sim and neighbours filtered, right alignment: 8528/127667=0.067
precision=0.066799, recall=0.476957, f1=0.117186
graph via graph_tool <Graph object, directed, with 28134 vertices and 127667 edges at 0x7f5a46a774e0>
selected_pairs, right alignment: 4101/11212=0.366
precision=0.365769, recall=0.229362, f1=0.281933
mwgm costs time: 7.317 s
selecting potential alignment costs time: 11.955 s

iteration  58
generate neighbours: 12.564 s, size: 0.003146 G
alignment_loss = 25.683, time = 0.006 s
triple_loss = 1016.441, time = 4.980 s
alignment_loss = 24.599, time = 0.005 s
triple_loss = 1015.705, time = 4.910 s
alignment_loss = 23.660, time = 0.005 s
triple_loss = 1017.051, time = 4.890 s
alignment_loss = 22.841, time = 0.005 s
triple_loss = 1015.278, time = 4.850 s
alignment_loss = 22.096, time = 0.005 s
triple_loss = 1014.794, time = 4.980 s
hits@[1, 5, 10, 50] = [29.63 47.23 54.3  69.4 ], time = 2.775 s 
testing ent alignment costs: 3.427 s


mat mul costs: 0.229
after sim filtered, right alignment: 11339/964764=0.012
precision=0.011753, recall=0.634172, f1=0.023078
after sim and neighbours filtered, right alignment: 8558/127873=0.067
precision=0.066926, recall=0.478635, f1=0.117432
graph via graph_tool <Graph object, directed, with 28170 vertices and 127873 edges at 0x7f5a4c09d8d0>
selected_pairs, right alignment: 4051/11233=0.361
precision=0.360634, recall=0.226566, f1=0.278295
mwgm costs time: 7.228 s
selecting potential alignment costs time: 11.829 s

iteration  59
generate neighbours: 12.510 s, size: 0.003146 G
alignment_loss = 25.584, time = 0.005 s
triple_loss = 1014.729, time = 4.990 s
alignment_loss = 24.513, time = 0.005 s
triple_loss = 1016.207, time = 4.890 s
alignment_loss = 23.586, time = 0.005 s
triple_loss = 1014.921, time = 4.950 s
alignment_loss = 22.762, time = 0.005 s
triple_loss = 1015.020, time = 4.930 s
alignment_loss = 22.017, time = 0.005 s
triple_loss = 1014.703, time = 4.870 s
hits@[1, 5, 10, 50] = [29.52 47.18 54.26 69.47], time = 2.780 s 
testing ent alignment costs: 3.425 s


mat mul costs: 0.227
after sim filtered, right alignment: 11350/968400=0.012
precision=0.01172, recall=0.634787, f1=0.023015
after sim and neighbours filtered, right alignment: 8571/128191=0.067
precision=0.066861, recall=0.479362, f1=0.117354
graph via graph_tool <Graph object, directed, with 28216 vertices and 128191 edges at 0x7f5a4883d438>
selected_pairs, right alignment: 4087/11257=0.363
precision=0.363063, recall=0.228579, f1=0.280536
mwgm costs time: 7.239 s
selecting potential alignment costs time: 11.868 s

iteration  60
generate neighbours: 12.545 s, size: 0.003146 G
alignment_loss = 25.262, time = 0.006 s
triple_loss = 1013.285, time = 4.940 s
alignment_loss = 24.233, time = 0.005 s
triple_loss = 1020.003, time = 4.970 s
alignment_loss = 23.366, time = 0.005 s
triple_loss = 1014.548, time = 4.930 s
alignment_loss = 22.539, time = 0.005 s
triple_loss = 1014.544, time = 4.900 s
alignment_loss = 21.788, time = 0.005 s
triple_loss = 1013.142, time = 4.820 s
hits@[1, 5, 10, 50] = [29.69 47.23 54.15 69.58], time = 2.764 s 
testing ent alignment costs: 3.412 s


mat mul costs: 0.232
after sim filtered, right alignment: 11366/971533=0.012
precision=0.011699, recall=0.635682, f1=0.022975
after sim and neighbours filtered, right alignment: 8565/128481=0.067
precision=0.066664, recall=0.479027, f1=0.11704
graph via graph_tool <Graph object, directed, with 28271 vertices and 128481 edges at 0x7f5a4c09d8d0>
selected_pairs, right alignment: 4121/11285=0.365
precision=0.365175, recall=0.230481, f1=0.282599
mwgm costs time: 7.198 s
selecting potential alignment costs time: 11.821 s

iteration  61
generate neighbours: 12.598 s, size: 0.003146 G
alignment_loss = 25.237, time = 0.005 s
triple_loss = 1011.986, time = 4.950 s
alignment_loss = 24.201, time = 0.005 s
triple_loss = 1011.707, time = 4.890 s
alignment_loss = 23.274, time = 0.005 s
triple_loss = 1011.843, time = 4.850 s
alignment_loss = 22.472, time = 0.005 s
triple_loss = 1014.078, time = 4.930 s
alignment_loss = 21.740, time = 0.005 s
triple_loss = 1011.887, time = 4.860 s
hits@[1, 5, 10, 50] = [29.75 47.32 54.23 69.47], time = 2.803 s 
testing ent alignment costs: 3.474 s


mat mul costs: 0.231
after sim filtered, right alignment: 11407/975279=0.012
precision=0.011696, recall=0.637975, f1=0.022971
after sim and neighbours filtered, right alignment: 8585/128771=0.067
precision=0.066669, recall=0.480145, f1=0.117081
graph via graph_tool <Graph object, directed, with 28308 vertices and 128771 edges at 0x7f5a4d4a2f60>
selected_pairs, right alignment: 4166/11333=0.368
precision=0.367599, recall=0.232998, f1=0.285216
mwgm costs time: 7.330 s
selecting potential alignment costs time: 11.973 s

iteration  62
generate neighbours: 12.568 s, size: 0.003146 G
alignment_loss = 25.007, time = 0.006 s
triple_loss = 1011.413, time = 4.940 s
alignment_loss = 23.978, time = 0.005 s
triple_loss = 1012.590, time = 4.940 s
alignment_loss = 23.086, time = 0.005 s
triple_loss = 1011.544, time = 4.990 s
alignment_loss = 22.273, time = 0.005 s
triple_loss = 1011.961, time = 5.000 s
alignment_loss = 21.561, time = 0.005 s
triple_loss = 1009.943, time = 4.880 s
hits@[1, 5, 10, 50] = [29.81 47.23 54.25 69.51], time = 2.651 s 
testing ent alignment costs: 3.295 s


mat mul costs: 0.234
after sim filtered, right alignment: 11406/979021=0.012
precision=0.01165, recall=0.637919, f1=0.022882
after sim and neighbours filtered, right alignment: 8600/129011=0.067
precision=0.066661, recall=0.480984, f1=0.117094
graph via graph_tool <Graph object, directed, with 28370 vertices and 129011 edges at 0x7f5aa877bba8>
selected_pairs, right alignment: 4112/11344=0.362
precision=0.362482, recall=0.229978, f1=0.281413
mwgm costs time: 7.331 s
selecting potential alignment costs time: 11.955 s

iteration  63
generate neighbours: 12.484 s, size: 0.003146 G
alignment_loss = 24.977, time = 0.006 s
triple_loss = 1011.106, time = 4.900 s
alignment_loss = 23.965, time = 0.005 s
triple_loss = 1011.248, time = 4.840 s
alignment_loss = 23.072, time = 0.005 s
triple_loss = 1011.454, time = 4.870 s
alignment_loss = 22.282, time = 0.005 s
triple_loss = 1008.108, time = 4.880 s
alignment_loss = 21.563, time = 0.005 s
triple_loss = 1010.862, time = 4.850 s
hits@[1, 5, 10, 50] = [29.89 47.22 54.28 69.56], time = 2.804 s 
testing ent alignment costs: 3.469 s


mat mul costs: 0.235
after sim filtered, right alignment: 11437/982921=0.012
precision=0.011636, recall=0.639653, f1=0.022856
after sim and neighbours filtered, right alignment: 8613/129325=0.067
precision=0.0666, recall=0.481711, f1=0.117021
graph via graph_tool <Graph object, directed, with 28421 vertices and 129325 edges at 0x7f5aa877bba8>
selected_pairs, right alignment: 4163/11363=0.366
precision=0.366365, recall=0.23283, f1=0.284718
mwgm costs time: 7.314 s
selecting potential alignment costs time: 11.967 s

iteration  64
generate neighbours: 12.523 s, size: 0.003146 G
alignment_loss = 24.795, time = 0.006 s
triple_loss = 1012.092, time = 4.880 s
alignment_loss = 23.795, time = 0.005 s
triple_loss = 1007.939, time = 4.810 s
alignment_loss = 22.908, time = 0.005 s
triple_loss = 1009.967, time = 4.910 s
alignment_loss = 22.121, time = 0.005 s
triple_loss = 1012.325, time = 4.920 s
alignment_loss = 21.418, time = 0.005 s
triple_loss = 1010.838, time = 4.850 s
hits@[1, 5, 10, 50] = [29.64 47.2  54.29 69.55], time = 2.774 s 
testing ent alignment costs: 3.439 s


mat mul costs: 0.238
after sim filtered, right alignment: 11445/985697=0.012
precision=0.011611, recall=0.640101, f1=0.022808
after sim and neighbours filtered, right alignment: 8631/129454=0.067
precision=0.066672, recall=0.482718, f1=0.117162
graph via graph_tool <Graph object, directed, with 28451 vertices and 129454 edges at 0x7f5b0218f860>
selected_pairs, right alignment: 4174/11398=0.366
precision=0.366205, recall=0.233445, f1=0.285129
mwgm costs time: 7.389 s
selecting potential alignment costs time: 12.058 s

iteration  65
generate neighbours: 12.610 s, size: 0.003146 G
alignment_loss = 24.621, time = 0.005 s
triple_loss = 1009.999, time = 5.050 s
alignment_loss = 23.632, time = 0.005 s
triple_loss = 1009.205, time = 4.980 s
alignment_loss = 22.760, time = 0.005 s
triple_loss = 1010.487, time = 4.880 s
alignment_loss = 21.986, time = 0.005 s
triple_loss = 1008.652, time = 4.870 s
alignment_loss = 21.287, time = 0.005 s
triple_loss = 1009.819, time = 4.930 s
hits@[1, 5, 10, 50] = [29.65 47.3  54.21 69.51], time = 2.668 s 
testing ent alignment costs: 3.328 s


mat mul costs: 0.238
after sim filtered, right alignment: 11473/988494=0.012
precision=0.011607, recall=0.641667, f1=0.022802
after sim and neighbours filtered, right alignment: 8628/129649=0.067
precision=0.066549, recall=0.48255, f1=0.116967
graph via graph_tool <Graph object, directed, with 28492 vertices and 129649 edges at 0x7f5a586e5ef0>
selected_pairs, right alignment: 4151/11418=0.364
precision=0.363549, recall=0.232159, f1=0.283364
mwgm costs time: 7.413 s
selecting potential alignment costs time: 12.067 s

iteration  66
generate neighbours: 12.858 s, size: 0.003146 G
alignment_loss = 24.485, time = 0.005 s
triple_loss = 1008.467, time = 4.910 s
alignment_loss = 23.503, time = 0.005 s
triple_loss = 1009.557, time = 4.860 s
alignment_loss = 22.642, time = 0.005 s
triple_loss = 1008.412, time = 4.910 s
alignment_loss = 21.870, time = 0.005 s
triple_loss = 1008.518, time = 4.890 s
alignment_loss = 21.172, time = 0.005 s
triple_loss = 1009.121, time = 4.940 s
hits@[1, 5, 10, 50] = [29.66 47.47 54.27 69.41], time = 2.782 s 
testing ent alignment costs: 3.433 s


mat mul costs: 0.232
after sim filtered, right alignment: 11482/993014=0.012
precision=0.011563, recall=0.64217, f1=0.022717
after sim and neighbours filtered, right alignment: 8651/129791=0.067
precision=0.066653, recall=0.483837, f1=0.117165
graph via graph_tool <Graph object, directed, with 28539 vertices and 129791 edges at 0x7f5a42becf60>
selected_pairs, right alignment: 4191/11448=0.366
precision=0.36609, recall=0.234396, f1=0.285802
mwgm costs time: 7.265 s
selecting potential alignment costs time: 11.903 s

iteration  67
generate neighbours: 12.520 s, size: 0.003146 G
alignment_loss = 24.564, time = 0.005 s
triple_loss = 1009.004, time = 4.860 s
alignment_loss = 23.581, time = 0.005 s
triple_loss = 1010.183, time = 4.940 s
alignment_loss = 22.723, time = 0.005 s
triple_loss = 1007.533, time = 4.890 s
alignment_loss = 21.951, time = 0.005 s
triple_loss = 1007.679, time = 4.920 s
alignment_loss = 21.230, time = 0.005 s
triple_loss = 1007.870, time = 4.880 s
hits@[1, 5, 10, 50] = [29.63 47.42 54.24 69.47], time = 2.780 s 
testing ent alignment costs: 3.437 s


mat mul costs: 0.230
after sim filtered, right alignment: 11512/995499=0.012
precision=0.011564, recall=0.643848, f1=0.02272
after sim and neighbours filtered, right alignment: 8645/130024=0.066
precision=0.066488, recall=0.483501, f1=0.116901
graph via graph_tool <Graph object, directed, with 28565 vertices and 130024 edges at 0x7f5a483bbe48>
selected_pairs, right alignment: 4097/11472=0.357
precision=0.35713, recall=0.229139, f1=0.279163
mwgm costs time: 7.344 s
selecting potential alignment costs time: 11.972 s

iteration  68
generate neighbours: 12.530 s, size: 0.003146 G
alignment_loss = 24.288, time = 0.005 s
triple_loss = 1004.371, time = 4.800 s
alignment_loss = 23.322, time = 0.005 s
triple_loss = 1007.854, time = 4.870 s
alignment_loss = 22.487, time = 0.005 s
triple_loss = 1006.713, time = 4.940 s
alignment_loss = 21.722, time = 0.005 s
triple_loss = 1005.882, time = 4.920 s
alignment_loss = 21.028, time = 0.005 s
triple_loss = 1004.332, time = 4.950 s
hits@[1, 5, 10, 50] = [29.61 47.36 54.16 69.53], time = 2.708 s 

 == should early stop == 

accurate results: hits@[1, 5, 10, 50] = [30.37 49.46 56.88 73.14], mr = 221.788, mrr = 0.394, time = 22.645 s 
testing ent alignment costs: 26.334 s

Total training time = 3710.5626 s.
