**********************./dbp_yg_15k_V1***********************
neg param 0.1 ; split ; sim param 0.05 ; inner sim param 0.05
ents: 15000 + 3818 = 15000
ents: 15000 + 3357 = 15000
all ents: 25500
all rels: 223 30 253
all triples: 33748 + 36569 = 70317
To align: 10500
sparse sim mat to sparse tensor
sparse sim mat to sparse tensor
sparse sim mat to sparse tensor
0/1000, rel loss = 182415.347, time = 0.970 s
1/1000, sim loss = 706.783, time = 1.243 s
2/1000, rel loss = 165514.588, time = 0.869 s
3/1000, sim loss = 703.120, time = 0.290 s
4/1000, rel loss = 155459.261, time = 0.863 s
5/1000, sim loss = 699.569, time = 0.292 s
6/1000, rel loss = 147768.052, time = 0.872 s
7/1000, sim loss = 696.106, time = 0.291 s
8/1000, rel loss = 141458.188, time = 0.865 s
9/1000, sim loss = 692.732, time = 0.291 s
10/1000, rel loss = 136085.230, time = 0.858 s
11/1000, sim loss = 689.455, time = 0.290 s
12/1000, rel loss = 131273.622, time = 0.866 s
13/1000, sim loss = 686.281, time = 0.291 s
14/1000, rel loss = 126982.869, time = 0.859 s
15/1000, sim loss = 683.181, time = 0.288 s
16/1000, rel loss = 123111.083, time = 0.867 s
17/1000, sim loss = 680.166, time = 0.289 s
18/1000, rel loss = 119573.577, time = 0.866 s
19/1000, sim loss = 677.220, time = 0.289 s
20/1000, rel loss = 116267.371, time = 0.876 s
21/1000, sim loss = 674.373, time = 0.294 s
22/1000, rel loss = 113182.832, time = 0.867 s
23/1000, sim loss = 671.581, time = 0.291 s
24/1000, rel loss = 110315.529, time = 0.866 s
25/1000, sim loss = 668.850, time = 0.292 s
26/1000, rel loss = 107661.809, time = 0.863 s
27/1000, sim loss = 666.198, time = 0.292 s
28/1000, rel loss = 105123.582, time = 0.870 s
29/1000, sim loss = 663.611, time = 0.289 s
30/1000, rel loss = 102743.146, time = 0.869 s
31/1000, sim loss = 661.084, time = 0.292 s
32/1000, rel loss = 100445.604, time = 0.861 s
33/1000, sim loss = 658.610, time = 0.291 s
34/1000, rel loss = 98303.844, time = 0.865 s
35/1000, sim loss = 656.219, time = 0.291 s
36/1000, rel loss = 96266.227, time = 0.864 s
37/1000, sim loss = 653.863, time = 0.291 s
38/1000, rel loss = 94275.577, time = 0.861 s
39/1000, sim loss = 651.589, time = 0.291 s
40/1000, rel loss = 92408.633, time = 0.872 s
41/1000, sim loss = 649.358, time = 0.291 s
42/1000, rel loss = 90603.290, time = 0.863 s
43/1000, sim loss = 647.210, time = 0.292 s
44/1000, rel loss = 88906.451, time = 0.867 s
45/1000, sim loss = 645.101, time = 0.294 s
46/1000, rel loss = 87232.140, time = 0.868 s
47/1000, sim loss = 643.043, time = 0.289 s
48/1000, rel loss = 85660.560, time = 0.866 s
49/1000, sim loss = 641.035, time = 0.288 s
50/1000, rel loss = 84156.199, time = 0.869 s
51/1000, sim loss = 639.074, time = 0.290 s
52/1000, rel loss = 82638.488, time = 0.864 s
53/1000, sim loss = 637.171, time = 0.292 s
54/1000, rel loss = 81206.312, time = 0.861 s
55/1000, sim loss = 635.294, time = 0.290 s
56/1000, rel loss = 79838.566, time = 0.869 s
57/1000, sim loss = 633.478, time = 0.293 s
58/1000, rel loss = 78515.369, time = 0.871 s
59/1000, sim loss = 631.699, time = 0.291 s
60/1000, rel loss = 77244.362, time = 0.864 s
61/1000, sim loss = 629.986, time = 0.295 s
62/1000, rel loss = 75982.019, time = 0.870 s
63/1000, sim loss = 628.287, time = 0.293 s
64/1000, rel loss = 74791.012, time = 0.870 s
65/1000, sim loss = 626.645, time = 0.291 s
66/1000, rel loss = 73651.042, time = 0.868 s
67/1000, sim loss = 625.045, time = 0.291 s
68/1000, rel loss = 72536.162, time = 0.859 s
69/1000, sim loss = 623.474, time = 0.290 s
70/1000, rel loss = 71454.892, time = 0.869 s
71/1000, sim loss = 621.955, time = 0.291 s
72/1000, rel loss = 70382.842, time = 0.864 s
73/1000, sim loss = 620.454, time = 0.290 s
74/1000, rel loss = 69382.952, time = 0.868 s
75/1000, sim loss = 618.983, time = 0.291 s
76/1000, rel loss = 68386.621, time = 0.872 s
77/1000, sim loss = 617.547, time = 0.290 s
78/1000, rel loss = 67400.422, time = 0.860 s
79/1000, sim loss = 616.167, time = 0.292 s
80/1000, rel loss = 66450.295, time = 0.869 s
81/1000, sim loss = 614.797, time = 0.291 s
82/1000, rel loss = 65531.980, time = 0.858 s
83/1000, sim loss = 613.472, time = 0.293 s
84/1000, rel loss = 64670.103, time = 0.863 s
85/1000, sim loss = 612.167, time = 0.290 s
86/1000, rel loss = 63827.314, time = 0.871 s
87/1000, sim loss = 610.880, time = 0.290 s
88/1000, rel loss = 62946.167, time = 0.856 s
89/1000, sim loss = 609.636, time = 0.293 s
90/1000, rel loss = 62119.030, time = 0.877 s
91/1000, sim loss = 608.422, time = 0.291 s
92/1000, rel loss = 61332.714, time = 0.870 s
93/1000, sim loss = 607.232, time = 0.294 s
94/1000, rel loss = 60539.139, time = 0.860 s
95/1000, sim loss = 606.080, time = 0.289 s
96/1000, rel loss = 59790.292, time = 0.871 s
97/1000, sim loss = 604.940, time = 0.293 s
98/1000, rel loss = 59052.109, time = 0.868 s
99/1000, sim loss = 603.817, time = 0.293 s
100/1000, rel loss = 58335.983, time = 0.867 s
101/1000, sim loss = 602.735, time = 0.290 s
102/1000, rel loss = 57623.328, time = 0.866 s
103/1000, sim loss = 601.672, time = 0.293 s
104/1000, rel loss = 56912.819, time = 0.869 s
105/1000, sim loss = 600.645, time = 0.291 s
106/1000, rel loss = 56234.755, time = 0.858 s
107/1000, sim loss = 599.624, time = 0.291 s
108/1000, rel loss = 55592.511, time = 0.867 s
109/1000, sim loss = 598.630, time = 0.292 s
110/1000, rel loss = 54931.510, time = 0.865 s
111/1000, sim loss = 597.649, time = 0.292 s
112/1000, rel loss = 54319.642, time = 0.870 s
113/1000, sim loss = 596.701, time = 0.290 s
114/1000, rel loss = 53666.940, time = 0.865 s
115/1000, sim loss = 595.771, time = 0.293 s
116/1000, rel loss = 53108.561, time = 0.869 s
117/1000, sim loss = 594.856, time = 0.293 s
118/1000, rel loss = 52513.211, time = 0.866 s
119/1000, sim loss = 593.971, time = 0.289 s
120/1000, rel loss = 51927.270, time = 0.859 s
121/1000, sim loss = 593.094, time = 0.291 s
122/1000, rel loss = 51378.633, time = 0.859 s
123/1000, sim loss = 592.246, time = 0.290 s
124/1000, rel loss = 50863.415, time = 0.863 s
125/1000, sim loss = 591.396, time = 0.291 s
126/1000, rel loss = 50303.416, time = 0.866 s
127/1000, sim loss = 590.573, time = 0.292 s
128/1000, rel loss = 49778.498, time = 0.871 s
129/1000, sim loss = 589.764, time = 0.291 s
130/1000, rel loss = 49235.616, time = 0.864 s
131/1000, sim loss = 588.980, time = 0.290 s
132/1000, rel loss = 48764.383, time = 0.867 s
133/1000, sim loss = 588.212, time = 0.291 s
134/1000, rel loss = 48267.256, time = 0.865 s
135/1000, sim loss = 587.462, time = 0.291 s
136/1000, rel loss = 47766.275, time = 0.862 s
137/1000, sim loss = 586.722, time = 0.292 s
138/1000, rel loss = 47291.673, time = 0.867 s
139/1000, sim loss = 585.999, time = 0.288 s
140/1000, rel loss = 46783.860, time = 0.871 s
141/1000, sim loss = 585.285, time = 0.290 s
142/1000, rel loss = 46367.981, time = 0.869 s
143/1000, sim loss = 584.591, time = 0.290 s
144/1000, rel loss = 45922.832, time = 0.867 s
145/1000, sim loss = 583.913, time = 0.291 s
146/1000, rel loss = 45474.075, time = 0.867 s
147/1000, sim loss = 583.240, time = 0.290 s
148/1000, rel loss = 45071.945, time = 0.860 s
149/1000, sim loss = 582.582, time = 0.291 s
150/1000, rel loss = 44636.463, time = 0.866 s
151/1000, sim loss = 581.950, time = 0.294 s
152/1000, rel loss = 44206.105, time = 0.870 s
153/1000, sim loss = 581.325, time = 0.291 s
154/1000, rel loss = 43796.499, time = 0.864 s
155/1000, sim loss = 580.708, time = 0.291 s
156/1000, rel loss = 43394.058, time = 0.875 s
157/1000, sim loss = 580.103, time = 0.291 s
158/1000, rel loss = 43010.059, time = 0.861 s
159/1000, sim loss = 579.502, time = 0.291 s
160/1000, rel loss = 42604.775, time = 0.866 s
161/1000, sim loss = 578.922, time = 0.292 s
162/1000, rel loss = 42209.413, time = 0.873 s
163/1000, sim loss = 578.352, time = 0.292 s
164/1000, rel loss = 41831.012, time = 0.865 s
165/1000, sim loss = 577.794, time = 0.292 s
166/1000, rel loss = 41455.828, time = 0.860 s
167/1000, sim loss = 577.247, time = 0.290 s
168/1000, rel loss = 41139.930, time = 0.871 s
169/1000, sim loss = 576.703, time = 0.289 s
170/1000, rel loss = 40765.476, time = 0.869 s
171/1000, sim loss = 576.158, time = 0.291 s
172/1000, rel loss = 40439.378, time = 0.868 s
173/1000, sim loss = 575.626, time = 0.290 s
174/1000, rel loss = 40109.354, time = 0.871 s
175/1000, sim loss = 575.101, time = 0.289 s
176/1000, rel loss = 39747.574, time = 0.865 s
177/1000, sim loss = 574.606, time = 0.291 s
178/1000, rel loss = 39399.827, time = 0.867 s
179/1000, sim loss = 574.115, time = 0.291 s
180/1000, rel loss = 39095.425, time = 0.872 s
181/1000, sim loss = 573.634, time = 0.292 s
182/1000, rel loss = 38790.419, time = 0.859 s
183/1000, sim loss = 573.148, time = 0.294 s
184/1000, rel loss = 38422.294, time = 0.864 s
185/1000, sim loss = 572.676, time = 0.291 s
186/1000, rel loss = 38148.363, time = 0.866 s
187/1000, sim loss = 572.216, time = 0.291 s
188/1000, rel loss = 37859.117, time = 0.867 s
189/1000, sim loss = 571.756, time = 0.292 s
190/1000, rel loss = 37559.767, time = 0.865 s
191/1000, sim loss = 571.311, time = 0.290 s
192/1000, rel loss = 37257.944, time = 0.871 s
193/1000, sim loss = 570.871, time = 0.289 s
194/1000, rel loss = 36970.582, time = 0.858 s
195/1000, sim loss = 570.447, time = 0.291 s
196/1000, rel loss = 36691.937, time = 0.872 s
197/1000, sim loss = 570.024, time = 0.293 s
198/1000, rel loss = 36400.022, time = 0.868 s
199/1000, sim loss = 569.604, time = 0.291 s
200/1000, rel loss = 36124.579, time = 0.862 s
201/1000, sim loss = 569.200, time = 0.292 s
202/1000, rel loss = 35879.639, time = 0.869 s
203/1000, sim loss = 568.801, time = 0.292 s
204/1000, rel loss = 35603.882, time = 0.865 s
205/1000, sim loss = 568.401, time = 0.289 s
206/1000, rel loss = 35344.601, time = 0.872 s
207/1000, sim loss = 568.011, time = 0.290 s
208/1000, rel loss = 35091.221, time = 0.861 s
209/1000, sim loss = 567.645, time = 0.288 s
210/1000, rel loss = 34831.022, time = 0.866 s
211/1000, sim loss = 567.262, time = 0.293 s
212/1000, rel loss = 34584.738, time = 0.865 s
213/1000, sim loss = 566.880, time = 0.293 s
214/1000, rel loss = 34337.375, time = 0.861 s
215/1000, sim loss = 566.523, time = 0.292 s
216/1000, rel loss = 34056.126, time = 0.870 s
217/1000, sim loss = 566.171, time = 0.290 s
218/1000, rel loss = 33853.633, time = 0.866 s
219/1000, sim loss = 565.820, time = 0.293 s
220/1000, rel loss = 33613.903, time = 0.862 s
221/1000, sim loss = 565.481, time = 0.290 s
222/1000, rel loss = 33382.694, time = 0.868 s
223/1000, sim loss = 565.139, time = 0.291 s
224/1000, rel loss = 33128.424, time = 0.865 s
225/1000, sim loss = 564.796, time = 0.292 s
226/1000, rel loss = 32930.914, time = 0.873 s
227/1000, sim loss = 564.456, time = 0.290 s
228/1000, rel loss = 32683.035, time = 0.861 s
229/1000, sim loss = 564.121, time = 0.291 s
230/1000, rel loss = 32487.559, time = 0.865 s
231/1000, sim loss = 563.802, time = 0.289 s
232/1000, rel loss = 32292.774, time = 0.864 s
233/1000, sim loss = 563.486, time = 0.290 s
234/1000, rel loss = 32058.402, time = 0.872 s
235/1000, sim loss = 563.178, time = 0.291 s
236/1000, rel loss = 31828.493, time = 0.859 s
237/1000, sim loss = 562.867, time = 0.292 s
238/1000, rel loss = 31688.637, time = 0.860 s
239/1000, sim loss = 562.560, time = 0.291 s
240/1000, rel loss = 31436.550, time = 0.872 s
241/1000, sim loss = 562.268, time = 0.291 s
242/1000, rel loss = 31215.346, time = 0.864 s
243/1000, sim loss = 561.983, time = 0.292 s
244/1000, rel loss = 31027.034, time = 0.867 s
245/1000, sim loss = 561.696, time = 0.291 s
246/1000, rel loss = 30819.321, time = 0.863 s
247/1000, sim loss = 561.423, time = 0.291 s
248/1000, rel loss = 30639.754, time = 0.864 s
249/1000, sim loss = 561.139, time = 0.290 s
250/1000, rel loss = 30459.340, time = 0.862 s
251/1000, sim loss = 560.862, time = 0.292 s
252/1000, rel loss = 30257.947, time = 0.864 s
253/1000, sim loss = 560.590, time = 0.289 s
254/1000, rel loss = 30107.082, time = 0.865 s
255/1000, sim loss = 560.330, time = 0.290 s
256/1000, rel loss = 29878.035, time = 0.869 s
257/1000, sim loss = 560.062, time = 0.292 s
258/1000, rel loss = 29705.056, time = 0.855 s
259/1000, sim loss = 559.797, time = 0.293 s
260/1000, rel loss = 29536.566, time = 0.869 s
261/1000, sim loss = 559.537, time = 0.291 s
262/1000, rel loss = 29354.035, time = 0.861 s
263/1000, sim loss = 559.281, time = 0.288 s
264/1000, rel loss = 29156.985, time = 0.866 s
265/1000, sim loss = 559.025, time = 0.293 s
266/1000, rel loss = 29000.583, time = 0.870 s
267/1000, sim loss = 558.773, time = 0.292 s
268/1000, rel loss = 28867.713, time = 0.864 s
269/1000, sim loss = 558.526, time = 0.291 s
270/1000, rel loss = 28682.369, time = 0.866 s
271/1000, sim loss = 558.284, time = 0.290 s
272/1000, rel loss = 28506.777, time = 0.869 s
273/1000, sim loss = 558.036, time = 0.292 s
274/1000, rel loss = 28350.103, time = 0.863 s
275/1000, sim loss = 557.802, time = 0.290 s
276/1000, rel loss = 28186.051, time = 0.864 s
277/1000, sim loss = 557.573, time = 0.289 s
278/1000, rel loss = 28054.413, time = 0.865 s
279/1000, sim loss = 557.346, time = 0.293 s
280/1000, rel loss = 27880.587, time = 0.866 s
281/1000, sim loss = 557.119, time = 0.292 s
282/1000, rel loss = 27727.014, time = 0.868 s
283/1000, sim loss = 556.892, time = 0.289 s
284/1000, rel loss = 27548.857, time = 0.870 s
285/1000, sim loss = 556.670, time = 0.291 s
286/1000, rel loss = 27435.848, time = 0.866 s
287/1000, sim loss = 556.456, time = 0.290 s
288/1000, rel loss = 27251.992, time = 0.862 s
289/1000, sim loss = 556.239, time = 0.290 s
290/1000, rel loss = 27084.714, time = 0.872 s
291/1000, sim loss = 556.025, time = 0.292 s
292/1000, rel loss = 26939.518, time = 0.863 s
293/1000, sim loss = 555.819, time = 0.292 s
294/1000, rel loss = 26788.841, time = 0.862 s
295/1000, sim loss = 555.619, time = 0.287 s
296/1000, rel loss = 26622.156, time = 0.871 s
297/1000, sim loss = 555.414, time = 0.290 s
298/1000, rel loss = 26511.737, time = 0.866 s
299/1000, sim loss = 555.214, time = 0.291 s
300/1000, rel loss = 26364.730, time = 0.870 s
X-EN: acc of top [1, 10, 50, 100] = [ 0.1678  0.4641  0.7448  0.84  ], mean = 149.178, mrr = 0.267, time = 5.655 s 
EN-X: acc of top [1, 10, 50, 100] = [ 0.1848  0.4578  0.7378  0.8388], mean = 157.427, mrr = 0.277, time = 5.657 s 
301/1000, sim loss = 555.018, time = 0.294 s
302/1000, rel loss = 26221.463, time = 0.870 s
303/1000, sim loss = 554.825, time = 0.294 s
304/1000, rel loss = 26103.897, time = 0.870 s
305/1000, sim loss = 554.631, time = 0.293 s
306/1000, rel loss = 25936.919, time = 0.871 s
307/1000, sim loss = 554.446, time = 0.293 s
308/1000, rel loss = 25802.820, time = 0.867 s
309/1000, sim loss = 554.258, time = 0.294 s
310/1000, rel loss = 25693.133, time = 0.866 s
311/1000, sim loss = 554.076, time = 0.292 s
312/1000, rel loss = 25529.164, time = 0.870 s
313/1000, sim loss = 553.903, time = 0.293 s
314/1000, rel loss = 25397.820, time = 0.876 s
315/1000, sim loss = 553.717, time = 0.292 s
316/1000, rel loss = 25305.685, time = 0.872 s
317/1000, sim loss = 553.534, time = 0.293 s
318/1000, rel loss = 25195.602, time = 0.870 s
319/1000, sim loss = 553.362, time = 0.291 s
320/1000, rel loss = 25051.062, time = 0.867 s
321/1000, sim loss = 553.190, time = 0.295 s
322/1000, rel loss = 24951.288, time = 0.870 s
323/1000, sim loss = 553.016, time = 0.292 s
324/1000, rel loss = 24786.542, time = 0.863 s
325/1000, sim loss = 552.852, time = 0.292 s
326/1000, rel loss = 24712.549, time = 0.869 s
327/1000, sim loss = 552.689, time = 0.293 s
328/1000, rel loss = 24580.019, time = 0.870 s
329/1000, sim loss = 552.519, time = 0.292 s
330/1000, rel loss = 24462.592, time = 0.863 s
331/1000, sim loss = 552.354, time = 0.292 s
332/1000, rel loss = 24307.939, time = 0.869 s
333/1000, sim loss = 552.193, time = 0.293 s
334/1000, rel loss = 24193.461, time = 0.864 s
335/1000, sim loss = 552.036, time = 0.294 s
336/1000, rel loss = 24075.783, time = 0.874 s
337/1000, sim loss = 551.877, time = 0.295 s
338/1000, rel loss = 23985.646, time = 0.877 s
339/1000, sim loss = 551.716, time = 0.291 s
340/1000, rel loss = 23817.470, time = 0.867 s
341/1000, sim loss = 551.561, time = 0.293 s
342/1000, rel loss = 23759.189, time = 0.871 s
343/1000, sim loss = 551.408, time = 0.297 s
344/1000, rel loss = 23611.699, time = 0.871 s
345/1000, sim loss = 551.257, time = 0.294 s
346/1000, rel loss = 23517.832, time = 0.874 s
347/1000, sim loss = 551.106, time = 0.290 s
348/1000, rel loss = 23438.823, time = 0.863 s
349/1000, sim loss = 550.955, time = 0.292 s
350/1000, rel loss = 23307.130, time = 0.865 s
351/1000, sim loss = 550.812, time = 0.291 s
352/1000, rel loss = 23198.846, time = 0.857 s
353/1000, sim loss = 550.669, time = 0.295 s
354/1000, rel loss = 23108.631, time = 0.871 s
355/1000, sim loss = 550.524, time = 0.292 s
356/1000, rel loss = 22990.826, time = 0.873 s
357/1000, sim loss = 550.376, time = 0.293 s
358/1000, rel loss = 22880.620, time = 0.871 s
359/1000, sim loss = 550.233, time = 0.291 s
360/1000, rel loss = 22773.881, time = 0.868 s
361/1000, sim loss = 550.093, time = 0.293 s
362/1000, rel loss = 22671.310, time = 0.877 s
363/1000, sim loss = 549.951, time = 0.291 s
364/1000, rel loss = 22635.503, time = 0.862 s
365/1000, sim loss = 549.818, time = 0.290 s
366/1000, rel loss = 22497.480, time = 0.869 s
367/1000, sim loss = 549.678, time = 0.292 s
368/1000, rel loss = 22413.044, time = 0.872 s
369/1000, sim loss = 549.550, time = 0.294 s
370/1000, rel loss = 22242.005, time = 0.867 s
371/1000, sim loss = 549.420, time = 0.294 s
372/1000, rel loss = 22233.383, time = 0.869 s
373/1000, sim loss = 549.286, time = 0.291 s
374/1000, rel loss = 22135.432, time = 0.867 s
375/1000, sim loss = 549.153, time = 0.293 s
376/1000, rel loss = 22025.041, time = 0.873 s
377/1000, sim loss = 549.018, time = 0.295 s
378/1000, rel loss = 21925.110, time = 0.873 s
379/1000, sim loss = 548.895, time = 0.292 s
380/1000, rel loss = 21860.525, time = 0.864 s
381/1000, sim loss = 548.778, time = 0.290 s
382/1000, rel loss = 21755.661, time = 0.863 s
383/1000, sim loss = 548.659, time = 0.290 s
384/1000, rel loss = 21650.830, time = 0.867 s
385/1000, sim loss = 548.537, time = 0.292 s
386/1000, rel loss = 21581.864, time = 0.863 s
387/1000, sim loss = 548.415, time = 0.294 s
388/1000, rel loss = 21451.323, time = 0.876 s
389/1000, sim loss = 548.294, time = 0.294 s
390/1000, rel loss = 21413.868, time = 0.865 s
391/1000, sim loss = 548.169, time = 0.293 s
392/1000, rel loss = 21271.903, time = 0.868 s
393/1000, sim loss = 548.054, time = 0.290 s
394/1000, rel loss = 21219.026, time = 0.864 s
395/1000, sim loss = 547.938, time = 0.292 s
396/1000, rel loss = 21138.961, time = 0.880 s
397/1000, sim loss = 547.818, time = 0.292 s
398/1000, rel loss = 21018.863, time = 0.869 s
399/1000, sim loss = 547.708, time = 0.291 s
400/1000, rel loss = 20952.932, time = 0.866 s
X-EN: acc of top [1, 10, 50, 100] = [ 0.1846  0.4904  0.7791  0.8676], mean = 116.009, mrr = 0.288, time = 5.663 s 
EN-X: acc of top [1, 10, 50, 100] = [ 0.2003  0.4863  0.7787  0.8694], mean = 126.948, mrr = 0.297, time = 5.657 s 
401/1000, sim loss = 547.589, time = 0.294 s
402/1000, rel loss = 20862.314, time = 0.871 s
403/1000, sim loss = 547.478, time = 0.291 s
404/1000, rel loss = 20811.688, time = 0.873 s
405/1000, sim loss = 547.365, time = 0.292 s
406/1000, rel loss = 20703.513, time = 0.869 s
407/1000, sim loss = 547.257, time = 0.293 s
408/1000, rel loss = 20626.036, time = 0.869 s
409/1000, sim loss = 547.149, time = 0.294 s
410/1000, rel loss = 20529.927, time = 0.868 s
411/1000, sim loss = 547.039, time = 0.291 s
412/1000, rel loss = 20486.498, time = 0.874 s
413/1000, sim loss = 546.928, time = 0.292 s
414/1000, rel loss = 20384.679, time = 0.870 s
415/1000, sim loss = 546.828, time = 0.293 s
416/1000, rel loss = 20350.029, time = 0.877 s
417/1000, sim loss = 546.722, time = 0.291 s
418/1000, rel loss = 20244.906, time = 0.854 s
419/1000, sim loss = 546.621, time = 0.294 s
420/1000, rel loss = 20188.848, time = 0.864 s
421/1000, sim loss = 546.522, time = 0.293 s
422/1000, rel loss = 20084.913, time = 0.867 s
423/1000, sim loss = 546.427, time = 0.296 s
424/1000, rel loss = 20025.342, time = 0.869 s
425/1000, sim loss = 546.323, time = 0.293 s
426/1000, rel loss = 19940.456, time = 0.869 s
427/1000, sim loss = 546.220, time = 0.292 s
428/1000, rel loss = 19882.236, time = 0.869 s
429/1000, sim loss = 546.121, time = 0.291 s
430/1000, rel loss = 19773.975, time = 0.873 s
431/1000, sim loss = 546.023, time = 0.296 s
432/1000, rel loss = 19720.234, time = 0.869 s
433/1000, sim loss = 545.925, time = 0.291 s
434/1000, rel loss = 19659.467, time = 0.868 s
435/1000, sim loss = 545.828, time = 0.294 s
436/1000, rel loss = 19587.773, time = 0.864 s
437/1000, sim loss = 545.738, time = 0.291 s
438/1000, rel loss = 19470.117, time = 0.870 s
439/1000, sim loss = 545.646, time = 0.291 s
440/1000, rel loss = 19439.728, time = 0.871 s
441/1000, sim loss = 545.552, time = 0.293 s
442/1000, rel loss = 19343.854, time = 0.882 s
443/1000, sim loss = 545.463, time = 0.300 s
444/1000, rel loss = 19316.169, time = 0.890 s
445/1000, sim loss = 545.374, time = 0.297 s
446/1000, rel loss = 19226.743, time = 0.881 s
447/1000, sim loss = 545.279, time = 0.293 s
448/1000, rel loss = 19163.605, time = 0.867 s
449/1000, sim loss = 545.190, time = 0.291 s
450/1000, rel loss = 19049.795, time = 0.871 s
451/1000, sim loss = 545.107, time = 0.291 s
452/1000, rel loss = 19027.035, time = 0.872 s
453/1000, sim loss = 545.016, time = 0.293 s
454/1000, rel loss = 18968.543, time = 0.867 s
455/1000, sim loss = 544.928, time = 0.293 s
456/1000, rel loss = 18852.438, time = 0.868 s
457/1000, sim loss = 544.843, time = 0.294 s
458/1000, rel loss = 18790.948, time = 0.867 s
459/1000, sim loss = 544.756, time = 0.291 s
460/1000, rel loss = 18754.343, time = 0.857 s
461/1000, sim loss = 544.672, time = 0.291 s
462/1000, rel loss = 18665.381, time = 0.867 s
463/1000, sim loss = 544.590, time = 0.291 s
464/1000, rel loss = 18638.496, time = 0.872 s
465/1000, sim loss = 544.503, time = 0.291 s
466/1000, rel loss = 18568.110, time = 0.870 s
467/1000, sim loss = 544.418, time = 0.292 s
468/1000, rel loss = 18496.505, time = 0.873 s
469/1000, sim loss = 544.337, time = 0.294 s
470/1000, rel loss = 18445.906, time = 0.863 s
471/1000, sim loss = 544.254, time = 0.294 s
472/1000, rel loss = 18361.755, time = 0.866 s
473/1000, sim loss = 544.171, time = 0.295 s
474/1000, rel loss = 18306.569, time = 0.866 s
475/1000, sim loss = 544.094, time = 0.293 s
476/1000, rel loss = 18223.958, time = 0.866 s
477/1000, sim loss = 544.013, time = 0.292 s
478/1000, rel loss = 18185.685, time = 0.877 s
479/1000, sim loss = 543.931, time = 0.292 s
480/1000, rel loss = 18129.773, time = 0.867 s
481/1000, sim loss = 543.856, time = 0.294 s
482/1000, rel loss = 18079.704, time = 0.870 s
483/1000, sim loss = 543.778, time = 0.293 s
484/1000, rel loss = 17991.867, time = 0.864 s
485/1000, sim loss = 543.700, time = 0.292 s
486/1000, rel loss = 17961.506, time = 0.868 s
487/1000, sim loss = 543.625, time = 0.293 s
488/1000, rel loss = 17903.480, time = 0.875 s
489/1000, sim loss = 543.545, time = 0.292 s
490/1000, rel loss = 17804.061, time = 0.869 s
491/1000, sim loss = 543.471, time = 0.293 s
492/1000, rel loss = 17755.732, time = 0.872 s
493/1000, sim loss = 543.397, time = 0.295 s
494/1000, rel loss = 17709.914, time = 0.870 s
495/1000, sim loss = 543.324, time = 0.294 s
496/1000, rel loss = 17676.795, time = 0.869 s
497/1000, sim loss = 543.250, time = 0.294 s
498/1000, rel loss = 17593.634, time = 0.868 s
499/1000, sim loss = 543.175, time = 0.293 s
500/1000, rel loss = 17496.823, time = 0.867 s
X-EN: acc of top [1, 10, 50, 100] = [ 0.1898  0.5013  0.7926  0.8801], mean = 101.858, mrr = 0.293, time = 5.670 s 
EN-X: acc of top [1, 10, 50, 100] = [ 0.2081  0.4975  0.7937  0.881 ], mean = 114.362, mrr = 0.306, time = 5.660 s 
501/1000, sim loss = 543.105, time = 0.293 s
502/1000, rel loss = 17523.442, time = 0.872 s
503/1000, sim loss = 543.030, time = 0.294 s
504/1000, rel loss = 17437.365, time = 0.862 s
505/1000, sim loss = 542.955, time = 0.294 s
506/1000, rel loss = 17398.451, time = 0.871 s
507/1000, sim loss = 542.878, time = 0.293 s
508/1000, rel loss = 17334.103, time = 0.865 s
509/1000, sim loss = 542.803, time = 0.293 s
510/1000, rel loss = 17255.802, time = 0.863 s
511/1000, sim loss = 542.736, time = 0.292 s
512/1000, rel loss = 17240.237, time = 0.873 s
513/1000, sim loss = 542.669, time = 0.293 s
514/1000, rel loss = 17173.313, time = 0.865 s
515/1000, sim loss = 542.596, time = 0.291 s
516/1000, rel loss = 17154.954, time = 0.867 s
517/1000, sim loss = 542.529, time = 0.292 s
518/1000, rel loss = 17097.040, time = 0.872 s
519/1000, sim loss = 542.464, time = 0.293 s
520/1000, rel loss = 17024.135, time = 0.867 s
521/1000, sim loss = 542.398, time = 0.293 s
522/1000, rel loss = 16959.306, time = 0.866 s
523/1000, sim loss = 542.332, time = 0.297 s
524/1000, rel loss = 16948.412, time = 0.867 s
525/1000, sim loss = 542.264, time = 0.297 s
526/1000, rel loss = 16865.542, time = 0.869 s
527/1000, sim loss = 542.199, time = 0.293 s
528/1000, rel loss = 16795.226, time = 0.862 s
529/1000, sim loss = 542.138, time = 0.291 s
530/1000, rel loss = 16764.516, time = 0.873 s
531/1000, sim loss = 542.076, time = 0.296 s
532/1000, rel loss = 16708.328, time = 0.862 s
533/1000, sim loss = 542.016, time = 0.292 s
534/1000, rel loss = 16682.675, time = 0.876 s
535/1000, sim loss = 541.956, time = 0.294 s
536/1000, rel loss = 16599.538, time = 0.872 s
537/1000, sim loss = 541.887, time = 0.297 s
538/1000, rel loss = 16593.562, time = 0.866 s
539/1000, sim loss = 541.822, time = 0.296 s
540/1000, rel loss = 16540.578, time = 0.871 s
541/1000, sim loss = 541.758, time = 0.291 s
542/1000, rel loss = 16457.517, time = 0.872 s
543/1000, sim loss = 541.696, time = 0.294 s
544/1000, rel loss = 16412.965, time = 0.864 s
545/1000, sim loss = 541.632, time = 0.292 s
546/1000, rel loss = 16371.609, time = 0.876 s
547/1000, sim loss = 541.568, time = 0.293 s
548/1000, rel loss = 16309.570, time = 0.873 s
549/1000, sim loss = 541.508, time = 0.294 s
550/1000, rel loss = 16268.691, time = 0.869 s
551/1000, sim loss = 541.450, time = 0.291 s
552/1000, rel loss = 16251.083, time = 0.874 s
553/1000, sim loss = 541.394, time = 0.293 s
554/1000, rel loss = 16194.786, time = 0.868 s
555/1000, sim loss = 541.330, time = 0.293 s
556/1000, rel loss = 16168.865, time = 0.873 s
557/1000, sim loss = 541.274, time = 0.293 s
558/1000, rel loss = 16120.437, time = 0.866 s
559/1000, sim loss = 541.217, time = 0.293 s
560/1000, rel loss = 16028.727, time = 0.876 s
561/1000, sim loss = 541.160, time = 0.297 s
562/1000, rel loss = 16048.279, time = 0.871 s
563/1000, sim loss = 541.103, time = 0.295 s
564/1000, rel loss = 15984.452, time = 0.867 s
565/1000, sim loss = 541.045, time = 0.293 s
566/1000, rel loss = 15947.136, time = 0.868 s
567/1000, sim loss = 540.985, time = 0.293 s
568/1000, rel loss = 15893.063, time = 0.870 s
569/1000, sim loss = 540.929, time = 0.294 s
570/1000, rel loss = 15851.974, time = 0.871 s
571/1000, sim loss = 540.869, time = 0.294 s
572/1000, rel loss = 15783.061, time = 0.875 s
573/1000, sim loss = 540.816, time = 0.292 s
574/1000, rel loss = 15757.940, time = 0.867 s
575/1000, sim loss = 540.758, time = 0.297 s
576/1000, rel loss = 15694.038, time = 0.872 s
577/1000, sim loss = 540.706, time = 0.292 s
578/1000, rel loss = 15635.585, time = 0.872 s
579/1000, sim loss = 540.653, time = 0.293 s
580/1000, rel loss = 15600.866, time = 0.867 s
581/1000, sim loss = 540.601, time = 0.290 s
582/1000, rel loss = 15555.892, time = 0.866 s
583/1000, sim loss = 540.550, time = 0.293 s
584/1000, rel loss = 15550.921, time = 0.869 s
585/1000, sim loss = 540.498, time = 0.293 s
586/1000, rel loss = 15480.044, time = 0.873 s
587/1000, sim loss = 540.441, time = 0.294 s
588/1000, rel loss = 15434.684, time = 0.872 s
589/1000, sim loss = 540.389, time = 0.293 s
590/1000, rel loss = 15385.763, time = 0.874 s
591/1000, sim loss = 540.333, time = 0.294 s
592/1000, rel loss = 15396.536, time = 0.868 s
593/1000, sim loss = 540.282, time = 0.294 s
594/1000, rel loss = 15338.915, time = 0.874 s
595/1000, sim loss = 540.231, time = 0.293 s
596/1000, rel loss = 15291.323, time = 0.870 s
597/1000, sim loss = 540.179, time = 0.295 s
598/1000, rel loss = 15267.481, time = 0.867 s
599/1000, sim loss = 540.126, time = 0.292 s
600/1000, rel loss = 15188.483, time = 0.868 s
X-EN: acc of top [1, 10, 50, 100] = [ 0.1947  0.5026  0.7971  0.8849], mean = 94.428, mrr = 0.296, time = 5.681 s 
EN-X: acc of top [1, 10, 50, 100] = [ 0.2096  0.5031  0.799   0.8869], mean = 107.512, mrr = 0.309, time = 5.669 s 
601/1000, sim loss = 540.076, time = 0.291 s
602/1000, rel loss = 15200.094, time = 0.868 s
603/1000, sim loss = 540.025, time = 0.292 s
604/1000, rel loss = 15109.127, time = 0.863 s
605/1000, sim loss = 539.973, time = 0.294 s
606/1000, rel loss = 15068.398, time = 0.867 s
607/1000, sim loss = 539.920, time = 0.294 s
608/1000, rel loss = 15016.468, time = 0.864 s
609/1000, sim loss = 539.873, time = 0.290 s
610/1000, rel loss = 15014.970, time = 0.874 s
611/1000, sim loss = 539.823, time = 0.293 s
612/1000, rel loss = 14966.538, time = 0.868 s
613/1000, sim loss = 539.780, time = 0.293 s
614/1000, rel loss = 14941.504, time = 0.867 s
615/1000, sim loss = 539.732, time = 0.293 s
616/1000, rel loss = 14894.956, time = 0.870 s
617/1000, sim loss = 539.686, time = 0.291 s
618/1000, rel loss = 14896.547, time = 0.868 s
619/1000, sim loss = 539.640, time = 0.293 s
620/1000, rel loss = 14853.015, time = 0.870 s
621/1000, sim loss = 539.592, time = 0.296 s
622/1000, rel loss = 14785.512, time = 0.861 s
623/1000, sim loss = 539.541, time = 0.293 s
624/1000, rel loss = 14775.235, time = 0.872 s
625/1000, sim loss = 539.493, time = 0.292 s
626/1000, rel loss = 14764.902, time = 0.862 s
627/1000, sim loss = 539.447, time = 0.292 s
628/1000, rel loss = 14695.652, time = 0.865 s
629/1000, sim loss = 539.403, time = 0.294 s
630/1000, rel loss = 14633.227, time = 0.863 s
631/1000, sim loss = 539.355, time = 0.292 s
632/1000, rel loss = 14607.914, time = 0.867 s
633/1000, sim loss = 539.312, time = 0.294 s
634/1000, rel loss = 14566.053, time = 0.866 s
635/1000, sim loss = 539.264, time = 0.293 s
636/1000, rel loss = 14541.613, time = 0.864 s
637/1000, sim loss = 539.216, time = 0.294 s
638/1000, rel loss = 14521.946, time = 0.871 s
639/1000, sim loss = 539.165, time = 0.292 s
640/1000, rel loss = 14458.637, time = 0.870 s
641/1000, sim loss = 539.122, time = 0.296 s
642/1000, rel loss = 14409.072, time = 0.871 s
643/1000, sim loss = 539.070, time = 0.295 s
644/1000, rel loss = 14397.279, time = 0.864 s
645/1000, sim loss = 539.021, time = 0.294 s
646/1000, rel loss = 14381.687, time = 0.865 s
647/1000, sim loss = 538.977, time = 0.293 s
648/1000, rel loss = 14348.213, time = 0.867 s
649/1000, sim loss = 538.930, time = 0.292 s
650/1000, rel loss = 14290.820, time = 0.861 s
651/1000, sim loss = 538.888, time = 0.294 s
652/1000, rel loss = 14271.695, time = 0.860 s
653/1000, sim loss = 538.846, time = 0.292 s
654/1000, rel loss = 14261.140, time = 0.865 s
655/1000, sim loss = 538.807, time = 0.292 s
656/1000, rel loss = 14209.091, time = 0.875 s
657/1000, sim loss = 538.763, time = 0.293 s
658/1000, rel loss = 14192.483, time = 0.871 s
659/1000, sim loss = 538.719, time = 0.292 s
660/1000, rel loss = 14147.504, time = 0.862 s
661/1000, sim loss = 538.670, time = 0.292 s
662/1000, rel loss = 14122.281, time = 0.868 s
663/1000, sim loss = 538.631, time = 0.293 s
664/1000, rel loss = 14080.266, time = 0.869 s
665/1000, sim loss = 538.581, time = 0.297 s
666/1000, rel loss = 14025.257, time = 0.866 s
667/1000, sim loss = 538.540, time = 0.292 s
668/1000, rel loss = 14037.325, time = 0.867 s
669/1000, sim loss = 538.497, time = 0.293 s
670/1000, rel loss = 13973.216, time = 0.861 s
671/1000, sim loss = 538.454, time = 0.295 s
672/1000, rel loss = 13981.530, time = 0.871 s
673/1000, sim loss = 538.417, time = 0.295 s
674/1000, rel loss = 13910.200, time = 0.864 s
675/1000, sim loss = 538.373, time = 0.294 s
676/1000, rel loss = 13940.206, time = 0.873 s
677/1000, sim loss = 538.338, time = 0.291 s
678/1000, rel loss = 13880.972, time = 0.877 s
679/1000, sim loss = 538.300, time = 0.292 s
680/1000, rel loss = 13810.131, time = 0.865 s
681/1000, sim loss = 538.263, time = 0.294 s
682/1000, rel loss = 13824.690, time = 0.864 s
683/1000, sim loss = 538.226, time = 0.294 s
684/1000, rel loss = 13764.211, time = 0.866 s
685/1000, sim loss = 538.190, time = 0.293 s
686/1000, rel loss = 13749.885, time = 0.860 s
687/1000, sim loss = 538.146, time = 0.292 s
688/1000, rel loss = 13753.934, time = 0.867 s
689/1000, sim loss = 538.111, time = 0.292 s
690/1000, rel loss = 13721.770, time = 0.868 s
691/1000, sim loss = 538.076, time = 0.292 s
692/1000, rel loss = 13670.980, time = 0.863 s
693/1000, sim loss = 538.036, time = 0.292 s
694/1000, rel loss = 13620.666, time = 0.874 s
695/1000, sim loss = 537.998, time = 0.291 s
696/1000, rel loss = 13629.056, time = 0.864 s
697/1000, sim loss = 537.962, time = 0.291 s
698/1000, rel loss = 13572.983, time = 0.866 s
699/1000, sim loss = 537.923, time = 0.291 s
700/1000, rel loss = 13547.289, time = 0.862 s
X-EN: acc of top [1, 10, 50, 100] = [ 0.1903  0.501   0.8001  0.8867], mean = 90.158, mrr = 0.295, time = 5.672 s 
EN-X: acc of top [1, 10, 50, 100] = [ 0.2119  0.5064  0.8028  0.8916], mean = 103.452, mrr = 0.310, time = 5.671 s 
701/1000, sim loss = 537.892, time = 0.295 s
702/1000, rel loss = 13495.854, time = 0.872 s
703/1000, sim loss = 537.856, time = 0.293 s
704/1000, rel loss = 13501.993, time = 0.868 s
705/1000, sim loss = 537.825, time = 0.295 s
706/1000, rel loss = 13465.984, time = 0.864 s
707/1000, sim loss = 537.791, time = 0.295 s
708/1000, rel loss = 13422.593, time = 0.875 s
709/1000, sim loss = 537.755, time = 0.293 s
710/1000, rel loss = 13378.438, time = 0.862 s
711/1000, sim loss = 537.718, time = 0.293 s
712/1000, rel loss = 13360.371, time = 0.866 s
713/1000, sim loss = 537.684, time = 0.292 s
714/1000, rel loss = 13372.911, time = 0.869 s
715/1000, sim loss = 537.644, time = 0.293 s
716/1000, rel loss = 13314.366, time = 0.865 s
717/1000, sim loss = 537.610, time = 0.294 s
718/1000, rel loss = 13317.346, time = 0.868 s
719/1000, sim loss = 537.573, time = 0.294 s
720/1000, rel loss = 13233.551, time = 0.865 s
721/1000, sim loss = 537.537, time = 0.290 s
722/1000, rel loss = 13218.460, time = 0.871 s
723/1000, sim loss = 537.499, time = 0.295 s
724/1000, rel loss = 13172.514, time = 0.866 s
725/1000, sim loss = 537.464, time = 0.291 s
726/1000, rel loss = 13194.265, time = 0.866 s
727/1000, sim loss = 537.425, time = 0.295 s
728/1000, rel loss = 13173.252, time = 0.868 s
729/1000, sim loss = 537.392, time = 0.290 s
730/1000, rel loss = 13115.540, time = 0.864 s
731/1000, sim loss = 537.358, time = 0.295 s
732/1000, rel loss = 13103.498, time = 0.870 s
733/1000, sim loss = 537.320, time = 0.295 s
734/1000, rel loss = 13041.032, time = 0.871 s
735/1000, sim loss = 537.289, time = 0.297 s
736/1000, rel loss = 13022.878, time = 0.865 s
737/1000, sim loss = 537.257, time = 0.292 s
738/1000, rel loss = 13026.880, time = 0.867 s
739/1000, sim loss = 537.223, time = 0.293 s
740/1000, rel loss = 12981.371, time = 0.866 s
741/1000, sim loss = 537.188, time = 0.292 s
742/1000, rel loss = 12970.974, time = 0.864 s
743/1000, sim loss = 537.156, time = 0.293 s
744/1000, rel loss = 12973.480, time = 0.868 s
745/1000, sim loss = 537.119, time = 0.294 s
746/1000, rel loss = 12913.572, time = 0.872 s
747/1000, sim loss = 537.090, time = 0.294 s
748/1000, rel loss = 12901.758, time = 0.869 s
749/1000, sim loss = 537.061, time = 0.293 s
750/1000, rel loss = 12863.736, time = 0.870 s
751/1000, sim loss = 537.031, time = 0.293 s
752/1000, rel loss = 12836.575, time = 0.870 s
753/1000, sim loss = 537.003, time = 0.293 s
754/1000, rel loss = 12835.440, time = 0.873 s
755/1000, sim loss = 536.970, time = 0.296 s
756/1000, rel loss = 12779.878, time = 0.865 s
757/1000, sim loss = 536.934, time = 0.293 s
758/1000, rel loss = 12744.376, time = 0.867 s
759/1000, sim loss = 536.904, time = 0.291 s
760/1000, rel loss = 12728.914, time = 0.870 s
761/1000, sim loss = 536.875, time = 0.293 s
762/1000, rel loss = 12706.235, time = 0.868 s
763/1000, sim loss = 536.849, time = 0.292 s
764/1000, rel loss = 12673.733, time = 0.874 s
765/1000, sim loss = 536.812, time = 0.291 s
766/1000, rel loss = 12667.296, time = 0.860 s
767/1000, sim loss = 536.781, time = 0.294 s
768/1000, rel loss = 12591.802, time = 0.866 s
769/1000, sim loss = 536.750, time = 0.295 s
770/1000, rel loss = 12615.020, time = 0.865 s
771/1000, sim loss = 536.719, time = 0.292 s
772/1000, rel loss = 12575.805, time = 0.871 s
773/1000, sim loss = 536.684, time = 0.292 s
774/1000, rel loss = 12566.640, time = 0.873 s
775/1000, sim loss = 536.656, time = 0.293 s
776/1000, rel loss = 12537.990, time = 0.871 s
777/1000, sim loss = 536.629, time = 0.292 s
778/1000, rel loss = 12531.659, time = 0.863 s
779/1000, sim loss = 536.597, time = 0.292 s
780/1000, rel loss = 12489.109, time = 0.869 s
781/1000, sim loss = 536.565, time = 0.293 s
782/1000, rel loss = 12436.364, time = 0.867 s
783/1000, sim loss = 536.538, time = 0.294 s
784/1000, rel loss = 12442.601, time = 0.862 s
785/1000, sim loss = 536.506, time = 0.292 s
786/1000, rel loss = 12385.912, time = 0.871 s
787/1000, sim loss = 536.477, time = 0.292 s
788/1000, rel loss = 12380.235, time = 0.862 s
789/1000, sim loss = 536.448, time = 0.294 s
790/1000, rel loss = 12354.113, time = 0.863 s
791/1000, sim loss = 536.421, time = 0.291 s
792/1000, rel loss = 12364.865, time = 0.861 s
793/1000, sim loss = 536.392, time = 0.292 s
794/1000, rel loss = 12305.878, time = 0.861 s
795/1000, sim loss = 536.362, time = 0.294 s
796/1000, rel loss = 12280.592, time = 0.871 s
797/1000, sim loss = 536.336, time = 0.293 s
798/1000, rel loss = 12262.896, time = 0.868 s
799/1000, sim loss = 536.304, time = 0.292 s
800/1000, rel loss = 12281.265, time = 0.862 s
X-EN: acc of top [1, 10, 50, 100] = [ 0.1928  0.4995  0.7977  0.888 ], mean = 88.362, mrr = 0.295, time = 5.676 s 
EN-X: acc of top [1, 10, 50, 100] = [ 0.2109  0.5069  0.8027  0.891 ], mean = 101.406, mrr = 0.310, time = 5.668 s 
early stop
save embeddings...
time:534.841 s

625s
