**********************./dbp_wd_15k_V1***********************
neg param 0.1 ; split ; sim param 0.05 ; inner sim param 0.05
ents: 15000 + 5028 = 15000
ents: 15000 + 5976 = 15000
all ents: 25500
all rels: 253 144 397
all triples: 38421 + 40159 = 78580
To align: 10500
sparse sim mat to sparse tensor
sparse sim mat to sparse tensor
sparse sim mat to sparse tensor
0/1000, rel loss = 183494.728, time = 0.970 s
1/1000, sim loss = 837.569, time = 1.602 s
2/1000, rel loss = 166766.105, time = 0.872 s
3/1000, sim loss = 829.501, time = 0.402 s
4/1000, rel loss = 156641.000, time = 0.878 s
5/1000, sim loss = 821.687, time = 0.396 s
6/1000, rel loss = 149048.396, time = 0.876 s
7/1000, sim loss = 814.199, time = 0.394 s
8/1000, rel loss = 142490.143, time = 0.879 s
9/1000, sim loss = 807.024, time = 0.405 s
10/1000, rel loss = 137028.868, time = 0.878 s
11/1000, sim loss = 800.053, time = 0.402 s
12/1000, rel loss = 132201.557, time = 0.876 s
13/1000, sim loss = 793.403, time = 0.392 s
14/1000, rel loss = 127812.017, time = 0.880 s
15/1000, sim loss = 786.887, time = 0.394 s
16/1000, rel loss = 123951.788, time = 0.882 s
17/1000, sim loss = 780.583, time = 0.395 s
18/1000, rel loss = 120342.683, time = 0.875 s
19/1000, sim loss = 774.512, time = 0.395 s
20/1000, rel loss = 116994.535, time = 0.885 s
21/1000, sim loss = 768.688, time = 0.414 s
22/1000, rel loss = 113946.473, time = 0.880 s
23/1000, sim loss = 763.027, time = 0.395 s
24/1000, rel loss = 110950.384, time = 0.876 s
25/1000, sim loss = 757.571, time = 0.398 s
26/1000, rel loss = 108351.800, time = 0.878 s
27/1000, sim loss = 752.279, time = 0.394 s
28/1000, rel loss = 105772.251, time = 0.876 s
29/1000, sim loss = 747.167, time = 0.391 s
30/1000, rel loss = 103484.486, time = 0.884 s
31/1000, sim loss = 742.146, time = 0.400 s
32/1000, rel loss = 101166.071, time = 0.877 s
33/1000, sim loss = 737.388, time = 0.393 s
34/1000, rel loss = 99021.006, time = 0.877 s
35/1000, sim loss = 732.750, time = 0.406 s
36/1000, rel loss = 97055.422, time = 0.883 s
37/1000, sim loss = 728.237, time = 0.392 s
38/1000, rel loss = 94961.505, time = 0.884 s
39/1000, sim loss = 723.818, time = 0.396 s
40/1000, rel loss = 93236.081, time = 0.882 s
41/1000, sim loss = 719.651, time = 0.415 s
42/1000, rel loss = 91451.678, time = 0.883 s
43/1000, sim loss = 715.529, time = 0.391 s
44/1000, rel loss = 89750.282, time = 0.875 s
45/1000, sim loss = 711.499, time = 0.396 s
46/1000, rel loss = 88218.587, time = 0.878 s
47/1000, sim loss = 707.564, time = 0.395 s
48/1000, rel loss = 86613.733, time = 0.879 s
49/1000, sim loss = 703.773, time = 0.390 s
50/1000, rel loss = 85082.647, time = 0.880 s
51/1000, sim loss = 700.065, time = 0.392 s
52/1000, rel loss = 83790.335, time = 0.881 s
53/1000, sim loss = 696.451, time = 0.398 s
54/1000, rel loss = 82249.149, time = 0.885 s
55/1000, sim loss = 692.966, time = 0.397 s
56/1000, rel loss = 80988.312, time = 0.879 s
57/1000, sim loss = 689.464, time = 0.395 s
58/1000, rel loss = 79627.023, time = 0.883 s
59/1000, sim loss = 686.161, time = 0.403 s
60/1000, rel loss = 78464.043, time = 0.881 s
61/1000, sim loss = 682.895, time = 0.397 s
62/1000, rel loss = 77325.362, time = 0.884 s
63/1000, sim loss = 679.714, time = 0.396 s
64/1000, rel loss = 76171.186, time = 0.874 s
65/1000, sim loss = 676.642, time = 0.406 s
66/1000, rel loss = 74982.262, time = 0.875 s
67/1000, sim loss = 673.536, time = 0.412 s
68/1000, rel loss = 73994.230, time = 0.874 s
69/1000, sim loss = 670.557, time = 0.392 s
70/1000, rel loss = 73009.712, time = 0.874 s
71/1000, sim loss = 667.631, time = 0.412 s
72/1000, rel loss = 71956.445, time = 0.883 s
73/1000, sim loss = 664.829, time = 0.395 s
74/1000, rel loss = 70932.300, time = 0.885 s
75/1000, sim loss = 662.061, time = 0.395 s
76/1000, rel loss = 70021.588, time = 0.881 s
77/1000, sim loss = 659.345, time = 0.424 s
78/1000, rel loss = 69072.498, time = 0.880 s
79/1000, sim loss = 656.716, time = 0.402 s
80/1000, rel loss = 68262.073, time = 0.880 s
81/1000, sim loss = 654.128, time = 0.414 s
82/1000, rel loss = 67382.927, time = 0.878 s
83/1000, sim loss = 651.578, time = 0.394 s
84/1000, rel loss = 66502.011, time = 0.878 s
85/1000, sim loss = 649.114, time = 0.388 s
86/1000, rel loss = 65766.799, time = 0.887 s
87/1000, sim loss = 646.639, time = 0.409 s
88/1000, rel loss = 64924.030, time = 0.878 s
89/1000, sim loss = 644.237, time = 0.410 s
90/1000, rel loss = 64114.416, time = 0.878 s
91/1000, sim loss = 641.880, time = 0.401 s
92/1000, rel loss = 63447.010, time = 0.881 s
93/1000, sim loss = 639.576, time = 0.409 s
94/1000, rel loss = 62702.635, time = 0.889 s
95/1000, sim loss = 637.291, time = 0.406 s
96/1000, rel loss = 61928.174, time = 0.875 s
97/1000, sim loss = 635.079, time = 0.400 s
98/1000, rel loss = 61203.405, time = 0.884 s
99/1000, sim loss = 633.001, time = 0.399 s
100/1000, rel loss = 60632.171, time = 0.875 s
101/1000, sim loss = 630.871, time = 0.422 s
102/1000, rel loss = 59854.055, time = 0.882 s
103/1000, sim loss = 628.777, time = 0.400 s
104/1000, rel loss = 59287.063, time = 0.880 s
105/1000, sim loss = 626.663, time = 0.406 s
106/1000, rel loss = 58548.754, time = 0.881 s
107/1000, sim loss = 624.678, time = 0.405 s
108/1000, rel loss = 58044.448, time = 0.877 s
109/1000, sim loss = 622.649, time = 0.401 s
110/1000, rel loss = 57342.114, time = 0.883 s
111/1000, sim loss = 620.797, time = 0.391 s
112/1000, rel loss = 56795.775, time = 0.887 s
113/1000, sim loss = 618.847, time = 0.407 s
114/1000, rel loss = 56258.056, time = 0.896 s
115/1000, sim loss = 616.952, time = 0.418 s
116/1000, rel loss = 55715.012, time = 0.954 s
117/1000, sim loss = 615.168, time = 0.413 s
118/1000, rel loss = 55034.668, time = 0.909 s
119/1000, sim loss = 613.384, time = 0.409 s
120/1000, rel loss = 54570.421, time = 0.897 s
121/1000, sim loss = 611.575, time = 0.417 s
122/1000, rel loss = 54016.658, time = 0.899 s
123/1000, sim loss = 609.844, time = 0.414 s
124/1000, rel loss = 53533.228, time = 0.881 s
125/1000, sim loss = 608.092, time = 0.414 s
126/1000, rel loss = 52937.183, time = 0.885 s
127/1000, sim loss = 606.413, time = 0.392 s
128/1000, rel loss = 52569.474, time = 0.876 s
129/1000, sim loss = 604.772, time = 0.397 s
130/1000, rel loss = 52071.097, time = 0.879 s
131/1000, sim loss = 603.146, time = 0.398 s
132/1000, rel loss = 51553.430, time = 0.880 s
133/1000, sim loss = 601.627, time = 0.398 s
134/1000, rel loss = 51125.103, time = 0.878 s
135/1000, sim loss = 600.021, time = 0.392 s
136/1000, rel loss = 50659.080, time = 0.877 s
137/1000, sim loss = 598.515, time = 0.410 s
138/1000, rel loss = 50212.614, time = 0.883 s
139/1000, sim loss = 597.030, time = 0.402 s
140/1000, rel loss = 49757.602, time = 0.882 s
141/1000, sim loss = 595.582, time = 0.406 s
142/1000, rel loss = 49350.599, time = 0.877 s
143/1000, sim loss = 594.026, time = 0.406 s
144/1000, rel loss = 48882.837, time = 0.876 s
145/1000, sim loss = 592.632, time = 0.421 s
146/1000, rel loss = 48455.709, time = 0.881 s
147/1000, sim loss = 591.176, time = 0.396 s
148/1000, rel loss = 48071.927, time = 0.880 s
149/1000, sim loss = 589.726, time = 0.431 s
150/1000, rel loss = 47658.979, time = 0.879 s
151/1000, sim loss = 588.392, time = 0.405 s
152/1000, rel loss = 47286.798, time = 0.874 s
153/1000, sim loss = 586.963, time = 0.406 s
154/1000, rel loss = 46859.738, time = 0.881 s
155/1000, sim loss = 585.641, time = 0.400 s
156/1000, rel loss = 46532.266, time = 0.895 s
157/1000, sim loss = 584.354, time = 0.404 s
158/1000, rel loss = 46112.055, time = 0.909 s
159/1000, sim loss = 583.080, time = 0.399 s
160/1000, rel loss = 45751.877, time = 0.908 s
161/1000, sim loss = 581.812, time = 0.422 s
162/1000, rel loss = 45440.001, time = 0.902 s
163/1000, sim loss = 580.513, time = 0.416 s
164/1000, rel loss = 45043.935, time = 0.885 s
165/1000, sim loss = 579.259, time = 0.405 s
166/1000, rel loss = 44678.536, time = 0.902 s
167/1000, sim loss = 578.061, time = 0.397 s
168/1000, rel loss = 44330.665, time = 0.887 s
169/1000, sim loss = 576.902, time = 0.395 s
170/1000, rel loss = 44025.716, time = 0.887 s
171/1000, sim loss = 575.789, time = 0.400 s
172/1000, rel loss = 43669.888, time = 0.876 s
173/1000, sim loss = 574.575, time = 0.395 s
174/1000, rel loss = 43308.750, time = 0.876 s
175/1000, sim loss = 573.429, time = 0.402 s
176/1000, rel loss = 43031.128, time = 0.881 s
177/1000, sim loss = 572.355, time = 0.402 s
178/1000, rel loss = 42672.753, time = 0.881 s
179/1000, sim loss = 571.230, time = 0.397 s
180/1000, rel loss = 42415.705, time = 0.878 s
181/1000, sim loss = 570.133, time = 0.397 s
182/1000, rel loss = 42042.479, time = 0.877 s
183/1000, sim loss = 569.025, time = 0.408 s
184/1000, rel loss = 41745.376, time = 0.884 s
185/1000, sim loss = 567.997, time = 0.406 s
186/1000, rel loss = 41462.198, time = 0.884 s
187/1000, sim loss = 566.923, time = 0.410 s
188/1000, rel loss = 41185.607, time = 0.880 s
189/1000, sim loss = 565.858, time = 0.404 s
190/1000, rel loss = 40899.304, time = 0.875 s
191/1000, sim loss = 564.879, time = 0.395 s
192/1000, rel loss = 40617.192, time = 0.882 s
193/1000, sim loss = 563.838, time = 0.401 s
194/1000, rel loss = 40308.142, time = 0.877 s
195/1000, sim loss = 562.863, time = 0.393 s
196/1000, rel loss = 40051.203, time = 0.880 s
197/1000, sim loss = 561.951, time = 0.398 s
198/1000, rel loss = 39749.565, time = 0.894 s
199/1000, sim loss = 560.947, time = 0.402 s
200/1000, rel loss = 39503.147, time = 0.921 s
201/1000, sim loss = 560.067, time = 0.403 s
202/1000, rel loss = 39199.337, time = 0.903 s
203/1000, sim loss = 559.046, time = 0.410 s
204/1000, rel loss = 39043.751, time = 0.888 s
205/1000, sim loss = 558.140, time = 0.437 s
206/1000, rel loss = 38759.126, time = 0.900 s
207/1000, sim loss = 557.236, time = 0.420 s
208/1000, rel loss = 38507.828, time = 0.912 s
209/1000, sim loss = 556.315, time = 0.412 s
210/1000, rel loss = 38185.955, time = 0.926 s
211/1000, sim loss = 555.504, time = 0.420 s
212/1000, rel loss = 38020.789, time = 0.886 s
213/1000, sim loss = 554.595, time = 0.417 s
214/1000, rel loss = 37841.992, time = 0.900 s
215/1000, sim loss = 553.769, time = 0.396 s
216/1000, rel loss = 37533.156, time = 0.916 s
217/1000, sim loss = 552.868, time = 0.393 s
218/1000, rel loss = 37309.322, time = 0.920 s
219/1000, sim loss = 552.110, time = 0.399 s
220/1000, rel loss = 37044.574, time = 0.893 s
221/1000, sim loss = 551.269, time = 0.406 s
222/1000, rel loss = 36899.513, time = 0.889 s
223/1000, sim loss = 550.401, time = 0.406 s
224/1000, rel loss = 36635.139, time = 0.917 s
225/1000, sim loss = 549.624, time = 0.398 s
226/1000, rel loss = 36423.013, time = 0.903 s
227/1000, sim loss = 548.831, time = 0.403 s
228/1000, rel loss = 36217.919, time = 0.893 s
229/1000, sim loss = 548.045, time = 0.398 s
230/1000, rel loss = 36003.332, time = 0.894 s
231/1000, sim loss = 547.296, time = 0.401 s
232/1000, rel loss = 35721.465, time = 0.886 s
233/1000, sim loss = 546.596, time = 0.402 s
234/1000, rel loss = 35590.460, time = 0.886 s
235/1000, sim loss = 545.748, time = 0.396 s
236/1000, rel loss = 35323.617, time = 0.892 s
237/1000, sim loss = 545.011, time = 0.408 s
238/1000, rel loss = 35119.146, time = 0.900 s
239/1000, sim loss = 544.262, time = 0.408 s
240/1000, rel loss = 34891.387, time = 0.884 s
241/1000, sim loss = 543.508, time = 0.428 s
242/1000, rel loss = 34738.684, time = 0.891 s
243/1000, sim loss = 542.789, time = 0.401 s
244/1000, rel loss = 34511.942, time = 0.880 s
245/1000, sim loss = 542.076, time = 0.403 s
246/1000, rel loss = 34276.238, time = 0.899 s
247/1000, sim loss = 541.386, time = 0.413 s
248/1000, rel loss = 34176.587, time = 0.890 s
249/1000, sim loss = 540.677, time = 0.396 s
250/1000, rel loss = 33996.525, time = 0.910 s
251/1000, sim loss = 539.964, time = 0.396 s
252/1000, rel loss = 33790.245, time = 0.949 s
253/1000, sim loss = 539.345, time = 0.408 s
254/1000, rel loss = 33626.847, time = 0.879 s
255/1000, sim loss = 538.658, time = 0.395 s
256/1000, rel loss = 33404.857, time = 0.880 s
257/1000, sim loss = 538.023, time = 0.402 s
258/1000, rel loss = 33207.392, time = 0.879 s
259/1000, sim loss = 537.337, time = 0.411 s
260/1000, rel loss = 33104.516, time = 0.883 s
261/1000, sim loss = 536.730, time = 0.401 s
262/1000, rel loss = 32939.177, time = 0.878 s
263/1000, sim loss = 536.060, time = 0.404 s
264/1000, rel loss = 32692.503, time = 0.888 s
265/1000, sim loss = 535.434, time = 0.402 s
266/1000, rel loss = 32456.989, time = 0.886 s
267/1000, sim loss = 534.862, time = 0.396 s
268/1000, rel loss = 32370.553, time = 0.878 s
269/1000, sim loss = 534.188, time = 0.409 s
270/1000, rel loss = 32186.219, time = 0.882 s
271/1000, sim loss = 533.621, time = 0.415 s
272/1000, rel loss = 32072.840, time = 0.882 s
273/1000, sim loss = 533.023, time = 0.394 s
274/1000, rel loss = 31892.774, time = 0.875 s
275/1000, sim loss = 532.413, time = 0.394 s
276/1000, rel loss = 31733.181, time = 0.879 s
277/1000, sim loss = 531.835, time = 0.408 s
278/1000, rel loss = 31575.439, time = 0.885 s
279/1000, sim loss = 531.225, time = 0.401 s
280/1000, rel loss = 31430.460, time = 0.876 s
281/1000, sim loss = 530.690, time = 0.425 s
282/1000, rel loss = 31239.150, time = 0.880 s
283/1000, sim loss = 530.107, time = 0.420 s
284/1000, rel loss = 31142.221, time = 0.879 s
285/1000, sim loss = 529.537, time = 0.417 s
286/1000, rel loss = 30896.494, time = 0.883 s
287/1000, sim loss = 528.982, time = 0.406 s
288/1000, rel loss = 30751.430, time = 0.880 s
289/1000, sim loss = 528.467, time = 0.397 s
290/1000, rel loss = 30623.524, time = 0.881 s
291/1000, sim loss = 527.906, time = 0.394 s
292/1000, rel loss = 30476.858, time = 0.881 s
293/1000, sim loss = 527.385, time = 0.401 s
294/1000, rel loss = 30268.716, time = 0.877 s
295/1000, sim loss = 526.873, time = 0.395 s
296/1000, rel loss = 30168.541, time = 0.878 s
297/1000, sim loss = 526.357, time = 0.401 s
298/1000, rel loss = 30007.400, time = 0.885 s
299/1000, sim loss = 525.823, time = 0.408 s
300/1000, rel loss = 29904.516, time = 0.878 s
X-EN: acc of top [1, 10, 50, 100] = [ 0.1874  0.4405  0.6653  0.7518], mean = 234.781, mrr = 0.272, time = 5.638 s 
EN-X: acc of top [1, 10, 50, 100] = [ 0.2138  0.4432  0.6604  0.7493], mean = 238.484, mrr = 0.292, time = 5.649 s 
301/1000, sim loss = 525.312, time = 0.401 s
302/1000, rel loss = 29770.349, time = 0.877 s
303/1000, sim loss = 524.818, time = 0.397 s
304/1000, rel loss = 29717.294, time = 0.879 s
305/1000, sim loss = 524.309, time = 0.392 s
306/1000, rel loss = 29442.285, time = 0.882 s
307/1000, sim loss = 523.852, time = 0.402 s
308/1000, rel loss = 29323.153, time = 0.878 s
309/1000, sim loss = 523.349, time = 0.408 s
310/1000, rel loss = 29225.113, time = 0.880 s
311/1000, sim loss = 522.816, time = 0.408 s
312/1000, rel loss = 29137.015, time = 0.876 s
313/1000, sim loss = 522.357, time = 0.395 s
314/1000, rel loss = 28994.495, time = 0.881 s
315/1000, sim loss = 521.880, time = 0.406 s
316/1000, rel loss = 28810.159, time = 0.883 s
317/1000, sim loss = 521.432, time = 0.404 s
318/1000, rel loss = 28702.863, time = 0.879 s
319/1000, sim loss = 520.963, time = 0.395 s
320/1000, rel loss = 28566.417, time = 0.877 s
321/1000, sim loss = 520.539, time = 0.430 s
322/1000, rel loss = 28397.221, time = 0.885 s
323/1000, sim loss = 520.082, time = 0.397 s
324/1000, rel loss = 28329.074, time = 0.877 s
325/1000, sim loss = 519.636, time = 0.405 s
326/1000, rel loss = 28237.952, time = 0.881 s
327/1000, sim loss = 519.184, time = 0.399 s
328/1000, rel loss = 28122.868, time = 0.886 s
329/1000, sim loss = 518.761, time = 0.404 s
330/1000, rel loss = 27870.296, time = 0.876 s
331/1000, sim loss = 518.305, time = 0.409 s
332/1000, rel loss = 27839.365, time = 0.881 s
333/1000, sim loss = 517.884, time = 0.408 s
334/1000, rel loss = 27725.902, time = 0.877 s
335/1000, sim loss = 517.426, time = 0.396 s
336/1000, rel loss = 27564.572, time = 0.883 s
337/1000, sim loss = 517.005, time = 0.408 s
338/1000, rel loss = 27454.795, time = 0.877 s
339/1000, sim loss = 516.578, time = 0.400 s
340/1000, rel loss = 27350.921, time = 0.878 s
341/1000, sim loss = 516.179, time = 0.399 s
342/1000, rel loss = 27274.446, time = 0.874 s
343/1000, sim loss = 515.778, time = 0.402 s
344/1000, rel loss = 27114.231, time = 0.880 s
345/1000, sim loss = 515.357, time = 0.401 s
346/1000, rel loss = 27071.492, time = 0.880 s
347/1000, sim loss = 514.968, time = 0.414 s
348/1000, rel loss = 26901.879, time = 0.891 s
349/1000, sim loss = 514.576, time = 0.404 s
350/1000, rel loss = 26822.376, time = 0.878 s
351/1000, sim loss = 514.196, time = 0.405 s
352/1000, rel loss = 26697.825, time = 0.878 s
353/1000, sim loss = 513.774, time = 0.405 s
354/1000, rel loss = 26641.228, time = 0.882 s
355/1000, sim loss = 513.387, time = 0.411 s
356/1000, rel loss = 26441.122, time = 0.881 s
357/1000, sim loss = 512.996, time = 0.401 s
358/1000, rel loss = 26346.461, time = 0.875 s
359/1000, sim loss = 512.634, time = 0.404 s
360/1000, rel loss = 26297.002, time = 0.884 s
361/1000, sim loss = 512.244, time = 0.394 s
362/1000, rel loss = 26131.254, time = 0.874 s
363/1000, sim loss = 511.909, time = 0.401 s
364/1000, rel loss = 26065.956, time = 0.882 s
365/1000, sim loss = 511.527, time = 0.395 s
366/1000, rel loss = 25967.622, time = 0.882 s
367/1000, sim loss = 511.199, time = 0.404 s
368/1000, rel loss = 25912.348, time = 0.880 s
369/1000, sim loss = 510.842, time = 0.410 s
370/1000, rel loss = 25778.282, time = 0.879 s
371/1000, sim loss = 510.473, time = 0.394 s
372/1000, rel loss = 25648.615, time = 0.877 s
373/1000, sim loss = 510.116, time = 0.400 s
374/1000, rel loss = 25603.009, time = 0.878 s
375/1000, sim loss = 509.759, time = 0.400 s
376/1000, rel loss = 25490.493, time = 0.879 s
377/1000, sim loss = 509.390, time = 0.395 s
378/1000, rel loss = 25370.310, time = 0.881 s
379/1000, sim loss = 509.078, time = 0.400 s
380/1000, rel loss = 25249.177, time = 0.881 s
381/1000, sim loss = 508.746, time = 0.405 s
382/1000, rel loss = 25183.949, time = 0.876 s
383/1000, sim loss = 508.405, time = 0.416 s
384/1000, rel loss = 25079.310, time = 0.878 s
385/1000, sim loss = 508.058, time = 0.412 s
386/1000, rel loss = 24965.609, time = 0.877 s
387/1000, sim loss = 507.724, time = 0.424 s
388/1000, rel loss = 24862.436, time = 0.881 s
389/1000, sim loss = 507.382, time = 0.398 s
390/1000, rel loss = 24881.034, time = 0.876 s
391/1000, sim loss = 507.088, time = 0.403 s
392/1000, rel loss = 24675.925, time = 0.879 s
393/1000, sim loss = 506.758, time = 0.399 s
394/1000, rel loss = 24608.698, time = 0.877 s
395/1000, sim loss = 506.459, time = 0.405 s
396/1000, rel loss = 24598.347, time = 0.877 s
397/1000, sim loss = 506.113, time = 0.398 s
398/1000, rel loss = 24461.020, time = 0.882 s
399/1000, sim loss = 505.794, time = 0.403 s
400/1000, rel loss = 24336.352, time = 0.876 s
X-EN: acc of top [1, 10, 50, 100] = [ 0.2045  0.4752  0.708   0.7889], mean = 175.171, mrr = 0.294, time = 5.641 s 
EN-X: acc of top [1, 10, 50, 100] = [ 0.231   0.4828  0.7058  0.7852], mean = 175.931, mrr = 0.316, time = 5.652 s 
401/1000, sim loss = 505.506, time = 0.396 s
402/1000, rel loss = 24314.455, time = 0.881 s
403/1000, sim loss = 505.158, time = 0.397 s
404/1000, rel loss = 24190.910, time = 0.910 s
405/1000, sim loss = 504.871, time = 0.428 s
406/1000, rel loss = 24128.018, time = 0.907 s
407/1000, sim loss = 504.580, time = 0.409 s
408/1000, rel loss = 23962.741, time = 0.880 s
409/1000, sim loss = 504.276, time = 0.404 s
410/1000, rel loss = 23954.406, time = 0.885 s
411/1000, sim loss = 504.006, time = 0.408 s
412/1000, rel loss = 23843.211, time = 0.881 s
413/1000, sim loss = 503.697, time = 0.399 s
414/1000, rel loss = 23716.725, time = 0.880 s
415/1000, sim loss = 503.390, time = 0.397 s
416/1000, rel loss = 23738.184, time = 0.886 s
417/1000, sim loss = 503.109, time = 0.417 s
418/1000, rel loss = 23638.440, time = 0.884 s
419/1000, sim loss = 502.834, time = 0.414 s
420/1000, rel loss = 23476.962, time = 0.880 s
421/1000, sim loss = 502.558, time = 0.393 s
422/1000, rel loss = 23428.996, time = 0.882 s
423/1000, sim loss = 502.274, time = 0.397 s
424/1000, rel loss = 23392.346, time = 0.879 s
425/1000, sim loss = 502.002, time = 0.402 s
426/1000, rel loss = 23260.506, time = 0.883 s
427/1000, sim loss = 501.722, time = 0.407 s
428/1000, rel loss = 23197.330, time = 0.882 s
429/1000, sim loss = 501.437, time = 0.405 s
430/1000, rel loss = 23228.493, time = 0.881 s
431/1000, sim loss = 501.154, time = 0.415 s
432/1000, rel loss = 22960.760, time = 0.876 s
433/1000, sim loss = 500.911, time = 0.406 s
434/1000, rel loss = 22992.040, time = 0.881 s
435/1000, sim loss = 500.661, time = 0.412 s
436/1000, rel loss = 22930.908, time = 0.880 s
437/1000, sim loss = 500.446, time = 0.411 s
438/1000, rel loss = 22885.008, time = 0.881 s
439/1000, sim loss = 500.167, time = 0.396 s
440/1000, rel loss = 22813.434, time = 0.884 s
441/1000, sim loss = 499.907, time = 0.402 s
442/1000, rel loss = 22746.982, time = 0.877 s
443/1000, sim loss = 499.661, time = 0.395 s
444/1000, rel loss = 22591.444, time = 0.880 s
445/1000, sim loss = 499.393, time = 0.418 s
446/1000, rel loss = 22579.836, time = 0.881 s
447/1000, sim loss = 499.163, time = 0.412 s
448/1000, rel loss = 22511.197, time = 0.879 s
449/1000, sim loss = 498.895, time = 0.405 s
450/1000, rel loss = 22424.173, time = 0.877 s
451/1000, sim loss = 498.692, time = 0.403 s
452/1000, rel loss = 22349.308, time = 0.886 s
453/1000, sim loss = 498.414, time = 0.396 s
454/1000, rel loss = 22349.449, time = 0.877 s
455/1000, sim loss = 498.222, time = 0.406 s
456/1000, rel loss = 22281.160, time = 0.878 s
457/1000, sim loss = 497.949, time = 0.392 s
458/1000, rel loss = 22079.933, time = 0.887 s
459/1000, sim loss = 497.712, time = 0.402 s
460/1000, rel loss = 22042.861, time = 0.880 s
461/1000, sim loss = 497.459, time = 0.397 s
462/1000, rel loss = 22068.979, time = 0.884 s
463/1000, sim loss = 497.233, time = 0.401 s
464/1000, rel loss = 21994.948, time = 0.887 s
465/1000, sim loss = 496.994, time = 0.403 s
466/1000, rel loss = 21850.068, time = 0.877 s
467/1000, sim loss = 496.776, time = 0.396 s
468/1000, rel loss = 21833.069, time = 0.881 s
469/1000, sim loss = 496.527, time = 0.396 s
470/1000, rel loss = 21827.227, time = 0.881 s
471/1000, sim loss = 496.292, time = 0.405 s
472/1000, rel loss = 21688.233, time = 0.879 s
473/1000, sim loss = 496.080, time = 0.397 s
474/1000, rel loss = 21607.927, time = 0.878 s
475/1000, sim loss = 495.875, time = 0.402 s
476/1000, rel loss = 21543.245, time = 0.892 s
477/1000, sim loss = 495.652, time = 0.401 s
478/1000, rel loss = 21464.607, time = 0.882 s
479/1000, sim loss = 495.431, time = 0.404 s
480/1000, rel loss = 21460.699, time = 0.883 s
481/1000, sim loss = 495.207, time = 0.411 s
482/1000, rel loss = 21426.881, time = 0.879 s
483/1000, sim loss = 494.987, time = 0.417 s
484/1000, rel loss = 21317.942, time = 0.878 s
485/1000, sim loss = 494.793, time = 0.413 s
486/1000, rel loss = 21195.682, time = 0.886 s
487/1000, sim loss = 494.565, time = 0.394 s
488/1000, rel loss = 21224.541, time = 0.877 s
489/1000, sim loss = 494.364, time = 0.414 s
490/1000, rel loss = 21188.074, time = 0.888 s
491/1000, sim loss = 494.137, time = 0.411 s
492/1000, rel loss = 21085.759, time = 0.883 s
493/1000, sim loss = 493.953, time = 0.398 s
494/1000, rel loss = 21029.661, time = 0.876 s
495/1000, sim loss = 493.762, time = 0.403 s
496/1000, rel loss = 20892.306, time = 0.881 s
497/1000, sim loss = 493.552, time = 0.404 s
498/1000, rel loss = 20808.023, time = 0.878 s
499/1000, sim loss = 493.323, time = 0.399 s
500/1000, rel loss = 20907.710, time = 0.888 s
X-EN: acc of top [1, 10, 50, 100] = [ 0.2106  0.49    0.725   0.805 ], mean = 148.940, mrr = 0.303, time = 5.638 s 
EN-X: acc of top [1, 10, 50, 100] = [ 0.2394  0.5024  0.7262  0.8011], mean = 148.635, mrr = 0.329, time = 5.645 s 
501/1000, sim loss = 493.129, time = 0.399 s
502/1000, rel loss = 20743.210, time = 0.883 s
503/1000, sim loss = 492.921, time = 0.414 s
504/1000, rel loss = 20777.192, time = 0.879 s
505/1000, sim loss = 492.723, time = 0.411 s
506/1000, rel loss = 20695.521, time = 0.881 s
507/1000, sim loss = 492.524, time = 0.397 s
508/1000, rel loss = 20585.369, time = 0.882 s
509/1000, sim loss = 492.342, time = 0.422 s
510/1000, rel loss = 20573.005, time = 0.879 s
511/1000, sim loss = 492.143, time = 0.398 s
512/1000, rel loss = 20561.740, time = 0.879 s
513/1000, sim loss = 491.947, time = 0.403 s
514/1000, rel loss = 20479.426, time = 0.876 s
515/1000, sim loss = 491.760, time = 0.393 s
516/1000, rel loss = 20441.158, time = 0.887 s
517/1000, sim loss = 491.568, time = 0.397 s
518/1000, rel loss = 20361.501, time = 0.887 s
519/1000, sim loss = 491.391, time = 0.414 s
520/1000, rel loss = 20272.290, time = 0.885 s
521/1000, sim loss = 491.209, time = 0.397 s
522/1000, rel loss = 20278.306, time = 0.882 s
523/1000, sim loss = 491.016, time = 0.400 s
524/1000, rel loss = 20185.501, time = 0.882 s
525/1000, sim loss = 490.838, time = 0.405 s
526/1000, rel loss = 20108.677, time = 0.878 s
527/1000, sim loss = 490.663, time = 0.406 s
528/1000, rel loss = 20092.579, time = 0.883 s
529/1000, sim loss = 490.482, time = 0.402 s
530/1000, rel loss = 20044.657, time = 0.882 s
531/1000, sim loss = 490.298, time = 0.416 s
532/1000, rel loss = 19978.797, time = 0.880 s
533/1000, sim loss = 490.111, time = 0.396 s
534/1000, rel loss = 19956.938, time = 0.875 s
535/1000, sim loss = 489.955, time = 0.402 s
536/1000, rel loss = 19854.598, time = 0.878 s
537/1000, sim loss = 489.737, time = 0.405 s
538/1000, rel loss = 19877.584, time = 0.882 s
539/1000, sim loss = 489.568, time = 0.411 s
540/1000, rel loss = 19803.483, time = 0.886 s
541/1000, sim loss = 489.419, time = 0.392 s
542/1000, rel loss = 19730.120, time = 0.880 s
543/1000, sim loss = 489.259, time = 0.398 s
544/1000, rel loss = 19670.849, time = 0.883 s
545/1000, sim loss = 489.089, time = 0.409 s
546/1000, rel loss = 19574.674, time = 0.880 s
547/1000, sim loss = 488.938, time = 0.406 s
548/1000, rel loss = 19447.918, time = 0.878 s
549/1000, sim loss = 488.773, time = 0.413 s
550/1000, rel loss = 19439.648, time = 0.882 s
551/1000, sim loss = 488.599, time = 0.395 s
552/1000, rel loss = 19457.368, time = 0.880 s
553/1000, sim loss = 488.432, time = 0.396 s
554/1000, rel loss = 19463.448, time = 0.880 s
555/1000, sim loss = 488.262, time = 0.402 s
556/1000, rel loss = 19401.004, time = 0.879 s
557/1000, sim loss = 488.115, time = 0.413 s
558/1000, rel loss = 19324.167, time = 0.877 s
559/1000, sim loss = 487.946, time = 0.393 s
560/1000, rel loss = 19245.190, time = 0.888 s
561/1000, sim loss = 487.788, time = 0.411 s
562/1000, rel loss = 19221.189, time = 0.877 s
563/1000, sim loss = 487.640, time = 0.405 s
564/1000, rel loss = 19120.021, time = 0.882 s
565/1000, sim loss = 487.496, time = 0.406 s
566/1000, rel loss = 19099.623, time = 0.886 s
567/1000, sim loss = 487.332, time = 0.399 s
568/1000, rel loss = 19100.399, time = 0.878 s
569/1000, sim loss = 487.179, time = 0.395 s
570/1000, rel loss = 19075.645, time = 0.878 s
571/1000, sim loss = 486.995, time = 0.400 s
572/1000, rel loss = 19048.263, time = 0.880 s
573/1000, sim loss = 486.833, time = 0.392 s
574/1000, rel loss = 18997.382, time = 0.882 s
575/1000, sim loss = 486.677, time = 0.410 s
576/1000, rel loss = 18916.851, time = 0.881 s
577/1000, sim loss = 486.529, time = 0.398 s
578/1000, rel loss = 18885.831, time = 0.880 s
579/1000, sim loss = 486.382, time = 0.401 s
580/1000, rel loss = 18842.853, time = 0.881 s
581/1000, sim loss = 486.223, time = 0.396 s
582/1000, rel loss = 18716.780, time = 0.877 s
583/1000, sim loss = 486.073, time = 0.396 s
584/1000, rel loss = 18774.478, time = 0.883 s
585/1000, sim loss = 485.917, time = 0.405 s
586/1000, rel loss = 18660.100, time = 0.881 s
587/1000, sim loss = 485.788, time = 0.400 s
588/1000, rel loss = 18687.007, time = 0.875 s
589/1000, sim loss = 485.677, time = 0.397 s
590/1000, rel loss = 18646.616, time = 0.884 s
591/1000, sim loss = 485.542, time = 0.393 s
592/1000, rel loss = 18572.231, time = 0.881 s
593/1000, sim loss = 485.383, time = 0.412 s
594/1000, rel loss = 18467.840, time = 0.881 s
595/1000, sim loss = 485.242, time = 0.410 s
596/1000, rel loss = 18516.974, time = 0.884 s
597/1000, sim loss = 485.095, time = 0.408 s
598/1000, rel loss = 18458.782, time = 0.884 s
599/1000, sim loss = 484.975, time = 0.400 s
600/1000, rel loss = 18457.115, time = 0.884 s
X-EN: acc of top [1, 10, 50, 100] = [ 0.2132  0.4959  0.7318  0.811 ], mean = 136.001, mrr = 0.307, time = 5.648 s 
EN-X: acc of top [1, 10, 50, 100] = [ 0.2434  0.5139  0.7366  0.8106], mean = 134.736, mrr = 0.335, time = 5.653 s 
601/1000, sim loss = 484.822, time = 0.400 s
602/1000, rel loss = 18341.091, time = 0.875 s
603/1000, sim loss = 484.668, time = 0.424 s
604/1000, rel loss = 18392.147, time = 0.879 s
605/1000, sim loss = 484.555, time = 0.407 s
606/1000, rel loss = 18335.237, time = 0.875 s
607/1000, sim loss = 484.391, time = 0.403 s
608/1000, rel loss = 18257.198, time = 0.887 s
609/1000, sim loss = 484.278, time = 0.392 s
610/1000, rel loss = 18179.307, time = 0.871 s
611/1000, sim loss = 484.152, time = 0.399 s
612/1000, rel loss = 18221.656, time = 0.882 s
613/1000, sim loss = 484.011, time = 0.393 s
614/1000, rel loss = 18162.692, time = 0.880 s
615/1000, sim loss = 483.885, time = 0.409 s
616/1000, rel loss = 18105.481, time = 0.877 s
617/1000, sim loss = 483.762, time = 0.404 s
618/1000, rel loss = 18060.670, time = 0.877 s
619/1000, sim loss = 483.618, time = 0.397 s
620/1000, rel loss = 18096.845, time = 0.882 s
621/1000, sim loss = 483.495, time = 0.404 s
622/1000, rel loss = 17988.813, time = 0.880 s
623/1000, sim loss = 483.387, time = 0.406 s
624/1000, rel loss = 17904.136, time = 0.872 s
625/1000, sim loss = 483.248, time = 0.405 s
626/1000, rel loss = 17925.052, time = 0.883 s
627/1000, sim loss = 483.123, time = 0.390 s
628/1000, rel loss = 17848.287, time = 0.882 s
629/1000, sim loss = 482.993, time = 0.395 s
630/1000, rel loss = 17849.943, time = 0.879 s
631/1000, sim loss = 482.862, time = 0.396 s
632/1000, rel loss = 17720.405, time = 0.880 s
633/1000, sim loss = 482.750, time = 0.397 s
634/1000, rel loss = 17798.223, time = 0.878 s
635/1000, sim loss = 482.641, time = 0.404 s
636/1000, rel loss = 17743.823, time = 0.878 s
637/1000, sim loss = 482.524, time = 0.412 s
638/1000, rel loss = 17733.441, time = 0.877 s
639/1000, sim loss = 482.403, time = 0.399 s
640/1000, rel loss = 17593.342, time = 0.875 s
641/1000, sim loss = 482.274, time = 0.410 s
642/1000, rel loss = 17616.404, time = 0.877 s
643/1000, sim loss = 482.141, time = 0.402 s
644/1000, rel loss = 17682.813, time = 0.876 s
645/1000, sim loss = 482.032, time = 0.393 s
646/1000, rel loss = 17555.774, time = 0.881 s
647/1000, sim loss = 481.890, time = 0.404 s
648/1000, rel loss = 17570.315, time = 0.877 s
649/1000, sim loss = 481.792, time = 0.406 s
650/1000, rel loss = 17429.857, time = 0.881 s
651/1000, sim loss = 481.668, time = 0.400 s
652/1000, rel loss = 17421.903, time = 0.878 s
653/1000, sim loss = 481.565, time = 0.407 s
654/1000, rel loss = 17391.809, time = 0.880 s
655/1000, sim loss = 481.469, time = 0.389 s
656/1000, rel loss = 17434.700, time = 0.885 s
657/1000, sim loss = 481.362, time = 0.402 s
658/1000, rel loss = 17350.633, time = 0.878 s
659/1000, sim loss = 481.258, time = 0.393 s
660/1000, rel loss = 17246.481, time = 0.876 s
661/1000, sim loss = 481.145, time = 0.400 s
662/1000, rel loss = 17277.294, time = 0.879 s
663/1000, sim loss = 481.030, time = 0.399 s
664/1000, rel loss = 17200.072, time = 0.879 s
665/1000, sim loss = 480.926, time = 0.422 s
666/1000, rel loss = 17274.287, time = 0.880 s
667/1000, sim loss = 480.823, time = 0.398 s
668/1000, rel loss = 17248.146, time = 0.883 s
669/1000, sim loss = 480.706, time = 0.405 s
670/1000, rel loss = 17168.478, time = 0.883 s
671/1000, sim loss = 480.612, time = 0.399 s
672/1000, rel loss = 17126.112, time = 0.889 s
673/1000, sim loss = 480.498, time = 0.392 s
674/1000, rel loss = 17023.215, time = 0.883 s
675/1000, sim loss = 480.399, time = 0.415 s
676/1000, rel loss = 17043.446, time = 0.873 s
677/1000, sim loss = 480.309, time = 0.392 s
678/1000, rel loss = 17067.398, time = 0.874 s
679/1000, sim loss = 480.208, time = 0.412 s
680/1000, rel loss = 16972.391, time = 0.881 s
681/1000, sim loss = 480.081, time = 0.420 s
682/1000, rel loss = 16956.479, time = 0.880 s
683/1000, sim loss = 479.972, time = 0.402 s
684/1000, rel loss = 16939.300, time = 0.879 s
685/1000, sim loss = 479.870, time = 0.402 s
686/1000, rel loss = 16932.019, time = 0.882 s
687/1000, sim loss = 479.754, time = 0.400 s
688/1000, rel loss = 16847.483, time = 0.878 s
689/1000, sim loss = 479.647, time = 0.408 s
690/1000, rel loss = 16833.972, time = 0.880 s
691/1000, sim loss = 479.532, time = 0.403 s
692/1000, rel loss = 16751.311, time = 0.880 s
693/1000, sim loss = 479.409, time = 0.393 s
694/1000, rel loss = 16809.455, time = 0.879 s
695/1000, sim loss = 479.313, time = 0.412 s
696/1000, rel loss = 16789.219, time = 0.880 s
697/1000, sim loss = 479.219, time = 0.395 s
698/1000, rel loss = 16720.863, time = 0.881 s
699/1000, sim loss = 479.129, time = 0.394 s
700/1000, rel loss = 16711.182, time = 0.872 s
X-EN: acc of top [1, 10, 50, 100] = [ 0.2104  0.5024  0.7338  0.8105], mean = 128.578, mrr = 0.306, time = 5.653 s 
EN-X: acc of top [1, 10, 50, 100] = [ 0.2441  0.5204  0.7399  0.812 ], mean = 127.284, mrr = 0.336, time = 5.658 s 
701/1000, sim loss = 479.026, time = 0.400 s
702/1000, rel loss = 16625.245, time = 0.877 s
703/1000, sim loss = 478.919, time = 0.395 s
704/1000, rel loss = 16699.466, time = 0.878 s
705/1000, sim loss = 478.815, time = 0.396 s
706/1000, rel loss = 16568.865, time = 0.881 s
707/1000, sim loss = 478.713, time = 0.396 s
708/1000, rel loss = 16642.896, time = 0.879 s
709/1000, sim loss = 478.626, time = 0.404 s
710/1000, rel loss = 16588.285, time = 0.878 s
711/1000, sim loss = 478.510, time = 0.399 s
712/1000, rel loss = 16472.164, time = 0.880 s
713/1000, sim loss = 478.416, time = 0.410 s
714/1000, rel loss = 16483.826, time = 0.878 s
715/1000, sim loss = 478.303, time = 0.397 s
716/1000, rel loss = 16398.282, time = 0.886 s
717/1000, sim loss = 478.210, time = 0.409 s
718/1000, rel loss = 16438.394, time = 0.878 s
719/1000, sim loss = 478.092, time = 0.400 s
720/1000, rel loss = 16519.999, time = 0.887 s
721/1000, sim loss = 478.016, time = 0.396 s
722/1000, rel loss = 16389.177, time = 0.880 s
723/1000, sim loss = 477.931, time = 0.397 s
724/1000, rel loss = 16387.581, time = 0.886 s
725/1000, sim loss = 477.851, time = 0.404 s
726/1000, rel loss = 16309.219, time = 0.883 s
727/1000, sim loss = 477.757, time = 0.399 s
728/1000, rel loss = 16279.341, time = 0.876 s
729/1000, sim loss = 477.650, time = 0.395 s
730/1000, rel loss = 16265.682, time = 0.884 s
731/1000, sim loss = 477.552, time = 0.399 s
732/1000, rel loss = 16258.017, time = 0.885 s
733/1000, sim loss = 477.461, time = 0.408 s
734/1000, rel loss = 16229.476, time = 0.883 s
735/1000, sim loss = 477.363, time = 0.411 s
736/1000, rel loss = 16243.529, time = 0.884 s
737/1000, sim loss = 477.271, time = 0.401 s
738/1000, rel loss = 16191.619, time = 0.880 s
739/1000, sim loss = 477.190, time = 0.404 s
740/1000, rel loss = 16117.819, time = 0.886 s
741/1000, sim loss = 477.117, time = 0.392 s
742/1000, rel loss = 16083.154, time = 0.886 s
743/1000, sim loss = 477.044, time = 0.390 s
744/1000, rel loss = 16114.153, time = 0.879 s
745/1000, sim loss = 476.971, time = 0.394 s
746/1000, rel loss = 16049.786, time = 0.880 s
747/1000, sim loss = 476.877, time = 0.394 s
748/1000, rel loss = 15972.946, time = 0.878 s
749/1000, sim loss = 476.784, time = 0.396 s
750/1000, rel loss = 15978.480, time = 0.888 s
751/1000, sim loss = 476.703, time = 0.405 s
752/1000, rel loss = 15942.818, time = 0.879 s
753/1000, sim loss = 476.600, time = 0.397 s
754/1000, rel loss = 15930.252, time = 0.882 s
755/1000, sim loss = 476.503, time = 0.409 s
756/1000, rel loss = 15973.060, time = 0.882 s
757/1000, sim loss = 476.412, time = 0.406 s
758/1000, rel loss = 15962.169, time = 0.884 s
759/1000, sim loss = 476.325, time = 0.397 s
760/1000, rel loss = 15839.019, time = 0.886 s
761/1000, sim loss = 476.255, time = 0.410 s
762/1000, rel loss = 15899.417, time = 0.886 s
763/1000, sim loss = 476.175, time = 0.411 s
764/1000, rel loss = 15769.957, time = 0.884 s
765/1000, sim loss = 476.101, time = 0.401 s
766/1000, rel loss = 15823.433, time = 0.881 s
767/1000, sim loss = 475.989, time = 0.410 s
768/1000, rel loss = 15787.837, time = 0.884 s
769/1000, sim loss = 475.919, time = 0.392 s
770/1000, rel loss = 15741.412, time = 0.883 s
771/1000, sim loss = 475.846, time = 0.410 s
772/1000, rel loss = 15733.547, time = 0.879 s
773/1000, sim loss = 475.767, time = 0.416 s
774/1000, rel loss = 15765.332, time = 0.884 s
775/1000, sim loss = 475.674, time = 0.403 s
776/1000, rel loss = 15671.410, time = 0.885 s
777/1000, sim loss = 475.589, time = 0.409 s
778/1000, rel loss = 15674.602, time = 0.881 s
779/1000, sim loss = 475.523, time = 0.410 s
780/1000, rel loss = 15629.608, time = 0.877 s
781/1000, sim loss = 475.457, time = 0.391 s
782/1000, rel loss = 15600.069, time = 0.876 s
783/1000, sim loss = 475.403, time = 0.412 s
784/1000, rel loss = 15586.693, time = 0.882 s
785/1000, sim loss = 475.313, time = 0.398 s
786/1000, rel loss = 15528.383, time = 0.878 s
787/1000, sim loss = 475.242, time = 0.407 s
788/1000, rel loss = 15486.184, time = 0.881 s
789/1000, sim loss = 475.176, time = 0.394 s
790/1000, rel loss = 15492.093, time = 0.886 s
791/1000, sim loss = 475.099, time = 0.400 s
792/1000, rel loss = 15560.657, time = 0.883 s
793/1000, sim loss = 475.014, time = 0.396 s
794/1000, rel loss = 15449.170, time = 0.883 s
795/1000, sim loss = 474.931, time = 0.406 s
796/1000, rel loss = 15456.039, time = 0.890 s
797/1000, sim loss = 474.847, time = 0.397 s
798/1000, rel loss = 15435.049, time = 0.887 s
799/1000, sim loss = 474.755, time = 0.399 s
800/1000, rel loss = 15455.843, time = 0.883 s
X-EN: acc of top [1, 10, 50, 100] = [ 0.2117  0.5018  0.732   0.8113], mean = 124.368, mrr = 0.308, time = 5.654 s 
EN-X: acc of top [1, 10, 50, 100] = [ 0.2443  0.519   0.738   0.8108], mean = 123.147, mrr = 0.336, time = 5.661 s 
early stop
save embeddings...
time:585.092 s

643s