***********************./en_de_15k_V1***********************
neg param 0.1 ; split ; sim param 0.05 ; inner sim param 0.05
ents: 15000 + 4919 = 15000
ents: 15000 + 4462 = 15000
all ents: 25500
all rels: 222 120 342
all triples: 38363 + 37377 = 75740
To align: 10500
sparse sim mat to sparse tensor
sparse sim mat to sparse tensor
sparse sim mat to sparse tensor
0/1000, rel loss = 182356.495, time = 0.963 s
1/1000, sim loss = 857.017, time = 1.439 s
2/1000, rel loss = 164824.233, time = 0.866 s
3/1000, sim loss = 850.136, time = 0.285 s
4/1000, rel loss = 154524.651, time = 0.868 s
5/1000, sim loss = 843.362, time = 0.270 s
6/1000, rel loss = 146714.296, time = 0.864 s
7/1000, sim loss = 836.643, time = 0.260 s
8/1000, rel loss = 140375.407, time = 0.863 s
9/1000, sim loss = 830.170, time = 0.260 s
10/1000, rel loss = 134910.987, time = 0.867 s
11/1000, sim loss = 823.811, time = 0.259 s
12/1000, rel loss = 130062.657, time = 0.867 s
13/1000, sim loss = 817.632, time = 0.268 s
14/1000, rel loss = 125820.724, time = 0.873 s
15/1000, sim loss = 811.593, time = 0.272 s
16/1000, rel loss = 122015.197, time = 0.894 s
17/1000, sim loss = 805.732, time = 0.332 s
18/1000, rel loss = 118529.849, time = 0.927 s
19/1000, sim loss = 800.041, time = 0.280 s
20/1000, rel loss = 115301.146, time = 0.873 s
21/1000, sim loss = 794.483, time = 0.279 s
22/1000, rel loss = 112299.522, time = 0.889 s
23/1000, sim loss = 789.084, time = 0.282 s
24/1000, rel loss = 109554.652, time = 0.870 s
25/1000, sim loss = 783.872, time = 0.269 s
26/1000, rel loss = 106959.588, time = 0.865 s
27/1000, sim loss = 778.803, time = 0.265 s
28/1000, rel loss = 104486.356, time = 0.864 s
29/1000, sim loss = 773.853, time = 0.256 s
30/1000, rel loss = 102198.400, time = 0.861 s
31/1000, sim loss = 769.025, time = 0.259 s
32/1000, rel loss = 100085.364, time = 0.868 s
33/1000, sim loss = 764.300, time = 0.284 s
34/1000, rel loss = 97956.412, time = 0.864 s
35/1000, sim loss = 759.699, time = 0.257 s
36/1000, rel loss = 96023.445, time = 0.867 s
37/1000, sim loss = 755.235, time = 0.256 s
38/1000, rel loss = 93994.853, time = 0.865 s
39/1000, sim loss = 750.917, time = 0.261 s
40/1000, rel loss = 92331.001, time = 0.870 s
41/1000, sim loss = 746.674, time = 0.262 s
42/1000, rel loss = 90588.561, time = 0.870 s
43/1000, sim loss = 742.586, time = 0.287 s
44/1000, rel loss = 88983.080, time = 0.870 s
45/1000, sim loss = 738.579, time = 0.271 s
46/1000, rel loss = 87404.215, time = 0.868 s
47/1000, sim loss = 734.672, time = 0.266 s
48/1000, rel loss = 85842.961, time = 0.868 s
49/1000, sim loss = 730.883, time = 0.259 s
50/1000, rel loss = 84440.542, time = 0.861 s
51/1000, sim loss = 727.178, time = 0.274 s
52/1000, rel loss = 83091.104, time = 0.865 s
53/1000, sim loss = 723.554, time = 0.268 s
54/1000, rel loss = 81647.641, time = 0.865 s
55/1000, sim loss = 720.006, time = 0.268 s
56/1000, rel loss = 80491.524, time = 0.867 s
57/1000, sim loss = 716.560, time = 0.266 s
58/1000, rel loss = 79113.476, time = 0.866 s
59/1000, sim loss = 713.198, time = 0.282 s
60/1000, rel loss = 77932.178, time = 0.869 s
61/1000, sim loss = 709.922, time = 0.268 s
62/1000, rel loss = 76774.817, time = 0.867 s
63/1000, sim loss = 706.704, time = 0.275 s
64/1000, rel loss = 75624.891, time = 0.867 s
65/1000, sim loss = 703.573, time = 0.258 s
66/1000, rel loss = 74491.128, time = 0.867 s
67/1000, sim loss = 700.521, time = 0.255 s
68/1000, rel loss = 73440.492, time = 0.867 s
69/1000, sim loss = 697.484, time = 0.272 s
70/1000, rel loss = 72431.183, time = 0.868 s
71/1000, sim loss = 694.558, time = 0.277 s
72/1000, rel loss = 71386.302, time = 0.870 s
73/1000, sim loss = 691.675, time = 0.274 s
74/1000, rel loss = 70407.815, time = 0.865 s
75/1000, sim loss = 688.869, time = 0.258 s
76/1000, rel loss = 69443.509, time = 0.867 s
77/1000, sim loss = 686.130, time = 0.258 s
78/1000, rel loss = 68508.291, time = 0.870 s
79/1000, sim loss = 683.435, time = 0.255 s
80/1000, rel loss = 67597.191, time = 0.864 s
81/1000, sim loss = 680.804, time = 0.271 s
82/1000, rel loss = 66785.768, time = 0.867 s
83/1000, sim loss = 678.255, time = 0.271 s
84/1000, rel loss = 65860.980, time = 0.864 s
85/1000, sim loss = 675.745, time = 0.257 s
86/1000, rel loss = 65056.467, time = 0.864 s
87/1000, sim loss = 673.283, time = 0.260 s
88/1000, rel loss = 64272.658, time = 0.865 s
89/1000, sim loss = 670.846, time = 0.257 s
90/1000, rel loss = 63446.021, time = 0.869 s
91/1000, sim loss = 668.491, time = 0.271 s
92/1000, rel loss = 62692.284, time = 0.869 s
93/1000, sim loss = 666.178, time = 0.271 s
94/1000, rel loss = 61918.476, time = 0.862 s
95/1000, sim loss = 663.909, time = 0.256 s
96/1000, rel loss = 61182.823, time = 0.868 s
97/1000, sim loss = 661.709, time = 0.259 s
98/1000, rel loss = 60513.464, time = 0.870 s
99/1000, sim loss = 659.560, time = 0.260 s
100/1000, rel loss = 59758.875, time = 0.869 s
101/1000, sim loss = 657.433, time = 0.259 s
102/1000, rel loss = 59079.576, time = 0.868 s
103/1000, sim loss = 655.335, time = 0.274 s
104/1000, rel loss = 58436.256, time = 0.867 s
105/1000, sim loss = 653.292, time = 0.274 s
106/1000, rel loss = 57753.655, time = 0.869 s
107/1000, sim loss = 651.300, time = 0.260 s
108/1000, rel loss = 57090.333, time = 0.864 s
109/1000, sim loss = 649.343, time = 0.272 s
110/1000, rel loss = 56548.044, time = 0.866 s
111/1000, sim loss = 647.394, time = 0.266 s
112/1000, rel loss = 55867.564, time = 0.871 s
113/1000, sim loss = 645.486, time = 0.282 s
114/1000, rel loss = 55247.500, time = 0.865 s
115/1000, sim loss = 643.622, time = 0.260 s
116/1000, rel loss = 54666.640, time = 0.863 s
117/1000, sim loss = 641.765, time = 0.262 s
118/1000, rel loss = 54132.468, time = 0.865 s
119/1000, sim loss = 639.969, time = 0.259 s
120/1000, rel loss = 53484.029, time = 0.872 s
121/1000, sim loss = 638.216, time = 0.279 s
122/1000, rel loss = 52905.758, time = 0.874 s
123/1000, sim loss = 636.458, time = 0.262 s
124/1000, rel loss = 52400.235, time = 0.905 s
125/1000, sim loss = 634.754, time = 0.302 s
126/1000, rel loss = 51882.444, time = 0.902 s
127/1000, sim loss = 633.075, time = 0.328 s
128/1000, rel loss = 51413.762, time = 0.896 s
129/1000, sim loss = 631.444, time = 0.301 s
130/1000, rel loss = 50901.621, time = 0.881 s
131/1000, sim loss = 629.821, time = 0.264 s
132/1000, rel loss = 50408.922, time = 0.874 s
133/1000, sim loss = 628.222, time = 0.291 s
134/1000, rel loss = 49864.247, time = 0.884 s
135/1000, sim loss = 626.662, time = 0.268 s
136/1000, rel loss = 49355.197, time = 0.872 s
137/1000, sim loss = 625.115, time = 0.274 s
138/1000, rel loss = 48872.773, time = 0.866 s
139/1000, sim loss = 623.612, time = 0.288 s
140/1000, rel loss = 48437.208, time = 0.887 s
141/1000, sim loss = 622.118, time = 0.261 s
142/1000, rel loss = 47974.096, time = 0.890 s
143/1000, sim loss = 620.661, time = 0.304 s
144/1000, rel loss = 47549.857, time = 0.891 s
145/1000, sim loss = 619.203, time = 0.264 s
146/1000, rel loss = 47099.080, time = 0.867 s
147/1000, sim loss = 617.784, time = 0.278 s
148/1000, rel loss = 46709.228, time = 0.866 s
149/1000, sim loss = 616.408, time = 0.287 s
150/1000, rel loss = 46276.813, time = 0.870 s
151/1000, sim loss = 615.030, time = 0.266 s
152/1000, rel loss = 45832.704, time = 0.865 s
153/1000, sim loss = 613.685, time = 0.258 s
154/1000, rel loss = 45370.009, time = 0.869 s
155/1000, sim loss = 612.337, time = 0.264 s
156/1000, rel loss = 45003.735, time = 0.864 s
157/1000, sim loss = 611.015, time = 0.257 s
158/1000, rel loss = 44609.479, time = 0.874 s
159/1000, sim loss = 609.729, time = 0.261 s
160/1000, rel loss = 44206.636, time = 0.871 s
161/1000, sim loss = 608.442, time = 0.260 s
162/1000, rel loss = 43851.614, time = 0.872 s
163/1000, sim loss = 607.188, time = 0.279 s
164/1000, rel loss = 43411.858, time = 0.867 s
165/1000, sim loss = 605.976, time = 0.270 s
166/1000, rel loss = 43079.369, time = 0.868 s
167/1000, sim loss = 604.750, time = 0.257 s
168/1000, rel loss = 42728.286, time = 0.871 s
169/1000, sim loss = 603.543, time = 0.261 s
170/1000, rel loss = 42319.627, time = 0.874 s
171/1000, sim loss = 602.360, time = 0.258 s
172/1000, rel loss = 42002.151, time = 0.875 s
173/1000, sim loss = 601.201, time = 0.272 s
174/1000, rel loss = 41716.384, time = 0.867 s
175/1000, sim loss = 600.057, time = 0.266 s
176/1000, rel loss = 41317.545, time = 0.861 s
177/1000, sim loss = 598.909, time = 0.280 s
178/1000, rel loss = 41012.127, time = 0.861 s
179/1000, sim loss = 597.782, time = 0.279 s
180/1000, rel loss = 40702.488, time = 0.866 s
181/1000, sim loss = 596.683, time = 0.269 s
182/1000, rel loss = 40251.724, time = 0.868 s
183/1000, sim loss = 595.602, time = 0.268 s
184/1000, rel loss = 40009.281, time = 0.867 s
185/1000, sim loss = 594.525, time = 0.268 s
186/1000, rel loss = 39656.463, time = 0.864 s
187/1000, sim loss = 593.457, time = 0.260 s
188/1000, rel loss = 39352.692, time = 0.866 s
189/1000, sim loss = 592.412, time = 0.273 s
190/1000, rel loss = 39083.113, time = 0.867 s
191/1000, sim loss = 591.401, time = 0.271 s
192/1000, rel loss = 38693.210, time = 0.866 s
193/1000, sim loss = 590.386, time = 0.281 s
194/1000, rel loss = 38478.559, time = 0.865 s
195/1000, sim loss = 589.400, time = 0.276 s
196/1000, rel loss = 38189.381, time = 0.869 s
197/1000, sim loss = 588.432, time = 0.259 s
198/1000, rel loss = 37896.958, time = 0.874 s
199/1000, sim loss = 587.424, time = 0.260 s
200/1000, rel loss = 37609.043, time = 0.867 s
201/1000, sim loss = 586.463, time = 0.269 s
202/1000, rel loss = 37268.302, time = 0.867 s
203/1000, sim loss = 585.515, time = 0.271 s
204/1000, rel loss = 36997.760, time = 0.864 s
205/1000, sim loss = 584.563, time = 0.262 s
206/1000, rel loss = 36775.498, time = 0.864 s
207/1000, sim loss = 583.651, time = 0.286 s
208/1000, rel loss = 36516.132, time = 0.869 s
209/1000, sim loss = 582.731, time = 0.265 s
210/1000, rel loss = 36226.701, time = 0.870 s
211/1000, sim loss = 581.847, time = 0.265 s
212/1000, rel loss = 35977.788, time = 0.870 s
213/1000, sim loss = 580.960, time = 0.270 s
214/1000, rel loss = 35721.757, time = 0.865 s
215/1000, sim loss = 580.073, time = 0.256 s
216/1000, rel loss = 35461.389, time = 0.871 s
217/1000, sim loss = 579.206, time = 0.275 s
218/1000, rel loss = 35182.643, time = 0.865 s
219/1000, sim loss = 578.363, time = 0.280 s
220/1000, rel loss = 34944.730, time = 0.868 s
221/1000, sim loss = 577.503, time = 0.265 s
222/1000, rel loss = 34720.211, time = 0.872 s
223/1000, sim loss = 576.662, time = 0.277 s
224/1000, rel loss = 34487.781, time = 0.866 s
225/1000, sim loss = 575.838, time = 0.271 s
226/1000, rel loss = 34229.159, time = 0.867 s
227/1000, sim loss = 575.039, time = 0.260 s
228/1000, rel loss = 33971.355, time = 0.872 s
229/1000, sim loss = 574.225, time = 0.286 s
230/1000, rel loss = 33757.399, time = 0.866 s
231/1000, sim loss = 573.427, time = 0.263 s
232/1000, rel loss = 33548.632, time = 0.866 s
233/1000, sim loss = 572.634, time = 0.259 s
234/1000, rel loss = 33285.808, time = 0.869 s
235/1000, sim loss = 571.857, time = 0.270 s
236/1000, rel loss = 33099.453, time = 0.867 s
237/1000, sim loss = 571.095, time = 0.259 s
238/1000, rel loss = 32849.360, time = 0.868 s
239/1000, sim loss = 570.339, time = 0.258 s
240/1000, rel loss = 32656.188, time = 0.872 s
241/1000, sim loss = 569.585, time = 0.264 s
242/1000, rel loss = 32412.386, time = 0.868 s
243/1000, sim loss = 568.849, time = 0.266 s
244/1000, rel loss = 32157.679, time = 0.865 s
245/1000, sim loss = 568.146, time = 0.269 s
246/1000, rel loss = 32040.493, time = 0.871 s
247/1000, sim loss = 567.430, time = 0.288 s
248/1000, rel loss = 31814.962, time = 0.868 s
249/1000, sim loss = 566.691, time = 0.257 s
250/1000, rel loss = 31581.699, time = 0.865 s
251/1000, sim loss = 566.006, time = 0.274 s
252/1000, rel loss = 31385.997, time = 0.870 s
253/1000, sim loss = 565.331, time = 0.258 s
254/1000, rel loss = 31196.535, time = 0.869 s
255/1000, sim loss = 564.658, time = 0.257 s
256/1000, rel loss = 30968.067, time = 0.868 s
257/1000, sim loss = 563.979, time = 0.257 s
258/1000, rel loss = 30764.391, time = 0.866 s
259/1000, sim loss = 563.304, time = 0.268 s
260/1000, rel loss = 30634.960, time = 0.864 s
261/1000, sim loss = 562.645, time = 0.267 s
262/1000, rel loss = 30448.841, time = 0.865 s
263/1000, sim loss = 562.010, time = 0.268 s
264/1000, rel loss = 30288.613, time = 0.868 s
265/1000, sim loss = 561.357, time = 0.277 s
266/1000, rel loss = 30025.445, time = 0.870 s
267/1000, sim loss = 560.714, time = 0.275 s
268/1000, rel loss = 29857.682, time = 0.864 s
269/1000, sim loss = 560.090, time = 0.264 s
270/1000, rel loss = 29681.010, time = 0.865 s
271/1000, sim loss = 559.471, time = 0.269 s
272/1000, rel loss = 29521.356, time = 0.868 s
273/1000, sim loss = 558.847, time = 0.278 s
274/1000, rel loss = 29344.593, time = 0.870 s
275/1000, sim loss = 558.237, time = 0.258 s
276/1000, rel loss = 29107.159, time = 0.869 s
277/1000, sim loss = 557.631, time = 0.257 s
278/1000, rel loss = 28993.386, time = 0.865 s
279/1000, sim loss = 557.029, time = 0.277 s
280/1000, rel loss = 28815.908, time = 0.871 s
281/1000, sim loss = 556.434, time = 0.258 s
282/1000, rel loss = 28619.056, time = 0.865 s
283/1000, sim loss = 555.843, time = 0.258 s
284/1000, rel loss = 28522.101, time = 0.866 s
285/1000, sim loss = 555.262, time = 0.257 s
286/1000, rel loss = 28319.826, time = 0.870 s
287/1000, sim loss = 554.681, time = 0.268 s
288/1000, rel loss = 28201.911, time = 0.868 s
289/1000, sim loss = 554.103, time = 0.276 s
290/1000, rel loss = 27990.417, time = 0.868 s
291/1000, sim loss = 553.542, time = 0.275 s
292/1000, rel loss = 27833.701, time = 0.874 s
293/1000, sim loss = 552.988, time = 0.256 s
294/1000, rel loss = 27726.423, time = 0.870 s
295/1000, sim loss = 552.430, time = 0.273 s
296/1000, rel loss = 27561.726, time = 0.868 s
297/1000, sim loss = 551.884, time = 0.269 s
298/1000, rel loss = 27399.143, time = 0.866 s
299/1000, sim loss = 551.350, time = 0.261 s
300/1000, rel loss = 27260.893, time = 0.865 s
X-EN: acc of top [1, 10, 50, 100] = [ 0.2031  0.4586  0.6841  0.7793], mean = 233.665, mrr = 0.290, time = 5.641 s 
EN-X: acc of top [1, 10, 50, 100] = [ 0.22    0.4724  0.6975  0.7856], mean = 252.841, mrr = 0.306, time = 5.652 s 
301/1000, sim loss = 550.823, time = 0.275 s
302/1000, rel loss = 27121.627, time = 0.868 s
303/1000, sim loss = 550.288, time = 0.270 s
304/1000, rel loss = 26907.397, time = 0.868 s
305/1000, sim loss = 549.764, time = 0.258 s
306/1000, rel loss = 26817.965, time = 0.871 s
307/1000, sim loss = 549.236, time = 0.261 s
308/1000, rel loss = 26673.650, time = 0.865 s
309/1000, sim loss = 548.721, time = 0.281 s
310/1000, rel loss = 26567.273, time = 0.872 s
311/1000, sim loss = 548.209, time = 0.277 s
312/1000, rel loss = 26447.104, time = 0.866 s
313/1000, sim loss = 547.711, time = 0.260 s
314/1000, rel loss = 26230.599, time = 0.867 s
315/1000, sim loss = 547.203, time = 0.267 s
316/1000, rel loss = 26126.707, time = 0.866 s
317/1000, sim loss = 546.709, time = 0.273 s
318/1000, rel loss = 25920.433, time = 0.870 s
319/1000, sim loss = 546.222, time = 0.256 s
320/1000, rel loss = 25814.059, time = 0.868 s
321/1000, sim loss = 545.737, time = 0.270 s
322/1000, rel loss = 25692.123, time = 0.872 s
323/1000, sim loss = 545.246, time = 0.259 s
324/1000, rel loss = 25562.747, time = 0.877 s
325/1000, sim loss = 544.756, time = 0.267 s
326/1000, rel loss = 25452.038, time = 0.868 s
327/1000, sim loss = 544.291, time = 0.260 s
328/1000, rel loss = 25284.039, time = 0.874 s
329/1000, sim loss = 543.834, time = 0.260 s
330/1000, rel loss = 25184.390, time = 0.873 s
331/1000, sim loss = 543.366, time = 0.262 s
332/1000, rel loss = 25027.604, time = 0.869 s
333/1000, sim loss = 542.919, time = 0.273 s
334/1000, rel loss = 24960.798, time = 0.874 s
335/1000, sim loss = 542.477, time = 0.267 s
336/1000, rel loss = 24812.459, time = 0.870 s
337/1000, sim loss = 542.036, time = 0.286 s
338/1000, rel loss = 24694.458, time = 0.871 s
339/1000, sim loss = 541.598, time = 0.262 s
340/1000, rel loss = 24551.295, time = 0.870 s
341/1000, sim loss = 541.158, time = 0.277 s
342/1000, rel loss = 24423.074, time = 0.874 s
343/1000, sim loss = 540.721, time = 0.261 s
344/1000, rel loss = 24304.078, time = 0.867 s
345/1000, sim loss = 540.294, time = 0.271 s
346/1000, rel loss = 24190.016, time = 0.865 s
347/1000, sim loss = 539.871, time = 0.283 s
348/1000, rel loss = 24053.828, time = 0.869 s
349/1000, sim loss = 539.443, time = 0.277 s
350/1000, rel loss = 23959.677, time = 0.868 s
351/1000, sim loss = 539.032, time = 0.265 s
352/1000, rel loss = 23841.338, time = 0.865 s
353/1000, sim loss = 538.611, time = 0.260 s
354/1000, rel loss = 23714.520, time = 0.867 s
355/1000, sim loss = 538.195, time = 0.269 s
356/1000, rel loss = 23602.253, time = 0.867 s
357/1000, sim loss = 537.790, time = 0.279 s
358/1000, rel loss = 23507.583, time = 0.869 s
359/1000, sim loss = 537.380, time = 0.277 s
360/1000, rel loss = 23365.516, time = 0.873 s
361/1000, sim loss = 536.990, time = 0.275 s
362/1000, rel loss = 23297.881, time = 0.870 s
363/1000, sim loss = 536.607, time = 0.260 s
364/1000, rel loss = 23145.750, time = 0.870 s
365/1000, sim loss = 536.208, time = 0.285 s
366/1000, rel loss = 23067.849, time = 0.867 s
367/1000, sim loss = 535.813, time = 0.259 s
368/1000, rel loss = 22989.848, time = 0.873 s
369/1000, sim loss = 535.426, time = 0.257 s
370/1000, rel loss = 22808.638, time = 0.868 s
371/1000, sim loss = 535.045, time = 0.262 s
372/1000, rel loss = 22700.412, time = 0.871 s
373/1000, sim loss = 534.655, time = 0.274 s
374/1000, rel loss = 22654.628, time = 0.866 s
375/1000, sim loss = 534.283, time = 0.260 s
376/1000, rel loss = 22501.563, time = 0.867 s
377/1000, sim loss = 533.906, time = 0.287 s
378/1000, rel loss = 22424.943, time = 0.869 s
379/1000, sim loss = 533.533, time = 0.290 s
380/1000, rel loss = 22321.215, time = 0.872 s
381/1000, sim loss = 533.163, time = 0.259 s
382/1000, rel loss = 22211.538, time = 0.870 s
383/1000, sim loss = 532.799, time = 0.269 s
384/1000, rel loss = 22155.877, time = 0.874 s
385/1000, sim loss = 532.447, time = 0.269 s
386/1000, rel loss = 21978.349, time = 0.870 s
387/1000, sim loss = 532.087, time = 0.260 s
388/1000, rel loss = 21919.489, time = 0.868 s
389/1000, sim loss = 531.724, time = 0.261 s
390/1000, rel loss = 21813.189, time = 0.868 s
391/1000, sim loss = 531.366, time = 0.280 s
392/1000, rel loss = 21708.657, time = 0.872 s
393/1000, sim loss = 531.029, time = 0.259 s
394/1000, rel loss = 21636.228, time = 0.866 s
395/1000, sim loss = 530.678, time = 0.275 s
396/1000, rel loss = 21560.176, time = 0.871 s
397/1000, sim loss = 530.323, time = 0.268 s
398/1000, rel loss = 21435.620, time = 0.866 s
399/1000, sim loss = 529.973, time = 0.265 s
400/1000, rel loss = 21357.243, time = 0.871 s
X-EN: acc of top [1, 10, 50, 100] = [ 0.2255  0.4968  0.7254  0.8121], mean = 176.824, mrr = 0.318, time = 5.656 s 
EN-X: acc of top [1, 10, 50, 100] = [ 0.2537  0.5251  0.7439  0.8241], mean = 193.618, mrr = 0.346, time = 5.655 s 
401/1000, sim loss = 529.634, time = 0.262 s
402/1000, rel loss = 21239.805, time = 0.867 s
403/1000, sim loss = 529.286, time = 0.273 s
404/1000, rel loss = 21144.802, time = 0.875 s
405/1000, sim loss = 528.942, time = 0.270 s
406/1000, rel loss = 21116.132, time = 0.871 s
407/1000, sim loss = 528.599, time = 0.286 s
408/1000, rel loss = 20985.045, time = 0.870 s
409/1000, sim loss = 528.268, time = 0.259 s
410/1000, rel loss = 20894.285, time = 0.866 s
411/1000, sim loss = 527.940, time = 0.264 s
412/1000, rel loss = 20831.885, time = 0.865 s
413/1000, sim loss = 527.620, time = 0.268 s
414/1000, rel loss = 20715.251, time = 0.870 s
415/1000, sim loss = 527.296, time = 0.271 s
416/1000, rel loss = 20606.577, time = 0.871 s
417/1000, sim loss = 526.981, time = 0.261 s
418/1000, rel loss = 20508.012, time = 0.868 s
419/1000, sim loss = 526.673, time = 0.271 s
420/1000, rel loss = 20501.760, time = 0.868 s
421/1000, sim loss = 526.366, time = 0.270 s
422/1000, rel loss = 20346.414, time = 0.865 s
423/1000, sim loss = 526.046, time = 0.282 s
424/1000, rel loss = 20297.558, time = 0.866 s
425/1000, sim loss = 525.738, time = 0.273 s
426/1000, rel loss = 20200.760, time = 0.871 s
427/1000, sim loss = 525.429, time = 0.280 s
428/1000, rel loss = 20104.902, time = 0.866 s
429/1000, sim loss = 525.117, time = 0.264 s
430/1000, rel loss = 20032.146, time = 0.866 s
431/1000, sim loss = 524.814, time = 0.279 s
432/1000, rel loss = 19987.993, time = 0.869 s
433/1000, sim loss = 524.518, time = 0.256 s
434/1000, rel loss = 19906.379, time = 0.865 s
435/1000, sim loss = 524.225, time = 0.273 s
436/1000, rel loss = 19855.311, time = 0.866 s
437/1000, sim loss = 523.930, time = 0.274 s
438/1000, rel loss = 19735.584, time = 0.873 s
439/1000, sim loss = 523.636, time = 0.260 s
440/1000, rel loss = 19689.189, time = 0.872 s
441/1000, sim loss = 523.342, time = 0.262 s
442/1000, rel loss = 19600.267, time = 0.867 s
443/1000, sim loss = 523.057, time = 0.262 s
444/1000, rel loss = 19470.416, time = 0.867 s
445/1000, sim loss = 522.773, time = 0.270 s
446/1000, rel loss = 19423.310, time = 0.874 s
447/1000, sim loss = 522.493, time = 0.271 s
448/1000, rel loss = 19358.330, time = 0.867 s
449/1000, sim loss = 522.209, time = 0.268 s
450/1000, rel loss = 19268.203, time = 0.872 s
451/1000, sim loss = 521.940, time = 0.256 s
452/1000, rel loss = 19179.875, time = 0.867 s
453/1000, sim loss = 521.647, time = 0.272 s
454/1000, rel loss = 19126.809, time = 0.869 s
455/1000, sim loss = 521.374, time = 0.261 s
456/1000, rel loss = 19044.203, time = 0.871 s
457/1000, sim loss = 521.099, time = 0.272 s
458/1000, rel loss = 18962.597, time = 0.870 s
459/1000, sim loss = 520.838, time = 0.269 s
460/1000, rel loss = 18862.939, time = 0.872 s
461/1000, sim loss = 520.582, time = 0.259 s
462/1000, rel loss = 18801.644, time = 0.868 s
463/1000, sim loss = 520.316, time = 0.263 s
464/1000, rel loss = 18776.851, time = 0.883 s
465/1000, sim loss = 520.045, time = 0.259 s
466/1000, rel loss = 18698.165, time = 0.869 s
467/1000, sim loss = 519.775, time = 0.277 s
468/1000, rel loss = 18648.713, time = 0.872 s
469/1000, sim loss = 519.513, time = 0.260 s
470/1000, rel loss = 18541.448, time = 0.867 s
471/1000, sim loss = 519.257, time = 0.258 s
472/1000, rel loss = 18445.980, time = 0.867 s
473/1000, sim loss = 518.998, time = 0.287 s
474/1000, rel loss = 18381.487, time = 0.871 s
475/1000, sim loss = 518.750, time = 0.269 s
476/1000, rel loss = 18359.805, time = 0.868 s
477/1000, sim loss = 518.481, time = 0.275 s
478/1000, rel loss = 18262.916, time = 0.872 s
479/1000, sim loss = 518.229, time = 0.271 s
480/1000, rel loss = 18260.581, time = 0.872 s
481/1000, sim loss = 517.992, time = 0.269 s
482/1000, rel loss = 18161.598, time = 0.867 s
483/1000, sim loss = 517.741, time = 0.274 s
484/1000, rel loss = 18064.032, time = 0.870 s
485/1000, sim loss = 517.485, time = 0.271 s
486/1000, rel loss = 17995.498, time = 0.870 s
487/1000, sim loss = 517.247, time = 0.264 s
488/1000, rel loss = 17954.350, time = 0.872 s
489/1000, sim loss = 516.989, time = 0.270 s
490/1000, rel loss = 17893.595, time = 0.872 s
491/1000, sim loss = 516.744, time = 0.260 s
492/1000, rel loss = 17835.608, time = 0.867 s
493/1000, sim loss = 516.496, time = 0.261 s
494/1000, rel loss = 17737.046, time = 0.872 s
495/1000, sim loss = 516.256, time = 0.269 s
496/1000, rel loss = 17692.998, time = 0.872 s
497/1000, sim loss = 516.025, time = 0.272 s
498/1000, rel loss = 17605.425, time = 0.871 s
499/1000, sim loss = 515.806, time = 0.262 s
500/1000, rel loss = 17570.522, time = 0.865 s
X-EN: acc of top [1, 10, 50, 100] = [ 0.2406  0.521   0.7417  0.8278], mean = 153.091, mrr = 0.335, time = 5.650 s 
EN-X: acc of top [1, 10, 50, 100] = [ 0.2776  0.5577  0.769   0.8449], mean = 165.341, mrr = 0.373, time = 5.641 s 
501/1000, sim loss = 515.576, time = 0.261 s
502/1000, rel loss = 17494.307, time = 0.866 s
503/1000, sim loss = 515.338, time = 0.273 s
504/1000, rel loss = 17445.319, time = 0.870 s
505/1000, sim loss = 515.098, time = 0.259 s
506/1000, rel loss = 17376.483, time = 0.876 s
507/1000, sim loss = 514.872, time = 0.268 s
508/1000, rel loss = 17342.053, time = 0.869 s
509/1000, sim loss = 514.650, time = 0.262 s
510/1000, rel loss = 17299.390, time = 0.871 s
511/1000, sim loss = 514.433, time = 0.270 s
512/1000, rel loss = 17227.058, time = 0.869 s
513/1000, sim loss = 514.222, time = 0.265 s
514/1000, rel loss = 17141.756, time = 0.869 s
515/1000, sim loss = 513.994, time = 0.272 s
516/1000, rel loss = 17065.027, time = 0.868 s
517/1000, sim loss = 513.768, time = 0.262 s
518/1000, rel loss = 16981.816, time = 0.869 s
519/1000, sim loss = 513.553, time = 0.261 s
520/1000, rel loss = 16914.595, time = 0.873 s
521/1000, sim loss = 513.339, time = 0.276 s
522/1000, rel loss = 16896.772, time = 0.867 s
523/1000, sim loss = 513.119, time = 0.274 s
524/1000, rel loss = 16831.255, time = 0.868 s
525/1000, sim loss = 512.903, time = 0.279 s
526/1000, rel loss = 16794.937, time = 0.871 s
527/1000, sim loss = 512.689, time = 0.260 s
528/1000, rel loss = 16746.952, time = 0.871 s
529/1000, sim loss = 512.474, time = 0.280 s
530/1000, rel loss = 16718.358, time = 0.868 s
531/1000, sim loss = 512.261, time = 0.271 s
532/1000, rel loss = 16651.536, time = 0.869 s
533/1000, sim loss = 512.045, time = 0.259 s
534/1000, rel loss = 16536.401, time = 0.866 s
535/1000, sim loss = 511.840, time = 0.257 s
536/1000, rel loss = 16555.432, time = 0.868 s
537/1000, sim loss = 511.628, time = 0.261 s
538/1000, rel loss = 16407.568, time = 0.865 s
539/1000, sim loss = 511.431, time = 0.274 s
540/1000, rel loss = 16402.525, time = 0.868 s
541/1000, sim loss = 511.230, time = 0.259 s
542/1000, rel loss = 16373.935, time = 0.868 s
543/1000, sim loss = 511.030, time = 0.284 s
544/1000, rel loss = 16270.137, time = 0.870 s
545/1000, sim loss = 510.826, time = 0.271 s
546/1000, rel loss = 16221.120, time = 0.867 s
547/1000, sim loss = 510.632, time = 0.271 s
548/1000, rel loss = 16149.649, time = 0.871 s
549/1000, sim loss = 510.440, time = 0.277 s
550/1000, rel loss = 16095.738, time = 0.864 s
551/1000, sim loss = 510.250, time = 0.277 s
552/1000, rel loss = 16049.074, time = 0.867 s
553/1000, sim loss = 510.052, time = 0.261 s
554/1000, rel loss = 15988.026, time = 0.870 s
555/1000, sim loss = 509.856, time = 0.260 s
556/1000, rel loss = 15936.546, time = 0.871 s
557/1000, sim loss = 509.655, time = 0.266 s
558/1000, rel loss = 15880.840, time = 0.871 s
559/1000, sim loss = 509.463, time = 0.274 s
560/1000, rel loss = 15848.889, time = 0.870 s
561/1000, sim loss = 509.266, time = 0.276 s
562/1000, rel loss = 15822.700, time = 0.866 s
563/1000, sim loss = 509.078, time = 0.259 s
564/1000, rel loss = 15707.332, time = 0.864 s
565/1000, sim loss = 508.893, time = 0.271 s
566/1000, rel loss = 15647.129, time = 0.871 s
567/1000, sim loss = 508.702, time = 0.288 s
568/1000, rel loss = 15571.536, time = 0.865 s
569/1000, sim loss = 508.504, time = 0.260 s
570/1000, rel loss = 15611.335, time = 0.872 s
571/1000, sim loss = 508.323, time = 0.259 s
572/1000, rel loss = 15570.672, time = 0.874 s
573/1000, sim loss = 508.140, time = 0.274 s
574/1000, rel loss = 15496.015, time = 0.866 s
575/1000, sim loss = 507.965, time = 0.270 s
576/1000, rel loss = 15449.912, time = 0.866 s
577/1000, sim loss = 507.787, time = 0.267 s
578/1000, rel loss = 15372.604, time = 0.869 s
579/1000, sim loss = 507.605, time = 0.275 s
580/1000, rel loss = 15361.261, time = 0.869 s
581/1000, sim loss = 507.423, time = 0.259 s
582/1000, rel loss = 15268.802, time = 0.868 s
583/1000, sim loss = 507.245, time = 0.270 s
584/1000, rel loss = 15256.968, time = 0.867 s
585/1000, sim loss = 507.066, time = 0.256 s
586/1000, rel loss = 15185.757, time = 0.864 s
587/1000, sim loss = 506.887, time = 0.281 s
588/1000, rel loss = 15157.792, time = 0.869 s
589/1000, sim loss = 506.707, time = 0.271 s
590/1000, rel loss = 15119.289, time = 0.871 s
591/1000, sim loss = 506.530, time = 0.269 s
592/1000, rel loss = 15092.541, time = 0.870 s
593/1000, sim loss = 506.358, time = 0.291 s
594/1000, rel loss = 14975.144, time = 0.866 s
595/1000, sim loss = 506.181, time = 0.281 s
596/1000, rel loss = 14983.815, time = 0.869 s
597/1000, sim loss = 506.005, time = 0.281 s
598/1000, rel loss = 14926.717, time = 0.864 s
599/1000, sim loss = 505.831, time = 0.265 s
600/1000, rel loss = 14872.182, time = 0.864 s
X-EN: acc of top [1, 10, 50, 100] = [ 0.2511  0.5297  0.751   0.8365], mean = 140.410, mrr = 0.346, time = 5.674 s 
EN-X: acc of top [1, 10, 50, 100] = [ 0.2927  0.5788  0.7844  0.8559], mean = 149.030, mrr = 0.391, time = 5.642 s 
601/1000, sim loss = 505.665, time = 0.268 s
602/1000, rel loss = 14828.924, time = 0.868 s
603/1000, sim loss = 505.499, time = 0.275 s
604/1000, rel loss = 14784.562, time = 0.867 s
605/1000, sim loss = 505.317, time = 0.261 s
606/1000, rel loss = 14751.702, time = 0.866 s
607/1000, sim loss = 505.150, time = 0.289 s
608/1000, rel loss = 14665.002, time = 0.870 s
609/1000, sim loss = 504.995, time = 0.275 s
610/1000, rel loss = 14623.734, time = 0.870 s
611/1000, sim loss = 504.836, time = 0.286 s
612/1000, rel loss = 14586.990, time = 0.870 s
613/1000, sim loss = 504.672, time = 0.272 s
614/1000, rel loss = 14505.200, time = 0.867 s
615/1000, sim loss = 504.526, time = 0.261 s
616/1000, rel loss = 14533.075, time = 0.868 s
617/1000, sim loss = 504.360, time = 0.259 s
618/1000, rel loss = 14484.493, time = 0.870 s
619/1000, sim loss = 504.196, time = 0.267 s
620/1000, rel loss = 14403.878, time = 0.867 s
621/1000, sim loss = 504.034, time = 0.259 s
622/1000, rel loss = 14394.749, time = 0.867 s
623/1000, sim loss = 503.874, time = 0.260 s
624/1000, rel loss = 14326.929, time = 0.869 s
625/1000, sim loss = 503.732, time = 0.260 s
626/1000, rel loss = 14346.764, time = 0.872 s
627/1000, sim loss = 503.582, time = 0.284 s
628/1000, rel loss = 14223.317, time = 0.869 s
629/1000, sim loss = 503.411, time = 0.292 s
630/1000, rel loss = 14226.332, time = 0.871 s
631/1000, sim loss = 503.259, time = 0.272 s
632/1000, rel loss = 14173.428, time = 0.867 s
633/1000, sim loss = 503.096, time = 0.260 s
634/1000, rel loss = 14138.265, time = 0.870 s
635/1000, sim loss = 502.936, time = 0.271 s
636/1000, rel loss = 14029.943, time = 0.869 s
637/1000, sim loss = 502.779, time = 0.259 s
638/1000, rel loss = 14081.038, time = 0.868 s
639/1000, sim loss = 502.621, time = 0.264 s
640/1000, rel loss = 13990.453, time = 0.861 s
641/1000, sim loss = 502.466, time = 0.259 s
642/1000, rel loss = 13967.043, time = 0.871 s
643/1000, sim loss = 502.306, time = 0.272 s
644/1000, rel loss = 13898.761, time = 0.880 s
645/1000, sim loss = 502.158, time = 0.260 s
646/1000, rel loss = 13828.352, time = 0.865 s
647/1000, sim loss = 502.006, time = 0.259 s
648/1000, rel loss = 13867.028, time = 0.870 s
649/1000, sim loss = 501.851, time = 0.281 s
650/1000, rel loss = 13823.971, time = 0.870 s
651/1000, sim loss = 501.706, time = 0.275 s
652/1000, rel loss = 13722.538, time = 0.867 s
653/1000, sim loss = 501.556, time = 0.289 s
654/1000, rel loss = 13771.374, time = 0.870 s
655/1000, sim loss = 501.413, time = 0.275 s
656/1000, rel loss = 13578.629, time = 0.870 s
657/1000, sim loss = 501.261, time = 0.260 s
658/1000, rel loss = 13631.859, time = 0.869 s
659/1000, sim loss = 501.110, time = 0.263 s
660/1000, rel loss = 13609.816, time = 0.869 s
661/1000, sim loss = 500.973, time = 0.277 s
662/1000, rel loss = 13561.304, time = 0.870 s
663/1000, sim loss = 500.833, time = 0.287 s
664/1000, rel loss = 13527.874, time = 0.873 s
665/1000, sim loss = 500.692, time = 0.269 s
666/1000, rel loss = 13494.574, time = 0.874 s
667/1000, sim loss = 500.555, time = 0.264 s
668/1000, rel loss = 13432.836, time = 0.870 s
669/1000, sim loss = 500.421, time = 0.270 s
670/1000, rel loss = 13413.769, time = 0.864 s
671/1000, sim loss = 500.288, time = 0.278 s
672/1000, rel loss = 13368.744, time = 0.870 s
673/1000, sim loss = 500.137, time = 0.278 s
674/1000, rel loss = 13355.404, time = 0.869 s
675/1000, sim loss = 500.003, time = 0.258 s
676/1000, rel loss = 13327.032, time = 0.870 s
677/1000, sim loss = 499.868, time = 0.260 s
678/1000, rel loss = 13239.177, time = 0.870 s
679/1000, sim loss = 499.724, time = 0.279 s
680/1000, rel loss = 13236.854, time = 0.873 s
681/1000, sim loss = 499.593, time = 0.271 s
682/1000, rel loss = 13205.207, time = 0.866 s
683/1000, sim loss = 499.461, time = 0.271 s
684/1000, rel loss = 13143.934, time = 0.866 s
685/1000, sim loss = 499.325, time = 0.260 s
686/1000, rel loss = 13121.807, time = 0.870 s
687/1000, sim loss = 499.185, time = 0.283 s
688/1000, rel loss = 13102.311, time = 0.869 s
689/1000, sim loss = 499.056, time = 0.258 s
690/1000, rel loss = 13037.664, time = 0.872 s
691/1000, sim loss = 498.929, time = 0.272 s
692/1000, rel loss = 12955.754, time = 0.869 s
693/1000, sim loss = 498.798, time = 0.279 s
694/1000, rel loss = 12977.461, time = 0.870 s
695/1000, sim loss = 498.666, time = 0.289 s
696/1000, rel loss = 12921.276, time = 0.871 s
697/1000, sim loss = 498.535, time = 0.281 s
698/1000, rel loss = 12821.815, time = 0.869 s
699/1000, sim loss = 498.398, time = 0.273 s
700/1000, rel loss = 12879.301, time = 0.863 s
X-EN: acc of top [1, 10, 50, 100] = [ 0.2593  0.5361  0.7532  0.8431], mean = 133.718, mrr = 0.353, time = 5.662 s 
EN-X: acc of top [1, 10, 50, 100] = [ 0.2987  0.5937  0.7929  0.8614], mean = 139.641, mrr = 0.399, time = 5.645 s 
701/1000, sim loss = 498.270, time = 0.286 s
702/1000, rel loss = 12871.575, time = 0.870 s
703/1000, sim loss = 498.131, time = 0.270 s
704/1000, rel loss = 12762.491, time = 0.867 s
705/1000, sim loss = 497.995, time = 0.286 s
706/1000, rel loss = 12791.792, time = 0.868 s
707/1000, sim loss = 497.867, time = 0.264 s
708/1000, rel loss = 12740.225, time = 0.870 s
709/1000, sim loss = 497.742, time = 0.271 s
710/1000, rel loss = 12691.790, time = 0.874 s
711/1000, sim loss = 497.622, time = 0.268 s
712/1000, rel loss = 12666.084, time = 0.877 s
713/1000, sim loss = 497.491, time = 0.281 s
714/1000, rel loss = 12636.328, time = 0.871 s
715/1000, sim loss = 497.359, time = 0.270 s
716/1000, rel loss = 12560.615, time = 0.870 s
717/1000, sim loss = 497.241, time = 0.261 s
718/1000, rel loss = 12573.396, time = 0.869 s
719/1000, sim loss = 497.117, time = 0.261 s
720/1000, rel loss = 12505.813, time = 0.866 s
721/1000, sim loss = 497.006, time = 0.284 s
722/1000, rel loss = 12503.359, time = 0.870 s
723/1000, sim loss = 496.891, time = 0.275 s
724/1000, rel loss = 12423.423, time = 0.870 s
725/1000, sim loss = 496.765, time = 0.261 s
726/1000, rel loss = 12466.445, time = 0.872 s
727/1000, sim loss = 496.647, time = 0.272 s
728/1000, rel loss = 12370.195, time = 0.872 s
729/1000, sim loss = 496.531, time = 0.264 s
730/1000, rel loss = 12365.014, time = 0.867 s
731/1000, sim loss = 496.416, time = 0.272 s
732/1000, rel loss = 12316.797, time = 0.869 s
733/1000, sim loss = 496.294, time = 0.280 s
734/1000, rel loss = 12286.906, time = 0.870 s
735/1000, sim loss = 496.179, time = 0.279 s
736/1000, rel loss = 12279.008, time = 0.868 s
737/1000, sim loss = 496.058, time = 0.262 s
738/1000, rel loss = 12208.349, time = 0.869 s
739/1000, sim loss = 495.938, time = 0.275 s
740/1000, rel loss = 12169.330, time = 0.867 s
741/1000, sim loss = 495.812, time = 0.259 s
742/1000, rel loss = 12210.513, time = 0.864 s
743/1000, sim loss = 495.698, time = 0.288 s
744/1000, rel loss = 12159.419, time = 0.869 s
745/1000, sim loss = 495.578, time = 0.269 s
746/1000, rel loss = 12153.578, time = 0.866 s
747/1000, sim loss = 495.453, time = 0.273 s
748/1000, rel loss = 12129.657, time = 0.866 s
749/1000, sim loss = 495.337, time = 0.265 s
750/1000, rel loss = 12030.402, time = 0.869 s
751/1000, sim loss = 495.216, time = 0.262 s
752/1000, rel loss = 12019.399, time = 0.872 s
753/1000, sim loss = 495.101, time = 0.266 s
754/1000, rel loss = 12037.136, time = 0.873 s
755/1000, sim loss = 494.984, time = 0.261 s
756/1000, rel loss = 11923.643, time = 0.868 s
757/1000, sim loss = 494.871, time = 0.273 s
758/1000, rel loss = 11920.779, time = 0.868 s
759/1000, sim loss = 494.749, time = 0.270 s
760/1000, rel loss = 11934.844, time = 0.867 s
761/1000, sim loss = 494.644, time = 0.268 s
762/1000, rel loss = 11854.776, time = 0.872 s
763/1000, sim loss = 494.526, time = 0.274 s
764/1000, rel loss = 11835.530, time = 0.871 s
765/1000, sim loss = 494.418, time = 0.270 s
766/1000, rel loss = 11787.997, time = 0.868 s
767/1000, sim loss = 494.309, time = 0.272 s
768/1000, rel loss = 11754.063, time = 0.869 s
769/1000, sim loss = 494.203, time = 0.274 s
770/1000, rel loss = 11729.421, time = 0.872 s
771/1000, sim loss = 494.100, time = 0.261 s
772/1000, rel loss = 11711.415, time = 0.869 s
773/1000, sim loss = 493.993, time = 0.264 s
774/1000, rel loss = 11638.418, time = 0.868 s
775/1000, sim loss = 493.879, time = 0.264 s
776/1000, rel loss = 11648.715, time = 0.864 s
777/1000, sim loss = 493.764, time = 0.259 s
778/1000, rel loss = 11617.190, time = 0.868 s
779/1000, sim loss = 493.655, time = 0.281 s
780/1000, rel loss = 11623.955, time = 0.866 s
781/1000, sim loss = 493.548, time = 0.264 s
782/1000, rel loss = 11606.269, time = 0.868 s
783/1000, sim loss = 493.437, time = 0.260 s
784/1000, rel loss = 11552.216, time = 0.867 s
785/1000, sim loss = 493.336, time = 0.258 s
786/1000, rel loss = 11484.746, time = 0.869 s
787/1000, sim loss = 493.242, time = 0.261 s
788/1000, rel loss = 11478.334, time = 0.871 s
789/1000, sim loss = 493.138, time = 0.263 s
790/1000, rel loss = 11452.847, time = 0.872 s
791/1000, sim loss = 493.038, time = 0.272 s
792/1000, rel loss = 11420.694, time = 0.874 s
793/1000, sim loss = 492.930, time = 0.270 s
794/1000, rel loss = 11391.392, time = 0.869 s
795/1000, sim loss = 492.823, time = 0.276 s
796/1000, rel loss = 11350.792, time = 0.868 s
797/1000, sim loss = 492.710, time = 0.262 s
798/1000, rel loss = 11291.521, time = 0.872 s
799/1000, sim loss = 492.598, time = 0.283 s
800/1000, rel loss = 11328.694, time = 0.871 s
X-EN: acc of top [1, 10, 50, 100] = [ 0.2638  0.5384  0.7563  0.8444], mean = 129.307, mrr = 0.358, time = 5.657 s 
EN-X: acc of top [1, 10, 50, 100] = [ 0.3064  0.6039  0.7977  0.8667], mean = 134.269, mrr = 0.407, time = 5.642 s 
801/1000, sim loss = 492.492, time = 0.266 s
802/1000, rel loss = 11264.938, time = 0.874 s
803/1000, sim loss = 492.395, time = 0.274 s
804/1000, rel loss = 11309.364, time = 0.869 s
805/1000, sim loss = 492.291, time = 0.285 s
806/1000, rel loss = 11247.916, time = 0.874 s
807/1000, sim loss = 492.192, time = 0.276 s
808/1000, rel loss = 11170.458, time = 0.867 s
809/1000, sim loss = 492.087, time = 0.272 s
810/1000, rel loss = 11161.454, time = 0.867 s
811/1000, sim loss = 491.985, time = 0.271 s
812/1000, rel loss = 11152.644, time = 0.875 s
813/1000, sim loss = 491.890, time = 0.282 s
814/1000, rel loss = 11118.149, time = 0.873 s
815/1000, sim loss = 491.784, time = 0.264 s
816/1000, rel loss = 11080.121, time = 0.873 s
817/1000, sim loss = 491.684, time = 0.263 s
818/1000, rel loss = 11041.309, time = 0.869 s
819/1000, sim loss = 491.579, time = 0.284 s
820/1000, rel loss = 11026.693, time = 0.866 s
821/1000, sim loss = 491.472, time = 0.261 s
822/1000, rel loss = 11006.408, time = 0.865 s
823/1000, sim loss = 491.377, time = 0.272 s
824/1000, rel loss = 10964.747, time = 0.870 s
825/1000, sim loss = 491.284, time = 0.266 s
826/1000, rel loss = 10908.267, time = 0.872 s
827/1000, sim loss = 491.184, time = 0.270 s
828/1000, rel loss = 10929.891, time = 0.871 s
829/1000, sim loss = 491.089, time = 0.272 s
830/1000, rel loss = 10922.036, time = 0.869 s
831/1000, sim loss = 490.988, time = 0.265 s
832/1000, rel loss = 10909.459, time = 0.870 s
833/1000, sim loss = 490.906, time = 0.271 s
834/1000, rel loss = 10890.014, time = 0.868 s
835/1000, sim loss = 490.811, time = 0.266 s
836/1000, rel loss = 10811.344, time = 0.866 s
837/1000, sim loss = 490.719, time = 0.259 s
838/1000, rel loss = 10762.143, time = 0.868 s
839/1000, sim loss = 490.618, time = 0.258 s
840/1000, rel loss = 10744.494, time = 0.867 s
841/1000, sim loss = 490.523, time = 0.265 s
842/1000, rel loss = 10741.318, time = 0.866 s
843/1000, sim loss = 490.426, time = 0.261 s
844/1000, rel loss = 10701.838, time = 0.871 s
845/1000, sim loss = 490.332, time = 0.269 s
846/1000, rel loss = 10662.094, time = 0.864 s
847/1000, sim loss = 490.241, time = 0.272 s
848/1000, rel loss = 10684.854, time = 0.871 s
849/1000, sim loss = 490.149, time = 0.258 s
850/1000, rel loss = 10609.136, time = 0.873 s
851/1000, sim loss = 490.053, time = 0.266 s
852/1000, rel loss = 10617.106, time = 0.868 s
853/1000, sim loss = 489.969, time = 0.271 s
854/1000, rel loss = 10631.126, time = 0.868 s
855/1000, sim loss = 489.884, time = 0.273 s
856/1000, rel loss = 10527.190, time = 0.866 s
857/1000, sim loss = 489.801, time = 0.259 s
858/1000, rel loss = 10507.654, time = 0.865 s
859/1000, sim loss = 489.714, time = 0.271 s
860/1000, rel loss = 10463.317, time = 0.867 s
861/1000, sim loss = 489.619, time = 0.270 s
862/1000, rel loss = 10472.740, time = 0.868 s
863/1000, sim loss = 489.535, time = 0.287 s
864/1000, rel loss = 10456.850, time = 0.870 s
865/1000, sim loss = 489.446, time = 0.278 s
866/1000, rel loss = 10440.074, time = 0.870 s
867/1000, sim loss = 489.362, time = 0.258 s
868/1000, rel loss = 10408.001, time = 0.869 s
869/1000, sim loss = 489.271, time = 0.287 s
870/1000, rel loss = 10400.559, time = 0.872 s
871/1000, sim loss = 489.185, time = 0.262 s
872/1000, rel loss = 10379.231, time = 0.867 s
873/1000, sim loss = 489.098, time = 0.287 s
874/1000, rel loss = 10354.045, time = 0.867 s
875/1000, sim loss = 489.017, time = 0.260 s
876/1000, rel loss = 10336.372, time = 0.890 s
877/1000, sim loss = 488.933, time = 0.276 s
878/1000, rel loss = 10251.068, time = 0.886 s
879/1000, sim loss = 488.847, time = 0.281 s
880/1000, rel loss = 10256.612, time = 0.897 s
881/1000, sim loss = 488.761, time = 0.282 s
882/1000, rel loss = 10258.031, time = 0.884 s
883/1000, sim loss = 488.676, time = 0.261 s
884/1000, rel loss = 10233.189, time = 0.869 s
885/1000, sim loss = 488.592, time = 0.271 s
886/1000, rel loss = 10195.578, time = 0.868 s
887/1000, sim loss = 488.503, time = 0.286 s
888/1000, rel loss = 10187.214, time = 0.877 s
889/1000, sim loss = 488.424, time = 0.277 s
890/1000, rel loss = 10176.019, time = 0.864 s
891/1000, sim loss = 488.331, time = 0.267 s
892/1000, rel loss = 10154.592, time = 0.868 s
893/1000, sim loss = 488.239, time = 0.283 s
894/1000, rel loss = 10086.345, time = 0.871 s
895/1000, sim loss = 488.158, time = 0.262 s
896/1000, rel loss = 10082.322, time = 0.867 s
897/1000, sim loss = 488.079, time = 0.268 s
898/1000, rel loss = 10103.105, time = 0.864 s
899/1000, sim loss = 487.996, time = 0.263 s
900/1000, rel loss = 10021.128, time = 0.869 s
X-EN: acc of top [1, 10, 50, 100] = [ 0.2667  0.5427  0.7579  0.8438], mean = 126.453, mrr = 0.361, time = 5.650 s 
EN-X: acc of top [1, 10, 50, 100] = [ 0.307   0.6117  0.8022  0.869 ], mean = 130.942, mrr = 0.409, time = 5.638 s 
901/1000, sim loss = 487.915, time = 0.270 s
902/1000, rel loss = 10039.968, time = 0.867 s
903/1000, sim loss = 487.837, time = 0.261 s
904/1000, rel loss = 10013.387, time = 0.869 s
905/1000, sim loss = 487.755, time = 0.268 s
906/1000, rel loss = 9967.188, time = 0.871 s
907/1000, sim loss = 487.672, time = 0.262 s
908/1000, rel loss = 9937.853, time = 0.866 s
909/1000, sim loss = 487.593, time = 0.261 s
910/1000, rel loss = 9913.271, time = 0.870 s
911/1000, sim loss = 487.515, time = 0.261 s
912/1000, rel loss = 9871.514, time = 0.867 s
913/1000, sim loss = 487.434, time = 0.270 s
914/1000, rel loss = 9885.739, time = 0.874 s
915/1000, sim loss = 487.359, time = 0.259 s
916/1000, rel loss = 9836.940, time = 0.873 s
917/1000, sim loss = 487.274, time = 0.266 s
918/1000, rel loss = 9845.977, time = 0.874 s
919/1000, sim loss = 487.193, time = 0.265 s
920/1000, rel loss = 9824.184, time = 0.868 s
921/1000, sim loss = 487.118, time = 0.264 s
922/1000, rel loss = 9828.148, time = 0.868 s
923/1000, sim loss = 487.035, time = 0.262 s
924/1000, rel loss = 9740.109, time = 0.868 s
925/1000, sim loss = 486.955, time = 0.269 s
926/1000, rel loss = 9705.729, time = 0.872 s
927/1000, sim loss = 486.886, time = 0.265 s
928/1000, rel loss = 9774.162, time = 0.864 s
929/1000, sim loss = 486.809, time = 0.261 s
930/1000, rel loss = 9671.881, time = 0.866 s
931/1000, sim loss = 486.729, time = 0.290 s
932/1000, rel loss = 9719.317, time = 0.865 s
933/1000, sim loss = 486.652, time = 0.260 s
934/1000, rel loss = 9702.088, time = 0.864 s
935/1000, sim loss = 486.581, time = 0.266 s
936/1000, rel loss = 9669.896, time = 0.868 s
937/1000, sim loss = 486.504, time = 0.258 s
938/1000, rel loss = 9563.598, time = 0.867 s
939/1000, sim loss = 486.438, time = 0.259 s
940/1000, rel loss = 9594.307, time = 0.867 s
941/1000, sim loss = 486.363, time = 0.263 s
942/1000, rel loss = 9527.489, time = 0.864 s
943/1000, sim loss = 486.290, time = 0.278 s
944/1000, rel loss = 9550.577, time = 0.866 s
945/1000, sim loss = 486.209, time = 0.276 s
946/1000, rel loss = 9510.525, time = 0.868 s
947/1000, sim loss = 486.132, time = 0.276 s
948/1000, rel loss = 9545.948, time = 0.869 s
949/1000, sim loss = 486.051, time = 0.257 s
950/1000, rel loss = 9517.585, time = 0.864 s
951/1000, sim loss = 485.971, time = 0.258 s
952/1000, rel loss = 9510.627, time = 0.866 s
953/1000, sim loss = 485.904, time = 0.268 s
954/1000, rel loss = 9390.043, time = 0.870 s
955/1000, sim loss = 485.822, time = 0.287 s
956/1000, rel loss = 9445.822, time = 0.870 s
957/1000, sim loss = 485.759, time = 0.269 s
958/1000, rel loss = 9440.608, time = 0.862 s
959/1000, sim loss = 485.678, time = 0.272 s
960/1000, rel loss = 9387.325, time = 0.864 s
961/1000, sim loss = 485.603, time = 0.265 s
962/1000, rel loss = 9371.230, time = 0.867 s
963/1000, sim loss = 485.532, time = 0.278 s
964/1000, rel loss = 9360.195, time = 0.866 s
965/1000, sim loss = 485.467, time = 0.259 s
966/1000, rel loss = 9283.194, time = 0.867 s
967/1000, sim loss = 485.394, time = 0.261 s
968/1000, rel loss = 9307.001, time = 0.864 s
969/1000, sim loss = 485.315, time = 0.262 s
970/1000, rel loss = 9283.788, time = 0.868 s
971/1000, sim loss = 485.245, time = 0.274 s
972/1000, rel loss = 9267.584, time = 0.870 s
973/1000, sim loss = 485.173, time = 0.271 s
974/1000, rel loss = 9237.309, time = 0.867 s
975/1000, sim loss = 485.105, time = 0.268 s
976/1000, rel loss = 9218.233, time = 0.870 s
977/1000, sim loss = 485.037, time = 0.266 s
978/1000, rel loss = 9232.324, time = 0.872 s
979/1000, sim loss = 484.971, time = 0.271 s
980/1000, rel loss = 9190.378, time = 0.869 s
981/1000, sim loss = 484.907, time = 0.276 s
982/1000, rel loss = 9165.046, time = 0.870 s
983/1000, sim loss = 484.831, time = 0.282 s
984/1000, rel loss = 9186.071, time = 0.867 s
985/1000, sim loss = 484.772, time = 0.268 s
986/1000, rel loss = 9126.045, time = 0.868 s
987/1000, sim loss = 484.709, time = 0.260 s
988/1000, rel loss = 9156.235, time = 0.868 s
989/1000, sim loss = 484.639, time = 0.262 s
990/1000, rel loss = 9162.401, time = 0.867 s
991/1000, sim loss = 484.569, time = 0.259 s
992/1000, rel loss = 9055.437, time = 0.867 s
993/1000, sim loss = 484.503, time = 0.277 s
994/1000, rel loss = 9072.357, time = 0.865 s
995/1000, sim loss = 484.424, time = 0.277 s
996/1000, rel loss = 9016.862, time = 0.866 s
997/1000, sim loss = 484.351, time = 0.262 s
998/1000, rel loss = 8980.951, time = 0.868 s
999/1000, sim loss = 484.285, time = 0.270 s
X-EN: acc of top [1, 10, 50, 100] = [ 0.2681  0.5469  0.7582  0.845 ], mean = 124.536, mrr = 0.363, time = 5.656 s 
EN-X: acc of top [1, 10, 50, 100] = [ 0.3093  0.6123  0.805   0.8719], mean = 128.765, mrr = 0.411, time = 5.640 s 
early stop
save embeddings...
time:545.351 s

679s
