***********************./en_fr_15k_V1***********************
neg param 0.1 ; split ; sim param 0.05 ; inner sim param 0.05
ents: 15000 + 4991 = 15000
ents: 15000 + 4832 = 15000
all ents: 25500
all rels: 221 177 398
all triples: 36508 + 33532 = 70040
To align: 10500
sparse sim mat to sparse tensor
sparse sim mat to sparse tensor
sparse sim mat to sparse tensor
0/1000, rel loss = 183298.614, time = 1.003 s
1/1000, sim loss = 875.519, time = 1.705 s
2/1000, rel loss = 165408.771, time = 0.863 s
3/1000, sim loss = 866.580, time = 0.226 s
4/1000, rel loss = 154643.786, time = 0.865 s
5/1000, sim loss = 857.820, time = 0.221 s
6/1000, rel loss = 146356.445, time = 0.859 s
7/1000, sim loss = 849.157, time = 0.239 s
8/1000, rel loss = 139514.742, time = 0.864 s
9/1000, sim loss = 840.762, time = 0.251 s
10/1000, rel loss = 133672.802, time = 0.861 s
11/1000, sim loss = 832.677, time = 0.226 s
12/1000, rel loss = 128490.455, time = 0.856 s
13/1000, sim loss = 824.848, time = 0.238 s
14/1000, rel loss = 123877.135, time = 0.867 s
15/1000, sim loss = 817.267, time = 0.226 s
16/1000, rel loss = 119718.579, time = 0.861 s
17/1000, sim loss = 809.965, time = 0.225 s
18/1000, rel loss = 115835.475, time = 0.859 s
19/1000, sim loss = 802.891, time = 0.221 s
20/1000, rel loss = 112285.981, time = 0.858 s
21/1000, sim loss = 796.034, time = 0.227 s
22/1000, rel loss = 109013.754, time = 0.865 s
23/1000, sim loss = 789.419, time = 0.220 s
24/1000, rel loss = 105966.473, time = 0.855 s
25/1000, sim loss = 783.008, time = 0.224 s
26/1000, rel loss = 103096.166, time = 0.856 s
27/1000, sim loss = 776.855, time = 0.226 s
28/1000, rel loss = 100432.247, time = 0.855 s
29/1000, sim loss = 770.900, time = 0.235 s
30/1000, rel loss = 97887.176, time = 0.863 s
31/1000, sim loss = 765.108, time = 0.223 s
32/1000, rel loss = 95507.167, time = 0.863 s
33/1000, sim loss = 759.536, time = 0.222 s
34/1000, rel loss = 93307.435, time = 0.857 s
35/1000, sim loss = 754.139, time = 0.229 s
36/1000, rel loss = 91178.006, time = 0.856 s
37/1000, sim loss = 748.882, time = 0.227 s
38/1000, rel loss = 89152.466, time = 0.864 s
39/1000, sim loss = 743.739, time = 0.225 s
40/1000, rel loss = 87224.284, time = 0.860 s
41/1000, sim loss = 738.753, time = 0.221 s
42/1000, rel loss = 85396.540, time = 0.860 s
43/1000, sim loss = 734.013, time = 0.226 s
44/1000, rel loss = 83619.618, time = 0.866 s
45/1000, sim loss = 729.404, time = 0.225 s
46/1000, rel loss = 81934.356, time = 0.868 s
47/1000, sim loss = 724.857, time = 0.221 s
48/1000, rel loss = 80339.552, time = 0.862 s
49/1000, sim loss = 720.503, time = 0.232 s
50/1000, rel loss = 78776.505, time = 0.858 s
51/1000, sim loss = 716.291, time = 0.229 s
52/1000, rel loss = 77324.128, time = 0.860 s
53/1000, sim loss = 712.184, time = 0.225 s
54/1000, rel loss = 75922.342, time = 0.857 s
55/1000, sim loss = 708.180, time = 0.227 s
56/1000, rel loss = 74569.407, time = 0.858 s
57/1000, sim loss = 704.304, time = 0.232 s
58/1000, rel loss = 73258.112, time = 0.861 s
59/1000, sim loss = 700.538, time = 0.239 s
60/1000, rel loss = 72010.620, time = 0.859 s
61/1000, sim loss = 696.861, time = 0.224 s
62/1000, rel loss = 70797.437, time = 0.858 s
63/1000, sim loss = 693.317, time = 0.219 s
64/1000, rel loss = 69653.004, time = 0.864 s
65/1000, sim loss = 689.798, time = 0.224 s
66/1000, rel loss = 68555.024, time = 0.861 s
67/1000, sim loss = 686.437, time = 0.228 s
68/1000, rel loss = 67430.122, time = 0.855 s
69/1000, sim loss = 683.108, time = 0.233 s
70/1000, rel loss = 66412.765, time = 0.857 s
71/1000, sim loss = 679.847, time = 0.225 s
72/1000, rel loss = 65365.583, time = 0.864 s
73/1000, sim loss = 676.690, time = 0.233 s
74/1000, rel loss = 64401.100, time = 0.871 s
75/1000, sim loss = 673.602, time = 0.234 s
76/1000, rel loss = 63462.923, time = 0.856 s
77/1000, sim loss = 670.593, time = 0.231 s
78/1000, rel loss = 62537.545, time = 0.857 s
79/1000, sim loss = 667.656, time = 0.224 s
80/1000, rel loss = 61657.474, time = 0.858 s
81/1000, sim loss = 664.788, time = 0.220 s
82/1000, rel loss = 60761.757, time = 0.857 s
83/1000, sim loss = 661.989, time = 0.224 s
84/1000, rel loss = 59946.300, time = 0.872 s
85/1000, sim loss = 659.238, time = 0.246 s
86/1000, rel loss = 59118.916, time = 0.862 s
87/1000, sim loss = 656.526, time = 0.233 s
88/1000, rel loss = 58325.875, time = 0.865 s
89/1000, sim loss = 653.916, time = 0.223 s
90/1000, rel loss = 57565.520, time = 0.868 s
91/1000, sim loss = 651.358, time = 0.231 s
92/1000, rel loss = 56824.420, time = 0.863 s
93/1000, sim loss = 648.842, time = 0.229 s
94/1000, rel loss = 56084.056, time = 0.864 s
95/1000, sim loss = 646.390, time = 0.221 s
96/1000, rel loss = 55349.290, time = 0.859 s
97/1000, sim loss = 644.007, time = 0.226 s
98/1000, rel loss = 54664.369, time = 0.859 s
99/1000, sim loss = 641.676, time = 0.229 s
100/1000, rel loss = 53993.414, time = 0.864 s
101/1000, sim loss = 639.381, time = 0.228 s
102/1000, rel loss = 53355.103, time = 0.862 s
103/1000, sim loss = 637.121, time = 0.239 s
104/1000, rel loss = 52699.169, time = 0.861 s
105/1000, sim loss = 634.866, time = 0.241 s
106/1000, rel loss = 52089.764, time = 0.868 s
107/1000, sim loss = 632.732, time = 0.227 s
108/1000, rel loss = 51487.476, time = 0.859 s
109/1000, sim loss = 630.615, time = 0.225 s
110/1000, rel loss = 50858.013, time = 0.859 s
111/1000, sim loss = 628.500, time = 0.223 s
112/1000, rel loss = 50306.356, time = 0.863 s
113/1000, sim loss = 626.506, time = 0.232 s
114/1000, rel loss = 49725.816, time = 0.862 s
115/1000, sim loss = 624.487, time = 0.221 s
116/1000, rel loss = 49168.073, time = 0.864 s
117/1000, sim loss = 622.532, time = 0.226 s
118/1000, rel loss = 48638.257, time = 0.867 s
119/1000, sim loss = 620.609, time = 0.235 s
120/1000, rel loss = 48101.356, time = 0.857 s
121/1000, sim loss = 618.746, time = 0.224 s
122/1000, rel loss = 47599.238, time = 0.866 s
123/1000, sim loss = 616.910, time = 0.231 s
124/1000, rel loss = 47114.762, time = 0.858 s
125/1000, sim loss = 615.125, time = 0.229 s
126/1000, rel loss = 46586.049, time = 0.862 s
127/1000, sim loss = 613.346, time = 0.227 s
128/1000, rel loss = 46120.216, time = 0.864 s
129/1000, sim loss = 611.611, time = 0.223 s
130/1000, rel loss = 45647.552, time = 0.866 s
131/1000, sim loss = 609.904, time = 0.229 s
132/1000, rel loss = 45172.939, time = 0.861 s
133/1000, sim loss = 608.201, time = 0.220 s
134/1000, rel loss = 44728.632, time = 0.860 s
135/1000, sim loss = 606.555, time = 0.232 s
136/1000, rel loss = 44276.797, time = 0.865 s
137/1000, sim loss = 604.946, time = 0.234 s
138/1000, rel loss = 43862.674, time = 0.872 s
139/1000, sim loss = 603.354, time = 0.220 s
140/1000, rel loss = 43429.086, time = 0.861 s
141/1000, sim loss = 601.818, time = 0.225 s
142/1000, rel loss = 43020.354, time = 0.870 s
143/1000, sim loss = 600.281, time = 0.227 s
144/1000, rel loss = 42597.930, time = 0.860 s
145/1000, sim loss = 598.766, time = 0.233 s
146/1000, rel loss = 42206.546, time = 0.866 s
147/1000, sim loss = 597.301, time = 0.225 s
148/1000, rel loss = 41826.095, time = 0.858 s
149/1000, sim loss = 595.835, time = 0.222 s
150/1000, rel loss = 41452.847, time = 0.861 s
151/1000, sim loss = 594.401, time = 0.221 s
152/1000, rel loss = 41088.610, time = 0.861 s
153/1000, sim loss = 593.009, time = 0.239 s
154/1000, rel loss = 40712.088, time = 0.859 s
155/1000, sim loss = 591.609, time = 0.225 s
156/1000, rel loss = 40344.852, time = 0.877 s
157/1000, sim loss = 590.258, time = 0.238 s
158/1000, rel loss = 40020.976, time = 0.864 s
159/1000, sim loss = 588.930, time = 0.229 s
160/1000, rel loss = 39660.340, time = 0.870 s
161/1000, sim loss = 587.617, time = 0.225 s
162/1000, rel loss = 39314.605, time = 0.859 s
163/1000, sim loss = 586.288, time = 0.223 s
164/1000, rel loss = 38961.840, time = 0.865 s
165/1000, sim loss = 585.020, time = 0.232 s
166/1000, rel loss = 38650.212, time = 0.868 s
167/1000, sim loss = 583.770, time = 0.226 s
168/1000, rel loss = 38312.114, time = 0.860 s
169/1000, sim loss = 582.516, time = 0.237 s
170/1000, rel loss = 37988.372, time = 0.866 s
171/1000, sim loss = 581.306, time = 0.226 s
172/1000, rel loss = 37661.208, time = 0.862 s
173/1000, sim loss = 580.123, time = 0.219 s
174/1000, rel loss = 37363.470, time = 0.860 s
175/1000, sim loss = 578.965, time = 0.221 s
176/1000, rel loss = 37065.426, time = 0.865 s
177/1000, sim loss = 577.814, time = 0.227 s
178/1000, rel loss = 36776.111, time = 0.863 s
179/1000, sim loss = 576.664, time = 0.223 s
180/1000, rel loss = 36494.748, time = 0.863 s
181/1000, sim loss = 575.523, time = 0.223 s
182/1000, rel loss = 36211.390, time = 0.867 s
183/1000, sim loss = 574.409, time = 0.223 s
184/1000, rel loss = 35918.744, time = 0.858 s
185/1000, sim loss = 573.312, time = 0.227 s
186/1000, rel loss = 35628.256, time = 0.861 s
187/1000, sim loss = 572.238, time = 0.227 s
188/1000, rel loss = 35374.458, time = 0.861 s
189/1000, sim loss = 571.176, time = 0.222 s
190/1000, rel loss = 35116.696, time = 0.860 s
191/1000, sim loss = 570.114, time = 0.220 s
192/1000, rel loss = 34843.355, time = 0.861 s
193/1000, sim loss = 569.081, time = 0.227 s
194/1000, rel loss = 34574.402, time = 0.861 s
195/1000, sim loss = 568.085, time = 0.223 s
196/1000, rel loss = 34338.133, time = 0.862 s
197/1000, sim loss = 567.076, time = 0.252 s
198/1000, rel loss = 34088.825, time = 0.864 s
199/1000, sim loss = 566.082, time = 0.224 s
200/1000, rel loss = 33801.534, time = 0.858 s
201/1000, sim loss = 565.115, time = 0.223 s
202/1000, rel loss = 33580.037, time = 0.866 s
203/1000, sim loss = 564.155, time = 0.222 s
204/1000, rel loss = 33365.397, time = 0.858 s
205/1000, sim loss = 563.203, time = 0.223 s
206/1000, rel loss = 33122.866, time = 0.863 s
207/1000, sim loss = 562.289, time = 0.227 s
208/1000, rel loss = 32873.808, time = 0.861 s
209/1000, sim loss = 561.365, time = 0.222 s
210/1000, rel loss = 32661.475, time = 0.858 s
211/1000, sim loss = 560.453, time = 0.230 s
212/1000, rel loss = 32432.521, time = 0.860 s
213/1000, sim loss = 559.572, time = 0.226 s
214/1000, rel loss = 32193.457, time = 0.866 s
215/1000, sim loss = 558.688, time = 0.221 s
216/1000, rel loss = 31977.182, time = 0.860 s
217/1000, sim loss = 557.794, time = 0.219 s
218/1000, rel loss = 31791.707, time = 0.855 s
219/1000, sim loss = 556.951, time = 0.222 s
220/1000, rel loss = 31568.671, time = 0.863 s
221/1000, sim loss = 556.085, time = 0.225 s
222/1000, rel loss = 31351.632, time = 0.868 s
223/1000, sim loss = 555.256, time = 0.233 s
224/1000, rel loss = 31140.217, time = 0.860 s
225/1000, sim loss = 554.429, time = 0.227 s
226/1000, rel loss = 30939.146, time = 0.867 s
227/1000, sim loss = 553.638, time = 0.223 s
228/1000, rel loss = 30774.694, time = 0.859 s
229/1000, sim loss = 552.829, time = 0.229 s
230/1000, rel loss = 30537.749, time = 0.868 s
231/1000, sim loss = 552.048, time = 0.220 s
232/1000, rel loss = 30331.467, time = 0.861 s
233/1000, sim loss = 551.252, time = 0.219 s
234/1000, rel loss = 30156.068, time = 0.862 s
235/1000, sim loss = 550.479, time = 0.227 s
236/1000, rel loss = 29964.304, time = 0.864 s
237/1000, sim loss = 549.718, time = 0.238 s
238/1000, rel loss = 29765.838, time = 0.864 s
239/1000, sim loss = 548.965, time = 0.233 s
240/1000, rel loss = 29576.996, time = 0.861 s
241/1000, sim loss = 548.242, time = 0.243 s
242/1000, rel loss = 29395.586, time = 0.859 s
243/1000, sim loss = 547.482, time = 0.221 s
244/1000, rel loss = 29233.324, time = 0.859 s
245/1000, sim loss = 546.755, time = 0.223 s
246/1000, rel loss = 29053.270, time = 0.858 s
247/1000, sim loss = 546.058, time = 0.226 s
248/1000, rel loss = 28891.667, time = 0.860 s
249/1000, sim loss = 545.354, time = 0.238 s
250/1000, rel loss = 28698.283, time = 0.863 s
251/1000, sim loss = 544.665, time = 0.226 s
252/1000, rel loss = 28545.112, time = 0.862 s
253/1000, sim loss = 543.970, time = 0.222 s
254/1000, rel loss = 28369.138, time = 0.867 s
255/1000, sim loss = 543.304, time = 0.224 s
256/1000, rel loss = 28222.793, time = 0.867 s
257/1000, sim loss = 542.634, time = 0.221 s
258/1000, rel loss = 28024.376, time = 0.865 s
259/1000, sim loss = 541.962, time = 0.223 s
260/1000, rel loss = 27853.026, time = 0.861 s
261/1000, sim loss = 541.292, time = 0.228 s
262/1000, rel loss = 27714.289, time = 0.864 s
263/1000, sim loss = 540.646, time = 0.224 s
264/1000, rel loss = 27537.124, time = 0.862 s
265/1000, sim loss = 540.003, time = 0.223 s
266/1000, rel loss = 27404.546, time = 0.861 s
267/1000, sim loss = 539.362, time = 0.226 s
268/1000, rel loss = 27257.939, time = 0.864 s
269/1000, sim loss = 538.736, time = 0.230 s
270/1000, rel loss = 27118.809, time = 0.859 s
271/1000, sim loss = 538.113, time = 0.242 s
272/1000, rel loss = 26970.826, time = 0.865 s
273/1000, sim loss = 537.495, time = 0.230 s
274/1000, rel loss = 26807.664, time = 0.859 s
275/1000, sim loss = 536.872, time = 0.227 s
276/1000, rel loss = 26677.645, time = 0.865 s
277/1000, sim loss = 536.268, time = 0.224 s
278/1000, rel loss = 26541.381, time = 0.868 s
279/1000, sim loss = 535.681, time = 0.227 s
280/1000, rel loss = 26387.886, time = 0.860 s
281/1000, sim loss = 535.083, time = 0.228 s
282/1000, rel loss = 26248.963, time = 0.858 s
283/1000, sim loss = 534.516, time = 0.229 s
284/1000, rel loss = 26105.015, time = 0.863 s
285/1000, sim loss = 533.932, time = 0.232 s
286/1000, rel loss = 25959.430, time = 0.861 s
287/1000, sim loss = 533.356, time = 0.221 s
288/1000, rel loss = 25843.482, time = 0.859 s
289/1000, sim loss = 532.805, time = 0.248 s
290/1000, rel loss = 25697.124, time = 0.853 s
291/1000, sim loss = 532.255, time = 0.238 s
292/1000, rel loss = 25581.115, time = 0.866 s
293/1000, sim loss = 531.704, time = 0.222 s
294/1000, rel loss = 25442.899, time = 0.858 s
295/1000, sim loss = 531.166, time = 0.243 s
296/1000, rel loss = 25271.645, time = 0.874 s
297/1000, sim loss = 530.626, time = 0.239 s
298/1000, rel loss = 25158.885, time = 0.863 s
299/1000, sim loss = 530.086, time = 0.220 s
300/1000, rel loss = 25026.005, time = 0.855 s
X-EN: acc of top [1, 10, 50, 100] = [ 0.2054  0.4972  0.7217  0.8086], mean = 195.438, mrr = 0.304, time = 5.684 s 
EN-X: acc of top [1, 10, 50, 100] = [ 0.2266  0.5041  0.729   0.8125], mean = 195.936, mrr = 0.319, time = 5.657 s 
301/1000, sim loss = 529.572, time = 0.223 s
302/1000, rel loss = 24936.333, time = 0.860 s
303/1000, sim loss = 529.062, time = 0.232 s
304/1000, rel loss = 24803.333, time = 0.859 s
305/1000, sim loss = 528.545, time = 0.224 s
306/1000, rel loss = 24672.706, time = 0.857 s
307/1000, sim loss = 528.049, time = 0.223 s
308/1000, rel loss = 24575.034, time = 0.867 s
309/1000, sim loss = 527.561, time = 0.224 s
310/1000, rel loss = 24433.291, time = 0.860 s
311/1000, sim loss = 527.078, time = 0.223 s
312/1000, rel loss = 24308.848, time = 0.858 s
313/1000, sim loss = 526.562, time = 0.233 s
314/1000, rel loss = 24206.968, time = 0.865 s
315/1000, sim loss = 526.087, time = 0.225 s
316/1000, rel loss = 24076.661, time = 0.859 s
317/1000, sim loss = 525.591, time = 0.228 s
318/1000, rel loss = 23980.389, time = 0.859 s
319/1000, sim loss = 525.135, time = 0.240 s
320/1000, rel loss = 23855.977, time = 0.864 s
321/1000, sim loss = 524.657, time = 0.227 s
322/1000, rel loss = 23753.694, time = 0.859 s
323/1000, sim loss = 524.200, time = 0.221 s
324/1000, rel loss = 23649.447, time = 0.862 s
325/1000, sim loss = 523.750, time = 0.222 s
326/1000, rel loss = 23523.498, time = 0.861 s
327/1000, sim loss = 523.290, time = 0.228 s
328/1000, rel loss = 23419.426, time = 0.861 s
329/1000, sim loss = 522.849, time = 0.230 s
330/1000, rel loss = 23294.516, time = 0.864 s
331/1000, sim loss = 522.390, time = 0.224 s
332/1000, rel loss = 23222.713, time = 0.859 s
333/1000, sim loss = 521.946, time = 0.227 s
334/1000, rel loss = 23117.509, time = 0.857 s
335/1000, sim loss = 521.503, time = 0.221 s
336/1000, rel loss = 23054.017, time = 0.858 s
337/1000, sim loss = 521.052, time = 0.222 s
338/1000, rel loss = 22902.245, time = 0.863 s
339/1000, sim loss = 520.617, time = 0.225 s
340/1000, rel loss = 22821.197, time = 0.863 s
341/1000, sim loss = 520.189, time = 0.227 s
342/1000, rel loss = 22675.878, time = 0.856 s
343/1000, sim loss = 519.767, time = 0.229 s
344/1000, rel loss = 22611.842, time = 0.871 s
345/1000, sim loss = 519.355, time = 0.228 s
346/1000, rel loss = 22510.627, time = 0.860 s
347/1000, sim loss = 518.915, time = 0.225 s
348/1000, rel loss = 22406.720, time = 0.868 s
349/1000, sim loss = 518.514, time = 0.241 s
350/1000, rel loss = 22327.598, time = 0.871 s
351/1000, sim loss = 518.098, time = 0.229 s
352/1000, rel loss = 22232.056, time = 0.861 s
353/1000, sim loss = 517.680, time = 0.223 s
354/1000, rel loss = 22113.884, time = 0.861 s
355/1000, sim loss = 517.267, time = 0.228 s
356/1000, rel loss = 22031.378, time = 0.862 s
357/1000, sim loss = 516.873, time = 0.225 s
358/1000, rel loss = 21939.234, time = 0.867 s
359/1000, sim loss = 516.491, time = 0.224 s
360/1000, rel loss = 21826.695, time = 0.858 s
361/1000, sim loss = 516.107, time = 0.242 s
362/1000, rel loss = 21782.131, time = 0.858 s
363/1000, sim loss = 515.727, time = 0.223 s
364/1000, rel loss = 21639.533, time = 0.860 s
365/1000, sim loss = 515.358, time = 0.242 s
366/1000, rel loss = 21569.180, time = 0.860 s
367/1000, sim loss = 514.979, time = 0.228 s
368/1000, rel loss = 21483.502, time = 0.858 s
369/1000, sim loss = 514.610, time = 0.227 s
370/1000, rel loss = 21383.465, time = 0.861 s
371/1000, sim loss = 514.244, time = 0.223 s
372/1000, rel loss = 21299.422, time = 0.859 s
373/1000, sim loss = 513.888, time = 0.229 s
374/1000, rel loss = 21222.250, time = 0.860 s
375/1000, sim loss = 513.519, time = 0.222 s
376/1000, rel loss = 21124.328, time = 0.867 s
377/1000, sim loss = 513.173, time = 0.224 s
378/1000, rel loss = 21049.647, time = 0.860 s
379/1000, sim loss = 512.812, time = 0.225 s
380/1000, rel loss = 20976.549, time = 0.859 s
381/1000, sim loss = 512.460, time = 0.228 s
382/1000, rel loss = 20887.920, time = 0.860 s
383/1000, sim loss = 512.120, time = 0.233 s
384/1000, rel loss = 20801.321, time = 0.859 s
385/1000, sim loss = 511.787, time = 0.231 s
386/1000, rel loss = 20708.838, time = 0.858 s
387/1000, sim loss = 511.444, time = 0.221 s
388/1000, rel loss = 20679.290, time = 0.862 s
389/1000, sim loss = 511.110, time = 0.234 s
390/1000, rel loss = 20554.898, time = 0.860 s
391/1000, sim loss = 510.776, time = 0.233 s
392/1000, rel loss = 20495.029, time = 0.863 s
393/1000, sim loss = 510.433, time = 0.229 s
394/1000, rel loss = 20408.539, time = 0.858 s
395/1000, sim loss = 510.108, time = 0.222 s
396/1000, rel loss = 20341.785, time = 0.859 s
397/1000, sim loss = 509.783, time = 0.230 s
398/1000, rel loss = 20272.038, time = 0.861 s
399/1000, sim loss = 509.464, time = 0.242 s
400/1000, rel loss = 20201.594, time = 0.859 s
X-EN: acc of top [1, 10, 50, 100] = [ 0.2216  0.5289  0.7525  0.837 ], mean = 147.164, mrr = 0.325, time = 5.662 s 
EN-X: acc of top [1, 10, 50, 100] = [ 0.2468  0.5381  0.7665  0.8472], mean = 147.965, mrr = 0.344, time = 5.659 s 
401/1000, sim loss = 509.145, time = 0.229 s
402/1000, rel loss = 20126.507, time = 0.867 s
403/1000, sim loss = 508.812, time = 0.223 s
404/1000, rel loss = 20039.597, time = 0.861 s
405/1000, sim loss = 508.496, time = 0.222 s
406/1000, rel loss = 19973.866, time = 0.862 s
407/1000, sim loss = 508.192, time = 0.228 s
408/1000, rel loss = 19925.144, time = 0.860 s
409/1000, sim loss = 507.888, time = 0.222 s
410/1000, rel loss = 19840.958, time = 0.869 s
411/1000, sim loss = 507.579, time = 0.244 s
412/1000, rel loss = 19745.130, time = 0.867 s
413/1000, sim loss = 507.270, time = 0.238 s
414/1000, rel loss = 19685.140, time = 0.862 s
415/1000, sim loss = 506.971, time = 0.227 s
416/1000, rel loss = 19592.268, time = 0.856 s
417/1000, sim loss = 506.676, time = 0.222 s
418/1000, rel loss = 19569.253, time = 0.863 s
419/1000, sim loss = 506.377, time = 0.230 s
420/1000, rel loss = 19504.761, time = 0.866 s
421/1000, sim loss = 506.084, time = 0.241 s
422/1000, rel loss = 19413.884, time = 0.861 s
423/1000, sim loss = 505.785, time = 0.220 s
424/1000, rel loss = 19328.008, time = 0.867 s
425/1000, sim loss = 505.494, time = 0.239 s
426/1000, rel loss = 19268.748, time = 0.861 s
427/1000, sim loss = 505.224, time = 0.229 s
428/1000, rel loss = 19202.710, time = 0.860 s
429/1000, sim loss = 504.940, time = 0.221 s
430/1000, rel loss = 19118.854, time = 0.857 s
431/1000, sim loss = 504.662, time = 0.225 s
432/1000, rel loss = 19074.594, time = 0.863 s
433/1000, sim loss = 504.376, time = 0.242 s
434/1000, rel loss = 18993.012, time = 0.863 s
435/1000, sim loss = 504.104, time = 0.237 s
436/1000, rel loss = 18968.509, time = 0.862 s
437/1000, sim loss = 503.822, time = 0.223 s
438/1000, rel loss = 18866.362, time = 0.861 s
439/1000, sim loss = 503.545, time = 0.231 s
440/1000, rel loss = 18845.098, time = 0.859 s
441/1000, sim loss = 503.293, time = 0.221 s
442/1000, rel loss = 18737.309, time = 0.869 s
443/1000, sim loss = 503.023, time = 0.223 s
444/1000, rel loss = 18677.431, time = 0.862 s
445/1000, sim loss = 502.753, time = 0.223 s
446/1000, rel loss = 18690.167, time = 0.863 s
447/1000, sim loss = 502.482, time = 0.223 s
448/1000, rel loss = 18549.504, time = 0.867 s
449/1000, sim loss = 502.201, time = 0.223 s
450/1000, rel loss = 18485.036, time = 0.868 s
451/1000, sim loss = 501.945, time = 0.229 s
452/1000, rel loss = 18468.710, time = 0.861 s
453/1000, sim loss = 501.697, time = 0.228 s
454/1000, rel loss = 18395.690, time = 0.859 s
455/1000, sim loss = 501.448, time = 0.251 s
456/1000, rel loss = 18297.852, time = 0.864 s
457/1000, sim loss = 501.190, time = 0.232 s
458/1000, rel loss = 18258.859, time = 0.867 s
459/1000, sim loss = 500.938, time = 0.222 s
460/1000, rel loss = 18208.384, time = 0.861 s
461/1000, sim loss = 500.680, time = 0.243 s
462/1000, rel loss = 18158.470, time = 0.860 s
463/1000, sim loss = 500.416, time = 0.225 s
464/1000, rel loss = 18096.729, time = 0.864 s
465/1000, sim loss = 500.174, time = 0.222 s
466/1000, rel loss = 18045.124, time = 0.866 s
467/1000, sim loss = 499.944, time = 0.243 s
468/1000, rel loss = 17954.348, time = 0.889 s
469/1000, sim loss = 499.698, time = 0.231 s
470/1000, rel loss = 17963.282, time = 0.880 s
471/1000, sim loss = 499.451, time = 0.241 s
472/1000, rel loss = 17867.249, time = 0.881 s
473/1000, sim loss = 499.228, time = 0.251 s
474/1000, rel loss = 17803.922, time = 0.881 s
475/1000, sim loss = 498.987, time = 0.245 s
476/1000, rel loss = 17741.028, time = 0.883 s
477/1000, sim loss = 498.744, time = 0.227 s
478/1000, rel loss = 17702.911, time = 0.881 s
479/1000, sim loss = 498.515, time = 0.224 s
480/1000, rel loss = 17656.005, time = 0.880 s
481/1000, sim loss = 498.274, time = 0.224 s
482/1000, rel loss = 17615.860, time = 0.885 s
483/1000, sim loss = 498.055, time = 0.233 s
484/1000, rel loss = 17537.188, time = 0.883 s
485/1000, sim loss = 497.826, time = 0.231 s
486/1000, rel loss = 17473.521, time = 0.902 s
487/1000, sim loss = 497.583, time = 0.225 s
488/1000, rel loss = 17425.461, time = 0.856 s
489/1000, sim loss = 497.351, time = 0.226 s
490/1000, rel loss = 17392.759, time = 0.855 s
491/1000, sim loss = 497.132, time = 0.230 s
492/1000, rel loss = 17339.708, time = 0.856 s
493/1000, sim loss = 496.911, time = 0.223 s
494/1000, rel loss = 17313.969, time = 0.860 s
495/1000, sim loss = 496.679, time = 0.219 s
496/1000, rel loss = 17227.732, time = 0.859 s
497/1000, sim loss = 496.461, time = 0.221 s
498/1000, rel loss = 17198.719, time = 0.854 s
499/1000, sim loss = 496.247, time = 0.231 s
500/1000, rel loss = 17125.968, time = 0.860 s
X-EN: acc of top [1, 10, 50, 100] = [ 0.2323  0.5426  0.7681  0.8519], mean = 126.226, mrr = 0.336, time = 5.664 s 
EN-X: acc of top [1, 10, 50, 100] = [ 0.2597  0.559   0.7835  0.8599], mean = 126.737, mrr = 0.359, time = 5.658 s 
501/1000, sim loss = 496.039, time = 0.222 s
502/1000, rel loss = 17089.831, time = 0.856 s
503/1000, sim loss = 495.826, time = 0.224 s
504/1000, rel loss = 17045.666, time = 0.865 s
505/1000, sim loss = 495.620, time = 0.225 s
506/1000, rel loss = 16993.970, time = 0.860 s
507/1000, sim loss = 495.412, time = 0.225 s
508/1000, rel loss = 16938.196, time = 0.853 s
509/1000, sim loss = 495.206, time = 0.224 s
510/1000, rel loss = 16916.218, time = 0.850 s
511/1000, sim loss = 495.005, time = 0.226 s
512/1000, rel loss = 16853.475, time = 0.856 s
513/1000, sim loss = 494.804, time = 0.220 s
514/1000, rel loss = 16833.989, time = 0.851 s
515/1000, sim loss = 494.600, time = 0.234 s
516/1000, rel loss = 16747.818, time = 0.857 s
517/1000, sim loss = 494.390, time = 0.250 s
518/1000, rel loss = 16670.857, time = 0.860 s
519/1000, sim loss = 494.184, time = 0.224 s
520/1000, rel loss = 16681.746, time = 0.853 s
521/1000, sim loss = 493.992, time = 0.219 s
522/1000, rel loss = 16635.990, time = 0.858 s
523/1000, sim loss = 493.811, time = 0.220 s
524/1000, rel loss = 16570.882, time = 0.856 s
525/1000, sim loss = 493.624, time = 0.219 s
526/1000, rel loss = 16557.351, time = 0.851 s
527/1000, sim loss = 493.427, time = 0.223 s
528/1000, rel loss = 16509.308, time = 0.857 s
529/1000, sim loss = 493.239, time = 0.227 s
530/1000, rel loss = 16415.699, time = 0.856 s
531/1000, sim loss = 493.042, time = 0.229 s
532/1000, rel loss = 16382.896, time = 0.863 s
533/1000, sim loss = 492.847, time = 0.228 s
534/1000, rel loss = 16360.525, time = 0.853 s
535/1000, sim loss = 492.649, time = 0.225 s
536/1000, rel loss = 16306.393, time = 0.860 s
537/1000, sim loss = 492.455, time = 0.219 s
538/1000, rel loss = 16256.669, time = 0.858 s
539/1000, sim loss = 492.275, time = 0.226 s
540/1000, rel loss = 16209.102, time = 0.867 s
541/1000, sim loss = 492.092, time = 0.228 s
542/1000, rel loss = 16133.269, time = 0.851 s
543/1000, sim loss = 491.904, time = 0.220 s
544/1000, rel loss = 16111.401, time = 0.850 s
545/1000, sim loss = 491.715, time = 0.233 s
546/1000, rel loss = 16086.706, time = 0.856 s
547/1000, sim loss = 491.537, time = 0.225 s
548/1000, rel loss = 16027.485, time = 0.850 s
549/1000, sim loss = 491.340, time = 0.224 s
550/1000, rel loss = 15967.203, time = 0.871 s
551/1000, sim loss = 491.142, time = 0.227 s
552/1000, rel loss = 15961.556, time = 0.858 s
553/1000, sim loss = 490.952, time = 0.220 s
554/1000, rel loss = 15911.249, time = 0.861 s
555/1000, sim loss = 490.771, time = 0.228 s
556/1000, rel loss = 15831.809, time = 0.863 s
557/1000, sim loss = 490.596, time = 0.234 s
558/1000, rel loss = 15847.634, time = 0.862 s
559/1000, sim loss = 490.420, time = 0.219 s
560/1000, rel loss = 15767.158, time = 0.861 s
561/1000, sim loss = 490.239, time = 0.230 s
562/1000, rel loss = 15716.641, time = 0.861 s
563/1000, sim loss = 490.063, time = 0.228 s
564/1000, rel loss = 15711.708, time = 0.858 s
565/1000, sim loss = 489.897, time = 0.222 s
566/1000, rel loss = 15691.510, time = 0.860 s
567/1000, sim loss = 489.718, time = 0.222 s
568/1000, rel loss = 15615.713, time = 0.862 s
569/1000, sim loss = 489.554, time = 0.248 s
570/1000, rel loss = 15624.194, time = 0.860 s
571/1000, sim loss = 489.392, time = 0.240 s
572/1000, rel loss = 15559.329, time = 0.864 s
573/1000, sim loss = 489.199, time = 0.226 s
574/1000, rel loss = 15509.217, time = 0.860 s
575/1000, sim loss = 489.038, time = 0.227 s
576/1000, rel loss = 15483.434, time = 0.864 s
577/1000, sim loss = 488.872, time = 0.224 s
578/1000, rel loss = 15440.658, time = 0.894 s
579/1000, sim loss = 488.707, time = 0.223 s
580/1000, rel loss = 15398.026, time = 0.865 s
581/1000, sim loss = 488.544, time = 0.220 s
582/1000, rel loss = 15388.972, time = 0.862 s
583/1000, sim loss = 488.374, time = 0.225 s
584/1000, rel loss = 15332.501, time = 0.879 s
585/1000, sim loss = 488.202, time = 0.235 s
586/1000, rel loss = 15298.930, time = 0.860 s
587/1000, sim loss = 488.051, time = 0.221 s
588/1000, rel loss = 15247.789, time = 0.853 s
589/1000, sim loss = 487.901, time = 0.225 s
590/1000, rel loss = 15218.335, time = 0.868 s
591/1000, sim loss = 487.737, time = 0.233 s
592/1000, rel loss = 15178.976, time = 0.864 s
593/1000, sim loss = 487.571, time = 0.224 s
594/1000, rel loss = 15148.671, time = 0.861 s
595/1000, sim loss = 487.424, time = 0.226 s
596/1000, rel loss = 15123.371, time = 0.857 s
597/1000, sim loss = 487.265, time = 0.237 s
598/1000, rel loss = 15074.236, time = 0.865 s
599/1000, sim loss = 487.103, time = 0.232 s
600/1000, rel loss = 15036.783, time = 0.858 s
X-EN: acc of top [1, 10, 50, 100] = [ 0.2392  0.545   0.773   0.8549], mean = 116.704, mrr = 0.343, time = 5.714 s 
EN-X: acc of top [1, 10, 50, 100] = [ 0.2665  0.5683  0.7886  0.867 ], mean = 115.970, mrr = 0.366, time = 5.711 s 
601/1000, sim loss = 486.951, time = 0.229 s
602/1000, rel loss = 15021.930, time = 0.861 s
603/1000, sim loss = 486.800, time = 0.235 s
604/1000, rel loss = 14969.787, time = 0.860 s
605/1000, sim loss = 486.644, time = 0.228 s
606/1000, rel loss = 14939.362, time = 0.864 s
607/1000, sim loss = 486.483, time = 0.222 s
608/1000, rel loss = 14895.514, time = 0.860 s
609/1000, sim loss = 486.336, time = 0.228 s
610/1000, rel loss = 14869.916, time = 0.890 s
611/1000, sim loss = 486.196, time = 0.222 s
612/1000, rel loss = 14861.058, time = 0.858 s
613/1000, sim loss = 486.050, time = 0.222 s
614/1000, rel loss = 14786.333, time = 0.861 s
615/1000, sim loss = 485.902, time = 0.222 s
616/1000, rel loss = 14760.618, time = 0.860 s
617/1000, sim loss = 485.760, time = 0.224 s
618/1000, rel loss = 14724.066, time = 0.857 s
619/1000, sim loss = 485.620, time = 0.227 s
620/1000, rel loss = 14724.612, time = 0.886 s
621/1000, sim loss = 485.488, time = 0.221 s
622/1000, rel loss = 14639.645, time = 0.862 s
623/1000, sim loss = 485.358, time = 0.236 s
624/1000, rel loss = 14637.532, time = 0.861 s
625/1000, sim loss = 485.212, time = 0.223 s
626/1000, rel loss = 14607.455, time = 0.858 s
627/1000, sim loss = 485.076, time = 0.234 s
628/1000, rel loss = 14576.015, time = 0.862 s
629/1000, sim loss = 484.942, time = 0.222 s
630/1000, rel loss = 14517.685, time = 0.859 s
631/1000, sim loss = 484.798, time = 0.239 s
632/1000, rel loss = 14499.497, time = 0.862 s
633/1000, sim loss = 484.643, time = 0.223 s
634/1000, rel loss = 14473.404, time = 0.860 s
635/1000, sim loss = 484.502, time = 0.224 s
636/1000, rel loss = 14445.350, time = 0.862 s
637/1000, sim loss = 484.362, time = 0.240 s
638/1000, rel loss = 14386.361, time = 0.864 s
639/1000, sim loss = 484.230, time = 0.229 s
640/1000, rel loss = 14370.455, time = 0.862 s
641/1000, sim loss = 484.095, time = 0.247 s
642/1000, rel loss = 14349.223, time = 0.861 s
643/1000, sim loss = 483.954, time = 0.253 s
644/1000, rel loss = 14317.704, time = 0.857 s
645/1000, sim loss = 483.826, time = 0.226 s
646/1000, rel loss = 14310.103, time = 0.862 s
647/1000, sim loss = 483.692, time = 0.225 s
648/1000, rel loss = 14247.053, time = 0.867 s
649/1000, sim loss = 483.568, time = 0.223 s
650/1000, rel loss = 14217.864, time = 0.868 s
651/1000, sim loss = 483.438, time = 0.223 s
652/1000, rel loss = 14201.943, time = 0.859 s
653/1000, sim loss = 483.313, time = 0.222 s
654/1000, rel loss = 14160.160, time = 0.864 s
655/1000, sim loss = 483.189, time = 0.233 s
656/1000, rel loss = 14111.538, time = 0.857 s
657/1000, sim loss = 483.055, time = 0.227 s
658/1000, rel loss = 14073.122, time = 0.865 s
659/1000, sim loss = 482.925, time = 0.226 s
660/1000, rel loss = 14077.585, time = 0.857 s
661/1000, sim loss = 482.800, time = 0.220 s
662/1000, rel loss = 14017.191, time = 0.862 s
663/1000, sim loss = 482.672, time = 0.228 s
664/1000, rel loss = 13998.278, time = 0.860 s
665/1000, sim loss = 482.547, time = 0.232 s
666/1000, rel loss = 13952.386, time = 0.864 s
667/1000, sim loss = 482.430, time = 0.228 s
668/1000, rel loss = 13944.341, time = 0.862 s
669/1000, sim loss = 482.292, time = 0.225 s
670/1000, rel loss = 13911.267, time = 0.859 s
671/1000, sim loss = 482.173, time = 0.242 s
672/1000, rel loss = 13905.198, time = 0.858 s
673/1000, sim loss = 482.048, time = 0.235 s
674/1000, rel loss = 13862.882, time = 0.861 s
675/1000, sim loss = 481.927, time = 0.228 s
676/1000, rel loss = 13873.359, time = 0.858 s
677/1000, sim loss = 481.802, time = 0.224 s
678/1000, rel loss = 13817.149, time = 0.863 s
679/1000, sim loss = 481.688, time = 0.253 s
680/1000, rel loss = 13790.374, time = 0.864 s
681/1000, sim loss = 481.567, time = 0.227 s
682/1000, rel loss = 13751.711, time = 0.866 s
683/1000, sim loss = 481.449, time = 0.228 s
684/1000, rel loss = 13721.002, time = 0.889 s
685/1000, sim loss = 481.319, time = 0.233 s
686/1000, rel loss = 13693.042, time = 0.861 s
687/1000, sim loss = 481.191, time = 0.224 s
688/1000, rel loss = 13681.994, time = 0.867 s
689/1000, sim loss = 481.063, time = 0.223 s
690/1000, rel loss = 13637.916, time = 0.858 s
691/1000, sim loss = 480.931, time = 0.222 s
692/1000, rel loss = 13633.160, time = 0.868 s
693/1000, sim loss = 480.819, time = 0.238 s
694/1000, rel loss = 13581.806, time = 0.863 s
695/1000, sim loss = 480.704, time = 0.221 s
696/1000, rel loss = 13546.932, time = 0.864 s
697/1000, sim loss = 480.579, time = 0.227 s
698/1000, rel loss = 13527.685, time = 0.855 s
699/1000, sim loss = 480.444, time = 0.220 s
700/1000, rel loss = 13502.336, time = 0.861 s
X-EN: acc of top [1, 10, 50, 100] = [ 0.2409  0.5487  0.7714  0.8551], mean = 112.184, mrr = 0.345, time = 5.660 s 
EN-X: acc of top [1, 10, 50, 100] = [ 0.2701  0.5735  0.7924  0.8683], mean = 110.543, mrr = 0.370, time = 5.658 s 
701/1000, sim loss = 480.326, time = 0.230 s
702/1000, rel loss = 13493.445, time = 0.859 s
703/1000, sim loss = 480.209, time = 0.239 s
704/1000, rel loss = 13429.148, time = 0.864 s
705/1000, sim loss = 480.092, time = 0.235 s
706/1000, rel loss = 13421.913, time = 0.866 s
707/1000, sim loss = 479.982, time = 0.233 s
708/1000, rel loss = 13410.318, time = 0.861 s
709/1000, sim loss = 479.874, time = 0.245 s
710/1000, rel loss = 13367.341, time = 0.856 s
711/1000, sim loss = 479.768, time = 0.222 s
712/1000, rel loss = 13314.698, time = 0.860 s
713/1000, sim loss = 479.663, time = 0.228 s
714/1000, rel loss = 13286.981, time = 0.869 s
715/1000, sim loss = 479.553, time = 0.222 s
716/1000, rel loss = 13275.568, time = 0.861 s
717/1000, sim loss = 479.444, time = 0.238 s
718/1000, rel loss = 13238.201, time = 0.862 s
719/1000, sim loss = 479.350, time = 0.223 s
720/1000, rel loss = 13252.711, time = 0.859 s
721/1000, sim loss = 479.243, time = 0.228 s
722/1000, rel loss = 13233.523, time = 0.860 s
723/1000, sim loss = 479.140, time = 0.221 s
724/1000, rel loss = 13204.015, time = 0.858 s
725/1000, sim loss = 479.044, time = 0.222 s
726/1000, rel loss = 13143.938, time = 0.861 s
727/1000, sim loss = 478.948, time = 0.223 s
728/1000, rel loss = 13135.602, time = 0.862 s
729/1000, sim loss = 478.831, time = 0.220 s
730/1000, rel loss = 13121.977, time = 0.856 s
731/1000, sim loss = 478.719, time = 0.225 s
732/1000, rel loss = 13072.364, time = 0.864 s
733/1000, sim loss = 478.610, time = 0.235 s
734/1000, rel loss = 13070.206, time = 0.890 s
735/1000, sim loss = 478.502, time = 0.227 s
736/1000, rel loss = 13046.974, time = 0.865 s
737/1000, sim loss = 478.395, time = 0.244 s
738/1000, rel loss = 13017.766, time = 0.864 s
739/1000, sim loss = 478.296, time = 0.222 s
740/1000, rel loss = 12997.147, time = 0.858 s
741/1000, sim loss = 478.193, time = 0.224 s
742/1000, rel loss = 12960.579, time = 0.858 s
743/1000, sim loss = 478.094, time = 0.235 s
744/1000, rel loss = 12920.049, time = 0.861 s
745/1000, sim loss = 477.995, time = 0.242 s
746/1000, rel loss = 12952.947, time = 0.864 s
747/1000, sim loss = 477.902, time = 0.238 s
748/1000, rel loss = 12892.556, time = 0.862 s
749/1000, sim loss = 477.807, time = 0.222 s
750/1000, rel loss = 12870.583, time = 0.859 s
751/1000, sim loss = 477.699, time = 0.228 s
752/1000, rel loss = 12854.861, time = 0.855 s
753/1000, sim loss = 477.588, time = 0.220 s
754/1000, rel loss = 12818.600, time = 0.859 s
755/1000, sim loss = 477.483, time = 0.233 s
756/1000, rel loss = 12810.366, time = 0.860 s
757/1000, sim loss = 477.391, time = 0.224 s
758/1000, rel loss = 12771.772, time = 0.859 s
759/1000, sim loss = 477.304, time = 0.227 s
760/1000, rel loss = 12768.648, time = 0.865 s
761/1000, sim loss = 477.210, time = 0.225 s
762/1000, rel loss = 12731.923, time = 0.864 s
763/1000, sim loss = 477.128, time = 0.240 s
764/1000, rel loss = 12702.680, time = 0.860 s
765/1000, sim loss = 477.024, time = 0.240 s
766/1000, rel loss = 12697.644, time = 0.860 s
767/1000, sim loss = 476.926, time = 0.227 s
768/1000, rel loss = 12675.259, time = 0.858 s
769/1000, sim loss = 476.829, time = 0.235 s
770/1000, rel loss = 12628.762, time = 0.860 s
771/1000, sim loss = 476.728, time = 0.226 s
772/1000, rel loss = 12602.037, time = 0.859 s
773/1000, sim loss = 476.634, time = 0.228 s
774/1000, rel loss = 12632.212, time = 0.860 s
775/1000, sim loss = 476.544, time = 0.223 s
776/1000, rel loss = 12608.534, time = 0.862 s
777/1000, sim loss = 476.459, time = 0.222 s
778/1000, rel loss = 12589.855, time = 0.862 s
779/1000, sim loss = 476.370, time = 0.223 s
780/1000, rel loss = 12517.343, time = 0.861 s
781/1000, sim loss = 476.269, time = 0.221 s
782/1000, rel loss = 12528.032, time = 0.859 s
783/1000, sim loss = 476.188, time = 0.231 s
784/1000, rel loss = 12519.672, time = 0.862 s
785/1000, sim loss = 476.097, time = 0.227 s
786/1000, rel loss = 12454.913, time = 0.866 s
787/1000, sim loss = 476.005, time = 0.242 s
788/1000, rel loss = 12450.434, time = 0.862 s
789/1000, sim loss = 475.919, time = 0.229 s
790/1000, rel loss = 12437.281, time = 0.861 s
791/1000, sim loss = 475.829, time = 0.239 s
792/1000, rel loss = 12448.649, time = 0.860 s
793/1000, sim loss = 475.747, time = 0.223 s
794/1000, rel loss = 12387.810, time = 0.866 s
795/1000, sim loss = 475.656, time = 0.234 s
796/1000, rel loss = 12365.335, time = 0.859 s
797/1000, sim loss = 475.573, time = 0.229 s
798/1000, rel loss = 12367.812, time = 0.862 s
799/1000, sim loss = 475.482, time = 0.221 s
800/1000, rel loss = 12314.473, time = 0.863 s
X-EN: acc of top [1, 10, 50, 100] = [ 0.2411  0.5485  0.7726  0.8549], mean = 109.240, mrr = 0.344, time = 5.669 s 
EN-X: acc of top [1, 10, 50, 100] = [ 0.2722  0.5747  0.7931  0.8704], mean = 106.687, mrr = 0.371, time = 5.660 s 
801/1000, sim loss = 475.388, time = 0.222 s
802/1000, rel loss = 12286.476, time = 0.861 s
803/1000, sim loss = 475.310, time = 0.243 s
804/1000, rel loss = 12304.296, time = 0.858 s
805/1000, sim loss = 475.216, time = 0.234 s
806/1000, rel loss = 12269.393, time = 0.858 s
807/1000, sim loss = 475.127, time = 0.228 s
808/1000, rel loss = 12253.378, time = 0.861 s
809/1000, sim loss = 475.041, time = 0.240 s
810/1000, rel loss = 12288.476, time = 0.865 s
811/1000, sim loss = 474.951, time = 0.221 s
812/1000, rel loss = 12205.517, time = 0.862 s
813/1000, sim loss = 474.858, time = 0.221 s
814/1000, rel loss = 12211.517, time = 0.859 s
815/1000, sim loss = 474.787, time = 0.222 s
816/1000, rel loss = 12182.836, time = 0.862 s
817/1000, sim loss = 474.699, time = 0.223 s
818/1000, rel loss = 12152.284, time = 0.863 s
819/1000, sim loss = 474.616, time = 0.219 s
820/1000, rel loss = 12136.130, time = 0.859 s
821/1000, sim loss = 474.542, time = 0.226 s
822/1000, rel loss = 12121.809, time = 0.863 s
823/1000, sim loss = 474.444, time = 0.226 s
824/1000, rel loss = 12106.671, time = 0.864 s
825/1000, sim loss = 474.353, time = 0.229 s
826/1000, rel loss = 12072.625, time = 0.872 s
827/1000, sim loss = 474.271, time = 0.226 s
828/1000, rel loss = 12047.672, time = 0.866 s
829/1000, sim loss = 474.184, time = 0.228 s
830/1000, rel loss = 12033.440, time = 0.864 s
831/1000, sim loss = 474.108, time = 0.228 s
832/1000, rel loss = 12044.594, time = 0.859 s
833/1000, sim loss = 474.020, time = 0.226 s
834/1000, rel loss = 11984.673, time = 0.866 s
835/1000, sim loss = 473.944, time = 0.221 s
836/1000, rel loss = 11985.626, time = 0.863 s
837/1000, sim loss = 473.863, time = 0.232 s
838/1000, rel loss = 11965.852, time = 0.866 s
839/1000, sim loss = 473.784, time = 0.236 s
840/1000, rel loss = 11962.184, time = 0.867 s
841/1000, sim loss = 473.712, time = 0.227 s
842/1000, rel loss = 11939.309, time = 0.860 s
843/1000, sim loss = 473.627, time = 0.221 s
844/1000, rel loss = 11953.025, time = 0.861 s
845/1000, sim loss = 473.538, time = 0.225 s
846/1000, rel loss = 11917.168, time = 0.858 s
847/1000, sim loss = 473.468, time = 0.222 s
848/1000, rel loss = 11897.934, time = 0.858 s
849/1000, sim loss = 473.391, time = 0.227 s
850/1000, rel loss = 11900.107, time = 0.861 s
851/1000, sim loss = 473.309, time = 0.221 s
852/1000, rel loss = 11836.583, time = 0.860 s
853/1000, sim loss = 473.228, time = 0.221 s
854/1000, rel loss = 11850.206, time = 0.859 s
855/1000, sim loss = 473.150, time = 0.225 s
856/1000, rel loss = 11820.193, time = 0.862 s
857/1000, sim loss = 473.071, time = 0.222 s
858/1000, rel loss = 11784.947, time = 0.865 s
859/1000, sim loss = 472.987, time = 0.228 s
860/1000, rel loss = 11771.979, time = 0.865 s
861/1000, sim loss = 472.906, time = 0.221 s
862/1000, rel loss = 11770.847, time = 0.859 s
863/1000, sim loss = 472.833, time = 0.223 s
864/1000, rel loss = 11755.133, time = 0.871 s
865/1000, sim loss = 472.762, time = 0.229 s
866/1000, rel loss = 11742.985, time = 0.879 s
867/1000, sim loss = 472.691, time = 0.222 s
868/1000, rel loss = 11711.586, time = 0.871 s
869/1000, sim loss = 472.612, time = 0.234 s
870/1000, rel loss = 11678.510, time = 0.858 s
871/1000, sim loss = 472.523, time = 0.233 s
872/1000, rel loss = 11682.823, time = 0.866 s
873/1000, sim loss = 472.447, time = 0.224 s
874/1000, rel loss = 11669.176, time = 0.862 s
875/1000, sim loss = 472.374, time = 0.222 s
876/1000, rel loss = 11667.732, time = 0.860 s
877/1000, sim loss = 472.290, time = 0.230 s
878/1000, rel loss = 11611.683, time = 0.864 s
879/1000, sim loss = 472.220, time = 0.221 s
880/1000, rel loss = 11603.470, time = 0.862 s
881/1000, sim loss = 472.143, time = 0.228 s
882/1000, rel loss = 11605.983, time = 0.860 s
883/1000, sim loss = 472.072, time = 0.226 s
884/1000, rel loss = 11561.142, time = 0.864 s
885/1000, sim loss = 472.000, time = 0.222 s
886/1000, rel loss = 11522.913, time = 0.864 s
887/1000, sim loss = 471.914, time = 0.229 s
888/1000, rel loss = 11521.230, time = 0.864 s
889/1000, sim loss = 471.847, time = 0.221 s
890/1000, rel loss = 11511.172, time = 0.863 s
891/1000, sim loss = 471.770, time = 0.221 s
892/1000, rel loss = 11504.252, time = 0.870 s
893/1000, sim loss = 471.705, time = 0.221 s
894/1000, rel loss = 11491.735, time = 0.861 s
895/1000, sim loss = 471.647, time = 0.221 s
896/1000, rel loss = 11465.776, time = 0.866 s
897/1000, sim loss = 471.572, time = 0.227 s
898/1000, rel loss = 11459.518, time = 0.865 s
899/1000, sim loss = 471.498, time = 0.221 s
900/1000, rel loss = 11447.913, time = 0.861 s
X-EN: acc of top [1, 10, 50, 100] = [ 0.2402  0.5469  0.7728  0.8541], mean = 107.797, mrr = 0.343, time = 5.669 s 
EN-X: acc of top [1, 10, 50, 100] = [ 0.2706  0.5738  0.7952  0.8723], mean = 104.533, mrr = 0.370, time = 5.662 s 
901/1000, sim loss = 471.427, time = 0.245 s
902/1000, rel loss = 11421.777, time = 0.864 s
903/1000, sim loss = 471.362, time = 0.223 s
904/1000, rel loss = 11407.847, time = 0.864 s
905/1000, sim loss = 471.291, time = 0.221 s
906/1000, rel loss = 11393.381, time = 0.867 s
907/1000, sim loss = 471.231, time = 0.237 s
908/1000, rel loss = 11368.118, time = 0.862 s
909/1000, sim loss = 471.153, time = 0.227 s
910/1000, rel loss = 11377.586, time = 0.861 s
911/1000, sim loss = 471.091, time = 0.225 s
912/1000, rel loss = 11353.820, time = 0.862 s
913/1000, sim loss = 471.034, time = 0.222 s
914/1000, rel loss = 11323.761, time = 0.868 s
915/1000, sim loss = 470.976, time = 0.224 s
916/1000, rel loss = 11305.153, time = 0.861 s
917/1000, sim loss = 470.902, time = 0.232 s
918/1000, rel loss = 11287.119, time = 0.862 s
919/1000, sim loss = 470.825, time = 0.227 s
920/1000, rel loss = 11290.277, time = 0.864 s
921/1000, sim loss = 470.760, time = 0.228 s
922/1000, rel loss = 11282.776, time = 0.864 s
923/1000, sim loss = 470.698, time = 0.238 s
924/1000, rel loss = 11267.898, time = 0.867 s
925/1000, sim loss = 470.641, time = 0.222 s
926/1000, rel loss = 11259.207, time = 0.860 s
927/1000, sim loss = 470.579, time = 0.233 s
928/1000, rel loss = 11212.205, time = 0.862 s
929/1000, sim loss = 470.515, time = 0.227 s
930/1000, rel loss = 11236.106, time = 0.860 s
931/1000, sim loss = 470.438, time = 0.241 s
932/1000, rel loss = 11206.481, time = 0.863 s
933/1000, sim loss = 470.364, time = 0.242 s
934/1000, rel loss = 11200.325, time = 0.865 s
935/1000, sim loss = 470.298, time = 0.228 s
936/1000, rel loss = 11183.105, time = 0.867 s
937/1000, sim loss = 470.238, time = 0.222 s
938/1000, rel loss = 11176.241, time = 0.863 s
939/1000, sim loss = 470.178, time = 0.235 s
940/1000, rel loss = 11114.758, time = 0.863 s
941/1000, sim loss = 470.104, time = 0.227 s
942/1000, rel loss = 11102.019, time = 0.858 s
943/1000, sim loss = 470.033, time = 0.222 s
944/1000, rel loss = 11107.214, time = 0.865 s
945/1000, sim loss = 469.967, time = 0.224 s
946/1000, rel loss = 11122.197, time = 0.877 s
947/1000, sim loss = 469.901, time = 0.222 s
948/1000, rel loss = 11105.310, time = 0.863 s
949/1000, sim loss = 469.837, time = 0.227 s
950/1000, rel loss = 11088.278, time = 0.861 s
951/1000, sim loss = 469.772, time = 0.222 s
952/1000, rel loss = 11062.254, time = 0.863 s
953/1000, sim loss = 469.722, time = 0.226 s
954/1000, rel loss = 11074.074, time = 0.858 s
955/1000, sim loss = 469.662, time = 0.238 s
956/1000, rel loss = 11013.857, time = 0.861 s
957/1000, sim loss = 469.602, time = 0.223 s
958/1000, rel loss = 11019.324, time = 0.864 s
959/1000, sim loss = 469.537, time = 0.222 s
960/1000, rel loss = 10988.180, time = 0.866 s
961/1000, sim loss = 469.463, time = 0.226 s
962/1000, rel loss = 10985.563, time = 0.870 s
963/1000, sim loss = 469.413, time = 0.227 s
964/1000, rel loss = 10989.541, time = 0.864 s
965/1000, sim loss = 469.353, time = 0.236 s
966/1000, rel loss = 10963.519, time = 0.869 s
967/1000, sim loss = 469.291, time = 0.234 s
968/1000, rel loss = 10929.657, time = 0.861 s
969/1000, sim loss = 469.219, time = 0.224 s
970/1000, rel loss = 10930.746, time = 0.863 s
971/1000, sim loss = 469.162, time = 0.244 s
972/1000, rel loss = 10934.905, time = 0.860 s
973/1000, sim loss = 469.109, time = 0.220 s
974/1000, rel loss = 10921.800, time = 0.864 s
975/1000, sim loss = 469.047, time = 0.222 s
976/1000, rel loss = 10915.578, time = 0.861 s
977/1000, sim loss = 468.985, time = 0.223 s
978/1000, rel loss = 10882.216, time = 0.858 s
979/1000, sim loss = 468.930, time = 0.222 s
980/1000, rel loss = 10880.147, time = 0.865 s
981/1000, sim loss = 468.875, time = 0.249 s
982/1000, rel loss = 10881.637, time = 0.865 s
983/1000, sim loss = 468.815, time = 0.241 s
984/1000, rel loss = 10864.892, time = 0.867 s
985/1000, sim loss = 468.754, time = 0.227 s
986/1000, rel loss = 10811.511, time = 0.864 s
987/1000, sim loss = 468.703, time = 0.225 s
988/1000, rel loss = 10816.676, time = 0.865 s
989/1000, sim loss = 468.630, time = 0.246 s
990/1000, rel loss = 10789.338, time = 0.866 s
991/1000, sim loss = 468.577, time = 0.228 s
992/1000, rel loss = 10799.844, time = 0.865 s
993/1000, sim loss = 468.517, time = 0.238 s
994/1000, rel loss = 10828.144, time = 0.859 s
995/1000, sim loss = 468.457, time = 0.232 s
996/1000, rel loss = 10779.566, time = 0.873 s
997/1000, sim loss = 468.407, time = 0.221 s
998/1000, rel loss = 10714.847, time = 0.867 s
999/1000, sim loss = 468.351, time = 0.221 s
X-EN: acc of top [1, 10, 50, 100] = [ 0.2405  0.5441  0.771   0.8511], mean = 107.140, mrr = 0.342, time = 5.667 s 
EN-X: acc of top [1, 10, 50, 100] = [ 0.2696  0.5727  0.7941  0.8726], mean = 103.575, mrr = 0.369, time = 5.659 s 
early stop
save embeddings...
time:638.300 s

total:826.3