**************************./fb_dbp**************************
neg param 0.1 ; split ; sim param 0.05 ; inner sim param 0.05
ents: 25457 + 23270 = 25542
ents: 28502 + 10810 = 29861
all ents: 47661
all rels: 882 407 1289
all triples: 111974 + 96414 = 208388
To align: 17800
sparse sim mat to sparse tensor
sparse sim mat to sparse tensor
sparse sim mat to sparse tensor
0/1000, rel loss = 507001.958, time = 1.839 s
1/1000, sim loss = 1434.839, time = 1.652 s
2/1000, rel loss = 464904.770, time = 1.849 s
3/1000, sim loss = 1418.257, time = 0.251 s
4/1000, rel loss = 439631.840, time = 1.873 s
5/1000, sim loss = 1401.841, time = 0.247 s
6/1000, rel loss = 419514.576, time = 1.857 s
7/1000, sim loss = 1385.875, time = 0.252 s
8/1000, rel loss = 402316.342, time = 1.874 s
9/1000, sim loss = 1370.329, time = 0.261 s
10/1000, rel loss = 387282.745, time = 1.845 s
11/1000, sim loss = 1355.274, time = 0.250 s
12/1000, rel loss = 373623.341, time = 1.862 s
13/1000, sim loss = 1340.649, time = 0.243 s
14/1000, rel loss = 361537.417, time = 1.833 s
15/1000, sim loss = 1326.694, time = 0.249 s
16/1000, rel loss = 350036.944, time = 1.853 s
17/1000, sim loss = 1313.304, time = 0.260 s
18/1000, rel loss = 339548.229, time = 1.865 s
19/1000, sim loss = 1300.485, time = 0.249 s
20/1000, rel loss = 329790.250, time = 1.840 s
21/1000, sim loss = 1288.106, time = 0.263 s
22/1000, rel loss = 320687.983, time = 1.863 s
23/1000, sim loss = 1276.146, time = 0.254 s
24/1000, rel loss = 312112.179, time = 1.859 s
25/1000, sim loss = 1264.693, time = 0.263 s
26/1000, rel loss = 304028.829, time = 1.865 s
27/1000, sim loss = 1253.818, time = 0.257 s
28/1000, rel loss = 296573.247, time = 1.877 s
29/1000, sim loss = 1243.387, time = 0.249 s
30/1000, rel loss = 289324.028, time = 1.848 s
31/1000, sim loss = 1233.260, time = 0.249 s
32/1000, rel loss = 282533.632, time = 1.854 s
33/1000, sim loss = 1223.635, time = 0.260 s
34/1000, rel loss = 276003.755, time = 1.866 s
35/1000, sim loss = 1214.380, time = 0.253 s
36/1000, rel loss = 269964.943, time = 1.869 s
37/1000, sim loss = 1205.404, time = 0.261 s
38/1000, rel loss = 264055.404, time = 1.859 s
39/1000, sim loss = 1196.805, time = 0.249 s
40/1000, rel loss = 258501.230, time = 1.847 s
41/1000, sim loss = 1188.533, time = 0.269 s
42/1000, rel loss = 253280.019, time = 1.852 s
43/1000, sim loss = 1180.580, time = 0.247 s
44/1000, rel loss = 248075.675, time = 1.869 s
45/1000, sim loss = 1172.897, time = 0.262 s
46/1000, rel loss = 243239.233, time = 1.881 s
47/1000, sim loss = 1165.493, time = 0.264 s
48/1000, rel loss = 238454.279, time = 1.867 s
49/1000, sim loss = 1158.451, time = 0.259 s
50/1000, rel loss = 233965.073, time = 1.869 s
51/1000, sim loss = 1151.530, time = 0.264 s
52/1000, rel loss = 229643.989, time = 1.855 s
53/1000, sim loss = 1144.851, time = 0.258 s
54/1000, rel loss = 225504.892, time = 1.877 s
55/1000, sim loss = 1138.467, time = 0.248 s
56/1000, rel loss = 221453.697, time = 1.860 s
57/1000, sim loss = 1132.308, time = 0.265 s
58/1000, rel loss = 217625.248, time = 1.846 s
59/1000, sim loss = 1126.364, time = 0.257 s
60/1000, rel loss = 213877.378, time = 1.865 s
61/1000, sim loss = 1120.618, time = 0.263 s
62/1000, rel loss = 210190.616, time = 1.866 s
63/1000, sim loss = 1115.065, time = 0.262 s
64/1000, rel loss = 206781.718, time = 1.875 s
65/1000, sim loss = 1109.707, time = 0.260 s
66/1000, rel loss = 203470.925, time = 1.874 s
67/1000, sim loss = 1104.545, time = 0.253 s
68/1000, rel loss = 200149.294, time = 1.862 s
69/1000, sim loss = 1099.503, time = 0.248 s
70/1000, rel loss = 197079.176, time = 1.855 s
71/1000, sim loss = 1094.653, time = 0.259 s
72/1000, rel loss = 194031.300, time = 1.839 s
73/1000, sim loss = 1090.072, time = 0.255 s
74/1000, rel loss = 191133.960, time = 1.895 s
75/1000, sim loss = 1085.568, time = 0.267 s
76/1000, rel loss = 188251.275, time = 1.859 s
77/1000, sim loss = 1081.171, time = 0.261 s
78/1000, rel loss = 185526.388, time = 1.872 s
79/1000, sim loss = 1076.952, time = 0.252 s
80/1000, rel loss = 182890.716, time = 1.866 s
81/1000, sim loss = 1072.841, time = 0.261 s
82/1000, rel loss = 180364.474, time = 1.852 s
83/1000, sim loss = 1068.879, time = 0.250 s
84/1000, rel loss = 177765.995, time = 1.869 s
85/1000, sim loss = 1065.029, time = 0.262 s
86/1000, rel loss = 175432.911, time = 1.845 s
87/1000, sim loss = 1061.304, time = 0.250 s
88/1000, rel loss = 173096.533, time = 1.867 s
89/1000, sim loss = 1057.653, time = 0.251 s
90/1000, rel loss = 170799.166, time = 1.844 s
91/1000, sim loss = 1054.132, time = 0.264 s
92/1000, rel loss = 168485.410, time = 1.879 s
93/1000, sim loss = 1050.711, time = 0.258 s
94/1000, rel loss = 166342.965, time = 1.857 s
95/1000, sim loss = 1047.368, time = 0.263 s
96/1000, rel loss = 164300.720, time = 1.869 s
97/1000, sim loss = 1044.125, time = 0.254 s
98/1000, rel loss = 162225.614, time = 1.860 s
99/1000, sim loss = 1041.024, time = 0.251 s
100/1000, rel loss = 160221.857, time = 1.873 s
101/1000, sim loss = 1037.973, time = 0.261 s
102/1000, rel loss = 158190.265, time = 1.863 s
103/1000, sim loss = 1035.004, time = 0.250 s
104/1000, rel loss = 156232.761, time = 1.844 s
105/1000, sim loss = 1032.149, time = 0.264 s
106/1000, rel loss = 154446.954, time = 1.847 s
107/1000, sim loss = 1029.376, time = 0.257 s
108/1000, rel loss = 152610.046, time = 1.861 s
109/1000, sim loss = 1026.650, time = 0.259 s
110/1000, rel loss = 150806.970, time = 1.866 s
111/1000, sim loss = 1024.092, time = 0.261 s
112/1000, rel loss = 149013.863, time = 1.853 s
113/1000, sim loss = 1021.498, time = 0.248 s
114/1000, rel loss = 147473.854, time = 1.863 s
115/1000, sim loss = 1019.070, time = 0.261 s
116/1000, rel loss = 145714.620, time = 1.862 s
117/1000, sim loss = 1016.593, time = 0.248 s
118/1000, rel loss = 144202.628, time = 1.867 s
119/1000, sim loss = 1014.229, time = 0.262 s
120/1000, rel loss = 142600.625, time = 1.860 s
121/1000, sim loss = 1011.868, time = 0.248 s
122/1000, rel loss = 141067.480, time = 1.844 s
123/1000, sim loss = 1009.583, time = 0.264 s
124/1000, rel loss = 139510.765, time = 1.866 s
125/1000, sim loss = 1007.334, time = 0.250 s
126/1000, rel loss = 138170.650, time = 1.864 s
127/1000, sim loss = 1005.161, time = 0.251 s
128/1000, rel loss = 136739.373, time = 1.875 s
129/1000, sim loss = 1003.047, time = 0.249 s
130/1000, rel loss = 135343.989, time = 1.868 s
131/1000, sim loss = 1001.021, time = 0.259 s
132/1000, rel loss = 133979.991, time = 1.879 s
133/1000, sim loss = 999.056, time = 0.257 s
134/1000, rel loss = 132645.024, time = 1.855 s
135/1000, sim loss = 997.151, time = 0.251 s
136/1000, rel loss = 131234.127, time = 1.902 s
137/1000, sim loss = 995.312, time = 0.264 s
138/1000, rel loss = 130131.084, time = 1.855 s
139/1000, sim loss = 993.434, time = 0.262 s
140/1000, rel loss = 128690.009, time = 1.875 s
141/1000, sim loss = 991.716, time = 0.251 s
142/1000, rel loss = 127526.323, time = 1.850 s
143/1000, sim loss = 989.963, time = 0.249 s
144/1000, rel loss = 126343.689, time = 1.885 s
145/1000, sim loss = 988.279, time = 0.261 s
146/1000, rel loss = 125242.885, time = 1.875 s
147/1000, sim loss = 986.655, time = 0.261 s
148/1000, rel loss = 124024.868, time = 1.875 s
149/1000, sim loss = 985.062, time = 0.264 s
150/1000, rel loss = 122872.176, time = 1.856 s
151/1000, sim loss = 983.483, time = 0.248 s
152/1000, rel loss = 121788.161, time = 1.850 s
153/1000, sim loss = 981.944, time = 0.264 s
154/1000, rel loss = 120747.445, time = 1.858 s
155/1000, sim loss = 980.460, time = 0.263 s
156/1000, rel loss = 119683.000, time = 1.870 s
157/1000, sim loss = 979.006, time = 0.257 s
158/1000, rel loss = 118615.832, time = 1.864 s
159/1000, sim loss = 977.583, time = 0.257 s
160/1000, rel loss = 117552.702, time = 1.862 s
161/1000, sim loss = 976.176, time = 0.248 s
162/1000, rel loss = 116596.660, time = 1.852 s
163/1000, sim loss = 974.845, time = 0.251 s
164/1000, rel loss = 115510.668, time = 1.867 s
165/1000, sim loss = 973.448, time = 0.251 s
166/1000, rel loss = 114653.604, time = 1.865 s
167/1000, sim loss = 972.117, time = 0.264 s
168/1000, rel loss = 113726.443, time = 1.876 s
169/1000, sim loss = 970.776, time = 0.258 s
170/1000, rel loss = 112725.964, time = 1.874 s
171/1000, sim loss = 969.488, time = 0.256 s
172/1000, rel loss = 111845.405, time = 1.867 s
173/1000, sim loss = 968.221, time = 0.257 s
174/1000, rel loss = 111049.271, time = 1.877 s
175/1000, sim loss = 967.009, time = 0.261 s
176/1000, rel loss = 110160.198, time = 1.848 s
177/1000, sim loss = 965.831, time = 0.260 s
178/1000, rel loss = 109277.699, time = 1.866 s
179/1000, sim loss = 964.653, time = 0.264 s
180/1000, rel loss = 108465.713, time = 1.868 s
181/1000, sim loss = 963.577, time = 0.246 s
182/1000, rel loss = 107516.268, time = 1.875 s
183/1000, sim loss = 962.456, time = 0.250 s
184/1000, rel loss = 106837.017, time = 1.868 s
185/1000, sim loss = 961.408, time = 0.260 s
186/1000, rel loss = 106071.349, time = 1.860 s
187/1000, sim loss = 960.341, time = 0.263 s
188/1000, rel loss = 105328.804, time = 1.866 s
189/1000, sim loss = 959.298, time = 0.261 s
190/1000, rel loss = 104566.898, time = 1.838 s
191/1000, sim loss = 958.302, time = 0.250 s
192/1000, rel loss = 103697.107, time = 1.852 s
193/1000, sim loss = 957.316, time = 0.259 s
194/1000, rel loss = 103060.286, time = 1.876 s
195/1000, sim loss = 956.344, time = 0.253 s
196/1000, rel loss = 102311.074, time = 1.848 s
197/1000, sim loss = 955.427, time = 0.250 s
198/1000, rel loss = 101527.686, time = 1.867 s
199/1000, sim loss = 954.434, time = 0.262 s
200/1000, rel loss = 100904.572, time = 1.867 s
201/1000, sim loss = 953.484, time = 0.266 s
202/1000, rel loss = 100136.035, time = 1.872 s
203/1000, sim loss = 952.610, time = 0.265 s
204/1000, rel loss = 99527.797, time = 1.848 s
205/1000, sim loss = 951.727, time = 0.244 s
206/1000, rel loss = 98813.340, time = 1.883 s
207/1000, sim loss = 950.847, time = 0.258 s
208/1000, rel loss = 98251.729, time = 1.871 s
209/1000, sim loss = 949.997, time = 0.250 s
210/1000, rel loss = 97497.718, time = 1.872 s
211/1000, sim loss = 949.156, time = 0.250 s
212/1000, rel loss = 96963.682, time = 1.884 s
213/1000, sim loss = 948.315, time = 0.260 s
214/1000, rel loss = 96275.688, time = 1.879 s
215/1000, sim loss = 947.547, time = 0.259 s
216/1000, rel loss = 95653.968, time = 1.872 s
217/1000, sim loss = 946.749, time = 0.252 s
218/1000, rel loss = 95110.930, time = 1.865 s
219/1000, sim loss = 945.961, time = 0.248 s
220/1000, rel loss = 94404.117, time = 1.862 s
221/1000, sim loss = 945.187, time = 0.265 s
222/1000, rel loss = 93823.803, time = 1.879 s
223/1000, sim loss = 944.430, time = 0.249 s
224/1000, rel loss = 93228.033, time = 1.867 s
225/1000, sim loss = 943.737, time = 0.271 s
226/1000, rel loss = 92743.570, time = 1.868 s
227/1000, sim loss = 943.045, time = 0.261 s
228/1000, rel loss = 92164.454, time = 1.875 s
229/1000, sim loss = 942.323, time = 0.262 s
230/1000, rel loss = 91605.744, time = 1.861 s
231/1000, sim loss = 941.644, time = 0.262 s
232/1000, rel loss = 91076.211, time = 1.876 s
233/1000, sim loss = 940.933, time = 0.263 s
234/1000, rel loss = 90617.643, time = 1.880 s
235/1000, sim loss = 940.288, time = 0.262 s
236/1000, rel loss = 90011.555, time = 1.877 s
237/1000, sim loss = 939.618, time = 0.260 s
238/1000, rel loss = 89453.558, time = 1.880 s
239/1000, sim loss = 938.965, time = 0.262 s
240/1000, rel loss = 88964.405, time = 1.879 s
241/1000, sim loss = 938.335, time = 0.262 s
242/1000, rel loss = 88476.948, time = 1.865 s
243/1000, sim loss = 937.738, time = 0.248 s
244/1000, rel loss = 87964.771, time = 1.835 s
245/1000, sim loss = 937.101, time = 0.257 s
246/1000, rel loss = 87454.700, time = 1.907 s
247/1000, sim loss = 936.491, time = 0.265 s
248/1000, rel loss = 87073.098, time = 1.901 s
249/1000, sim loss = 935.901, time = 0.248 s
250/1000, rel loss = 86574.494, time = 1.873 s
251/1000, sim loss = 935.335, time = 0.261 s
252/1000, rel loss = 86126.806, time = 1.887 s
253/1000, sim loss = 934.749, time = 0.253 s
254/1000, rel loss = 85636.294, time = 1.853 s
255/1000, sim loss = 934.154, time = 0.248 s
256/1000, rel loss = 85116.836, time = 1.859 s
257/1000, sim loss = 933.602, time = 0.252 s
258/1000, rel loss = 84737.070, time = 1.837 s
259/1000, sim loss = 933.073, time = 0.250 s
260/1000, rel loss = 84242.865, time = 1.826 s
261/1000, sim loss = 932.573, time = 0.250 s
262/1000, rel loss = 83808.218, time = 1.840 s
263/1000, sim loss = 932.058, time = 0.249 s
264/1000, rel loss = 83397.174, time = 1.881 s
265/1000, sim loss = 931.513, time = 0.250 s
266/1000, rel loss = 83073.226, time = 1.860 s
267/1000, sim loss = 930.991, time = 0.264 s
268/1000, rel loss = 82558.676, time = 1.893 s
269/1000, sim loss = 930.483, time = 0.264 s
270/1000, rel loss = 82133.213, time = 1.861 s
271/1000, sim loss = 929.975, time = 0.252 s
272/1000, rel loss = 81733.564, time = 1.874 s
273/1000, sim loss = 929.487, time = 0.248 s
274/1000, rel loss = 81294.938, time = 1.853 s
275/1000, sim loss = 929.013, time = 0.259 s
276/1000, rel loss = 80959.386, time = 1.859 s
277/1000, sim loss = 928.536, time = 0.251 s
278/1000, rel loss = 80582.676, time = 1.856 s
279/1000, sim loss = 928.043, time = 0.251 s
280/1000, rel loss = 80235.611, time = 1.867 s
281/1000, sim loss = 927.619, time = 0.250 s
282/1000, rel loss = 79956.868, time = 1.850 s
283/1000, sim loss = 927.207, time = 0.250 s
284/1000, rel loss = 79451.120, time = 1.852 s
285/1000, sim loss = 926.783, time = 0.252 s
286/1000, rel loss = 79127.101, time = 1.864 s
287/1000, sim loss = 926.377, time = 0.261 s
288/1000, rel loss = 78686.604, time = 1.897 s
289/1000, sim loss = 925.950, time = 0.252 s
290/1000, rel loss = 78301.270, time = 1.865 s
291/1000, sim loss = 925.537, time = 0.250 s
292/1000, rel loss = 77956.389, time = 1.885 s
293/1000, sim loss = 925.130, time = 0.260 s
294/1000, rel loss = 77639.571, time = 1.877 s
295/1000, sim loss = 924.719, time = 0.261 s
296/1000, rel loss = 77217.334, time = 1.859 s
297/1000, sim loss = 924.311, time = 0.262 s
298/1000, rel loss = 76872.040, time = 1.861 s
299/1000, sim loss = 923.913, time = 0.252 s
300/1000, rel loss = 76497.956, time = 1.842 s
X-EN: acc of top [1, 10, 50, 100] = [ 0.0637  0.1881  0.383   0.5175], mean = 610.063, mrr = 0.110, time = 16.970 s 
EN-X: acc of top [1, 10, 50, 100] = [ 0.0935  0.2316  0.4353  0.5512], mean = 588.250, mrr = 0.144, time = 16.508 s 
301/1000, sim loss = 923.483, time = 0.250 s
302/1000, rel loss = 76207.730, time = 1.873 s
303/1000, sim loss = 923.086, time = 0.246 s
304/1000, rel loss = 75802.727, time = 1.863 s
305/1000, sim loss = 922.704, time = 0.246 s
306/1000, rel loss = 75457.612, time = 1.864 s
307/1000, sim loss = 922.312, time = 0.250 s
308/1000, rel loss = 75294.174, time = 1.875 s
309/1000, sim loss = 921.936, time = 0.255 s
310/1000, rel loss = 74910.036, time = 1.863 s
311/1000, sim loss = 921.630, time = 0.252 s
312/1000, rel loss = 74506.157, time = 1.911 s
313/1000, sim loss = 921.310, time = 0.255 s
314/1000, rel loss = 74229.915, time = 1.987 s
315/1000, sim loss = 920.938, time = 0.266 s
316/1000, rel loss = 74029.384, time = 2.011 s
317/1000, sim loss = 920.591, time = 0.268 s
318/1000, rel loss = 73606.785, time = 1.933 s
319/1000, sim loss = 920.273, time = 0.254 s
320/1000, rel loss = 73242.357, time = 1.917 s
321/1000, sim loss = 919.935, time = 0.266 s
322/1000, rel loss = 72896.649, time = 1.907 s
323/1000, sim loss = 919.591, time = 0.257 s
324/1000, rel loss = 72822.746, time = 1.906 s
325/1000, sim loss = 919.279, time = 0.261 s
326/1000, rel loss = 72340.904, time = 1.905 s
327/1000, sim loss = 918.945, time = 0.256 s
328/1000, rel loss = 72051.923, time = 1.932 s
329/1000, sim loss = 918.606, time = 0.256 s
330/1000, rel loss = 71819.981, time = 1.881 s
331/1000, sim loss = 918.310, time = 0.259 s
332/1000, rel loss = 71452.590, time = 1.902 s
333/1000, sim loss = 917.988, time = 0.251 s
334/1000, rel loss = 71261.057, time = 1.931 s
335/1000, sim loss = 917.706, time = 0.259 s
336/1000, rel loss = 70978.875, time = 1.943 s
337/1000, sim loss = 917.382, time = 0.270 s
338/1000, rel loss = 70663.408, time = 1.986 s
339/1000, sim loss = 917.125, time = 0.257 s
340/1000, rel loss = 70352.779, time = 1.972 s
341/1000, sim loss = 916.808, time = 0.270 s
342/1000, rel loss = 70177.107, time = 1.980 s
343/1000, sim loss = 916.456, time = 0.264 s
344/1000, rel loss = 69826.195, time = 2.028 s
345/1000, sim loss = 916.162, time = 0.266 s
346/1000, rel loss = 69556.241, time = 2.041 s
347/1000, sim loss = 915.901, time = 0.260 s
348/1000, rel loss = 69309.584, time = 1.955 s
349/1000, sim loss = 915.649, time = 0.273 s
350/1000, rel loss = 68965.761, time = 1.976 s
351/1000, sim loss = 915.361, time = 0.272 s
352/1000, rel loss = 68813.054, time = 1.935 s
353/1000, sim loss = 915.110, time = 0.286 s
354/1000, rel loss = 68448.082, time = 2.042 s
355/1000, sim loss = 914.816, time = 0.262 s
356/1000, rel loss = 68139.679, time = 2.016 s
357/1000, sim loss = 914.540, time = 0.259 s
358/1000, rel loss = 67930.696, time = 1.878 s
359/1000, sim loss = 914.242, time = 0.265 s
360/1000, rel loss = 67695.106, time = 1.954 s
361/1000, sim loss = 913.997, time = 0.305 s
362/1000, rel loss = 67568.877, time = 2.130 s
363/1000, sim loss = 913.740, time = 0.251 s
364/1000, rel loss = 67289.699, time = 1.947 s
365/1000, sim loss = 913.510, time = 0.256 s
366/1000, rel loss = 66996.034, time = 1.940 s
367/1000, sim loss = 913.291, time = 0.271 s
368/1000, rel loss = 66828.971, time = 1.911 s
369/1000, sim loss = 913.075, time = 0.263 s
370/1000, rel loss = 66494.599, time = 1.980 s
371/1000, sim loss = 912.827, time = 0.266 s
372/1000, rel loss = 66302.569, time = 1.932 s
373/1000, sim loss = 912.581, time = 0.251 s
374/1000, rel loss = 66099.175, time = 1.876 s
375/1000, sim loss = 912.361, time = 0.267 s
376/1000, rel loss = 65939.060, time = 1.917 s
377/1000, sim loss = 912.124, time = 0.287 s
378/1000, rel loss = 65587.324, time = 1.907 s
379/1000, sim loss = 911.888, time = 0.263 s
380/1000, rel loss = 65430.452, time = 1.940 s
381/1000, sim loss = 911.649, time = 0.268 s
382/1000, rel loss = 65227.820, time = 1.941 s
383/1000, sim loss = 911.414, time = 0.285 s
384/1000, rel loss = 64902.227, time = 1.963 s
385/1000, sim loss = 911.204, time = 0.261 s
386/1000, rel loss = 64792.316, time = 1.949 s
387/1000, sim loss = 910.975, time = 0.256 s
388/1000, rel loss = 64566.781, time = 1.945 s
389/1000, sim loss = 910.781, time = 0.260 s
390/1000, rel loss = 64284.759, time = 1.962 s
391/1000, sim loss = 910.568, time = 0.255 s
392/1000, rel loss = 64002.218, time = 1.948 s
393/1000, sim loss = 910.394, time = 0.249 s
394/1000, rel loss = 63922.695, time = 1.902 s
395/1000, sim loss = 910.207, time = 0.253 s
396/1000, rel loss = 63632.979, time = 1.908 s
397/1000, sim loss = 910.005, time = 0.259 s
398/1000, rel loss = 63496.314, time = 1.947 s
399/1000, sim loss = 909.790, time = 0.273 s
400/1000, rel loss = 63237.760, time = 1.950 s
X-EN: acc of top [1, 10, 50, 100] = [ 0.0654  0.1966  0.3985  0.5412], mean = 511.923, mrr = 0.113, time = 16.687 s 
EN-X: acc of top [1, 10, 50, 100] = [ 0.0932  0.2418  0.4528  0.577 ], mean = 487.397, mrr = 0.147, time = 16.644 s 
401/1000, sim loss = 909.568, time = 0.267 s
402/1000, rel loss = 63116.720, time = 1.921 s
403/1000, sim loss = 909.328, time = 0.249 s
404/1000, rel loss = 62888.112, time = 1.946 s
405/1000, sim loss = 909.129, time = 0.252 s
406/1000, rel loss = 62693.658, time = 1.961 s
407/1000, sim loss = 908.889, time = 0.265 s
408/1000, rel loss = 62404.254, time = 1.884 s
409/1000, sim loss = 908.680, time = 0.269 s
410/1000, rel loss = 62334.350, time = 1.949 s
411/1000, sim loss = 908.474, time = 0.253 s
412/1000, rel loss = 62119.450, time = 1.926 s
413/1000, sim loss = 908.300, time = 0.268 s
414/1000, rel loss = 61945.889, time = 1.906 s
415/1000, sim loss = 908.125, time = 0.258 s
416/1000, rel loss = 61806.822, time = 1.879 s
417/1000, sim loss = 907.913, time = 0.267 s
418/1000, rel loss = 61563.005, time = 1.951 s
419/1000, sim loss = 907.727, time = 0.256 s
420/1000, rel loss = 61302.321, time = 1.917 s
421/1000, sim loss = 907.520, time = 0.267 s
422/1000, rel loss = 61151.915, time = 1.959 s
423/1000, sim loss = 907.335, time = 0.263 s
424/1000, rel loss = 60934.559, time = 1.881 s
425/1000, sim loss = 907.165, time = 0.251 s
426/1000, rel loss = 60734.688, time = 1.911 s
427/1000, sim loss = 907.011, time = 0.271 s
428/1000, rel loss = 60579.225, time = 1.930 s
429/1000, sim loss = 906.847, time = 0.267 s
430/1000, rel loss = 60338.816, time = 1.960 s
431/1000, sim loss = 906.699, time = 0.264 s
432/1000, rel loss = 60222.251, time = 1.905 s
433/1000, sim loss = 906.524, time = 0.273 s
434/1000, rel loss = 60050.026, time = 2.013 s
435/1000, sim loss = 906.318, time = 0.251 s
436/1000, rel loss = 59951.061, time = 1.915 s
437/1000, sim loss = 906.159, time = 0.269 s
438/1000, rel loss = 59621.737, time = 1.940 s
439/1000, sim loss = 905.956, time = 0.266 s
440/1000, rel loss = 59470.726, time = 1.945 s
441/1000, sim loss = 905.785, time = 0.259 s
442/1000, rel loss = 59351.482, time = 1.906 s
443/1000, sim loss = 905.629, time = 0.262 s
444/1000, rel loss = 59205.730, time = 1.910 s
445/1000, sim loss = 905.491, time = 0.271 s
446/1000, rel loss = 58961.807, time = 1.928 s
447/1000, sim loss = 905.296, time = 0.263 s
448/1000, rel loss = 58806.724, time = 1.976 s
449/1000, sim loss = 905.138, time = 0.265 s
450/1000, rel loss = 58626.007, time = 1.995 s
451/1000, sim loss = 904.944, time = 0.252 s
452/1000, rel loss = 58528.314, time = 1.926 s
453/1000, sim loss = 904.774, time = 0.273 s
454/1000, rel loss = 58284.197, time = 1.926 s
455/1000, sim loss = 904.637, time = 0.292 s
456/1000, rel loss = 58209.042, time = 1.949 s
457/1000, sim loss = 904.477, time = 0.269 s
458/1000, rel loss = 57891.009, time = 1.981 s
459/1000, sim loss = 904.331, time = 0.264 s
460/1000, rel loss = 57846.699, time = 1.969 s
461/1000, sim loss = 904.169, time = 0.263 s
462/1000, rel loss = 57687.759, time = 1.979 s
463/1000, sim loss = 904.000, time = 0.274 s
464/1000, rel loss = 57602.285, time = 2.011 s
465/1000, sim loss = 903.844, time = 0.263 s
466/1000, rel loss = 57420.526, time = 1.994 s
467/1000, sim loss = 903.686, time = 0.257 s
468/1000, rel loss = 57158.697, time = 1.875 s
469/1000, sim loss = 903.528, time = 0.259 s
470/1000, rel loss = 57124.996, time = 1.890 s
471/1000, sim loss = 903.379, time = 0.263 s
472/1000, rel loss = 56965.097, time = 1.951 s
473/1000, sim loss = 903.248, time = 0.272 s
474/1000, rel loss = 56754.630, time = 1.957 s
475/1000, sim loss = 903.080, time = 0.256 s
476/1000, rel loss = 56590.636, time = 1.911 s
477/1000, sim loss = 902.947, time = 0.258 s
478/1000, rel loss = 56385.704, time = 1.914 s
479/1000, sim loss = 902.805, time = 0.259 s
480/1000, rel loss = 56255.658, time = 1.942 s
481/1000, sim loss = 902.640, time = 0.249 s
482/1000, rel loss = 56092.260, time = 1.962 s
483/1000, sim loss = 902.571, time = 0.254 s
484/1000, rel loss = 55987.944, time = 1.974 s
485/1000, sim loss = 902.397, time = 0.269 s
486/1000, rel loss = 55865.423, time = 1.918 s
487/1000, sim loss = 902.279, time = 0.264 s
488/1000, rel loss = 55705.726, time = 1.925 s
489/1000, sim loss = 902.136, time = 0.262 s
490/1000, rel loss = 55595.476, time = 1.925 s
491/1000, sim loss = 901.998, time = 0.254 s
492/1000, rel loss = 55407.047, time = 2.042 s
493/1000, sim loss = 901.901, time = 0.267 s
494/1000, rel loss = 55359.625, time = 2.020 s
495/1000, sim loss = 901.754, time = 0.264 s
496/1000, rel loss = 55153.860, time = 2.002 s
497/1000, sim loss = 901.658, time = 0.297 s
498/1000, rel loss = 54979.167, time = 2.409 s
499/1000, sim loss = 901.547, time = 0.318 s
500/1000, rel loss = 54902.121, time = 2.115 s
X-EN: acc of top [1, 10, 50, 100] = [ 0.068   0.2003  0.4052  0.5503], mean = 463.892, mrr = 0.116, time = 17.043 s 
EN-X: acc of top [1, 10, 50, 100] = [ 0.0925  0.2408  0.4557  0.5833], mean = 443.351, mrr = 0.146, time = 16.612 s 
501/1000, sim loss = 901.415, time = 0.250 s
502/1000, rel loss = 54758.220, time = 1.908 s
503/1000, sim loss = 901.296, time = 0.246 s
504/1000, rel loss = 54624.784, time = 1.896 s
505/1000, sim loss = 901.174, time = 0.264 s
506/1000, rel loss = 54503.015, time = 1.884 s
507/1000, sim loss = 901.046, time = 0.251 s
508/1000, rel loss = 54182.012, time = 1.888 s
509/1000, sim loss = 900.924, time = 0.246 s
510/1000, rel loss = 54236.090, time = 1.918 s
511/1000, sim loss = 900.837, time = 0.248 s
512/1000, rel loss = 54019.021, time = 1.870 s
513/1000, sim loss = 900.737, time = 0.258 s
514/1000, rel loss = 53993.365, time = 1.907 s
515/1000, sim loss = 900.649, time = 0.250 s
516/1000, rel loss = 53833.489, time = 1.937 s
517/1000, sim loss = 900.517, time = 0.265 s
518/1000, rel loss = 53749.720, time = 1.981 s
519/1000, sim loss = 900.408, time = 0.293 s
520/1000, rel loss = 53615.930, time = 2.005 s
521/1000, sim loss = 900.322, time = 0.273 s
522/1000, rel loss = 53491.161, time = 2.057 s
523/1000, sim loss = 900.200, time = 0.267 s
524/1000, rel loss = 53283.542, time = 1.896 s
525/1000, sim loss = 900.064, time = 0.260 s
526/1000, rel loss = 53114.818, time = 1.927 s
527/1000, sim loss = 899.975, time = 0.256 s
528/1000, rel loss = 53099.990, time = 1.883 s
529/1000, sim loss = 899.839, time = 0.260 s
530/1000, rel loss = 52837.958, time = 1.889 s
531/1000, sim loss = 899.746, time = 0.262 s
532/1000, rel loss = 52773.219, time = 1.866 s
533/1000, sim loss = 899.600, time = 0.260 s
534/1000, rel loss = 52627.580, time = 1.873 s
535/1000, sim loss = 899.500, time = 0.250 s
536/1000, rel loss = 52556.244, time = 1.853 s
537/1000, sim loss = 899.393, time = 0.253 s
538/1000, rel loss = 52359.366, time = 1.853 s
539/1000, sim loss = 899.301, time = 0.248 s
540/1000, rel loss = 52298.354, time = 1.870 s
541/1000, sim loss = 899.230, time = 0.259 s
542/1000, rel loss = 52197.787, time = 1.890 s
543/1000, sim loss = 899.148, time = 0.260 s
544/1000, rel loss = 52083.262, time = 1.864 s
545/1000, sim loss = 899.067, time = 0.256 s
546/1000, rel loss = 51994.168, time = 1.876 s
547/1000, sim loss = 898.974, time = 0.253 s
548/1000, rel loss = 51775.513, time = 1.904 s
549/1000, sim loss = 898.890, time = 0.249 s
550/1000, rel loss = 51733.875, time = 1.932 s
551/1000, sim loss = 898.765, time = 0.266 s
552/1000, rel loss = 51646.394, time = 1.889 s
553/1000, sim loss = 898.656, time = 0.251 s
554/1000, rel loss = 51525.173, time = 1.876 s
555/1000, sim loss = 898.539, time = 0.249 s
556/1000, rel loss = 51288.637, time = 1.919 s
557/1000, sim loss = 898.448, time = 0.266 s
558/1000, rel loss = 51239.805, time = 2.009 s
559/1000, sim loss = 898.327, time = 0.257 s
560/1000, rel loss = 51123.541, time = 2.019 s
561/1000, sim loss = 898.263, time = 0.260 s
562/1000, rel loss = 51029.830, time = 1.871 s
563/1000, sim loss = 898.140, time = 0.246 s
564/1000, rel loss = 50968.825, time = 1.854 s
565/1000, sim loss = 898.054, time = 0.248 s
566/1000, rel loss = 50742.031, time = 1.903 s
567/1000, sim loss = 898.014, time = 0.250 s
568/1000, rel loss = 50700.778, time = 1.906 s
569/1000, sim loss = 897.922, time = 0.246 s
570/1000, rel loss = 50557.049, time = 1.912 s
571/1000, sim loss = 897.821, time = 0.263 s
572/1000, rel loss = 50434.015, time = 1.921 s
573/1000, sim loss = 897.738, time = 0.258 s
574/1000, rel loss = 50290.833, time = 1.933 s
575/1000, sim loss = 897.603, time = 0.251 s
576/1000, rel loss = 50245.971, time = 1.950 s
577/1000, sim loss = 897.534, time = 0.290 s
578/1000, rel loss = 50228.558, time = 1.930 s
579/1000, sim loss = 897.437, time = 0.252 s
580/1000, rel loss = 50112.463, time = 1.880 s
581/1000, sim loss = 897.403, time = 0.260 s
582/1000, rel loss = 49968.990, time = 1.996 s
583/1000, sim loss = 897.296, time = 0.270 s
584/1000, rel loss = 49816.374, time = 1.884 s
585/1000, sim loss = 897.207, time = 0.247 s
586/1000, rel loss = 49720.785, time = 1.956 s
587/1000, sim loss = 897.073, time = 0.279 s
588/1000, rel loss = 49647.238, time = 1.928 s
589/1000, sim loss = 896.993, time = 0.249 s
590/1000, rel loss = 49549.156, time = 1.865 s
591/1000, sim loss = 896.922, time = 0.254 s
592/1000, rel loss = 49490.314, time = 1.862 s
593/1000, sim loss = 896.830, time = 0.268 s
594/1000, rel loss = 49295.677, time = 1.902 s
595/1000, sim loss = 896.738, time = 0.267 s
596/1000, rel loss = 49296.289, time = 1.920 s
597/1000, sim loss = 896.690, time = 0.258 s
598/1000, rel loss = 49123.972, time = 1.923 s
599/1000, sim loss = 896.592, time = 0.266 s
600/1000, rel loss = 49121.246, time = 1.904 s
X-EN: acc of top [1, 10, 50, 100] = [ 0.0656  0.2038  0.4111  0.5528], mean = 437.098, mrr = 0.116, time = 16.623 s 
EN-X: acc of top [1, 10, 50, 100] = [ 0.091   0.2407  0.4515  0.5821], mean = 422.644, mrr = 0.145, time = 16.427 s 
601/1000, sim loss = 896.520, time = 0.252 s
602/1000, rel loss = 48955.021, time = 1.859 s
603/1000, sim loss = 896.418, time = 0.259 s
604/1000, rel loss = 48824.350, time = 1.851 s
605/1000, sim loss = 896.320, time = 0.242 s
606/1000, rel loss = 48793.472, time = 1.849 s
607/1000, sim loss = 896.202, time = 0.257 s
608/1000, rel loss = 48705.854, time = 1.866 s
609/1000, sim loss = 896.139, time = 0.257 s
610/1000, rel loss = 48600.298, time = 1.866 s
611/1000, sim loss = 896.039, time = 0.246 s
612/1000, rel loss = 48523.915, time = 1.857 s
613/1000, sim loss = 895.952, time = 0.246 s
614/1000, rel loss = 48335.665, time = 1.845 s
615/1000, sim loss = 895.869, time = 0.255 s
616/1000, rel loss = 48313.854, time = 1.839 s
617/1000, sim loss = 895.775, time = 0.248 s
618/1000, rel loss = 48146.393, time = 1.869 s
619/1000, sim loss = 895.650, time = 0.261 s
620/1000, rel loss = 47962.924, time = 1.866 s
621/1000, sim loss = 895.597, time = 0.247 s
622/1000, rel loss = 47921.126, time = 1.853 s
623/1000, sim loss = 895.549, time = 0.261 s
624/1000, rel loss = 47923.772, time = 1.862 s
625/1000, sim loss = 895.481, time = 0.259 s
626/1000, rel loss = 47820.753, time = 1.856 s
627/1000, sim loss = 895.422, time = 0.247 s
628/1000, rel loss = 47838.644, time = 1.847 s
629/1000, sim loss = 895.334, time = 0.245 s
630/1000, rel loss = 47585.277, time = 1.877 s
631/1000, sim loss = 895.288, time = 0.251 s
632/1000, rel loss = 47541.292, time = 1.851 s
633/1000, sim loss = 895.184, time = 0.253 s
634/1000, rel loss = 47458.454, time = 1.839 s
635/1000, sim loss = 895.064, time = 0.247 s
636/1000, rel loss = 47432.375, time = 1.833 s
637/1000, sim loss = 894.991, time = 0.246 s
638/1000, rel loss = 47327.643, time = 1.850 s
639/1000, sim loss = 894.907, time = 0.251 s
640/1000, rel loss = 47113.025, time = 1.863 s
641/1000, sim loss = 894.830, time = 0.249 s
642/1000, rel loss = 47101.192, time = 1.880 s
643/1000, sim loss = 894.701, time = 0.258 s
644/1000, rel loss = 47087.679, time = 1.849 s
645/1000, sim loss = 894.630, time = 0.246 s
646/1000, rel loss = 46935.424, time = 1.869 s
647/1000, sim loss = 894.548, time = 0.260 s
648/1000, rel loss = 46837.509, time = 1.866 s
649/1000, sim loss = 894.466, time = 0.259 s
650/1000, rel loss = 46798.044, time = 1.863 s
651/1000, sim loss = 894.419, time = 0.248 s
652/1000, rel loss = 46711.907, time = 1.851 s
653/1000, sim loss = 894.353, time = 0.258 s
654/1000, rel loss = 46648.858, time = 1.870 s
655/1000, sim loss = 894.329, time = 0.260 s
656/1000, rel loss = 46557.121, time = 1.863 s
657/1000, sim loss = 894.233, time = 0.259 s
658/1000, rel loss = 46592.583, time = 1.860 s
659/1000, sim loss = 894.158, time = 0.246 s
660/1000, rel loss = 46350.685, time = 2.472 s
661/1000, sim loss = 894.069, time = 0.246 s
662/1000, rel loss = 46277.649, time = 1.835 s
663/1000, sim loss = 893.991, time = 0.247 s
664/1000, rel loss = 46175.569, time = 1.855 s
665/1000, sim loss = 893.934, time = 0.259 s
666/1000, rel loss = 46125.536, time = 1.863 s
667/1000, sim loss = 893.854, time = 0.246 s
668/1000, rel loss = 46062.794, time = 1.867 s
669/1000, sim loss = 893.785, time = 0.250 s
670/1000, rel loss = 45929.600, time = 1.845 s
671/1000, sim loss = 893.713, time = 0.249 s
672/1000, rel loss = 45943.864, time = 1.865 s
673/1000, sim loss = 893.715, time = 0.248 s
674/1000, rel loss = 45792.197, time = 1.876 s
675/1000, sim loss = 893.641, time = 0.251 s
676/1000, rel loss = 45707.660, time = 1.854 s
677/1000, sim loss = 893.543, time = 0.255 s
678/1000, rel loss = 45734.241, time = 1.873 s
679/1000, sim loss = 893.516, time = 0.262 s
680/1000, rel loss = 45574.281, time = 1.867 s
681/1000, sim loss = 893.453, time = 0.250 s
682/1000, rel loss = 45510.593, time = 1.851 s
683/1000, sim loss = 893.363, time = 0.247 s
684/1000, rel loss = 45554.915, time = 1.839 s
685/1000, sim loss = 893.316, time = 0.248 s
686/1000, rel loss = 45362.539, time = 1.843 s
687/1000, sim loss = 893.238, time = 0.259 s
688/1000, rel loss = 45301.441, time = 1.856 s
689/1000, sim loss = 893.168, time = 0.247 s
690/1000, rel loss = 45170.421, time = 1.857 s
691/1000, sim loss = 893.096, time = 0.246 s
692/1000, rel loss = 45143.836, time = 1.849 s
693/1000, sim loss = 893.049, time = 0.247 s
694/1000, rel loss = 45067.382, time = 1.869 s
695/1000, sim loss = 892.928, time = 0.263 s
696/1000, rel loss = 45099.228, time = 1.872 s
697/1000, sim loss = 892.868, time = 0.263 s
698/1000, rel loss = 44965.828, time = 1.869 s
699/1000, sim loss = 892.815, time = 0.250 s
700/1000, rel loss = 44890.526, time = 1.854 s
X-EN: acc of top [1, 10, 50, 100] = [ 0.0661  0.2046  0.4168  0.5571], mean = 420.055, mrr = 0.116, time = 16.441 s 
EN-X: acc of top [1, 10, 50, 100] = [ 0.0887  0.2388  0.4472  0.5789], mean = 413.788, mrr = 0.143, time = 16.396 s 
701/1000, sim loss = 892.798, time = 0.256 s
702/1000, rel loss = 44815.361, time = 1.868 s
703/1000, sim loss = 892.695, time = 0.246 s
704/1000, rel loss = 44696.921, time = 1.857 s
705/1000, sim loss = 892.622, time = 0.248 s
706/1000, rel loss = 44647.330, time = 1.866 s
707/1000, sim loss = 892.538, time = 0.255 s
708/1000, rel loss = 44612.507, time = 1.862 s
709/1000, sim loss = 892.454, time = 0.243 s
710/1000, rel loss = 44431.358, time = 1.862 s
711/1000, sim loss = 892.369, time = 0.244 s
712/1000, rel loss = 44426.256, time = 1.865 s
713/1000, sim loss = 892.294, time = 0.257 s
714/1000, rel loss = 44223.972, time = 1.865 s
715/1000, sim loss = 892.263, time = 0.247 s
716/1000, rel loss = 44227.906, time = 1.877 s
717/1000, sim loss = 892.204, time = 0.258 s
718/1000, rel loss = 44162.547, time = 1.843 s
719/1000, sim loss = 892.132, time = 0.259 s
720/1000, rel loss = 44071.117, time = 1.859 s
721/1000, sim loss = 892.081, time = 0.256 s
722/1000, rel loss = 44082.321, time = 1.878 s
723/1000, sim loss = 892.023, time = 0.246 s
724/1000, rel loss = 44012.268, time = 1.859 s
725/1000, sim loss = 891.958, time = 0.254 s
726/1000, rel loss = 43915.484, time = 1.875 s
727/1000, sim loss = 891.891, time = 0.249 s
728/1000, rel loss = 43880.837, time = 1.867 s
729/1000, sim loss = 891.844, time = 0.244 s
730/1000, rel loss = 43877.010, time = 1.853 s
731/1000, sim loss = 891.828, time = 0.250 s
732/1000, rel loss = 43749.129, time = 1.882 s
733/1000, sim loss = 891.769, time = 0.259 s
734/1000, rel loss = 43750.129, time = 1.865 s
735/1000, sim loss = 891.707, time = 0.262 s
736/1000, rel loss = 43605.490, time = 1.861 s
737/1000, sim loss = 891.611, time = 0.247 s
738/1000, rel loss = 43577.057, time = 1.881 s
739/1000, sim loss = 891.583, time = 0.259 s
740/1000, rel loss = 43419.686, time = 1.843 s
741/1000, sim loss = 891.516, time = 0.253 s
742/1000, rel loss = 43431.650, time = 1.857 s
743/1000, sim loss = 891.429, time = 0.245 s
744/1000, rel loss = 43336.169, time = 1.854 s
745/1000, sim loss = 891.397, time = 0.248 s
746/1000, rel loss = 43245.357, time = 1.855 s
747/1000, sim loss = 891.324, time = 0.246 s
748/1000, rel loss = 43226.838, time = 1.856 s
749/1000, sim loss = 891.273, time = 0.246 s
750/1000, rel loss = 43146.321, time = 1.864 s
751/1000, sim loss = 891.230, time = 0.246 s
752/1000, rel loss = 43018.504, time = 1.862 s
753/1000, sim loss = 891.145, time = 0.258 s
754/1000, rel loss = 43025.901, time = 1.842 s
755/1000, sim loss = 891.081, time = 0.256 s
756/1000, rel loss = 42935.827, time = 1.840 s
757/1000, sim loss = 891.021, time = 0.246 s
758/1000, rel loss = 42899.757, time = 1.854 s
759/1000, sim loss = 890.981, time = 0.249 s
760/1000, rel loss = 42795.326, time = 1.863 s
761/1000, sim loss = 890.948, time = 0.250 s
762/1000, rel loss = 42897.115, time = 1.867 s
763/1000, sim loss = 890.914, time = 0.244 s
764/1000, rel loss = 42726.002, time = 1.879 s
765/1000, sim loss = 890.849, time = 0.249 s
766/1000, rel loss = 42744.198, time = 1.862 s
767/1000, sim loss = 890.803, time = 0.246 s
768/1000, rel loss = 42574.440, time = 1.853 s
769/1000, sim loss = 890.758, time = 0.247 s
770/1000, rel loss = 42508.215, time = 1.860 s
771/1000, sim loss = 890.708, time = 0.255 s
772/1000, rel loss = 42430.798, time = 1.848 s
773/1000, sim loss = 890.645, time = 0.245 s
774/1000, rel loss = 42383.098, time = 1.855 s
775/1000, sim loss = 890.600, time = 0.247 s
776/1000, rel loss = 42427.458, time = 1.854 s
777/1000, sim loss = 890.507, time = 0.246 s
778/1000, rel loss = 42407.747, time = 1.859 s
779/1000, sim loss = 890.477, time = 0.260 s
780/1000, rel loss = 42276.952, time = 1.841 s
781/1000, sim loss = 890.451, time = 0.248 s
782/1000, rel loss = 42127.232, time = 1.860 s
783/1000, sim loss = 890.382, time = 0.248 s
784/1000, rel loss = 42147.970, time = 1.851 s
785/1000, sim loss = 890.334, time = 0.246 s
786/1000, rel loss = 41994.337, time = 1.850 s
787/1000, sim loss = 890.268, time = 0.245 s
788/1000, rel loss = 42060.108, time = 1.873 s
789/1000, sim loss = 890.211, time = 0.247 s
790/1000, rel loss = 41928.923, time = 1.855 s
791/1000, sim loss = 890.168, time = 0.244 s
792/1000, rel loss = 41955.902, time = 1.870 s
793/1000, sim loss = 890.154, time = 0.249 s
794/1000, rel loss = 41881.875, time = 1.857 s
795/1000, sim loss = 890.105, time = 0.259 s
796/1000, rel loss = 41903.598, time = 1.887 s
797/1000, sim loss = 890.037, time = 0.248 s
798/1000, rel loss = 41725.410, time = 1.858 s
799/1000, sim loss = 889.966, time = 0.248 s
800/1000, rel loss = 41830.988, time = 1.855 s
X-EN: acc of top [1, 10, 50, 100] = [ 0.065   0.206   0.4169  0.5556], mean = 409.944, mrr = 0.116, time = 16.466 s 
EN-X: acc of top [1, 10, 50, 100] = [ 0.0853  0.2387  0.4407  0.5714], mean = 412.557, mrr = 0.140, time = 16.388 s 
801/1000, sim loss = 889.893, time = 0.255 s
802/1000, rel loss = 41598.760, time = 1.861 s
803/1000, sim loss = 889.881, time = 0.243 s
804/1000, rel loss = 41659.836, time = 1.876 s
805/1000, sim loss = 889.854, time = 0.243 s
806/1000, rel loss = 41618.755, time = 1.854 s
807/1000, sim loss = 889.812, time = 0.243 s
808/1000, rel loss = 41462.335, time = 1.858 s
809/1000, sim loss = 889.725, time = 0.254 s
810/1000, rel loss = 41293.462, time = 1.876 s
811/1000, sim loss = 889.664, time = 0.245 s
812/1000, rel loss = 41460.452, time = 1.842 s
813/1000, sim loss = 889.628, time = 0.241 s
814/1000, rel loss = 41310.941, time = 1.840 s
815/1000, sim loss = 889.616, time = 0.247 s
816/1000, rel loss = 41315.304, time = 1.860 s
817/1000, sim loss = 889.539, time = 0.248 s
818/1000, rel loss = 41246.901, time = 1.846 s
819/1000, sim loss = 889.536, time = 0.248 s
820/1000, rel loss = 41018.919, time = 1.864 s
821/1000, sim loss = 889.492, time = 0.257 s
822/1000, rel loss = 41066.457, time = 1.858 s
823/1000, sim loss = 889.430, time = 0.247 s
824/1000, rel loss = 41058.455, time = 1.849 s
825/1000, sim loss = 889.420, time = 0.248 s
826/1000, rel loss = 40990.431, time = 1.869 s
827/1000, sim loss = 889.388, time = 0.261 s
828/1000, rel loss = 41022.334, time = 1.872 s
829/1000, sim loss = 889.272, time = 0.248 s
830/1000, rel loss = 40924.286, time = 1.856 s
831/1000, sim loss = 889.219, time = 0.247 s
832/1000, rel loss = 40914.832, time = 1.864 s
833/1000, sim loss = 889.180, time = 0.244 s
834/1000, rel loss = 40835.150, time = 1.859 s
835/1000, sim loss = 889.116, time = 0.258 s
836/1000, rel loss = 40809.273, time = 1.862 s
837/1000, sim loss = 889.054, time = 0.247 s
838/1000, rel loss = 40723.180, time = 1.858 s
839/1000, sim loss = 888.968, time = 0.259 s
840/1000, rel loss = 40686.789, time = 1.871 s
841/1000, sim loss = 888.930, time = 0.259 s
842/1000, rel loss = 40604.902, time = 1.891 s
843/1000, sim loss = 888.914, time = 0.261 s
844/1000, rel loss = 40556.836, time = 1.861 s
845/1000, sim loss = 888.846, time = 0.247 s
846/1000, rel loss = 40537.953, time = 1.852 s
847/1000, sim loss = 888.799, time = 0.261 s
848/1000, rel loss = 40444.047, time = 1.855 s
849/1000, sim loss = 888.783, time = 0.248 s
850/1000, rel loss = 40415.108, time = 1.874 s
851/1000, sim loss = 888.745, time = 0.245 s
852/1000, rel loss = 40429.022, time = 1.863 s
853/1000, sim loss = 888.703, time = 0.262 s
854/1000, rel loss = 40249.439, time = 1.857 s
855/1000, sim loss = 888.672, time = 0.261 s
856/1000, rel loss = 40243.964, time = 1.862 s
857/1000, sim loss = 888.613, time = 0.245 s
858/1000, rel loss = 40178.763, time = 1.833 s
859/1000, sim loss = 888.554, time = 0.256 s
860/1000, rel loss = 40050.843, time = 1.845 s
861/1000, sim loss = 888.521, time = 0.249 s
862/1000, rel loss = 40066.317, time = 1.856 s
863/1000, sim loss = 888.471, time = 0.249 s
864/1000, rel loss = 40005.140, time = 1.870 s
865/1000, sim loss = 888.449, time = 0.246 s
866/1000, rel loss = 39948.396, time = 1.867 s
867/1000, sim loss = 888.405, time = 0.246 s
868/1000, rel loss = 39987.913, time = 1.854 s
869/1000, sim loss = 888.383, time = 0.256 s
870/1000, rel loss = 39950.828, time = 1.857 s
871/1000, sim loss = 888.340, time = 0.244 s
872/1000, rel loss = 39930.855, time = 1.855 s
873/1000, sim loss = 888.296, time = 0.247 s
874/1000, rel loss = 39828.092, time = 1.844 s
875/1000, sim loss = 888.239, time = 0.261 s
876/1000, rel loss = 39776.121, time = 1.861 s
877/1000, sim loss = 888.186, time = 0.244 s
878/1000, rel loss = 39707.296, time = 1.872 s
879/1000, sim loss = 888.156, time = 0.259 s
880/1000, rel loss = 39735.702, time = 1.863 s
881/1000, sim loss = 888.099, time = 0.261 s
882/1000, rel loss = 39644.907, time = 2.480 s
883/1000, sim loss = 888.064, time = 0.259 s
884/1000, rel loss = 39611.390, time = 1.865 s
885/1000, sim loss = 888.019, time = 0.248 s
886/1000, rel loss = 39469.647, time = 1.869 s
887/1000, sim loss = 887.966, time = 0.245 s
888/1000, rel loss = 39442.412, time = 1.867 s
889/1000, sim loss = 887.913, time = 0.259 s
890/1000, rel loss = 39430.358, time = 1.879 s
891/1000, sim loss = 887.874, time = 0.245 s
892/1000, rel loss = 39450.663, time = 1.864 s
893/1000, sim loss = 887.860, time = 0.253 s
894/1000, rel loss = 39258.502, time = 1.842 s
895/1000, sim loss = 887.824, time = 0.247 s
896/1000, rel loss = 39280.887, time = 1.870 s
897/1000, sim loss = 887.794, time = 0.261 s
898/1000, rel loss = 39309.328, time = 1.857 s
899/1000, sim loss = 887.727, time = 0.246 s
900/1000, rel loss = 39309.727, time = 1.880 s
X-EN: acc of top [1, 10, 50, 100] = [ 0.0647  0.2043  0.4161  0.5553], mean = 403.249, mrr = 0.115, time = 16.434 s 
EN-X: acc of top [1, 10, 50, 100] = [ 0.0826  0.2361  0.436   0.566 ], mean = 415.911, mrr = 0.137, time = 16.414 s 
early stop
save embeddings...
time:1201.654 s
