22-30-10

0/1000, rel loss = 558237.938, time = 2.007 s
1/1000, sim loss = 1412.147, time = 1.517 s
2/1000, rel loss = 493156.851, time = 2.020 s
3/1000, sim loss = 1383.005, time = 0.252 s
4/1000, rel loss = 457067.957, time = 2.054 s
5/1000, sim loss = 1355.284, time = 0.253 s
6/1000, rel loss = 429921.621, time = 2.022 s
7/1000, sim loss = 1328.590, time = 0.250 s
8/1000, rel loss = 407670.434, time = 2.009 s
9/1000, sim loss = 1302.909, time = 0.252 s
10/1000, rel loss = 388637.248, time = 2.032 s
11/1000, sim loss = 1278.176, time = 0.256 s
12/1000, rel loss = 371968.824, time = 2.031 s
13/1000, sim loss = 1254.374, time = 0.253 s
14/1000, rel loss = 356960.705, time = 2.027 s
15/1000, sim loss = 1231.376, time = 0.251 s
16/1000, rel loss = 343278.086, time = 2.032 s
17/1000, sim loss = 1209.146, time = 0.253 s
18/1000, rel loss = 330904.456, time = 2.014 s
19/1000, sim loss = 1187.657, time = 0.259 s
20/1000, rel loss = 319454.241, time = 2.036 s
21/1000, sim loss = 1166.903, time = 0.250 s
22/1000, rel loss = 308849.459, time = 2.020 s
23/1000, sim loss = 1146.894, time = 0.251 s
24/1000, rel loss = 299029.175, time = 2.034 s
25/1000, sim loss = 1127.536, time = 0.252 s
26/1000, rel loss = 289752.711, time = 2.044 s
27/1000, sim loss = 1108.885, time = 0.253 s
28/1000, rel loss = 281077.415, time = 2.025 s
29/1000, sim loss = 1090.884, time = 0.251 s
30/1000, rel loss = 272974.951, time = 2.035 s
31/1000, sim loss = 1073.483, time = 0.250 s
32/1000, rel loss = 265271.377, time = 2.025 s
33/1000, sim loss = 1056.669, time = 0.252 s
34/1000, rel loss = 258021.775, time = 2.018 s
35/1000, sim loss = 1040.397, time = 0.249 s
36/1000, rel loss = 251201.156, time = 2.026 s
37/1000, sim loss = 1024.746, time = 0.260 s
38/1000, rel loss = 244708.594, time = 2.026 s
39/1000, sim loss = 1009.653, time = 0.250 s
40/1000, rel loss = 238490.349, time = 2.037 s
41/1000, sim loss = 995.007, time = 0.254 s
42/1000, rel loss = 232682.035, time = 2.023 s
43/1000, sim loss = 980.946, time = 0.255 s
44/1000, rel loss = 227113.534, time = 2.018 s
45/1000, sim loss = 967.348, time = 0.258 s
46/1000, rel loss = 221769.283, time = 2.020 s
47/1000, sim loss = 954.225, time = 0.260 s
48/1000, rel loss = 216710.857, time = 2.033 s
49/1000, sim loss = 941.526, time = 0.253 s
50/1000, rel loss = 211912.576, time = 2.029 s
51/1000, sim loss = 929.271, time = 0.260 s
52/1000, rel loss = 207297.887, time = 2.029 s
53/1000, sim loss = 917.446, time = 0.250 s
54/1000, rel loss = 202837.848, time = 2.012 s
55/1000, sim loss = 906.081, time = 0.252 s
56/1000, rel loss = 198661.077, time = 2.015 s
57/1000, sim loss = 895.058, time = 0.259 s
58/1000, rel loss = 194612.652, time = 2.031 s
59/1000, sim loss = 884.401, time = 0.253 s
60/1000, rel loss = 190754.375, time = 2.030 s
61/1000, sim loss = 874.114, time = 0.257 s
62/1000, rel loss = 187015.810, time = 2.038 s
63/1000, sim loss = 864.113, time = 0.249 s
64/1000, rel loss = 183373.706, time = 2.025 s
65/1000, sim loss = 854.489, time = 0.253 s
66/1000, rel loss = 179972.027, time = 2.036 s
67/1000, sim loss = 845.187, time = 0.250 s
68/1000, rel loss = 176594.740, time = 2.024 s
69/1000, sim loss = 836.236, time = 0.251 s
70/1000, rel loss = 173409.812, time = 2.029 s
71/1000, sim loss = 827.495, time = 0.257 s
72/1000, rel loss = 170360.379, time = 2.075 s
73/1000, sim loss = 819.089, time = 0.264 s
74/1000, rel loss = 167459.660, time = 2.113 s
75/1000, sim loss = 810.931, time = 0.254 s
76/1000, rel loss = 164654.937, time = 2.030 s
77/1000, sim loss = 803.067, time = 0.250 s
78/1000, rel loss = 161851.031, time = 2.021 s
79/1000, sim loss = 795.468, time = 0.248 s
80/1000, rel loss = 159274.391, time = 2.028 s
81/1000, sim loss = 788.074, time = 0.259 s
82/1000, rel loss = 156663.096, time = 2.019 s
83/1000, sim loss = 780.959, time = 0.253 s
84/1000, rel loss = 154200.732, time = 2.037 s
85/1000, sim loss = 774.018, time = 0.261 s
86/1000, rel loss = 151862.499, time = 2.051 s
87/1000, sim loss = 767.363, time = 0.252 s
88/1000, rel loss = 149585.716, time = 2.043 s
89/1000, sim loss = 760.851, time = 0.255 s
90/1000, rel loss = 147310.221, time = 2.032 s
91/1000, sim loss = 754.537, time = 0.260 s
92/1000, rel loss = 145178.719, time = 2.044 s
93/1000, sim loss = 748.418, time = 0.252 s
94/1000, rel loss = 143056.076, time = 2.013 s
95/1000, sim loss = 742.523, time = 0.257 s
96/1000, rel loss = 141042.193, time = 2.029 s
97/1000, sim loss = 736.758, time = 0.257 s
98/1000, rel loss = 139078.478, time = 2.036 s
99/1000, sim loss = 731.215, time = 0.260 s
100/1000, rel loss = 137206.365, time = 2.033 s
101/1000, sim loss = 725.840, time = 0.254 s
102/1000, rel loss = 135406.152, time = 2.038 s
103/1000, sim loss = 720.577, time = 0.249 s
104/1000, rel loss = 133595.343, time = 2.034 s
105/1000, sim loss = 715.486, time = 0.261 s
106/1000, rel loss = 131856.095, time = 2.023 s
107/1000, sim loss = 710.524, time = 0.251 s
108/1000, rel loss = 130302.038, time = 2.039 s
109/1000, sim loss = 705.732, time = 0.251 s
110/1000, rel loss = 128679.377, time = 2.038 s
111/1000, sim loss = 701.092, time = 0.254 s
112/1000, rel loss = 127047.068, time = 2.030 s
113/1000, sim loss = 696.548, time = 0.260 s
114/1000, rel loss = 125569.927, time = 2.034 s
115/1000, sim loss = 692.173, time = 0.252 s
116/1000, rel loss = 124145.938, time = 2.026 s
117/1000, sim loss = 687.887, time = 0.255 s
118/1000, rel loss = 122676.049, time = 2.029 s
119/1000, sim loss = 683.748, time = 0.260 s
120/1000, rel loss = 121240.137, time = 2.026 s
121/1000, sim loss = 679.660, time = 0.251 s
122/1000, rel loss = 119906.439, time = 2.037 s
123/1000, sim loss = 675.715, time = 0.251 s
124/1000, rel loss = 118534.527, time = 2.018 s
125/1000, sim loss = 671.867, time = 0.252 s
126/1000, rel loss = 117314.702, time = 2.031 s
127/1000, sim loss = 668.145, time = 0.249 s
128/1000, rel loss = 116081.060, time = 2.036 s
129/1000, sim loss = 664.516, time = 0.252 s
130/1000, rel loss = 114843.362, time = 2.020 s
131/1000, sim loss = 660.996, time = 0.255 s
132/1000, rel loss = 113714.902, time = 2.049 s
133/1000, sim loss = 657.529, time = 0.250 s
134/1000, rel loss = 112507.923, time = 2.037 s
135/1000, sim loss = 654.148, time = 0.250 s
136/1000, rel loss = 111429.196, time = 2.028 s
137/1000, sim loss = 650.899, time = 0.255 s
138/1000, rel loss = 110323.238, time = 2.043 s
139/1000, sim loss = 647.727, time = 0.254 s
140/1000, rel loss = 109237.742, time = 2.043 s
141/1000, sim loss = 644.627, time = 0.252 s
142/1000, rel loss = 108195.859, time = 2.025 s
143/1000, sim loss = 641.602, time = 0.250 s
144/1000, rel loss = 107167.953, time = 2.032 s
145/1000, sim loss = 638.619, time = 0.264 s
146/1000, rel loss = 106195.411, time = 2.038 s
147/1000, sim loss = 635.749, time = 0.250 s
148/1000, rel loss = 105281.484, time = 2.058 s
149/1000, sim loss = 632.962, time = 0.250 s
150/1000, rel loss = 104381.465, time = 2.018 s
151/1000, sim loss = 630.253, time = 0.252 s
152/1000, rel loss = 103477.502, time = 2.015 s
153/1000, sim loss = 627.596, time = 0.254 s
154/1000, rel loss = 102530.471, time = 2.053 s
155/1000, sim loss = 625.017, time = 0.261 s
156/1000, rel loss = 101695.051, time = 2.049 s
157/1000, sim loss = 622.482, time = 0.251 s
158/1000, rel loss = 100883.965, time = 2.030 s
159/1000, sim loss = 620.032, time = 0.252 s
160/1000, rel loss = 99953.554, time = 2.053 s
161/1000, sim loss = 617.578, time = 0.254 s
162/1000, rel loss = 99112.849, time = 2.024 s
163/1000, sim loss = 615.220, time = 0.254 s
164/1000, rel loss = 98353.222, time = 2.040 s
165/1000, sim loss = 612.900, time = 0.250 s
166/1000, rel loss = 97563.567, time = 2.032 s
167/1000, sim loss = 610.657, time = 0.263 s
168/1000, rel loss = 96842.233, time = 2.039 s
169/1000, sim loss = 608.428, time = 0.257 s
170/1000, rel loss = 96111.577, time = 2.032 s
171/1000, sim loss = 606.274, time = 0.252 s
172/1000, rel loss = 95353.173, time = 2.022 s
173/1000, sim loss = 604.163, time = 0.251 s
174/1000, rel loss = 94641.581, time = 2.038 s
175/1000, sim loss = 602.130, time = 0.250 s
176/1000, rel loss = 93949.448, time = 2.026 s
177/1000, sim loss = 600.105, time = 0.250 s
178/1000, rel loss = 93267.165, time = 2.016 s
179/1000, sim loss = 598.162, time = 0.253 s
180/1000, rel loss = 92620.898, time = 2.044 s
181/1000, sim loss = 596.219, time = 0.253 s
182/1000, rel loss = 91968.853, time = 2.019 s
183/1000, sim loss = 594.360, time = 0.252 s
184/1000, rel loss = 91314.738, time = 2.028 s
185/1000, sim loss = 592.533, time = 0.252 s
186/1000, rel loss = 90673.030, time = 2.036 s
187/1000, sim loss = 590.712, time = 0.251 s
188/1000, rel loss = 90034.514, time = 2.026 s
189/1000, sim loss = 588.971, time = 0.257 s
190/1000, rel loss = 89426.773, time = 2.037 s
191/1000, sim loss = 587.273, time = 0.252 s
192/1000, rel loss = 88859.411, time = 2.037 s
193/1000, sim loss = 585.583, time = 0.252 s
194/1000, rel loss = 88368.126, time = 2.025 s
195/1000, sim loss = 583.942, time = 0.258 s
196/1000, rel loss = 87742.559, time = 2.037 s
197/1000, sim loss = 582.352, time = 0.261 s
198/1000, rel loss = 87224.461, time = 2.035 s
199/1000, sim loss = 580.776, time = 0.252 s
200/1000, rel loss = 86648.622, time = 2.032 s
201/1000, sim loss = 579.240, time = 0.254 s
202/1000, rel loss = 86099.034, time = 2.018 s
203/1000, sim loss = 577.741, time = 0.250 s
204/1000, rel loss = 85587.661, time = 2.038 s
205/1000, sim loss = 576.241, time = 0.257 s
206/1000, rel loss = 85089.624, time = 2.028 s
207/1000, sim loss = 574.775, time = 0.255 s
208/1000, rel loss = 84615.665, time = 2.020 s
209/1000, sim loss = 573.360, time = 0.255 s
210/1000, rel loss = 84033.550, time = 2.032 s
211/1000, sim loss = 571.963, time = 0.252 s
212/1000, rel loss = 83609.664, time = 2.032 s
213/1000, sim loss = 570.586, time = 0.255 s
214/1000, rel loss = 83169.855, time = 2.037 s
215/1000, sim loss = 569.279, time = 0.259 s
216/1000, rel loss = 82659.652, time = 2.040 s
217/1000, sim loss = 567.959, time = 0.250 s
218/1000, rel loss = 82213.394, time = 2.017 s
219/1000, sim loss = 566.690, time = 0.251 s
220/1000, rel loss = 81766.111, time = 2.030 s
221/1000, sim loss = 565.460, time = 0.252 s
222/1000, rel loss = 81368.215, time = 2.025 s
223/1000, sim loss = 564.234, time = 0.253 s
224/1000, rel loss = 80899.545, time = 2.041 s
225/1000, sim loss = 562.995, time = 0.257 s
226/1000, rel loss = 80421.844, time = 2.040 s
227/1000, sim loss = 561.794, time = 0.252 s
228/1000, rel loss = 80069.468, time = 2.028 s
229/1000, sim loss = 560.658, time = 0.254 s
230/1000, rel loss = 79680.985, time = 2.026 s
231/1000, sim loss = 559.551, time = 0.255 s
232/1000, rel loss = 79249.513, time = 2.044 s
233/1000, sim loss = 558.420, time = 0.253 s
234/1000, rel loss = 78795.265, time = 2.032 s
235/1000, sim loss = 557.328, time = 0.250 s
236/1000, rel loss = 78461.912, time = 2.042 s
237/1000, sim loss = 556.263, time = 0.262 s
238/1000, rel loss = 78101.349, time = 2.038 s
239/1000, sim loss = 555.198, time = 0.250 s
240/1000, rel loss = 77704.496, time = 2.023 s
241/1000, sim loss = 554.185, time = 0.257 s
242/1000, rel loss = 77349.775, time = 2.029 s
243/1000, sim loss = 553.161, time = 0.252 s
244/1000, rel loss = 76901.555, time = 2.039 s
245/1000, sim loss = 552.132, time = 0.252 s
246/1000, rel loss = 76684.617, time = 2.019 s
247/1000, sim loss = 551.138, time = 0.250 s
248/1000, rel loss = 76271.443, time = 2.061 s
249/1000, sim loss = 550.171, time = 0.253 s
250/1000, rel loss = 75900.262, time = 2.041 s
251/1000, sim loss = 549.210, time = 0.252 s
252/1000, rel loss = 75543.687, time = 2.042 s
253/1000, sim loss = 548.271, time = 0.251 s
254/1000, rel loss = 75322.618, time = 2.033 s
255/1000, sim loss = 547.368, time = 0.250 s
256/1000, rel loss = 74933.563, time = 2.028 s
257/1000, sim loss = 546.475, time = 0.252 s
258/1000, rel loss = 74622.780, time = 2.022 s
259/1000, sim loss = 545.590, time = 0.253 s
260/1000, rel loss = 74249.907, time = 2.037 s
261/1000, sim loss = 544.707, time = 0.252 s
262/1000, rel loss = 73930.275, time = 2.028 s
263/1000, sim loss = 543.832, time = 0.252 s
264/1000, rel loss = 73652.891, time = 2.033 s
265/1000, sim loss = 542.993, time = 0.252 s
266/1000, rel loss = 73362.230, time = 2.040 s
267/1000, sim loss = 542.157, time = 0.251 s
268/1000, rel loss = 73045.953, time = 2.047 s
269/1000, sim loss = 541.347, time = 0.252 s
270/1000, rel loss = 72702.885, time = 2.042 s
271/1000, sim loss = 540.573, time = 0.253 s
272/1000, rel loss = 72468.333, time = 2.046 s
273/1000, sim loss = 539.786, time = 0.253 s
274/1000, rel loss = 72172.360, time = 2.021 s
275/1000, sim loss = 539.025, time = 0.252 s
276/1000, rel loss = 71923.336, time = 2.039 s
277/1000, sim loss = 538.268, time = 0.251 s
278/1000, rel loss = 71639.467, time = 2.038 s
279/1000, sim loss = 537.534, time = 0.252 s
280/1000, rel loss = 71353.707, time = 2.040 s
281/1000, sim loss = 536.801, time = 0.250 s
282/1000, rel loss = 71056.798, time = 2.038 s
283/1000, sim loss = 536.096, time = 0.252 s
284/1000, rel loss = 70854.188, time = 2.045 s
285/1000, sim loss = 535.388, time = 0.252 s
286/1000, rel loss = 70523.862, time = 2.033 s
287/1000, sim loss = 534.700, time = 0.250 s
288/1000, rel loss = 70254.157, time = 2.022 s
289/1000, sim loss = 534.019, time = 0.259 s
290/1000, rel loss = 70055.702, time = 2.047 s
291/1000, sim loss = 533.347, time = 0.261 s
292/1000, rel loss = 69725.101, time = 2.019 s
293/1000, sim loss = 532.673, time = 0.252 s
294/1000, rel loss = 69575.451, time = 2.033 s
295/1000, sim loss = 532.010, time = 0.251 s
296/1000, rel loss = 69286.292, time = 2.049 s
297/1000, sim loss = 531.373, time = 0.262 s
298/1000, rel loss = 69131.438, time = 2.030 s
299/1000, sim loss = 530.744, time = 0.252 s
300/1000, rel loss = 68796.324, time = 2.042 s
X-EN: acc of top [1, 10, 50, 100] = [ 0.3145  0.6638  0.8208  0.8758], mean = 102.966, mrr = 0.430, time = 5.738 s 
EN-X: acc of top [1, 10, 50, 100] = [ 0.3329  0.6627  0.822   0.8782], mean = 105.630, mrr = 0.443, time = 5.581 s 
301/1000, sim loss = 530.108, time = 0.258 s
302/1000, rel loss = 68542.281, time = 2.029 s
303/1000, sim loss = 529.466, time = 0.257 s
304/1000, rel loss = 68417.552, time = 2.030 s
305/1000, sim loss = 528.861, time = 0.258 s
306/1000, rel loss = 68153.475, time = 2.037 s
307/1000, sim loss = 528.252, time = 0.261 s
308/1000, rel loss = 67935.443, time = 2.022 s
309/1000, sim loss = 527.662, time = 0.256 s
310/1000, rel loss = 67669.605, time = 2.026 s
X-EN: acc of top [1, 10, 50, 100] = [ 0.3162  0.6646  0.823   0.8774], mean = 100.739, mrr = 0.432, time = 5.585 s 
EN-X: acc of top [1, 10, 50, 100] = [ 0.3329  0.6648  0.8238  0.8789], mean = 103.235, mrr = 0.443, time = 5.594 s 
311/1000, sim loss = 527.084, time = 0.257 s
312/1000, rel loss = 67437.814, time = 2.059 s
313/1000, sim loss = 526.494, time = 0.260 s
314/1000, rel loss = 67224.246, time = 2.036 s
315/1000, sim loss = 525.932, time = 0.258 s
316/1000, rel loss = 67078.524, time = 2.044 s
317/1000, sim loss = 525.379, time = 0.260 s
318/1000, rel loss = 66840.424, time = 2.045 s
319/1000, sim loss = 524.854, time = 0.263 s
320/1000, rel loss = 66599.840, time = 2.042 s
X-EN: acc of top [1, 10, 50, 100] = [ 0.3163  0.666   0.8249  0.8774], mean = 98.965, mrr = 0.433, time = 5.582 s 
EN-X: acc of top [1, 10, 50, 100] = [ 0.335   0.6637  0.824   0.879 ], mean = 101.186, mrr = 0.445, time = 5.591 s 
321/1000, sim loss = 524.308, time = 0.262 s
322/1000, rel loss = 66397.528, time = 2.018 s
323/1000, sim loss = 523.759, time = 0.253 s
324/1000, rel loss = 66292.326, time = 2.028 s
325/1000, sim loss = 523.257, time = 0.253 s
326/1000, rel loss = 66073.895, time = 2.008 s
327/1000, sim loss = 522.756, time = 0.254 s
328/1000, rel loss = 65892.666, time = 2.011 s
329/1000, sim loss = 522.244, time = 0.251 s
330/1000, rel loss = 65649.971, time = 2.034 s
X-EN: acc of top [1, 10, 50, 100] = [ 0.3164  0.6675  0.827   0.8784], mean = 96.980, mrr = 0.433, time = 5.587 s 
EN-X: acc of top [1, 10, 50, 100] = [ 0.3346  0.6645  0.8262  0.8787], mean = 98.899, mrr = 0.445, time = 5.591 s 
331/1000, sim loss = 521.719, time = 0.256 s
332/1000, rel loss = 65415.680, time = 2.031 s
333/1000, sim loss = 521.219, time = 0.251 s
334/1000, rel loss = 65213.724, time = 2.007 s
335/1000, sim loss = 520.733, time = 0.253 s
336/1000, rel loss = 65164.345, time = 2.021 s
337/1000, sim loss = 520.274, time = 0.252 s
338/1000, rel loss = 64921.983, time = 2.034 s
339/1000, sim loss = 519.801, time = 0.254 s
340/1000, rel loss = 64765.454, time = 2.001 s
X-EN: acc of top [1, 10, 50, 100] = [ 0.3167  0.668   0.8277  0.8799], mean = 95.216, mrr = 0.434, time = 5.576 s 
EN-X: acc of top [1, 10, 50, 100] = [ 0.3351  0.6667  0.8274  0.8787], mean = 97.133, mrr = 0.446, time = 5.581 s 
341/1000, sim loss = 519.339, time = 0.261 s
342/1000, rel loss = 64597.684, time = 2.047 s
343/1000, sim loss = 518.878, time = 0.255 s
344/1000, rel loss = 64425.361, time = 2.068 s
345/1000, sim loss = 518.424, time = 0.256 s
346/1000, rel loss = 64201.976, time = 2.050 s
347/1000, sim loss = 517.980, time = 0.256 s
348/1000, rel loss = 64022.334, time = 2.072 s
349/1000, sim loss = 517.521, time = 0.260 s
350/1000, rel loss = 63932.595, time = 2.052 s
X-EN: acc of top [1, 10, 50, 100] = [ 0.3199  0.6673  0.8295  0.8803], mean = 93.666, mrr = 0.436, time = 5.579 s 
EN-X: acc of top [1, 10, 50, 100] = [ 0.3377  0.666   0.8281  0.88  ], mean = 95.395, mrr = 0.448, time = 5.581 s 
351/1000, sim loss = 517.080, time = 0.256 s
352/1000, rel loss = 63766.614, time = 2.040 s
353/1000, sim loss = 516.635, time = 0.256 s
354/1000, rel loss = 63538.227, time = 2.038 s
355/1000, sim loss = 516.211, time = 0.260 s
356/1000, rel loss = 63391.029, time = 2.037 s
357/1000, sim loss = 515.788, time = 0.258 s
358/1000, rel loss = 63223.668, time = 2.008 s
359/1000, sim loss = 515.383, time = 0.258 s
360/1000, rel loss = 63026.171, time = 2.024 s
X-EN: acc of top [1, 10, 50, 100] = [ 0.3175  0.6681  0.8296  0.8819], mean = 92.421, mrr = 0.435, time = 5.583 s 
EN-X: acc of top [1, 10, 50, 100] = [ 0.337   0.6661  0.827   0.8808], mean = 93.782, mrr = 0.447, time = 5.593 s 
361/1000, sim loss = 514.967, time = 0.259 s
362/1000, rel loss = 62876.252, time = 2.047 s
363/1000, sim loss = 514.569, time = 0.256 s
364/1000, rel loss = 62659.016, time = 2.024 s
365/1000, sim loss = 514.161, time = 0.254 s
366/1000, rel loss = 62549.818, time = 2.790 s
367/1000, sim loss = 513.764, time = 0.254 s
368/1000, rel loss = 62397.362, time = 2.006 s
369/1000, sim loss = 513.367, time = 0.255 s
370/1000, rel loss = 62228.946, time = 2.039 s
X-EN: acc of top [1, 10, 50, 100] = [ 0.319   0.667   0.8304  0.8817], mean = 91.321, mrr = 0.436, time = 5.587 s 
EN-X: acc of top [1, 10, 50, 100] = [ 0.3394  0.6675  0.827   0.8814], mean = 92.415, mrr = 0.449, time = 5.590 s 
371/1000, sim loss = 512.975, time = 0.266 s
372/1000, rel loss = 62152.038, time = 2.032 s
373/1000, sim loss = 512.613, time = 0.258 s
374/1000, rel loss = 61940.413, time = 2.025 s
375/1000, sim loss = 512.248, time = 0.254 s
376/1000, rel loss = 61862.390, time = 2.021 s
377/1000, sim loss = 511.899, time = 0.255 s
378/1000, rel loss = 61649.160, time = 2.017 s
379/1000, sim loss = 511.543, time = 0.253 s
380/1000, rel loss = 61560.159, time = 2.040 s
X-EN: acc of top [1, 10, 50, 100] = [ 0.3175  0.6683  0.8299  0.883 ], mean = 90.097, mrr = 0.435, time = 5.615 s 
EN-X: acc of top [1, 10, 50, 100] = [ 0.3366  0.6672  0.8288  0.8817], mean = 91.255, mrr = 0.447, time = 5.590 s 
total time = 571.677 s

