22-45-01

0/1000, rel loss = 437454.044, time = 1.569 s
1/1000, sim loss = 1440.135, time = 1.516 s
2/1000, rel loss = 388895.439, time = 1.656 s
3/1000, sim loss = 1412.641, time = 0.226 s
4/1000, rel loss = 361615.220, time = 1.580 s
5/1000, sim loss = 1386.528, time = 0.269 s
6/1000, rel loss = 341071.494, time = 1.571 s
7/1000, sim loss = 1361.685, time = 0.224 s
8/1000, rel loss = 324326.842, time = 1.544 s
9/1000, sim loss = 1337.979, time = 0.214 s
10/1000, rel loss = 309910.869, time = 1.568 s
11/1000, sim loss = 1315.102, time = 0.218 s
12/1000, rel loss = 297351.614, time = 1.573 s
13/1000, sim loss = 1293.079, time = 0.221 s
14/1000, rel loss = 286053.143, time = 1.550 s
15/1000, sim loss = 1271.991, time = 0.212 s
16/1000, rel loss = 275887.928, time = 1.689 s
17/1000, sim loss = 1251.693, time = 0.244 s
18/1000, rel loss = 266653.898, time = 1.602 s
19/1000, sim loss = 1232.107, time = 0.210 s
20/1000, rel loss = 258057.218, time = 1.541 s
21/1000, sim loss = 1213.222, time = 0.212 s
22/1000, rel loss = 250168.142, time = 1.547 s
23/1000, sim loss = 1195.033, time = 0.218 s
24/1000, rel loss = 242770.396, time = 1.580 s
25/1000, sim loss = 1177.476, time = 0.220 s
26/1000, rel loss = 235846.591, time = 1.588 s
27/1000, sim loss = 1160.545, time = 0.243 s
28/1000, rel loss = 229447.581, time = 1.583 s
29/1000, sim loss = 1144.139, time = 0.216 s
30/1000, rel loss = 223344.208, time = 1.588 s
31/1000, sim loss = 1128.388, time = 0.221 s
32/1000, rel loss = 217622.874, time = 1.583 s
33/1000, sim loss = 1113.174, time = 0.214 s
34/1000, rel loss = 212264.051, time = 1.617 s
35/1000, sim loss = 1098.443, time = 0.215 s
36/1000, rel loss = 207161.453, time = 1.595 s
37/1000, sim loss = 1084.182, time = 0.224 s
38/1000, rel loss = 202338.498, time = 1.558 s
39/1000, sim loss = 1070.435, time = 0.212 s
40/1000, rel loss = 197758.316, time = 1.532 s
41/1000, sim loss = 1057.094, time = 0.210 s
42/1000, rel loss = 193388.868, time = 1.545 s
43/1000, sim loss = 1044.186, time = 0.224 s
44/1000, rel loss = 189210.405, time = 1.580 s
45/1000, sim loss = 1031.682, time = 0.224 s
46/1000, rel loss = 185208.863, time = 1.604 s
47/1000, sim loss = 1019.566, time = 0.224 s
48/1000, rel loss = 181397.470, time = 1.580 s
49/1000, sim loss = 1007.839, time = 0.216 s
50/1000, rel loss = 177774.214, time = 1.554 s
51/1000, sim loss = 996.495, time = 0.220 s
52/1000, rel loss = 174340.245, time = 1.619 s
53/1000, sim loss = 985.488, time = 0.233 s
54/1000, rel loss = 171024.010, time = 1.606 s
55/1000, sim loss = 974.859, time = 0.220 s
56/1000, rel loss = 167763.833, time = 1.583 s
57/1000, sim loss = 964.571, time = 0.220 s
58/1000, rel loss = 164710.981, time = 1.593 s
59/1000, sim loss = 954.551, time = 0.217 s
60/1000, rel loss = 161779.813, time = 1.539 s
61/1000, sim loss = 944.873, time = 0.215 s
62/1000, rel loss = 158880.938, time = 1.553 s
63/1000, sim loss = 935.462, time = 0.215 s
64/1000, rel loss = 156160.696, time = 1.570 s
65/1000, sim loss = 926.308, time = 0.218 s
66/1000, rel loss = 153523.468, time = 1.558 s
67/1000, sim loss = 917.447, time = 0.224 s
68/1000, rel loss = 150971.274, time = 1.532 s
69/1000, sim loss = 908.844, time = 0.216 s
70/1000, rel loss = 148529.695, time = 1.551 s
71/1000, sim loss = 900.531, time = 0.216 s
72/1000, rel loss = 146178.781, time = 1.546 s
73/1000, sim loss = 892.437, time = 0.218 s
74/1000, rel loss = 143915.077, time = 1.553 s
75/1000, sim loss = 884.575, time = 0.216 s
76/1000, rel loss = 141742.358, time = 1.544 s
77/1000, sim loss = 876.962, time = 0.217 s
78/1000, rel loss = 139570.506, time = 1.547 s
79/1000, sim loss = 869.537, time = 0.214 s
80/1000, rel loss = 137540.550, time = 1.538 s
81/1000, sim loss = 862.336, time = 0.213 s
82/1000, rel loss = 135581.821, time = 1.539 s
83/1000, sim loss = 855.356, time = 0.213 s
84/1000, rel loss = 133611.622, time = 1.541 s
85/1000, sim loss = 848.528, time = 0.212 s
86/1000, rel loss = 131779.884, time = 1.538 s
87/1000, sim loss = 841.906, time = 0.222 s
88/1000, rel loss = 129945.892, time = 1.546 s
89/1000, sim loss = 835.467, time = 0.215 s
90/1000, rel loss = 128203.530, time = 1.544 s
91/1000, sim loss = 829.172, time = 0.215 s
92/1000, rel loss = 126552.521, time = 1.562 s
93/1000, sim loss = 823.049, time = 0.217 s
94/1000, rel loss = 124884.833, time = 1.546 s
95/1000, sim loss = 817.131, time = 0.214 s
96/1000, rel loss = 123267.697, time = 1.541 s
97/1000, sim loss = 811.343, time = 0.221 s
98/1000, rel loss = 121725.886, time = 1.534 s
99/1000, sim loss = 805.692, time = 0.214 s
100/1000, rel loss = 120123.105, time = 1.544 s
101/1000, sim loss = 800.193, time = 0.215 s
102/1000, rel loss = 118738.366, time = 1.542 s
103/1000, sim loss = 794.863, time = 0.222 s
104/1000, rel loss = 117268.725, time = 1.544 s
105/1000, sim loss = 789.626, time = 0.215 s
106/1000, rel loss = 115862.264, time = 1.541 s
107/1000, sim loss = 784.565, time = 0.212 s
108/1000, rel loss = 114573.459, time = 1.548 s
109/1000, sim loss = 779.628, time = 0.215 s
110/1000, rel loss = 113267.292, time = 1.537 s
111/1000, sim loss = 774.819, time = 0.216 s
112/1000, rel loss = 111982.008, time = 1.545 s
113/1000, sim loss = 770.117, time = 0.218 s
114/1000, rel loss = 110752.905, time = 1.541 s
115/1000, sim loss = 765.543, time = 0.216 s
116/1000, rel loss = 109540.437, time = 1.549 s
117/1000, sim loss = 761.052, time = 0.215 s
118/1000, rel loss = 108342.124, time = 1.538 s
119/1000, sim loss = 756.688, time = 0.215 s
120/1000, rel loss = 107242.927, time = 1.556 s
121/1000, sim loss = 752.445, time = 0.213 s
122/1000, rel loss = 106114.275, time = 1.532 s
123/1000, sim loss = 748.282, time = 0.212 s
124/1000, rel loss = 104954.188, time = 1.549 s
125/1000, sim loss = 744.209, time = 0.215 s
126/1000, rel loss = 103923.812, time = 1.546 s
127/1000, sim loss = 740.205, time = 0.216 s
128/1000, rel loss = 102863.434, time = 1.535 s
129/1000, sim loss = 736.369, time = 0.214 s
130/1000, rel loss = 101926.870, time = 1.564 s
131/1000, sim loss = 732.594, time = 0.224 s
132/1000, rel loss = 100855.406, time = 1.573 s
133/1000, sim loss = 728.879, time = 0.224 s
134/1000, rel loss = 99938.328, time = 1.559 s
135/1000, sim loss = 725.273, time = 0.219 s
136/1000, rel loss = 98938.098, time = 1.581 s
137/1000, sim loss = 721.781, time = 0.216 s
138/1000, rel loss = 98080.553, time = 1.603 s
139/1000, sim loss = 718.322, time = 0.216 s
140/1000, rel loss = 97120.853, time = 1.563 s
141/1000, sim loss = 714.954, time = 0.216 s
142/1000, rel loss = 96312.468, time = 1.566 s
143/1000, sim loss = 711.644, time = 0.215 s
144/1000, rel loss = 95460.888, time = 1.549 s
145/1000, sim loss = 708.420, time = 0.228 s
146/1000, rel loss = 94567.261, time = 1.591 s
147/1000, sim loss = 705.263, time = 0.216 s
148/1000, rel loss = 93773.720, time = 1.552 s
149/1000, sim loss = 702.167, time = 0.223 s
150/1000, rel loss = 93000.164, time = 1.543 s
151/1000, sim loss = 699.177, time = 0.221 s
152/1000, rel loss = 92198.465, time = 1.562 s
153/1000, sim loss = 696.241, time = 0.216 s
154/1000, rel loss = 91437.167, time = 1.561 s
155/1000, sim loss = 693.370, time = 0.220 s
156/1000, rel loss = 90651.129, time = 1.562 s
157/1000, sim loss = 690.547, time = 0.223 s
158/1000, rel loss = 89976.680, time = 1.540 s
159/1000, sim loss = 687.758, time = 0.216 s
160/1000, rel loss = 89233.655, time = 1.554 s
161/1000, sim loss = 685.065, time = 0.224 s
162/1000, rel loss = 88588.610, time = 1.551 s
163/1000, sim loss = 682.389, time = 0.221 s
164/1000, rel loss = 87837.198, time = 1.624 s
165/1000, sim loss = 679.794, time = 0.257 s
166/1000, rel loss = 87189.859, time = 1.596 s
167/1000, sim loss = 677.242, time = 0.222 s
168/1000, rel loss = 86523.303, time = 1.572 s
169/1000, sim loss = 674.772, time = 0.225 s
170/1000, rel loss = 85885.415, time = 1.575 s
171/1000, sim loss = 672.333, time = 0.218 s
172/1000, rel loss = 85242.127, time = 1.545 s
173/1000, sim loss = 669.948, time = 0.225 s
174/1000, rel loss = 84602.838, time = 1.586 s
175/1000, sim loss = 667.600, time = 0.221 s
176/1000, rel loss = 83985.258, time = 1.581 s
177/1000, sim loss = 665.315, time = 0.237 s
178/1000, rel loss = 83361.464, time = 1.629 s
179/1000, sim loss = 663.060, time = 0.220 s
180/1000, rel loss = 82839.393, time = 1.556 s
181/1000, sim loss = 660.819, time = 0.218 s
182/1000, rel loss = 82262.602, time = 1.563 s
183/1000, sim loss = 658.660, time = 0.221 s
184/1000, rel loss = 81646.002, time = 1.569 s
185/1000, sim loss = 656.536, time = 0.220 s
186/1000, rel loss = 81074.306, time = 1.556 s
187/1000, sim loss = 654.438, time = 0.218 s
188/1000, rel loss = 80565.445, time = 1.555 s
189/1000, sim loss = 652.380, time = 0.215 s
190/1000, rel loss = 80010.213, time = 1.588 s
191/1000, sim loss = 650.358, time = 0.224 s
192/1000, rel loss = 79522.778, time = 1.577 s
193/1000, sim loss = 648.377, time = 0.216 s
194/1000, rel loss = 79027.238, time = 1.574 s
195/1000, sim loss = 646.453, time = 0.226 s
196/1000, rel loss = 78483.805, time = 1.597 s
197/1000, sim loss = 644.544, time = 0.218 s
198/1000, rel loss = 78038.689, time = 1.543 s
199/1000, sim loss = 642.679, time = 0.224 s
200/1000, rel loss = 77540.674, time = 1.577 s
201/1000, sim loss = 640.835, time = 0.220 s
202/1000, rel loss = 77129.955, time = 1.535 s
203/1000, sim loss = 639.036, time = 0.221 s
204/1000, rel loss = 76602.841, time = 1.595 s
205/1000, sim loss = 637.236, time = 0.231 s
206/1000, rel loss = 76187.846, time = 1.598 s
207/1000, sim loss = 635.498, time = 0.219 s
208/1000, rel loss = 75754.123, time = 1.591 s
209/1000, sim loss = 633.790, time = 0.238 s
210/1000, rel loss = 75311.886, time = 1.537 s
211/1000, sim loss = 632.100, time = 0.217 s
212/1000, rel loss = 74861.014, time = 1.567 s
213/1000, sim loss = 630.442, time = 0.237 s
214/1000, rel loss = 74443.647, time = 1.565 s
215/1000, sim loss = 628.803, time = 0.216 s
216/1000, rel loss = 74040.614, time = 1.549 s
217/1000, sim loss = 627.185, time = 0.217 s
218/1000, rel loss = 73616.892, time = 1.542 s
219/1000, sim loss = 625.615, time = 0.216 s
220/1000, rel loss = 73280.999, time = 1.564 s
221/1000, sim loss = 624.070, time = 0.212 s
222/1000, rel loss = 72834.094, time = 1.534 s
223/1000, sim loss = 622.561, time = 0.219 s
224/1000, rel loss = 72467.711, time = 1.546 s
225/1000, sim loss = 621.073, time = 0.216 s
226/1000, rel loss = 72037.590, time = 1.559 s
227/1000, sim loss = 619.593, time = 0.218 s
228/1000, rel loss = 71672.181, time = 1.528 s
229/1000, sim loss = 618.153, time = 0.217 s
230/1000, rel loss = 71322.829, time = 1.549 s
231/1000, sim loss = 616.728, time = 0.214 s
232/1000, rel loss = 70917.508, time = 1.526 s
233/1000, sim loss = 615.345, time = 0.213 s
234/1000, rel loss = 70590.541, time = 1.534 s
235/1000, sim loss = 613.971, time = 0.222 s
236/1000, rel loss = 70213.258, time = 1.561 s
237/1000, sim loss = 612.595, time = 0.214 s
238/1000, rel loss = 69860.962, time = 1.540 s
239/1000, sim loss = 611.265, time = 0.215 s
240/1000, rel loss = 69535.330, time = 1.551 s
241/1000, sim loss = 609.947, time = 0.217 s
242/1000, rel loss = 69164.274, time = 1.537 s
243/1000, sim loss = 608.674, time = 0.215 s
244/1000, rel loss = 68893.534, time = 1.543 s
245/1000, sim loss = 607.389, time = 0.219 s
246/1000, rel loss = 68545.815, time = 1.553 s
247/1000, sim loss = 606.143, time = 0.218 s
248/1000, rel loss = 68220.695, time = 1.534 s
249/1000, sim loss = 604.932, time = 0.214 s
250/1000, rel loss = 67926.961, time = 1.534 s
251/1000, sim loss = 603.712, time = 0.214 s
252/1000, rel loss = 67596.568, time = 1.545 s
253/1000, sim loss = 602.532, time = 0.216 s
254/1000, rel loss = 67327.982, time = 1.537 s
255/1000, sim loss = 601.367, time = 0.215 s
256/1000, rel loss = 67022.052, time = 1.536 s
257/1000, sim loss = 600.221, time = 0.219 s
258/1000, rel loss = 66660.954, time = 1.519 s
259/1000, sim loss = 599.089, time = 0.214 s
260/1000, rel loss = 66352.094, time = 1.563 s
261/1000, sim loss = 597.957, time = 0.221 s
262/1000, rel loss = 66089.689, time = 1.560 s
263/1000, sim loss = 596.856, time = 0.216 s
264/1000, rel loss = 65777.301, time = 1.598 s
265/1000, sim loss = 595.771, time = 0.223 s
266/1000, rel loss = 65551.222, time = 1.573 s
267/1000, sim loss = 594.710, time = 0.220 s
268/1000, rel loss = 65247.176, time = 1.553 s
269/1000, sim loss = 593.657, time = 0.220 s
270/1000, rel loss = 64982.489, time = 1.539 s
271/1000, sim loss = 592.623, time = 0.216 s
272/1000, rel loss = 64713.656, time = 1.539 s
273/1000, sim loss = 591.601, time = 0.216 s
274/1000, rel loss = 64446.037, time = 1.534 s
275/1000, sim loss = 590.590, time = 0.217 s
276/1000, rel loss = 64246.131, time = 1.547 s
277/1000, sim loss = 589.579, time = 0.220 s
278/1000, rel loss = 64029.568, time = 1.529 s
279/1000, sim loss = 588.592, time = 0.216 s
280/1000, rel loss = 63685.337, time = 1.553 s
281/1000, sim loss = 587.618, time = 0.216 s
282/1000, rel loss = 63437.219, time = 1.551 s
283/1000, sim loss = 586.670, time = 0.218 s
284/1000, rel loss = 63188.324, time = 1.556 s
285/1000, sim loss = 585.721, time = 0.219 s
286/1000, rel loss = 63000.483, time = 1.558 s
287/1000, sim loss = 584.787, time = 0.217 s
288/1000, rel loss = 62770.136, time = 1.552 s
289/1000, sim loss = 583.870, time = 0.216 s
290/1000, rel loss = 62513.262, time = 1.536 s
291/1000, sim loss = 582.975, time = 0.220 s
292/1000, rel loss = 62272.526, time = 1.548 s
293/1000, sim loss = 582.089, time = 0.218 s
294/1000, rel loss = 62066.087, time = 1.557 s
295/1000, sim loss = 581.217, time = 0.217 s
296/1000, rel loss = 61733.550, time = 1.554 s
297/1000, sim loss = 580.355, time = 0.218 s
298/1000, rel loss = 61561.232, time = 1.534 s
299/1000, sim loss = 579.513, time = 0.216 s
300/1000, rel loss = 61338.348, time = 1.561 s
X-EN: acc of top [1, 10, 50, 100] = [ 0.354   0.6862  0.845   0.891 ], mean = 110.141, mrr = 0.465, time = 5.745 s 
EN-X: acc of top [1, 10, 50, 100] = [ 0.3763  0.6756  0.8251  0.8734], mean = 119.794, mrr = 0.478, time = 5.583 s 
301/1000, sim loss = 578.681, time = 0.223 s
302/1000, rel loss = 61131.683, time = 1.553 s
303/1000, sim loss = 577.864, time = 0.221 s
304/1000, rel loss = 60939.569, time = 1.546 s
305/1000, sim loss = 577.047, time = 0.221 s
306/1000, rel loss = 60696.525, time = 1.535 s
307/1000, sim loss = 576.237, time = 1.026 s
308/1000, rel loss = 60496.453, time = 1.546 s
309/1000, sim loss = 575.424, time = 0.219 s
310/1000, rel loss = 60302.695, time = 1.544 s
X-EN: acc of top [1, 10, 50, 100] = [ 0.3569  0.6869  0.8473  0.8926], mean = 106.464, mrr = 0.468, time = 5.588 s 
EN-X: acc of top [1, 10, 50, 100] = [ 0.377   0.6772  0.8271  0.8755], mean = 116.206, mrr = 0.479, time = 5.585 s 
311/1000, sim loss = 574.631, time = 0.223 s
312/1000, rel loss = 60101.778, time = 1.539 s
313/1000, sim loss = 573.863, time = 0.220 s
314/1000, rel loss = 59912.497, time = 1.537 s
315/1000, sim loss = 573.094, time = 0.218 s
316/1000, rel loss = 59640.173, time = 1.537 s
317/1000, sim loss = 572.337, time = 0.220 s
318/1000, rel loss = 59503.318, time = 1.550 s
319/1000, sim loss = 571.602, time = 0.220 s
320/1000, rel loss = 59283.559, time = 1.544 s
X-EN: acc of top [1, 10, 50, 100] = [ 0.357   0.6893  0.849   0.895 ], mean = 103.093, mrr = 0.469, time = 5.593 s 
EN-X: acc of top [1, 10, 50, 100] = [ 0.3769  0.6789  0.8289  0.8771], mean = 112.807, mrr = 0.479, time = 5.587 s 
321/1000, sim loss = 570.874, time = 0.223 s
322/1000, rel loss = 59060.746, time = 1.538 s
323/1000, sim loss = 570.152, time = 0.231 s
324/1000, rel loss = 58953.461, time = 1.548 s
325/1000, sim loss = 569.423, time = 0.220 s
326/1000, rel loss = 58694.034, time = 1.554 s
327/1000, sim loss = 568.705, time = 0.222 s
328/1000, rel loss = 58525.338, time = 1.529 s
329/1000, sim loss = 568.012, time = 0.221 s
330/1000, rel loss = 58332.959, time = 1.564 s
X-EN: acc of top [1, 10, 50, 100] = [ 0.3584  0.6909  0.8509  0.8973], mean = 99.964, mrr = 0.470, time = 5.595 s 
EN-X: acc of top [1, 10, 50, 100] = [ 0.3781  0.681   0.831   0.8796], mean = 109.619, mrr = 0.481, time = 5.630 s 
331/1000, sim loss = 567.319, time = 0.220 s
332/1000, rel loss = 58240.012, time = 1.542 s
333/1000, sim loss = 566.655, time = 0.220 s
334/1000, rel loss = 58026.477, time = 1.522 s
335/1000, sim loss = 565.984, time = 0.223 s
336/1000, rel loss = 57796.362, time = 1.545 s
337/1000, sim loss = 565.311, time = 0.220 s
338/1000, rel loss = 57663.675, time = 1.534 s
339/1000, sim loss = 564.661, time = 0.219 s
340/1000, rel loss = 57463.926, time = 1.552 s
X-EN: acc of top [1, 10, 50, 100] = [ 0.3591  0.6931  0.8521  0.8996], mean = 97.344, mrr = 0.471, time = 5.590 s 
EN-X: acc of top [1, 10, 50, 100] = [ 0.378   0.6828  0.8313  0.8812], mean = 107.004, mrr = 0.481, time = 5.583 s 
341/1000, sim loss = 563.988, time = 0.222 s
342/1000, rel loss = 57393.431, time = 1.548 s
343/1000, sim loss = 563.323, time = 0.221 s
344/1000, rel loss = 57137.189, time = 1.561 s
345/1000, sim loss = 562.689, time = 0.222 s
346/1000, rel loss = 56995.909, time = 1.548 s
347/1000, sim loss = 562.061, time = 0.220 s
348/1000, rel loss = 56805.755, time = 1.539 s
349/1000, sim loss = 561.449, time = 0.220 s
350/1000, rel loss = 56652.780, time = 1.545 s
X-EN: acc of top [1, 10, 50, 100] = [ 0.3617  0.6938  0.8533  0.902 ], mean = 95.055, mrr = 0.473, time = 5.600 s 
EN-X: acc of top [1, 10, 50, 100] = [ 0.3797  0.6834  0.8314  0.8819], mean = 104.649, mrr = 0.482, time = 5.587 s 
351/1000, sim loss = 560.826, time = 0.223 s
352/1000, rel loss = 56499.985, time = 1.538 s
353/1000, sim loss = 560.211, time = 0.222 s
354/1000, rel loss = 56338.021, time = 1.532 s
355/1000, sim loss = 559.616, time = 0.228 s
356/1000, rel loss = 56196.960, time = 1.544 s
357/1000, sim loss = 559.019, time = 0.221 s
358/1000, rel loss = 56016.699, time = 1.543 s
359/1000, sim loss = 558.441, time = 0.225 s
360/1000, rel loss = 55857.788, time = 1.544 s
X-EN: acc of top [1, 10, 50, 100] = [ 0.3616  0.6951  0.8545  0.9032], mean = 92.709, mrr = 0.473, time = 5.591 s 
EN-X: acc of top [1, 10, 50, 100] = [ 0.3814  0.6855  0.833   0.8836], mean = 102.405, mrr = 0.484, time = 5.581 s 
361/1000, sim loss = 557.851, time = 0.219 s
362/1000, rel loss = 55752.371, time = 1.547 s
363/1000, sim loss = 557.265, time = 0.220 s
364/1000, rel loss = 55546.459, time = 1.528 s
365/1000, sim loss = 556.692, time = 0.221 s
366/1000, rel loss = 55419.471, time = 1.551 s
367/1000, sim loss = 556.130, time = 0.222 s
368/1000, rel loss = 55233.214, time = 1.544 s
369/1000, sim loss = 555.575, time = 0.221 s
370/1000, rel loss = 55070.541, time = 1.552 s
X-EN: acc of top [1, 10, 50, 100] = [ 0.3626  0.6975  0.8568  0.9048], mean = 90.692, mrr = 0.474, time = 5.595 s 
EN-X: acc of top [1, 10, 50, 100] = [ 0.3814  0.6867  0.8344  0.8848], mean = 100.294, mrr = 0.484, time = 5.582 s 
371/1000, sim loss = 555.023, time = 0.226 s
372/1000, rel loss = 54904.886, time = 1.540 s
373/1000, sim loss = 554.477, time = 0.222 s
374/1000, rel loss = 54849.790, time = 1.523 s
375/1000, sim loss = 553.957, time = 0.222 s
376/1000, rel loss = 54698.526, time = 1.554 s
377/1000, sim loss = 553.428, time = 0.219 s
378/1000, rel loss = 54500.163, time = 1.534 s
379/1000, sim loss = 552.912, time = 0.225 s
380/1000, rel loss = 54474.264, time = 1.540 s
X-EN: acc of top [1, 10, 50, 100] = [ 0.3628  0.6973  0.8578  0.9074], mean = 88.785, mrr = 0.474, time = 5.586 s 
EN-X: acc of top [1, 10, 50, 100] = [ 0.3832  0.6875  0.8347  0.8865], mean = 98.507, mrr = 0.485, time = 5.595 s 
381/1000, sim loss = 552.393, time = 0.221 s
382/1000, rel loss = 54248.381, time = 1.562 s
383/1000, sim loss = 551.852, time = 0.221 s
384/1000, rel loss = 54145.178, time = 1.568 s
385/1000, sim loss = 551.344, time = 0.223 s
386/1000, rel loss = 54004.828, time = 1.535 s
387/1000, sim loss = 550.834, time = 0.218 s
388/1000, rel loss = 53846.523, time = 1.557 s
389/1000, sim loss = 550.340, time = 0.221 s
390/1000, rel loss = 53764.995, time = 1.563 s
X-EN: acc of top [1, 10, 50, 100] = [ 0.3635  0.6964  0.859   0.9079], mean = 87.014, mrr = 0.475, time = 5.595 s 
EN-X: acc of top [1, 10, 50, 100] = [ 0.3852  0.6865  0.8358  0.8872], mean = 96.600, mrr = 0.486, time = 5.583 s 
391/1000, sim loss = 549.851, time = 0.223 s
392/1000, rel loss = 53603.390, time = 1.526 s
393/1000, sim loss = 549.373, time = 0.219 s
394/1000, rel loss = 53514.201, time = 1.558 s
395/1000, sim loss = 548.896, time = 0.221 s
396/1000, rel loss = 53369.593, time = 1.564 s
397/1000, sim loss = 548.431, time = 0.221 s
398/1000, rel loss = 53287.066, time = 1.548 s
399/1000, sim loss = 547.981, time = 0.221 s
400/1000, rel loss = 53135.388, time = 1.547 s
X-EN: acc of top [1, 10, 50, 100] = [ 0.3632  0.6965  0.8605  0.908 ], mean = 85.533, mrr = 0.475, time = 5.607 s 
EN-X: acc of top [1, 10, 50, 100] = [ 0.3847  0.6856  0.8382  0.8872], mean = 95.013, mrr = 0.486, time = 5.592 s 
401/1000, sim loss = 547.512, time = 0.224 s
402/1000, rel loss = 53002.021, time = 1.559 s
403/1000, sim loss = 547.050, time = 0.223 s
404/1000, rel loss = 52890.095, time = 1.532 s
405/1000, sim loss = 546.590, time = 0.222 s
406/1000, rel loss = 52743.140, time = 1.548 s
407/1000, sim loss = 546.120, time = 0.219 s
408/1000, rel loss = 52671.707, time = 1.549 s
409/1000, sim loss = 545.661, time = 0.221 s
410/1000, rel loss = 52474.453, time = 1.546 s
X-EN: acc of top [1, 10, 50, 100] = [ 0.365   0.6951  0.861   0.909 ], mean = 83.988, mrr = 0.476, time = 5.606 s 
EN-X: acc of top [1, 10, 50, 100] = [ 0.384   0.6857  0.8382  0.8882], mean = 93.427, mrr = 0.486, time = 5.592 s 
411/1000, sim loss = 545.219, time = 0.229 s
412/1000, rel loss = 52412.531, time = 1.579 s
413/1000, sim loss = 544.789, time = 0.232 s
414/1000, rel loss = 52280.624, time = 1.615 s
415/1000, sim loss = 544.354, time = 0.225 s
416/1000, rel loss = 52139.884, time = 1.671 s
417/1000, sim loss = 543.915, time = 0.234 s
418/1000, rel loss = 52109.098, time = 1.586 s
419/1000, sim loss = 543.493, time = 0.220 s
420/1000, rel loss = 51922.706, time = 1.630 s
X-EN: acc of top [1, 10, 50, 100] = [ 0.3659  0.6965  0.8619  0.9098], mean = 82.683, mrr = 0.476, time = 5.619 s 
EN-X: acc of top [1, 10, 50, 100] = [ 0.3836  0.6871  0.8388  0.8884], mean = 92.075, mrr = 0.485, time = 5.596 s 
421/1000, sim loss = 543.073, time = 0.226 s
422/1000, rel loss = 51873.686, time = 1.556 s
423/1000, sim loss = 542.637, time = 0.228 s
424/1000, rel loss = 51751.269, time = 1.548 s
425/1000, sim loss = 542.222, time = 0.228 s
426/1000, rel loss = 51631.938, time = 1.560 s
427/1000, sim loss = 541.835, time = 0.219 s
428/1000, rel loss = 51527.297, time = 1.550 s
429/1000, sim loss = 541.444, time = 0.221 s
430/1000, rel loss = 51385.432, time = 1.568 s
X-EN: acc of top [1, 10, 50, 100] = [ 0.3664  0.6968  0.8623  0.9103], mean = 81.488, mrr = 0.477, time = 5.598 s 
EN-X: acc of top [1, 10, 50, 100] = [ 0.3836  0.6881  0.8395  0.8893], mean = 90.841, mrr = 0.485, time = 5.581 s 
431/1000, sim loss = 541.029, time = 0.222 s
432/1000, rel loss = 51276.057, time = 1.546 s
433/1000, sim loss = 540.629, time = 0.223 s
434/1000, rel loss = 51201.661, time = 1.548 s
435/1000, sim loss = 540.212, time = 0.220 s
436/1000, rel loss = 51092.067, time = 1.537 s
437/1000, sim loss = 539.824, time = 0.219 s
438/1000, rel loss = 50968.936, time = 1.548 s
439/1000, sim loss = 539.432, time = 0.223 s
440/1000, rel loss = 50847.245, time = 1.544 s
X-EN: acc of top [1, 10, 50, 100] = [ 0.3665  0.695   0.8633  0.9095], mean = 80.296, mrr = 0.477, time = 5.605 s 
EN-X: acc of top [1, 10, 50, 100] = [ 0.3845  0.6879  0.8404  0.8899], mean = 89.556, mrr = 0.486, time = 5.596 s 
441/1000, sim loss = 539.063, time = 0.223 s
442/1000, rel loss = 50722.595, time = 1.571 s
443/1000, sim loss = 538.681, time = 0.219 s
444/1000, rel loss = 50670.192, time = 1.538 s
445/1000, sim loss = 538.310, time = 0.217 s
446/1000, rel loss = 50609.833, time = 1.574 s
447/1000, sim loss = 537.942, time = 0.219 s
448/1000, rel loss = 50481.471, time = 1.541 s
449/1000, sim loss = 537.579, time = 0.227 s
450/1000, rel loss = 50395.000, time = 1.539 s
X-EN: acc of top [1, 10, 50, 100] = [ 0.3661  0.6955  0.8643  0.9105], mean = 79.201, mrr = 0.477, time = 5.603 s 
EN-X: acc of top [1, 10, 50, 100] = [ 0.3856  0.6858  0.8412  0.8908], mean = 88.418, mrr = 0.487, time = 5.596 s 
451/1000, sim loss = 537.214, time = 0.230 s
452/1000, rel loss = 50290.121, time = 1.549 s
453/1000, sim loss = 536.845, time = 0.225 s
454/1000, rel loss = 50257.634, time = 1.528 s
455/1000, sim loss = 536.483, time = 0.223 s
456/1000, rel loss = 50107.473, time = 1.549 s
457/1000, sim loss = 536.126, time = 0.219 s
458/1000, rel loss = 49993.422, time = 1.550 s
459/1000, sim loss = 535.766, time = 0.221 s
460/1000, rel loss = 49911.181, time = 1.540 s
X-EN: acc of top [1, 10, 50, 100] = [ 0.3648  0.6954  0.8631  0.9105], mean = 78.109, mrr = 0.476, time = 5.598 s 
EN-X: acc of top [1, 10, 50, 100] = [ 0.3845  0.6877  0.8426  0.8917], mean = 87.408, mrr = 0.486, time = 5.591 s 
total time = 638.331 s
