17-02-21

0/1000, rel loss = 408740.963, time = 1.489 s
1/1000, sim loss = 1460.919, time = 1.512 s
2/1000, rel loss = 361665.086, time = 1.458 s
3/1000, sim loss = 1431.340, time = 0.211 s
4/1000, rel loss = 335203.634, time = 1.450 s
5/1000, sim loss = 1403.985, time = 0.212 s
6/1000, rel loss = 315527.065, time = 1.459 s
7/1000, sim loss = 1378.420, time = 0.212 s
8/1000, rel loss = 299484.823, time = 1.446 s
9/1000, sim loss = 1354.320, time = 0.214 s
10/1000, rel loss = 285833.819, time = 1.446 s
11/1000, sim loss = 1331.414, time = 0.214 s
12/1000, rel loss = 274025.037, time = 1.443 s
13/1000, sim loss = 1309.671, time = 0.213 s
14/1000, rel loss = 263506.709, time = 1.454 s
15/1000, sim loss = 1288.915, time = 0.212 s
16/1000, rel loss = 253980.752, time = 1.453 s
17/1000, sim loss = 1268.948, time = 0.214 s
18/1000, rel loss = 245406.500, time = 1.450 s
19/1000, sim loss = 1250.017, time = 0.213 s
20/1000, rel loss = 237568.407, time = 1.443 s
21/1000, sim loss = 1231.761, time = 0.211 s
22/1000, rel loss = 230351.404, time = 1.453 s
23/1000, sim loss = 1214.163, time = 0.210 s
24/1000, rel loss = 223591.494, time = 1.457 s
25/1000, sim loss = 1197.215, time = 0.212 s
26/1000, rel loss = 217257.383, time = 1.446 s
27/1000, sim loss = 1180.884, time = 0.214 s
28/1000, rel loss = 211405.803, time = 1.456 s
29/1000, sim loss = 1165.171, time = 0.211 s
30/1000, rel loss = 205875.047, time = 1.449 s
31/1000, sim loss = 1149.956, time = 0.211 s
32/1000, rel loss = 200785.617, time = 1.448 s
33/1000, sim loss = 1135.268, time = 0.212 s
34/1000, rel loss = 195922.260, time = 1.459 s
35/1000, sim loss = 1121.067, time = 0.211 s
36/1000, rel loss = 191308.745, time = 1.464 s
37/1000, sim loss = 1107.302, time = 0.211 s
38/1000, rel loss = 186938.425, time = 1.452 s
39/1000, sim loss = 1094.016, time = 0.213 s
40/1000, rel loss = 182721.732, time = 1.467 s
41/1000, sim loss = 1081.131, time = 0.211 s
42/1000, rel loss = 178772.323, time = 1.505 s
43/1000, sim loss = 1068.694, time = 0.226 s
44/1000, rel loss = 174984.159, time = 1.562 s
45/1000, sim loss = 1056.616, time = 0.219 s
46/1000, rel loss = 171366.158, time = 1.482 s
47/1000, sim loss = 1044.901, time = 0.214 s
48/1000, rel loss = 167974.175, time = 1.504 s
49/1000, sim loss = 1033.505, time = 0.213 s
50/1000, rel loss = 164627.342, time = 1.534 s
51/1000, sim loss = 1022.487, time = 0.233 s
52/1000, rel loss = 161489.094, time = 1.515 s
53/1000, sim loss = 1011.740, time = 0.223 s
54/1000, rel loss = 158413.138, time = 1.468 s
55/1000, sim loss = 1001.280, time = 0.211 s
56/1000, rel loss = 155503.202, time = 1.450 s
57/1000, sim loss = 991.169, time = 0.213 s
58/1000, rel loss = 152768.343, time = 1.471 s
59/1000, sim loss = 981.303, time = 0.215 s
60/1000, rel loss = 150067.358, time = 1.510 s
61/1000, sim loss = 971.740, time = 0.218 s
62/1000, rel loss = 147380.725, time = 1.483 s
63/1000, sim loss = 962.432, time = 0.212 s
64/1000, rel loss = 144945.421, time = 1.499 s
65/1000, sim loss = 953.330, time = 0.216 s
66/1000, rel loss = 142557.290, time = 1.480 s
67/1000, sim loss = 944.537, time = 0.215 s
68/1000, rel loss = 140309.480, time = 1.471 s
69/1000, sim loss = 935.966, time = 0.218 s
70/1000, rel loss = 138012.289, time = 1.460 s
71/1000, sim loss = 927.611, time = 0.213 s
72/1000, rel loss = 135845.152, time = 1.458 s
73/1000, sim loss = 919.482, time = 0.211 s
74/1000, rel loss = 133709.716, time = 1.457 s
75/1000, sim loss = 911.576, time = 0.213 s
76/1000, rel loss = 131726.925, time = 1.470 s
77/1000, sim loss = 903.839, time = 0.213 s
78/1000, rel loss = 129714.664, time = 1.456 s
79/1000, sim loss = 896.316, time = 0.213 s
80/1000, rel loss = 127807.566, time = 1.461 s
81/1000, sim loss = 888.980, time = 0.213 s
82/1000, rel loss = 126006.834, time = 1.452 s
83/1000, sim loss = 881.805, time = 0.212 s
84/1000, rel loss = 124204.483, time = 1.449 s
85/1000, sim loss = 874.812, time = 0.212 s
86/1000, rel loss = 122510.059, time = 1.459 s
87/1000, sim loss = 867.977, time = 0.211 s
88/1000, rel loss = 120762.484, time = 1.453 s
89/1000, sim loss = 861.339, time = 0.213 s
90/1000, rel loss = 119094.055, time = 1.456 s
91/1000, sim loss = 854.853, time = 0.215 s
92/1000, rel loss = 117508.821, time = 1.461 s
93/1000, sim loss = 848.535, time = 0.219 s
94/1000, rel loss = 115954.683, time = 1.468 s
95/1000, sim loss = 842.335, time = 0.217 s
96/1000, rel loss = 114487.515, time = 1.466 s
97/1000, sim loss = 836.309, time = 0.213 s
98/1000, rel loss = 112974.594, time = 1.454 s
99/1000, sim loss = 830.432, time = 0.211 s
100/1000, rel loss = 111581.057, time = 1.463 s
101/1000, sim loss = 824.667, time = 0.211 s
102/1000, rel loss = 110073.112, time = 1.451 s
103/1000, sim loss = 819.027, time = 0.210 s
104/1000, rel loss = 108873.063, time = 1.476 s
105/1000, sim loss = 813.535, time = 0.213 s
106/1000, rel loss = 107506.571, time = 1.446 s
107/1000, sim loss = 808.144, time = 0.215 s
108/1000, rel loss = 106172.154, time = 1.465 s
109/1000, sim loss = 802.863, time = 0.213 s
110/1000, rel loss = 104979.179, time = 1.487 s
111/1000, sim loss = 797.724, time = 0.212 s
112/1000, rel loss = 103725.947, time = 1.485 s
113/1000, sim loss = 792.675, time = 0.213 s
114/1000, rel loss = 102520.377, time = 1.474 s
115/1000, sim loss = 787.771, time = 0.214 s
116/1000, rel loss = 101338.931, time = 1.461 s
117/1000, sim loss = 782.955, time = 0.215 s
118/1000, rel loss = 100243.699, time = 1.472 s
119/1000, sim loss = 778.270, time = 0.216 s
120/1000, rel loss = 99117.893, time = 1.464 s
121/1000, sim loss = 773.679, time = 0.213 s
122/1000, rel loss = 98075.301, time = 1.458 s
123/1000, sim loss = 769.181, time = 0.213 s
124/1000, rel loss = 96939.410, time = 1.487 s
125/1000, sim loss = 764.804, time = 0.210 s
126/1000, rel loss = 95989.394, time = 1.459 s
127/1000, sim loss = 760.501, time = 0.212 s
128/1000, rel loss = 94951.419, time = 1.454 s
129/1000, sim loss = 756.268, time = 0.214 s
130/1000, rel loss = 94011.074, time = 1.451 s
131/1000, sim loss = 752.129, time = 0.212 s
132/1000, rel loss = 93047.513, time = 1.460 s
133/1000, sim loss = 748.093, time = 0.211 s
134/1000, rel loss = 92106.576, time = 1.460 s
135/1000, sim loss = 744.139, time = 0.214 s
136/1000, rel loss = 91215.531, time = 1.449 s
137/1000, sim loss = 740.250, time = 0.210 s
138/1000, rel loss = 90323.162, time = 1.448 s
139/1000, sim loss = 736.448, time = 0.214 s
140/1000, rel loss = 89432.415, time = 1.460 s
141/1000, sim loss = 732.718, time = 0.212 s
142/1000, rel loss = 88519.584, time = 1.463 s
143/1000, sim loss = 729.093, time = 0.210 s
144/1000, rel loss = 87681.143, time = 1.479 s
145/1000, sim loss = 725.515, time = 0.217 s
146/1000, rel loss = 86843.812, time = 1.469 s
147/1000, sim loss = 722.012, time = 0.212 s
148/1000, rel loss = 86081.737, time = 1.478 s
149/1000, sim loss = 718.569, time = 0.212 s
150/1000, rel loss = 85280.111, time = 1.452 s
151/1000, sim loss = 715.195, time = 0.219 s
152/1000, rel loss = 84518.060, time = 1.453 s
153/1000, sim loss = 711.898, time = 0.214 s
154/1000, rel loss = 83720.845, time = 1.462 s
155/1000, sim loss = 708.659, time = 0.211 s
156/1000, rel loss = 82954.561, time = 1.454 s
157/1000, sim loss = 705.479, time = 0.211 s
158/1000, rel loss = 82258.289, time = 1.455 s
159/1000, sim loss = 702.376, time = 0.217 s
160/1000, rel loss = 81500.492, time = 1.449 s
161/1000, sim loss = 699.297, time = 0.212 s
162/1000, rel loss = 80868.462, time = 1.441 s
163/1000, sim loss = 696.295, time = 0.214 s
164/1000, rel loss = 80133.814, time = 1.461 s
165/1000, sim loss = 693.359, time = 0.219 s
166/1000, rel loss = 79515.385, time = 1.459 s
167/1000, sim loss = 690.486, time = 0.214 s
168/1000, rel loss = 78839.567, time = 1.490 s
169/1000, sim loss = 687.666, time = 0.219 s
170/1000, rel loss = 78153.470, time = 1.453 s
171/1000, sim loss = 684.885, time = 0.212 s
172/1000, rel loss = 77561.918, time = 1.456 s
173/1000, sim loss = 682.165, time = 0.211 s
174/1000, rel loss = 76891.714, time = 1.448 s
175/1000, sim loss = 679.471, time = 0.213 s
176/1000, rel loss = 76320.331, time = 1.466 s
177/1000, sim loss = 676.874, time = 0.212 s
178/1000, rel loss = 75630.553, time = 1.467 s
179/1000, sim loss = 674.311, time = 0.211 s
180/1000, rel loss = 75159.505, time = 1.459 s
181/1000, sim loss = 671.788, time = 0.214 s
182/1000, rel loss = 74558.547, time = 1.476 s
183/1000, sim loss = 669.312, time = 0.210 s
184/1000, rel loss = 73984.490, time = 1.453 s
185/1000, sim loss = 666.853, time = 0.210 s
186/1000, rel loss = 73430.094, time = 1.462 s
187/1000, sim loss = 664.429, time = 0.212 s
188/1000, rel loss = 72824.226, time = 1.460 s
189/1000, sim loss = 662.066, time = 0.214 s
190/1000, rel loss = 72380.358, time = 1.471 s
191/1000, sim loss = 659.729, time = 0.212 s
192/1000, rel loss = 71799.803, time = 1.457 s
193/1000, sim loss = 657.462, time = 0.212 s
194/1000, rel loss = 71246.699, time = 1.467 s
195/1000, sim loss = 655.201, time = 0.214 s
196/1000, rel loss = 70728.049, time = 1.467 s
197/1000, sim loss = 652.985, time = 0.214 s
198/1000, rel loss = 70289.684, time = 1.466 s
199/1000, sim loss = 650.830, time = 0.212 s
200/1000, rel loss = 69769.514, time = 1.454 s
201/1000, sim loss = 648.707, time = 0.211 s
202/1000, rel loss = 69257.158, time = 1.449 s
203/1000, sim loss = 646.612, time = 0.217 s
204/1000, rel loss = 68825.415, time = 1.457 s
205/1000, sim loss = 644.542, time = 0.214 s
206/1000, rel loss = 68293.727, time = 1.464 s
207/1000, sim loss = 642.536, time = 0.212 s
208/1000, rel loss = 67836.248, time = 1.457 s
209/1000, sim loss = 640.558, time = 0.213 s
210/1000, rel loss = 67370.322, time = 1.468 s
211/1000, sim loss = 638.584, time = 0.212 s
212/1000, rel loss = 66983.433, time = 1.460 s
213/1000, sim loss = 636.658, time = 0.221 s
214/1000, rel loss = 66540.240, time = 1.459 s
215/1000, sim loss = 634.793, time = 0.215 s
216/1000, rel loss = 66058.591, time = 1.477 s
217/1000, sim loss = 632.935, time = 0.214 s
218/1000, rel loss = 65648.630, time = 1.460 s
219/1000, sim loss = 631.107, time = 0.213 s
220/1000, rel loss = 65230.169, time = 1.466 s
221/1000, sim loss = 629.303, time = 0.214 s
222/1000, rel loss = 64863.806, time = 1.471 s
223/1000, sim loss = 627.536, time = 0.211 s
224/1000, rel loss = 64405.910, time = 1.470 s
225/1000, sim loss = 625.778, time = 0.218 s
226/1000, rel loss = 64074.090, time = 1.458 s
227/1000, sim loss = 624.028, time = 0.213 s
228/1000, rel loss = 63609.478, time = 1.465 s
229/1000, sim loss = 622.344, time = 0.210 s
230/1000, rel loss = 63223.746, time = 1.461 s
231/1000, sim loss = 620.687, time = 0.212 s
232/1000, rel loss = 62880.811, time = 1.471 s
233/1000, sim loss = 619.059, time = 0.219 s
234/1000, rel loss = 62496.965, time = 1.460 s
235/1000, sim loss = 617.470, time = 0.214 s
236/1000, rel loss = 62074.641, time = 1.463 s
237/1000, sim loss = 615.877, time = 0.212 s
238/1000, rel loss = 61735.177, time = 1.459 s
239/1000, sim loss = 614.314, time = 0.217 s
240/1000, rel loss = 61383.493, time = 1.458 s
241/1000, sim loss = 612.794, time = 0.216 s
242/1000, rel loss = 61073.235, time = 1.451 s
243/1000, sim loss = 611.275, time = 0.211 s
244/1000, rel loss = 60673.992, time = 1.474 s
245/1000, sim loss = 609.775, time = 0.214 s
246/1000, rel loss = 60352.526, time = 1.462 s
247/1000, sim loss = 608.313, time = 0.218 s
248/1000, rel loss = 59995.544, time = 1.459 s
249/1000, sim loss = 606.874, time = 0.214 s
250/1000, rel loss = 59614.845, time = 1.458 s
251/1000, sim loss = 605.448, time = 0.219 s
252/1000, rel loss = 59363.456, time = 1.456 s
253/1000, sim loss = 604.037, time = 0.214 s
254/1000, rel loss = 59006.534, time = 1.466 s
255/1000, sim loss = 602.677, time = 0.217 s
256/1000, rel loss = 58681.485, time = 1.465 s
257/1000, sim loss = 601.320, time = 0.212 s
258/1000, rel loss = 58398.835, time = 1.458 s
259/1000, sim loss = 599.976, time = 0.214 s
260/1000, rel loss = 58030.958, time = 1.464 s
261/1000, sim loss = 598.658, time = 0.215 s
262/1000, rel loss = 57832.025, time = 1.456 s
263/1000, sim loss = 597.360, time = 0.213 s
264/1000, rel loss = 57468.010, time = 1.471 s
265/1000, sim loss = 596.062, time = 0.211 s
266/1000, rel loss = 57162.528, time = 1.456 s
267/1000, sim loss = 594.789, time = 0.216 s
268/1000, rel loss = 56857.264, time = 1.457 s
269/1000, sim loss = 593.534, time = 0.215 s
270/1000, rel loss = 56564.470, time = 1.477 s
271/1000, sim loss = 592.305, time = 0.211 s
272/1000, rel loss = 56338.440, time = 1.463 s
273/1000, sim loss = 591.078, time = 0.212 s
274/1000, rel loss = 56029.401, time = 1.463 s
275/1000, sim loss = 589.888, time = 0.217 s
276/1000, rel loss = 55813.494, time = 1.458 s
277/1000, sim loss = 588.695, time = 0.211 s
278/1000, rel loss = 55526.691, time = 1.454 s
279/1000, sim loss = 587.548, time = 0.216 s
280/1000, rel loss = 55227.892, time = 1.464 s
281/1000, sim loss = 586.390, time = 0.218 s
282/1000, rel loss = 54952.323, time = 1.458 s
283/1000, sim loss = 585.252, time = 0.211 s
284/1000, rel loss = 54727.156, time = 1.514 s
285/1000, sim loss = 584.128, time = 0.214 s
286/1000, rel loss = 54511.712, time = 1.451 s
287/1000, sim loss = 583.025, time = 0.211 s
288/1000, rel loss = 54186.313, time = 1.462 s
289/1000, sim loss = 581.932, time = 0.211 s
290/1000, rel loss = 53971.541, time = 1.476 s
291/1000, sim loss = 580.846, time = 0.211 s
292/1000, rel loss = 53699.534, time = 1.455 s
293/1000, sim loss = 579.784, time = 0.212 s
294/1000, rel loss = 53454.862, time = 1.465 s
295/1000, sim loss = 578.746, time = 0.211 s
296/1000, rel loss = 53195.648, time = 1.452 s
297/1000, sim loss = 577.710, time = 0.215 s
298/1000, rel loss = 52911.307, time = 1.466 s
299/1000, sim loss = 576.690, time = 0.218 s
300/1000, rel loss = 52776.781, time = 1.456 s
X-EN: acc of top [1, 10, 50, 100] = [ 0.4083  0.7288  0.8732  0.9163], mean = 85.291, mrr = 0.517, time = 5.730 s 
EN-X: acc of top [1, 10, 50, 100] = [ 0.3927  0.705   0.8576  0.903 ], mean = 90.279, mrr = 0.498, time = 5.575 s 
301/1000, sim loss = 575.708, time = 0.219 s
302/1000, rel loss = 52470.898, time = 1.482 s
303/1000, sim loss = 574.729, time = 0.214 s
304/1000, rel loss = 52225.181, time = 1.484 s
305/1000, sim loss = 573.754, time = 0.216 s
306/1000, rel loss = 52040.019, time = 1.490 s
307/1000, sim loss = 572.800, time = 0.216 s
308/1000, rel loss = 51793.259, time = 1.475 s
309/1000, sim loss = 571.833, time = 0.214 s
310/1000, rel loss = 51580.043, time = 1.492 s
X-EN: acc of top [1, 10, 50, 100] = [ 0.4103  0.7307  0.8749  0.919 ], mean = 82.654, mrr = 0.519, time = 5.569 s 
EN-X: acc of top [1, 10, 50, 100] = [ 0.3952  0.706   0.859   0.905 ], mean = 87.690, mrr = 0.501, time = 5.579 s 
311/1000, sim loss = 570.887, time = 0.220 s
312/1000, rel loss = 51383.879, time = 1.470 s
313/1000, sim loss = 569.976, time = 0.216 s
314/1000, rel loss = 51140.909, time = 1.443 s
315/1000, sim loss = 569.067, time = 0.215 s
316/1000, rel loss = 50962.726, time = 1.459 s
317/1000, sim loss = 568.162, time = 0.215 s
318/1000, rel loss = 50738.208, time = 1.460 s
319/1000, sim loss = 567.279, time = 0.213 s
320/1000, rel loss = 50550.986, time = 1.473 s
X-EN: acc of top [1, 10, 50, 100] = [ 0.411   0.7323  0.8774  0.9204], mean = 80.266, mrr = 0.521, time = 5.576 s 
EN-X: acc of top [1, 10, 50, 100] = [ 0.398   0.7083  0.8596  0.9065], mean = 85.414, mrr = 0.503, time = 5.586 s 
321/1000, sim loss = 566.391, time = 0.218 s
322/1000, rel loss = 50264.223, time = 1.477 s
323/1000, sim loss = 565.513, time = 0.215 s
324/1000, rel loss = 50100.422, time = 1.461 s
325/1000, sim loss = 564.661, time = 0.213 s
326/1000, rel loss = 49892.676, time = 1.472 s
327/1000, sim loss = 563.804, time = 0.217 s
328/1000, rel loss = 49679.421, time = 1.465 s
329/1000, sim loss = 562.957, time = 0.212 s
330/1000, rel loss = 49555.804, time = 1.470 s
X-EN: acc of top [1, 10, 50, 100] = [ 0.4114  0.735   0.8784  0.9217], mean = 78.231, mrr = 0.521, time = 5.574 s 
EN-X: acc of top [1, 10, 50, 100] = [ 0.3982  0.7092  0.8613  0.9075], mean = 83.374, mrr = 0.503, time = 5.584 s 
331/1000, sim loss = 562.143, time = 0.223 s
332/1000, rel loss = 49278.714, time = 1.471 s
333/1000, sim loss = 561.301, time = 0.214 s
334/1000, rel loss = 49121.172, time = 1.479 s
335/1000, sim loss = 560.480, time = 0.217 s
336/1000, rel loss = 48942.913, time = 1.462 s
337/1000, sim loss = 559.678, time = 0.218 s
338/1000, rel loss = 48684.400, time = 1.490 s
339/1000, sim loss = 558.878, time = 0.221 s
340/1000, rel loss = 48532.069, time = 1.475 s
X-EN: acc of top [1, 10, 50, 100] = [ 0.4134  0.7364  0.8801  0.9224], mean = 76.228, mrr = 0.523, time = 5.607 s 
EN-X: acc of top [1, 10, 50, 100] = [ 0.4004  0.7093  0.8631  0.9087], mean = 81.392, mrr = 0.505, time = 5.632 s 
341/1000, sim loss = 558.087, time = 0.222 s
342/1000, rel loss = 48401.905, time = 1.493 s
343/1000, sim loss = 557.320, time = 0.219 s
344/1000, rel loss = 48164.236, time = 1.495 s
345/1000, sim loss = 556.560, time = 0.215 s
346/1000, rel loss = 48033.719, time = 1.518 s
347/1000, sim loss = 555.809, time = 0.226 s
348/1000, rel loss = 47809.107, time = 1.511 s
349/1000, sim loss = 555.074, time = 0.222 s
350/1000, rel loss = 47743.127, time = 1.501 s
X-EN: acc of top [1, 10, 50, 100] = [ 0.4141  0.736   0.8815  0.9239], mean = 74.307, mrr = 0.525, time = 5.627 s 
EN-X: acc of top [1, 10, 50, 100] = [ 0.4011  0.711   0.8639  0.9093], mean = 79.462, mrr = 0.506, time = 5.685 s 
351/1000, sim loss = 554.328, time = 0.216 s
352/1000, rel loss = 47505.210, time = 1.473 s
353/1000, sim loss = 553.610, time = 0.217 s
354/1000, rel loss = 47323.454, time = 1.476 s
355/1000, sim loss = 552.893, time = 0.221 s
356/1000, rel loss = 47151.768, time = 1.540 s
357/1000, sim loss = 552.187, time = 0.219 s
358/1000, rel loss = 46966.666, time = 1.494 s
359/1000, sim loss = 551.476, time = 0.213 s
360/1000, rel loss = 46799.406, time = 1.503 s
X-EN: acc of top [1, 10, 50, 100] = [ 0.4142  0.7369  0.883   0.9257], mean = 72.736, mrr = 0.525, time = 5.592 s 
EN-X: acc of top [1, 10, 50, 100] = [ 0.4027  0.7122  0.8651  0.911 ], mean = 77.827, mrr = 0.508, time = 5.659 s 
361/1000, sim loss = 550.775, time = 0.216 s
362/1000, rel loss = 46675.149, time = 1.507 s
363/1000, sim loss = 550.094, time = 0.217 s
364/1000, rel loss = 46492.536, time = 1.516 s
365/1000, sim loss = 549.423, time = 0.224 s
366/1000, rel loss = 46378.231, time = 1.552 s
367/1000, sim loss = 548.761, time = 0.211 s
368/1000, rel loss = 46247.657, time = 1.562 s
369/1000, sim loss = 548.093, time = 0.214 s
370/1000, rel loss = 46014.003, time = 1.537 s
X-EN: acc of top [1, 10, 50, 100] = [ 0.4137  0.7379  0.8841  0.9263], mean = 71.167, mrr = 0.525, time = 5.704 s 
EN-X: acc of top [1, 10, 50, 100] = [ 0.4031  0.7122  0.8661  0.9116], mean = 76.312, mrr = 0.508, time = 5.588 s 
371/1000, sim loss = 547.435, time = 0.219 s
372/1000, rel loss = 45830.152, time = 1.492 s
373/1000, sim loss = 546.780, time = 0.209 s
374/1000, rel loss = 45676.505, time = 1.492 s
375/1000, sim loss = 546.133, time = 0.218 s
376/1000, rel loss = 45551.462, time = 1.497 s
377/1000, sim loss = 545.494, time = 0.209 s
378/1000, rel loss = 45417.698, time = 1.481 s
379/1000, sim loss = 544.852, time = 0.209 s
380/1000, rel loss = 45266.046, time = 1.497 s
X-EN: acc of top [1, 10, 50, 100] = [ 0.4144  0.7386  0.8843  0.928 ], mean = 69.797, mrr = 0.526, time = 5.575 s 
EN-X: acc of top [1, 10, 50, 100] = [ 0.4034  0.7126  0.8672  0.9122], mean = 74.909, mrr = 0.508, time = 5.584 s 
381/1000, sim loss = 544.221, time = 0.226 s
382/1000, rel loss = 45044.515, time = 1.485 s
383/1000, sim loss = 543.620, time = 0.221 s
384/1000, rel loss = 44891.356, time = 2.460 s
385/1000, sim loss = 543.003, time = 0.224 s
386/1000, rel loss = 44788.525, time = 1.486 s
387/1000, sim loss = 542.409, time = 0.222 s
388/1000, rel loss = 44729.165, time = 1.498 s
389/1000, sim loss = 541.823, time = 0.220 s
390/1000, rel loss = 44546.296, time = 1.491 s
X-EN: acc of top [1, 10, 50, 100] = [ 0.4156  0.7387  0.8854  0.9292], mean = 68.389, mrr = 0.527, time = 5.586 s 
EN-X: acc of top [1, 10, 50, 100] = [ 0.403   0.7133  0.8672  0.9126], mean = 73.660, mrr = 0.509, time = 5.579 s 
391/1000, sim loss = 541.243, time = 0.225 s
392/1000, rel loss = 44402.532, time = 1.489 s
393/1000, sim loss = 540.674, time = 0.215 s
394/1000, rel loss = 44257.897, time = 1.506 s
395/1000, sim loss = 540.084, time = 0.220 s
396/1000, rel loss = 44189.218, time = 1.488 s
397/1000, sim loss = 539.528, time = 0.215 s
398/1000, rel loss = 43987.047, time = 1.507 s
399/1000, sim loss = 538.959, time = 0.215 s
400/1000, rel loss = 43870.684, time = 1.501 s
X-EN: acc of top [1, 10, 50, 100] = [ 0.4146  0.7397  0.8869  0.9299], mean = 67.248, mrr = 0.526, time = 5.583 s 
EN-X: acc of top [1, 10, 50, 100] = [ 0.4026  0.715   0.8676  0.9134], mean = 72.463, mrr = 0.509, time = 5.588 s 
401/1000, sim loss = 538.388, time = 0.225 s
402/1000, rel loss = 43758.561, time = 1.507 s
403/1000, sim loss = 537.832, time = 0.215 s
404/1000, rel loss = 43571.853, time = 1.487 s
405/1000, sim loss = 537.294, time = 0.217 s
406/1000, rel loss = 43494.591, time = 1.486 s
407/1000, sim loss = 536.761, time = 0.224 s
408/1000, rel loss = 43312.433, time = 1.469 s
409/1000, sim loss = 536.226, time = 0.217 s
410/1000, rel loss = 43174.811, time = 1.486 s
X-EN: acc of top [1, 10, 50, 100] = [ 0.4136  0.7414  0.8865  0.9309], mean = 65.900, mrr = 0.526, time = 5.581 s 
EN-X: acc of top [1, 10, 50, 100] = [ 0.403   0.7146  0.8683  0.915 ], mean = 71.190, mrr = 0.509, time = 5.591 s 
total time = 522.448 s

